sbox:	1100 0101 0110 1011 1001 0000 1010 1101 0011 1110 1111 1000 0100 0111 0001 0010 
y3 = 0  1  3  12  012  013  023  4  
y2 = 2  3  01  03  13  013  023  4  
y1 = 1  3  13  23  012  013  023  
y0 = 0  2  3  12  
e_sbox:	1101 0101 0110 1011 1001 0000 1010 1101 0011 1110 1111 1000 0100 0111 0001 0010 
y3' = 0  1  3  12  012  013  023  4  
y2' = 2  3  01  03  13  013  023  4  
y1' = 1  3  13  23  012  013  023  
y0' = 1  01  02  03  13  23  012  013  023  123  0123  4  
Max time :	3600
PRESENT_MODE:	128
SAT_MODE:	0
	SBOX_MODE:	101
	KSR_HAVEERROR:	0
	ENCYPT_HAVEERROR:	1
AnalysesRounds:	10
MinCiphers:	40
MaxCiphers:	60
Threads:	1
Master_key:	00011101111100110001011011100010011111001111001001000110100101011100110000100011111000010011010100111110110011110011110111010001
---------------------------------------------------------------------------------------------------
num_cipher:	40
	Total vars:	138552
	Total clauses:	306642
	Test == masterkey, spend 33338562 clocks.
	Not solved within 3600 seconds, Have 0 results.
num_cipher:	41
	Total vars:	141992
	Total clauses:	314258
	Test == masterkey, spend 27390809 clocks.
	Not solved within 3600 seconds, Have 0 results.
num_cipher:	42
	Total vars:	145432
	Total clauses:	321874
	Test == masterkey, spend 37525896 clocks.
	Not solved within 3600 seconds, Have 0 results.
num_cipher:	43
	Total vars:	148872
	Total clauses:	329490
	Test == masterkey, spend 38407775 clocks.
	Not solved within 3600 seconds, Have 0 results.
num_cipher:	44
	Total vars:	152312
	Total clauses:	337106
	Test == masterkey, spend 37150954 clocks.
	Not solved within 3600 seconds, Have 0 results.
num_cipher:	45
	Total vars:	155752
	Total clauses:	344722
	Test == masterkey, spend 39035482 clocks.
	Not solved within 3600 seconds, Have 0 results.
num_cipher:	46
	Total vars:	159192
	Total clauses:	352338
	Test == masterkey, spend 42635608 clocks.
	Not solved within 3600 seconds, Have 0 results.
num_cipher:	47
	Total vars:	162632
	Total clauses:	359954
	Test == masterkey, spend 41365940 clocks.
	Not solved within 3600 seconds, Have 0 results.
num_cipher:	48
	Total vars:	166072
	Total clauses:	367570
	Test == masterkey, spend 44637598 clocks.
	Not solved within 3600 seconds, Have 0 results.
num_cipher:	49
	Total vars:	169512
	Total clauses:	375186
	Test == masterkey, spend 48155688 clocks.
	Not solved within 3600 seconds, Have 0 results.
num_cipher:	50
	Total vars:	172952
	Total clauses:	382802
	Test == masterkey, spend 39816647 clocks.
	Not solved within 3600 seconds, Have 0 results.
num_cipher:	51
	Total vars:	176392
	Total clauses:	390418
	Test == masterkey, spend 52069516 clocks.
	Not solved within 3600 seconds, Have 0 results.
num_cipher:	52
	Total vars:	179832
	Total clauses:	398034
	Test == masterkey, spend 52509107 clocks.
	Not solved within 3600 seconds, Have 0 results.
num_cipher:	53
	Total vars:	183272
	Total clauses:	405650
	Test == masterkey, spend 52722596 clocks.
	Not solved within 3600 seconds, Have 0 results.
num_cipher:	54
	Total vars:	186712
	Total clauses:	413266
	Test == masterkey, spend 57007953 clocks.
	Not solved within 3600 seconds, Have 0 results.
num_cipher:	55
	Total vars:	190152
	Total clauses:	420882
	Test == masterkey, spend 58835460 clocks.
	Not solved within 3600 seconds, Have 0 results.
num_cipher:	56
	Total vars:	193592
	Total clauses:	428498
	Test == masterkey, spend 57686172 clocks.
	Not solved within 3600 seconds, Have 0 results.
num_cipher:	57
	Total vars:	197032
	Total clauses:	436114
	Test == masterkey, spend 56808080 clocks.
	Not solved within 3600 seconds, Have 0 results.
num_cipher:	58
	Total vars:	200472
	Total clauses:	443730
	Test == masterkey, spend 61334094 clocks.
	Not solved within 3600 seconds, Have 0 results.
num_cipher:	59
	Total vars:	203912
	Total clauses:	451346
	Test == masterkey, spend 65375846 clocks.
	Not solved within 3600 seconds, Have 0 results.
num_cipher:	60
	Total vars:	207352
	Total clauses:	458962
	Test == masterkey, spend 61351101 clocks.
	Not solved within 3600 seconds, Have 0 results.
---------------------------------------------------------------------------------------------------
	Command being timed: "./bin/present128 1 10 40 60"
	User time (seconds): 76623.70
	System time (seconds): 97.18
	Percent of CPU this job got: 99%
	Elapsed (wall clock) time (h:mm:ss or m:ss): 21:18:53
	Average shared text size (kbytes): 0
	Average unshared data size (kbytes): 0
	Average stack size (kbytes): 0
	Average total size (kbytes): 0
	Maximum resident set size (kbytes): 358244
	Average resident set size (kbytes): 0
	Major (requiring I/O) page faults: 0
	Minor (reclaiming a frame) page faults: 1551806
	Voluntary context switches: 1
	Involuntary context switches: 132225
	Swaps: 0
	File system inputs: 0
	File system outputs: 352
	Socket messages sent: 0
	Socket messages received: 0
	Signals delivered: 0
	Page size (bytes): 4096
	Exit status: 0
