sbox:	1100 0101 0110 1011 1001 0000 1010 1101 0011 1110 1111 1000 0100 0111 0001 0010 
y3 = 0  1  3  12  012  013  023  4  
y2 = 2  3  01  03  13  013  023  4  
y1 = 1  3  13  23  012  013  023  
y0 = 0  2  3  12  
e_sbox:	1101 0101 0110 1011 1001 0000 1010 1101 0011 1110 1111 1000 0100 0111 0001 0010 
y3' = 0  1  3  12  012  013  023  4  
y2' = 2  3  01  03  13  013  023  4  
y1' = 1  3  13  23  012  013  023  
y0' = 1  01  02  03  13  23  012  013  023  123  0123  4  
Max time :	3600
PRESENT_MODE:	128
SAT_MODE:	0
	SBOX_MODE:	101
	KSR_HAVEERROR:	0
	ENCYPT_HAVEERROR:	1
AnalysesRounds:	10
MinCiphers:	32
MaxCiphers:	50
Threads:	1
Master_key:	00011101111100110001011011100010011111001111001001000110100101011100110000100011111000010011010100111110110011110011110111010001
---------------------------------------------------------------------------------------------------
num_cipher:	32
	Total vars:	111032
	Total clauses:	245714
	Test == masterkey, spend 24011111 clocks.
	Not solved within 3600 seconds, Have 0 results.
num_cipher:	33
	Total vars:	114472
	Total clauses:	253330
	Test == masterkey, spend 26947211 clocks.
	Not solved within 3600 seconds, Have 0 results.
num_cipher:	34
	Total vars:	117912
	Total clauses:	260946
	Test == masterkey, spend 27623728 clocks.
	Not solved within 3600 seconds, Have 0 results.
num_cipher:	35
	Total vars:	121352
	Total clauses:	268562
	Test == masterkey, spend 31592369 clocks.
	Not solved within 3600 seconds, Have 0 results.
num_cipher:	36
	Total vars:	124792
	Total clauses:	276178
	Test == masterkey, spend 28791719 clocks.
	Not solved within 3600 seconds, Have 0 results.
num_cipher:	37
	Total vars:	128232
	Total clauses:	283794
	Test == masterkey, spend 30673180 clocks.
	Not solved within 3600 seconds, Have 0 results.
num_cipher:	38
	Total vars:	131672
	Total clauses:	291410
	Test == masterkey, spend 35494066 clocks.
	Not solved within 3600 seconds, Have 0 results.
num_cipher:	39
	Total vars:	135112
	Total clauses:	299026
	Test == masterkey, spend 39169160 clocks.
	Not solved within 3600 seconds, Have 0 results.
num_cipher:	40
	Total vars:	138552
	Total clauses:	306642
	Test == masterkey, spend 31243364 clocks.
	Not solved within 3600 seconds, Have 0 results.
num_cipher:	41
	Total vars:	141992
	Total clauses:	314258
	Test == masterkey, spend 40773496 clocks.
	Not solved within 3600 seconds, Have 0 results.
num_cipher:	42
	Total vars:	145432
	Total clauses:	321874
	Test == masterkey, spend 42504791 clocks.
	Not solved within 3600 seconds, Have 0 results.
num_cipher:	43
	Total vars:	148872
	Total clauses:	329490
	Test == masterkey, spend 43366956 clocks.
	Not solved within 3600 seconds, Have 0 results.
num_cipher:	44
	Total vars:	152312
	Total clauses:	337106
	Test == masterkey, spend 44093998 clocks.
	Not solved within 3600 seconds, Have 0 results.
num_cipher:	45
	Total vars:	155752
	Total clauses:	344722
	Test == masterkey, spend 45901650 clocks.
	Not solved within 3600 seconds, Have 0 results.
num_cipher:	46
	Total vars:	159192
	Total clauses:	352338
	Test == masterkey, spend 45352996 clocks.
	Not solved within 3600 seconds, Have 0 results.
num_cipher:	47
	Total vars:	162632
	Total clauses:	359954
	Test == masterkey, spend 46600337 clocks.
	Not solved within 3600 seconds, Have 0 results.
num_cipher:	48
	Total vars:	166072
	Total clauses:	367570
	Test == masterkey, spend 49734614 clocks.
	Not solved within 3600 seconds, Have 0 results.
num_cipher:	49
	Total vars:	169512
	Total clauses:	375186
	Test == masterkey, spend 45757620 clocks.
	Not solved within 3600 seconds, Have 0 results.
num_cipher:	50
	Total vars:	172952
	Total clauses:	382802
	Test == masterkey, spend 49475453 clocks.
	Not solved within 3600 seconds, Have 0 results.
---------------------------------------------------------------------------------------------------
	Command being timed: "./bin/present128 1 10 32 50"
	User time (seconds): 69143.17
	System time (seconds): 123.60
	Percent of CPU this job got: 99%
	Elapsed (wall clock) time (h:mm:ss or m:ss): 19:14:56
	Average shared text size (kbytes): 0
	Average unshared data size (kbytes): 0
	Average stack size (kbytes): 0
	Average total size (kbytes): 0
	Maximum resident set size (kbytes): 306532
	Average resident set size (kbytes): 0
	Major (requiring I/O) page faults: 0
	Minor (reclaiming a frame) page faults: 2557353
	Voluntary context switches: 1
	Involuntary context switches: 135151
	Swaps: 0
	File system inputs: 0
	File system outputs: 312
	Socket messages sent: 0
	Socket messages received: 0
	Signals delivered: 0
	Page size (bytes): 4096
	Exit status: 0
