sbox:	1100 0101 0110 1011 1001 0000 1010 1101 0011 1110 1111 1000 0100 0111 0001 0010 
y3 = 0  1  3  12  012  013  023  4  
y2 = 2  3  01  03  13  013  023  4  
y1 = 1  3  13  23  012  013  023  
y0 = 0  2  3  12  
e_sbox:	1101 0101 0110 1011 1001 0000 1010 1101 0011 1110 1111 1000 0100 0111 0001 0010 
y3' = 0  1  3  12  012  013  023  4  
y2' = 2  3  01  03  13  013  023  4  
y1' = 1  3  13  23  012  013  023  
y0' = 1  01  02  03  13  23  012  013  023  123  0123  4  
Max time :	3600
PRESENT_MODE:	128
SAT_MODE:	0
	SBOX_MODE:	101
	KSR_HAVEERROR:	0
	ENCYPT_HAVEERROR:	1
AnalysesRounds:	10
MinCiphers:	45
MaxCiphers:	60
Threads:	1
Master_key:	00011101111100110001011011100010011111001111001001000110100101011100110000100011111000010011010100111110110011110011110111010001
---------------------------------------------------------------------------------------------------
num_cipher:	45
	Total vars:	155752
	Total clauses:	344722
	Test == masterkey, spend 39737120 clocks.
	Not solved within 3600 seconds, Have 0 results.
num_cipher:	46
	Total vars:	159192
	Total clauses:	352338
	Test == masterkey, spend 40055052 clocks.
	Not solved within 3600 seconds, Have 0 results.
num_cipher:	47
	Total vars:	162632
	Total clauses:	359954
	Test == masterkey, spend 40486878 clocks.
	Not solved within 3600 seconds, Have 0 results.
num_cipher:	48
	Total vars:	166072
	Total clauses:	367570
	Test == masterkey, spend 42560183 clocks.
	Not solved within 3600 seconds, Have 0 results.
num_cipher:	49
	Total vars:	169512
	Total clauses:	375186
	Test == masterkey, spend 44110823 clocks.
	Not solved within 3600 seconds, Have 0 results.
num_cipher:	50
	Total vars:	172952
	Total clauses:	382802
	Test == masterkey, spend 44842388 clocks.
	Not solved within 3600 seconds, Have 0 results.
num_cipher:	51
	Total vars:	176392
	Total clauses:	390418
	Test == masterkey, spend 44688684 clocks.
	Not solved within 3600 seconds, Have 0 results.
num_cipher:	52
	Total vars:	179832
	Total clauses:	398034
	Test == masterkey, spend 52275576 clocks.
解得主密钥:  1	00011101111100110001011011100010011111001111001001000110100101011100110000100011111000010011010100111110110011110011110111010001
	Have 1 results, spent 3172023489 clocks.
---------------------------------------------------------------------------------------------------
求得唯一解！
numAnalysesRounds:	10
startRound:	22
---------------------------------------------------------------------------------------------------
	Command being timed: "./bin/present128 1 10 45 60"
	User time (seconds): 28722.41
	System time (seconds): 31.48
	Percent of CPU this job got: 99%
	Elapsed (wall clock) time (h:mm:ss or m:ss): 7:59:19
	Average shared text size (kbytes): 0
	Average unshared data size (kbytes): 0
	Average stack size (kbytes): 0
	Average total size (kbytes): 0
	Maximum resident set size (kbytes): 312888
	Average resident set size (kbytes): 0
	Major (requiring I/O) page faults: 0
	Minor (reclaiming a frame) page faults: 521350
	Voluntary context switches: 2
	Involuntary context switches: 56107
	Swaps: 0
	File system inputs: 0
	File system outputs: 136
	Socket messages sent: 0
	Socket messages received: 0
	Signals delivered: 0
	Page size (bytes): 4096
	Exit status: 0
