sbox:	1100 0101 0110 1011 1001 0000 1010 1101 0011 1110 1111 1000 0100 0111 0001 0010 
y3 = 0  1  3  12  012  013  023  4  
y2 = 2  3  01  03  13  013  023  4  
y1 = 1  3  13  23  012  013  023  
y0 = 0  2  3  12  
e_sbox:	1101 0101 0110 1011 1001 0000 1010 1101 0011 1110 1111 1000 0100 0111 0001 0010 
y3' = 0  1  3  12  012  013  023  4  
y2' = 2  3  01  03  13  013  023  4  
y1' = 1  3  13  23  012  013  023  
y0' = 1  01  02  03  13  23  012  013  023  123  0123  4  
Max time :	3600
PRESENT_MODE:	128
SAT_MODE:	0
	SBOX_MODE:	101
	KSR_HAVEERROR:	0
	ENCYPT_HAVEERROR:	1
AnalysesRounds:	11
MinCiphers:	40
MaxCiphers:	60
Threads:	1
Master_key:	00011101111100110001011011100010011111001111001001000110100101011100110000100011111000010011010100111110110011110011110111010001
---------------------------------------------------------------------------------------------------
num_cipher:	40
	Total vars:	153272
	Total clauses:	339922
	Test == masterkey, spend 37307811 clocks.
	Not solved within 3600 seconds, Have 0 results.
num_cipher:	41
	Total vars:	157080
	Total clauses:	348370
	Test == masterkey, spend 40715005 clocks.
	Not solved within 3600 seconds, Have 0 results.
num_cipher:	42
	Total vars:	160888
	Total clauses:	356818
	Test == masterkey, spend 45162169 clocks.
	Not solved within 3600 seconds, Have 0 results.
num_cipher:	43
	Total vars:	164696
	Total clauses:	365266
	Test == masterkey, spend 48166252 clocks.
	Not solved within 3600 seconds, Have 0 results.
num_cipher:	44
	Total vars:	168504
	Total clauses:	373714
	Test == masterkey, spend 49924379 clocks.
	Not solved within 3600 seconds, Have 0 results.
num_cipher:	45
	Total vars:	172312
	Total clauses:	382162
	Test == masterkey, spend 52565412 clocks.
	Not solved within 3600 seconds, Have 0 results.
num_cipher:	46
	Total vars:	176120
	Total clauses:	390610
	Test == masterkey, spend 53346182 clocks.

    end
