sbox:	1100 0101 0110 1011 1001 0000 1010 1101 0011 1110 1111 1000 0100 0111 0001 0010 
y3 = 0  1  3  12  012  013  023  4  
y2 = 2  3  01  03  13  013  023  4  
y1 = 1  3  13  23  012  013  023  
y0 = 0  2  3  12  
e_sbox:	1101 0101 0110 1011 1001 0000 1010 1101 0011 1110 1111 1000 0100 0111 0001 0010 
y3' = 0  1  3  12  012  013  023  4  
y2' = 2  3  01  03  13  013  023  4  
y1' = 1  3  13  23  012  013  023  
y0' = 1  01  02  03  13  23  012  013  023  123  0123  4  
Max time :	3600
PRESENT_MODE:	128
SAT_MODE:	0
	SBOX_MODE:	101
	KSR_HAVEERROR:	0
	ENCYPT_HAVEERROR:	1
AnalysesRounds:	11
MinCiphers:	51
MaxCiphers:	60
Threads:	1
Master_key:	00011101111100110001011011100010011111001111001001000110100101011100110000100011111000010011010100111110110011110011110111010001
---------------------------------------------------------------------------------------------------
num_cipher:	51
	Total vars:	195160
	Total clauses:	432850
	Test == masterkey, spend 83799259 clocks.
	Not solved within 3600 seconds, Have 0 results.
num_cipher:	52
	Total vars:	198968
	Total clauses:	441298
	Test == masterkey, spend 89521405 clocks.
	Not solved within 3600 seconds, Have 0 results.
num_cipher:	53
	Total vars:	202776
	Total clauses:	449746
	Test == masterkey, spend 85323867 clocks.
	Not solved within 3600 seconds, Have 0 results.
num_cipher:	54
	Total vars:	206584
	Total clauses:	458194
	Test == masterkey, spend 85075906 clocks.
	Not solved within 3600 seconds, Have 0 results.
num_cipher:	55
	Total vars:	210392
	Total clauses:	466642
	Test == masterkey, spend 90622804 clocks.
	Not solved within 3600 seconds, Have 0 results.
num_cipher:	56
	Total vars:	214200
	Total clauses:	475090
	Test == masterkey, spend 112932490 clocks.
解得主密钥:  1	00011101111100110001011011100010011111001111001001000110100101011100110000100011111000010011010100111110110011110011110111010001
	Have 1 results, spent 2865359551 clocks.
---------------------------------------------------------------------------------------------------
求得唯一解！
numAnalysesRounds:	11
startRound:	21
---------------------------------------------------------------------------------------------------
	Command being timed: "./bin/present128 1 11 51 60"
	User time (seconds): 21416.21
	System time (seconds): 22.84
	Percent of CPU this job got: 99%
	Elapsed (wall clock) time (h:mm:ss or m:ss): 5:57:21
	Average shared text size (kbytes): 0
	Average unshared data size (kbytes): 0
	Average stack size (kbytes): 0
	Average total size (kbytes): 0
	Maximum resident set size (kbytes): 360344
	Average resident set size (kbytes): 0
	Major (requiring I/O) page faults: 0
	Minor (reclaiming a frame) page faults: 449041
	Voluntary context switches: 1
	Involuntary context switches: 29636
	Swaps: 0
	File system inputs: 0
	File system outputs: 104
	Socket messages sent: 0
	Socket messages received: 0
	Signals delivered: 0
	Page size (bytes): 4096
	Exit status: 0
