sbox:	1100 0101 0110 1011 1001 0000 1010 1101 0011 1110 1111 1000 0100 0111 0001 0010 
y3 = 0  1  3  12  012  013  023  4  
y2 = 2  3  01  03  13  013  023  4  
y1 = 1  3  13  23  012  013  023  
y0 = 0  2  3  12  
e_sbox:	1101 0101 0110 1011 1001 0000 1010 1101 0011 1110 1111 1000 0100 0111 0001 0010 
y3' = 0  1  3  12  012  013  023  4  
y2' = 2  3  01  03  13  013  023  4  
y1' = 1  3  13  23  012  013  023  
y0' = 1  01  02  03  13  23  012  013  023  123  0123  4  
Max time :	3600
PRESENT_MODE:	128
SAT_MODE:	0
	SBOX_MODE:	101
	KSR_HAVEERROR:	0
	ENCYPT_HAVEERROR:	1
AnalysesRounds:	11
MinCiphers:	32
MaxCiphers:	50
Threads:	1
Master_key:	00011101111100110001011011100010011111001111001001000110100101011100110000100011111000010011010100111110110011110011110111010001
---------------------------------------------------------------------------------------------------
num_cipher:	32
	Total vars:	122808
	Total clauses:	272338
	Test == masterkey, spend 29308118 clocks.
	Not solved within 3600 seconds, Have 0 results.
num_cipher:	33
	Total vars:	126616
	Total clauses:	280786
	Test == masterkey, spend 35888648 clocks.
	Not solved within 3600 seconds, Have 0 results.
num_cipher:	34
	Total vars:	130424
	Total clauses:	289234
	Test == masterkey, spend 39340181 clocks.
	Not solved within 3600 seconds, Have 0 results.
num_cipher:	35
	Total vars:	134232
	Total clauses:	297682
	Test == masterkey, spend 38251715 clocks.
	Not solved within 3600 seconds, Have 0 results.
num_cipher:	36
	Total vars:	138040
	Total clauses:	306130
	Test == masterkey, spend 36433207 clocks.
	Not solved within 3600 seconds, Have 0 results.
num_cipher:	37
	Total vars:	141848
	Total clauses:	314578
	Test == masterkey, spend 39474618 clocks.
	Not solved within 3600 seconds, Have 0 results.
num_cipher:	38
	Total vars:	145656
	Total clauses:	323026
	Test == masterkey, spend 43176043 clocks.
	Not solved within 3600 seconds, Have 0 results.
num_cipher:	39
	Total vars:	149464
	Total clauses:	331474
	Test == masterkey, spend 42366458 clocks.
	Not solved within 3600 seconds, Have 0 results.
num_cipher:	40
	Total vars:	153272
	Total clauses:	339922
	Test == masterkey, spend 58172409 clocks.
	Not solved within 3600 seconds, Have 0 results.
num_cipher:	41
	Total vars:	157080
	Total clauses:	348370
	Test == masterkey, spend 53826823 clocks.
	Not solved within 3600 seconds, Have 0 results.
num_cipher:	42
	Total vars:	160888
	Total clauses:	356818
	Test == masterkey, spend 55509220 clocks.
	Not solved within 3600 seconds, Have 0 results.
num_cipher:	43
	Total vars:	164696
	Total clauses:	365266
	Test == masterkey, spend 59277240 clocks.
	Not solved within 3600 seconds, Have 0 results.
num_cipher:	44
	Total vars:	168504
	Total clauses:	373714
	Test == masterkey, spend 56675321 clocks.
	Not solved within 3600 seconds, Have 0 results.
num_cipher:	45
	Total vars:	172312
	Total clauses:	382162
	Test == masterkey, spend 65933308 clocks.
	Not solved within 3600 seconds, Have 0 results.
num_cipher:	46
	Total vars:	176120
	Total clauses:	390610
	Test == masterkey, spend 73627391 clocks.
	Not solved within 3600 seconds, Have 0 results.
num_cipher:	47
	Total vars:	179928
	Total clauses:	399058
	Test == masterkey, spend 63036904 clocks.
	Not solved within 3600 seconds, Have 0 results.
num_cipher:	48
	Total vars:	183736
	Total clauses:	407506
	Test == masterkey, spend 85004556 clocks.
	Not solved within 3600 seconds, Have 0 results.
num_cipher:	49
	Total vars:	187544
	Total clauses:	415954
	Test == masterkey, spend 82650749 clocks.
	Not solved within 3600 seconds, Have 0 results.
num_cipher:	50
	Total vars:	191352
	Total clauses:	424402
	Test == masterkey, spend 84593262 clocks.
	Not solved within 3600 seconds, Have 0 results.
---------------------------------------------------------------------------------------------------
	Command being timed: "./bin/present128 1 11 32 50"
	User time (seconds): 69458.31
	System time (seconds): 73.06
	Percent of CPU this job got: 100%
	Elapsed (wall clock) time (h:mm:ss or m:ss): 19:18:45
	Average shared text size (kbytes): 0
	Average unshared data size (kbytes): 0
	Average stack size (kbytes): 0
	Average total size (kbytes): 0
	Maximum resident set size (kbytes): 363112
	Average resident set size (kbytes): 0
	Major (requiring I/O) page faults: 0
	Minor (reclaiming a frame) page faults: 3938935
	Voluntary context switches: 1
	Involuntary context switches: 174575
	Swaps: 0
	File system inputs: 0
	File system outputs: 312
	Socket messages sent: 0
	Socket messages received: 0
	Signals delivered: 0
	Page size (bytes): 4096
	Exit status: 0
