sbox:	1100 0101 0110 1011 1001 0000 1010 1101 0011 1110 1111 1000 0100 0111 0001 0010 
y3 = 0  1  3  12  012  013  023  4  
y2 = 2  3  01  03  13  013  023  4  
y1 = 1  3  13  23  012  013  023  
y0 = 0  2  3  12  
e_sbox:	1101 0101 0110 1011 1001 0000 1010 1101 0011 1110 1111 1000 0100 0111 0001 0010 
y3' = 0  1  3  12  012  013  023  4  
y2' = 2  3  01  03  13  013  023  4  
y1' = 1  3  13  23  012  013  023  
y0' = 1  01  02  03  13  23  012  013  023  123  0123  4  
Max time :	3600
PRESENT_MODE:	128
SAT_MODE:	0
	SBOX_MODE:	101
	KSR_HAVEERROR:	0
	ENCYPT_HAVEERROR:	1
AnalysesRounds:	11
MinCiphers:	32
MaxCiphers:	50
Threads:	1
Master_key:	00011101111100110001011011100010011111001111001001000110100101011100110000100011111000010011010100111110110011110011110111010001
---------------------------------------------------------------------------------------------------
num_cipher:	32
	Total vars:	122808
	Total clauses:	272338
	Test == masterkey, spend 34274105 clocks.
	Not solved within 3600 seconds, Have 0 results.
num_cipher:	33
	Total vars:	126616
	Total clauses:	280786
	Test == masterkey, spend 34103923 clocks.
	Not solved within 3600 seconds, Have 0 results.
num_cipher:	34
	Total vars:	130424
	Total clauses:	289234
	Test == masterkey, spend 33776039 clocks.
	Not solved within 3600 seconds, Have 0 results.
num_cipher:	35
	Total vars:	134232
	Total clauses:	297682
	Test == masterkey, spend 36301973 clocks.
	Not solved within 3600 seconds, Have 0 results.
num_cipher:	36
	Total vars:	138040
	Total clauses:	306130
	Test == masterkey, spend 40087603 clocks.
	Not solved within 3600 seconds, Have 0 results.
num_cipher:	37
	Total vars:	141848
	Total clauses:	314578
	Test == masterkey, spend 37736458 clocks.
	Not solved within 3600 seconds, Have 0 results.
num_cipher:	38
	Total vars:	145656
	Total clauses:	323026
	Test == masterkey, spend 39670157 clocks.
	Not solved within 3600 seconds, Have 0 results.
num_cipher:	39
	Total vars:	149464
	Total clauses:	331474
	Test == masterkey, spend 39985955 clocks.
	Not solved within 3600 seconds, Have 0 results.
num_cipher:	40
	Total vars:	153272
	Total clauses:	339922
	Test == masterkey, spend 50554584 clocks.
