sbox:	1100 0101 0110 1011 1001 0000 1010 1101 0011 1110 1111 1000 0100 0111 0001 0010 
y3 = 0  1  3  12  012  013  023  4  
y2 = 2  3  01  03  13  013  023  4  
y1 = 1  3  13  23  012  013  023  
y0 = 0  2  3  12  
e_sbox:	1101 0101 0110 1011 1001 0000 1010 1101 0011 1110 1111 1000 0100 0111 0001 0010 
y3' = 0  1  3  12  012  013  023  4  
y2' = 2  3  01  03  13  013  023  4  
y1' = 1  3  13  23  012  013  023  
y0' = 1  01  02  03  13  23  012  013  023  123  0123  4  
Max time :	3600
PRESENT_MODE:	128
SAT_MODE:	0
	SBOX_MODE:	101
	KSR_HAVEERROR:	0
	ENCYPT_HAVEERROR:	1
AnalysesRounds:	12
MinCiphers:	40
MaxCiphers:	60
Threads:	1
Master_key:	00011101111100110001011011100010011111001111001001000110100101011100110000100011111000010011010100111110110011110011110111010001
---------------------------------------------------------------------------------------------------
num_cipher:	40
	Total vars:	167992
	Total clauses:	373202
	Test == masterkey, spend 61468947 clocks.
	Not solved within 3600 seconds, Have 0 results.
num_cipher:	41
	Total vars:	172168
	Total clauses:	382482
	Test == masterkey, spend 65204702 clocks.
	Not solved within 3600 seconds, Have 0 results.
num_cipher:	42
	Total vars:	176344
	Total clauses:	391762
	Test == masterkey, spend 70500413 clocks.
	Not solved within 3600 seconds, Have 0 results.
num_cipher:	43
	Total vars:	180520
	Total clauses:	401042
	Test == masterkey, spend 74151511 clocks.
	Not solved within 3600 seconds, Have 0 results.
num_cipher:	44
	Total vars:	184696
	Total clauses:	410322
	Test == masterkey, spend 75489487 clocks.
	Not solved within 3600 seconds, Have 0 results.
num_cipher:	45
	Total vars:	188872
	Total clauses:	419602
	Test == masterkey, spend 67652043 clocks.
	Not solved within 3600 seconds, Have 0 results.
num_cipher:	46
	Total vars:	193048
	Total clauses:	428882
	Test == masterkey, spend 88438780 clocks.
	Not solved within 3600 seconds, Have 0 results.
num_cipher:	47
	Total vars:	197224
	Total clauses:	438162
	Test == masterkey, spend 92227952 clocks.
	Not solved within 3600 seconds, Have 0 results.
num_cipher:	48
	Total vars:	201400
	Total clauses:	447442
	Test == masterkey, spend 93690690 clocks.
	Not solved within 3600 seconds, Have 0 results.
num_cipher:	49
	Total vars:	205576
	Total clauses:	456722
	Test == masterkey, spend 90239077 clocks.
	Not solved within 3600 seconds, Have 0 results.
num_cipher:	50
	Total vars:	209752
	Total clauses:	466002
	Test == masterkey, spend 97832106 clocks.
	Not solved within 3600 seconds, Have 0 results.
num_cipher:	51
	Total vars:	213928
	Total clauses:	475282
	Test == masterkey, spend 101464282 clocks.
	Not solved within 3600 seconds, Have 0 results.
num_cipher:	52
	Total vars:	218104
	Total clauses:	484562
	Test == masterkey, spend 102919504 clocks.
	Not solved within 3600 seconds, Have 0 results.
num_cipher:	53
	Total vars:	222280
	Total clauses:	493842
	Test == masterkey, spend 108849203 clocks.
	Not solved within 3600 seconds, Have 0 results.
num_cipher:	54
	Total vars:	226456
	Total clauses:	503122
	Test == masterkey, spend 106035860 clocks.
	Not solved within 3600 seconds, Have 0 results.
num_cipher:	55
	Total vars:	230632
	Total clauses:	512402
	Test == masterkey, spend 111810324 clocks.
	Not solved within 3600 seconds, Have 0 results.
num_cipher:	56
	Total vars:	234808
	Total clauses:	521682
	Test == masterkey, spend 108690835 clocks.
	Not solved within 3600 seconds, Have 0 results.
num_cipher:	57
	Total vars:	238984
	Total clauses:	530962
	Test == masterkey, spend 137375295 clocks.
	Not solved within 3600 seconds, Have 0 results.
num_cipher:	58
	Total vars:	243160
	Total clauses:	540242
	Test == masterkey, spend 152454686 clocks.
解得主密钥:  1	00011101111100110001011011100010011111001111001001000110100101011100110000100011111000010011010100111110110011110011110111010001
	Have 1 results, spent 3347511536 clocks.
---------------------------------------------------------------------------------------------------
求得唯一解！
numAnalysesRounds:	12
startRound:	20
---------------------------------------------------------------------------------------------------
	Command being timed: "./bin/present128 1 12 40 60"
	User time (seconds): 69965.79
	System time (seconds): 140.29
	Percent of CPU this job got: 99%
	Elapsed (wall clock) time (h:mm:ss or m:ss): 19:28:38
	Average shared text size (kbytes): 0
	Average unshared data size (kbytes): 0
	Average stack size (kbytes): 0
	Average total size (kbytes): 0
	Maximum resident set size (kbytes): 433504
	Average resident set size (kbytes): 0
	Major (requiring I/O) page faults: 0
	Minor (reclaiming a frame) page faults: 4537592
	Voluntary context switches: 1
	Involuntary context switches: 153716
	Swaps: 0
	File system inputs: 0
	File system outputs: 328
	Socket messages sent: 0
	Socket messages received: 0
	Signals delivered: 0
	Page size (bytes): 4096
	Exit status: 0
