sbox:	1100 0101 0110 1011 1001 0000 1010 1101 0011 1110 1111 1000 0100 0111 0001 0010 
y3 = 0  1  3  12  012  013  023  4  
y2 = 2  3  01  03  13  013  023  4  
y1 = 1  3  13  23  012  013  023  
y0 = 0  2  3  12  
e_sbox:	1101 0101 0110 1011 1001 0000 1010 1101 0011 1110 1111 1000 0100 0111 0001 0010 
y3' = 0  1  3  12  012  013  023  4  
y2' = 2  3  01  03  13  013  023  4  
y1' = 1  3  13  23  012  013  023  
y0' = 1  01  02  03  13  23  012  013  023  123  0123  4  
Max time :	3600
PRESENT_MODE:	128
SAT_MODE:	0
	SBOX_MODE:	101
	KSR_HAVEERROR:	0
	ENCYPT_HAVEERROR:	1
AnalysesRounds:	12
MinCiphers:	51
MaxCiphers:	60
Threads:	1
Master_key:	00011101111100110001011011100010011111001111001001000110100101011100110000100011111000010011010100111110110011110011110111010001
---------------------------------------------------------------------------------------------------
num_cipher:	51
	Total vars:	213928
	Total clauses:	475282
	Test == masterkey, spend 102917414 clocks.
	Not solved within 3600 seconds, Have 0 results.
num_cipher:	52
	Total vars:	218104
	Total clauses:	484562
	Test == masterkey, spend 102094179 clocks.
	Not solved within 3600 seconds, Have 0 results.
num_cipher:	53
	Total vars:	222280
	Total clauses:	493842
	Test == masterkey, spend 102900111 clocks.
	Not solved within 3600 seconds, Have 0 results.
num_cipher:	54
	Total vars:	226456
	Total clauses:	503122
	Test == masterkey, spend 100780687 clocks.
	Not solved within 3600 seconds, Have 0 results.
num_cipher:	55
	Total vars:	230632
	Total clauses:	512402
	Test == masterkey, spend 100811070 clocks.
	Not solved within 3600 seconds, Have 0 results.
num_cipher:	56
	Total vars:	234808
	Total clauses:	521682
	Test == masterkey, spend 126197365 clocks.
解得主密钥:  1	00011101111100110001011011100010011111001111001001000110100101011100110000100011111000010011010100111110110011110011110111010001
	Have 1 results, spent 1913561273 clocks.
---------------------------------------------------------------------------------------------------
求得唯一解！
numAnalysesRounds:	12
startRound:	20
---------------------------------------------------------------------------------------------------
	Command being timed: "./bin/present128 1 12 51 60"
	User time (seconds): 20553.06
	System time (seconds): 44.79
	Percent of CPU this job got: 99%
	Elapsed (wall clock) time (h:mm:ss or m:ss): 5:43:20
	Average shared text size (kbytes): 0
	Average unshared data size (kbytes): 0
	Average stack size (kbytes): 0
	Average total size (kbytes): 0
	Maximum resident set size (kbytes): 396256
	Average resident set size (kbytes): 0
	Major (requiring I/O) page faults: 0
	Minor (reclaiming a frame) page faults: 531107
	Voluntary context switches: 1
	Involuntary context switches: 42805
	Swaps: 0
	File system inputs: 0
	File system outputs: 104
	Socket messages sent: 0
	Socket messages received: 0
	Signals delivered: 0
	Page size (bytes): 4096
	Exit status: 0
