sbox:	1100 0101 0110 1011 1001 0000 1010 1101 0011 1110 1111 1000 0100 0111 0001 0010 
y3 = 0  1  3  12  012  013  023  4  
y2 = 2  3  01  03  13  013  023  4  
y1 = 1  3  13  23  012  013  023  
y0 = 0  2  3  12  
e_sbox:	1101 0101 0110 1011 1001 0000 1010 1101 0011 1110 1111 1000 0100 0111 0001 0010 
y3' = 0  1  3  12  012  013  023  4  
y2' = 2  3  01  03  13  013  023  4  
y1' = 1  3  13  23  012  013  023  
y0' = 1  01  02  03  13  23  012  013  023  123  0123  4  
Max time :	3600
PRESENT_MODE:	128
SAT_MODE:	0
	SBOX_MODE:	101
	KSR_HAVEERROR:	0
	ENCYPT_HAVEERROR:	1
AnalysesRounds:	4
MinCiphers:	40
MaxCiphers:	60
Threads:	1
Master_key:	00011101111100110001011011100010011111001111001001000110100101011100110000100011111000010011010100111110110011110011110111010001
---------------------------------------------------------------------------------------------------
num_cipher:	40
	Total vars:	50232
	Total clauses:	106962
	Test == masterkey, spend 1583217 clocks.
解得主密钥:  380	00011101111100110001011011100010011111001111001001000110100101011100110000100011111000010011010100111110110011110011110111010001
	Have 410 results, spent 78295615 clocks.
num_cipher:	41
	Total vars:	51464
	Total clauses:	109586
	Test == masterkey, spend 1838068 clocks.
解得主密钥:  64	00011101111100110001011011100010011111001111001001000110100101011100110000100011111000010011010100111110110011110011110111010001
	Have 151 results, spent 74769223 clocks.
num_cipher:	42
	Total vars:	52696
	Total clauses:	112210
	Test == masterkey, spend 2208657 clocks.
解得主密钥:  43	00011101111100110001011011100010011111001111001001000110100101011100110000100011111000010011010100111110110011110011110111010001
	Have 101 results, spent 64286221 clocks.
num_cipher:	43
	Total vars:	53928
	Total clauses:	114834
	Test == masterkey, spend 1973176 clocks.
解得主密钥:  4	00011101111100110001011011100010011111001111001001000110100101011100110000100011111000010011010100111110110011110011110111010001
	Have 68 results, spent 56269211 clocks.
num_cipher:	44
	Total vars:	55160
	Total clauses:	117458
	Test == masterkey, spend 1937844 clocks.
解得主密钥:  38	00011101111100110001011011100010011111001111001001000110100101011100110000100011111000010011010100111110110011110011110111010001
	Have 50 results, spent 55041222 clocks.
num_cipher:	45
	Total vars:	56392
	Total clauses:	120082
	Test == masterkey, spend 1988033 clocks.
解得主密钥:  2	00011101111100110001011011100010011111001111001001000110100101011100110000100011111000010011010100111110110011110011110111010001
	Have 48 results, spent 61237723 clocks.
num_cipher:	46
	Total vars:	57624
	Total clauses:	122706
	Test == masterkey, spend 1979589 clocks.
解得主密钥:  1	00011101111100110001011011100010011111001111001001000110100101011100110000100011111000010011010100111110110011110011110111010001
	Have 20 results, spent 41765646 clocks.
num_cipher:	47
	Total vars:	58856
	Total clauses:	125330
	Test == masterkey, spend 2364809 clocks.
解得主密钥:  13	00011101111100110001011011100010011111001111001001000110100101011100110000100011111000010011010100111110110011110011110111010001
	Have 20 results, spent 33622800 clocks.
num_cipher:	48
	Total vars:	60088
	Total clauses:	127954
	Test == masterkey, spend 2543791 clocks.
解得主密钥:  15	00011101111100110001011011100010011111001111001001000110100101011100110000100011111000010011010100111110110011110011110111010001
	Have 20 results, spent 34385332 clocks.
num_cipher:	49
	Total vars:	61320
	Total clauses:	130578
	Test == masterkey, spend 2451423 clocks.
解得主密钥:  13	00011101111100110001011011100010011111001111001001000110100101011100110000100011111000010011010100111110110011110011110111010001
	Have 20 results, spent 26313515 clocks.
num_cipher:	50
	Total vars:	62552
	Total clauses:	133202
	Test == masterkey, spend 2353202 clocks.
解得主密钥:  2	00011101111100110001011011100010011111001111001001000110100101011100110000100011111000010011010100111110110011110011110111010001
	Have 6 results, spent 25135916 clocks.
num_cipher:	51
	Total vars:	63784
	Total clauses:	135826
	Test == masterkey, spend 2246700 clocks.
解得主密钥:  1	00011101111100110001011011100010011111001111001001000110100101011100110000100011111000010011010100111110110011110011110111010001
	Have 6 results, spent 25481231 clocks.
num_cipher:	52
	Total vars:	65016
	Total clauses:	138450
	Test == masterkey, spend 2236794 clocks.
解得主密钥:  4	00011101111100110001011011100010011111001111001001000110100101011100110000100011111000010011010100111110110011110011110111010001
	Have 4 results, spent 25992994 clocks.
num_cipher:	53
	Total vars:	66248
	Total clauses:	141074
	Test == masterkey, spend 2479962 clocks.
解得主密钥:  1	00011101111100110001011011100010011111001111001001000110100101011100110000100011111000010011010100111110110011110011110111010001
	Have 2 results, spent 18339822 clocks.
num_cipher:	54
	Total vars:	67480
	Total clauses:	143698
	Test == masterkey, spend 2379015 clocks.
解得主密钥:  1	00011101111100110001011011100010011111001111001001000110100101011100110000100011111000010011010100111110110011110011110111010001
	Have 1 results, spent 18751182 clocks.
---------------------------------------------------------------------------------------------------
求得唯一解！
numAnalysesRounds:	4
startRound:	28
---------------------------------------------------------------------------------------------------
	Command being timed: "./bin/present128 1 4 40 60"
	User time (seconds): 675.15
	System time (seconds): 0.80
	Percent of CPU this job got: 99%
	Elapsed (wall clock) time (h:mm:ss or m:ss): 11:16.05
	Average shared text size (kbytes): 0
	Average unshared data size (kbytes): 0
	Average stack size (kbytes): 0
	Average total size (kbytes): 0
	Maximum resident set size (kbytes): 74960
	Average resident set size (kbytes): 0
	Major (requiring I/O) page faults: 0
	Minor (reclaiming a frame) page faults: 32183
	Voluntary context switches: 1
	Involuntary context switches: 1753
	Swaps: 0
	File system inputs: 0
	File system outputs: 160
	Socket messages sent: 0
	Socket messages received: 0
	Signals delivered: 0
	Page size (bytes): 4096
	Exit status: 0
