sbox:	1100 0101 0110 1011 1001 0000 1010 1101 0011 1110 1111 1000 0100 0111 0001 0010 
y3 = 0  1  3  12  012  013  023  4  
y2 = 2  3  01  03  13  013  023  4  
y1 = 1  3  13  23  012  013  023  
y0 = 0  2  3  12  
e_sbox:	1101 0101 0110 1011 1001 0000 1010 1101 0011 1110 1111 1000 0100 0111 0001 0010 
y3' = 0  1  3  12  012  013  023  4  
y2' = 2  3  01  03  13  013  023  4  
y1' = 1  3  13  23  012  013  023  
y0' = 1  01  02  03  13  23  012  013  023  123  0123  4  
Max time :	3600
PRESENT_MODE:	128
SAT_MODE:	0
	SBOX_MODE:	101
	KSR_HAVEERROR:	0
	ENCYPT_HAVEERROR:	1
AnalysesRounds:	4
MinCiphers:	45
MaxCiphers:	60
Threads:	1
Master_key:	00011101111100110001011011100010011111001111001001000110100101011100110000100011111000010011010100111110110011110011110111010001
---------------------------------------------------------------------------------------------------
num_cipher:	45
	Total vars:	56392
	Total clauses:	120082
	Test == masterkey, spend 1994096 clocks.
解得主密钥:  45	00011101111100110001011011100010011111001111001001000110100101011100110000100011111000010011010100111110110011110011110111010001
	Have 55 results, spent 37064917 clocks.
num_cipher:	46
	Total vars:	57624
	Total clauses:	122706
	Test == masterkey, spend 1953979 clocks.
解得主密钥:  9	00011101111100110001011011100010011111001111001001000110100101011100110000100011111000010011010100111110110011110011110111010001
	Have 14 results, spent 33220248 clocks.
num_cipher:	47
	Total vars:	58856
	Total clauses:	125330
	Test == masterkey, spend 2088240 clocks.
解得主密钥:  3	00011101111100110001011011100010011111001111001001000110100101011100110000100011111000010011010100111110110011110011110111010001
	Have 8 results, spent 26607837 clocks.
num_cipher:	48
	Total vars:	60088
	Total clauses:	127954
	Test == masterkey, spend 1908364 clocks.
解得主密钥:  7	00011101111100110001011011100010011111001111001001000110100101011100110000100011111000010011010100111110110011110011110111010001
	Have 8 results, spent 28535027 clocks.
num_cipher:	49
	Total vars:	61320
	Total clauses:	130578
	Test == masterkey, spend 2087594 clocks.
解得主密钥:  1	00011101111100110001011011100010011111001111001001000110100101011100110000100011111000010011010100111110110011110011110111010001
	Have 8 results, spent 26510224 clocks.
num_cipher:	50
	Total vars:	62552
	Total clauses:	133202
	Test == masterkey, spend 2355700 clocks.
解得主密钥:  1	00011101111100110001011011100010011111001111001001000110100101011100110000100011111000010011010100111110110011110011110111010001
	Have 4 results, spent 26380764 clocks.
num_cipher:	51
	Total vars:	63784
	Total clauses:	135826
	Test == masterkey, spend 2272687 clocks.
解得主密钥:  1	00011101111100110001011011100010011111001111001001000110100101011100110000100011111000010011010100111110110011110011110111010001
	Have 4 results, spent 24011394 clocks.
num_cipher:	52
	Total vars:	65016
	Total clauses:	138450
	Test == masterkey, spend 2623279 clocks.
解得主密钥:  1	00011101111100110001011011100010011111001111001001000110100101011100110000100011111000010011010100111110110011110011110111010001
	Have 2 results, spent 26855656 clocks.
num_cipher:	53
	Total vars:	66248
	Total clauses:	141074
	Test == masterkey, spend 2567712 clocks.
解得主密钥:  2	00011101111100110001011011100010011111001111001001000110100101011100110000100011111000010011010100111110110011110011110111010001
	Have 2 results, spent 24290165 clocks.
num_cipher:	54
	Total vars:	67480
	Total clauses:	143698
	Test == masterkey, spend 2283664 clocks.
解得主密钥:  2	00011101111100110001011011100010011111001111001001000110100101011100110000100011111000010011010100111110110011110011110111010001
	Have 2 results, spent 21996043 clocks.
num_cipher:	55
	Total vars:	68712
	Total clauses:	146322
	Test == masterkey, spend 2613529 clocks.
解得主密钥:  1	00011101111100110001011011100010011111001111001001000110100101011100110000100011111000010011010100111110110011110011110111010001
	Have 2 results, spent 23352111 clocks.
num_cipher:	56
	Total vars:	69944
	Total clauses:	148946
	Test == masterkey, spend 2525706 clocks.
解得主密钥:  2	00011101111100110001011011100010011111001111001001000110100101011100110000100011111000010011010100111110110011110011110111010001
	Have 2 results, spent 21048174 clocks.
num_cipher:	57
	Total vars:	71176
	Total clauses:	151570
	Test == masterkey, spend 2502611 clocks.
解得主密钥:  1	00011101111100110001011011100010011111001111001001000110100101011100110000100011111000010011010100111110110011110011110111010001
	Have 2 results, spent 22438705 clocks.
num_cipher:	58
	Total vars:	72408
	Total clauses:	154194
	Test == masterkey, spend 2600334 clocks.
解得主密钥:  1	00011101111100110001011011100010011111001111001001000110100101011100110000100011111000010011010100111110110011110011110111010001
	Have 2 results, spent 21282222 clocks.
num_cipher:	59
	Total vars:	73640
	Total clauses:	156818
	Test == masterkey, spend 2510358 clocks.
解得主密钥:  1	00011101111100110001011011100010011111001111001001000110100101011100110000100011111000010011010100111110110011110011110111010001
	Have 2 results, spent 23036451 clocks.
num_cipher:	60
	Total vars:	74872
	Total clauses:	159442
	Test == masterkey, spend 2808017 clocks.
解得主密钥:  1	00011101111100110001011011100010011111001111001001000110100101011100110000100011111000010011010100111110110011110011110111010001
	Have 2 results, spent 23962250 clocks.
---------------------------------------------------------------------------------------------------
	Command being timed: "./bin/present128 1 4 45 60"
	User time (seconds): 450.98
	System time (seconds): 1.76
	Percent of CPU this job got: 99%
	Elapsed (wall clock) time (h:mm:ss or m:ss): 7:32.86
	Average shared text size (kbytes): 0
	Average unshared data size (kbytes): 0
	Average stack size (kbytes): 0
	Average total size (kbytes): 0
	Maximum resident set size (kbytes): 76984
	Average resident set size (kbytes): 0
	Major (requiring I/O) page faults: 0
	Minor (reclaiming a frame) page faults: 62381
	Voluntary context switches: 1
	Involuntary context switches: 1057
	Swaps: 0
	File system inputs: 0
	File system outputs: 152
	Socket messages sent: 0
	Socket messages received: 0
	Signals delivered: 0
	Page size (bytes): 4096
	Exit status: 0
