sbox:	1100 0101 0110 1011 1001 0000 1010 1101 0011 1110 1111 1000 0100 0111 0001 0010 
y3 = 0  1  3  12  012  013  023  4  
y2 = 2  3  01  03  13  013  023  4  
y1 = 1  3  13  23  012  013  023  
y0 = 0  2  3  12  
e_sbox:	1101 0101 0110 1011 1001 0000 1010 1101 0011 1110 1111 1000 0100 0111 0001 0010 
y3' = 0  1  3  12  012  013  023  4  
y2' = 2  3  01  03  13  013  023  4  
y1' = 1  3  13  23  012  013  023  
y0' = 1  01  02  03  13  23  012  013  023  123  0123  4  
Max time :	3600
PRESENT_MODE:	128
SAT_MODE:	0
	SBOX_MODE:	101
	KSR_HAVEERROR:	0
	ENCYPT_HAVEERROR:	1
AnalysesRounds:	4
MinCiphers:	45
MaxCiphers:	60
Threads:	1
Master_key:	00011101111100110001011011100010011111001111001001000110100101011100110000100011111000010011010100111110110011110011110111010001
---------------------------------------------------------------------------------------------------
num_cipher:	45
	Total vars:	56392
	Total clauses:	120082
	Test == masterkey, spend 2585403 clocks.
解得主密钥:  911	00011101111100110001011011100010011111001111001001000110100101011100110000100011111000010011010100111110110011110011110111010001
	Have more than 1024 results, spent 66916862 clocks.
num_cipher:	46
	Total vars:	57624
	Total clauses:	122706
	Test == masterkey, spend 2480712 clocks.
解得主密钥:  837	00011101111100110001011011100010011111001111001001000110100101011100110000100011111000010011010100111110110011110011110111010001
	Have more than 1024 results, spent 66113404 clocks.
num_cipher:	47
	Total vars:	58856
	Total clauses:	125330
	Test == masterkey, spend 2836030 clocks.
解得主密钥:  603	00011101111100110001011011100010011111001111001001000110100101011100110000100011111000010011010100111110110011110011110111010001
	Have more than 1024 results, spent 67703330 clocks.
num_cipher:	48
	Total vars:	60088
	Total clauses:	127954
	Test == masterkey, spend 3488048 clocks.
解得主密钥:  306	00011101111100110001011011100010011111001111001001000110100101011100110000100011111000010011010100111110110011110011110111010001
	Have more than 1024 results, spent 64169905 clocks.
num_cipher:	49
	Total vars:	61320
	Total clauses:	130578
	Test == masterkey, spend 2921508 clocks.
解得主密钥:  443	00011101111100110001011011100010011111001111001001000110100101011100110000100011111000010011010100111110110011110011110111010001
	Have more than 1024 results, spent 64541040 clocks.
num_cipher:	50
	Total vars:	62552
	Total clauses:	133202
	Test == masterkey, spend 2604645 clocks.
解得主密钥:  30	00011101111100110001011011100010011111001111001001000110100101011100110000100011111000010011010100111110110011110011110111010001
	Have 862 results, spent 60455544 clocks.
num_cipher:	51
	Total vars:	63784
	Total clauses:	135826
	Test == masterkey, spend 3128427 clocks.
解得主密钥:  18	00011101111100110001011011100010011111001111001001000110100101011100110000100011111000010011010100111110110011110011110111010001
	Have 798 results, spent 60920261 clocks.
num_cipher:	52
	Total vars:	65016
	Total clauses:	138450
	Test == masterkey, spend 2979789 clocks.
解得主密钥:  467	00011101111100110001011011100010011111001111001001000110100101011100110000100011111000010011010100111110110011110011110111010001
	Have 671 results, spent 60482993 clocks.
num_cipher:	53
	Total vars:	66248
	Total clauses:	141074
	Test == masterkey, spend 2736077 clocks.
解得主密钥:  94	00011101111100110001011011100010011111001111001001000110100101011100110000100011111000010011010100111110110011110011110111010001
	Have 297 results, spent 51561101 clocks.
num_cipher:	54
	Total vars:	67480
	Total clauses:	143698
	Test == masterkey, spend 2983911 clocks.
解得主密钥:  72	00011101111100110001011011100010011111001111001001000110100101011100110000100011111000010011010100111110110011110011110111010001
	Have 121 results, spent 43557930 clocks.
num_cipher:	55
	Total vars:	68712
	Total clauses:	146322
	Test == masterkey, spend 3128415 clocks.
解得主密钥:  15	00011101111100110001011011100010011111001111001001000110100101011100110000100011111000010011010100111110110011110011110111010001
	Have 57 results, spent 39802640 clocks.
num_cipher:	56
	Total vars:	69944
	Total clauses:	148946
	Test == masterkey, spend 2980025 clocks.
解得主密钥:  5	00011101111100110001011011100010011111001111001001000110100101011100110000100011111000010011010100111110110011110011110111010001
	Have 45 results, spent 36630542 clocks.
num_cipher:	57
	Total vars:	71176
	Total clauses:	151570
	Test == masterkey, spend 2764577 clocks.
解得主密钥:  2	00011101111100110001011011100010011111001111001001000110100101011100110000100011111000010011010100111110110011110011110111010001
	Have 45 results, spent 39018159 clocks.
num_cipher:	58
	Total vars:	72408
	Total clauses:	154194
	Test == masterkey, spend 2864214 clocks.
解得主密钥:  26	00011101111100110001011011100010011111001111001001000110100101011100110000100011111000010011010100111110110011110011110111010001
	Have 45 results, spent 38825992 clocks.
num_cipher:	59
	Total vars:	73640
	Total clauses:	156818
	Test == masterkey, spend 2661075 clocks.
解得主密钥:  30	00011101111100110001011011100010011111001111001001000110100101011100110000100011111000010011010100111110110011110011110111010001
	Have 36 results, spent 37626898 clocks.
num_cipher:	60
	Total vars:	74872
	Total clauses:	159442
	Test == masterkey, spend 5436488 clocks.
解得主密钥:  1	00011101111100110001011011100010011111001111001001000110100101011100110000100011111000010011010100111110110011110011110111010001
	Have 4 results, spent 27615026 clocks.
---------------------------------------------------------------------------------------------------
	Command being timed: "./bin/present128 1 4 45 60"
	User time (seconds): 877.62
	System time (seconds): 1.47
	Percent of CPU this job got: 99%
	Elapsed (wall clock) time (h:mm:ss or m:ss): 14:39.37
	Average shared text size (kbytes): 0
	Average unshared data size (kbytes): 0
	Average stack size (kbytes): 0
	Average total size (kbytes): 0
	Maximum resident set size (kbytes): 74400
	Average resident set size (kbytes): 0
	Major (requiring I/O) page faults: 0
	Minor (reclaiming a frame) page faults: 95275
	Voluntary context switches: 1
	Involuntary context switches: 2839
	Swaps: 0
	File system inputs: 0
	File system outputs: 160
	Socket messages sent: 0
	Socket messages received: 0
	Signals delivered: 0
	Page size (bytes): 4096
	Exit status: 0
