sbox:	1100 0101 0110 1011 1001 0000 1010 1101 0011 1110 1111 1000 0100 0111 0001 0010 
y3 = 0  1  3  12  012  013  023  4  
y2 = 2  3  01  03  13  013  023  4  
y1 = 1  3  13  23  012  013  023  
y0 = 0  2  3  12  
e_sbox:	1101 0101 0110 1011 1001 0000 1010 1101 0011 1110 1111 1000 0100 0111 0001 0010 
y3' = 0  1  3  12  012  013  023  4  
y2' = 2  3  01  03  13  013  023  4  
y1' = 1  3  13  23  012  013  023  
y0' = 1  01  02  03  13  23  012  013  023  123  0123  4  
Max time :	3600
PRESENT_MODE:	128
SAT_MODE:	0
	SBOX_MODE:	101
	KSR_HAVEERROR:	0
	ENCYPT_HAVEERROR:	1
AnalysesRounds:	4
MinCiphers:	40
MaxCiphers:	60
Threads:	1
Master_key:	00011101111100110001011011100010011111001111001001000110100101011100110000100011111000010011010100111110110011110011110111010001
---------------------------------------------------------------------------------------------------
num_cipher:	40
	Total vars:	50232
	Total clauses:	106962
	Test == masterkey, spend 2162177 clocks.
	Have more than 1024 results, spent 184801082 clocks.
num_cipher:	41
	Total vars:	51464
	Total clauses:	109586
	Test == masterkey, spend 2166803 clocks.
	Have more than 1024 results, spent 142365022 clocks.
num_cipher:	42
	Total vars:	52696
	Total clauses:	112210
	Test == masterkey, spend 2049564 clocks.
	Have more than 1024 results, spent 148502010 clocks.
num_cipher:	43
	Total vars:	53928
	Total clauses:	114834
	Test == masterkey, spend 2331792 clocks.
解得主密钥:  333	00011101111100110001011011100010011111001111001001000110100101011100110000100011111000010011010100111110110011110011110111010001
	Have more than 1024 results, spent 132858977 clocks.
num_cipher:	44
	Total vars:	55160
	Total clauses:	117458
	Test == masterkey, spend 2233110 clocks.
解得主密钥:  1011	00011101111100110001011011100010011111001111001001000110100101011100110000100011111000010011010100111110110011110011110111010001
	Have more than 1024 results, spent 77303255 clocks.
num_cipher:	45
	Total vars:	56392
	Total clauses:	120082
	Test == masterkey, spend 2464561 clocks.
解得主密钥:  174	00011101111100110001011011100010011111001111001001000110100101011100110000100011111000010011010100111110110011110011110111010001
	Have more than 1024 results, spent 78564390 clocks.
num_cipher:	46
	Total vars:	57624
	Total clauses:	122706
	Test == masterkey, spend 2168117 clocks.
解得主密钥:  1	00011101111100110001011011100010011111001111001001000110100101011100110000100011111000010011010100111110110011110011110111010001
	Have more than 1024 results, spent 65935354 clocks.
num_cipher:	47
	Total vars:	58856
	Total clauses:	125330
	Test == masterkey, spend 2954154 clocks.
解得主密钥:  182	00011101111100110001011011100010011111001111001001000110100101011100110000100011111000010011010100111110110011110011110111010001
	Have 1008 results, spent 57601259 clocks.
num_cipher:	48
	Total vars:	60088
	Total clauses:	127954
	Test == masterkey, spend 2768004 clocks.
解得主密钥:  323	00011101111100110001011011100010011111001111001001000110100101011100110000100011111000010011010100111110110011110011110111010001
	Have 985 results, spent 55486996 clocks.
num_cipher:	49
	Total vars:	61320
	Total clauses:	130578
	Test == masterkey, spend 2804137 clocks.
解得主密钥:  166	00011101111100110001011011100010011111001111001001000110100101011100110000100011111000010011010100111110110011110011110111010001
	Have 978 results, spent 57132550 clocks.
num_cipher:	50
	Total vars:	62552
	Total clauses:	133202
	Test == masterkey, spend 2509742 clocks.
解得主密钥:  134	00011101111100110001011011100010011111001111001001000110100101011100110000100011111000010011010100111110110011110011110111010001
	Have 218 results, spent 45470019 clocks.
num_cipher:	51
	Total vars:	63784
	Total clauses:	135826
	Test == masterkey, spend 2300763 clocks.
解得主密钥:  2	00011101111100110001011011100010011111001111001001000110100101011100110000100011111000010011010100111110110011110011110111010001
	Have 199 results, spent 42054382 clocks.
num_cipher:	52
	Total vars:	65016
	Total clauses:	138450
	Test == masterkey, spend 2477000 clocks.
解得主密钥:  31	00011101111100110001011011100010011111001111001001000110100101011100110000100011111000010011010100111110110011110011110111010001
	Have 184 results, spent 46956763 clocks.
num_cipher:	53
	Total vars:	66248
	Total clauses:	141074
	Test == masterkey, spend 2350035 clocks.
解得主密钥:  64	00011101111100110001011011100010011111001111001001000110100101011100110000100011111000010011010100111110110011110011110111010001
	Have 97 results, spent 44665992 clocks.
num_cipher:	54
	Total vars:	67480
	Total clauses:	143698
	Test == masterkey, spend 2738129 clocks.
解得主密钥:  32	00011101111100110001011011100010011111001111001001000110100101011100110000100011111000010011010100111110110011110011110111010001
	Have 32 results, spent 34552260 clocks.
num_cipher:	55
	Total vars:	68712
	Total clauses:	146322
	Test == masterkey, spend 2452534 clocks.
解得主密钥:  2	00011101111100110001011011100010011111001111001001000110100101011100110000100011111000010011010100111110110011110011110111010001
	Have 4 results, spent 30163475 clocks.
num_cipher:	56
	Total vars:	69944
	Total clauses:	148946
	Test == masterkey, spend 2541822 clocks.
解得主密钥:  4	00011101111100110001011011100010011111001111001001000110100101011100110000100011111000010011010100111110110011110011110111010001
	Have 4 results, spent 31626963 clocks.
num_cipher:	57
	Total vars:	71176
	Total clauses:	151570
	Test == masterkey, spend 2644294 clocks.
解得主密钥:  2	00011101111100110001011011100010011111001111001001000110100101011100110000100011111000010011010100111110110011110011110111010001
	Have 4 results, spent 28889872 clocks.
num_cipher:	58
	Total vars:	72408
	Total clauses:	154194
	Test == masterkey, spend 2289084 clocks.
解得主密钥:  1	00011101111100110001011011100010011111001111001001000110100101011100110000100011111000010011010100111110110011110011110111010001
	Have 1 results, spent 27941022 clocks.
---------------------------------------------------------------------------------------------------
求得唯一解！
numAnalysesRounds:	4
startRound:	28
---------------------------------------------------------------------------------------------------
	Command being timed: "./bin/present128 1 4 40 60"
	User time (seconds): 1383.12
	System time (seconds): 1.03
	Percent of CPU this job got: 99%
	Elapsed (wall clock) time (h:mm:ss or m:ss): 23:04.32
	Average shared text size (kbytes): 0
	Average unshared data size (kbytes): 0
	Average stack size (kbytes): 0
	Average total size (kbytes): 0
	Maximum resident set size (kbytes): 91912
	Average resident set size (kbytes): 0
	Major (requiring I/O) page faults: 0
	Minor (reclaiming a frame) page faults: 46132
	Voluntary context switches: 1
	Involuntary context switches: 3487
	Swaps: 0
	File system inputs: 0
	File system outputs: 232
	Socket messages sent: 0
	Socket messages received: 0
	Signals delivered: 0
	Page size (bytes): 4096
	Exit status: 0
