sbox:	1100 0101 0110 1011 1001 0000 1010 1101 0011 1110 1111 1000 0100 0111 0001 0010 
y3 = 0  1  3  12  012  013  023  4  
y2 = 2  3  01  03  13  013  023  4  
y1 = 1  3  13  23  012  013  023  
y0 = 0  2  3  12  
e_sbox:	1101 0101 0110 1011 1001 0000 1010 1101 0011 1110 1111 1000 0100 0111 0001 0010 
y3' = 0  1  3  12  012  013  023  4  
y2' = 2  3  01  03  13  013  023  4  
y1' = 1  3  13  23  012  013  023  
y0' = 1  01  02  03  13  23  012  013  023  123  0123  4  
Max time :	3600
PRESENT_MODE:	128
SAT_MODE:	0
	SBOX_MODE:	101
	KSR_HAVEERROR:	0
	ENCYPT_HAVEERROR:	1
AnalysesRounds:	4
MinCiphers:	45
MaxCiphers:	60
Threads:	1
Master_key:	00011101111100110001011011100010011111001111001001000110100101011100110000100011111000010011010100111110110011110011110111010001
---------------------------------------------------------------------------------------------------
num_cipher:	45
	Total vars:	56392
	Total clauses:	120082
	Test == masterkey, spend 1916536 clocks.
解得主密钥:  38	00011101111100110001011011100010011111001111001001000110100101011100110000100011111000010011010100111110110011110011110111010001
	Have 215 results, spent 47243723 clocks.
num_cipher:	46
	Total vars:	57624
	Total clauses:	122706
	Test == masterkey, spend 2673352 clocks.
解得主密钥:  52	00011101111100110001011011100010011111001111001001000110100101011100110000100011111000010011010100111110110011110011110111010001
	Have 164 results, spent 38900055 clocks.
num_cipher:	47
	Total vars:	58856
	Total clauses:	125330
	Test == masterkey, spend 2540517 clocks.
解得主密钥:  14	00011101111100110001011011100010011111001111001001000110100101011100110000100011111000010011010100111110110011110011110111010001
	Have 104 results, spent 34419782 clocks.
num_cipher:	48
	Total vars:	60088
	Total clauses:	127954
	Test == masterkey, spend 2396211 clocks.
解得主密钥:  15	00011101111100110001011011100010011111001111001001000110100101011100110000100011111000010011010100111110110011110011110111010001
	Have 40 results, spent 32463294 clocks.
num_cipher:	49
	Total vars:	61320
	Total clauses:	130578
	Test == masterkey, spend 2489174 clocks.
解得主密钥:  14	00011101111100110001011011100010011111001111001001000110100101011100110000100011111000010011010100111110110011110011110111010001
	Have 36 results, spent 33591847 clocks.
num_cipher:	50
	Total vars:	62552
	Total clauses:	133202
	Test == masterkey, spend 2279388 clocks.
解得主密钥:  5	00011101111100110001011011100010011111001111001001000110100101011100110000100011111000010011010100111110110011110011110111010001
	Have 23 results, spent 32221841 clocks.
num_cipher:	51
	Total vars:	63784
	Total clauses:	135826
	Test == masterkey, spend 2297782 clocks.
解得主密钥:  7	00011101111100110001011011100010011111001111001001000110100101011100110000100011111000010011010100111110110011110011110111010001
	Have 17 results, spent 30525171 clocks.
num_cipher:	52
	Total vars:	65016
	Total clauses:	138450
	Test == masterkey, spend 2370465 clocks.
解得主密钥:  1	00011101111100110001011011100010011111001111001001000110100101011100110000100011111000010011010100111110110011110011110111010001
	Have 13 results, spent 30001158 clocks.
num_cipher:	53
	Total vars:	66248
	Total clauses:	141074
	Test == masterkey, spend 2402470 clocks.
解得主密钥:  1	00011101111100110001011011100010011111001111001001000110100101011100110000100011111000010011010100111110110011110011110111010001
	Have 13 results, spent 29635470 clocks.
num_cipher:	54
	Total vars:	67480
	Total clauses:	143698
	Test == masterkey, spend 2809974 clocks.
解得主密钥:  7	00011101111100110001011011100010011111001111001001000110100101011100110000100011111000010011010100111110110011110011110111010001
	Have 13 results, spent 34037101 clocks.
num_cipher:	55
	Total vars:	68712
	Total clauses:	146322
	Test == masterkey, spend 2550488 clocks.
解得主密钥:  2	00011101111100110001011011100010011111001111001001000110100101011100110000100011111000010011010100111110110011110011110111010001
	Have 13 results, spent 31800222 clocks.
num_cipher:	56
	Total vars:	69944
	Total clauses:	148946
	Test == masterkey, spend 2574403 clocks.
解得主密钥:  1	00011101111100110001011011100010011111001111001001000110100101011100110000100011111000010011010100111110110011110011110111010001
	Have 10 results, spent 31620162 clocks.
num_cipher:	57
	Total vars:	71176
	Total clauses:	151570
	Test == masterkey, spend 2814679 clocks.
解得主密钥:  2	00011101111100110001011011100010011111001111001001000110100101011100110000100011111000010011010100111110110011110011110111010001
	Have 10 results, spent 30327981 clocks.
num_cipher:	58
	Total vars:	72408
	Total clauses:	154194
	Test == masterkey, spend 2694497 clocks.
解得主密钥:  4	00011101111100110001011011100010011111001111001001000110100101011100110000100011111000010011010100111110110011110011110111010001
	Have 10 results, spent 29771106 clocks.
num_cipher:	59
	Total vars:	73640
	Total clauses:	156818
	Test == masterkey, spend 2223343 clocks.
解得主密钥:  6	00011101111100110001011011100010011111001111001001000110100101011100110000100011111000010011010100111110110011110011110111010001
	Have 9 results, spent 28901541 clocks.
num_cipher:	60
	Total vars:	74872
	Total clauses:	159442
	Test == masterkey, spend 4787664 clocks.
解得主密钥:  8	00011101111100110001011011100010011111001111001001000110100101011100110000100011111000010011010100111110110011110011110111010001
	Have 8 results, spent 26476201 clocks.
---------------------------------------------------------------------------------------------------
	Command being timed: "./bin/present128 1 4 45 60"
	User time (seconds): 564.73
	System time (seconds): 3.39
	Percent of CPU this job got: 99%
	Elapsed (wall clock) time (h:mm:ss or m:ss): 9:28.43
	Average shared text size (kbytes): 0
	Average unshared data size (kbytes): 0
	Average stack size (kbytes): 0
	Average total size (kbytes): 0
	Maximum resident set size (kbytes): 75360
	Average resident set size (kbytes): 0
	Major (requiring I/O) page faults: 0
	Minor (reclaiming a frame) page faults: 56674
	Voluntary context switches: 1
	Involuntary context switches: 1798
	Swaps: 0
	File system inputs: 0
	File system outputs: 192
	Socket messages sent: 0
	Socket messages received: 0
	Signals delivered: 0
	Page size (bytes): 4096
	Exit status: 0
