sbox:	1100 0101 0110 1011 1001 0000 1010 1101 0011 1110 1111 1000 0100 0111 0001 0010 
y3 = 0  1  3  12  012  013  023  4  
y2 = 2  3  01  03  13  013  023  4  
y1 = 1  3  13  23  012  013  023  
y0 = 0  2  3  12  
e_sbox:	1101 0101 0110 1011 1001 0000 1010 1101 0011 1110 1111 1000 0100 0111 0001 0010 
y3' = 0  1  3  12  012  013  023  4  
y2' = 2  3  01  03  13  013  023  4  
y1' = 1  3  13  23  012  013  023  
y0' = 1  01  02  03  13  23  012  013  023  123  0123  4  
Max time :	3600
PRESENT_MODE:	128
SAT_MODE:	0
	SBOX_MODE:	101
	KSR_HAVEERROR:	0
	ENCYPT_HAVEERROR:	1
AnalysesRounds:	5
MinCiphers:	32
MaxCiphers:	50
Threads:	1
Master_key:	00011101111100110001011011100010011111001111001001000110100101011100110000100011111000010011010100111110110011110011110111010001
---------------------------------------------------------------------------------------------------
num_cipher:	32
	Total vars:	52152
	Total clauses:	112594
	Test == masterkey, spend 1833663 clocks.
	Not solved within 3600 seconds, Have 19 results.
num_cipher:	33
	Total vars:	53752
	Total clauses:	116050
	Test == masterkey, spend 1808982 clocks.
	Not solved within 3600 seconds, Have 6 results.
num_cipher:	34
	Total vars:	55352
	Total clauses:	119506
	Test == masterkey, spend 1957522 clocks.
	Not solved within 3600 seconds, Have 6 results.
num_cipher:	35
	Total vars:	56952
	Total clauses:	122962
	Test == masterkey, spend 3917205 clocks.
	Not solved within 3600 seconds, Have 9 results.
num_cipher:	36
	Total vars:	58552
	Total clauses:	126418
	Test == masterkey, spend 4142818 clocks.
	Not solved within 3600 seconds, Have 2 results.
num_cipher:	37
	Total vars:	60152
	Total clauses:	129874
	Test == masterkey, spend 4284561 clocks.
解得主密钥:  16	00011101111100110001011011100010011111001111001001000110100101011100110000100011111000010011010100111110110011110011110111010001
	Have 20 results, spent 3334230345 clocks.
num_cipher:	38
	Total vars:	61752
	Total clauses:	133330
	Test == masterkey, spend 3858872 clocks.
解得主密钥:  8	00011101111100110001011011100010011111001111001001000110100101011100110000100011111000010011010100111110110011110011110111010001
	Have 10 results, spent 2456407329 clocks.
num_cipher:	39
	Total vars:	63352
	Total clauses:	136786
	Test == masterkey, spend 4235295 clocks.
解得主密钥:  2	00011101111100110001011011100010011111001111001001000110100101011100110000100011111000010011010100111110110011110011110111010001
	Have 3 results, spent 1641865923 clocks.
num_cipher:	40
	Total vars:	64952
	Total clauses:	140242
	Test == masterkey, spend 3496180 clocks.
解得主密钥:  2	00011101111100110001011011100010011111001111001001000110100101011100110000100011111000010011010100111110110011110011110111010001
	Have 2 results, spent 929887377 clocks.
num_cipher:	41
	Total vars:	66552
	Total clauses:	143698
	Test == masterkey, spend 3626606 clocks.
解得主密钥:  1	00011101111100110001011011100010011111001111001001000110100101011100110000100011111000010011010100111110110011110011110111010001
	Have 1 results, spent 839575155 clocks.
---------------------------------------------------------------------------------------------------
求得唯一解！
numAnalysesRounds:	5
startRound:	27
---------------------------------------------------------------------------------------------------
	Command being timed: "./bin/present128 1 5 32 50"
	User time (seconds): 27203.05
	System time (seconds): 37.45
	Percent of CPU this job got: 99%
	Elapsed (wall clock) time (h:mm:ss or m:ss): 7:34:04
	Average shared text size (kbytes): 0
	Average unshared data size (kbytes): 0
	Average stack size (kbytes): 0
	Average total size (kbytes): 0
	Maximum resident set size (kbytes): 203668
	Average resident set size (kbytes): 0
	Major (requiring I/O) page faults: 0
	Minor (reclaiming a frame) page faults: 323769
	Voluntary context switches: 1
	Involuntary context switches: 53611
	Swaps: 0
	File system inputs: 0
	File system outputs: 104
	Socket messages sent: 0
	Socket messages received: 0
	Signals delivered: 0
	Page size (bytes): 4096
	Exit status: 0
