sbox:	1100 0101 0110 1011 1001 0000 1010 1101 0011 1110 1111 1000 0100 0111 0001 0010 
y3 = 0  1  3  12  012  013  023  4  
y2 = 2  3  01  03  13  013  023  4  
y1 = 1  3  13  23  012  013  023  
y0 = 0  2  3  12  
e_sbox:	1101 0101 0110 1011 1001 0000 1010 1101 0011 1110 1111 1000 0100 0111 0001 0010 
y3' = 0  1  3  12  012  013  023  4  
y2' = 2  3  01  03  13  013  023  4  
y1' = 1  3  13  23  012  013  023  
y0' = 1  01  02  03  13  23  012  013  023  123  0123  4  
Max time :	3600
PRESENT_MODE:	128
SAT_MODE:	0
	SBOX_MODE:	101
	KSR_HAVEERROR:	0
	ENCYPT_HAVEERROR:	1
AnalysesRounds:	6
MinCiphers:	32
MaxCiphers:	50
Threads:	1
Master_key:	00011101111100110001011011100010011111001111001001000110100101011100110000100011111000010011010100111110110011110011110111010001
---------------------------------------------------------------------------------------------------
num_cipher:	32
	Total vars:	63928
	Total clauses:	139218
	Test == masterkey, spend 4195529 clocks.
	Not solved within 3600 seconds, Have 0 results.
num_cipher:	33
	Total vars:	65896
	Total clauses:	143506
	Test == masterkey, spend 4246162 clocks.
	Not solved within 3600 seconds, Have 0 results.
num_cipher:	34
	Total vars:	67864
	Total clauses:	147794
	Test == masterkey, spend 4702916 clocks.
	Not solved within 3600 seconds, Have 0 results.
num_cipher:	35
	Total vars:	69832
	Total clauses:	152082
	Test == masterkey, spend 5803267 clocks.
	Not solved within 3600 seconds, Have 0 results.
num_cipher:	36
	Total vars:	71800
	Total clauses:	156370
	Test == masterkey, spend 5499614 clocks.
	Not solved within 3600 seconds, Have 0 results.
num_cipher:	37
	Total vars:	73768
	Total clauses:	160658
	Test == masterkey, spend 6955283 clocks.
	Not solved within 3600 seconds, Have 0 results.
num_cipher:	38
	Total vars:	75736
	Total clauses:	164946
	Test == masterkey, spend 7287742 clocks.
	Not solved within 3600 seconds, Have 0 results.
num_cipher:	39
	Total vars:	77704
	Total clauses:	169234
	Test == masterkey, spend 8356571 clocks.
	Not solved within 3600 seconds, Have 0 results.
num_cipher:	40
	Total vars:	79672
	Total clauses:	173522
	Test == masterkey, spend 8566489 clocks.
	Not solved within 3600 seconds, Have 0 results.
num_cipher:	41
	Total vars:	81640
	Total clauses:	177810
	Test == masterkey, spend 8702693 clocks.
解得主密钥:  1	00011101111100110001011011100010011111001111001001000110100101011100110000100011111000010011010100111110110011110011110111010001
	Have 1 results, spent 2828425460 clocks.
---------------------------------------------------------------------------------------------------
求得唯一解！
numAnalysesRounds:	6
startRound:	26
---------------------------------------------------------------------------------------------------
	Command being timed: "./bin/present128 1 6 32 50"
	User time (seconds): 35296.21
	System time (seconds): 24.01
	Percent of CPU this job got: 99%
	Elapsed (wall clock) time (h:mm:ss or m:ss): 9:48:44
	Average shared text size (kbytes): 0
	Average unshared data size (kbytes): 0
	Average stack size (kbytes): 0
	Average total size (kbytes): 0
	Maximum resident set size (kbytes): 199016
	Average resident set size (kbytes): 0
	Major (requiring I/O) page faults: 0
	Minor (reclaiming a frame) page faults: 503208
	Voluntary context switches: 1
	Involuntary context switches: 40539
	Swaps: 0
	File system inputs: 0
	File system outputs: 144
	Socket messages sent: 0
	Socket messages received: 0
	Signals delivered: 0
	Page size (bytes): 4096
	Exit status: 0
