sbox:	1100 0101 0110 1011 1001 0000 1010 1101 0011 1110 1111 1000 0100 0111 0001 0010 
y3 = 0  1  3  12  012  013  023  4  
y2 = 2  3  01  03  13  013  023  4  
y1 = 1  3  13  23  012  013  023  
y0 = 0  2  3  12  
e_sbox:	1101 0101 0110 1011 1001 0000 1010 1101 0011 1110 1111 1000 0100 0111 0001 0010 
y3' = 0  1  3  12  012  013  023  4  
y2' = 2  3  01  03  13  013  023  4  
y1' = 1  3  13  23  012  013  023  
y0' = 1  01  02  03  13  23  012  013  023  123  0123  4  
Max time :	3600
PRESENT_MODE:	128
SAT_MODE:	0
	SBOX_MODE:	101
	KSR_HAVEERROR:	0
	ENCYPT_HAVEERROR:	1
AnalysesRounds:	6
MinCiphers:	40
MaxCiphers:	60
Threads:	1
Master_key:	00011101111100110001011011100010011111001111001001000110100101011100110000100011111000010011010100111110110011110011110111010001
---------------------------------------------------------------------------------------------------
num_cipher:	40
	Total vars:	79672
	Total clauses:	173522
	Test == masterkey, spend 8426486 clocks.
	Not solved within 3600 seconds, Have 0 results.
num_cipher:	41
	Total vars:	81640
	Total clauses:	177810
	Test == masterkey, spend 8290035 clocks.
	Not solved within 3600 seconds, Have 0 results.
num_cipher:	42
	Total vars:	83608
	Total clauses:	182098
	Test == masterkey, spend 8214991 clocks.
	Not solved within 3600 seconds, Have 0 results.
num_cipher:	43
	Total vars:	85576
	Total clauses:	186386
	Test == masterkey, spend 8154420 clocks.
	Not solved within 3600 seconds, Have 0 results.
num_cipher:	44
	Total vars:	87544
	Total clauses:	190674
	Test == masterkey, spend 7919877 clocks.
解得主密钥:  1	00011101111100110001011011100010011111001111001001000110100101011100110000100011111000010011010100111110110011110011110111010001
	Have 2 results, spent 1261903706 clocks.
num_cipher:	45
	Total vars:	89512
	Total clauses:	194962
	Test == masterkey, spend 8639437 clocks.
解得主密钥:  1	00011101111100110001011011100010011111001111001001000110100101011100110000100011111000010011010100111110110011110011110111010001
	Have 1 results, spent 2813700646 clocks.
---------------------------------------------------------------------------------------------------
求得唯一解！
numAnalysesRounds:	6
startRound:	26
---------------------------------------------------------------------------------------------------
	Command being timed: "./bin/present128 1 6 40 60"
	User time (seconds): 18523.06
	System time (seconds): 18.06
	Percent of CPU this job got: 99%
	Elapsed (wall clock) time (h:mm:ss or m:ss): 5:09:03
	Average shared text size (kbytes): 0
	Average unshared data size (kbytes): 0
	Average stack size (kbytes): 0
	Average total size (kbytes): 0
	Maximum resident set size (kbytes): 199848
	Average resident set size (kbytes): 0
	Major (requiring I/O) page faults: 0
	Minor (reclaiming a frame) page faults: 424982
	Voluntary context switches: 1
	Involuntary context switches: 31523
	Swaps: 0
	File system inputs: 0
	File system outputs: 112
	Socket messages sent: 0
	Socket messages received: 0
	Signals delivered: 0
	Page size (bytes): 4096
	Exit status: 0
