sbox:	1100 0101 0110 1011 1001 0000 1010 1101 0011 1110 1111 1000 0100 0111 0001 0010 
y3 = 0  1  3  12  012  013  023  4  
y2 = 2  3  01  03  13  013  023  4  
y1 = 1  3  13  23  012  013  023  
y0 = 0  2  3  12  
e_sbox:	1101 0101 0110 1011 1001 0000 1010 1101 0011 1110 1111 1000 0100 0111 0001 0010 
y3' = 0  1  3  12  012  013  023  4  
y2' = 2  3  01  03  13  013  023  4  
y1' = 1  3  13  23  012  013  023  
y0' = 1  01  02  03  13  23  012  013  023  123  0123  4  
Max time :	3600
PRESENT_MODE:	128
SAT_MODE:	0
	SBOX_MODE:	101
	KSR_HAVEERROR:	0
	ENCYPT_HAVEERROR:	1
AnalysesRounds:	6
MinCiphers:	32
MaxCiphers:	50
Threads:	1
Master_key:	00011101111100110001011011100010011111001111001001000110100101011100110000100011111000010011010100111110110011110011110111010001
---------------------------------------------------------------------------------------------------
num_cipher:	32
	Total vars:	63928
	Total clauses:	139218
	Test == masterkey, spend 5652842 clocks.
	Not solved within 3600 seconds, Have 0 results.
num_cipher:	33
	Total vars:	65896
	Total clauses:	143506
	Test == masterkey, spend 6716555 clocks.
	Not solved within 3600 seconds, Have 0 results.
num_cipher:	34
	Total vars:	67864
	Total clauses:	147794
	Test == masterkey, spend 8012725 clocks.
	Not solved within 3600 seconds, Have 0 results.
num_cipher:	35
	Total vars:	69832
	Total clauses:	152082
	Test == masterkey, spend 7940904 clocks.
	Not solved within 3600 seconds, Have 0 results.
num_cipher:	36
	Total vars:	71800
	Total clauses:	156370
	Test == masterkey, spend 7759350 clocks.
	Not solved within 3600 seconds, Have 0 results.
num_cipher:	37
	Total vars:	73768
	Total clauses:	160658
	Test == masterkey, spend 8652476 clocks.
解得主密钥:  1	00011101111100110001011011100010011111001111001001000110100101011100110000100011111000010011010100111110110011110011110111010001
	Have 1 results, spent 2204315291 clocks.
---------------------------------------------------------------------------------------------------
求得唯一解！
numAnalysesRounds:	6
startRound:	26
---------------------------------------------------------------------------------------------------
	Command being timed: "./bin/present128 1 6 32 50"
	User time (seconds): 20250.46
	System time (seconds): 19.01
	Percent of CPU this job got: 99%
	Elapsed (wall clock) time (h:mm:ss or m:ss): 5:37:52
	Average shared text size (kbytes): 0
	Average unshared data size (kbytes): 0
	Average stack size (kbytes): 0
	Average total size (kbytes): 0
	Maximum resident set size (kbytes): 216448
	Average resident set size (kbytes): 0
	Major (requiring I/O) page faults: 0
	Minor (reclaiming a frame) page faults: 138238
	Voluntary context switches: 1
	Involuntary context switches: 38704
	Swaps: 0
	File system inputs: 0
	File system outputs: 104
	Socket messages sent: 0
	Socket messages received: 0
	Signals delivered: 0
	Page size (bytes): 4096
	Exit status: 0
