sbox:	1100 0101 0110 1011 1001 0000 1010 1101 0011 1110 1111 1000 0100 0111 0001 0010 
y3 = 0  1  3  12  012  013  023  4  
y2 = 2  3  01  03  13  013  023  4  
y1 = 1  3  13  23  012  013  023  
y0 = 0  2  3  12  
e_sbox:	1101 0101 0110 1011 1001 0000 1010 1101 0011 1110 1111 1000 0100 0111 0001 0010 
y3' = 0  1  3  12  012  013  023  4  
y2' = 2  3  01  03  13  013  023  4  
y1' = 1  3  13  23  012  013  023  
y0' = 1  01  02  03  13  23  012  013  023  123  0123  4  
Max time :	3600
PRESENT_MODE:	128
SAT_MODE:	0
	SBOX_MODE:	101
	KSR_HAVEERROR:	0
	ENCYPT_HAVEERROR:	1
AnalysesRounds:	7
MinCiphers:	40
MaxCiphers:	60
Threads:	1
Master_key:	00011101111100110001011011100010011111001111001001000110100101011100110000100011111000010011010100111110110011110011110111010001
---------------------------------------------------------------------------------------------------
num_cipher:	40
	Total vars:	94392
	Total clauses:	206802
	Test == masterkey, spend 13682532 clocks.
	Not solved within 3600 seconds, Have 0 results.
num_cipher:	41
	Total vars:	96728
	Total clauses:	211922
	Test == masterkey, spend 11571135 clocks.
	Not solved within 3600 seconds, Have 0 results.
num_cipher:	42
	Total vars:	99064
	Total clauses:	217042
	Test == masterkey, spend 14421346 clocks.
	Not solved within 3600 seconds, Have 0 results.
num_cipher:	43
	Total vars:	101400
	Total clauses:	222162
	Test == masterkey, spend 14932148 clocks.
解得主密钥:  1	00011101111100110001011011100010011111001111001001000110100101011100110000100011111000010011010100111110110011110011110111010001
	Have 1 results, spent 2079368415 clocks.
---------------------------------------------------------------------------------------------------
求得唯一解！
numAnalysesRounds:	7
startRound:	25
---------------------------------------------------------------------------------------------------
	Command being timed: "./bin/present128 1 7 40 60"
	User time (seconds): 12933.20
	System time (seconds): 10.67
	Percent of CPU this job got: 99%
	Elapsed (wall clock) time (h:mm:ss or m:ss): 3:35:45
	Average shared text size (kbytes): 0
	Average unshared data size (kbytes): 0
	Average stack size (kbytes): 0
	Average total size (kbytes): 0
	Maximum resident set size (kbytes): 219356
	Average resident set size (kbytes): 0
	Major (requiring I/O) page faults: 0
	Minor (reclaiming a frame) page faults: 191126
	Voluntary context switches: 1
	Involuntary context switches: 15804
	Swaps: 0
	File system inputs: 0
	File system outputs: 40
	Socket messages sent: 0
	Socket messages received: 0
	Signals delivered: 0
	Page size (bytes): 4096
	Exit status: 0
