sbox:	1100 0101 0110 1011 1001 0000 1010 1101 0011 1110 1111 1000 0100 0111 0001 0010 
y3 = 0  1  3  12  012  013  023  4  
y2 = 2  3  01  03  13  013  023  4  
y1 = 1  3  13  23  012  013  023  
y0 = 0  2  3  12  
e_sbox:	1101 0101 0110 1011 1001 0000 1010 1101 0011 1110 1111 1000 0100 0111 0001 0010 
y3' = 0  1  3  12  012  013  023  4  
y2' = 2  3  01  03  13  013  023  4  
y1' = 1  3  13  23  012  013  023  
y0' = 1  01  02  03  13  23  012  013  023  123  0123  4  
Max time :	3600
PRESENT_MODE:	128
SAT_MODE:	0
	SBOX_MODE:	101
	KSR_HAVEERROR:	0
	ENCYPT_HAVEERROR:	1
AnalysesRounds:	8
MinCiphers:	45
MaxCiphers:	60
Threads:	1
Master_key:	00011101111100110001011011100010011111001111001001000110100101011100110000100011111000010011010100111110110011110011110111010001
---------------------------------------------------------------------------------------------------
num_cipher:	45
	Total vars:	122632
	Total clauses:	269842
	Test == masterkey, spend 22531149 clocks.
	Not solved within 3600 seconds, Have 0 results.
num_cipher:	46
	Total vars:	125336
	Total clauses:	275794
	Test == masterkey, spend 23685808 clocks.
	Not solved within 3600 seconds, Have 0 results.
num_cipher:	47
	Total vars:	128040
	Total clauses:	281746
	Test == masterkey, spend 22420468 clocks.
	Not solved within 3600 seconds, Have 0 results.
num_cipher:	48
	Total vars:	130744
	Total clauses:	287698
	Test == masterkey, spend 23682625 clocks.
	Not solved within 3600 seconds, Have 0 results.
num_cipher:	49
	Total vars:	133448
	Total clauses:	293650
	Test == masterkey, spend 24647416 clocks.
	Not solved within 3600 seconds, Have 0 results.
num_cipher:	50
	Total vars:	136152
	Total clauses:	299602
	Test == masterkey, spend 27342839 clocks.
	Not solved within 3600 seconds, Have 0 results.
num_cipher:	51
	Total vars:	138856
	Total clauses:	305554
	Test == masterkey, spend 25067054 clocks.
解得主密钥:  1	00011101111100110001011011100010011111001111001001000110100101011100110000100011111000010011010100111110110011110011110111010001
	Have 1 results, spent 977929722 clocks.
---------------------------------------------------------------------------------------------------
求得唯一解！
numAnalysesRounds:	8
startRound:	24
---------------------------------------------------------------------------------------------------
	Command being timed: "./bin/present128 1 8 45 60"
	User time (seconds): 22751.43
	System time (seconds): 25.72
	Percent of CPU this job got: 99%
	Elapsed (wall clock) time (h:mm:ss or m:ss): 6:19:41
	Average shared text size (kbytes): 0
	Average unshared data size (kbytes): 0
	Average stack size (kbytes): 0
	Average total size (kbytes): 0
	Maximum resident set size (kbytes): 226640
	Average resident set size (kbytes): 0
	Major (requiring I/O) page faults: 0
	Minor (reclaiming a frame) page faults: 269418
	Voluntary context switches: 1
	Involuntary context switches: 36160
	Swaps: 0
	File system inputs: 0
	File system outputs: 120
	Socket messages sent: 0
	Socket messages received: 0
	Signals delivered: 0
	Page size (bytes): 4096
	Exit status: 0
