sbox:	1100 0101 0110 1011 1001 0000 1010 1101 0011 1110 1111 1000 0100 0111 0001 0010 
y3 = 0  1  3  12  012  013  023  4  
y2 = 2  3  01  03  13  013  023  4  
y1 = 1  3  13  23  012  013  023  
y0 = 0  2  3  12  
e_sbox:	1101 0101 0110 1011 1001 0000 1010 1101 0011 1110 1111 1000 0100 0111 0001 0010 
y3' = 0  1  3  12  012  013  023  4  
y2' = 2  3  01  03  13  013  023  4  
y1' = 1  3  13  23  012  013  023  
y0' = 1  01  02  03  13  23  012  013  023  123  0123  4  
Max time :	3600
PRESENT_MODE:	128
SAT_MODE:	0
	SBOX_MODE:	101
	KSR_HAVEERROR:	0
	ENCYPT_HAVEERROR:	1
AnalysesRounds:	8
MinCiphers:	32
MaxCiphers:	50
Threads:	1
Master_key:	00011101111100110001011011100010011111001111001001000110100101011100110000100011111000010011010100111110110011110011110111010001
---------------------------------------------------------------------------------------------------
num_cipher:	32
	Total vars:	87480
	Total clauses:	192466
	Test == masterkey, spend 16063770 clocks.
	Not solved within 3600 seconds, Have 0 results.
num_cipher:	33
	Total vars:	90184
	Total clauses:	198418
	Test == masterkey, spend 15652559 clocks.
	Not solved within 3600 seconds, Have 0 results.
num_cipher:	34
	Total vars:	92888
	Total clauses:	204370
	Test == masterkey, spend 15774056 clocks.
	Not solved within 3600 seconds, Have 0 results.
num_cipher:	35
	Total vars:	95592
	Total clauses:	210322
	Test == masterkey, spend 17517733 clocks.
	Not solved within 3600 seconds, Have 0 results.
num_cipher:	36
	Total vars:	98296
	Total clauses:	216274
	Test == masterkey, spend 26716377 clocks.
	Not solved within 3600 seconds, Have 0 results.
num_cipher:	37
	Total vars:	101000
	Total clauses:	222226
	Test == masterkey, spend 22291652 clocks.
	Not solved within 3600 seconds, Have 0 results.
num_cipher:	38
	Total vars:	103704
	Total clauses:	228178
	Test == masterkey, spend 21595970 clocks.
	Not solved within 3600 seconds, Have 0 results.
num_cipher:	39
	Total vars:	106408
	Total clauses:	234130
	Test == masterkey, spend 22128308 clocks.
	Not solved within 3600 seconds, Have 0 results.
num_cipher:	40
	Total vars:	109112
	Total clauses:	240082
	Test == masterkey, spend 26003827 clocks.
	Not solved within 3600 seconds, Have 0 results.
num_cipher:	41
	Total vars:	111816
	Total clauses:	246034
	Test == masterkey, spend 25836943 clocks.
	Not solved within 3600 seconds, Have 0 results.
num_cipher:	42
	Total vars:	114520
	Total clauses:	251986
	Test == masterkey, spend 26945321 clocks.
	Not solved within 3600 seconds, Have 0 results.
num_cipher:	43
	Total vars:	117224
	Total clauses:	257938
	Test == masterkey, spend 26870316 clocks.
	Not solved within 3600 seconds, Have 0 results.
num_cipher:	44
	Total vars:	119928
	Total clauses:	263890
	Test == masterkey, spend 31718791 clocks.
	Not solved within 3600 seconds, Have 0 results.
num_cipher:	45
	Total vars:	122632
	Total clauses:	269842
	Test == masterkey, spend 29610788 clocks.
	Not solved within 3600 seconds, Have 0 results.
num_cipher:	46
	Total vars:	125336
	Total clauses:	275794
	Test == masterkey, spend 34564919 clocks.
	Not solved within 3600 seconds, Have 0 results.
num_cipher:	47
	Total vars:	128040
	Total clauses:	281746
	Test == masterkey, spend 31124782 clocks.
	Not solved within 3600 seconds, Have 0 results.
num_cipher:	48
	Total vars:	130744
	Total clauses:	287698
	Test == masterkey, spend 33723768 clocks.
	Not solved within 3600 seconds, Have 0 results.
num_cipher:	49
	Total vars:	133448
	Total clauses:	293650
	Test == masterkey, spend 33895101 clocks.
	Not solved within 3600 seconds, Have 0 results.
num_cipher:	50
	Total vars:	136152
	Total clauses:	299602
	Test == masterkey, spend 31603124 clocks.
	Not solved within 3600 seconds, Have 0 results.
---------------------------------------------------------------------------------------------------
	Command being timed: "./bin/present128 1 8 32 50"
	User time (seconds): 68900.72
	System time (seconds): 119.82
	Percent of CPU this job got: 99%
	Elapsed (wall clock) time (h:mm:ss or m:ss): 19:10:29
	Average shared text size (kbytes): 0
	Average unshared data size (kbytes): 0
	Average stack size (kbytes): 0
	Average total size (kbytes): 0
	Maximum resident set size (kbytes): 249300
	Average resident set size (kbytes): 0
	Major (requiring I/O) page faults: 0
	Minor (reclaiming a frame) page faults: 1189966
	Voluntary context switches: 1
	Involuntary context switches: 130851
	Swaps: 0
	File system inputs: 0
	File system outputs: 312
	Socket messages sent: 0
	Socket messages received: 0
	Signals delivered: 0
	Page size (bytes): 4096
	Exit status: 0
