sbox:	1100 0101 0110 1011 1001 0000 1010 1101 0011 1110 1111 1000 0100 0111 0001 0010 
y3 = 0  1  3  12  012  013  023  4  
y2 = 2  3  01  03  13  013  023  4  
y1 = 1  3  13  23  012  013  023  
y0 = 0  2  3  12  
e_sbox:	1101 0101 0110 1011 1001 0000 1010 1101 0011 1110 1111 1000 0100 0111 0001 0010 
y3' = 0  1  3  12  012  013  023  4  
y2' = 2  3  01  03  13  013  023  4  
y1' = 1  3  13  23  012  013  023  
y0' = 1  01  02  03  13  23  012  013  023  123  0123  4  
Max time :	3600
PRESENT_MODE:	128
SAT_MODE:	0
	SBOX_MODE:	101
	KSR_HAVEERROR:	0
	ENCYPT_HAVEERROR:	1
AnalysesRounds:	8
MinCiphers:	32
MaxCiphers:	50
Threads:	1
Master_key:	00011101111100110001011011100010011111001111001001000110100101011100110000100011111000010011010100111110110011110011110111010001
---------------------------------------------------------------------------------------------------
num_cipher:	32
	Total vars:	87480
	Total clauses:	192466
	Test == masterkey, spend 9933123 clocks.
	Not solved within 3600 seconds, Have 0 results.
num_cipher:	33
	Total vars:	90184
	Total clauses:	198418
	Test == masterkey, spend 10272518 clocks.
	Not solved within 3600 seconds, Have 0 results.
num_cipher:	34
	Total vars:	92888
	Total clauses:	204370
	Test == masterkey, spend 12182360 clocks.
	Not solved within 3600 seconds, Have 0 results.
num_cipher:	35
	Total vars:	95592
	Total clauses:	210322
	Test == masterkey, spend 12224726 clocks.
	Not solved within 3600 seconds, Have 0 results.
num_cipher:	36
	Total vars:	98296
	Total clauses:	216274
	Test == masterkey, spend 15224399 clocks.
	Not solved within 3600 seconds, Have 0 results.
num_cipher:	37
	Total vars:	101000
	Total clauses:	222226
	Test == masterkey, spend 15505250 clocks.
	Not solved within 3600 seconds, Have 0 results.
num_cipher:	38
	Total vars:	103704
	Total clauses:	228178
	Test == masterkey, spend 15565349 clocks.
	Not solved within 3600 seconds, Have 0 results.
num_cipher:	39
	Total vars:	106408
	Total clauses:	234130
	Test == masterkey, spend 18301441 clocks.
	Not solved within 3600 seconds, Have 0 results.
num_cipher:	40
	Total vars:	109112
	Total clauses:	240082
	Test == masterkey, spend 16881575 clocks.
	Not solved within 3600 seconds, Have 0 results.
num_cipher:	41
	Total vars:	111816
	Total clauses:	246034
	Test == masterkey, spend 18020998 clocks.
	Not solved within 3600 seconds, Have 0 results.
num_cipher:	42
	Total vars:	114520
	Total clauses:	251986
	Test == masterkey, spend 17562784 clocks.
	Not solved within 3600 seconds, Have 0 results.
num_cipher:	43
	Total vars:	117224
	Total clauses:	257938
	Test == masterkey, spend 23452999 clocks.
	Not solved within 3600 seconds, Have 0 results.
num_cipher:	44
	Total vars:	119928
	Total clauses:	263890
	Test == masterkey, spend 19543244 clocks.
解得主密钥:  1	00011101111100110001011011100010011111001111001001000110100101011100110000100011111000010011010100111110110011110011110111010001
	Have 1 results, spent 2923265778 clocks.
---------------------------------------------------------------------------------------------------
求得唯一解！
numAnalysesRounds:	8
startRound:	24
---------------------------------------------------------------------------------------------------
	Command being timed: "./bin/present128 1 8 32 50"
	User time (seconds): 46334.15
	System time (seconds): 53.98
	Percent of CPU this job got: 99%
	Elapsed (wall clock) time (h:mm:ss or m:ss): 12:53:17
	Average shared text size (kbytes): 0
	Average unshared data size (kbytes): 0
	Average stack size (kbytes): 0
	Average total size (kbytes): 0
	Maximum resident set size (kbytes): 241308
	Average resident set size (kbytes): 0
	Major (requiring I/O) page faults: 0
	Minor (reclaiming a frame) page faults: 448496
	Voluntary context switches: 1
	Involuntary context switches: 94889
	Swaps: 0
	File system inputs: 0
	File system outputs: 216
	Socket messages sent: 0
	Socket messages received: 0
	Signals delivered: 0
	Page size (bytes): 4096
	Exit status: 0
