sbox:	1100 0101 0110 1011 1001 0000 1010 1101 0011 1110 1111 1000 0100 0111 0001 0010 
y3 = 0  1  3  12  012  013  023  4  
y2 = 2  3  01  03  13  013  023  4  
y1 = 1  3  13  23  012  013  023  
y0 = 0  2  3  12  
e_sbox:	1101 0101 0110 1011 1001 0000 1010 1101 0011 1110 1111 1000 0100 0111 0001 0010 
y3' = 0  1  3  12  012  013  023  4  
y2' = 2  3  01  03  13  013  023  4  
y1' = 1  3  13  23  012  013  023  
y0' = 1  01  02  03  13  23  012  013  023  123  0123  4  
Max time :	3600
PRESENT_MODE:	128
SAT_MODE:	0
	SBOX_MODE:	101
	KSR_HAVEERROR:	0
	ENCYPT_HAVEERROR:	1
AnalysesRounds:	9
MinCiphers:	40
MaxCiphers:	60
Threads:	1
Master_key:	00011101111100110001011011100010011111001111001001000110100101011100110000100011111000010011010100111110110011110011110111010001
---------------------------------------------------------------------------------------------------
num_cipher:	40
	Total vars:	123832
	Total clauses:	273362
	Test == masterkey, spend 29941589 clocks.
	Not solved within 3600 seconds, Have 0 results.
num_cipher:	41
	Total vars:	126904
	Total clauses:	280146
	Test == masterkey, spend 27209133 clocks.
	Not solved within 3600 seconds, Have 0 results.
num_cipher:	42
	Total vars:	129976
	Total clauses:	286930
	Test == masterkey, spend 26673205 clocks.
	Not solved within 3600 seconds, Have 0 results.
num_cipher:	43
	Total vars:	133048
	Total clauses:	293714
	Test == masterkey, spend 29409952 clocks.
	Not solved within 3600 seconds, Have 0 results.
num_cipher:	44
	Total vars:	136120
	Total clauses:	300498
	Test == masterkey, spend 26629525 clocks.
	Not solved within 3600 seconds, Have 0 results.
num_cipher:	45
	Total vars:	139192
	Total clauses:	307282
	Test == masterkey, spend 28091536 clocks.
	Not solved within 3600 seconds, Have 0 results.
num_cipher:	46
	Total vars:	142264
	Total clauses:	314066
	Test == masterkey, spend 30672601 clocks.
	Not solved within 3600 seconds, Have 0 results.
num_cipher:	47
	Total vars:	145336
	Total clauses:	320850
	Test == masterkey, spend 31379672 clocks.
	Not solved within 3600 seconds, Have 0 results.
num_cipher:	48
	Total vars:	148408
	Total clauses:	327634
	Test == masterkey, spend 42019476 clocks.
	Not solved within 3600 seconds, Have 0 results.
num_cipher:	49
	Total vars:	151480
	Total clauses:	334418
	Test == masterkey, spend 42221474 clocks.
	Not solved within 3600 seconds, Have 0 results.
num_cipher:	50
	Total vars:	154552
	Total clauses:	341202
	Test == masterkey, spend 42136633 clocks.
	Not solved within 3600 seconds, Have 0 results.
num_cipher:	51
	Total vars:	157624
	Total clauses:	347986
	Test == masterkey, spend 43941532 clocks.
	Not solved within 3600 seconds, Have 0 results.
num_cipher:	52
	Total vars:	160696
	Total clauses:	354770
	Test == masterkey, spend 42921716 clocks.
	Not solved within 3600 seconds, Have 0 results.
num_cipher:	53
	Total vars:	163768
	Total clauses:	361554
	Test == masterkey, spend 48768657 clocks.
解得主密钥:  1	00011101111100110001011011100010011111001111001001000110100101011100110000100011111000010011010100111110110011110011110111010001
	Have 1 results, spent 3516207567 clocks.
---------------------------------------------------------------------------------------------------
求得唯一解！
numAnalysesRounds:	9
startRound:	23
---------------------------------------------------------------------------------------------------
	Command being timed: "./bin/present128 1 9 40 60"
	User time (seconds): 50811.63
	System time (seconds): 48.30
	Percent of CPU this job got: 99%
	Elapsed (wall clock) time (h:mm:ss or m:ss): 14:07:47
	Average shared text size (kbytes): 0
	Average unshared data size (kbytes): 0
	Average stack size (kbytes): 0
	Average total size (kbytes): 0
	Maximum resident set size (kbytes): 265532
	Average resident set size (kbytes): 0
	Major (requiring I/O) page faults: 0
	Minor (reclaiming a frame) page faults: 605250
	Voluntary context switches: 1
	Involuntary context switches: 72857
	Swaps: 0
	File system inputs: 0
	File system outputs: 240
	Socket messages sent: 0
	Socket messages received: 0
	Signals delivered: 0
	Page size (bytes): 4096
	Exit status: 0
