sbox:	1100 0110 1001 0000 0001 1010 0010 1011 0011 1000 0101 1101 0100 1110 0111 1111 
8 = (2'+0+7')(1+7'+4')(0'+7+4')(3'+1'+6)(1'+6'+4)(3+0+7+6')(2'+7'+5)(2+1+7+5)(2+1'+5')(2'+0'+7)(2+6+5'+4)(0+6+5+4)(3+7'+6'+5')(3'+2+1+6')(2'+1+7+5')(3+0'+7'+5)(1'+7+6+4')(3'+2'+5+4')(0+7'+6'+4')(3+2+7+4')(1'+7'+4)(3'+2'+6)
e_sbox:	1101 0110 1001 0000 0001 1010 0010 1011 0011 1000 0101 1101 0100 1110 0111 1111 
8 = (3'+2'+6)(2'+1'+5)(1+0'+4')(2+0+4)(2'+0+7')(3'+2+6'+5')(2+1+7+5)(3'+0'+7)(3'+1'+6)(3+7+6'+4')(1'+6'+4)(2'+1+7+5')(3+7'+6'+5')(3+2+6+5')(3+0'+7'+5)(1'+7+6+4')(1'+0'+5'+4)(3'+1+5+4')(7'+6'+5+4)(3+1+5+4)(1+7'+6+4')(1'+0+7'+6')(2+6+5'+4)
Max time :	3600
SKINNY_MODE:	64
TWEAKEY_MODE:	2
SAT_MODE:	2
	SBOX_MODE:	102
	ENCYPT_HAVEERROR:	301
AnalysesRounds:	12
MinCiphers:	32
MaxCiphers:	80
Threads:	1
---------------------------------------------------------------------------------------------------
num_cipher:	32
	Total vars:	84920
	Total clauses:	207672
	Test == masterkey, spend 9279648 clocks.
	Not solved within 3600 seconds, Have 0 results.
num_cipher:	33
	Total vars:	87525
	Total clauses:	214117
	Test == masterkey, spend 7959000 clocks.
	Not solved within 3600 seconds, Have 0 results.
num_cipher:	34
	Total vars:	90130
	Total clauses:	220562
	Test == masterkey, spend 8314587 clocks.
	Not solved within 3600 seconds, Have 0 results.
num_cipher:	35
	Total vars:	92735
	Total clauses:	227007
	Test == masterkey, spend 7499533 clocks.
	Not solved within 3600 seconds, Have 0 results.
num_cipher:	36
	Total vars:	95340
	Total clauses:	233452
	Test == masterkey, spend 8523250 clocks.
	Not solved within 3600 seconds, Have 0 results.
num_cipher:	37
	Total vars:	97945
	Total clauses:	239897
	Test == masterkey, spend 9629088 clocks.
	Not solved within 3600 seconds, Have 0 results.
num_cipher:	38
	Total vars:	100550
	Total clauses:	246342
	Test == masterkey, spend 8263995 clocks.
	Not solved within 3600 seconds, Have 0 results.
num_cipher:	39
	Total vars:	103155
	Total clauses:	252787
	Test == masterkey, spend 9141717 clocks.
	Not solved within 3600 seconds, Have 0 results.
num_cipher:	40
	Total vars:	105760
	Total clauses:	259232
	Test == masterkey, spend 9702190 clocks.
解得主密钥:  1	11010110000111110011000100011100010011111001100110110011111110100100010101010111011000110001111001100100101001011111011101010101
	Have 1 results, spent 880469187 clocks.
---------------------------------------------------------------------------------------------------
求得唯一解！
numAnalysesRounds:	12
startRound:	24
---------------------------------------------------------------------------------------------------
	Command being timed: "./bin/skinny_64_2_NS 1 12 32 80"
	User time (seconds): 29763.94
	System time (seconds): 80.46
	Percent of CPU this job got: 99%
	Elapsed (wall clock) time (h:mm:ss or m:ss): 8:17:31
	Average shared text size (kbytes): 0
	Average unshared data size (kbytes): 0
	Average stack size (kbytes): 0
	Average total size (kbytes): 0
	Maximum resident set size (kbytes): 266048
	Average resident set size (kbytes): 0
	Major (requiring I/O) page faults: 0
	Minor (reclaiming a frame) page faults: 6454715
	Voluntary context switches: 0
	Involuntary context switches: 84387
	Swaps: 0
	File system inputs: 0
	File system outputs: 152
	Socket messages sent: 0
	Socket messages received: 0
	Signals delivered: 0
	Page size (bytes): 4096
	Exit status: 0
