sbox:	1100 0110 1001 0000 0001 1010 0010 1011 0011 1000 0101 1101 0100 1110 0111 1111 
8 = (2'+0+7')(1+7'+4')(0'+7+4')(3'+1'+6)(1'+6'+4)(3+0+7+6')(2'+7'+5)(2+1+7+5)(2+1'+5')(2'+0'+7)(2+6+5'+4)(0+6+5+4)(3+7'+6'+5')(3'+2+1+6')(2'+1+7+5')(3+0'+7'+5)(1'+7+6+4')(3'+2'+5+4')(0+7'+6'+4')(3+2+7+4')(1'+7'+4)(3'+2'+6)
e_sbox:	1101 0110 1001 0000 0001 1010 0010 1011 0011 1000 0101 1101 0100 1110 0111 1111 
8 = (3'+2'+6)(2'+1'+5)(1+0'+4')(2+0+4)(2'+0+7')(3'+2+6'+5')(2+1+7+5)(3'+0'+7)(3'+1'+6)(3+7+6'+4')(1'+6'+4)(2'+1+7+5')(3+7'+6'+5')(3+2+6+5')(3+0'+7'+5)(1'+7+6+4')(1'+0'+5'+4)(3'+1+5+4')(7'+6'+5+4)(3+1+5+4)(1+7'+6+4')(1'+0+7'+6')(2+6+5'+4)
Max time :	3600
SKINNY_MODE:	64
TWEAKEY_MODE:	2
SAT_MODE:	2
	SBOX_MODE:	102
	ENCYPT_HAVEERROR:	301
AnalysesRounds:	6
MinCiphers:	32
MaxCiphers:	80
Threads:	1
---------------------------------------------------------------------------------------------------
num_cipher:	32
	Total vars:	44280
	Total clauses:	105592
	Test == masterkey, spend 1258877 clocks.
	Not solved within 3600 seconds, Have 867 results.
num_cipher:	33
	Total vars:	45615
	Total clauses:	108847
	Test == masterkey, spend 1259759 clocks.
	Have more than 1024 results, spent 2247278448 clocks.
num_cipher:	34
	Total vars:	46950
	Total clauses:	112102
	Test == masterkey, spend 1299130 clocks.
	Have more than 1024 results, spent 1996642956 clocks.
num_cipher:	35
	Total vars:	48285
	Total clauses:	115357
	Test == masterkey, spend 1123489 clocks.
	Have more than 1024 results, spent 1147124804 clocks.
num_cipher:	36
	Total vars:	49620
	Total clauses:	118612
	Test == masterkey, spend 1321384 clocks.
	Have more than 1024 results, spent 804980972 clocks.
num_cipher:	37
	Total vars:	50955
	Total clauses:	121867
	Test == masterkey, spend 1214269 clocks.
	Have more than 1024 results, spent 634575424 clocks.
num_cipher:	38
	Total vars:	52290
	Total clauses:	125122
	Test == masterkey, spend 1304480 clocks.
	Have more than 1024 results, spent 604140228 clocks.
num_cipher:	39
	Total vars:	53625
	Total clauses:	128377
	Test == masterkey, spend 1214234 clocks.
	Have more than 1024 results, spent 225707862 clocks.
num_cipher:	40
	Total vars:	54960
	Total clauses:	131632
	Test == masterkey, spend 1600557 clocks.
	Have more than 1024 results, spent 168309607 clocks.
num_cipher:	41
	Total vars:	56295
	Total clauses:	134887
	Test == masterkey, spend 1298729 clocks.
解得主密钥:  816	11010110000111110011000100011100010011111001100110110011111110100100010101010111011000110001111001100100101001011111011101010101
	Have 900 results, spent 124407850 clocks.
num_cipher:	42
	Total vars:	57630
	Total clauses:	138142
	Test == masterkey, spend 1316010 clocks.
解得主密钥:  627	11010110000111110011000100011100010011111001100110110011111110100100010101010111011000110001111001100100101001011111011101010101
	Have 900 results, spent 129498333 clocks.
num_cipher:	43
	Total vars:	58965
	Total clauses:	141397
	Test == masterkey, spend 1629809 clocks.
解得主密钥:  548	11010110000111110011000100011100010011111001100110110011111110100100010101010111011000110001111001100100101001011111011101010101
	Have 900 results, spent 144993531 clocks.
num_cipher:	44
	Total vars:	60300
	Total clauses:	144652
	Test == masterkey, spend 1723240 clocks.
解得主密钥:  17	11010110000111110011000100011100010011111001100110110011111110100100010101010111011000110001111001100100101001011111011101010101
	Have 455 results, spent 70854859 clocks.
num_cipher:	45
	Total vars:	61635
	Total clauses:	147907
	Test == masterkey, spend 1694580 clocks.
解得主密钥:  78	11010110000111110011000100011100010011111001100110110011111110100100010101010111011000110001111001100100101001011111011101010101
	Have 318 results, spent 68072536 clocks.
num_cipher:	46
	Total vars:	62970
	Total clauses:	151162
	Test == masterkey, spend 1782711 clocks.
解得主密钥:  14	11010110000111110011000100011100010011111001100110110011111110100100010101010111011000110001111001100100101001011111011101010101
	Have 102 results, spent 38776577 clocks.
num_cipher:	47
	Total vars:	64305
	Total clauses:	154417
	Test == masterkey, spend 1878585 clocks.
解得主密钥:  18	11010110000111110011000100011100010011111001100110110011111110100100010101010111011000110001111001100100101001011111011101010101
	Have 102 results, spent 40178170 clocks.
num_cipher:	48
	Total vars:	65640
	Total clauses:	157672
	Test == masterkey, spend 2262621 clocks.
解得主密钥:  15	11010110000111110011000100011100010011111001100110110011111110100100010101010111011000110001111001100100101001011111011101010101
	Have 81 results, spent 39043451 clocks.
num_cipher:	49
	Total vars:	66975
	Total clauses:	160927
	Test == masterkey, spend 2137014 clocks.
解得主密钥:  41	11010110000111110011000100011100010011111001100110110011111110100100010101010111011000110001111001100100101001011111011101010101
	Have 81 results, spent 41205004 clocks.
num_cipher:	50
	Total vars:	68310
	Total clauses:	164182
	Test == masterkey, spend 2398943 clocks.
解得主密钥:  14	11010110000111110011000100011100010011111001100110110011111110100100010101010111011000110001111001100100101001011111011101010101
	Have 52 results, spent 31514384 clocks.
num_cipher:	51
	Total vars:	69645
	Total clauses:	167437
	Test == masterkey, spend 2342259 clocks.
解得主密钥:  20	11010110000111110011000100011100010011111001100110110011111110100100010101010111011000110001111001100100101001011111011101010101
	Have 50 results, spent 30288919 clocks.
num_cipher:	52
	Total vars:	70980
	Total clauses:	170692
	Test == masterkey, spend 2605782 clocks.
解得主密钥:  36	11010110000111110011000100011100010011111001100110110011111110100100010101010111011000110001111001100100101001011111011101010101
	Have 49 results, spent 34061193 clocks.
num_cipher:	53
	Total vars:	72315
	Total clauses:	173947
	Test == masterkey, spend 2529520 clocks.
解得主密钥:  32	11010110000111110011000100011100010011111001100110110011111110100100010101010111011000110001111001100100101001011111011101010101
	Have 33 results, spent 29751884 clocks.
num_cipher:	54
	Total vars:	73650
	Total clauses:	177202
	Test == masterkey, spend 2383525 clocks.
解得主密钥:  4	11010110000111110011000100011100010011111001100110110011111110100100010101010111011000110001111001100100101001011111011101010101
	Have 17 results, spent 24294481 clocks.
num_cipher:	55
	Total vars:	74985
	Total clauses:	180457
	Test == masterkey, spend 3094510 clocks.
解得主密钥:  6	11010110000111110011000100011100010011111001100110110011111110100100010101010111011000110001111001100100101001011111011101010101
	Have 17 results, spent 24955968 clocks.
num_cipher:	56
	Total vars:	76320
	Total clauses:	183712
	Test == masterkey, spend 2971383 clocks.
解得主密钥:  13	11010110000111110011000100011100010011111001100110110011111110100100010101010111011000110001111001100100101001011111011101010101
	Have 17 results, spent 28041928 clocks.
num_cipher:	57
	Total vars:	77655
	Total clauses:	186967
	Test == masterkey, spend 3334805 clocks.
解得主密钥:  13	11010110000111110011000100011100010011111001100110110011111110100100010101010111011000110001111001100100101001011111011101010101
	Have 17 results, spent 25615169 clocks.
num_cipher:	58
	Total vars:	78990
	Total clauses:	190222
	Test == masterkey, spend 3164082 clocks.
解得主密钥:  9	11010110000111110011000100011100010011111001100110110011111110100100010101010111011000110001111001100100101001011111011101010101
	Have 13 results, spent 24065710 clocks.
num_cipher:	59
	Total vars:	80325
	Total clauses:	193477
	Test == masterkey, spend 3518960 clocks.
解得主密钥:  5	11010110000111110011000100011100010011111001100110110011111110100100010101010111011000110001111001100100101001011111011101010101
	Have 13 results, spent 22873659 clocks.
num_cipher:	60
	Total vars:	81660
	Total clauses:	196732
	Test == masterkey, spend 3801549 clocks.
解得主密钥:  9	11010110000111110011000100011100010011111001100110110011111110100100010101010111011000110001111001100100101001011111011101010101
	Have 13 results, spent 24032432 clocks.
num_cipher:	61
	Total vars:	82995
	Total clauses:	199987
	Test == masterkey, spend 3964964 clocks.
解得主密钥:  7	11010110000111110011000100011100010011111001100110110011111110100100010101010111011000110001111001100100101001011111011101010101
	Have 13 results, spent 22549470 clocks.
num_cipher:	62
	Total vars:	84330
	Total clauses:	203242
	Test == masterkey, spend 3821139 clocks.
解得主密钥:  8	11010110000111110011000100011100010011111001100110110011111110100100010101010111011000110001111001100100101001011111011101010101
	Have 12 results, spent 22388258 clocks.
num_cipher:	63
	Total vars:	85665
	Total clauses:	206497
	Test == masterkey, spend 4365339 clocks.
解得主密钥:  1	11010110000111110011000100011100010011111001100110110011111110100100010101010111011000110001111001100100101001011111011101010101
	Have 12 results, spent 27837557 clocks.
num_cipher:	64
	Total vars:	87000
	Total clauses:	209752
	Test == masterkey, spend 4213983 clocks.
解得主密钥:  8	11010110000111110011000100011100010011111001100110110011111110100100010101010111011000110001111001100100101001011111011101010101
	Have 9 results, spent 24768094 clocks.
num_cipher:	65
	Total vars:	88335
	Total clauses:	213007
	Test == masterkey, spend 4838246 clocks.
解得主密钥:  9	11010110000111110011000100011100010011111001100110110011111110100100010101010111011000110001111001100100101001011111011101010101
	Have 9 results, spent 26170494 clocks.
num_cipher:	66
	Total vars:	89670
	Total clauses:	216262
	Test == masterkey, spend 4627233 clocks.
解得主密钥:  1	11010110000111110011000100011100010011111001100110110011111110100100010101010111011000110001111001100100101001011111011101010101
	Have 9 results, spent 21553491 clocks.
num_cipher:	67
	Total vars:	91005
	Total clauses:	219517
	Test == masterkey, spend 4502020 clocks.
解得主密钥:  5	11010110000111110011000100011100010011111001100110110011111110100100010101010111011000110001111001100100101001011111011101010101
	Have 9 results, spent 24641931 clocks.
num_cipher:	68
	Total vars:	92340
	Total clauses:	222772
	Test == masterkey, spend 4412419 clocks.
解得主密钥:  2	11010110000111110011000100011100010011111001100110110011111110100100010101010111011000110001111001100100101001011111011101010101
	Have 9 results, spent 21751007 clocks.
num_cipher:	69
	Total vars:	93675
	Total clauses:	226027
	Test == masterkey, spend 4591932 clocks.
解得主密钥:  6	11010110000111110011000100011100010011111001100110110011111110100100010101010111011000110001111001100100101001011111011101010101
	Have 9 results, spent 20978251 clocks.
num_cipher:	70
	Total vars:	95010
	Total clauses:	229282
	Test == masterkey, spend 5107723 clocks.
解得主密钥:  1	11010110000111110011000100011100010011111001100110110011111110100100010101010111011000110001111001100100101001011111011101010101
	Have 9 results, spent 19620415 clocks.
num_cipher:	71
	Total vars:	96345
	Total clauses:	232537
	Test == masterkey, spend 5938717 clocks.
解得主密钥:  9	11010110000111110011000100011100010011111001100110110011111110100100010101010111011000110001111001100100101001011111011101010101
	Have 9 results, spent 17200286 clocks.
num_cipher:	72
	Total vars:	97680
	Total clauses:	235792
	Test == masterkey, spend 5185556 clocks.
解得主密钥:  1	11010110000111110011000100011100010011111001100110110011111110100100010101010111011000110001111001100100101001011111011101010101
	Have 7 results, spent 20518164 clocks.
num_cipher:	73
	Total vars:	99015
	Total clauses:	239047
	Test == masterkey, spend 5425802 clocks.
解得主密钥:  2	11010110000111110011000100011100010011111001100110110011111110100100010101010111011000110001111001100100101001011111011101010101
	Have 3 results, spent 19222159 clocks.
num_cipher:	74
	Total vars:	100350
	Total clauses:	242302
	Test == masterkey, spend 5709653 clocks.
解得主密钥:  1	11010110000111110011000100011100010011111001100110110011111110100100010101010111011000110001111001100100101001011111011101010101
	Have 3 results, spent 17924897 clocks.
num_cipher:	75
	Total vars:	101685
	Total clauses:	245557
	Test == masterkey, spend 4984554 clocks.
解得主密钥:  3	11010110000111110011000100011100010011111001100110110011111110100100010101010111011000110001111001100100101001011111011101010101
	Have 3 results, spent 19271263 clocks.
num_cipher:	76
	Total vars:	103020
	Total clauses:	248812
	Test == masterkey, spend 4699112 clocks.
解得主密钥:  1	11010110000111110011000100011100010011111001100110110011111110100100010101010111011000110001111001100100101001011111011101010101
	Have 3 results, spent 20114851 clocks.
num_cipher:	77
	Total vars:	104355
	Total clauses:	252067
	Test == masterkey, spend 6337252 clocks.
解得主密钥:  1	11010110000111110011000100011100010011111001100110110011111110100100010101010111011000110001111001100100101001011111011101010101
	Have 3 results, spent 18254343 clocks.
num_cipher:	78
	Total vars:	105690
	Total clauses:	255322
	Test == masterkey, spend 5560691 clocks.
解得主密钥:  1	11010110000111110011000100011100010011111001100110110011111110100100010101010111011000110001111001100100101001011111011101010101
	Have 3 results, spent 14986803 clocks.
num_cipher:	79
	Total vars:	107025
	Total clauses:	258577
	Test == masterkey, spend 5649693 clocks.
解得主密钥:  1	11010110000111110011000100011100010011111001100110110011111110100100010101010111011000110001111001100100101001011111011101010101
	Have 3 results, spent 18550573 clocks.
num_cipher:	80
	Total vars:	108360
	Total clauses:	261832
	Test == masterkey, spend 6136870 clocks.
解得主密钥:  1	11010110000111110011000100011100010011111001100110110011111110100100010101010111011000110001111001100100101001011111011101010101
	Have 3 results, spent 19821368 clocks.
---------------------------------------------------------------------------------------------------
	Command being timed: "./bin/skinny_64_2_NS 1 6 32 80"
	User time (seconds): 13004.74
	System time (seconds): 15.92
	Percent of CPU this job got: 99%
	Elapsed (wall clock) time (h:mm:ss or m:ss): 3:37:01
	Average shared text size (kbytes): 0
	Average unshared data size (kbytes): 0
	Average stack size (kbytes): 0
	Average total size (kbytes): 0
	Maximum resident set size (kbytes): 184856
	Average resident set size (kbytes): 0
	Major (requiring I/O) page faults: 0
	Minor (reclaiming a frame) page faults: 1547450
	Voluntary context switches: 1
	Involuntary context switches: 20056
	Swaps: 0
	File system inputs: 0
	File system outputs: 656
	Socket messages sent: 0
	Socket messages received: 0
	Signals delivered: 0
	Page size (bytes): 4096
	Exit status: 0
