sbox:	1100 0110 1001 0000 0001 1010 0010 1011 0011 1000 0101 1101 0100 1110 0111 1111 
8 = (2'+0+7')(1+7'+4')(0'+7+4')(3'+1'+6)(1'+6'+4)(3+0+7+6')(2'+7'+5)(2+1+7+5)(2+1'+5')(2'+0'+7)(2+6+5'+4)(0+6+5+4)(3+7'+6'+5')(3'+2+1+6')(2'+1+7+5')(3+0'+7'+5)(1'+7+6+4')(3'+2'+5+4')(0+7'+6'+4')(3+2+7+4')(1'+7'+4)(3'+2'+6)
e_sbox:	1101 0110 1001 0000 0001 1010 0010 1011 0011 1000 0101 1101 0100 1110 0111 1111 
8 = (3'+2'+6)(2'+1'+5)(1+0'+4')(2+0+4)(2'+0+7')(3'+2+6'+5')(2+1+7+5)(3'+0'+7)(3'+1'+6)(3+7+6'+4')(1'+6'+4)(2'+1+7+5')(3+7'+6'+5')(3+2+6+5')(3+0'+7'+5)(1'+7+6+4')(1'+0'+5'+4)(3'+1+5+4')(7'+6'+5+4)(3+1+5+4)(1+7'+6+4')(1'+0+7'+6')(2+6+5'+4)
Max time :	3600
SKINNY_MODE:	64
TWEAKEY_MODE:	2
SAT_MODE:	2
	SBOX_MODE:	102
	ENCYPT_HAVEERROR:	301
AnalysesRounds:	7
MinCiphers:	32
MaxCiphers:	80
Threads:	1
---------------------------------------------------------------------------------------------------
num_cipher:	32
	Total vars:	51096
	Total clauses:	122648
	Test == masterkey, spend 1302021 clocks.
	Not solved within 3600 seconds, Have 2 results.
num_cipher:	33
	Total vars:	52644
	Total clauses:	126436
	Test == masterkey, spend 1315599 clocks.
	Not solved within 3600 seconds, Have 12 results.
num_cipher:	34
	Total vars:	54192
	Total clauses:	130224
	Test == masterkey, spend 1308074 clocks.
	Not solved within 3600 seconds, Have 13 results.
num_cipher:	35
	Total vars:	55740
	Total clauses:	134012
	Test == masterkey, spend 1466120 clocks.
	Not solved within 3600 seconds, Have 8 results.
num_cipher:	36
	Total vars:	57288
	Total clauses:	137800
	Test == masterkey, spend 1632258 clocks.
	Not solved within 3600 seconds, Have 14 results.
num_cipher:	37
	Total vars:	58836
	Total clauses:	141588
	Test == masterkey, spend 1840794 clocks.
解得主密钥:  2	11010110000111110011000100011100010011111001100110110011111110100100010101010111011000110001111001100100101001011111011101010101
	Not solved within 3600 seconds, Have 3 results.
num_cipher:	38
	Total vars:	60384
	Total clauses:	145376
	Test == masterkey, spend 1892773 clocks.
解得主密钥:  5	11010110000111110011000100011100010011111001100110110011111110100100010101010111011000110001111001100100101001011111011101010101
	Have 11 results, spent 3302620728 clocks.
num_cipher:	39
	Total vars:	61932
	Total clauses:	149164
	Test == masterkey, spend 1762224 clocks.
解得主密钥:  2	11010110000111110011000100011100010011111001100110110011111110100100010101010111011000110001111001100100101001011111011101010101
	Have 5 results, spent 2483598702 clocks.
num_cipher:	40
	Total vars:	63480
	Total clauses:	152952
	Test == masterkey, spend 2221500 clocks.
解得主密钥:  1	11010110000111110011000100011100010011111001100110110011111110100100010101010111011000110001111001100100101001011111011101010101
	Have 5 results, spent 994716270 clocks.
num_cipher:	41
	Total vars:	65028
	Total clauses:	156740
	Test == masterkey, spend 2417676 clocks.
解得主密钥:  1	11010110000111110011000100011100010011111001100110110011111110100100010101010111011000110001111001100100101001011111011101010101
	Have 3 results, spent 590468112 clocks.
num_cipher:	42
	Total vars:	66576
	Total clauses:	160528
	Test == masterkey, spend 2404709 clocks.
解得主密钥:  1	11010110000111110011000100011100010011111001100110110011111110100100010101010111011000110001111001100100101001011111011101010101
	Have 2 results, spent 938101338 clocks.
num_cipher:	43
	Total vars:	68124
	Total clauses:	164316
	Test == masterkey, spend 2363326 clocks.
解得主密钥:  2	11010110000111110011000100011100010011111001100110110011111110100100010101010111011000110001111001100100101001011111011101010101
	Have 2 results, spent 275809405 clocks.
num_cipher:	44
	Total vars:	69672
	Total clauses:	168104
	Test == masterkey, spend 2385800 clocks.
解得主密钥:  1	11010110000111110011000100011100010011111001100110110011111110100100010101010111011000110001111001100100101001011111011101010101
	Have 2 results, spent 159429654 clocks.
num_cipher:	45
	Total vars:	71220
	Total clauses:	171892
	Test == masterkey, spend 2836453 clocks.
解得主密钥:  2	11010110000111110011000100011100010011111001100110110011111110100100010101010111011000110001111001100100101001011111011101010101
	Have 2 results, spent 200543025 clocks.
num_cipher:	46
	Total vars:	72768
	Total clauses:	175680
	Test == masterkey, spend 2842371 clocks.
解得主密钥:  1	11010110000111110011000100011100010011111001100110110011111110100100010101010111011000110001111001100100101001011111011101010101
	Have 1 results, spent 143529486 clocks.
---------------------------------------------------------------------------------------------------
求得唯一解！
numAnalysesRounds:	7
startRound:	29
---------------------------------------------------------------------------------------------------
	Command being timed: "./bin/skinny_64_2_NS 1 7 32 80"
	User time (seconds): 30629.52
	System time (seconds): 101.89
	Percent of CPU this job got: 99%
	Elapsed (wall clock) time (h:mm:ss or m:ss): 8:32:16
	Average shared text size (kbytes): 0
	Average unshared data size (kbytes): 0
	Average stack size (kbytes): 0
	Average total size (kbytes): 0
	Maximum resident set size (kbytes): 256356
	Average resident set size (kbytes): 0
	Major (requiring I/O) page faults: 0
	Minor (reclaiming a frame) page faults: 5548033
	Voluntary context switches: 1
	Involuntary context switches: 79625
	Swaps: 0
	File system inputs: 0
	File system outputs: 192
	Socket messages sent: 0
	Socket messages received: 0
	Signals delivered: 0
	Page size (bytes): 4096
	Exit status: 0
