sbox:	1100 0110 1001 0000 0001 1010 0010 1011 0011 1000 0101 1101 0100 1110 0111 1111 
8 = (2'+0+7')(1+7'+4')(0'+7+4')(3'+1'+6)(1'+6'+4)(3+0+7+6')(2'+7'+5)(2+1+7+5)(2+1'+5')(2'+0'+7)(2+6+5'+4)(0+6+5+4)(3+7'+6'+5')(3'+2+1+6')(2'+1+7+5')(3+0'+7'+5)(1'+7+6+4')(3'+2'+5+4')(0+7'+6'+4')(3+2+7+4')(1'+7'+4)(3'+2'+6)
e_sbox:	1101 0110 1001 0000 0001 1010 0010 1011 0011 1000 0101 1101 0100 1110 0111 1111 
8 = (3'+2'+6)(2'+1'+5)(1+0'+4')(2+0+4)(2'+0+7')(3'+2+6'+5')(2+1+7+5)(3'+0'+7)(3'+1'+6)(3+7+6'+4')(1'+6'+4)(2'+1+7+5')(3+7'+6'+5')(3+2+6+5')(3+0'+7'+5)(1'+7+6+4')(1'+0'+5'+4)(3'+1+5+4')(7'+6'+5+4)(3+1+5+4)(1+7'+6+4')(1'+0+7'+6')(2+6+5'+4)
Max time :	3600
SKINNY_MODE:	64
TWEAKEY_MODE:	2
SAT_MODE:	2
	SBOX_MODE:	102
	ENCYPT_HAVEERROR:	301
AnalysesRounds:	8
MinCiphers:	32
MaxCiphers:	80
Threads:	1
---------------------------------------------------------------------------------------------------
num_cipher:	32
	Total vars:	57912
	Total clauses:	139704
	Test == masterkey, spend 1960155 clocks.
	Not solved within 3600 seconds, Have 0 results.
num_cipher:	33
	Total vars:	59673
	Total clauses:	144025
	Test == masterkey, spend 2153606 clocks.
	Not solved within 3600 seconds, Have 0 results.
num_cipher:	34
	Total vars:	61434
	Total clauses:	148346
	Test == masterkey, spend 2415643 clocks.
	Not solved within 3600 seconds, Have 0 results.
num_cipher:	35
	Total vars:	63195
	Total clauses:	152667
	Test == masterkey, spend 2333002 clocks.
	Not solved within 3600 seconds, Have 0 results.
num_cipher:	36
	Total vars:	64956
	Total clauses:	156988
	Test == masterkey, spend 2322428 clocks.
	Not solved within 3600 seconds, Have 0 results.
num_cipher:	37
	Total vars:	66717
	Total clauses:	161309
	Test == masterkey, spend 2870759 clocks.
	Not solved within 3600 seconds, Have 0 results.
num_cipher:	38
	Total vars:	68478
	Total clauses:	165630
	Test == masterkey, spend 2448408 clocks.
	Not solved within 3600 seconds, Have 0 results.
num_cipher:	39
	Total vars:	70239
	Total clauses:	169951
	Test == masterkey, spend 2746547 clocks.
	Not solved within 3600 seconds, Have 0 results.
num_cipher:	40
	Total vars:	72000
	Total clauses:	174272
	Test == masterkey, spend 2515100 clocks.
解得主密钥:  1	11010110000111110011000100011100010011111001100110110011111110100100010101010111011000110001111001100100101001011111011101010101
	Have 1 results, spent 2506734684 clocks.
---------------------------------------------------------------------------------------------------
求得唯一解！
numAnalysesRounds:	8
startRound:	28
---------------------------------------------------------------------------------------------------
	Command being timed: "./bin/skinny_64_2_NS 1 8 32 80"
	User time (seconds): 31330.71
	System time (seconds): 72.42
	Percent of CPU this job got: 99%
	Elapsed (wall clock) time (h:mm:ss or m:ss): 8:43:28
	Average shared text size (kbytes): 0
	Average unshared data size (kbytes): 0
	Average stack size (kbytes): 0
	Average total size (kbytes): 0
	Maximum resident set size (kbytes): 249368
	Average resident set size (kbytes): 0
	Major (requiring I/O) page faults: 0
	Minor (reclaiming a frame) page faults: 5664822
	Voluntary context switches: 1
	Involuntary context switches: 83850
	Swaps: 0
	File system inputs: 0
	File system outputs: 88
	Socket messages sent: 0
	Socket messages received: 0
	Signals delivered: 0
	Page size (bytes): 4096
	Exit status: 0
