sbox:	1100 0110 1001 0000 0001 1010 0010 1011 0011 1000 0101 1101 0100 1110 0111 1111 
8 = (2'+0+7')(1+7'+4')(0'+7+4')(3'+1'+6)(1'+6'+4)(3+0+7+6')(2'+7'+5)(2+1+7+5)(2+1'+5')(2'+0'+7)(2+6+5'+4)(0+6+5+4)(3+7'+6'+5')(3'+2+1+6')(2'+1+7+5')(3+0'+7'+5)(1'+7+6+4')(3'+2'+5+4')(0+7'+6'+4')(3+2+7+4')(1'+7'+4)(3'+2'+6)
e_sbox:	1101 0110 1001 0000 0001 1010 0010 1011 0011 1000 0101 1101 0100 1110 0111 1111 
8 = (3'+2'+6)(2'+1'+5)(1+0'+4')(2+0+4)(2'+0+7')(3'+2+6'+5')(2+1+7+5)(3'+0'+7)(3'+1'+6)(3+7+6'+4')(1'+6'+4)(2'+1+7+5')(3+7'+6'+5')(3+2+6+5')(3+0'+7'+5)(1'+7+6+4')(1'+0'+5'+4)(3'+1+5+4')(7'+6'+5+4)(3+1+5+4)(1+7'+6+4')(1'+0+7'+6')(2+6+5'+4)
Max time :	3600
SKINNY_MODE:	64
TWEAKEY_MODE:	2
SAT_MODE:	2
	SBOX_MODE:	102
	ENCYPT_HAVEERROR:	301
AnalysesRounds:	9
MinCiphers:	32
MaxCiphers:	80
Threads:	1
---------------------------------------------------------------------------------------------------
num_cipher:	32
	Total vars:	64696
	Total clauses:	156728
	Test == masterkey, spend 2845553 clocks.
	Not solved within 3600 seconds, Have 0 results.
num_cipher:	33
	Total vars:	66669
	Total clauses:	161581
	Test == masterkey, spend 3385270 clocks.
	Not solved within 3600 seconds, Have 0 results.
num_cipher:	34
	Total vars:	68642
	Total clauses:	166434
	Test == masterkey, spend 3256621 clocks.
	Not solved within 3600 seconds, Have 0 results.
num_cipher:	35
	Total vars:	70615
	Total clauses:	171287
	Test == masterkey, spend 3344983 clocks.
	Not solved within 3600 seconds, Have 0 results.
num_cipher:	36
	Total vars:	72588
	Total clauses:	176140
	Test == masterkey, spend 3364468 clocks.
	Not solved within 3600 seconds, Have 0 results.
num_cipher:	37
	Total vars:	74561
	Total clauses:	180993
	Test == masterkey, spend 2970614 clocks.
	Not solved within 3600 seconds, Have 0 results.
num_cipher:	38
	Total vars:	76534
	Total clauses:	185846
	Test == masterkey, spend 4464434 clocks.
解得主密钥:  1	11010110000111110011000100011100010011111001100110110011111110100100010101010111011000110001111001100100101001011111011101010101
	Have 1 results, spent 1240470610 clocks.
---------------------------------------------------------------------------------------------------
求得唯一解！
numAnalysesRounds:	9
startRound:	27
---------------------------------------------------------------------------------------------------
	Command being timed: "./bin/skinny_64_2_NS 1 9 32 80"
	User time (seconds): 22866.79
	System time (seconds): 51.48
	Percent of CPU this job got: 99%
	Elapsed (wall clock) time (h:mm:ss or m:ss): 6:22:04
	Average shared text size (kbytes): 0
	Average unshared data size (kbytes): 0
	Average stack size (kbytes): 0
	Average total size (kbytes): 0
	Maximum resident set size (kbytes): 267372
	Average resident set size (kbytes): 0
	Major (requiring I/O) page faults: 0
	Minor (reclaiming a frame) page faults: 4706031
	Voluntary context switches: 1
	Involuntary context switches: 68653
	Swaps: 0
	File system inputs: 0
	File system outputs: 72
	Socket messages sent: 0
	Socket messages received: 0
	Signals delivered: 0
	Page size (bytes): 4096
	Exit status: 0
