sbox:	1100 0110 1001 0000 0001 1010 0010 1011 0011 1000 0101 1101 0100 1110 0111 1111 
8 = (2'+0+7')(1+7'+4')(0'+7+4')(3'+1'+6)(1'+6'+4)(3+0+7+6')(2'+7'+5)(2+1+7+5)(2+1'+5')(2'+0'+7)(2+6+5'+4)(0+6+5+4)(3+7'+6'+5')(3'+2+1+6')(2'+1+7+5')(3+0'+7'+5)(1'+7+6+4')(3'+2'+5+4')(0+7'+6'+4')(3+2+7+4')(1'+7'+4)(3'+2'+6)
e_sbox:	1101 0110 1001 0000 0001 1010 0010 1011 0011 1000 0101 1101 0100 1110 0111 1111 
8 = (3'+2'+6)(2'+1'+5)(1+0'+4')(2+0+4)(2'+0+7')(3'+2+6'+5')(2+1+7+5)(3'+0'+7)(3'+1'+6)(3+7+6'+4')(1'+6'+4)(2'+1+7+5')(3+7'+6'+5')(3+2+6+5')(3+0'+7'+5)(1'+7+6+4')(1'+0'+5'+4)(3'+1+5+4')(7'+6'+5+4)(3+1+5+4)(1+7'+6+4')(1'+0+7'+6')(2+6+5'+4)
Max time :	3600
SKINNY_MODE:	64
TWEAKEY_MODE:	1
SAT_MODE:	2
	SBOX_MODE:	102
	ENCYPT_HAVEERROR:	301
AnalysesRounds:	5
MinCiphers:	20
MaxCiphers:	40
Threads:	1
---------------------------------------------------------------------------------------------------
num_cipher:	20
	Total vars:	23608
	Total clauses:	55544
	Test == masterkey, spend 134736 clocks.
解得主密钥:  5	1101011000011111001100010001110001001111100110011011001111111010
	Have 5 results, spent 26388264 clocks.
num_cipher:	21
	Total vars:	24734
	Total clauses:	58270
	Test == masterkey, spend 131205 clocks.
解得主密钥:  2	1101011000011111001100010001110001001111100110011011001111111010
	Have 2 results, spent 15607111 clocks.
num_cipher:	22
	Total vars:	25860
	Total clauses:	60996
	Test == masterkey, spend 115834 clocks.
解得主密钥:  1	1101011000011111001100010001110001001111100110011011001111111010
	Have 2 results, spent 14626550 clocks.
num_cipher:	23
	Total vars:	26986
	Total clauses:	63722
	Test == masterkey, spend 140304 clocks.
解得主密钥:  2	1101011000011111001100010001110001001111100110011011001111111010
	Have 2 results, spent 7362893 clocks.
num_cipher:	24
	Total vars:	28112
	Total clauses:	66448
	Test == masterkey, spend 134687 clocks.
解得主密钥:  1	1101011000011111001100010001110001001111100110011011001111111010
	Have 2 results, spent 4135294 clocks.
num_cipher:	25
	Total vars:	29238
	Total clauses:	69174
	Test == masterkey, spend 179869 clocks.
解得主密钥:  2	1101011000011111001100010001110001001111100110011011001111111010
	Have 2 results, spent 3786932 clocks.
num_cipher:	26
	Total vars:	30364
	Total clauses:	71900
	Test == masterkey, spend 178251 clocks.
解得主密钥:  2	1101011000011111001100010001110001001111100110011011001111111010
	Have 2 results, spent 2501351 clocks.
num_cipher:	27
	Total vars:	31490
	Total clauses:	74626
	Test == masterkey, spend 239228 clocks.
解得主密钥:  1	1101011000011111001100010001110001001111100110011011001111111010
	Have 1 results, spent 1851168 clocks.
---------------------------------------------------------------------------------------------------
求得唯一解！
numAnalysesRounds:	5
startRound:	27
---------------------------------------------------------------------------------------------------
	Command being timed: "./bin/skinny_64_1_NS 1 5 20 40"
	User time (seconds): 77.83
	System time (seconds): 0.63
	Percent of CPU this job got: 99%
	Elapsed (wall clock) time (h:mm:ss or m:ss): 1:18.47
	Average shared text size (kbytes): 0
	Average unshared data size (kbytes): 0
	Average stack size (kbytes): 0
	Average total size (kbytes): 0
	Maximum resident set size (kbytes): 51956
	Average resident set size (kbytes): 0
	Major (requiring I/O) page faults: 0
	Minor (reclaiming a frame) page faults: 21394
	Voluntary context switches: 1
	Involuntary context switches: 265
	Swaps: 0
	File system inputs: 0
	File system outputs: 24
	Socket messages sent: 0
	Socket messages received: 0
	Signals delivered: 0
	Page size (bytes): 4096
	Exit status: 0
