sbox:	1100 0110 1001 0000 0001 1010 0010 1011 0011 1000 0101 1101 0100 1110 0111 1111 
8 = (2'+0+7')(1+7'+4')(0'+7+4')(3'+1'+6)(1'+6'+4)(3+0+7+6')(2'+7'+5)(2+1+7+5)(2+1'+5')(2'+0'+7)(2+6+5'+4)(0+6+5+4)(3+7'+6'+5')(3'+2+1+6')(2'+1+7+5')(3+0'+7'+5)(1'+7+6+4')(3'+2'+5+4')(0+7'+6'+4')(3+2+7+4')(1'+7'+4)(3'+2'+6)
e_sbox:	1101 0110 1001 0000 0001 1010 0010 1011 0011 1000 0101 1101 0100 1110 0111 1111 
8 = (3'+2'+6)(2'+1'+5)(1+0'+4')(2+0+4)(2'+0+7')(3'+2+6'+5')(2+1+7+5)(3'+0'+7)(3'+1'+6)(3+7+6'+4')(1'+6'+4)(2'+1+7+5')(3+7'+6'+5')(3+2+6+5')(3+0'+7'+5)(1'+7+6+4')(1'+0'+5'+4)(3'+1+5+4')(7'+6'+5+4)(3+1+5+4)(1+7'+6+4')(1'+0+7'+6')(2+6+5'+4)
Max time :	3600
SKINNY_MODE:	64
TWEAKEY_MODE:	2
SAT_MODE:	2
	SBOX_MODE:	102
	ENCYPT_HAVEERROR:	301
AnalysesRounds:	10
MinCiphers:	32
MaxCiphers:	100
Threads:	1
---------------------------------------------------------------------------------------------------
num_cipher:	32
	Total vars:	71448
	Total clauses:	173720
	Test == masterkey, spend 3021005 clocks.
	Not solved within 3600 seconds, Have 0 results.
num_cipher:	33
	Total vars:	73632
	Total clauses:	179104
	Test == masterkey, spend 3411656 clocks.
	Not solved within 3600 seconds, Have 0 results.
num_cipher:	34
	Total vars:	75816
	Total clauses:	184488
	Test == masterkey, spend 3530422 clocks.
	Not solved within 3600 seconds, Have 0 results.
num_cipher:	35
	Total vars:	78000
	Total clauses:	189872
	Test == masterkey, spend 3381278 clocks.
	Not solved within 3600 seconds, Have 0 results.
num_cipher:	36
	Total vars:	80184
	Total clauses:	195256
	Test == masterkey, spend 3186284 clocks.
	Not solved within 3600 seconds, Have 0 results.
num_cipher:	37
	Total vars:	82368
	Total clauses:	200640
	Test == masterkey, spend 4174021 clocks.
解得主密钥:  1	10011000110000110001000110010101010011011000001101101100111001100111100000101010101010000010110110011010101011110001000101111000
	Not solved within 3600 seconds, Have 1 results.
num_cipher:	38
	Total vars:	84552
	Total clauses:	206024
	Test == masterkey, spend 3816332 clocks.
	Not solved within 3600 seconds, Have 0 results.
num_cipher:	39
	Total vars:	86736
	Total clauses:	211408
	Test == masterkey, spend 4414076 clocks.
解得主密钥:  1	10011000110000110001000110010101010011011000001101101100111001100111100000101010101010000010110110011010101011110001000101111000
	Have 1 results, spent 1132230657 clocks.
---------------------------------------------------------------------------------------------------
求得唯一解！
numAnalysesRounds:	10
startRound:	26
---------------------------------------------------------------------------------------------------
	Command being timed: "./bin/skinny_64_2_NS 1 10 32 100"
	User time (seconds): 26361.89
	System time (seconds): 61.73
	Percent of CPU this job got: 99%
	Elapsed (wall clock) time (h:mm:ss or m:ss): 7:21:53
	Average shared text size (kbytes): 0
	Average unshared data size (kbytes): 0
	Average stack size (kbytes): 0
	Average total size (kbytes): 0
	Maximum resident set size (kbytes): 237372
	Average resident set size (kbytes): 0
	Major (requiring I/O) page faults: 0
	Minor (reclaiming a frame) page faults: 4838551
	Voluntary context switches: 1
	Involuntary context switches: 62384
	Swaps: 0
	File system inputs: 0
	File system outputs: 80
	Socket messages sent: 0
	Socket messages received: 0
	Signals delivered: 0
	Page size (bytes): 4096
	Exit status: 0
