sbox:	1100 0110 1001 0000 0001 1010 0010 1011 0011 1000 0101 1101 0100 1110 0111 1111 
8 = (2'+0+7')(1+7'+4')(0'+7+4')(3'+1'+6)(1'+6'+4)(3+0+7+6')(2'+7'+5)(2+1+7+5)(2+1'+5')(2'+0'+7)(2+6+5'+4)(0+6+5+4)(3+7'+6'+5')(3'+2+1+6')(2'+1+7+5')(3+0'+7'+5)(1'+7+6+4')(3'+2'+5+4')(0+7'+6'+4')(3+2+7+4')(1'+7'+4)(3'+2'+6)
e_sbox:	1101 0110 1001 0000 0001 1010 0010 1011 0011 1000 0101 1101 0100 1110 0111 1111 
8 = (3'+2'+6)(2'+1'+5)(1+0'+4')(2+0+4)(2'+0+7')(3'+2+6'+5')(2+1+7+5)(3'+0'+7)(3'+1'+6)(3+7+6'+4')(1'+6'+4)(2'+1+7+5')(3+7'+6'+5')(3+2+6+5')(3+0'+7'+5)(1'+7+6+4')(1'+0'+5'+4)(3'+1+5+4')(7'+6'+5+4)(3+1+5+4)(1+7'+6+4')(1'+0+7'+6')(2+6+5'+4)
Max time :	3600
SKINNY_MODE:	64
TWEAKEY_MODE:	2
SAT_MODE:	2
	SBOX_MODE:	102
	ENCYPT_HAVEERROR:	301
AnalysesRounds:	12
MinCiphers:	36
MaxCiphers:	80
Threads:	1
---------------------------------------------------------------------------------------------------
num_cipher:	36
	Total vars:	95340
	Total clauses:	233452
	Test == masterkey, spend 7016819 clocks.
	Not solved within 3600 seconds, Have 0 results.
num_cipher:	37
	Total vars:	97945
	Total clauses:	239897
	Test == masterkey, spend 7907094 clocks.
	Not solved within 3600 seconds, Have 0 results.
num_cipher:	38
	Total vars:	100550
	Total clauses:	246342
	Test == masterkey, spend 7889351 clocks.
	Not solved within 3600 seconds, Have 0 results.
num_cipher:	39
	Total vars:	103155
	Total clauses:	252787
	Test == masterkey, spend 7926895 clocks.
	Not solved within 3600 seconds, Have 0 results.
num_cipher:	40
	Total vars:	105760
	Total clauses:	259232
	Test == masterkey, spend 8186263 clocks.
	Not solved within 3600 seconds, Have 0 results.
num_cipher:	41
	Total vars:	108365
	Total clauses:	265677
	Test == masterkey, spend 10363015 clocks.
	Not solved within 3600 seconds, Have 0 results.
num_cipher:	42
	Total vars:	110970
	Total clauses:	272122
	Test == masterkey, spend 8121668 clocks.
解得主密钥:  1	11010110000111110011000100011100010011111001100110110011111110100100010101010111011000110001111001100100101001011111011101010101
	Have 1 results, spent 1731991605 clocks.
---------------------------------------------------------------------------------------------------
求得唯一解！
numAnalysesRounds:	12
startRound:	24
---------------------------------------------------------------------------------------------------
	Command being timed: "./bin/skinny_64_2_NS 1 12 36 80"
	User time (seconds): 23390.60
	System time (seconds): 61.84
	Percent of CPU this job got: 99%
	Elapsed (wall clock) time (h:mm:ss or m:ss): 6:30:56
	Average shared text size (kbytes): 0
	Average unshared data size (kbytes): 0
	Average stack size (kbytes): 0
	Average total size (kbytes): 0
	Maximum resident set size (kbytes): 284492
	Average resident set size (kbytes): 0
	Major (requiring I/O) page faults: 0
	Minor (reclaiming a frame) page faults: 5396506
	Voluntary context switches: 1
	Involuntary context switches: 45731
	Swaps: 0
	File system inputs: 0
	File system outputs: 112
	Socket messages sent: 0
	Socket messages received: 0
	Signals delivered: 0
	Page size (bytes): 4096
	Exit status: 0
