sbox:	1100 0110 1001 0000 0001 1010 0010 1011 0011 1000 0101 1101 0100 1110 0111 1111 
8 = (2'+0+7')(1+7'+4')(0'+7+4')(3'+1'+6)(1'+6'+4)(3+0+7+6')(2'+7'+5)(2+1+7+5)(2+1'+5')(2'+0'+7)(2+6+5'+4)(0+6+5+4)(3+7'+6'+5')(3'+2+1+6')(2'+1+7+5')(3+0'+7'+5)(1'+7+6+4')(3'+2'+5+4')(0+7'+6'+4')(3+2+7+4')(1'+7'+4)(3'+2'+6)
e_sbox:	1101 0110 1001 0000 0001 1010 0010 1011 0011 1000 0101 1101 0100 1110 0111 1111 
8 = (3'+2'+6)(2'+1'+5)(1+0'+4')(2+0+4)(2'+0+7')(3'+2+6'+5')(2+1+7+5)(3'+0'+7)(3'+1'+6)(3+7+6'+4')(1'+6'+4)(2'+1+7+5')(3+7'+6'+5')(3+2+6+5')(3+0'+7'+5)(1'+7+6+4')(1'+0'+5'+4)(3'+1+5+4')(7'+6'+5+4)(3+1+5+4)(1+7'+6+4')(1'+0+7'+6')(2+6+5'+4)
Max time :	3600
SKINNY_MODE:	64
TWEAKEY_MODE:	2
SAT_MODE:	2
	SBOX_MODE:	102
	ENCYPT_HAVEERROR:	301
AnalysesRounds:	7
MinCiphers:	32
MaxCiphers:	100
Threads:	1
---------------------------------------------------------------------------------------------------
num_cipher:	32
	Total vars:	51096
	Total clauses:	122648
	Test == masterkey, spend 1287896 clocks.
	Not solved within 3600 seconds, Have 12 results.
num_cipher:	33
	Total vars:	52644
	Total clauses:	126436
	Test == masterkey, spend 1671663 clocks.
	Not solved within 3600 seconds, Have 9 results.
num_cipher:	34
	Total vars:	54192
	Total clauses:	130224
	Test == masterkey, spend 1980851 clocks.
	Not solved within 3600 seconds, Have 3 results.
num_cipher:	35
	Total vars:	55740
	Total clauses:	134012
	Test == masterkey, spend 1807148 clocks.
	Not solved within 3600 seconds, Have 11 results.
num_cipher:	36
	Total vars:	57288
	Total clauses:	137800
	Test == masterkey, spend 2557316 clocks.
解得主密钥:  4	10010110100111100100010011011111100010011110011110000110100000001011001001000001100101110111000111100000111011011101001111000010
	Not solved within 3600 seconds, Have 17 results.
num_cipher:	37
	Total vars:	58836
	Total clauses:	141588
	Test == masterkey, spend 1947929 clocks.
解得主密钥:  5	10010110100111100100010011011111100010011110011110000110100000001011001001000001100101110111000111100000111011011101001111000010
	Have 5 results, spent 3008132970 clocks.
num_cipher:	38
	Total vars:	60384
	Total clauses:	145376
	Test == masterkey, spend 2735221 clocks.
解得主密钥:  2	10010110100111100100010011011111100010011110011110000110100000001011001001000001100101110111000111100000111011011101001111000010
	Have 3 results, spent 2388837397 clocks.
num_cipher:	39
	Total vars:	61932
	Total clauses:	149164
	Test == masterkey, spend 2701163 clocks.
解得主密钥:  2	10010110100111100100010011011111100010011110011110000110100000001011001001000001100101110111000111100000111011011101001111000010
	Have 2 results, spent 1580575391 clocks.
num_cipher:	40
	Total vars:	63480
	Total clauses:	152952
	Test == masterkey, spend 2764001 clocks.
解得主密钥:  2	10010110100111100100010011011111100010011110011110000110100000001011001001000001100101110111000111100000111011011101001111000010
	Have 2 results, spent 861437452 clocks.
num_cipher:	41
	Total vars:	65028
	Total clauses:	156740
	Test == masterkey, spend 2427625 clocks.
解得主密钥:  1	10010110100111100100010011011111100010011110011110000110100000001011001001000001100101110111000111100000111011011101001111000010
	Have 1 results, spent 259450719 clocks.
---------------------------------------------------------------------------------------------------
求得唯一解！
numAnalysesRounds:	7
startRound:	29
---------------------------------------------------------------------------------------------------
	Command being timed: "./bin/skinny_64_2_NS 1 7 32 100"
	User time (seconds): 26082.31
	System time (seconds): 47.44
	Percent of CPU this job got: 99%
	Elapsed (wall clock) time (h:mm:ss or m:ss): 7:15:35
	Average shared text size (kbytes): 0
	Average unshared data size (kbytes): 0
	Average stack size (kbytes): 0
	Average total size (kbytes): 0
	Maximum resident set size (kbytes): 240464
	Average resident set size (kbytes): 0
	Major (requiring I/O) page faults: 0
	Minor (reclaiming a frame) page faults: 4293456
	Voluntary context switches: 1
	Involuntary context switches: 56491
	Swaps: 0
	File system inputs: 0
	File system outputs: 120
	Socket messages sent: 0
	Socket messages received: 0
	Signals delivered: 0
	Page size (bytes): 4096
	Exit status: 0
