sbox:	1100 0110 1001 0000 0001 1010 0010 1011 0011 1000 0101 1101 0100 1110 0111 1111 
y3 = 0  2  3  23  4  
y2 = 1  2  3  12  4  
y1 = 0  3  01  12  13  23  123  
y0 = 1  2  3  01  02  03  13  012  123  
e_sbox:	1101 0110 1001 0000 0001 1010 0010 1011 0011 1000 0101 1101 0100 1110 0111 1111 
y3' = 0  2  3  23  4  
y2' = 1  2  3  12  4  
y1' = 0  3  01  12  13  23  123  
y0' = 0  12  23  013  023  0123  4  
Max time :	3600
SKINNY_MODE:	64
TWEAKEY_MODE:	3
SAT_MODE:	1
	SBOX_MODE:	101
	ENCYPT_HAVEERROR:	301
AnalysesRounds:	10
MinCiphers:	150
MaxCiphers:	200
Threads:	1
---------------------------------------------------------------------------------------------------
num_cipher:	150
	Total vars:	641996
	Total clauses:	1841804
	Test == masterkey, spend 1280476198 clocks.
	Not solved within 3600 seconds, Have 0 results.
num_cipher:	151
	Total vars:	646262
	Total clauses:	1854070
	Test == masterkey, spend 1294341962 clocks.

    end
