sbox:	1100 0110 1001 0000 0001 1010 0010 1011 0011 1000 0101 1101 0100 1110 0111 1111 
y3 = 0  2  3  23  4  
y2 = 1  2  3  12  4  
y1 = 0  3  01  12  13  23  123  
y0 = 1  2  3  01  02  03  13  012  123  
e_sbox:	1101 0110 1001 0000 0001 1010 0010 1011 0011 1000 0101 1101 0100 1110 0111 1111 
y3' = 0  2  3  23  4  
y2' = 1  2  3  12  4  
y1' = 0  3  01  12  13  23  123  
y0' = 0  12  23  013  023  0123  4  
Max time :	3600
SKINNY_MODE:	64
TWEAKEY_MODE:	3
SAT_MODE:	1
	SBOX_MODE:	101
	ENCYPT_HAVEERROR:	301
AnalysesRounds:	10
MinCiphers:	150
MaxCiphers:	200
Threads:	1
---------------------------------------------------------------------------------------------------
num_cipher:	150
	Total vars:	641996
	Total clauses:	1841804
	Test == masterkey, spend 1098824198 clocks.
	Not solved within 3600 seconds, Have 0 results.
num_cipher:	151
	Total vars:	646262
	Total clauses:	1854070
	Test == masterkey, spend 1128204407 clocks.
	Not solved within 3600 seconds, Have 0 results.
num_cipher:	152
	Total vars:	650528
	Total clauses:	1866336
	Test == masterkey, spend 1146072497 clocks.
	Not solved within 3600 seconds, Have 0 results.
num_cipher:	153
	Total vars:	654794
	Total clauses:	1878602
	Test == masterkey, spend 1261428120 clocks.
	Not solved within 3600 seconds, Have 0 results.
num_cipher:	154
	Total vars:	659060
	Total clauses:	1890868
	Test == masterkey, spend 1163282015 clocks.
	Not solved within 3600 seconds, Have 0 results.
num_cipher:	155
	Total vars:	663326
	Total clauses:	1903134
	Test == masterkey, spend 1268037170 clocks.
	Not solved within 3600 seconds, Have 0 results.
num_cipher:	156
	Total vars:	667592
	Total clauses:	1915400
	Test == masterkey, spend 1264837636 clocks.
	Not solved within 3600 seconds, Have 0 results.
num_cipher:	157
	Total vars:	671858
	Total clauses:	1927666
	Test == masterkey, spend 1255570954 clocks.
	Not solved within 3600 seconds, Have 0 results.
num_cipher:	158
	Total vars:	676124
	Total clauses:	1939932
	Test == masterkey, spend 1310340761 clocks.
	Not solved within 3600 seconds, Have 0 results.
num_cipher:	159
	Total vars:	680390
	Total clauses:	1952198
	Test == masterkey, spend 1160004903 clocks.
	Not solved within 3600 seconds, Have 0 results.
num_cipher:	160
	Total vars:	684656
	Total clauses:	1964464
	Test == masterkey, spend 1225997195 clocks.
	Not solved within 3600 seconds, Have 0 results.
num_cipher:	161
	Total vars:	688922
	Total clauses:	1976730
	Test == masterkey, spend 1277933768 clocks.

    end
