sbox:	1100 0110 1001 0000 0001 1010 0010 1011 0011 1000 0101 1101 0100 1110 0111 1111 
y3 = 0  2  3  23  4  
y2 = 1  2  3  12  4  
y1 = 0  3  01  12  13  23  123  
y0 = 1  2  3  01  02  03  13  012  123  
e_sbox:	1101 0110 1001 0000 0001 1010 0010 1011 0011 1000 0101 1101 0100 1110 0111 1111 
y3' = 0  2  3  23  4  
y2' = 1  2  3  12  4  
y1' = 0  3  01  12  13  23  123  
y0' = 0  12  23  013  023  0123  4  
SKINNY_MODE:	64
TWEAKEY_MODE:	3
SAT_MODE:	1
	SBOX_MODE:	101
	ENCYPT_HAVEERROR:	301
AnalysesRounds:	8
MinCiphers:	130
MaxCiphers:	400
Threads:	1
---------------------------------------------------------------------------------------------------
num_cipher:	130
	Total vars:	447476
	Total clauses:	1279284
	Test == masterkey, spend 477985124 clocks.
	Have 20 results, spent 362986659820 clocks.
num_cipher:	131
	Total vars:	450902
	Total clauses:	1289110
	Test == masterkey, spend 512753464 clocks.
skinny_64_3: /home/hanbing/cryptominisat/src/watched.h:106: CMSat::Watched::Watched(CMSat::Lit, bool, int32_t): Assertion `ID < 1LL<< (EFFECTIVELY_USEABLE_BITS-2) && "Please compile with -DLARGEMEM"' failed.
Command terminated by signal 6
	Command being timed: "./bin/skinny_64_3 1 8 130 400"
	User time (seconds): 1144595.01
	System time (seconds): 2126.87
	Percent of CPU this job got: 99%
	Elapsed (wall clock) time (h:mm:ss or m:ss): 318:35:47
	Average shared text size (kbytes): 0
	Average unshared data size (kbytes): 0
	Average stack size (kbytes): 0
	Average total size (kbytes): 0
	Maximum resident set size (kbytes): 2343744
	Average resident set size (kbytes): 0
	Major (requiring I/O) page faults: 0
	Minor (reclaiming a frame) page faults: 136251219
	Voluntary context switches: 3
	Involuntary context switches: 2916779
	Swaps: 0
	File system inputs: 0
	File system outputs: 40
	Socket messages sent: 0
	Socket messages received: 0
	Signals delivered: 0
	Page size (bytes): 4096
	Exit status: 0
