sbox:	1100 0110 1001 0000 0001 1010 0010 1011 0011 1000 0101 1101 0100 1110 0111 1111 
8 = (2'+0+7')(1+7'+4')(0'+7+4')(3'+1'+6)(1'+6'+4)(3+0+7+6')(2'+7'+5)(2+1+7+5)(2+1'+5')(2'+0'+7)(2+6+5'+4)(0+6+5+4)(3+7'+6'+5')(3'+2+1+6')(2'+1+7+5')(3+0'+7'+5)(1'+7+6+4')(3'+2'+5+4')(0+7'+6'+4')(3+2+7+4')(1'+7'+4)(3'+2'+6)
e_sbox:	1101 0110 1001 0000 0001 1010 0010 1011 0011 1000 0101 1101 0100 1110 0111 1111 
8 = (3'+2'+6)(2'+1'+5)(1+0'+4')(2+0+4)(2'+0+7')(3'+2+6'+5')(2+1+7+5)(3'+0'+7)(3'+1'+6)(3+7+6'+4')(1'+6'+4)(2'+1+7+5')(3+7'+6'+5')(3+2+6+5')(3+0'+7'+5)(1'+7+6+4')(1'+0'+5'+4)(3'+1+5+4')(7'+6'+5+4)(3+1+5+4)(1+7'+6+4')(1'+0+7'+6')(2+6+5'+4)
Max time :	3600
SKINNY_MODE:	64
TWEAKEY_MODE:	1
SAT_MODE:	2
	SBOX_MODE:	102
	ENCYPT_HAVEERROR:	301
AnalysesRounds:	5
MinCiphers:	12
MaxCiphers:	40
Threads:	1
---------------------------------------------------------------------------------------------------
num_cipher:	12
	Total vars:	14600
	Total clauses:	33736
	Test == masterkey, spend 46276 clocks.
	Have more than 1024 results, spent 567606138 clocks.
num_cipher:	13
	Total vars:	15726
	Total clauses:	36462
	Test == masterkey, spend 49928 clocks.
解得主密钥:  36	1101011000011111001100010001110001001111100110011011001111111010
	Have more than 1024 results, spent 465738583 clocks.
num_cipher:	14
	Total vars:	16852
	Total clauses:	39188
	Test == masterkey, spend 55692 clocks.
解得主密钥:  206	1101011000011111001100010001110001001111100110011011001111111010
	Have 398 results, spent 210817200 clocks.
num_cipher:	15
	Total vars:	17978
	Total clauses:	41914
	Test == masterkey, spend 53422 clocks.
解得主密钥:  35	1101011000011111001100010001110001001111100110011011001111111010
	Have 56 results, spent 214166821 clocks.
num_cipher:	16
	Total vars:	19104
	Total clauses:	44640
	Test == masterkey, spend 76695 clocks.
解得主密钥:  4	1101011000011111001100010001110001001111100110011011001111111010
	Have 6 results, spent 40006461 clocks.
num_cipher:	17
	Total vars:	20230
	Total clauses:	47366
	Test == masterkey, spend 77629 clocks.
解得主密钥:  2	1101011000011111001100010001110001001111100110011011001111111010
	Have 2 results, spent 21714437 clocks.
num_cipher:	18
	Total vars:	21356
	Total clauses:	50092
	Test == masterkey, spend 80037 clocks.
解得主密钥:  2	1101011000011111001100010001110001001111100110011011001111111010
	Have 2 results, spent 17268752 clocks.
num_cipher:	19
	Total vars:	22482
	Total clauses:	52818
	Test == masterkey, spend 97289 clocks.
解得主密钥:  1	1101011000011111001100010001110001001111100110011011001111111010
	Have 1 results, spent 14658336 clocks.
---------------------------------------------------------------------------------------------------
求得唯一解！
numAnalysesRounds:	5
startRound:	27
---------------------------------------------------------------------------------------------------
	Command being timed: "./bin/skinny_64_1_NS 1 5 12 40"
	User time (seconds): 1547.07
	System time (seconds): 6.12
	Percent of CPU this job got: 99%
	Elapsed (wall clock) time (h:mm:ss or m:ss): 25:54.72
	Average shared text size (kbytes): 0
	Average unshared data size (kbytes): 0
	Average stack size (kbytes): 0
	Average total size (kbytes): 0
	Maximum resident set size (kbytes): 97448
	Average resident set size (kbytes): 0
	Major (requiring I/O) page faults: 0
	Minor (reclaiming a frame) page faults: 137819
	Voluntary context switches: 2
	Involuntary context switches: 9532
	Swaps: 0
	File system inputs: 0
	File system outputs: 104
	Socket messages sent: 0
	Socket messages received: 0
	Signals delivered: 0
	Page size (bytes): 4096
	Exit status: 0
