sbox:	1100 0110 1001 0000 0001 1010 0010 1011 0011 1000 0101 1101 0100 1110 0111 1111 
8 = (2'+0+7')(1+7'+4')(0'+7+4')(3'+1'+6)(1'+6'+4)(3+0+7+6')(2'+7'+5)(2+1+7+5)(2+1'+5')(2'+0'+7)(2+6+5'+4)(0+6+5+4)(3+7'+6'+5')(3'+2+1+6')(2'+1+7+5')(3+0'+7'+5)(1'+7+6+4')(3'+2'+5+4')(0+7'+6'+4')(3+2+7+4')(1'+7'+4)(3'+2'+6)
e_sbox:	1101 0110 1001 0000 0001 1010 0010 1011 0011 1000 0101 1101 0100 1110 0111 1111 
8 = (3'+2'+6)(2'+1'+5)(1+0'+4')(2+0+4)(2'+0+7')(3'+2+6'+5')(2+1+7+5)(3'+0'+7)(3'+1'+6)(3+7+6'+4')(1'+6'+4)(2'+1+7+5')(3+7'+6'+5')(3+2+6+5')(3+0'+7'+5)(1'+7+6+4')(1'+0'+5'+4)(3'+1+5+4')(7'+6'+5+4)(3+1+5+4)(1+7'+6+4')(1'+0+7'+6')(2+6+5'+4)
Max time :	3600
SKINNY_MODE:	64
TWEAKEY_MODE:	1
SAT_MODE:	2
	SBOX_MODE:	102
	ENCYPT_HAVEERROR:	301
AnalysesRounds:	5
MinCiphers:	12
MaxCiphers:	40
Threads:	1
---------------------------------------------------------------------------------------------------
num_cipher:	12
	Total vars:	14600
	Total clauses:	33736
	Test == masterkey, spend 48309 clocks.
	Have more than 1024 results, spent 632107452 clocks.
num_cipher:	13
	Total vars:	15726
	Total clauses:	36462
	Test == masterkey, spend 51467 clocks.
	Have more than 1024 results, spent 376243776 clocks.
num_cipher:	14
	Total vars:	16852
	Total clauses:	39188
	Test == masterkey, spend 65812 clocks.
解得主密钥:  392	1101011000011111001100010001110001001111100110011011001111111010
	Have 421 results, spent 142433095 clocks.
num_cipher:	15
	Total vars:	17978
	Total clauses:	41914
	Test == masterkey, spend 67808 clocks.
解得主密钥:  20	1101011000011111001100010001110001001111100110011011001111111010
	Have 50 results, spent 49115007 clocks.
num_cipher:	16
	Total vars:	19104
	Total clauses:	44640
	Test == masterkey, spend 88850 clocks.
解得主密钥:  1	1101011000011111001100010001110001001111100110011011001111111010
	Have 5 results, spent 21253330 clocks.
num_cipher:	17
	Total vars:	20230
	Total clauses:	47366
	Test == masterkey, spend 93350 clocks.
解得主密钥:  2	1101011000011111001100010001110001001111100110011011001111111010
	Have 2 results, spent 14341247 clocks.
num_cipher:	18
	Total vars:	21356
	Total clauses:	50092
	Test == masterkey, spend 131861 clocks.
解得主密钥:  1	1101011000011111001100010001110001001111100110011011001111111010
	Have 1 results, spent 11932643 clocks.
---------------------------------------------------------------------------------------------------
求得唯一解！
numAnalysesRounds:	5
startRound:	27
---------------------------------------------------------------------------------------------------
	Command being timed: "./bin/skinny_64_1_NS 1 5 12 40"
	User time (seconds): 1244.85
	System time (seconds): 3.70
	Percent of CPU this job got: 99%
	Elapsed (wall clock) time (h:mm:ss or m:ss): 20:48.77
	Average shared text size (kbytes): 0
	Average unshared data size (kbytes): 0
	Average stack size (kbytes): 0
	Average total size (kbytes): 0
	Maximum resident set size (kbytes): 123096
	Average resident set size (kbytes): 0
	Major (requiring I/O) page faults: 0
	Minor (reclaiming a frame) page faults: 93151
	Voluntary context switches: 1
	Involuntary context switches: 4099
	Swaps: 0
	File system inputs: 0
	File system outputs: 80
	Socket messages sent: 0
	Socket messages received: 0
	Signals delivered: 0
	Page size (bytes): 4096
	Exit status: 0
