sbox:	1100 0101 0110 1011 1001 0000 1010 1101 0011 1110 1111 1000 0100 0111 0001 0010 
8 = (0+2+6')(2'+3+4'+6)(0'+2+3+4')(2+3'+4'+6)(2'+4+6'+7')(3+5'+6+7')(0'+4'+5+6')(1+4+6+7)(1'+4'+6'+7')(1+2'+3'+4)(0'+1'+3'+6)(3+4+5+7)(0'+2'+5'+7)(0+2'+3'+7)(1'+5'+6'+7)(2+4+5+6+7')(0+2'+5+6)(0'+1+4+5')(0+1'+4+5')(1+3+4'+5)(1+3'+4'+5'+7')(1+5+6+7')(2+3'+5+6')(1'+3+6'+7')(0+4'+5'+6')(1'+4'+6+7)
e_sbox:	1101 0101 0110 1011 1001 0000 1010 1101 0011 1110 1111 1000 0100 0111 0001 0010 
8 = (0'+2+6+7')(0+2+3+7)(0+1+2'+6)(2'+3+4'+6)(0+2+3'+4')(0'+1'+3+6')(1'+4'+6'+7')(1'+5'+6'+7)(1+5+6'+7)(1'+2'+6+7)(0'+1+2'+4)(0'+2+3'+5)(0'+2'+3'+7')(0+1'+4+7')(3'+4+5'+7)(0+4+5+6')(0'+1+2+3+5')(1+3+4'+5)(3+4+5'+7')(2'+4'+5'+7)(1+3'+5'+6'+7')(1'+3'+4'+5)(0+5'+6'+7')(4'+5'+6+7)(3+5+6+7)(1+4+5+6)(1'+3+4'+5')
PRESENT_MODE:	80
SAT_MODE:	2
	SBOX_MODE:	102
	KSR_HAVEERROR:	1
	ENCYPT_HAVEERROR:	1
AnalysesRounds:	10
MinCiphers:	25
MaxCiphers:	80
Threads:	1
Master_key:	11001110111000001110100101000100011101111100011111001110010011110001001001111011
---------------------------------------------------------------------------------------------------
num_cipher:	25
	Total vars:	46808
	Total clauses:	133872
	Test == masterkey, spend 3823138 clocks.
	Have 16 results, spent 9285770 clocks.
num_cipher:	26
	Total vars:	48664
	Total clauses:	139184
	Test == masterkey, spend 3883870 clocks.
	Have 16 results, spent 9573054 clocks.
num_cipher:	27
	Total vars:	50520
	Total clauses:	144496
	Test == masterkey, spend 4526456 clocks.
	Have 16 results, spent 11021205 clocks.
num_cipher:	28
	Total vars:	52376
	Total clauses:	149808
	Test == masterkey, spend 4626262 clocks.
	Have 16 results, spent 11200445 clocks.
num_cipher:	29
	Total vars:	54232
	Total clauses:	155120
	Test == masterkey, spend 4861215 clocks.
	Have 16 results, spent 12326862 clocks.
num_cipher:	30
	Total vars:	56088
	Total clauses:	160432
	Test == masterkey, spend 4258035 clocks.
	Have 16 results, spent 12616414 clocks.
num_cipher:	31
	Total vars:	57944
	Total clauses:	165744
	Test == masterkey, spend 4709553 clocks.
	Have 16 results, spent 13006545 clocks.
num_cipher:	32
	Total vars:	59800
	Total clauses:	171056
	Test == masterkey, spend 6382139 clocks.
	Have 16 results, spent 14210234 clocks.
num_cipher:	33
	Total vars:	61656
	Total clauses:	176368
	Test == masterkey, spend 5580184 clocks.
	Have 16 results, spent 13734184 clocks.
num_cipher:	34
	Total vars:	63512
	Total clauses:	181680
	Test == masterkey, spend 4997161 clocks.
	Have 16 results, spent 15176311 clocks.
num_cipher:	35
	Total vars:	65368
	Total clauses:	186992
	Test == masterkey, spend 5614890 clocks.
	Have 16 results, spent 16848194 clocks.
num_cipher:	36
	Total vars:	67224
	Total clauses:	192304
	Test == masterkey, spend 5365602 clocks.
	Have 16 results, spent 17059933 clocks.
num_cipher:	37
	Total vars:	69080
	Total clauses:	197616
	Test == masterkey, spend 7061837 clocks.
	Have 16 results, spent 16517294 clocks.
num_cipher:	38
	Total vars:	70936
	Total clauses:	202928
	Test == masterkey, spend 7504245 clocks.
	Have 16 results, spent 18251635 clocks.
num_cipher:	39
	Total vars:	72792
	Total clauses:	208240
	Test == masterkey, spend 8070941 clocks.
	Have 16 results, spent 19475685 clocks.
num_cipher:	40
	Total vars:	74648
	Total clauses:	213552
	Test == masterkey, spend 8376497 clocks.
	Have 16 results, spent 20267970 clocks.
num_cipher:	41
	Total vars:	76504
	Total clauses:	218864
	Test == masterkey, spend 8388732 clocks.
	Have 16 results, spent 19679684 clocks.
num_cipher:	42
	Total vars:	78360
	Total clauses:	224176
	Test == masterkey, spend 8141355 clocks.
	Have 16 results, spent 21245666 clocks.
num_cipher:	43
	Total vars:	80216
	Total clauses:	229488
	Test == masterkey, spend 8298832 clocks.
	Have 16 results, spent 23308446 clocks.
num_cipher:	44
	Total vars:	82072
	Total clauses:	234800
	Test == masterkey, spend 9734608 clocks.
	Have 16 results, spent 22520649 clocks.
num_cipher:	45
	Total vars:	83928
	Total clauses:	240112
	Test == masterkey, spend 8904014 clocks.
	Have 16 results, spent 24213452 clocks.
num_cipher:	46
	Total vars:	85784
	Total clauses:	245424
	Test == masterkey, spend 10694353 clocks.
	Have 16 results, spent 23334504 clocks.
num_cipher:	47
	Total vars:	87640
	Total clauses:	250736
	Test == masterkey, spend 11520453 clocks.
	Have 16 results, spent 29866161 clocks.
num_cipher:	48
	Total vars:	89496
	Total clauses:	256048
	Test == masterkey, spend 10034056 clocks.
	Have 16 results, spent 28454020 clocks.
num_cipher:	49
	Total vars:	91352
	Total clauses:	261360
	Test == masterkey, spend 11187548 clocks.
	Have 16 results, spent 26448866 clocks.
num_cipher:	50
	Total vars:	93208
	Total clauses:	266672
	Test == masterkey, spend 11957735 clocks.
	Have 16 results, spent 28553248 clocks.
num_cipher:	51
	Total vars:	95064
	Total clauses:	271984
	Test == masterkey, spend 13423166 clocks.
	Have 16 results, spent 30335615 clocks.
num_cipher:	52
	Total vars:	96920
	Total clauses:	277296
	Test == masterkey, spend 10968456 clocks.
	Have 16 results, spent 34004333 clocks.
num_cipher:	53
	Total vars:	98776
	Total clauses:	282608
	Test == masterkey, spend 13164446 clocks.
	Have 16 results, spent 34397292 clocks.
num_cipher:	54
	Total vars:	100632
	Total clauses:	287920
	Test == masterkey, spend 12815219 clocks.
	Have 16 results, spent 35741867 clocks.
num_cipher:	55
	Total vars:	102488
	Total clauses:	293232
	Test == masterkey, spend 13187000 clocks.
	Have 16 results, spent 34803644 clocks.
num_cipher:	56
	Total vars:	104344
	Total clauses:	298544
	Test == masterkey, spend 12310387 clocks.
	Have 12 results, spent 30947318 clocks.
num_cipher:	57
	Total vars:	106200
	Total clauses:	303856
	Test == masterkey, spend 14233578 clocks.
	Have 12 results, spent 36351293 clocks.
num_cipher:	58
	Total vars:	108056
	Total clauses:	309168
	Test == masterkey, spend 14628534 clocks.
	Have 12 results, spent 27130376 clocks.
num_cipher:	59
	Total vars:	109912
	Total clauses:	314480
	Test == masterkey, spend 13844975 clocks.
	Have 12 results, spent 25325602 clocks.
num_cipher:	60
	Total vars:	111768
	Total clauses:	319792
	Test == masterkey, spend 14176046 clocks.
	Have 12 results, spent 35576536 clocks.
num_cipher:	61
	Total vars:	113624
	Total clauses:	325104
	Test == masterkey, spend 14017056 clocks.
	Have 12 results, spent 37675203 clocks.
num_cipher:	62
	Total vars:	115480
	Total clauses:	330416
	Test == masterkey, spend 14962938 clocks.
	Have 12 results, spent 28917445 clocks.
num_cipher:	63
	Total vars:	117336
	Total clauses:	335728
	Test == masterkey, spend 16198126 clocks.
	Have 12 results, spent 26991545 clocks.
num_cipher:	64
	Total vars:	119192
	Total clauses:	341040
	Test == masterkey, spend 15906315 clocks.
	Have 12 results, spent 42921039 clocks.
num_cipher:	65
	Total vars:	121048
	Total clauses:	346352
	Test == masterkey, spend 14418149 clocks.
	Have 12 results, spent 25073403 clocks.
num_cipher:	66
	Total vars:	122904
	Total clauses:	351664
	Test == masterkey, spend 15695457 clocks.
	Have 12 results, spent 26300685 clocks.
num_cipher:	67
	Total vars:	124760
	Total clauses:	356976
	Test == masterkey, spend 15168062 clocks.
	Have 12 results, spent 29352755 clocks.
num_cipher:	68
	Total vars:	126616
	Total clauses:	362288
	Test == masterkey, spend 17559026 clocks.
	Have 12 results, spent 28968536 clocks.
num_cipher:	69
	Total vars:	128472
	Total clauses:	367600
	Test == masterkey, spend 16603606 clocks.
	Have 12 results, spent 29073251 clocks.
num_cipher:	70
	Total vars:	130328
	Total clauses:	372912
	Test == masterkey, spend 15864043 clocks.
	Have 12 results, spent 28506849 clocks.
num_cipher:	71
	Total vars:	132184
	Total clauses:	378224
	Test == masterkey, spend 15085009 clocks.
	Have 12 results, spent 28913919 clocks.
num_cipher:	72
	Total vars:	134040
	Total clauses:	383536
	Test == masterkey, spend 15643982 clocks.
	Have 12 results, spent 33674252 clocks.
num_cipher:	73
	Total vars:	135896
	Total clauses:	388848
	Test == masterkey, spend 14708340 clocks.
	Have 12 results, spent 30455187 clocks.
num_cipher:	74
	Total vars:	137752
	Total clauses:	394160
	Test == masterkey, spend 16482714 clocks.
	Have 12 results, spent 28323392 clocks.
num_cipher:	75
	Total vars:	139608
	Total clauses:	399472
	Test == masterkey, spend 16273648 clocks.
	Have 12 results, spent 26396354 clocks.
num_cipher:	76
	Total vars:	141464
	Total clauses:	404784
	Test == masterkey, spend 15865196 clocks.
	Have 12 results, spent 31067568 clocks.
num_cipher:	77
	Total vars:	143320
	Total clauses:	410096
	Test == masterkey, spend 19971556 clocks.
	Have 12 results, spent 29315752 clocks.
num_cipher:	78
	Total vars:	145176
	Total clauses:	415408
	Test == masterkey, spend 26081990 clocks.
	Have 12 results, spent 28113464 clocks.
num_cipher:	79
	Total vars:	147032
	Total clauses:	420720
	Test == masterkey, spend 28699728 clocks.
	Have 12 results, spent 28455287 clocks.
num_cipher:	80
	Total vars:	148888
	Total clauses:	426032
	Test == masterkey, spend 27927976 clocks.
	Have 12 results, spent 28552442 clocks.
---------------------------------------------------------------------------------------------------
	Command being timed: "./bin/present80NSNK 1 10 25 80"
	User time (seconds): 2151.42
	System time (seconds): 6.36
	Percent of CPU this job got: 99%
	Elapsed (wall clock) time (h:mm:ss or m:ss): 35:58.05
	Average shared text size (kbytes): 0
	Average unshared data size (kbytes): 0
	Average stack size (kbytes): 0
	Average total size (kbytes): 0
	Maximum resident set size (kbytes): 191156
	Average resident set size (kbytes): 0
	Major (requiring I/O) page faults: 0
	Minor (reclaiming a frame) page faults: 335570
	Voluntary context switches: 6
	Involuntary context switches: 6459
	Swaps: 0
	File system inputs: 0
	File system outputs: 816
	Socket messages sent: 0
	Socket messages received: 0
	Signals delivered: 0
	Page size (bytes): 4096
	Exit status: 0
