sbox:	1100 0101 0110 1011 1001 0000 1010 1101 0011 1110 1111 1000 0100 0111 0001 0010 
8 = (0+2+6')(2'+3+4'+6)(0'+2+3+4')(2+3'+4'+6)(2'+4+6'+7')(3+5'+6+7')(0'+4'+5+6')(1+4+6+7)(1'+4'+6'+7')(1+2'+3'+4)(0'+1'+3'+6)(3+4+5+7)(0'+2'+5'+7)(0+2'+3'+7)(1'+5'+6'+7)(2+4+5+6+7')(0+2'+5+6)(0'+1+4+5')(0+1'+4+5')(1+3+4'+5)(1+3'+4'+5'+7')(1+5+6+7')(2+3'+5+6')(1'+3+6'+7')(0+4'+5'+6')(1'+4'+6+7)
e_sbox:	1101 0101 0110 1011 1001 0000 1010 1101 0011 1110 1111 1000 0100 0111 0001 0010 
8 = (0'+2+6+7')(0+2+3+7)(0+1+2'+6)(2'+3+4'+6)(0+2+3'+4')(0'+1'+3+6')(1'+4'+6'+7')(1'+5'+6'+7)(1+5+6'+7)(1'+2'+6+7)(0'+1+2'+4)(0'+2+3'+5)(0'+2'+3'+7')(0+1'+4+7')(3'+4+5'+7)(0+4+5+6')(0'+1+2+3+5')(1+3+4'+5)(3+4+5'+7')(2'+4'+5'+7)(1+3'+5'+6'+7')(1'+3'+4'+5)(0+5'+6'+7')(4'+5'+6+7)(3+5+6+7)(1+4+5+6)(1'+3+4'+5')
PRESENT_MODE:	80
SAT_MODE:	2
	SBOX_MODE:	102
	KSR_HAVEERROR:	1
	ENCYPT_HAVEERROR:	1
AnalysesRounds:	10
MinCiphers:	25
MaxCiphers:	80
Threads:	1
Master_key:	10111000110101100011001100011100111010011100100001010111100101100001111000000101
---------------------------------------------------------------------------------------------------
num_cipher:	25
	Total vars:	46808
	Total clauses:	133872
	Test == masterkey, spend 4461195 clocks.
	Have 4 results, spent 27381407 clocks.
num_cipher:	26
	Total vars:	48664
	Total clauses:	139184
	Test == masterkey, spend 3453355 clocks.
	Have 4 results, spent 15619770 clocks.
num_cipher:	27
	Total vars:	50520
	Total clauses:	144496
	Test == masterkey, spend 4248639 clocks.
	Have 4 results, spent 11540790 clocks.
num_cipher:	28
	Total vars:	52376
	Total clauses:	149808
	Test == masterkey, spend 3746959 clocks.
	Have 4 results, spent 5917659 clocks.
num_cipher:	29
	Total vars:	54232
	Total clauses:	155120
	Test == masterkey, spend 4336915 clocks.
	Have 4 results, spent 6031356 clocks.
num_cipher:	30
	Total vars:	56088
	Total clauses:	160432
	Test == masterkey, spend 4817401 clocks.
	Have 4 results, spent 6261627 clocks.
num_cipher:	31
	Total vars:	57944
	Total clauses:	165744
	Test == masterkey, spend 5379649 clocks.
	Have 4 results, spent 7646591 clocks.
num_cipher:	32
	Total vars:	59800
	Total clauses:	171056
	Test == masterkey, spend 5137715 clocks.
	Have 4 results, spent 7561048 clocks.
num_cipher:	33
	Total vars:	61656
	Total clauses:	176368
	Test == masterkey, spend 5718542 clocks.
	Have 4 results, spent 7885499 clocks.
num_cipher:	34
	Total vars:	63512
	Total clauses:	181680
	Test == masterkey, spend 6005109 clocks.
	Have 4 results, spent 9365505 clocks.
num_cipher:	35
	Total vars:	65368
	Total clauses:	186992
	Test == masterkey, spend 6321170 clocks.
	Have 4 results, spent 9144570 clocks.
num_cipher:	36
	Total vars:	67224
	Total clauses:	192304
	Test == masterkey, spend 5930221 clocks.
	Have 4 results, spent 9145752 clocks.
num_cipher:	37
	Total vars:	69080
	Total clauses:	197616
	Test == masterkey, spend 7384987 clocks.
	Have 4 results, spent 10384727 clocks.
num_cipher:	38
	Total vars:	70936
	Total clauses:	202928
	Test == masterkey, spend 7331843 clocks.
	Have 4 results, spent 9724226 clocks.
num_cipher:	39
	Total vars:	72792
	Total clauses:	208240
	Test == masterkey, spend 6532696 clocks.
	Have 4 results, spent 10816616 clocks.
num_cipher:	40
	Total vars:	74648
	Total clauses:	213552
	Test == masterkey, spend 7076517 clocks.
	Have 4 results, spent 9634280 clocks.
num_cipher:	41
	Total vars:	76504
	Total clauses:	218864
	Test == masterkey, spend 7664310 clocks.
	Have 4 results, spent 10641688 clocks.
num_cipher:	42
	Total vars:	78360
	Total clauses:	224176
	Test == masterkey, spend 7740626 clocks.
	Have 4 results, spent 10903086 clocks.
num_cipher:	43
	Total vars:	80216
	Total clauses:	229488
	Test == masterkey, spend 8764620 clocks.
	Have 4 results, spent 12336628 clocks.
num_cipher:	44
	Total vars:	82072
	Total clauses:	234800
	Test == masterkey, spend 9201166 clocks.
	Have 4 results, spent 10380253 clocks.
num_cipher:	45
	Total vars:	83928
	Total clauses:	240112
	Test == masterkey, spend 9283401 clocks.
	Have 4 results, spent 11142391 clocks.
num_cipher:	46
	Total vars:	85784
	Total clauses:	245424
	Test == masterkey, spend 10469627 clocks.
	Have 4 results, spent 15685988 clocks.
num_cipher:	47
	Total vars:	87640
	Total clauses:	250736
	Test == masterkey, spend 8888287 clocks.
	Have 4 results, spent 16024372 clocks.
num_cipher:	48
	Total vars:	89496
	Total clauses:	256048
	Test == masterkey, spend 10761351 clocks.
	Have 4 results, spent 16396828 clocks.
num_cipher:	49
	Total vars:	91352
	Total clauses:	261360
	Test == masterkey, spend 10322052 clocks.
	Have 4 results, spent 18426220 clocks.
num_cipher:	50
	Total vars:	93208
	Total clauses:	266672
	Test == masterkey, spend 12440874 clocks.
	Have 4 results, spent 16440109 clocks.
num_cipher:	51
	Total vars:	95064
	Total clauses:	271984
	Test == masterkey, spend 11495801 clocks.
	Have 4 results, spent 19198074 clocks.
num_cipher:	52
	Total vars:	96920
	Total clauses:	277296
	Test == masterkey, spend 11195622 clocks.
	Have 4 results, spent 19936747 clocks.
num_cipher:	53
	Total vars:	98776
	Total clauses:	282608
	Test == masterkey, spend 12087818 clocks.
	Have 4 results, spent 18845538 clocks.
num_cipher:	54
	Total vars:	100632
	Total clauses:	287920
	Test == masterkey, spend 14976754 clocks.
	Have 4 results, spent 20299031 clocks.
num_cipher:	55
	Total vars:	102488
	Total clauses:	293232
	Test == masterkey, spend 11486656 clocks.
	Have 4 results, spent 17793689 clocks.
num_cipher:	56
	Total vars:	104344
	Total clauses:	298544
	Test == masterkey, spend 14176820 clocks.
	Have 4 results, spent 16847949 clocks.
num_cipher:	57
	Total vars:	106200
	Total clauses:	303856
	Test == masterkey, spend 14674847 clocks.
	Have 4 results, spent 22831355 clocks.
num_cipher:	58
	Total vars:	108056
	Total clauses:	309168
	Test == masterkey, spend 12916613 clocks.
	Have 4 results, spent 20904599 clocks.
num_cipher:	59
	Total vars:	109912
	Total clauses:	314480
	Test == masterkey, spend 13559727 clocks.
	Have 4 results, spent 22789584 clocks.
num_cipher:	60
	Total vars:	111768
	Total clauses:	319792
	Test == masterkey, spend 14663741 clocks.
	Have 4 results, spent 23024078 clocks.
num_cipher:	61
	Total vars:	113624
	Total clauses:	325104
	Test == masterkey, spend 14517972 clocks.
	Have 4 results, spent 23116955 clocks.
num_cipher:	62
	Total vars:	115480
	Total clauses:	330416
	Test == masterkey, spend 14304935 clocks.
	Have 4 results, spent 21762630 clocks.
num_cipher:	63
	Total vars:	117336
	Total clauses:	335728
	Test == masterkey, spend 14041295 clocks.
	Have 4 results, spent 23990555 clocks.
num_cipher:	64
	Total vars:	119192
	Total clauses:	341040
	Test == masterkey, spend 14186748 clocks.
	Have 4 results, spent 23033797 clocks.
num_cipher:	65
	Total vars:	121048
	Total clauses:	346352
	Test == masterkey, spend 13548568 clocks.
	Have 4 results, spent 21914988 clocks.
num_cipher:	66
	Total vars:	122904
	Total clauses:	351664
	Test == masterkey, spend 14013447 clocks.
	Have 4 results, spent 24431034 clocks.
num_cipher:	67
	Total vars:	124760
	Total clauses:	356976
	Test == masterkey, spend 15246981 clocks.
	Have 4 results, spent 25659340 clocks.
num_cipher:	68
	Total vars:	126616
	Total clauses:	362288
	Test == masterkey, spend 14584834 clocks.
	Have 4 results, spent 25446538 clocks.
num_cipher:	69
	Total vars:	128472
	Total clauses:	367600
	Test == masterkey, spend 15047799 clocks.
	Have 4 results, spent 22390706 clocks.
num_cipher:	70
	Total vars:	130328
	Total clauses:	372912
	Test == masterkey, spend 13897456 clocks.
	Have 4 results, spent 28851730 clocks.
num_cipher:	71
	Total vars:	132184
	Total clauses:	378224
	Test == masterkey, spend 14862220 clocks.
	Have 4 results, spent 26143524 clocks.
num_cipher:	72
	Total vars:	134040
	Total clauses:	383536
	Test == masterkey, spend 13923787 clocks.
	Have 4 results, spent 34097301 clocks.
num_cipher:	73
	Total vars:	135896
	Total clauses:	388848
	Test == masterkey, spend 16208307 clocks.
	Have 4 results, spent 30996792 clocks.
num_cipher:	74
	Total vars:	137752
	Total clauses:	394160
	Test == masterkey, spend 16589528 clocks.
	Have 4 results, spent 28785692 clocks.
num_cipher:	75
	Total vars:	139608
	Total clauses:	399472
	Test == masterkey, spend 22065786 clocks.
	Have 4 results, spent 28629065 clocks.
num_cipher:	76
	Total vars:	141464
	Total clauses:	404784
	Test == masterkey, spend 17054349 clocks.
	Have 4 results, spent 28081631 clocks.
num_cipher:	77
	Total vars:	143320
	Total clauses:	410096
	Test == masterkey, spend 24434645 clocks.
	Have 4 results, spent 34386700 clocks.
num_cipher:	78
	Total vars:	145176
	Total clauses:	415408
	Test == masterkey, spend 24901147 clocks.
	Have 4 results, spent 28868009 clocks.
num_cipher:	79
	Total vars:	147032
	Total clauses:	420720
	Test == masterkey, spend 18195847 clocks.
	Have 4 results, spent 30594990 clocks.
num_cipher:	80
	Total vars:	148888
	Total clauses:	426032
	Test == masterkey, spend 23623942 clocks.
	Have 4 results, spent 29485267 clocks.
---------------------------------------------------------------------------------------------------
	Command being timed: "./bin/present80NSNK 1 10 25 80"
	User time (seconds): 1776.51
	System time (seconds): 1.73
	Percent of CPU this job got: 99%
	Elapsed (wall clock) time (h:mm:ss or m:ss): 29:38.82
	Average shared text size (kbytes): 0
	Average unshared data size (kbytes): 0
	Average stack size (kbytes): 0
	Average total size (kbytes): 0
	Maximum resident set size (kbytes): 190080
	Average resident set size (kbytes): 0
	Major (requiring I/O) page faults: 0
	Minor (reclaiming a frame) page faults: 216126
	Voluntary context switches: 5
	Involuntary context switches: 4880
	Swaps: 0
	File system inputs: 0
	File system outputs: 888
	Socket messages sent: 0
	Socket messages received: 0
	Signals delivered: 0
	Page size (bytes): 4096
	Exit status: 0
