sbox:	1100 0101 0110 1011 1001 0000 1010 1101 0011 1110 1111 1000 0100 0111 0001 0010 
8 = (0+2+6')(2'+3+4'+6)(0'+2+3+4')(2+3'+4'+6)(2'+4+6'+7')(3+5'+6+7')(0'+4'+5+6')(1+4+6+7)(1'+4'+6'+7')(1+2'+3'+4)(0'+1'+3'+6)(3+4+5+7)(0'+2'+5'+7)(0+2'+3'+7)(1'+5'+6'+7)(2+4+5+6+7')(0+2'+5+6)(0'+1+4+5')(0+1'+4+5')(1+3+4'+5)(1+3'+4'+5'+7')(1+5+6+7')(2+3'+5+6')(1'+3+6'+7')(0+4'+5'+6')(1'+4'+6+7)
e_sbox:	1101 0101 0110 1011 1001 0000 1010 1101 0011 1110 1111 1000 0100 0111 0001 0010 
8 = (0'+2+6+7')(0+2+3+7)(0+1+2'+6)(2'+3+4'+6)(0+2+3'+4')(0'+1'+3+6')(1'+4'+6'+7')(1'+5'+6'+7)(1+5+6'+7)(1'+2'+6+7)(0'+1+2'+4)(0'+2+3'+5)(0'+2'+3'+7')(0+1'+4+7')(3'+4+5'+7)(0+4+5+6')(0'+1+2+3+5')(1+3+4'+5)(3+4+5'+7')(2'+4'+5'+7)(1+3'+5'+6'+7')(1'+3'+4'+5)(0+5'+6'+7')(4'+5'+6+7)(3+5+6+7)(1+4+5+6)(1'+3+4'+5')
PRESENT_MODE:	80
SAT_MODE:	2
	SBOX_MODE:	102
	KSR_HAVEERROR:	1
	ENCYPT_HAVEERROR:	1
AnalysesRounds:	10
MinCiphers:	25
MaxCiphers:	80
Threads:	1
Master_key:	00011100011010111110100101100001110111011110000100010001110101100101010110110000
---------------------------------------------------------------------------------------------------
num_cipher:	25
	Total vars:	46808
	Total clauses:	133872
	Test == masterkey, spend 3811787 clocks.
	Have 8 results, spent 17487157 clocks.
num_cipher:	26
	Total vars:	48664
	Total clauses:	139184
	Test == masterkey, spend 3606326 clocks.
	Have 8 results, spent 16328094 clocks.
num_cipher:	27
	Total vars:	50520
	Total clauses:	144496
	Test == masterkey, spend 4254159 clocks.
	Have 8 results, spent 11351805 clocks.
num_cipher:	28
	Total vars:	52376
	Total clauses:	149808
	Test == masterkey, spend 5725590 clocks.
	Have 8 results, spent 11819933 clocks.
num_cipher:	29
	Total vars:	54232
	Total clauses:	155120
	Test == masterkey, spend 4997698 clocks.
	Have 8 results, spent 10335175 clocks.
num_cipher:	30
	Total vars:	56088
	Total clauses:	160432
	Test == masterkey, spend 5170127 clocks.
	Have 8 results, spent 8601073 clocks.
num_cipher:	31
	Total vars:	57944
	Total clauses:	165744
	Test == masterkey, spend 5810027 clocks.
	Have 8 results, spent 10248956 clocks.
num_cipher:	32
	Total vars:	59800
	Total clauses:	171056
	Test == masterkey, spend 6425521 clocks.
	Have 8 results, spent 11344573 clocks.
num_cipher:	33
	Total vars:	61656
	Total clauses:	176368
	Test == masterkey, spend 6082354 clocks.
	Have 8 results, spent 11440634 clocks.
num_cipher:	34
	Total vars:	63512
	Total clauses:	181680
	Test == masterkey, spend 5813581 clocks.
	Have 8 results, spent 11715394 clocks.
num_cipher:	35
	Total vars:	65368
	Total clauses:	186992
	Test == masterkey, spend 6422047 clocks.
	Have 8 results, spent 11832901 clocks.
num_cipher:	36
	Total vars:	67224
	Total clauses:	192304
	Test == masterkey, spend 6320379 clocks.
	Have 8 results, spent 11844178 clocks.
num_cipher:	37
	Total vars:	69080
	Total clauses:	197616
	Test == masterkey, spend 7657928 clocks.
	Have 8 results, spent 11889203 clocks.
num_cipher:	38
	Total vars:	70936
	Total clauses:	202928
	Test == masterkey, spend 7818336 clocks.
	Have 8 results, spent 13304016 clocks.
num_cipher:	39
	Total vars:	72792
	Total clauses:	208240
	Test == masterkey, spend 8869772 clocks.
	Have 8 results, spent 13919033 clocks.
num_cipher:	40
	Total vars:	74648
	Total clauses:	213552
	Test == masterkey, spend 8968095 clocks.
	Have 8 results, spent 14942786 clocks.
num_cipher:	41
	Total vars:	76504
	Total clauses:	218864
	Test == masterkey, spend 7629985 clocks.
	Have 8 results, spent 15674456 clocks.
num_cipher:	42
	Total vars:	78360
	Total clauses:	224176
	Test == masterkey, spend 9697478 clocks.
	Have 8 results, spent 14451175 clocks.
num_cipher:	43
	Total vars:	80216
	Total clauses:	229488
	Test == masterkey, spend 9604504 clocks.
	Have 8 results, spent 13867828 clocks.
num_cipher:	44
	Total vars:	82072
	Total clauses:	234800
	Test == masterkey, spend 8885899 clocks.
	Have 8 results, spent 13805474 clocks.
num_cipher:	45
	Total vars:	83928
	Total clauses:	240112
	Test == masterkey, spend 10807907 clocks.
	Have 8 results, spent 15792949 clocks.
num_cipher:	46
	Total vars:	85784
	Total clauses:	245424
	Test == masterkey, spend 10081265 clocks.
	Have 8 results, spent 15960565 clocks.
num_cipher:	47
	Total vars:	87640
	Total clauses:	250736
	Test == masterkey, spend 9333810 clocks.
	Have 8 results, spent 16053139 clocks.
num_cipher:	48
	Total vars:	89496
	Total clauses:	256048
	Test == masterkey, spend 11572297 clocks.
	Have 8 results, spent 16825462 clocks.
num_cipher:	49
	Total vars:	91352
	Total clauses:	261360
	Test == masterkey, spend 11553929 clocks.
	Have 8 results, spent 14523334 clocks.
num_cipher:	50
	Total vars:	93208
	Total clauses:	266672
	Test == masterkey, spend 11846357 clocks.
	Have 8 results, spent 17634714 clocks.
num_cipher:	51
	Total vars:	95064
	Total clauses:	271984
	Test == masterkey, spend 10291744 clocks.
	Have 8 results, spent 19253095 clocks.
num_cipher:	52
	Total vars:	96920
	Total clauses:	277296
	Test == masterkey, spend 10736959 clocks.
	Have 8 results, spent 17770363 clocks.
num_cipher:	53
	Total vars:	98776
	Total clauses:	282608
	Test == masterkey, spend 11304304 clocks.
	Have 8 results, spent 16306458 clocks.
num_cipher:	54
	Total vars:	100632
	Total clauses:	287920
	Test == masterkey, spend 11243577 clocks.
	Have 8 results, spent 22357442 clocks.
num_cipher:	55
	Total vars:	102488
	Total clauses:	293232
	Test == masterkey, spend 12846570 clocks.
	Have 8 results, spent 20352576 clocks.
num_cipher:	56
	Total vars:	104344
	Total clauses:	298544
	Test == masterkey, spend 12998726 clocks.
	Have 8 results, spent 19574280 clocks.
num_cipher:	57
	Total vars:	106200
	Total clauses:	303856
	Test == masterkey, spend 12742840 clocks.
	Have 8 results, spent 17778202 clocks.
num_cipher:	58
	Total vars:	108056
	Total clauses:	309168
	Test == masterkey, spend 10441455 clocks.
	Have 8 results, spent 19702003 clocks.
num_cipher:	59
	Total vars:	109912
	Total clauses:	314480
	Test == masterkey, spend 11433953 clocks.
	Have 8 results, spent 21256121 clocks.
num_cipher:	60
	Total vars:	111768
	Total clauses:	319792
	Test == masterkey, spend 11784052 clocks.
	Have 8 results, spent 24212536 clocks.
num_cipher:	61
	Total vars:	113624
	Total clauses:	325104
	Test == masterkey, spend 14089536 clocks.
	Have 8 results, spent 21952316 clocks.
num_cipher:	62
	Total vars:	115480
	Total clauses:	330416
	Test == masterkey, spend 15771893 clocks.
	Have 8 results, spent 23692822 clocks.
num_cipher:	63
	Total vars:	117336
	Total clauses:	335728
	Test == masterkey, spend 13731702 clocks.
	Have 8 results, spent 25736797 clocks.
num_cipher:	64
	Total vars:	119192
	Total clauses:	341040
	Test == masterkey, spend 14639867 clocks.
	Have 8 results, spent 24619942 clocks.
num_cipher:	65
	Total vars:	121048
	Total clauses:	346352
	Test == masterkey, spend 14519208 clocks.
	Have 8 results, spent 25972036 clocks.
num_cipher:	66
	Total vars:	122904
	Total clauses:	351664
	Test == masterkey, spend 12836766 clocks.
	Have 8 results, spent 24027227 clocks.
num_cipher:	67
	Total vars:	124760
	Total clauses:	356976
	Test == masterkey, spend 15275514 clocks.
	Have 8 results, spent 27677152 clocks.
num_cipher:	68
	Total vars:	126616
	Total clauses:	362288
	Test == masterkey, spend 13989981 clocks.
	Have 8 results, spent 28787144 clocks.
num_cipher:	69
	Total vars:	128472
	Total clauses:	367600
	Test == masterkey, spend 14403418 clocks.
	Have 8 results, spent 32056772 clocks.
num_cipher:	70
	Total vars:	130328
	Total clauses:	372912
	Test == masterkey, spend 18681648 clocks.
	Have 8 results, spent 25663652 clocks.
num_cipher:	71
	Total vars:	132184
	Total clauses:	378224
	Test == masterkey, spend 17760111 clocks.
	Have 8 results, spent 27935072 clocks.
num_cipher:	72
	Total vars:	134040
	Total clauses:	383536
	Test == masterkey, spend 16703017 clocks.
	Have 8 results, spent 31095310 clocks.
num_cipher:	73
	Total vars:	135896
	Total clauses:	388848
	Test == masterkey, spend 16743969 clocks.
	Have 8 results, spent 27188426 clocks.
num_cipher:	74
	Total vars:	137752
	Total clauses:	394160
	Test == masterkey, spend 18143817 clocks.
	Have 8 results, spent 30021501 clocks.
num_cipher:	75
	Total vars:	139608
	Total clauses:	399472
	Test == masterkey, spend 17846662 clocks.
	Have 8 results, spent 28090170 clocks.
num_cipher:	76
	Total vars:	141464
	Total clauses:	404784
	Test == masterkey, spend 20260124 clocks.
	Have 8 results, spent 33347135 clocks.
num_cipher:	77
	Total vars:	143320
	Total clauses:	410096
	Test == masterkey, spend 21006156 clocks.
	Have 8 results, spent 37278194 clocks.
num_cipher:	78
	Total vars:	145176
	Total clauses:	415408
	Test == masterkey, spend 20369564 clocks.
	Have 8 results, spent 31017432 clocks.
num_cipher:	79
	Total vars:	147032
	Total clauses:	420720
	Test == masterkey, spend 18081791 clocks.
	Have 8 results, spent 31442801 clocks.
num_cipher:	80
	Total vars:	148888
	Total clauses:	426032
	Test == masterkey, spend 22586830 clocks.
	Have 8 results, spent 34018125 clocks.
---------------------------------------------------------------------------------------------------
	Command being timed: "./bin/present80NSNK 1 10 25 80"
	User time (seconds): 1854.04
	System time (seconds): 2.53
	Percent of CPU this job got: 99%
	Elapsed (wall clock) time (h:mm:ss or m:ss): 30:57.38
	Average shared text size (kbytes): 0
	Average unshared data size (kbytes): 0
	Average stack size (kbytes): 0
	Average total size (kbytes): 0
	Maximum resident set size (kbytes): 192016
	Average resident set size (kbytes): 0
	Major (requiring I/O) page faults: 0
	Minor (reclaiming a frame) page faults: 364177
	Voluntary context switches: 7
	Involuntary context switches: 4472
	Swaps: 0
	File system inputs: 0
	File system outputs: 920
	Socket messages sent: 0
	Socket messages received: 0
	Signals delivered: 0
	Page size (bytes): 4096
	Exit status: 0
