sbox:	1100 0101 0110 1011 1001 0000 1010 1101 0011 1110 1111 1000 0100 0111 0001 0010 
8 = (0+2+6')(2'+3+4'+6)(0'+2+3+4')(2+3'+4'+6)(2'+4+6'+7')(3+5'+6+7')(0'+4'+5+6')(1+4+6+7)(1'+4'+6'+7')(1+2'+3'+4)(0'+1'+3'+6)(3+4+5+7)(0'+2'+5'+7)(0+2'+3'+7)(1'+5'+6'+7)(2+4+5+6+7')(0+2'+5+6)(0'+1+4+5')(0+1'+4+5')(1+3+4'+5)(1+3'+4'+5'+7')(1+5+6+7')(2+3'+5+6')(1'+3+6'+7')(0+4'+5'+6')(1'+4'+6+7)
e_sbox:	1101 0101 0110 1011 1001 0000 1010 1101 0011 1110 1111 1000 0100 0111 0001 0010 
8 = (0'+2+6+7')(0+2+3+7)(0+1+2'+6)(2'+3+4'+6)(0+2+3'+4')(0'+1'+3+6')(1'+4'+6'+7')(1'+5'+6'+7)(1+5+6'+7)(1'+2'+6+7)(0'+1+2'+4)(0'+2+3'+5)(0'+2'+3'+7')(0+1'+4+7')(3'+4+5'+7)(0+4+5+6')(0'+1+2+3+5')(1+3+4'+5)(3+4+5'+7')(2'+4'+5'+7)(1+3'+5'+6'+7')(1'+3'+4'+5)(0+5'+6'+7')(4'+5'+6+7)(3+5+6+7)(1+4+5+6)(1'+3+4'+5')
PRESENT_MODE:	80
SAT_MODE:	2
	SBOX_MODE:	102
	KSR_HAVEERROR:	1
	ENCYPT_HAVEERROR:	1
AnalysesRounds:	10
MinCiphers:	25
MaxCiphers:	80
Threads:	1
Master_key:	01000010001110001010000000001010101001110111100111100001101111110111100101100111
---------------------------------------------------------------------------------------------------
num_cipher:	25
	Total vars:	46808
	Total clauses:	133872
	Test == masterkey, spend 3280856 clocks.
	Have 2 results, spent 65692390 clocks.
num_cipher:	26
	Total vars:	48664
	Total clauses:	139184
	Test == masterkey, spend 3907011 clocks.
	Have 2 results, spent 47719459 clocks.
num_cipher:	27
	Total vars:	50520
	Total clauses:	144496
	Test == masterkey, spend 4128952 clocks.
	Have 2 results, spent 23786945 clocks.
num_cipher:	28
	Total vars:	52376
	Total clauses:	149808
	Test == masterkey, spend 4472442 clocks.
	Have 2 results, spent 14676611 clocks.
num_cipher:	29
	Total vars:	54232
	Total clauses:	155120
	Test == masterkey, spend 5272498 clocks.
	Have 2 results, spent 6011458 clocks.
num_cipher:	30
	Total vars:	56088
	Total clauses:	160432
	Test == masterkey, spend 4685473 clocks.
	Have 2 results, spent 5766840 clocks.
num_cipher:	31
	Total vars:	57944
	Total clauses:	165744
	Test == masterkey, spend 5470149 clocks.
	Have 2 results, spent 6172631 clocks.
num_cipher:	32
	Total vars:	59800
	Total clauses:	171056
	Test == masterkey, spend 5029113 clocks.
	Have 2 results, spent 6650053 clocks.
num_cipher:	33
	Total vars:	61656
	Total clauses:	176368
	Test == masterkey, spend 6091852 clocks.
	Have 2 results, spent 7002731 clocks.
num_cipher:	34
	Total vars:	63512
	Total clauses:	181680
	Test == masterkey, spend 7203976 clocks.
	Have 2 results, spent 8508534 clocks.
num_cipher:	35
	Total vars:	65368
	Total clauses:	186992
	Test == masterkey, spend 7166489 clocks.
	Have 2 results, spent 7805721 clocks.
num_cipher:	36
	Total vars:	67224
	Total clauses:	192304
	Test == masterkey, spend 8470746 clocks.
	Have 2 results, spent 6691752 clocks.
num_cipher:	37
	Total vars:	69080
	Total clauses:	197616
	Test == masterkey, spend 7707596 clocks.
	Have 2 results, spent 9331277 clocks.
num_cipher:	38
	Total vars:	70936
	Total clauses:	202928
	Test == masterkey, spend 7491642 clocks.
	Have 2 results, spent 8831516 clocks.
num_cipher:	39
	Total vars:	72792
	Total clauses:	208240
	Test == masterkey, spend 9544427 clocks.
	Have 2 results, spent 7829282 clocks.
num_cipher:	40
	Total vars:	74648
	Total clauses:	213552
	Test == masterkey, spend 8035801 clocks.
	Have 2 results, spent 8321628 clocks.
num_cipher:	41
	Total vars:	76504
	Total clauses:	218864
	Test == masterkey, spend 8294987 clocks.
	Have 2 results, spent 7798468 clocks.
num_cipher:	42
	Total vars:	78360
	Total clauses:	224176
	Test == masterkey, spend 10413927 clocks.
	Have 2 results, spent 8738225 clocks.
num_cipher:	43
	Total vars:	80216
	Total clauses:	229488
	Test == masterkey, spend 9676197 clocks.
	Have 2 results, spent 10265506 clocks.
num_cipher:	44
	Total vars:	82072
	Total clauses:	234800
	Test == masterkey, spend 10508489 clocks.
	Have 2 results, spent 9565951 clocks.
num_cipher:	45
	Total vars:	83928
	Total clauses:	240112
	Test == masterkey, spend 10325293 clocks.
	Have 2 results, spent 10416587 clocks.
num_cipher:	46
	Total vars:	85784
	Total clauses:	245424
	Test == masterkey, spend 12287856 clocks.
	Have 2 results, spent 11515610 clocks.
num_cipher:	47
	Total vars:	87640
	Total clauses:	250736
	Test == masterkey, spend 12647810 clocks.
	Have 2 results, spent 11661989 clocks.
num_cipher:	48
	Total vars:	89496
	Total clauses:	256048
	Test == masterkey, spend 13380467 clocks.
	Have 2 results, spent 9404246 clocks.
num_cipher:	49
	Total vars:	91352
	Total clauses:	261360
	Test == masterkey, spend 11424992 clocks.
	Have 2 results, spent 10127674 clocks.
num_cipher:	50
	Total vars:	93208
	Total clauses:	266672
	Test == masterkey, spend 11514113 clocks.
	Have 2 results, spent 11750960 clocks.
num_cipher:	51
	Total vars:	95064
	Total clauses:	271984
	Test == masterkey, spend 11087545 clocks.
	Have 2 results, spent 11828153 clocks.
num_cipher:	52
	Total vars:	96920
	Total clauses:	277296
	Test == masterkey, spend 12880689 clocks.
	Have 2 results, spent 11403342 clocks.
num_cipher:	53
	Total vars:	98776
	Total clauses:	282608
	Test == masterkey, spend 13217452 clocks.
	Have 2 results, spent 12269387 clocks.
num_cipher:	54
	Total vars:	100632
	Total clauses:	287920
	Test == masterkey, spend 11444934 clocks.
	Have 2 results, spent 14001194 clocks.
num_cipher:	55
	Total vars:	102488
	Total clauses:	293232
	Test == masterkey, spend 11156197 clocks.
	Have 2 results, spent 13722014 clocks.
num_cipher:	56
	Total vars:	104344
	Total clauses:	298544
	Test == masterkey, spend 14624896 clocks.
	Have 2 results, spent 13234798 clocks.
num_cipher:	57
	Total vars:	106200
	Total clauses:	303856
	Test == masterkey, spend 15081041 clocks.
	Have 2 results, spent 14527954 clocks.
num_cipher:	58
	Total vars:	108056
	Total clauses:	309168
	Test == masterkey, spend 13423614 clocks.
	Have 2 results, spent 15854276 clocks.
num_cipher:	59
	Total vars:	109912
	Total clauses:	314480
	Test == masterkey, spend 15459636 clocks.
	Have 2 results, spent 14502554 clocks.
num_cipher:	60
	Total vars:	111768
	Total clauses:	319792
	Test == masterkey, spend 15578475 clocks.
	Have 2 results, spent 16547526 clocks.
num_cipher:	61
	Total vars:	113624
	Total clauses:	325104
	Test == masterkey, spend 16340202 clocks.
	Have 2 results, spent 18140962 clocks.
num_cipher:	62
	Total vars:	115480
	Total clauses:	330416
	Test == masterkey, spend 14626512 clocks.
	Have 2 results, spent 19253406 clocks.
num_cipher:	63
	Total vars:	117336
	Total clauses:	335728
	Test == masterkey, spend 13809231 clocks.
	Have 2 results, spent 16923024 clocks.
num_cipher:	64
	Total vars:	119192
	Total clauses:	341040
	Test == masterkey, spend 13378895 clocks.
	Have 2 results, spent 18297534 clocks.
num_cipher:	65
	Total vars:	121048
	Total clauses:	346352
	Test == masterkey, spend 14141509 clocks.
	Have 2 results, spent 16571976 clocks.
num_cipher:	66
	Total vars:	122904
	Total clauses:	351664
	Test == masterkey, spend 18945382 clocks.
	Have 2 results, spent 18500869 clocks.
num_cipher:	67
	Total vars:	124760
	Total clauses:	356976
	Test == masterkey, spend 18165853 clocks.
	Have 2 results, spent 17099944 clocks.
num_cipher:	68
	Total vars:	126616
	Total clauses:	362288
	Test == masterkey, spend 15515570 clocks.
	Have 2 results, spent 19626585 clocks.
num_cipher:	69
	Total vars:	128472
	Total clauses:	367600
	Test == masterkey, spend 16153135 clocks.
	Have 2 results, spent 20304003 clocks.
num_cipher:	70
	Total vars:	130328
	Total clauses:	372912
	Test == masterkey, spend 14543111 clocks.
	Have 2 results, spent 18658783 clocks.
num_cipher:	71
	Total vars:	132184
	Total clauses:	378224
	Test == masterkey, spend 18970338 clocks.
	Have 2 results, spent 23313981 clocks.
num_cipher:	72
	Total vars:	134040
	Total clauses:	383536
	Test == masterkey, spend 23576227 clocks.
	Have 2 results, spent 33012053 clocks.
num_cipher:	73
	Total vars:	135896
	Total clauses:	388848
	Test == masterkey, spend 21947064 clocks.
	Have 2 results, spent 24022861 clocks.
num_cipher:	74
	Total vars:	137752
	Total clauses:	394160
	Test == masterkey, spend 22064723 clocks.
	Have 2 results, spent 27221150 clocks.
num_cipher:	75
	Total vars:	139608
	Total clauses:	399472
	Test == masterkey, spend 17986207 clocks.
	Have 2 results, spent 22379068 clocks.
num_cipher:	76
	Total vars:	141464
	Total clauses:	404784
	Test == masterkey, spend 21898814 clocks.
	Have 2 results, spent 29252038 clocks.
num_cipher:	77
	Total vars:	143320
	Total clauses:	410096
	Test == masterkey, spend 19052851 clocks.
	Have 2 results, spent 32594227 clocks.
num_cipher:	78
	Total vars:	145176
	Total clauses:	415408
	Test == masterkey, spend 27712686 clocks.
	Have 2 results, spent 29871234 clocks.
num_cipher:	79
	Total vars:	147032
	Total clauses:	420720
	Test == masterkey, spend 24788251 clocks.
	Have 2 results, spent 32019642 clocks.
num_cipher:	80
	Total vars:	148888
	Total clauses:	426032
	Test == masterkey, spend 26098313 clocks.
	Have 2 results, spent 33336164 clocks.
---------------------------------------------------------------------------------------------------
	Command being timed: "./bin/present80NSNK 1 10 25 80"
	User time (seconds): 1754.04
	System time (seconds): 1.67
	Percent of CPU this job got: 99%
	Elapsed (wall clock) time (h:mm:ss or m:ss): 29:15.76
	Average shared text size (kbytes): 0
	Average unshared data size (kbytes): 0
	Average stack size (kbytes): 0
	Average total size (kbytes): 0
	Maximum resident set size (kbytes): 196796
	Average resident set size (kbytes): 0
	Major (requiring I/O) page faults: 0
	Minor (reclaiming a frame) page faults: 84418
	Voluntary context switches: 2
	Involuntary context switches: 4210
	Swaps: 0
	File system inputs: 0
	File system outputs: 352
	Socket messages sent: 0
	Socket messages received: 0
	Signals delivered: 0
	Page size (bytes): 4096
	Exit status: 0
