sbox:	1100 0101 0110 1011 1001 0000 1010 1101 0011 1110 1111 1000 0100 0111 0001 0010 
8 = (3+1+5')(1'+0+7'+5)(3'+1+0+7')(1+0'+7'+5)(1'+7+5'+4')(0+6'+5+4')(3'+7'+6+5')(2+7+5+4)(2'+7'+5'+4')(2+1'+0'+7)(3'+2'+0'+5)(0+7+6+4)(3'+1'+6'+4)(3+1'+0'+4)(2'+6'+5'+4)(1+7+6+5+4')(3+1'+6+5)(3'+2+7+6')(3+2'+7+6')(2+0+7'+6)(2+0'+7'+6'+4')(2+6+5+4')(1+0'+6+5')(2'+0+5'+4')(3+7'+6'+5')(2'+7'+5+4)
e_sbox:	1101 0101 0110 1011 1001 0000 1010 1101 0011 1110 1111 1000 0100 0111 0001 0010 
8 = (3'+1+5+4')(3+1+0+4)(3+2+1'+5)(1'+0+7'+5)(3+1+0'+7')(3'+2'+0+5')(2'+7'+5'+4')(2'+6'+5'+4)(2+6+5'+4)(2'+1'+5+4)(3'+2+1'+7)(3'+1+0'+6)(3'+1'+0'+4')(3+2'+7+4')(0'+7+6'+4)(3+7+6+5')(3'+2+1+0+6')(2+0+7'+6)(0+7+6'+4')(1'+7'+6'+4)(2+0'+6'+5'+4')(2'+0'+7'+6)(3+6'+5'+4')(7'+6'+5+4)(0+6+5+4)(2+7+6+5)(2'+0+7'+6')
Max time :	3600
PRESENT_MODE:	80
SAT_MODE:	2
	SBOX_MODE:	102
	KSR_HAVEERROR:	1
	ENCYPT_HAVEERROR:	1
AnalysesRounds:	3
MinCiphers:	18
MaxCiphers:	80
Threads:	1
Master_key:	01111100011110101010010101101101010111010101001100010000001001010101111111010111
---------------------------------------------------------------------------------------------------
num_cipher:	18
	Total vars:	9624
	Total clauses:	24112
	Test == masterkey, spend 22619 clocks.
	Have more than 1024 results, spent 8429162 clocks.
num_cipher:	19
	Total vars:	10136
	Total clauses:	25392
	Test == masterkey, spend 26030 clocks.
	Have more than 1024 results, spent 9091425 clocks.
num_cipher:	20
	Total vars:	10648
	Total clauses:	26672
	Test == masterkey, spend 24962 clocks.
	Have more than 1024 results, spent 9776812 clocks.
num_cipher:	21
	Total vars:	11160
	Total clauses:	27952
	Test == masterkey, spend 33758 clocks.
	Have more than 1024 results, spent 9942901 clocks.
num_cipher:	22
	Total vars:	11672
	Total clauses:	29232
	Test == masterkey, spend 34811 clocks.
	Have more than 1024 results, spent 7561500 clocks.
num_cipher:	23
	Total vars:	12184
	Total clauses:	30512
	Test == masterkey, spend 46807 clocks.
	Have more than 1024 results, spent 8025122 clocks.
num_cipher:	24
	Total vars:	12696
	Total clauses:	31792
	Test == masterkey, spend 39577 clocks.
	Have more than 1024 results, spent 7667372 clocks.
num_cipher:	25
	Total vars:	13208
	Total clauses:	33072
	Test == masterkey, spend 66181 clocks.
	Have more than 1024 results, spent 7175136 clocks.
num_cipher:	26
	Total vars:	13720
	Total clauses:	34352
	Test == masterkey, spend 47315 clocks.
	Have more than 1024 results, spent 5219499 clocks.
num_cipher:	27
	Total vars:	14232
	Total clauses:	35632
	Test == masterkey, spend 59551 clocks.
	Have more than 1024 results, spent 3525496 clocks.
num_cipher:	28
	Total vars:	14744
	Total clauses:	36912
	Test == masterkey, spend 49450 clocks.
	Have 1002 results, spent 2526736 clocks.
num_cipher:	29
	Total vars:	15256
	Total clauses:	38192
	Test == masterkey, spend 78658 clocks.
	Have 560 results, spent 1355143 clocks.
num_cipher:	30
	Total vars:	15768
	Total clauses:	39472
	Test == masterkey, spend 52204 clocks.
	Have 560 results, spent 1247763 clocks.
num_cipher:	31
	Total vars:	16280
	Total clauses:	40752
	Test == masterkey, spend 82424 clocks.
	Have 560 results, spent 1226455 clocks.
num_cipher:	32
	Total vars:	16792
	Total clauses:	42032
	Test == masterkey, spend 54457 clocks.
	Have 560 results, spent 1401262 clocks.
num_cipher:	33
	Total vars:	17304
	Total clauses:	43312
	Test == masterkey, spend 76662 clocks.
	Have 560 results, spent 1332253 clocks.
num_cipher:	34
	Total vars:	17816
	Total clauses:	44592
	Test == masterkey, spend 67755 clocks.
	Have 560 results, spent 1412699 clocks.
num_cipher:	35
	Total vars:	18328
	Total clauses:	45872
	Test == masterkey, spend 66569 clocks.
	Have 560 results, spent 1495962 clocks.
num_cipher:	36
	Total vars:	18840
	Total clauses:	47152
	Test == masterkey, spend 89273 clocks.
	Have 560 results, spent 1383853 clocks.
num_cipher:	37
	Total vars:	19352
	Total clauses:	48432
	Test == masterkey, spend 81014 clocks.
	Have 336 results, spent 1278659 clocks.
num_cipher:	38
	Total vars:	19864
	Total clauses:	49712
	Test == masterkey, spend 107624 clocks.
	Have 336 results, spent 1312505 clocks.
num_cipher:	39
	Total vars:	20376
	Total clauses:	50992
	Test == masterkey, spend 90448 clocks.
	Have 336 results, spent 1255821 clocks.
num_cipher:	40
	Total vars:	20888
	Total clauses:	52272
	Test == masterkey, spend 92733 clocks.
	Have 336 results, spent 1314833 clocks.
num_cipher:	41
	Total vars:	21400
	Total clauses:	53552
	Test == masterkey, spend 88282 clocks.
	Have 336 results, spent 1434511 clocks.
num_cipher:	42
	Total vars:	21912
	Total clauses:	54832
	Test == masterkey, spend 156707 clocks.
	Have 336 results, spent 1404672 clocks.
num_cipher:	43
	Total vars:	22424
	Total clauses:	56112
	Test == masterkey, spend 140143 clocks.
	Have 264 results, spent 1233340 clocks.
num_cipher:	44
	Total vars:	22936
	Total clauses:	57392
	Test == masterkey, spend 158779 clocks.
	Have 264 results, spent 1339318 clocks.
num_cipher:	45
	Total vars:	23448
	Total clauses:	58672
	Test == masterkey, spend 112059 clocks.
	Have 264 results, spent 1501379 clocks.
num_cipher:	46
	Total vars:	23960
	Total clauses:	59952
	Test == masterkey, spend 117873 clocks.
	Have 264 results, spent 1498134 clocks.
num_cipher:	47
	Total vars:	24472
	Total clauses:	61232
	Test == masterkey, spend 128351 clocks.
	Have 264 results, spent 1390904 clocks.
num_cipher:	48
	Total vars:	24984
	Total clauses:	62512
	Test == masterkey, spend 126530 clocks.
	Have 120 results, spent 875181 clocks.
num_cipher:	49
	Total vars:	25496
	Total clauses:	63792
	Test == masterkey, spend 177529 clocks.
	Have 120 results, spent 983616 clocks.
num_cipher:	50
	Total vars:	26008
	Total clauses:	65072
	Test == masterkey, spend 188014 clocks.
	Have 120 results, spent 753551 clocks.
num_cipher:	51
	Total vars:	26520
	Total clauses:	66352
	Test == masterkey, spend 176810 clocks.
	Have 120 results, spent 747133 clocks.
num_cipher:	52
	Total vars:	27032
	Total clauses:	67632
	Test == masterkey, spend 182882 clocks.
	Have 120 results, spent 837601 clocks.
num_cipher:	53
	Total vars:	27544
	Total clauses:	68912
	Test == masterkey, spend 201926 clocks.
	Have 120 results, spent 1042316 clocks.
num_cipher:	54
	Total vars:	28056
	Total clauses:	70192
	Test == masterkey, spend 194405 clocks.
	Have 120 results, spent 856094 clocks.
num_cipher:	55
	Total vars:	28568
	Total clauses:	71472
	Test == masterkey, spend 180526 clocks.
	Have 120 results, spent 1055440 clocks.
num_cipher:	56
	Total vars:	29080
	Total clauses:	72752
	Test == masterkey, spend 244121 clocks.
	Have 120 results, spent 1098825 clocks.
num_cipher:	57
	Total vars:	29592
	Total clauses:	74032
	Test == masterkey, spend 216860 clocks.
	Have 120 results, spent 1094456 clocks.
num_cipher:	58
	Total vars:	30104
	Total clauses:	75312
	Test == masterkey, spend 213222 clocks.
	Have 120 results, spent 953390 clocks.
num_cipher:	59
	Total vars:	30616
	Total clauses:	76592
	Test == masterkey, spend 186627 clocks.
	Have 120 results, spent 1074330 clocks.
num_cipher:	60
	Total vars:	31128
	Total clauses:	77872
	Test == masterkey, spend 264248 clocks.
	Have 120 results, spent 1199256 clocks.
num_cipher:	61
	Total vars:	31640
	Total clauses:	79152
	Test == masterkey, spend 215035 clocks.
	Have 120 results, spent 1014326 clocks.
num_cipher:	62
	Total vars:	32152
	Total clauses:	80432
	Test == masterkey, spend 303932 clocks.
	Have 120 results, spent 1215747 clocks.
num_cipher:	63
	Total vars:	32664
	Total clauses:	81712
	Test == masterkey, spend 234000 clocks.
	Have 120 results, spent 1317516 clocks.
num_cipher:	64
	Total vars:	33176
	Total clauses:	82992
	Test == masterkey, spend 269729 clocks.
	Have 120 results, spent 1227490 clocks.
num_cipher:	65
	Total vars:	33688
	Total clauses:	84272
	Test == masterkey, spend 257863 clocks.
	Have 120 results, spent 1443741 clocks.
num_cipher:	66
	Total vars:	34200
	Total clauses:	85552
	Test == masterkey, spend 258823 clocks.
	Have 120 results, spent 1778768 clocks.
num_cipher:	67
	Total vars:	34712
	Total clauses:	86832
	Test == masterkey, spend 269942 clocks.
	Have 120 results, spent 1288928 clocks.
num_cipher:	68
	Total vars:	35224
	Total clauses:	88112
	Test == masterkey, spend 250664 clocks.
	Have 120 results, spent 1755619 clocks.
num_cipher:	69
	Total vars:	35736
	Total clauses:	89392
	Test == masterkey, spend 364995 clocks.
	Have 120 results, spent 2053622 clocks.
num_cipher:	70
	Total vars:	36248
	Total clauses:	90672
	Test == masterkey, spend 275342 clocks.
	Have 120 results, spent 1337871 clocks.
num_cipher:	71
	Total vars:	36760
	Total clauses:	91952
	Test == masterkey, spend 300035 clocks.
	Have 120 results, spent 1568824 clocks.
num_cipher:	72
	Total vars:	37272
	Total clauses:	93232
	Test == masterkey, spend 316353 clocks.
	Have 120 results, spent 1802865 clocks.
num_cipher:	73
	Total vars:	37784
	Total clauses:	94512
	Test == masterkey, spend 326961 clocks.
	Have 120 results, spent 1519391 clocks.
num_cipher:	74
	Total vars:	38296
	Total clauses:	95792
	Test == masterkey, spend 294670 clocks.
	Have 120 results, spent 1486825 clocks.
num_cipher:	75
	Total vars:	38808
	Total clauses:	97072
	Test == masterkey, spend 352490 clocks.
	Have 120 results, spent 1774283 clocks.
num_cipher:	76
	Total vars:	39320
	Total clauses:	98352
	Test == masterkey, spend 385814 clocks.
	Have 120 results, spent 1665767 clocks.
num_cipher:	77
	Total vars:	39832
	Total clauses:	99632
	Test == masterkey, spend 351663 clocks.
	Have 120 results, spent 1642069 clocks.
num_cipher:	78
	Total vars:	40344
	Total clauses:	100912
	Test == masterkey, spend 415095 clocks.
	Have 120 results, spent 1643698 clocks.
num_cipher:	79
	Total vars:	40856
	Total clauses:	102192
	Test == masterkey, spend 378654 clocks.
	Have 120 results, spent 1733734 clocks.
num_cipher:	80
	Total vars:	41368
	Total clauses:	103472
	Test == masterkey, spend 376720 clocks.
	Have 120 results, spent 1870436 clocks.
---------------------------------------------------------------------------------------------------
	Command being timed: "./bin/present80NSNK 1 3 18 80"
	User time (seconds): 166.75
	System time (seconds): 0.64
	Percent of CPU this job got: 99%
	Elapsed (wall clock) time (h:mm:ss or m:ss): 2:47.53
	Average shared text size (kbytes): 0
	Average unshared data size (kbytes): 0
	Average stack size (kbytes): 0
	Average total size (kbytes): 0
	Maximum resident set size (kbytes): 30468
	Average resident set size (kbytes): 0
	Major (requiring I/O) page faults: 0
	Minor (reclaiming a frame) page faults: 63447
	Voluntary context switches: 2
	Involuntary context switches: 693
	Swaps: 0
	File system inputs: 0
	File system outputs: 184
	Socket messages sent: 0
	Socket messages received: 0
	Signals delivered: 0
	Page size (bytes): 4096
	Exit status: 0
