sbox:	1100 0101 0110 1011 1001 0000 1010 1101 0011 1110 1111 1000 0100 0111 0001 0010 
8 = (0+2+6')(2'+3+4'+6)(0'+2+3+4')(2+3'+4'+6)(2'+4+6'+7')(3+5'+6+7')(0'+4'+5+6')(1+4+6+7)(1'+4'+6'+7')(1+2'+3'+4)(0'+1'+3'+6)(3+4+5+7)(0'+2'+5'+7)(0+2'+3'+7)(1'+5'+6'+7)(2+4+5+6+7')(0+2'+5+6)(0'+1+4+5')(0+1'+4+5')(1+3+4'+5)(1+3'+4'+5'+7')(1+5+6+7')(2+3'+5+6')(1'+3+6'+7')(0+4'+5'+6')(1'+4'+6+7)
e_sbox:	1101 0101 0110 1011 1001 0000 1010 1101 0011 1110 1111 1000 0100 0111 0001 0010 
8 = (0'+2+6+7')(0+2+3+7)(0+1+2'+6)(2'+3+4'+6)(0+2+3'+4')(0'+1'+3+6')(1'+4'+6'+7')(1'+5'+6'+7)(1+5+6'+7)(1'+2'+6+7)(0'+1+2'+4)(0'+2+3'+5)(0'+2'+3'+7')(0+1'+4+7')(3'+4+5'+7)(0+4+5+6')(0'+1+2+3+5')(1+3+4'+5)(3+4+5'+7')(2'+4'+5'+7)(1+3'+5'+6'+7')(1'+3'+4'+5)(0+5'+6'+7')(4'+5'+6+7)(3+5+6+7)(1+4+5+6)(1'+3+4'+5')
PRESENT_MODE:	80
SAT_MODE:	2
	SBOX_MODE:	102
	KSR_HAVEERROR:	1
	ENCYPT_HAVEERROR:	1
AnalysesRounds:	4
MinCiphers:	25
MaxCiphers:	80
Threads:	1
Master_key:	01011000000010001010000111101011000110101001011101110101001000011011111001111001
---------------------------------------------------------------------------------------------------
num_cipher:	25
	Total vars:	18008
	Total clauses:	47472
	Test == masterkey, spend 137924 clocks.
	Have 6 results, spent 11336490 clocks.
num_cipher:	26
	Total vars:	18712
	Total clauses:	49328
	Test == masterkey, spend 124850 clocks.
	Have 6 results, spent 3731898 clocks.
num_cipher:	27
	Total vars:	19416
	Total clauses:	51184
	Test == masterkey, spend 170402 clocks.
	Have 6 results, spent 2122880 clocks.
num_cipher:	28
	Total vars:	20120
	Total clauses:	53040
	Test == masterkey, spend 156582 clocks.
	Have 6 results, spent 1815943 clocks.
num_cipher:	29
	Total vars:	20824
	Total clauses:	54896
	Test == masterkey, spend 157886 clocks.
	Have 6 results, spent 1793804 clocks.
num_cipher:	30
	Total vars:	21528
	Total clauses:	56752
	Test == masterkey, spend 214031 clocks.
	Have 6 results, spent 1161055 clocks.
num_cipher:	31
	Total vars:	22232
	Total clauses:	58608
	Test == masterkey, spend 224949 clocks.
	Have 6 results, spent 858155 clocks.
num_cipher:	32
	Total vars:	22936
	Total clauses:	60464
	Test == masterkey, spend 224455 clocks.
	Have 6 results, spent 1197130 clocks.
num_cipher:	33
	Total vars:	23640
	Total clauses:	62320
	Test == masterkey, spend 261211 clocks.
	Have 6 results, spent 1022344 clocks.
num_cipher:	34
	Total vars:	24344
	Total clauses:	64176
	Test == masterkey, spend 302466 clocks.
	Have 6 results, spent 741237 clocks.
num_cipher:	35
	Total vars:	25048
	Total clauses:	66032
	Test == masterkey, spend 374428 clocks.
	Have 6 results, spent 833499 clocks.
num_cipher:	36
	Total vars:	25752
	Total clauses:	67888
	Test == masterkey, spend 306590 clocks.
	Have 6 results, spent 869404 clocks.
num_cipher:	37
	Total vars:	26456
	Total clauses:	69744
	Test == masterkey, spend 340829 clocks.
	Have 6 results, spent 765978 clocks.
num_cipher:	38
	Total vars:	27160
	Total clauses:	71600
	Test == masterkey, spend 397071 clocks.
	Have 6 results, spent 673118 clocks.
num_cipher:	39
	Total vars:	27864
	Total clauses:	73456
	Test == masterkey, spend 434686 clocks.
	Have 6 results, spent 818666 clocks.
num_cipher:	40
	Total vars:	28568
	Total clauses:	75312
	Test == masterkey, spend 403149 clocks.
	Have 6 results, spent 781014 clocks.
num_cipher:	41
	Total vars:	29272
	Total clauses:	77168
	Test == masterkey, spend 378722 clocks.
	Have 6 results, spent 772468 clocks.
num_cipher:	42
	Total vars:	29976
	Total clauses:	79024
	Test == masterkey, spend 424848 clocks.
	Have 6 results, spent 973975 clocks.
num_cipher:	43
	Total vars:	30680
	Total clauses:	80880
	Test == masterkey, spend 344814 clocks.
	Have 6 results, spent 977608 clocks.
num_cipher:	44
	Total vars:	31384
	Total clauses:	82736
	Test == masterkey, spend 457449 clocks.
	Have 6 results, spent 951285 clocks.
num_cipher:	45
	Total vars:	32088
	Total clauses:	84592
	Test == masterkey, spend 478499 clocks.
	Have 6 results, spent 949077 clocks.
num_cipher:	46
	Total vars:	32792
	Total clauses:	86448
	Test == masterkey, spend 528745 clocks.
	Have 6 results, spent 869674 clocks.
num_cipher:	47
	Total vars:	33496
	Total clauses:	88304
	Test == masterkey, spend 564162 clocks.
	Have 6 results, spent 812227 clocks.
num_cipher:	48
	Total vars:	34200
	Total clauses:	90160
	Test == masterkey, spend 588173 clocks.
	Have 6 results, spent 895923 clocks.
num_cipher:	49
	Total vars:	34904
	Total clauses:	92016
	Test == masterkey, spend 686927 clocks.
	Have 6 results, spent 1002199 clocks.
num_cipher:	50
	Total vars:	35608
	Total clauses:	93872
	Test == masterkey, spend 807560 clocks.
	Have 6 results, spent 965877 clocks.
num_cipher:	51
	Total vars:	36312
	Total clauses:	95728
	Test == masterkey, spend 931652 clocks.
	Have 6 results, spent 972143 clocks.
num_cipher:	52
	Total vars:	37016
	Total clauses:	97584
	Test == masterkey, spend 849716 clocks.
	Have 6 results, spent 924932 clocks.
num_cipher:	53
	Total vars:	37720
	Total clauses:	99440
	Test == masterkey, spend 908909 clocks.
	Have 6 results, spent 993777 clocks.
num_cipher:	54
	Total vars:	38424
	Total clauses:	101296
	Test == masterkey, spend 951969 clocks.
	Have 6 results, spent 923693 clocks.
num_cipher:	55
	Total vars:	39128
	Total clauses:	103152
	Test == masterkey, spend 1252349 clocks.
	Have 6 results, spent 1265462 clocks.
num_cipher:	56
	Total vars:	39832
	Total clauses:	105008
	Test == masterkey, spend 1287800 clocks.
	Have 6 results, spent 1140796 clocks.
num_cipher:	57
	Total vars:	40536
	Total clauses:	106864
	Test == masterkey, spend 1158343 clocks.
	Have 6 results, spent 1127565 clocks.
num_cipher:	58
	Total vars:	41240
	Total clauses:	108720
	Test == masterkey, spend 1279278 clocks.
	Have 6 results, spent 1257722 clocks.
num_cipher:	59
	Total vars:	41944
	Total clauses:	110576
	Test == masterkey, spend 1238898 clocks.
	Have 6 results, spent 1069279 clocks.
num_cipher:	60
	Total vars:	42648
	Total clauses:	112432
	Test == masterkey, spend 1309104 clocks.
	Have 6 results, spent 1157645 clocks.
num_cipher:	61
	Total vars:	43352
	Total clauses:	114288
	Test == masterkey, spend 1312037 clocks.
	Have 6 results, spent 1319577 clocks.
num_cipher:	62
	Total vars:	44056
	Total clauses:	116144
	Test == masterkey, spend 1553008 clocks.
	Have 6 results, spent 1202510 clocks.
num_cipher:	63
	Total vars:	44760
	Total clauses:	118000
	Test == masterkey, spend 1663666 clocks.
	Have 6 results, spent 1406089 clocks.
num_cipher:	64
	Total vars:	45464
	Total clauses:	119856
	Test == masterkey, spend 1481479 clocks.
	Have 6 results, spent 1698205 clocks.
num_cipher:	65
	Total vars:	46168
	Total clauses:	121712
	Test == masterkey, spend 1694863 clocks.
	Have 6 results, spent 1540732 clocks.
num_cipher:	66
	Total vars:	46872
	Total clauses:	123568
	Test == masterkey, spend 1544247 clocks.
	Have 6 results, spent 1284229 clocks.
num_cipher:	67
	Total vars:	47576
	Total clauses:	125424
	Test == masterkey, spend 1726629 clocks.
	Have 6 results, spent 1309317 clocks.
num_cipher:	68
	Total vars:	48280
	Total clauses:	127280
	Test == masterkey, spend 1879093 clocks.
	Have 6 results, spent 2200992 clocks.
num_cipher:	69
	Total vars:	48984
	Total clauses:	129136
	Test == masterkey, spend 1809767 clocks.
	Have 6 results, spent 1159879 clocks.
num_cipher:	70
	Total vars:	49688
	Total clauses:	130992
	Test == masterkey, spend 1828015 clocks.
	Have 6 results, spent 1852515 clocks.
num_cipher:	71
	Total vars:	50392
	Total clauses:	132848
	Test == masterkey, spend 1998743 clocks.
	Have 6 results, spent 2045986 clocks.
num_cipher:	72
	Total vars:	51096
	Total clauses:	134704
	Test == masterkey, spend 1896149 clocks.
	Have 6 results, spent 1955754 clocks.
num_cipher:	73
	Total vars:	51800
	Total clauses:	136560
	Test == masterkey, spend 2038739 clocks.
	Have 6 results, spent 1599510 clocks.
num_cipher:	74
	Total vars:	52504
	Total clauses:	138416
	Test == masterkey, spend 2387129 clocks.
	Have 6 results, spent 2350196 clocks.
num_cipher:	75
	Total vars:	53208
	Total clauses:	140272
	Test == masterkey, spend 2134948 clocks.
	Have 6 results, spent 2049235 clocks.
num_cipher:	76
	Total vars:	53912
	Total clauses:	142128
	Test == masterkey, spend 2015257 clocks.
	Have 6 results, spent 2634038 clocks.
num_cipher:	77
	Total vars:	54616
	Total clauses:	143984
	Test == masterkey, spend 2307311 clocks.
	Have 6 results, spent 1607420 clocks.
num_cipher:	78
	Total vars:	55320
	Total clauses:	145840
	Test == masterkey, spend 2457515 clocks.
	Have 6 results, spent 1851159 clocks.
num_cipher:	79
	Total vars:	56024
	Total clauses:	147696
	Test == masterkey, spend 1743768 clocks.
	Have 6 results, spent 1825741 clocks.
num_cipher:	80
	Total vars:	56728
	Total clauses:	149552
	Test == masterkey, spend 2650958 clocks.
	Have 6 results, spent 2299519 clocks.
---------------------------------------------------------------------------------------------------
	Command being timed: "./bin/present80NSNK 1 4 25 80"
	User time (seconds): 169.55
	System time (seconds): 0.45
	Percent of CPU this job got: 99%
	Elapsed (wall clock) time (h:mm:ss or m:ss): 2:50.02
	Average shared text size (kbytes): 0
	Average unshared data size (kbytes): 0
	Average stack size (kbytes): 0
	Average total size (kbytes): 0
	Maximum resident set size (kbytes): 62064
	Average resident set size (kbytes): 0
	Major (requiring I/O) page faults: 0
	Minor (reclaiming a frame) page faults: 96752
	Voluntary context switches: 2
	Involuntary context switches: 207
	Swaps: 0
	File system inputs: 0
	File system outputs: 64
	Socket messages sent: 0
	Socket messages received: 0
	Signals delivered: 0
	Page size (bytes): 4096
	Exit status: 0
