sbox:	1100 0101 0110 1011 1001 0000 1010 1101 0011 1110 1111 1000 0100 0111 0001 0010 
8 = (0+2+6')(2'+3+4'+6)(0'+2+3+4')(2+3'+4'+6)(2'+4+6'+7')(3+5'+6+7')(0'+4'+5+6')(1+4+6+7)(1'+4'+6'+7')(1+2'+3'+4)(0'+1'+3'+6)(3+4+5+7)(0'+2'+5'+7)(0+2'+3'+7)(1'+5'+6'+7)(2+4+5+6+7')(0+2'+5+6)(0'+1+4+5')(0+1'+4+5')(1+3+4'+5)(1+3'+4'+5'+7')(1+5+6+7')(2+3'+5+6')(1'+3+6'+7')(0+4'+5'+6')(1'+4'+6+7)
e_sbox:	1101 0101 0110 1011 1001 0000 1010 1101 0011 1110 1111 1000 0100 0111 0001 0010 
8 = (0'+2+6+7')(0+2+3+7)(0+1+2'+6)(2'+3+4'+6)(0+2+3'+4')(0'+1'+3+6')(1'+4'+6'+7')(1'+5'+6'+7)(1+5+6'+7)(1'+2'+6+7)(0'+1+2'+4)(0'+2+3'+5)(0'+2'+3'+7')(0+1'+4+7')(3'+4+5'+7)(0+4+5+6')(0'+1+2+3+5')(1+3+4'+5)(3+4+5'+7')(2'+4'+5'+7)(1+3'+5'+6'+7')(1'+3'+4'+5)(0+5'+6'+7')(4'+5'+6+7)(3+5+6+7)(1+4+5+6)(1'+3+4'+5')
PRESENT_MODE:	80
SAT_MODE:	2
	SBOX_MODE:	102
	KSR_HAVEERROR:	1
	ENCYPT_HAVEERROR:	1
AnalysesRounds:	4
MinCiphers:	25
MaxCiphers:	80
Threads:	1
Master_key:	00110011001110001101000001011101011101001011110111100100111011001011111010101001
---------------------------------------------------------------------------------------------------
num_cipher:	25
	Total vars:	18008
	Total clauses:	47472
	Test == masterkey, spend 144294 clocks.
	Have 12 results, spent 13617576 clocks.
num_cipher:	26
	Total vars:	18712
	Total clauses:	49328
	Test == masterkey, spend 172629 clocks.
	Have 12 results, spent 5118003 clocks.
num_cipher:	27
	Total vars:	19416
	Total clauses:	51184
	Test == masterkey, spend 155625 clocks.
	Have 12 results, spent 3576169 clocks.
num_cipher:	28
	Total vars:	20120
	Total clauses:	53040
	Test == masterkey, spend 142691 clocks.
	Have 12 results, spent 1333634 clocks.
num_cipher:	29
	Total vars:	20824
	Total clauses:	54896
	Test == masterkey, spend 177395 clocks.
	Have 12 results, spent 1274304 clocks.
num_cipher:	30
	Total vars:	21528
	Total clauses:	56752
	Test == masterkey, spend 192498 clocks.
	Have 12 results, spent 1281696 clocks.
num_cipher:	31
	Total vars:	22232
	Total clauses:	58608
	Test == masterkey, spend 219859 clocks.
	Have 12 results, spent 956079 clocks.
num_cipher:	32
	Total vars:	22936
	Total clauses:	60464
	Test == masterkey, spend 231382 clocks.
	Have 12 results, spent 968179 clocks.
num_cipher:	33
	Total vars:	23640
	Total clauses:	62320
	Test == masterkey, spend 254367 clocks.
	Have 12 results, spent 778342 clocks.
num_cipher:	34
	Total vars:	24344
	Total clauses:	64176
	Test == masterkey, spend 239404 clocks.
	Have 12 results, spent 919784 clocks.
num_cipher:	35
	Total vars:	25048
	Total clauses:	66032
	Test == masterkey, spend 277111 clocks.
	Have 12 results, spent 705571 clocks.
num_cipher:	36
	Total vars:	25752
	Total clauses:	67888
	Test == masterkey, spend 293298 clocks.
	Have 12 results, spent 887235 clocks.
num_cipher:	37
	Total vars:	26456
	Total clauses:	69744
	Test == masterkey, spend 290265 clocks.
	Have 12 results, spent 913429 clocks.
num_cipher:	38
	Total vars:	27160
	Total clauses:	71600
	Test == masterkey, spend 365500 clocks.
	Have 12 results, spent 818776 clocks.
num_cipher:	39
	Total vars:	27864
	Total clauses:	73456
	Test == masterkey, spend 303280 clocks.
	Have 12 results, spent 949567 clocks.
num_cipher:	40
	Total vars:	28568
	Total clauses:	75312
	Test == masterkey, spend 384934 clocks.
	Have 12 results, spent 721940 clocks.
num_cipher:	41
	Total vars:	29272
	Total clauses:	77168
	Test == masterkey, spend 486577 clocks.
	Have 12 results, spent 627473 clocks.
num_cipher:	42
	Total vars:	29976
	Total clauses:	79024
	Test == masterkey, spend 497251 clocks.
	Have 12 results, spent 877899 clocks.
num_cipher:	43
	Total vars:	30680
	Total clauses:	80880
	Test == masterkey, spend 517191 clocks.
	Have 12 results, spent 732757 clocks.
num_cipher:	44
	Total vars:	31384
	Total clauses:	82736
	Test == masterkey, spend 424180 clocks.
	Have 12 results, spent 841131 clocks.
num_cipher:	45
	Total vars:	32088
	Total clauses:	84592
	Test == masterkey, spend 506839 clocks.
	Have 12 results, spent 990243 clocks.
num_cipher:	46
	Total vars:	32792
	Total clauses:	86448
	Test == masterkey, spend 488652 clocks.
	Have 12 results, spent 919576 clocks.
num_cipher:	47
	Total vars:	33496
	Total clauses:	88304
	Test == masterkey, spend 560167 clocks.
	Have 12 results, spent 956147 clocks.
num_cipher:	48
	Total vars:	34200
	Total clauses:	90160
	Test == masterkey, spend 710974 clocks.
	Have 12 results, spent 874737 clocks.
num_cipher:	49
	Total vars:	34904
	Total clauses:	92016
	Test == masterkey, spend 714806 clocks.
	Have 12 results, spent 966066 clocks.
num_cipher:	50
	Total vars:	35608
	Total clauses:	93872
	Test == masterkey, spend 809162 clocks.
	Have 12 results, spent 1111478 clocks.
num_cipher:	51
	Total vars:	36312
	Total clauses:	95728
	Test == masterkey, spend 677254 clocks.
	Have 12 results, spent 937510 clocks.
num_cipher:	52
	Total vars:	37016
	Total clauses:	97584
	Test == masterkey, spend 827020 clocks.
	Have 12 results, spent 1110863 clocks.
num_cipher:	53
	Total vars:	37720
	Total clauses:	99440
	Test == masterkey, spend 899912 clocks.
	Have 12 results, spent 1008270 clocks.
num_cipher:	54
	Total vars:	38424
	Total clauses:	101296
	Test == masterkey, spend 821156 clocks.
	Have 12 results, spent 1246996 clocks.
num_cipher:	55
	Total vars:	39128
	Total clauses:	103152
	Test == masterkey, spend 724633 clocks.
	Have 12 results, spent 1229800 clocks.
num_cipher:	56
	Total vars:	39832
	Total clauses:	105008
	Test == masterkey, spend 1002535 clocks.
	Have 12 results, spent 1104552 clocks.
num_cipher:	57
	Total vars:	40536
	Total clauses:	106864
	Test == masterkey, spend 932503 clocks.
	Have 12 results, spent 1255859 clocks.
num_cipher:	58
	Total vars:	41240
	Total clauses:	108720
	Test == masterkey, spend 1136318 clocks.
	Have 12 results, spent 1434132 clocks.
num_cipher:	59
	Total vars:	41944
	Total clauses:	110576
	Test == masterkey, spend 1279582 clocks.
	Have 12 results, spent 1347125 clocks.
num_cipher:	60
	Total vars:	42648
	Total clauses:	112432
	Test == masterkey, spend 1356256 clocks.
	Have 12 results, spent 1322554 clocks.
num_cipher:	61
	Total vars:	43352
	Total clauses:	114288
	Test == masterkey, spend 1340869 clocks.
	Have 12 results, spent 1492669 clocks.
num_cipher:	62
	Total vars:	44056
	Total clauses:	116144
	Test == masterkey, spend 1265030 clocks.
	Have 12 results, spent 1278170 clocks.
num_cipher:	63
	Total vars:	44760
	Total clauses:	118000
	Test == masterkey, spend 1379554 clocks.
	Have 12 results, spent 1402250 clocks.
num_cipher:	64
	Total vars:	45464
	Total clauses:	119856
	Test == masterkey, spend 1501109 clocks.
	Have 12 results, spent 1560899 clocks.
num_cipher:	65
	Total vars:	46168
	Total clauses:	121712
	Test == masterkey, spend 1296563 clocks.
	Have 12 results, spent 1115910 clocks.
num_cipher:	66
	Total vars:	46872
	Total clauses:	123568
	Test == masterkey, spend 1571246 clocks.
	Have 12 results, spent 1507658 clocks.
num_cipher:	67
	Total vars:	47576
	Total clauses:	125424
	Test == masterkey, spend 1429932 clocks.
	Have 12 results, spent 1648649 clocks.
num_cipher:	68
	Total vars:	48280
	Total clauses:	127280
	Test == masterkey, spend 1904493 clocks.
	Have 12 results, spent 1794293 clocks.
num_cipher:	69
	Total vars:	48984
	Total clauses:	129136
	Test == masterkey, spend 1782153 clocks.
	Have 12 results, spent 1494633 clocks.
num_cipher:	70
	Total vars:	49688
	Total clauses:	130992
	Test == masterkey, spend 1714977 clocks.
	Have 12 results, spent 2273296 clocks.
num_cipher:	71
	Total vars:	50392
	Total clauses:	132848
	Test == masterkey, spend 1949844 clocks.
	Have 12 results, spent 1644672 clocks.
num_cipher:	72
	Total vars:	51096
	Total clauses:	134704
	Test == masterkey, spend 1514946 clocks.
	Have 12 results, spent 2142112 clocks.
num_cipher:	73
	Total vars:	51800
	Total clauses:	136560
	Test == masterkey, spend 1615157 clocks.
	Have 12 results, spent 1813042 clocks.
num_cipher:	74
	Total vars:	52504
	Total clauses:	138416
	Test == masterkey, spend 1523788 clocks.
	Have 12 results, spent 2002273 clocks.
num_cipher:	75
	Total vars:	53208
	Total clauses:	140272
	Test == masterkey, spend 2189574 clocks.
	Have 12 results, spent 1980403 clocks.
num_cipher:	76
	Total vars:	53912
	Total clauses:	142128
	Test == masterkey, spend 1991826 clocks.
	Have 12 results, spent 1837140 clocks.
num_cipher:	77
	Total vars:	54616
	Total clauses:	143984
	Test == masterkey, spend 2022604 clocks.
	Have 12 results, spent 2233269 clocks.
num_cipher:	78
	Total vars:	55320
	Total clauses:	145840
	Test == masterkey, spend 1667900 clocks.
	Have 12 results, spent 2380314 clocks.
num_cipher:	79
	Total vars:	56024
	Total clauses:	147696
	Test == masterkey, spend 2126254 clocks.
	Have 12 results, spent 2160332 clocks.
num_cipher:	80
	Total vars:	56728
	Total clauses:	149552
	Test == masterkey, spend 2293762 clocks.
	Have 12 results, spent 2488061 clocks.
---------------------------------------------------------------------------------------------------
	Command being timed: "./bin/present80NSNK 1 4 25 80"
	User time (seconds): 168.86
	System time (seconds): 0.38
	Percent of CPU this job got: 99%
	Elapsed (wall clock) time (h:mm:ss or m:ss): 2:49.43
	Average shared text size (kbytes): 0
	Average unshared data size (kbytes): 0
	Average stack size (kbytes): 0
	Average total size (kbytes): 0
	Maximum resident set size (kbytes): 61256
	Average resident set size (kbytes): 0
	Major (requiring I/O) page faults: 0
	Minor (reclaiming a frame) page faults: 74541
	Voluntary context switches: 13
	Involuntary context switches: 1506
	Swaps: 0
	File system inputs: 0
	File system outputs: 232
	Socket messages sent: 0
	Socket messages received: 0
	Signals delivered: 0
	Page size (bytes): 4096
	Exit status: 0
