sbox:	1100 0101 0110 1011 1001 0000 1010 1101 0011 1110 1111 1000 0100 0111 0001 0010 
8 = (0+2+6')(2'+3+4'+6)(0'+2+3+4')(2+3'+4'+6)(2'+4+6'+7')(3+5'+6+7')(0'+4'+5+6')(1+4+6+7)(1'+4'+6'+7')(1+2'+3'+4)(0'+1'+3'+6)(3+4+5+7)(0'+2'+5'+7)(0+2'+3'+7)(1'+5'+6'+7)(2+4+5+6+7')(0+2'+5+6)(0'+1+4+5')(0+1'+4+5')(1+3+4'+5)(1+3'+4'+5'+7')(1+5+6+7')(2+3'+5+6')(1'+3+6'+7')(0+4'+5'+6')(1'+4'+6+7)
e_sbox:	1101 0101 0110 1011 1001 0000 1010 1101 0011 1110 1111 1000 0100 0111 0001 0010 
8 = (0'+2+6+7')(0+2+3+7)(0+1+2'+6)(2'+3+4'+6)(0+2+3'+4')(0'+1'+3+6')(1'+4'+6'+7')(1'+5'+6'+7)(1+5+6'+7)(1'+2'+6+7)(0'+1+2'+4)(0'+2+3'+5)(0'+2'+3'+7')(0+1'+4+7')(3'+4+5'+7)(0+4+5+6')(0'+1+2+3+5')(1+3+4'+5)(3+4+5'+7')(2'+4'+5'+7)(1+3'+5'+6'+7')(1'+3'+4'+5)(0+5'+6'+7')(4'+5'+6+7)(3+5+6+7)(1+4+5+6)(1'+3+4'+5')
PRESENT_MODE:	80
SAT_MODE:	2
	SBOX_MODE:	102
	KSR_HAVEERROR:	1
	ENCYPT_HAVEERROR:	1
AnalysesRounds:	4
MinCiphers:	25
MaxCiphers:	80
Threads:	1
Master_key:	00010001001111101011111100111101001100100001001110001001100110000101110100101110
---------------------------------------------------------------------------------------------------
num_cipher:	25
	Total vars:	18008
	Total clauses:	47472
	Test == masterkey, spend 117915 clocks.
	Have 96 results, spent 10321728 clocks.
num_cipher:	26
	Total vars:	18712
	Total clauses:	49328
	Test == masterkey, spend 154968 clocks.
	Have 96 results, spent 6387208 clocks.
num_cipher:	27
	Total vars:	19416
	Total clauses:	51184
	Test == masterkey, spend 140224 clocks.
	Have 64 results, spent 2648423 clocks.
num_cipher:	28
	Total vars:	20120
	Total clauses:	53040
	Test == masterkey, spend 134650 clocks.
	Have 32 results, spent 2152512 clocks.
num_cipher:	29
	Total vars:	20824
	Total clauses:	54896
	Test == masterkey, spend 175930 clocks.
	Have 32 results, spent 1074746 clocks.
num_cipher:	30
	Total vars:	21528
	Total clauses:	56752
	Test == masterkey, spend 174028 clocks.
	Have 32 results, spent 1147565 clocks.
num_cipher:	31
	Total vars:	22232
	Total clauses:	58608
	Test == masterkey, spend 169340 clocks.
	Have 32 results, spent 1131414 clocks.
num_cipher:	32
	Total vars:	22936
	Total clauses:	60464
	Test == masterkey, spend 215566 clocks.
	Have 32 results, spent 1208051 clocks.
num_cipher:	33
	Total vars:	23640
	Total clauses:	62320
	Test == masterkey, spend 236804 clocks.
	Have 32 results, spent 1241208 clocks.
num_cipher:	34
	Total vars:	24344
	Total clauses:	64176
	Test == masterkey, spend 263206 clocks.
	Have 32 results, spent 1273092 clocks.
num_cipher:	35
	Total vars:	25048
	Total clauses:	66032
	Test == masterkey, spend 302872 clocks.
	Have 32 results, spent 1137828 clocks.
num_cipher:	36
	Total vars:	25752
	Total clauses:	67888
	Test == masterkey, spend 387307 clocks.
	Have 16 results, spent 1038038 clocks.
num_cipher:	37
	Total vars:	26456
	Total clauses:	69744
	Test == masterkey, spend 392973 clocks.
	Have 16 results, spent 712433 clocks.
num_cipher:	38
	Total vars:	27160
	Total clauses:	71600
	Test == masterkey, spend 419386 clocks.
	Have 16 results, spent 629562 clocks.
num_cipher:	39
	Total vars:	27864
	Total clauses:	73456
	Test == masterkey, spend 464718 clocks.
	Have 16 results, spent 768160 clocks.
num_cipher:	40
	Total vars:	28568
	Total clauses:	75312
	Test == masterkey, spend 403342 clocks.
	Have 16 results, spent 885087 clocks.
num_cipher:	41
	Total vars:	29272
	Total clauses:	77168
	Test == masterkey, spend 542734 clocks.
	Have 16 results, spent 923142 clocks.
num_cipher:	42
	Total vars:	29976
	Total clauses:	79024
	Test == masterkey, spend 456182 clocks.
	Have 16 results, spent 803632 clocks.
num_cipher:	43
	Total vars:	30680
	Total clauses:	80880
	Test == masterkey, spend 595760 clocks.
	Have 16 results, spent 909251 clocks.
num_cipher:	44
	Total vars:	31384
	Total clauses:	82736
	Test == masterkey, spend 571096 clocks.
	Have 16 results, spent 855747 clocks.
num_cipher:	45
	Total vars:	32088
	Total clauses:	84592
	Test == masterkey, spend 639221 clocks.
	Have 16 results, spent 890748 clocks.
num_cipher:	46
	Total vars:	32792
	Total clauses:	86448
	Test == masterkey, spend 746390 clocks.
	Have 16 results, spent 1117302 clocks.
num_cipher:	47
	Total vars:	33496
	Total clauses:	88304
	Test == masterkey, spend 518031 clocks.
	Have 16 results, spent 1189057 clocks.
num_cipher:	48
	Total vars:	34200
	Total clauses:	90160
	Test == masterkey, spend 803498 clocks.
	Have 16 results, spent 1056583 clocks.
num_cipher:	49
	Total vars:	34904
	Total clauses:	92016
	Test == masterkey, spend 916947 clocks.
	Have 16 results, spent 1095026 clocks.
num_cipher:	50
	Total vars:	35608
	Total clauses:	93872
	Test == masterkey, spend 901155 clocks.
	Have 16 results, spent 899977 clocks.
num_cipher:	51
	Total vars:	36312
	Total clauses:	95728
	Test == masterkey, spend 828637 clocks.
	Have 16 results, spent 1443768 clocks.
num_cipher:	52
	Total vars:	37016
	Total clauses:	97584
	Test == masterkey, spend 809287 clocks.
	Have 16 results, spent 1253620 clocks.
num_cipher:	53
	Total vars:	37720
	Total clauses:	99440
	Test == masterkey, spend 798965 clocks.
	Have 16 results, spent 1221544 clocks.
num_cipher:	54
	Total vars:	38424
	Total clauses:	101296
	Test == masterkey, spend 1122138 clocks.
	Have 16 results, spent 1115072 clocks.
num_cipher:	55
	Total vars:	39128
	Total clauses:	103152
	Test == masterkey, spend 935155 clocks.
	Have 16 results, spent 1150908 clocks.
num_cipher:	56
	Total vars:	39832
	Total clauses:	105008
	Test == masterkey, spend 1229738 clocks.
	Have 16 results, spent 1264185 clocks.
num_cipher:	57
	Total vars:	40536
	Total clauses:	106864
	Test == masterkey, spend 1206040 clocks.
	Have 16 results, spent 1168647 clocks.
num_cipher:	58
	Total vars:	41240
	Total clauses:	108720
	Test == masterkey, spend 1379821 clocks.
	Have 16 results, spent 1194306 clocks.
num_cipher:	59
	Total vars:	41944
	Total clauses:	110576
	Test == masterkey, spend 1147120 clocks.
	Have 16 results, spent 1633394 clocks.
num_cipher:	60
	Total vars:	42648
	Total clauses:	112432
	Test == masterkey, spend 1226788 clocks.
	Have 16 results, spent 1596518 clocks.
num_cipher:	61
	Total vars:	43352
	Total clauses:	114288
	Test == masterkey, spend 1106956 clocks.
	Have 16 results, spent 1457993 clocks.
num_cipher:	62
	Total vars:	44056
	Total clauses:	116144
	Test == masterkey, spend 1172971 clocks.
	Have 16 results, spent 1802818 clocks.
num_cipher:	63
	Total vars:	44760
	Total clauses:	118000
	Test == masterkey, spend 1335802 clocks.
	Have 16 results, spent 2185178 clocks.
num_cipher:	64
	Total vars:	45464
	Total clauses:	119856
	Test == masterkey, spend 1482186 clocks.
	Have 16 results, spent 1557426 clocks.
num_cipher:	65
	Total vars:	46168
	Total clauses:	121712
	Test == masterkey, spend 1403284 clocks.
	Have 16 results, spent 1305169 clocks.
num_cipher:	66
	Total vars:	46872
	Total clauses:	123568
	Test == masterkey, spend 1638381 clocks.
	Have 16 results, spent 1597007 clocks.
num_cipher:	67
	Total vars:	47576
	Total clauses:	125424
	Test == masterkey, spend 1513900 clocks.
	Have 16 results, spent 2087513 clocks.
num_cipher:	68
	Total vars:	48280
	Total clauses:	127280
	Test == masterkey, spend 1915812 clocks.
	Have 16 results, spent 2058201 clocks.
num_cipher:	69
	Total vars:	48984
	Total clauses:	129136
	Test == masterkey, spend 1828623 clocks.
	Have 16 results, spent 2396302 clocks.
num_cipher:	70
	Total vars:	49688
	Total clauses:	130992
	Test == masterkey, spend 1804429 clocks.
	Have 16 results, spent 1909632 clocks.
num_cipher:	71
	Total vars:	50392
	Total clauses:	132848
	Test == masterkey, spend 2334817 clocks.
	Have 16 results, spent 2199244 clocks.
num_cipher:	72
	Total vars:	51096
	Total clauses:	134704
	Test == masterkey, spend 1943309 clocks.
	Have 16 results, spent 2119872 clocks.
num_cipher:	73
	Total vars:	51800
	Total clauses:	136560
	Test == masterkey, spend 2332831 clocks.
	Have 16 results, spent 2327659 clocks.
num_cipher:	74
	Total vars:	52504
	Total clauses:	138416
	Test == masterkey, spend 2456505 clocks.
	Have 16 results, spent 2699228 clocks.
num_cipher:	75
	Total vars:	53208
	Total clauses:	140272
	Test == masterkey, spend 1858677 clocks.
	Have 16 results, spent 2106398 clocks.
num_cipher:	76
	Total vars:	53912
	Total clauses:	142128
	Test == masterkey, spend 2637310 clocks.
	Have 16 results, spent 2588346 clocks.
num_cipher:	77
	Total vars:	54616
	Total clauses:	143984
	Test == masterkey, spend 2572702 clocks.
	Have 16 results, spent 1983390 clocks.
num_cipher:	78
	Total vars:	55320
	Total clauses:	145840
	Test == masterkey, spend 2247603 clocks.
	Have 16 results, spent 2499933 clocks.
num_cipher:	79
	Total vars:	56024
	Total clauses:	147696
	Test == masterkey, spend 2401209 clocks.
	Have 16 results, spent 3138405 clocks.
num_cipher:	80
	Total vars:	56728
	Total clauses:	149552
	Test == masterkey, spend 2262019 clocks.
	Have 16 results, spent 3481836 clocks.
---------------------------------------------------------------------------------------------------
	Command being timed: "./bin/present80NSNK 1 4 25 80"
	User time (seconds): 188.35
	System time (seconds): 0.48
	Percent of CPU this job got: 99%
	Elapsed (wall clock) time (h:mm:ss or m:ss): 3:08.85
	Average shared text size (kbytes): 0
	Average unshared data size (kbytes): 0
	Average stack size (kbytes): 0
	Average total size (kbytes): 0
	Maximum resident set size (kbytes): 64076
	Average resident set size (kbytes): 0
	Major (requiring I/O) page faults: 0
	Minor (reclaiming a frame) page faults: 96987
	Voluntary context switches: 1
	Involuntary context switches: 315
	Swaps: 0
	File system inputs: 0
	File system outputs: 264
	Socket messages sent: 0
	Socket messages received: 0
	Signals delivered: 0
	Page size (bytes): 4096
	Exit status: 0
