sbox:	1100 0101 0110 1011 1001 0000 1010 1101 0011 1110 1111 1000 0100 0111 0001 0010 
8 = (0+2+6')(2'+3+4'+6)(0'+2+3+4')(2+3'+4'+6)(2'+4+6'+7')(3+5'+6+7')(0'+4'+5+6')(1+4+6+7)(1'+4'+6'+7')(1+2'+3'+4)(0'+1'+3'+6)(3+4+5+7)(0'+2'+5'+7)(0+2'+3'+7)(1'+5'+6'+7)(2+4+5+6+7')(0+2'+5+6)(0'+1+4+5')(0+1'+4+5')(1+3+4'+5)(1+3'+4'+5'+7')(1+5+6+7')(2+3'+5+6')(1'+3+6'+7')(0+4'+5'+6')(1'+4'+6+7)
e_sbox:	1101 0101 0110 1011 1001 0000 1010 1101 0011 1110 1111 1000 0100 0111 0001 0010 
8 = (0'+2+6+7')(0+2+3+7)(0+1+2'+6)(2'+3+4'+6)(0+2+3'+4')(0'+1'+3+6')(1'+4'+6'+7')(1'+5'+6'+7)(1+5+6'+7)(1'+2'+6+7)(0'+1+2'+4)(0'+2+3'+5)(0'+2'+3'+7')(0+1'+4+7')(3'+4+5'+7)(0+4+5+6')(0'+1+2+3+5')(1+3+4'+5)(3+4+5'+7')(2'+4'+5'+7)(1+3'+5'+6'+7')(1'+3'+4'+5)(0+5'+6'+7')(4'+5'+6+7)(3+5+6+7)(1+4+5+6)(1'+3+4'+5')
PRESENT_MODE:	80
SAT_MODE:	2
	SBOX_MODE:	102
	KSR_HAVEERROR:	1
	ENCYPT_HAVEERROR:	1
AnalysesRounds:	4
MinCiphers:	25
MaxCiphers:	80
Threads:	1
Master_key:	10001001101000001111011011000011100000011100011011000001010111100001011101000010
---------------------------------------------------------------------------------------------------
num_cipher:	25
	Total vars:	18008
	Total clauses:	47472
	Test == masterkey, spend 111523 clocks.
	Have 12 results, spent 684545 clocks.
num_cipher:	26
	Total vars:	18712
	Total clauses:	49328
	Test == masterkey, spend 112706 clocks.
	Have 12 results, spent 839614 clocks.
num_cipher:	27
	Total vars:	19416
	Total clauses:	51184
	Test == masterkey, spend 151920 clocks.
	Have 12 results, spent 628910 clocks.
num_cipher:	28
	Total vars:	20120
	Total clauses:	53040
	Test == masterkey, spend 156039 clocks.
	Have 12 results, spent 694966 clocks.
num_cipher:	29
	Total vars:	20824
	Total clauses:	54896
	Test == masterkey, spend 221567 clocks.
	Have 12 results, spent 731882 clocks.
num_cipher:	30
	Total vars:	21528
	Total clauses:	56752
	Test == masterkey, spend 169910 clocks.
	Have 12 results, spent 741355 clocks.
num_cipher:	31
	Total vars:	22232
	Total clauses:	58608
	Test == masterkey, spend 208501 clocks.
	Have 12 results, spent 570302 clocks.
num_cipher:	32
	Total vars:	22936
	Total clauses:	60464
	Test == masterkey, spend 186220 clocks.
	Have 12 results, spent 785295 clocks.
num_cipher:	33
	Total vars:	23640
	Total clauses:	62320
	Test == masterkey, spend 204685 clocks.
	Have 12 results, spent 709935 clocks.
num_cipher:	34
	Total vars:	24344
	Total clauses:	64176
	Test == masterkey, spend 219608 clocks.
	Have 12 results, spent 864068 clocks.
num_cipher:	35
	Total vars:	25048
	Total clauses:	66032
	Test == masterkey, spend 221523 clocks.
	Have 12 results, spent 789363 clocks.
num_cipher:	36
	Total vars:	25752
	Total clauses:	67888
	Test == masterkey, spend 302735 clocks.
	Have 12 results, spent 800429 clocks.
num_cipher:	37
	Total vars:	26456
	Total clauses:	69744
	Test == masterkey, spend 266775 clocks.
	Have 12 results, spent 835599 clocks.
num_cipher:	38
	Total vars:	27160
	Total clauses:	71600
	Test == masterkey, spend 334621 clocks.
	Have 12 results, spent 618378 clocks.
num_cipher:	39
	Total vars:	27864
	Total clauses:	73456
	Test == masterkey, spend 364180 clocks.
	Have 12 results, spent 844471 clocks.
num_cipher:	40
	Total vars:	28568
	Total clauses:	75312
	Test == masterkey, spend 440331 clocks.
	Have 12 results, spent 748939 clocks.
num_cipher:	41
	Total vars:	29272
	Total clauses:	77168
	Test == masterkey, spend 386770 clocks.
	Have 12 results, spent 683119 clocks.
num_cipher:	42
	Total vars:	29976
	Total clauses:	79024
	Test == masterkey, spend 429957 clocks.
	Have 12 results, spent 673049 clocks.
num_cipher:	43
	Total vars:	30680
	Total clauses:	80880
	Test == masterkey, spend 506422 clocks.
	Have 12 results, spent 704300 clocks.
num_cipher:	44
	Total vars:	31384
	Total clauses:	82736
	Test == masterkey, spend 564101 clocks.
	Have 12 results, spent 746814 clocks.
num_cipher:	45
	Total vars:	32088
	Total clauses:	84592
	Test == masterkey, spend 516455 clocks.
	Have 12 results, spent 872974 clocks.
num_cipher:	46
	Total vars:	32792
	Total clauses:	86448
	Test == masterkey, spend 553115 clocks.
	Have 12 results, spent 819210 clocks.
num_cipher:	47
	Total vars:	33496
	Total clauses:	88304
	Test == masterkey, spend 602421 clocks.
	Have 12 results, spent 678490 clocks.
num_cipher:	48
	Total vars:	34200
	Total clauses:	90160
	Test == masterkey, spend 519539 clocks.
	Have 12 results, spent 788668 clocks.
num_cipher:	49
	Total vars:	34904
	Total clauses:	92016
	Test == masterkey, spend 688080 clocks.
	Have 12 results, spent 890255 clocks.
num_cipher:	50
	Total vars:	35608
	Total clauses:	93872
	Test == masterkey, spend 594410 clocks.
	Have 12 results, spent 833418 clocks.
num_cipher:	51
	Total vars:	36312
	Total clauses:	95728
	Test == masterkey, spend 597715 clocks.
	Have 12 results, spent 850650 clocks.
num_cipher:	52
	Total vars:	37016
	Total clauses:	97584
	Test == masterkey, spend 792570 clocks.
	Have 12 results, spent 1081353 clocks.
num_cipher:	53
	Total vars:	37720
	Total clauses:	99440
	Test == masterkey, spend 795281 clocks.
	Have 12 results, spent 920125 clocks.
num_cipher:	54
	Total vars:	38424
	Total clauses:	101296
	Test == masterkey, spend 837878 clocks.
	Have 12 results, spent 1172199 clocks.
num_cipher:	55
	Total vars:	39128
	Total clauses:	103152
	Test == masterkey, spend 852433 clocks.
	Have 12 results, spent 1195917 clocks.
num_cipher:	56
	Total vars:	39832
	Total clauses:	105008
	Test == masterkey, spend 928156 clocks.
	Have 12 results, spent 1058111 clocks.
num_cipher:	57
	Total vars:	40536
	Total clauses:	106864
	Test == masterkey, spend 1339273 clocks.
	Have 12 results, spent 1074855 clocks.
num_cipher:	58
	Total vars:	41240
	Total clauses:	108720
	Test == masterkey, spend 1228807 clocks.
	Have 12 results, spent 1633432 clocks.
num_cipher:	59
	Total vars:	41944
	Total clauses:	110576
	Test == masterkey, spend 1187388 clocks.
	Have 12 results, spent 1376262 clocks.
num_cipher:	60
	Total vars:	42648
	Total clauses:	112432
	Test == masterkey, spend 1233807 clocks.
	Have 12 results, spent 1338687 clocks.
num_cipher:	61
	Total vars:	43352
	Total clauses:	114288
	Test == masterkey, spend 1150023 clocks.
	Have 12 results, spent 1192043 clocks.
num_cipher:	62
	Total vars:	44056
	Total clauses:	116144
	Test == masterkey, spend 978050 clocks.
	Have 12 results, spent 1356200 clocks.
num_cipher:	63
	Total vars:	44760
	Total clauses:	118000
	Test == masterkey, spend 1109236 clocks.
	Have 12 results, spent 1743564 clocks.
num_cipher:	64
	Total vars:	45464
	Total clauses:	119856
	Test == masterkey, spend 1045703 clocks.
	Have 12 results, spent 1477950 clocks.
num_cipher:	65
	Total vars:	46168
	Total clauses:	121712
	Test == masterkey, spend 1310384 clocks.
	Have 12 results, spent 1657671 clocks.
num_cipher:	66
	Total vars:	46872
	Total clauses:	123568
	Test == masterkey, spend 1474815 clocks.
	Have 12 results, spent 1471222 clocks.
num_cipher:	67
	Total vars:	47576
	Total clauses:	125424
	Test == masterkey, spend 1393245 clocks.
	Have 12 results, spent 1751811 clocks.
num_cipher:	68
	Total vars:	48280
	Total clauses:	127280
	Test == masterkey, spend 1514370 clocks.
	Have 12 results, spent 1641212 clocks.
num_cipher:	69
	Total vars:	48984
	Total clauses:	129136
	Test == masterkey, spend 1668986 clocks.
	Have 12 results, spent 2064902 clocks.
num_cipher:	70
	Total vars:	49688
	Total clauses:	130992
	Test == masterkey, spend 1248268 clocks.
	Have 12 results, spent 1966915 clocks.
num_cipher:	71
	Total vars:	50392
	Total clauses:	132848
	Test == masterkey, spend 1736386 clocks.
	Have 12 results, spent 1976699 clocks.
num_cipher:	72
	Total vars:	51096
	Total clauses:	134704
	Test == masterkey, spend 1939395 clocks.
	Have 12 results, spent 2426643 clocks.
num_cipher:	73
	Total vars:	51800
	Total clauses:	136560
	Test == masterkey, spend 1871381 clocks.
	Have 12 results, spent 2823050 clocks.
num_cipher:	74
	Total vars:	52504
	Total clauses:	138416
	Test == masterkey, spend 1926540 clocks.
	Have 12 results, spent 1612783 clocks.
num_cipher:	75
	Total vars:	53208
	Total clauses:	140272
	Test == masterkey, spend 1469632 clocks.
	Have 12 results, spent 2610708 clocks.
num_cipher:	76
	Total vars:	53912
	Total clauses:	142128
	Test == masterkey, spend 1604616 clocks.
	Have 12 results, spent 2233294 clocks.
num_cipher:	77
	Total vars:	54616
	Total clauses:	143984
	Test == masterkey, spend 1793210 clocks.
	Have 12 results, spent 1786818 clocks.
num_cipher:	78
	Total vars:	55320
	Total clauses:	145840
	Test == masterkey, spend 1956548 clocks.
	Have 12 results, spent 1846471 clocks.
num_cipher:	79
	Total vars:	56024
	Total clauses:	147696
	Test == masterkey, spend 2121424 clocks.
	Have 12 results, spent 2132533 clocks.
num_cipher:	80
	Total vars:	56728
	Total clauses:	149552
	Test == masterkey, spend 1848964 clocks.
	Have 12 results, spent 2154959 clocks.
---------------------------------------------------------------------------------------------------
	Command being timed: "./bin/present80NSNK 1 4 25 80"
	User time (seconds): 143.20
	System time (seconds): 0.49
	Percent of CPU this job got: 99%
	Elapsed (wall clock) time (h:mm:ss or m:ss): 2:23.74
	Average shared text size (kbytes): 0
	Average unshared data size (kbytes): 0
	Average stack size (kbytes): 0
	Average total size (kbytes): 0
	Maximum resident set size (kbytes): 63428
	Average resident set size (kbytes): 0
	Major (requiring I/O) page faults: 0
	Minor (reclaiming a frame) page faults: 145074
	Voluntary context switches: 1
	Involuntary context switches: 786
	Swaps: 0
	File system inputs: 0
	File system outputs: 168
	Socket messages sent: 0
	Socket messages received: 0
	Signals delivered: 0
	Page size (bytes): 4096
	Exit status: 0
