sbox:	1100 0101 0110 1011 1001 0000 1010 1101 0011 1110 1111 1000 0100 0111 0001 0010 
8 = (3+1+5')(1'+0+7'+5)(3'+1+0+7')(1+0'+7'+5)(1'+7+5'+4')(0+6'+5+4')(3'+7'+6+5')(2+7+5+4)(2'+7'+5'+4')(2+1'+0'+7)(3'+2'+0'+5)(0+7+6+4)(3'+1'+6'+4)(3+1'+0'+4)(2'+6'+5'+4)(1+7+6+5+4')(3+1'+6+5)(3'+2+7+6')(3+2'+7+6')(2+0+7'+6)(2+0'+7'+6'+4')(2+6+5+4')(1+0'+6+5')(2'+0+5'+4')(3+7'+6'+5')(2'+7'+5+4)
e_sbox:	1101 0101 0110 1011 1001 0000 1010 1101 0011 1110 1111 1000 0100 0111 0001 0010 
8 = (3'+1+5+4')(3+1+0+4)(3+2+1'+5)(1'+0+7'+5)(3+1+0'+7')(3'+2'+0+5')(2'+7'+5'+4')(2'+6'+5'+4)(2+6+5'+4)(2'+1'+5+4)(3'+2+1'+7)(3'+1+0'+6)(3'+1'+0'+4')(3+2'+7+4')(0'+7+6'+4)(3+7+6+5')(3'+2+1+0+6')(2+0+7'+6)(0+7+6'+4')(1'+7'+6'+4)(2+0'+6'+5'+4')(2'+0'+7'+6)(3+6'+5'+4')(7'+6'+5+4)(0+6+5+4)(2+7+6+5)(2'+0+7'+6')
PRESENT_MODE:	80
SAT_MODE:	2
	SBOX_MODE:	102
	KSR_HAVEERROR:	1
	ENCYPT_HAVEERROR:	1
AnalysesRounds:	4
MinCiphers:	18
MaxCiphers:	80
Threads:	1
Master_key:	10000000000000101011101001100001000110000111111011111010010100010011011000010100
---------------------------------------------------------------------------------------------------
num_cipher:	18
	Total vars:	13080
	Total clauses:	34480
	Test == masterkey, spend 60810 clocks.
	Have more than 1024 results, spent 918398491 clocks.
num_cipher:	19
	Total vars:	13784
	Total clauses:	36336
	Test == masterkey, spend 66243 clocks.
	Have more than 1024 results, spent 811052379 clocks.
num_cipher:	20
	Total vars:	14488
	Total clauses:	38192
	Test == masterkey, spend 87531 clocks.
	Have more than 1024 results, spent 1779313666 clocks.
num_cipher:	21
	Total vars:	15192
	Total clauses:	40048
	Test == masterkey, spend 79692 clocks.
	Have more than 1024 results, spent 1082218494 clocks.
num_cipher:	22
	Total vars:	15896
	Total clauses:	41904
	Test == masterkey, spend 86353 clocks.
	Have 348 results, spent 379071730 clocks.
num_cipher:	23
	Total vars:	16600
	Total clauses:	43760
	Test == masterkey, spend 93148 clocks.
	Have 78 results, spent 112992591 clocks.
num_cipher:	24
	Total vars:	17304
	Total clauses:	45616
	Test == masterkey, spend 114180 clocks.
	Have 20 results, spent 70439688 clocks.
num_cipher:	25
	Total vars:	18008
	Total clauses:	47472
	Test == masterkey, spend 106155 clocks.
	Have 12 results, spent 30965629 clocks.
num_cipher:	26
	Total vars:	18712
	Total clauses:	49328
	Test == masterkey, spend 118702 clocks.
	Have 12 results, spent 20805190 clocks.
num_cipher:	27
	Total vars:	19416
	Total clauses:	51184
	Test == masterkey, spend 146833 clocks.
	Have 12 results, spent 8864641 clocks.
num_cipher:	28
	Total vars:	20120
	Total clauses:	53040
	Test == masterkey, spend 172708 clocks.
	Have 12 results, spent 3964674 clocks.
num_cipher:	29
	Total vars:	20824
	Total clauses:	54896
	Test == masterkey, spend 170000 clocks.
	Have 12 results, spent 1802137 clocks.
num_cipher:	30
	Total vars:	21528
	Total clauses:	56752
	Test == masterkey, spend 168331 clocks.
	Have 12 results, spent 1418199 clocks.
num_cipher:	31
	Total vars:	22232
	Total clauses:	58608
	Test == masterkey, spend 201534 clocks.
	Have 12 results, spent 1406183 clocks.
num_cipher:	32
	Total vars:	22936
	Total clauses:	60464
	Test == masterkey, spend 179247 clocks.
	Have 12 results, spent 1215329 clocks.
num_cipher:	33
	Total vars:	23640
	Total clauses:	62320
	Test == masterkey, spend 238863 clocks.
	Have 12 results, spent 1545866 clocks.
num_cipher:	34
	Total vars:	24344
	Total clauses:	64176
	Test == masterkey, spend 204894 clocks.
	Have 12 results, spent 1437744 clocks.
num_cipher:	35
	Total vars:	25048
	Total clauses:	66032
	Test == masterkey, spend 286647 clocks.
	Have 12 results, spent 1230959 clocks.
num_cipher:	36
	Total vars:	25752
	Total clauses:	67888
	Test == masterkey, spend 269665 clocks.
	Have 12 results, spent 1442934 clocks.
num_cipher:	37
	Total vars:	26456
	Total clauses:	69744
	Test == masterkey, spend 257024 clocks.
	Have 12 results, spent 1361978 clocks.
num_cipher:	38
	Total vars:	27160
	Total clauses:	71600
	Test == masterkey, spend 272253 clocks.
	Have 12 results, spent 1280699 clocks.
num_cipher:	39
	Total vars:	27864
	Total clauses:	73456
	Test == masterkey, spend 336101 clocks.
	Have 12 results, spent 1155148 clocks.
num_cipher:	40
	Total vars:	28568
	Total clauses:	75312
	Test == masterkey, spend 306306 clocks.
	Have 12 results, spent 1212249 clocks.
num_cipher:	41
	Total vars:	29272
	Total clauses:	77168
	Test == masterkey, spend 342070 clocks.
	Have 12 results, spent 1029976 clocks.
num_cipher:	42
	Total vars:	29976
	Total clauses:	79024
	Test == masterkey, spend 312913 clocks.
	Have 12 results, spent 1286437 clocks.
num_cipher:	43
	Total vars:	30680
	Total clauses:	80880
	Test == masterkey, spend 366199 clocks.
	Have 12 results, spent 1159573 clocks.
num_cipher:	44
	Total vars:	31384
	Total clauses:	82736
	Test == masterkey, spend 426421 clocks.
	Have 12 results, spent 1232320 clocks.
num_cipher:	45
	Total vars:	32088
	Total clauses:	84592
	Test == masterkey, spend 444481 clocks.
	Have 12 results, spent 1434003 clocks.
num_cipher:	46
	Total vars:	32792
	Total clauses:	86448
	Test == masterkey, spend 427020 clocks.
	Have 12 results, spent 1438289 clocks.
num_cipher:	47
	Total vars:	33496
	Total clauses:	88304
	Test == masterkey, spend 463056 clocks.
	Have 12 results, spent 1412969 clocks.
num_cipher:	48
	Total vars:	34200
	Total clauses:	90160
	Test == masterkey, spend 490148 clocks.
	Have 12 results, spent 1455399 clocks.
num_cipher:	49
	Total vars:	34904
	Total clauses:	92016
	Test == masterkey, spend 505662 clocks.
	Have 12 results, spent 1535460 clocks.
num_cipher:	50
	Total vars:	35608
	Total clauses:	93872
	Test == masterkey, spend 464984 clocks.
	Have 12 results, spent 1483340 clocks.
num_cipher:	51
	Total vars:	36312
	Total clauses:	95728
	Test == masterkey, spend 561672 clocks.
	Have 12 results, spent 1480242 clocks.
num_cipher:	52
	Total vars:	37016
	Total clauses:	97584
	Test == masterkey, spend 572933 clocks.
	Have 12 results, spent 1567024 clocks.
num_cipher:	53
	Total vars:	37720
	Total clauses:	99440
	Test == masterkey, spend 655156 clocks.
	Have 12 results, spent 1539164 clocks.
num_cipher:	54
	Total vars:	38424
	Total clauses:	101296
	Test == masterkey, spend 630450 clocks.
	Have 12 results, spent 1720399 clocks.
num_cipher:	55
	Total vars:	39128
	Total clauses:	103152
	Test == masterkey, spend 612134 clocks.
	Have 12 results, spent 1822979 clocks.
num_cipher:	56
	Total vars:	39832
	Total clauses:	105008
	Test == masterkey, spend 624199 clocks.
	Have 12 results, spent 1883627 clocks.
num_cipher:	57
	Total vars:	40536
	Total clauses:	106864
	Test == masterkey, spend 602458 clocks.
	Have 12 results, spent 1868301 clocks.
num_cipher:	58
	Total vars:	41240
	Total clauses:	108720
	Test == masterkey, spend 639199 clocks.
	Have 12 results, spent 1987281 clocks.
num_cipher:	59
	Total vars:	41944
	Total clauses:	110576
	Test == masterkey, spend 726994 clocks.
	Have 12 results, spent 2014737 clocks.
num_cipher:	60
	Total vars:	42648
	Total clauses:	112432
	Test == masterkey, spend 721622 clocks.
	Have 12 results, spent 2235765 clocks.
num_cipher:	61
	Total vars:	43352
	Total clauses:	114288
	Test == masterkey, spend 662676 clocks.
	Have 12 results, spent 2336267 clocks.
num_cipher:	62
	Total vars:	44056
	Total clauses:	116144
	Test == masterkey, spend 813048 clocks.
	Have 12 results, spent 2309441 clocks.
num_cipher:	63
	Total vars:	44760
	Total clauses:	118000
	Test == masterkey, spend 854242 clocks.
	Have 12 results, spent 2260301 clocks.
num_cipher:	64
	Total vars:	45464
	Total clauses:	119856
	Test == masterkey, spend 863165 clocks.
	Have 12 results, spent 2472805 clocks.
num_cipher:	65
	Total vars:	46168
	Total clauses:	121712
	Test == masterkey, spend 874743 clocks.
	Have 12 results, spent 2399753 clocks.
num_cipher:	66
	Total vars:	46872
	Total clauses:	123568
	Test == masterkey, spend 1045874 clocks.
	Have 12 results, spent 2609696 clocks.
num_cipher:	67
	Total vars:	47576
	Total clauses:	125424
	Test == masterkey, spend 939210 clocks.
	Have 12 results, spent 2636661 clocks.
num_cipher:	68
	Total vars:	48280
	Total clauses:	127280
	Test == masterkey, spend 921201 clocks.
	Have 12 results, spent 2656702 clocks.
num_cipher:	69
	Total vars:	48984
	Total clauses:	129136
	Test == masterkey, spend 1059061 clocks.
	Have 12 results, spent 2888108 clocks.
num_cipher:	70
	Total vars:	49688
	Total clauses:	130992
	Test == masterkey, spend 1055793 clocks.
	Have 12 results, spent 2568595 clocks.
num_cipher:	71
	Total vars:	50392
	Total clauses:	132848
	Test == masterkey, spend 1115513 clocks.
	Have 12 results, spent 2760563 clocks.
num_cipher:	72
	Total vars:	51096
	Total clauses:	134704
	Test == masterkey, spend 1069334 clocks.
	Have 12 results, spent 3118391 clocks.
num_cipher:	73
	Total vars:	51800
	Total clauses:	136560
	Test == masterkey, spend 815994 clocks.
	Have 12 results, spent 3112180 clocks.
num_cipher:	74
	Total vars:	52504
	Total clauses:	138416
	Test == masterkey, spend 1260862 clocks.
	Have 12 results, spent 3334605 clocks.
num_cipher:	75
	Total vars:	53208
	Total clauses:	140272
	Test == masterkey, spend 1347920 clocks.
	Have 12 results, spent 3368623 clocks.
num_cipher:	76
	Total vars:	53912
	Total clauses:	142128
	Test == masterkey, spend 1312870 clocks.
	Have 12 results, spent 3508956 clocks.
num_cipher:	77
	Total vars:	54616
	Total clauses:	143984
	Test == masterkey, spend 1484886 clocks.
	Have 12 results, spent 3708431 clocks.
num_cipher:	78
	Total vars:	55320
	Total clauses:	145840
	Test == masterkey, spend 1372692 clocks.
	Have 12 results, spent 3749418 clocks.
num_cipher:	79
	Total vars:	56024
	Total clauses:	147696
	Test == masterkey, spend 1495720 clocks.
	Have 12 results, spent 3660284 clocks.
num_cipher:	80
	Total vars:	56728
	Total clauses:	149552
	Test == masterkey, spend 1380200 clocks.
	Have 12 results, spent 3839846 clocks.
---------------------------------------------------------------------------------------------------
	Command being timed: "./bin/present80NSNK 1 4 18 80"
	User time (seconds): 5367.62
	System time (seconds): 5.05
	Percent of CPU this job got: 99%
	Elapsed (wall clock) time (h:mm:ss or m:ss): 1:29:33
	Average shared text size (kbytes): 0
	Average unshared data size (kbytes): 0
	Average stack size (kbytes): 0
	Average total size (kbytes): 0
	Maximum resident set size (kbytes): 88896
	Average resident set size (kbytes): 0
	Major (requiring I/O) page faults: 0
	Minor (reclaiming a frame) page faults: 40512
	Voluntary context switches: 1
	Involuntary context switches: 11633
	Swaps: 0
	File system inputs: 0
	File system outputs: 128
	Socket messages sent: 0
	Socket messages received: 0
	Signals delivered: 0
	Page size (bytes): 4096
	Exit status: 0
