sbox:	1100 0101 0110 1011 1001 0000 1010 1101 0011 1110 1111 1000 0100 0111 0001 0010 
8 = (3+1+5')(1'+0+7'+5)(3'+1+0+7')(1+0'+7'+5)(1'+7+5'+4')(0+6'+5+4')(3'+7'+6+5')(2+7+5+4)(2'+7'+5'+4')(2+1'+0'+7)(3'+2'+0'+5)(0+7+6+4)(3'+1'+6'+4)(3+1'+0'+4)(2'+6'+5'+4)(1+7+6+5+4')(3+1'+6+5)(3'+2+7+6')(3+2'+7+6')(2+0+7'+6)(2+0'+7'+6'+4')(2+6+5+4')(1+0'+6+5')(2'+0+5'+4')(3+7'+6'+5')(2'+7'+5+4)
e_sbox:	1101 0101 0110 1011 1001 0000 1010 1101 0011 1110 1111 1000 0100 0111 0001 0010 
8 = (3'+1+5+4')(3+1+0+4)(3+2+1'+5)(1'+0+7'+5)(3+1+0'+7')(3'+2'+0+5')(2'+7'+5'+4')(2'+6'+5'+4)(2+6+5'+4)(2'+1'+5+4)(3'+2+1'+7)(3'+1+0'+6)(3'+1'+0'+4')(3+2'+7+4')(0'+7+6'+4)(3+7+6+5')(3'+2+1+0+6')(2+0+7'+6)(0+7+6'+4')(1'+7'+6'+4)(2+0'+6'+5'+4')(2'+0'+7'+6)(3+6'+5'+4')(7'+6'+5+4)(0+6+5+4)(2+7+6+5)(2'+0+7'+6')
Max time :	3600
PRESENT_MODE:	80
SAT_MODE:	2
	SBOX_MODE:	102
	KSR_HAVEERROR:	1
	ENCYPT_HAVEERROR:	1
AnalysesRounds:	5
MinCiphers:	18
MaxCiphers:	80
Threads:	1
Master_key:	01010001000001011010111011011111101010100100010111110001000001001111001111010101
---------------------------------------------------------------------------------------------------
num_cipher:	18
	Total vars:	16536
	Total clauses:	44848
	Test == masterkey, spend 125465 clocks.
	Have 24 results, spent 766034734 clocks.
num_cipher:	19
	Total vars:	17432
	Total clauses:	47280
	Test == masterkey, spend 128933 clocks.
	Have 16 results, spent 184995254 clocks.
num_cipher:	20
	Total vars:	18328
	Total clauses:	49712
	Test == masterkey, spend 185448 clocks.
	Have 16 results, spent 90943680 clocks.
num_cipher:	21
	Total vars:	19224
	Total clauses:	52144
	Test == masterkey, spend 172664 clocks.
	Have 16 results, spent 40042860 clocks.
num_cipher:	22
	Total vars:	20120
	Total clauses:	54576
	Test == masterkey, spend 194411 clocks.
	Have 16 results, spent 17342893 clocks.
num_cipher:	23
	Total vars:	21016
	Total clauses:	57008
	Test == masterkey, spend 251892 clocks.
	Have 16 results, spent 9189566 clocks.
num_cipher:	24
	Total vars:	21912
	Total clauses:	59440
	Test == masterkey, spend 271683 clocks.
	Have 16 results, spent 6387146 clocks.
num_cipher:	25
	Total vars:	22808
	Total clauses:	61872
	Test == masterkey, spend 393018 clocks.
	Have 16 results, spent 6016603 clocks.
num_cipher:	26
	Total vars:	23704
	Total clauses:	64304
	Test == masterkey, spend 309344 clocks.
	Have 16 results, spent 5654500 clocks.
num_cipher:	27
	Total vars:	24600
	Total clauses:	66736
	Test == masterkey, spend 383677 clocks.
	Have 16 results, spent 1806102 clocks.
num_cipher:	28
	Total vars:	25496
	Total clauses:	69168
	Test == masterkey, spend 452920 clocks.
	Have 16 results, spent 1875715 clocks.
num_cipher:	29
	Total vars:	26392
	Total clauses:	71600
	Test == masterkey, spend 400948 clocks.
	Have 16 results, spent 1596747 clocks.
num_cipher:	30
	Total vars:	27288
	Total clauses:	74032
	Test == masterkey, spend 418475 clocks.
	Have 16 results, spent 2019979 clocks.
num_cipher:	31
	Total vars:	28184
	Total clauses:	76464
	Test == masterkey, spend 558528 clocks.
	Have 16 results, spent 2084370 clocks.
num_cipher:	32
	Total vars:	29080
	Total clauses:	78896
	Test == masterkey, spend 543254 clocks.
	Have 16 results, spent 2019126 clocks.
num_cipher:	33
	Total vars:	29976
	Total clauses:	81328
	Test == masterkey, spend 610286 clocks.
	Have 16 results, spent 2194691 clocks.
num_cipher:	34
	Total vars:	30872
	Total clauses:	83760
	Test == masterkey, spend 739765 clocks.
	Have 16 results, spent 2134308 clocks.
num_cipher:	35
	Total vars:	31768
	Total clauses:	86192
	Test == masterkey, spend 652790 clocks.
	Have 16 results, spent 2231237 clocks.
num_cipher:	36
	Total vars:	32664
	Total clauses:	88624
	Test == masterkey, spend 870834 clocks.
	Have 16 results, spent 2255326 clocks.
num_cipher:	37
	Total vars:	33560
	Total clauses:	91056
	Test == masterkey, spend 654128 clocks.
	Have 16 results, spent 2491509 clocks.
num_cipher:	38
	Total vars:	34456
	Total clauses:	93488
	Test == masterkey, spend 782197 clocks.
	Have 16 results, spent 2657687 clocks.
num_cipher:	39
	Total vars:	35352
	Total clauses:	95920
	Test == masterkey, spend 946888 clocks.
	Have 16 results, spent 2814214 clocks.
num_cipher:	40
	Total vars:	36248
	Total clauses:	98352
	Test == masterkey, spend 1121311 clocks.
	Have 16 results, spent 2707607 clocks.
num_cipher:	41
	Total vars:	37144
	Total clauses:	100784
	Test == masterkey, spend 1210693 clocks.
	Have 16 results, spent 3073534 clocks.
num_cipher:	42
	Total vars:	38040
	Total clauses:	103216
	Test == masterkey, spend 1046409 clocks.
	Have 16 results, spent 3243390 clocks.
num_cipher:	43
	Total vars:	38936
	Total clauses:	105648
	Test == masterkey, spend 1095216 clocks.
	Have 16 results, spent 3314911 clocks.
num_cipher:	44
	Total vars:	39832
	Total clauses:	108080
	Test == masterkey, spend 1147907 clocks.
	Have 16 results, spent 3528300 clocks.
num_cipher:	45
	Total vars:	40728
	Total clauses:	110512
	Test == masterkey, spend 1483471 clocks.
	Have 16 results, spent 3535395 clocks.
num_cipher:	46
	Total vars:	41624
	Total clauses:	112944
	Test == masterkey, spend 1495201 clocks.
	Have 16 results, spent 3618521 clocks.
num_cipher:	47
	Total vars:	42520
	Total clauses:	115376
	Test == masterkey, spend 1301244 clocks.
	Have 16 results, spent 3920785 clocks.
num_cipher:	48
	Total vars:	43416
	Total clauses:	117808
	Test == masterkey, spend 1638168 clocks.
	Have 16 results, spent 3967205 clocks.
num_cipher:	49
	Total vars:	44312
	Total clauses:	120240
	Test == masterkey, spend 1948528 clocks.
	Have 16 results, spent 4277010 clocks.
num_cipher:	50
	Total vars:	45208
	Total clauses:	122672
	Test == masterkey, spend 1659757 clocks.
	Have 16 results, spent 4272493 clocks.
num_cipher:	51
	Total vars:	46104
	Total clauses:	125104
	Test == masterkey, spend 1977005 clocks.
	Have 16 results, spent 4496347 clocks.
num_cipher:	52
	Total vars:	47000
	Total clauses:	127536
	Test == masterkey, spend 2130160 clocks.
	Have 16 results, spent 4616032 clocks.
num_cipher:	53
	Total vars:	47896
	Total clauses:	129968
	Test == masterkey, spend 2424373 clocks.
	Have 16 results, spent 4813047 clocks.
num_cipher:	54
	Total vars:	48792
	Total clauses:	132400
	Test == masterkey, spend 2557487 clocks.
	Have 16 results, spent 4852522 clocks.
num_cipher:	55
	Total vars:	49688
	Total clauses:	134832
	Test == masterkey, spend 2405376 clocks.
	Have 16 results, spent 5188758 clocks.
num_cipher:	56
	Total vars:	50584
	Total clauses:	137264
	Test == masterkey, spend 2641238 clocks.
	Have 16 results, spent 5243012 clocks.
num_cipher:	57
	Total vars:	51480
	Total clauses:	139696
	Test == masterkey, spend 2546217 clocks.
	Have 16 results, spent 5402913 clocks.
num_cipher:	58
	Total vars:	52376
	Total clauses:	142128
	Test == masterkey, spend 2775224 clocks.
	Have 16 results, spent 5359056 clocks.
num_cipher:	59
	Total vars:	53272
	Total clauses:	144560
	Test == masterkey, spend 2384153 clocks.
	Have 16 results, spent 6010061 clocks.
num_cipher:	60
	Total vars:	54168
	Total clauses:	146992
	Test == masterkey, spend 2548912 clocks.
	Have 16 results, spent 6040646 clocks.
num_cipher:	61
	Total vars:	55064
	Total clauses:	149424
	Test == masterkey, spend 3233549 clocks.
	Have 16 results, spent 6144103 clocks.
num_cipher:	62
	Total vars:	55960
	Total clauses:	151856
	Test == masterkey, spend 2464037 clocks.
	Have 16 results, spent 6300635 clocks.
num_cipher:	63
	Total vars:	56856
	Total clauses:	154288
	Test == masterkey, spend 2491287 clocks.
	Have 16 results, spent 6120639 clocks.
num_cipher:	64
	Total vars:	57752
	Total clauses:	156720
	Test == masterkey, spend 3115660 clocks.
	Have 16 results, spent 6596787 clocks.
num_cipher:	65
	Total vars:	58648
	Total clauses:	159152
	Test == masterkey, spend 3532152 clocks.
	Have 16 results, spent 6453960 clocks.
num_cipher:	66
	Total vars:	59544
	Total clauses:	161584
	Test == masterkey, spend 3189438 clocks.
	Have 16 results, spent 6945930 clocks.
num_cipher:	67
	Total vars:	60440
	Total clauses:	164016
	Test == masterkey, spend 3575024 clocks.
	Have 16 results, spent 6794431 clocks.
num_cipher:	68
	Total vars:	61336
	Total clauses:	166448
	Test == masterkey, spend 4398266 clocks.
	Have 16 results, spent 7544927 clocks.
num_cipher:	69
	Total vars:	62232
	Total clauses:	168880
	Test == masterkey, spend 3666344 clocks.
	Have 16 results, spent 7294589 clocks.
num_cipher:	70
	Total vars:	63128
	Total clauses:	171312
	Test == masterkey, spend 4339596 clocks.
	Have 16 results, spent 7581710 clocks.
num_cipher:	71
	Total vars:	64024
	Total clauses:	173744
	Test == masterkey, spend 3657499 clocks.
	Have 16 results, spent 7771370 clocks.
num_cipher:	72
	Total vars:	64920
	Total clauses:	176176
	Test == masterkey, spend 4473485 clocks.
	Have 16 results, spent 7755643 clocks.
num_cipher:	73
	Total vars:	65816
	Total clauses:	178608
	Test == masterkey, spend 4391079 clocks.
	Have 16 results, spent 7949249 clocks.
num_cipher:	74
	Total vars:	66712
	Total clauses:	181040
	Test == masterkey, spend 5053793 clocks.
	Have 16 results, spent 8428256 clocks.
num_cipher:	75
	Total vars:	67608
	Total clauses:	183472
	Test == masterkey, spend 5390475 clocks.
	Have 16 results, spent 8741836 clocks.
num_cipher:	76
	Total vars:	68504
	Total clauses:	185904
	Test == masterkey, spend 5313198 clocks.
	Have 16 results, spent 8921360 clocks.
num_cipher:	77
	Total vars:	69400
	Total clauses:	188336
	Test == masterkey, spend 5536835 clocks.
	Have 16 results, spent 9137539 clocks.
num_cipher:	78
	Total vars:	70296
	Total clauses:	190768
	Test == masterkey, spend 4392957 clocks.
	Have 16 results, spent 9359233 clocks.
num_cipher:	79
	Total vars:	71192
	Total clauses:	193200
	Test == masterkey, spend 5239954 clocks.
	Have 16 results, spent 9748171 clocks.
num_cipher:	80
	Total vars:	72088
	Total clauses:	195632
	Test == masterkey, spend 5841551 clocks.
	Have 16 results, spent 9801807 clocks.
---------------------------------------------------------------------------------------------------
	Command being timed: "./bin/present80NSNK 1 5 18 80"
	User time (seconds): 1547.78
	System time (seconds): 1.97
	Percent of CPU this job got: 99%
	Elapsed (wall clock) time (h:mm:ss or m:ss): 25:50.16
	Average shared text size (kbytes): 0
	Average unshared data size (kbytes): 0
	Average stack size (kbytes): 0
	Average total size (kbytes): 0
	Maximum resident set size (kbytes): 72376
	Average resident set size (kbytes): 0
	Major (requiring I/O) page faults: 0
	Minor (reclaiming a frame) page faults: 70258
	Voluntary context switches: 1
	Involuntary context switches: 4260
	Swaps: 0
	File system inputs: 0
	File system outputs: 512
	Socket messages sent: 0
	Socket messages received: 0
	Signals delivered: 0
	Page size (bytes): 4096
	Exit status: 0
