sbox:	1100 0101 0110 1011 1001 0000 1010 1101 0011 1110 1111 1000 0100 0111 0001 0010 
8 = (0+2+6')(2'+3+4'+6)(0'+2+3+4')(2+3'+4'+6)(2'+4+6'+7')(3+5'+6+7')(0'+4'+5+6')(1+4+6+7)(1'+4'+6'+7')(1+2'+3'+4)(0'+1'+3'+6)(3+4+5+7)(0'+2'+5'+7)(0+2'+3'+7)(1'+5'+6'+7)(2+4+5+6+7')(0+2'+5+6)(0'+1+4+5')(0+1'+4+5')(1+3+4'+5)(1+3'+4'+5'+7')(1+5+6+7')(2+3'+5+6')(1'+3+6'+7')(0+4'+5'+6')(1'+4'+6+7)
e_sbox:	1101 0101 0110 1011 1001 0000 1010 1101 0011 1110 1111 1000 0100 0111 0001 0010 
8 = (0'+2+6+7')(0+2+3+7)(0+1+2'+6)(2'+3+4'+6)(0+2+3'+4')(0'+1'+3+6')(1'+4'+6'+7')(1'+5'+6'+7)(1+5+6'+7)(1'+2'+6+7)(0'+1+2'+4)(0'+2+3'+5)(0'+2'+3'+7')(0+1'+4+7')(3'+4+5'+7)(0+4+5+6')(0'+1+2+3+5')(1+3+4'+5)(3+4+5'+7')(2'+4'+5'+7)(1+3'+5'+6'+7')(1'+3'+4'+5)(0+5'+6'+7')(4'+5'+6+7)(3+5+6+7)(1+4+5+6)(1'+3+4'+5')
PRESENT_MODE:	80
SAT_MODE:	2
	SBOX_MODE:	102
	KSR_HAVEERROR:	1
	ENCYPT_HAVEERROR:	1
AnalysesRounds:	5
MinCiphers:	25
MaxCiphers:	80
Threads:	1
Master_key:	01100101010000000101100110001100111011101000000101101001111101000011000001010001
---------------------------------------------------------------------------------------------------
num_cipher:	25
	Total vars:	22808
	Total clauses:	61872
	Test == masterkey, spend 283858 clocks.
	Have 4 results, spent 49661447 clocks.
num_cipher:	26
	Total vars:	23704
	Total clauses:	64304
	Test == masterkey, spend 344778 clocks.
	Have 4 results, spent 20661719 clocks.
num_cipher:	27
	Total vars:	24600
	Total clauses:	66736
	Test == masterkey, spend 372616 clocks.
	Have 4 results, spent 9791877 clocks.
num_cipher:	28
	Total vars:	25496
	Total clauses:	69168
	Test == masterkey, spend 481330 clocks.
	Have 4 results, spent 7900949 clocks.
num_cipher:	29
	Total vars:	26392
	Total clauses:	71600
	Test == masterkey, spend 542006 clocks.
	Have 4 results, spent 5504701 clocks.
num_cipher:	30
	Total vars:	27288
	Total clauses:	74032
	Test == masterkey, spend 638347 clocks.
	Have 4 results, spent 2241746 clocks.
num_cipher:	31
	Total vars:	28184
	Total clauses:	76464
	Test == masterkey, spend 652820 clocks.
	Have 4 results, spent 1734330 clocks.
num_cipher:	32
	Total vars:	29080
	Total clauses:	78896
	Test == masterkey, spend 715592 clocks.
	Have 4 results, spent 1869816 clocks.
num_cipher:	33
	Total vars:	29976
	Total clauses:	81328
	Test == masterkey, spend 625533 clocks.
	Have 4 results, spent 1883976 clocks.
num_cipher:	34
	Total vars:	30872
	Total clauses:	83760
	Test == masterkey, spend 756874 clocks.
	Have 4 results, spent 1947463 clocks.
num_cipher:	35
	Total vars:	31768
	Total clauses:	86192
	Test == masterkey, spend 885234 clocks.
	Have 4 results, spent 1661500 clocks.
num_cipher:	36
	Total vars:	32664
	Total clauses:	88624
	Test == masterkey, spend 752254 clocks.
	Have 4 results, spent 2066153 clocks.
num_cipher:	37
	Total vars:	33560
	Total clauses:	91056
	Test == masterkey, spend 1056941 clocks.
	Have 4 results, spent 1962790 clocks.
num_cipher:	38
	Total vars:	34456
	Total clauses:	93488
	Test == masterkey, spend 1101896 clocks.
	Have 4 results, spent 1912633 clocks.
num_cipher:	39
	Total vars:	35352
	Total clauses:	95920
	Test == masterkey, spend 857587 clocks.
	Have 4 results, spent 1923623 clocks.
num_cipher:	40
	Total vars:	36248
	Total clauses:	98352
	Test == masterkey, spend 1225399 clocks.
	Have 4 results, spent 1960120 clocks.
num_cipher:	41
	Total vars:	37144
	Total clauses:	100784
	Test == masterkey, spend 1465206 clocks.
	Have 4 results, spent 1859214 clocks.
num_cipher:	42
	Total vars:	38040
	Total clauses:	103216
	Test == masterkey, spend 1267315 clocks.
	Have 4 results, spent 2106505 clocks.
num_cipher:	43
	Total vars:	38936
	Total clauses:	105648
	Test == masterkey, spend 1413813 clocks.
	Have 4 results, spent 1978013 clocks.
num_cipher:	44
	Total vars:	39832
	Total clauses:	108080
	Test == masterkey, spend 1180058 clocks.
	Have 4 results, spent 2282428 clocks.
num_cipher:	45
	Total vars:	40728
	Total clauses:	110512
	Test == masterkey, spend 1698964 clocks.
	Have 4 results, spent 1526314 clocks.
num_cipher:	46
	Total vars:	41624
	Total clauses:	112944
	Test == masterkey, spend 1206401 clocks.
	Have 4 results, spent 2164900 clocks.
num_cipher:	47
	Total vars:	42520
	Total clauses:	115376
	Test == masterkey, spend 1615170 clocks.
	Have 4 results, spent 2379985 clocks.
num_cipher:	48
	Total vars:	43416
	Total clauses:	117808
	Test == masterkey, spend 1673482 clocks.
	Have 4 results, spent 2270759 clocks.
num_cipher:	49
	Total vars:	44312
	Total clauses:	120240
	Test == masterkey, spend 2143287 clocks.
	Have 4 results, spent 2220279 clocks.
num_cipher:	50
	Total vars:	45208
	Total clauses:	122672
	Test == masterkey, spend 1576730 clocks.
	Have 4 results, spent 2555267 clocks.
num_cipher:	51
	Total vars:	46104
	Total clauses:	125104
	Test == masterkey, spend 2353498 clocks.
	Have 4 results, spent 2669387 clocks.
num_cipher:	52
	Total vars:	47000
	Total clauses:	127536
	Test == masterkey, spend 1997426 clocks.
	Have 4 results, spent 2470833 clocks.
num_cipher:	53
	Total vars:	47896
	Total clauses:	129968
	Test == masterkey, spend 1913340 clocks.
	Have 4 results, spent 2552258 clocks.
num_cipher:	54
	Total vars:	48792
	Total clauses:	132400
	Test == masterkey, spend 2512299 clocks.
	Have 4 results, spent 2934093 clocks.
num_cipher:	55
	Total vars:	49688
	Total clauses:	134832
	Test == masterkey, spend 2434552 clocks.
	Have 4 results, spent 2986396 clocks.
num_cipher:	56
	Total vars:	50584
	Total clauses:	137264
	Test == masterkey, spend 2397801 clocks.
	Have 4 results, spent 3098627 clocks.
num_cipher:	57
	Total vars:	51480
	Total clauses:	139696
	Test == masterkey, spend 2748974 clocks.
	Have 4 results, spent 2584953 clocks.
num_cipher:	58
	Total vars:	52376
	Total clauses:	142128
	Test == masterkey, spend 2447184 clocks.
	Have 4 results, spent 3203196 clocks.
num_cipher:	59
	Total vars:	53272
	Total clauses:	144560
	Test == masterkey, spend 3595697 clocks.
	Have 4 results, spent 2809449 clocks.
num_cipher:	60
	Total vars:	54168
	Total clauses:	146992
	Test == masterkey, spend 3015142 clocks.
	Have 4 results, spent 2860941 clocks.
num_cipher:	61
	Total vars:	55064
	Total clauses:	149424
	Test == masterkey, spend 3336505 clocks.
	Have 4 results, spent 3772063 clocks.
num_cipher:	62
	Total vars:	55960
	Total clauses:	151856
	Test == masterkey, spend 3000211 clocks.
	Have 4 results, spent 3864485 clocks.
num_cipher:	63
	Total vars:	56856
	Total clauses:	154288
	Test == masterkey, spend 3009107 clocks.
	Have 4 results, spent 3275607 clocks.
num_cipher:	64
	Total vars:	57752
	Total clauses:	156720
	Test == masterkey, spend 4085175 clocks.
	Have 4 results, spent 3378420 clocks.
num_cipher:	65
	Total vars:	58648
	Total clauses:	159152
	Test == masterkey, spend 3820689 clocks.
	Have 4 results, spent 4399698 clocks.
num_cipher:	66
	Total vars:	59544
	Total clauses:	161584
	Test == masterkey, spend 3214032 clocks.
	Have 4 results, spent 3699135 clocks.
num_cipher:	67
	Total vars:	60440
	Total clauses:	164016
	Test == masterkey, spend 4366696 clocks.
	Have 4 results, spent 3324788 clocks.
num_cipher:	68
	Total vars:	61336
	Total clauses:	166448
	Test == masterkey, spend 3973702 clocks.
	Have 4 results, spent 4304467 clocks.
num_cipher:	69
	Total vars:	62232
	Total clauses:	168880
	Test == masterkey, spend 3857011 clocks.
	Have 4 results, spent 4266514 clocks.
num_cipher:	70
	Total vars:	63128
	Total clauses:	171312
	Test == masterkey, spend 4866144 clocks.
	Have 4 results, spent 4613379 clocks.
num_cipher:	71
	Total vars:	64024
	Total clauses:	173744
	Test == masterkey, spend 4787044 clocks.
	Have 4 results, spent 4919941 clocks.
num_cipher:	72
	Total vars:	64920
	Total clauses:	176176
	Test == masterkey, spend 3860789 clocks.
	Have 4 results, spent 4418939 clocks.
num_cipher:	73
	Total vars:	65816
	Total clauses:	178608
	Test == masterkey, spend 5203047 clocks.
	Have 4 results, spent 4766496 clocks.
num_cipher:	74
	Total vars:	66712
	Total clauses:	181040
	Test == masterkey, spend 5141160 clocks.
	Have 4 results, spent 5011019 clocks.
num_cipher:	75
	Total vars:	67608
	Total clauses:	183472
	Test == masterkey, spend 4477275 clocks.
	Have 4 results, spent 4417269 clocks.
num_cipher:	76
	Total vars:	68504
	Total clauses:	185904
	Test == masterkey, spend 5477591 clocks.
	Have 4 results, spent 5442422 clocks.
num_cipher:	77
	Total vars:	69400
	Total clauses:	188336
	Test == masterkey, spend 4798777 clocks.
	Have 4 results, spent 4736283 clocks.
num_cipher:	78
	Total vars:	70296
	Total clauses:	190768
	Test == masterkey, spend 5414001 clocks.
	Have 4 results, spent 5841939 clocks.
num_cipher:	79
	Total vars:	71192
	Total clauses:	193200
	Test == masterkey, spend 5933385 clocks.
	Have 4 results, spent 5304819 clocks.
num_cipher:	80
	Total vars:	72088
	Total clauses:	195632
	Test == masterkey, spend 4980221 clocks.
	Have 4 results, spent 5716698 clocks.
---------------------------------------------------------------------------------------------------
	Command being timed: "./bin/present80NSNK 1 5 25 80"
	User time (seconds): 426.25
	System time (seconds): 0.52
	Percent of CPU this job got: 99%
	Elapsed (wall clock) time (h:mm:ss or m:ss): 7:06.83
	Average shared text size (kbytes): 0
	Average unshared data size (kbytes): 0
	Average stack size (kbytes): 0
	Average total size (kbytes): 0
	Maximum resident set size (kbytes): 88028
	Average resident set size (kbytes): 0
	Major (requiring I/O) page faults: 0
	Minor (reclaiming a frame) page faults: 50781
	Voluntary context switches: 1
	Involuntary context switches: 1162
	Swaps: 0
	File system inputs: 0
	File system outputs: 448
	Socket messages sent: 0
	Socket messages received: 0
	Signals delivered: 0
	Page size (bytes): 4096
	Exit status: 0
