sbox:	1100 0101 0110 1011 1001 0000 1010 1101 0011 1110 1111 1000 0100 0111 0001 0010 
8 = (0+2+6')(2'+3+4'+6)(0'+2+3+4')(2+3'+4'+6)(2'+4+6'+7')(3+5'+6+7')(0'+4'+5+6')(1+4+6+7)(1'+4'+6'+7')(1+2'+3'+4)(0'+1'+3'+6)(3+4+5+7)(0'+2'+5'+7)(0+2'+3'+7)(1'+5'+6'+7)(2+4+5+6+7')(0+2'+5+6)(0'+1+4+5')(0+1'+4+5')(1+3+4'+5)(1+3'+4'+5'+7')(1+5+6+7')(2+3'+5+6')(1'+3+6'+7')(0+4'+5'+6')(1'+4'+6+7)
e_sbox:	1101 0101 0110 1011 1001 0000 1010 1101 0011 1110 1111 1000 0100 0111 0001 0010 
8 = (0'+2+6+7')(0+2+3+7)(0+1+2'+6)(2'+3+4'+6)(0+2+3'+4')(0'+1'+3+6')(1'+4'+6'+7')(1'+5'+6'+7)(1+5+6'+7)(1'+2'+6+7)(0'+1+2'+4)(0'+2+3'+5)(0'+2'+3'+7')(0+1'+4+7')(3'+4+5'+7)(0+4+5+6')(0'+1+2+3+5')(1+3+4'+5)(3+4+5'+7')(2'+4'+5'+7)(1+3'+5'+6'+7')(1'+3'+4'+5)(0+5'+6'+7')(4'+5'+6+7)(3+5+6+7)(1+4+5+6)(1'+3+4'+5')
PRESENT_MODE:	80
SAT_MODE:	2
	SBOX_MODE:	102
	KSR_HAVEERROR:	1
	ENCYPT_HAVEERROR:	1
AnalysesRounds:	5
MinCiphers:	25
MaxCiphers:	80
Threads:	1
Master_key:	10111110110111101111110001011110100100100111101000111100110101010000000101010011
---------------------------------------------------------------------------------------------------
num_cipher:	25
	Total vars:	22808
	Total clauses:	61872
	Test == masterkey, spend 324159 clocks.
	Have 192 results, spent 5132943 clocks.
num_cipher:	26
	Total vars:	23704
	Total clauses:	64304
	Test == masterkey, spend 327283 clocks.
	Have 192 results, spent 4523978 clocks.
num_cipher:	27
	Total vars:	24600
	Total clauses:	66736
	Test == masterkey, spend 419731 clocks.
	Have 192 results, spent 2690962 clocks.
num_cipher:	28
	Total vars:	25496
	Total clauses:	69168
	Test == masterkey, spend 378816 clocks.
	Have 192 results, spent 2503096 clocks.
num_cipher:	29
	Total vars:	26392
	Total clauses:	71600
	Test == masterkey, spend 568885 clocks.
	Have 192 results, spent 1926911 clocks.
num_cipher:	30
	Total vars:	27288
	Total clauses:	74032
	Test == masterkey, spend 606772 clocks.
	Have 192 results, spent 2391845 clocks.
num_cipher:	31
	Total vars:	28184
	Total clauses:	76464
	Test == masterkey, spend 528271 clocks.
	Have 192 results, spent 2265751 clocks.
num_cipher:	32
	Total vars:	29080
	Total clauses:	78896
	Test == masterkey, spend 629653 clocks.
	Have 192 results, spent 2054464 clocks.
num_cipher:	33
	Total vars:	29976
	Total clauses:	81328
	Test == masterkey, spend 530450 clocks.
	Have 192 results, spent 1627530 clocks.
num_cipher:	34
	Total vars:	30872
	Total clauses:	83760
	Test == masterkey, spend 797564 clocks.
	Have 192 results, spent 2092859 clocks.
num_cipher:	35
	Total vars:	31768
	Total clauses:	86192
	Test == masterkey, spend 798527 clocks.
	Have 192 results, spent 2481547 clocks.
num_cipher:	36
	Total vars:	32664
	Total clauses:	88624
	Test == masterkey, spend 887668 clocks.
	Have 192 results, spent 2649270 clocks.
num_cipher:	37
	Total vars:	33560
	Total clauses:	91056
	Test == masterkey, spend 772031 clocks.
	Have 192 results, spent 2552470 clocks.
num_cipher:	38
	Total vars:	34456
	Total clauses:	93488
	Test == masterkey, spend 1044071 clocks.
	Have 192 results, spent 2796797 clocks.
num_cipher:	39
	Total vars:	35352
	Total clauses:	95920
	Test == masterkey, spend 1222184 clocks.
	Have 192 results, spent 2645800 clocks.
num_cipher:	40
	Total vars:	36248
	Total clauses:	98352
	Test == masterkey, spend 993603 clocks.
	Have 192 results, spent 3207761 clocks.
num_cipher:	41
	Total vars:	37144
	Total clauses:	100784
	Test == masterkey, spend 1238894 clocks.
	Have 192 results, spent 2778200 clocks.
num_cipher:	42
	Total vars:	38040
	Total clauses:	103216
	Test == masterkey, spend 1260864 clocks.
	Have 192 results, spent 3025223 clocks.
num_cipher:	43
	Total vars:	38936
	Total clauses:	105648
	Test == masterkey, spend 1375518 clocks.
	Have 192 results, spent 3037268 clocks.
num_cipher:	44
	Total vars:	39832
	Total clauses:	108080
	Test == masterkey, spend 1384017 clocks.
	Have 192 results, spent 3754023 clocks.
num_cipher:	45
	Total vars:	40728
	Total clauses:	110512
	Test == masterkey, spend 1537401 clocks.
	Have 192 results, spent 3217828 clocks.
num_cipher:	46
	Total vars:	41624
	Total clauses:	112944
	Test == masterkey, spend 1545702 clocks.
	Have 192 results, spent 3560069 clocks.
num_cipher:	47
	Total vars:	42520
	Total clauses:	115376
	Test == masterkey, spend 1710815 clocks.
	Have 192 results, spent 3517381 clocks.
num_cipher:	48
	Total vars:	43416
	Total clauses:	117808
	Test == masterkey, spend 1679213 clocks.
	Have 192 results, spent 3627060 clocks.
num_cipher:	49
	Total vars:	44312
	Total clauses:	120240
	Test == masterkey, spend 1540320 clocks.
	Have 192 results, spent 3776804 clocks.
num_cipher:	50
	Total vars:	45208
	Total clauses:	122672
	Test == masterkey, spend 1669802 clocks.
	Have 192 results, spent 4071639 clocks.
num_cipher:	51
	Total vars:	46104
	Total clauses:	125104
	Test == masterkey, spend 2000007 clocks.
	Have 192 results, spent 4233422 clocks.
num_cipher:	52
	Total vars:	47000
	Total clauses:	127536
	Test == masterkey, spend 1804803 clocks.
	Have 192 results, spent 4030961 clocks.
num_cipher:	53
	Total vars:	47896
	Total clauses:	129968
	Test == masterkey, spend 1605465 clocks.
	Have 192 results, spent 3170600 clocks.
num_cipher:	54
	Total vars:	48792
	Total clauses:	132400
	Test == masterkey, spend 2430552 clocks.
	Have 192 results, spent 4893058 clocks.
num_cipher:	55
	Total vars:	49688
	Total clauses:	134832
	Test == masterkey, spend 2643356 clocks.
	Have 192 results, spent 4716146 clocks.
num_cipher:	56
	Total vars:	50584
	Total clauses:	137264
	Test == masterkey, spend 2643247 clocks.
	Have 192 results, spent 4789625 clocks.
num_cipher:	57
	Total vars:	51480
	Total clauses:	139696
	Test == masterkey, spend 2201540 clocks.
	Have 192 results, spent 5104937 clocks.
num_cipher:	58
	Total vars:	52376
	Total clauses:	142128
	Test == masterkey, spend 2274072 clocks.
	Have 192 results, spent 4237361 clocks.
num_cipher:	59
	Total vars:	53272
	Total clauses:	144560
	Test == masterkey, spend 2705101 clocks.
	Have 192 results, spent 5688212 clocks.
num_cipher:	60
	Total vars:	54168
	Total clauses:	146992
	Test == masterkey, spend 2893507 clocks.
	Have 192 results, spent 5447586 clocks.
num_cipher:	61
	Total vars:	55064
	Total clauses:	149424
	Test == masterkey, spend 2969297 clocks.
	Have 192 results, spent 5618955 clocks.
num_cipher:	62
	Total vars:	55960
	Total clauses:	151856
	Test == masterkey, spend 2858126 clocks.
	Have 192 results, spent 6051726 clocks.
num_cipher:	63
	Total vars:	56856
	Total clauses:	154288
	Test == masterkey, spend 3642754 clocks.
	Have 192 results, spent 4899358 clocks.
num_cipher:	64
	Total vars:	57752
	Total clauses:	156720
	Test == masterkey, spend 2934619 clocks.
	Have 192 results, spent 5306700 clocks.
num_cipher:	65
	Total vars:	58648
	Total clauses:	159152
	Test == masterkey, spend 3214685 clocks.
	Have 192 results, spent 6248502 clocks.
num_cipher:	66
	Total vars:	59544
	Total clauses:	161584
	Test == masterkey, spend 3674023 clocks.
	Have 192 results, spent 5509394 clocks.
num_cipher:	67
	Total vars:	60440
	Total clauses:	164016
	Test == masterkey, spend 3825396 clocks.
	Have 192 results, spent 5296029 clocks.
num_cipher:	68
	Total vars:	61336
	Total clauses:	166448
	Test == masterkey, spend 3957572 clocks.
	Have 192 results, spent 5709334 clocks.
num_cipher:	69
	Total vars:	62232
	Total clauses:	168880
	Test == masterkey, spend 3116955 clocks.
	Have 192 results, spent 6150667 clocks.
num_cipher:	70
	Total vars:	63128
	Total clauses:	171312
	Test == masterkey, spend 4774276 clocks.
	Have 192 results, spent 6756821 clocks.
num_cipher:	71
	Total vars:	64024
	Total clauses:	173744
	Test == masterkey, spend 4207883 clocks.
	Have 192 results, spent 6905262 clocks.
num_cipher:	72
	Total vars:	64920
	Total clauses:	176176
	Test == masterkey, spend 4495667 clocks.
	Have 192 results, spent 6785316 clocks.
num_cipher:	73
	Total vars:	65816
	Total clauses:	178608
	Test == masterkey, spend 4702683 clocks.
	Have 192 results, spent 6948807 clocks.
num_cipher:	74
	Total vars:	66712
	Total clauses:	181040
	Test == masterkey, spend 4836151 clocks.
	Have 192 results, spent 7315371 clocks.
num_cipher:	75
	Total vars:	67608
	Total clauses:	183472
	Test == masterkey, spend 5071910 clocks.
	Have 192 results, spent 7472974 clocks.
num_cipher:	76
	Total vars:	68504
	Total clauses:	185904
	Test == masterkey, spend 4367295 clocks.
	Have 192 results, spent 7685242 clocks.
num_cipher:	77
	Total vars:	69400
	Total clauses:	188336
	Test == masterkey, spend 4717480 clocks.
	Have 192 results, spent 6929130 clocks.
num_cipher:	78
	Total vars:	70296
	Total clauses:	190768
	Test == masterkey, spend 5608733 clocks.
	Have 192 results, spent 8239181 clocks.
num_cipher:	79
	Total vars:	71192
	Total clauses:	193200
	Test == masterkey, spend 4724811 clocks.
	Have 192 results, spent 8928945 clocks.
num_cipher:	80
	Total vars:	72088
	Total clauses:	195632
	Test == masterkey, spend 4610079 clocks.
	Have 192 results, spent 8236754 clocks.
---------------------------------------------------------------------------------------------------
	Command being timed: "./bin/present80NSNK 1 5 25 80"
	User time (seconds): 421.50
	System time (seconds): 1.16
	Percent of CPU this job got: 99%
	Elapsed (wall clock) time (h:mm:ss or m:ss): 7:02.71
	Average shared text size (kbytes): 0
	Average unshared data size (kbytes): 0
	Average stack size (kbytes): 0
	Average total size (kbytes): 0
	Maximum resident set size (kbytes): 83344
	Average resident set size (kbytes): 0
	Major (requiring I/O) page faults: 0
	Minor (reclaiming a frame) page faults: 181848
	Voluntary context switches: 4
	Involuntary context switches: 665
	Swaps: 0
	File system inputs: 0
	File system outputs: 120
	Socket messages sent: 0
	Socket messages received: 0
	Signals delivered: 0
	Page size (bytes): 4096
	Exit status: 0
