sbox:	1100 0101 0110 1011 1001 0000 1010 1101 0011 1110 1111 1000 0100 0111 0001 0010 
8 = (0+2+6')(2'+3+4'+6)(0'+2+3+4')(2+3'+4'+6)(2'+4+6'+7')(3+5'+6+7')(0'+4'+5+6')(1+4+6+7)(1'+4'+6'+7')(1+2'+3'+4)(0'+1'+3'+6)(3+4+5+7)(0'+2'+5'+7)(0+2'+3'+7)(1'+5'+6'+7)(2+4+5+6+7')(0+2'+5+6)(0'+1+4+5')(0+1'+4+5')(1+3+4'+5)(1+3'+4'+5'+7')(1+5+6+7')(2+3'+5+6')(1'+3+6'+7')(0+4'+5'+6')(1'+4'+6+7)
e_sbox:	1101 0101 0110 1011 1001 0000 1010 1101 0011 1110 1111 1000 0100 0111 0001 0010 
8 = (0'+2+6+7')(0+2+3+7)(0+1+2'+6)(2'+3+4'+6)(0+2+3'+4')(0'+1'+3+6')(1'+4'+6'+7')(1'+5'+6'+7)(1+5+6'+7)(1'+2'+6+7)(0'+1+2'+4)(0'+2+3'+5)(0'+2'+3'+7')(0+1'+4+7')(3'+4+5'+7)(0+4+5+6')(0'+1+2+3+5')(1+3+4'+5)(3+4+5'+7')(2'+4'+5'+7)(1+3'+5'+6'+7')(1'+3'+4'+5)(0+5'+6'+7')(4'+5'+6+7)(3+5+6+7)(1+4+5+6)(1'+3+4'+5')
PRESENT_MODE:	80
SAT_MODE:	2
	SBOX_MODE:	102
	KSR_HAVEERROR:	1
	ENCYPT_HAVEERROR:	1
AnalysesRounds:	5
MinCiphers:	25
MaxCiphers:	80
Threads:	1
Master_key:	11101000001110110000000011100011010101011100000000101100111100010101011001000001
---------------------------------------------------------------------------------------------------
num_cipher:	25
	Total vars:	22808
	Total clauses:	61872
	Test == masterkey, spend 458046 clocks.
	Have 10 results, spent 6453899 clocks.
num_cipher:	26
	Total vars:	23704
	Total clauses:	64304
	Test == masterkey, spend 342760 clocks.
	Have 10 results, spent 5416488 clocks.
num_cipher:	27
	Total vars:	24600
	Total clauses:	66736
	Test == masterkey, spend 519251 clocks.
	Have 10 results, spent 3536395 clocks.
num_cipher:	28
	Total vars:	25496
	Total clauses:	69168
	Test == masterkey, spend 475506 clocks.
	Have 10 results, spent 2082329 clocks.
num_cipher:	29
	Total vars:	26392
	Total clauses:	71600
	Test == masterkey, spend 647531 clocks.
	Have 10 results, spent 1931141 clocks.
num_cipher:	30
	Total vars:	27288
	Total clauses:	74032
	Test == masterkey, spend 542828 clocks.
	Have 10 results, spent 1714091 clocks.
num_cipher:	31
	Total vars:	28184
	Total clauses:	76464
	Test == masterkey, spend 655545 clocks.
	Have 10 results, spent 1844743 clocks.
num_cipher:	32
	Total vars:	29080
	Total clauses:	78896
	Test == masterkey, spend 833627 clocks.
	Have 10 results, spent 1523996 clocks.
num_cipher:	33
	Total vars:	29976
	Total clauses:	81328
	Test == masterkey, spend 1012444 clocks.
	Have 10 results, spent 1929187 clocks.
num_cipher:	34
	Total vars:	30872
	Total clauses:	83760
	Test == masterkey, spend 950847 clocks.
	Have 10 results, spent 1628516 clocks.
num_cipher:	35
	Total vars:	31768
	Total clauses:	86192
	Test == masterkey, spend 938827 clocks.
	Have 10 results, spent 2094325 clocks.
num_cipher:	36
	Total vars:	32664
	Total clauses:	88624
	Test == masterkey, spend 781626 clocks.
	Have 10 results, spent 1827644 clocks.
num_cipher:	37
	Total vars:	33560
	Total clauses:	91056
	Test == masterkey, spend 1097059 clocks.
	Have 10 results, spent 1880115 clocks.
num_cipher:	38
	Total vars:	34456
	Total clauses:	93488
	Test == masterkey, spend 1004207 clocks.
	Have 10 results, spent 1705838 clocks.
num_cipher:	39
	Total vars:	35352
	Total clauses:	95920
	Test == masterkey, spend 922046 clocks.
	Have 10 results, spent 2244100 clocks.
num_cipher:	40
	Total vars:	36248
	Total clauses:	98352
	Test == masterkey, spend 1376124 clocks.
	Have 10 results, spent 2213908 clocks.
num_cipher:	41
	Total vars:	37144
	Total clauses:	100784
	Test == masterkey, spend 1344052 clocks.
	Have 10 results, spent 2026824 clocks.
num_cipher:	42
	Total vars:	38040
	Total clauses:	103216
	Test == masterkey, spend 1045328 clocks.
	Have 10 results, spent 2046208 clocks.
num_cipher:	43
	Total vars:	38936
	Total clauses:	105648
	Test == masterkey, spend 1222244 clocks.
	Have 10 results, spent 1762580 clocks.
num_cipher:	44
	Total vars:	39832
	Total clauses:	108080
	Test == masterkey, spend 1383724 clocks.
	Have 10 results, spent 2503009 clocks.
num_cipher:	45
	Total vars:	40728
	Total clauses:	110512
	Test == masterkey, spend 1353476 clocks.
	Have 10 results, spent 2968337 clocks.
num_cipher:	46
	Total vars:	41624
	Total clauses:	112944
	Test == masterkey, spend 1781262 clocks.
	Have 10 results, spent 2984126 clocks.
num_cipher:	47
	Total vars:	42520
	Total clauses:	115376
	Test == masterkey, spend 1760660 clocks.
	Have 10 results, spent 2621376 clocks.
num_cipher:	48
	Total vars:	43416
	Total clauses:	117808
	Test == masterkey, spend 1847331 clocks.
	Have 10 results, spent 2933264 clocks.
num_cipher:	49
	Total vars:	44312
	Total clauses:	120240
	Test == masterkey, spend 2189679 clocks.
	Have 10 results, spent 3211025 clocks.
num_cipher:	50
	Total vars:	45208
	Total clauses:	122672
	Test == masterkey, spend 1898693 clocks.
	Have 10 results, spent 3004721 clocks.
num_cipher:	51
	Total vars:	46104
	Total clauses:	125104
	Test == masterkey, spend 2365217 clocks.
	Have 10 results, spent 2755258 clocks.
num_cipher:	52
	Total vars:	47000
	Total clauses:	127536
	Test == masterkey, spend 2183229 clocks.
	Have 10 results, spent 3319357 clocks.
num_cipher:	53
	Total vars:	47896
	Total clauses:	129968
	Test == masterkey, spend 2858414 clocks.
	Have 10 results, spent 3538905 clocks.
num_cipher:	54
	Total vars:	48792
	Total clauses:	132400
	Test == masterkey, spend 2494522 clocks.
	Have 10 results, spent 3705694 clocks.
num_cipher:	55
	Total vars:	49688
	Total clauses:	134832
	Test == masterkey, spend 3384136 clocks.
	Have 10 results, spent 3495068 clocks.
num_cipher:	56
	Total vars:	50584
	Total clauses:	137264
	Test == masterkey, spend 2975105 clocks.
	Have 10 results, spent 4213581 clocks.
num_cipher:	57
	Total vars:	51480
	Total clauses:	139696
	Test == masterkey, spend 2714016 clocks.
	Have 10 results, spent 4001468 clocks.
num_cipher:	58
	Total vars:	52376
	Total clauses:	142128
	Test == masterkey, spend 3389511 clocks.
	Have 10 results, spent 4540916 clocks.
num_cipher:	59
	Total vars:	53272
	Total clauses:	144560
	Test == masterkey, spend 3544852 clocks.
	Have 10 results, spent 4203637 clocks.
num_cipher:	60
	Total vars:	54168
	Total clauses:	146992
	Test == masterkey, spend 3329727 clocks.
	Have 10 results, spent 4290745 clocks.
num_cipher:	61
	Total vars:	55064
	Total clauses:	149424
	Test == masterkey, spend 3537309 clocks.
	Have 10 results, spent 4407806 clocks.
num_cipher:	62
	Total vars:	55960
	Total clauses:	151856
	Test == masterkey, spend 3791642 clocks.
	Have 10 results, spent 5266023 clocks.
num_cipher:	63
	Total vars:	56856
	Total clauses:	154288
	Test == masterkey, spend 2965385 clocks.
	Have 10 results, spent 4581975 clocks.
num_cipher:	64
	Total vars:	57752
	Total clauses:	156720
	Test == masterkey, spend 3902081 clocks.
	Have 10 results, spent 4757234 clocks.
num_cipher:	65
	Total vars:	58648
	Total clauses:	159152
	Test == masterkey, spend 3542879 clocks.
	Have 10 results, spent 4896158 clocks.
num_cipher:	66
	Total vars:	59544
	Total clauses:	161584
	Test == masterkey, spend 4139951 clocks.
	Have 10 results, spent 4000458 clocks.
num_cipher:	67
	Total vars:	60440
	Total clauses:	164016
	Test == masterkey, spend 4512365 clocks.
	Have 10 results, spent 5267558 clocks.
num_cipher:	68
	Total vars:	61336
	Total clauses:	166448
	Test == masterkey, spend 4965586 clocks.
	Have 10 results, spent 4470232 clocks.
num_cipher:	69
	Total vars:	62232
	Total clauses:	168880
	Test == masterkey, spend 4206544 clocks.
	Have 10 results, spent 4713308 clocks.
num_cipher:	70
	Total vars:	63128
	Total clauses:	171312
	Test == masterkey, spend 5339765 clocks.
	Have 10 results, spent 4800158 clocks.
num_cipher:	71
	Total vars:	64024
	Total clauses:	173744
	Test == masterkey, spend 5461554 clocks.
	Have 10 results, spent 6023443 clocks.
num_cipher:	72
	Total vars:	64920
	Total clauses:	176176
	Test == masterkey, spend 4985813 clocks.
	Have 10 results, spent 4254312 clocks.
num_cipher:	73
	Total vars:	65816
	Total clauses:	178608
	Test == masterkey, spend 3910218 clocks.
	Have 10 results, spent 4860806 clocks.
num_cipher:	74
	Total vars:	66712
	Total clauses:	181040
	Test == masterkey, spend 4439169 clocks.
	Have 10 results, spent 5070896 clocks.
num_cipher:	75
	Total vars:	67608
	Total clauses:	183472
	Test == masterkey, spend 4828115 clocks.
	Have 10 results, spent 5360180 clocks.
num_cipher:	76
	Total vars:	68504
	Total clauses:	185904
	Test == masterkey, spend 4816020 clocks.
	Have 10 results, spent 5753176 clocks.
num_cipher:	77
	Total vars:	69400
	Total clauses:	188336
	Test == masterkey, spend 5687491 clocks.
	Have 10 results, spent 5894807 clocks.
num_cipher:	78
	Total vars:	70296
	Total clauses:	190768
	Test == masterkey, spend 4698036 clocks.
	Have 10 results, spent 5735197 clocks.
num_cipher:	79
	Total vars:	71192
	Total clauses:	193200
	Test == masterkey, spend 6452368 clocks.
	Have 10 results, spent 5743931 clocks.
num_cipher:	80
	Total vars:	72088
	Total clauses:	195632
	Test == masterkey, spend 5470038 clocks.
	Have 10 results, spent 4803796 clocks.
---------------------------------------------------------------------------------------------------
	Command being timed: "./bin/present80NSNK 1 5 25 80"
	User time (seconds): 393.43
	System time (seconds): 0.76
	Percent of CPU this job got: 99%
	Elapsed (wall clock) time (h:mm:ss or m:ss): 6:34.28
	Average shared text size (kbytes): 0
	Average unshared data size (kbytes): 0
	Average stack size (kbytes): 0
	Average total size (kbytes): 0
	Maximum resident set size (kbytes): 85836
	Average resident set size (kbytes): 0
	Major (requiring I/O) page faults: 0
	Minor (reclaiming a frame) page faults: 171090
	Voluntary context switches: 2
	Involuntary context switches: 1414
	Swaps: 0
	File system inputs: 0
	File system outputs: 448
	Socket messages sent: 0
	Socket messages received: 0
	Signals delivered: 0
	Page size (bytes): 4096
	Exit status: 0
