sbox:	1100 0101 0110 1011 1001 0000 1010 1101 0011 1110 1111 1000 0100 0111 0001 0010 
8 = (3+1+5')(1'+0+7'+5)(3'+1+0+7')(1+0'+7'+5)(1'+7+5'+4')(0+6'+5+4')(3'+7'+6+5')(2+7+5+4)(2'+7'+5'+4')(2+1'+0'+7)(3'+2'+0'+5)(0+7+6+4)(3'+1'+6'+4)(3+1'+0'+4)(2'+6'+5'+4)(1+7+6+5+4')(3+1'+6+5)(3'+2+7+6')(3+2'+7+6')(2+0+7'+6)(2+0'+7'+6'+4')(2+6+5+4')(1+0'+6+5')(2'+0+5'+4')(3+7'+6'+5')(2'+7'+5+4)
e_sbox:	1101 0101 0110 1011 1001 0000 1010 1101 0011 1110 1111 1000 0100 0111 0001 0010 
8 = (3'+1+5+4')(3+1+0+4)(3+2+1'+5)(1'+0+7'+5)(3+1+0'+7')(3'+2'+0+5')(2'+7'+5'+4')(2'+6'+5'+4)(2+6+5'+4)(2'+1'+5+4)(3'+2+1'+7)(3'+1+0'+6)(3'+1'+0'+4')(3+2'+7+4')(0'+7+6'+4)(3+7+6+5')(3'+2+1+0+6')(2+0+7'+6)(0+7+6'+4')(1'+7'+6'+4)(2+0'+6'+5'+4')(2'+0'+7'+6)(3+6'+5'+4')(7'+6'+5+4)(0+6+5+4)(2+7+6+5)(2'+0+7'+6')
PRESENT_MODE:	80
SAT_MODE:	2
	SBOX_MODE:	102
	KSR_HAVEERROR:	1
	ENCYPT_HAVEERROR:	1
AnalysesRounds:	5
MinCiphers:	18
MaxCiphers:	80
Threads:	1
Master_key:	01110111101001110000111011110011000101011111111001110000111111010111100000110001
---------------------------------------------------------------------------------------------------
num_cipher:	18
	Total vars:	16536
	Total clauses:	44848
	Test == masterkey, spend 111321 clocks.
	Have 135 results, spent 186629484447 clocks.
num_cipher:	19
	Total vars:	17432
	Total clauses:	47280
	Test == masterkey, spend 140664 clocks.
	Have 0 results, spent 3603075969 clocks.
num_cipher:	20
	Total vars:	18328
	Total clauses:	49712
	Test == masterkey, spend 159593 clocks.
	Have 2 results, spent 2672054180 clocks.
num_cipher:	21
	Total vars:	19224
	Total clauses:	52144
	Test == masterkey, spend 139441 clocks.
	Have 2 results, spent 547681237 clocks.
num_cipher:	22
	Total vars:	20120
	Total clauses:	54576
	Test == masterkey, spend 165333 clocks.
	Have 2 results, spent 93647718 clocks.
num_cipher:	23
	Total vars:	21016
	Total clauses:	57008
	Test == masterkey, spend 195749 clocks.
	Have 2 results, spent 24850402 clocks.
num_cipher:	24
	Total vars:	21912
	Total clauses:	59440
	Test == masterkey, spend 226574 clocks.
	Have 2 results, spent 12217491 clocks.
num_cipher:	25
	Total vars:	22808
	Total clauses:	61872
	Test == masterkey, spend 251769 clocks.
	Have 2 results, spent 10610576 clocks.
num_cipher:	26
	Total vars:	23704
	Total clauses:	64304
	Test == masterkey, spend 276240 clocks.
	Have 2 results, spent 5269204 clocks.
num_cipher:	27
	Total vars:	24600
	Total clauses:	66736
	Test == masterkey, spend 326176 clocks.
	Have 2 results, spent 2931211 clocks.
num_cipher:	28
	Total vars:	25496
	Total clauses:	69168
	Test == masterkey, spend 287836 clocks.
	Have 2 results, spent 2683998 clocks.
num_cipher:	29
	Total vars:	26392
	Total clauses:	71600
	Test == masterkey, spend 350302 clocks.
	Have 2 results, spent 2549007 clocks.
num_cipher:	30
	Total vars:	27288
	Total clauses:	74032
	Test == masterkey, spend 386703 clocks.
	Have 2 results, spent 2384718 clocks.
num_cipher:	31
	Total vars:	28184
	Total clauses:	76464
	Test == masterkey, spend 488474 clocks.
	Have 2 results, spent 2753110 clocks.
num_cipher:	32
	Total vars:	29080
	Total clauses:	78896
	Test == masterkey, spend 530943 clocks.
	Have 2 results, spent 2348483 clocks.
num_cipher:	33
	Total vars:	29976
	Total clauses:	81328
	Test == masterkey, spend 505710 clocks.
	Have 2 results, spent 2027065 clocks.
num_cipher:	34
	Total vars:	30872
	Total clauses:	83760
	Test == masterkey, spend 621620 clocks.
	Have 2 results, spent 2273146 clocks.
num_cipher:	35
	Total vars:	31768
	Total clauses:	86192
	Test == masterkey, spend 705946 clocks.
	Have 2 results, spent 2418036 clocks.
num_cipher:	36
	Total vars:	32664
	Total clauses:	88624
	Test == masterkey, spend 674282 clocks.
	Have 2 results, spent 2616417 clocks.
num_cipher:	37
	Total vars:	33560
	Total clauses:	91056
	Test == masterkey, spend 741747 clocks.
	Have 2 results, spent 2916784 clocks.
num_cipher:	38
	Total vars:	34456
	Total clauses:	93488
	Test == masterkey, spend 741689 clocks.
	Have 2 results, spent 2803358 clocks.
num_cipher:	39
	Total vars:	35352
	Total clauses:	95920
	Test == masterkey, spend 776422 clocks.
	Have 2 results, spent 2977990 clocks.
num_cipher:	40
	Total vars:	36248
	Total clauses:	98352
	Test == masterkey, spend 72740 clocks.
	Have 2 results, spent 3241713 clocks.
num_cipher:	41
	Total vars:	37144
	Total clauses:	100784
	Test == masterkey, spend 94524 clocks.
	Have 2 results, spent 3162028 clocks.
num_cipher:	42
	Total vars:	38040
	Total clauses:	103216
	Test == masterkey, spend 82049 clocks.
	Have 2 results, spent 3368220 clocks.
num_cipher:	43
	Total vars:	38936
	Total clauses:	105648
	Test == masterkey, spend 100847 clocks.
	Have 2 results, spent 3516208 clocks.
num_cipher:	44
	Total vars:	39832
	Total clauses:	108080
	Test == masterkey, spend 93855 clocks.
	Have 2 results, spent 3454427 clocks.
num_cipher:	45
	Total vars:	40728
	Total clauses:	110512
	Test == masterkey, spend 78602 clocks.
	Have 2 results, spent 3874761 clocks.
num_cipher:	46
	Total vars:	41624
	Total clauses:	112944
	Test == masterkey, spend 101885 clocks.
	Have 2 results, spent 4004587 clocks.
num_cipher:	47
	Total vars:	42520
	Total clauses:	115376
	Test == masterkey, spend 96584 clocks.
	Have 2 results, spent 4252062 clocks.
num_cipher:	48
	Total vars:	43416
	Total clauses:	117808
	Test == masterkey, spend 103582 clocks.
	Have 2 results, spent 4371170 clocks.
num_cipher:	49
	Total vars:	44312
	Total clauses:	120240
	Test == masterkey, spend 107716 clocks.
	Have 2 results, spent 4309192 clocks.
num_cipher:	50
	Total vars:	45208
	Total clauses:	122672
	Test == masterkey, spend 121451 clocks.
	Have 2 results, spent 4373448 clocks.
num_cipher:	51
	Total vars:	46104
	Total clauses:	125104
	Test == masterkey, spend 115603 clocks.
	Have 2 results, spent 4369211 clocks.
num_cipher:	52
	Total vars:	47000
	Total clauses:	127536
	Test == masterkey, spend 148391 clocks.
	Have 2 results, spent 4808358 clocks.
num_cipher:	53
	Total vars:	47896
	Total clauses:	129968
	Test == masterkey, spend 124215 clocks.
	Have 2 results, spent 4699861 clocks.
num_cipher:	54
	Total vars:	48792
	Total clauses:	132400
	Test == masterkey, spend 174829 clocks.
	Have 2 results, spent 4878806 clocks.
num_cipher:	55
	Total vars:	49688
	Total clauses:	134832
	Test == masterkey, spend 122668 clocks.
	Have 2 results, spent 5056090 clocks.
num_cipher:	56
	Total vars:	50584
	Total clauses:	137264
	Test == masterkey, spend 144567 clocks.
	Have 2 results, spent 4929893 clocks.
num_cipher:	57
	Total vars:	51480
	Total clauses:	139696
	Test == masterkey, spend 146287 clocks.
	Have 2 results, spent 5302399 clocks.
num_cipher:	58
	Total vars:	52376
	Total clauses:	142128
	Test == masterkey, spend 152139 clocks.
	Have 2 results, spent 5158351 clocks.
num_cipher:	59
	Total vars:	53272
	Total clauses:	144560
	Test == masterkey, spend 185353 clocks.
	Have 2 results, spent 5700682 clocks.
num_cipher:	60
	Total vars:	54168
	Total clauses:	146992
	Test == masterkey, spend 182428 clocks.
	Have 2 results, spent 5379555 clocks.
num_cipher:	61
	Total vars:	55064
	Total clauses:	149424
	Test == masterkey, spend 177478 clocks.
	Have 2 results, spent 5978221 clocks.
num_cipher:	62
	Total vars:	55960
	Total clauses:	151856
	Test == masterkey, spend 189875 clocks.
	Have 2 results, spent 5682956 clocks.
num_cipher:	63
	Total vars:	56856
	Total clauses:	154288
	Test == masterkey, spend 189645 clocks.
	Have 2 results, spent 6137575 clocks.
num_cipher:	64
	Total vars:	57752
	Total clauses:	156720
	Test == masterkey, spend 176752 clocks.
	Have 2 results, spent 6298117 clocks.
num_cipher:	65
	Total vars:	58648
	Total clauses:	159152
	Test == masterkey, spend 194486 clocks.
	Have 2 results, spent 6555704 clocks.
num_cipher:	66
	Total vars:	59544
	Total clauses:	161584
	Test == masterkey, spend 183689 clocks.
	Have 2 results, spent 6366374 clocks.
num_cipher:	67
	Total vars:	60440
	Total clauses:	164016
	Test == masterkey, spend 203230 clocks.
	Have 2 results, spent 7015924 clocks.
num_cipher:	68
	Total vars:	61336
	Total clauses:	166448
	Test == masterkey, spend 219607 clocks.
	Have 2 results, spent 7034795 clocks.
num_cipher:	69
	Total vars:	62232
	Total clauses:	168880
	Test == masterkey, spend 201105 clocks.
	Have 2 results, spent 7093180 clocks.
num_cipher:	70
	Total vars:	63128
	Total clauses:	171312
	Test == masterkey, spend 191392 clocks.
	Have 2 results, spent 7710769 clocks.
num_cipher:	71
	Total vars:	64024
	Total clauses:	173744
	Test == masterkey, spend 195625 clocks.
	Have 2 results, spent 7833517 clocks.
num_cipher:	72
	Total vars:	64920
	Total clauses:	176176
	Test == masterkey, spend 215211 clocks.
	Have 2 results, spent 7491694 clocks.
num_cipher:	73
	Total vars:	65816
	Total clauses:	178608
	Test == masterkey, spend 198539 clocks.
	Have 2 results, spent 7491597 clocks.
num_cipher:	74
	Total vars:	66712
	Total clauses:	181040
	Test == masterkey, spend 253241 clocks.
	Have 2 results, spent 8152491 clocks.
num_cipher:	75
	Total vars:	67608
	Total clauses:	183472
	Test == masterkey, spend 232414 clocks.
	Have 2 results, spent 8138737 clocks.
num_cipher:	76
	Total vars:	68504
	Total clauses:	185904
	Test == masterkey, spend 254345 clocks.
	Have 2 results, spent 8392721 clocks.
num_cipher:	77
	Total vars:	69400
	Total clauses:	188336
	Test == masterkey, spend 265791 clocks.
	Have 2 results, spent 8698650 clocks.
num_cipher:	78
	Total vars:	70296
	Total clauses:	190768
	Test == masterkey, spend 272066 clocks.
	Have 2 results, spent 9272105 clocks.
num_cipher:	79
	Total vars:	71192
	Total clauses:	193200
	Test == masterkey, spend 275292 clocks.
	Have 2 results, spent 9207590 clocks.
num_cipher:	80
	Total vars:	72088
	Total clauses:	195632
	Test == masterkey, spend 273659 clocks.
	Have 2 results, spent 9470481 clocks.
---------------------------------------------------------------------------------------------------
	Command being timed: "./bin/present80NSNK 1 5 18 80"
	User time (seconds): 193609.04
	System time (seconds): 296.90
	Percent of CPU this job got: 99%
	Elapsed (wall clock) time (h:mm:ss or m:ss): 53:52:19
	Average shared text size (kbytes): 0
	Average unshared data size (kbytes): 0
	Average stack size (kbytes): 0
	Average total size (kbytes): 0
	Maximum resident set size (kbytes): 276436
	Average resident set size (kbytes): 0
	Major (requiring I/O) page faults: 0
	Minor (reclaiming a frame) page faults: 18052525
	Voluntary context switches: 5
	Involuntary context switches: 445058
	Swaps: 0
	File system inputs: 0
	File system outputs: 416
	Socket messages sent: 0
	Socket messages received: 0
	Signals delivered: 0
	Page size (bytes): 4096
	Exit status: 0
