sbox:	1100 0101 0110 1011 1001 0000 1010 1101 0011 1110 1111 1000 0100 0111 0001 0010 
8 = (0+2+6')(2'+3+4'+6)(0'+2+3+4')(2+3'+4'+6)(2'+4+6'+7')(3+5'+6+7')(0'+4'+5+6')(1+4+6+7)(1'+4'+6'+7')(1+2'+3'+4)(0'+1'+3'+6)(3+4+5+7)(0'+2'+5'+7)(0+2'+3'+7)(1'+5'+6'+7)(2+4+5+6+7')(0+2'+5+6)(0'+1+4+5')(0+1'+4+5')(1+3+4'+5)(1+3'+4'+5'+7')(1+5+6+7')(2+3'+5+6')(1'+3+6'+7')(0+4'+5'+6')(1'+4'+6+7)
e_sbox:	1101 0101 0110 1011 1001 0000 1010 1101 0011 1110 1111 1000 0100 0111 0001 0010 
8 = (0'+2+6+7')(0+2+3+7)(0+1+2'+6)(2'+3+4'+6)(0+2+3'+4')(0'+1'+3+6')(1'+4'+6'+7')(1'+5'+6'+7)(1+5+6'+7)(1'+2'+6+7)(0'+1+2'+4)(0'+2+3'+5)(0'+2'+3'+7')(0+1'+4+7')(3'+4+5'+7)(0+4+5+6')(0'+1+2+3+5')(1+3+4'+5)(3+4+5'+7')(2'+4'+5'+7)(1+3'+5'+6'+7')(1'+3'+4'+5)(0+5'+6'+7')(4'+5'+6+7)(3+5+6+7)(1+4+5+6)(1'+3+4'+5')
PRESENT_MODE:	80
SAT_MODE:	2
	SBOX_MODE:	102
	KSR_HAVEERROR:	1
	ENCYPT_HAVEERROR:	1
AnalysesRounds:	5
MinCiphers:	25
MaxCiphers:	80
Threads:	1
Master_key:	11111101110100011110001110000110000001101001110011111111001011100110001011100111
---------------------------------------------------------------------------------------------------
num_cipher:	25
	Total vars:	22808
	Total clauses:	61872
	Test == masterkey, spend 323058 clocks.
	Have 4 results, spent 64077934 clocks.
num_cipher:	26
	Total vars:	23704
	Total clauses:	64304
	Test == masterkey, spend 340148 clocks.
	Have 4 results, spent 20126025 clocks.
num_cipher:	27
	Total vars:	24600
	Total clauses:	66736
	Test == masterkey, spend 335423 clocks.
	Have 4 results, spent 12299124 clocks.
num_cipher:	28
	Total vars:	25496
	Total clauses:	69168
	Test == masterkey, spend 415980 clocks.
	Have 4 results, spent 6461077 clocks.
num_cipher:	29
	Total vars:	26392
	Total clauses:	71600
	Test == masterkey, spend 451516 clocks.
	Have 4 results, spent 5292363 clocks.
num_cipher:	30
	Total vars:	27288
	Total clauses:	74032
	Test == masterkey, spend 596606 clocks.
	Have 4 results, spent 3405863 clocks.
num_cipher:	31
	Total vars:	28184
	Total clauses:	76464
	Test == masterkey, spend 632574 clocks.
	Have 4 results, spent 2677217 clocks.
num_cipher:	32
	Total vars:	29080
	Total clauses:	78896
	Test == masterkey, spend 617178 clocks.
	Have 4 results, spent 2304622 clocks.
num_cipher:	33
	Total vars:	29976
	Total clauses:	81328
	Test == masterkey, spend 681211 clocks.
	Have 4 results, spent 2206774 clocks.
num_cipher:	34
	Total vars:	30872
	Total clauses:	83760
	Test == masterkey, spend 581187 clocks.
	Have 4 results, spent 1939400 clocks.
num_cipher:	35
	Total vars:	31768
	Total clauses:	86192
	Test == masterkey, spend 815865 clocks.
	Have 4 results, spent 2106372 clocks.
num_cipher:	36
	Total vars:	32664
	Total clauses:	88624
	Test == masterkey, spend 862933 clocks.
	Have 4 results, spent 2422510 clocks.
num_cipher:	37
	Total vars:	33560
	Total clauses:	91056
	Test == masterkey, spend 888912 clocks.
	Have 4 results, spent 2155475 clocks.
num_cipher:	38
	Total vars:	34456
	Total clauses:	93488
	Test == masterkey, spend 927430 clocks.
	Have 4 results, spent 1972907 clocks.
num_cipher:	39
	Total vars:	35352
	Total clauses:	95920
	Test == masterkey, spend 941022 clocks.
	Have 4 results, spent 1878005 clocks.
num_cipher:	40
	Total vars:	36248
	Total clauses:	98352
	Test == masterkey, spend 990479 clocks.
	Have 4 results, spent 1750956 clocks.
num_cipher:	41
	Total vars:	37144
	Total clauses:	100784
	Test == masterkey, spend 1099782 clocks.
	Have 4 results, spent 2183610 clocks.
num_cipher:	42
	Total vars:	38040
	Total clauses:	103216
	Test == masterkey, spend 1223120 clocks.
	Have 4 results, spent 2337878 clocks.
num_cipher:	43
	Total vars:	38936
	Total clauses:	105648
	Test == masterkey, spend 1353506 clocks.
	Have 4 results, spent 2028294 clocks.
num_cipher:	44
	Total vars:	39832
	Total clauses:	108080
	Test == masterkey, spend 1348417 clocks.
	Have 4 results, spent 1640024 clocks.
num_cipher:	45
	Total vars:	40728
	Total clauses:	110512
	Test == masterkey, spend 1634593 clocks.
	Have 4 results, spent 2204408 clocks.
num_cipher:	46
	Total vars:	41624
	Total clauses:	112944
	Test == masterkey, spend 1497078 clocks.
	Have 4 results, spent 2531833 clocks.
num_cipher:	47
	Total vars:	42520
	Total clauses:	115376
	Test == masterkey, spend 1968188 clocks.
	Have 4 results, spent 1868552 clocks.
num_cipher:	48
	Total vars:	43416
	Total clauses:	117808
	Test == masterkey, spend 1385599 clocks.
	Have 4 results, spent 2164528 clocks.
num_cipher:	49
	Total vars:	44312
	Total clauses:	120240
	Test == masterkey, spend 1591080 clocks.
	Have 4 results, spent 2270685 clocks.
num_cipher:	50
	Total vars:	45208
	Total clauses:	122672
	Test == masterkey, spend 2028142 clocks.
	Have 4 results, spent 2261034 clocks.
num_cipher:	51
	Total vars:	46104
	Total clauses:	125104
	Test == masterkey, spend 2206076 clocks.
	Have 4 results, spent 2391136 clocks.
num_cipher:	52
	Total vars:	47000
	Total clauses:	127536
	Test == masterkey, spend 1907475 clocks.
	Have 4 results, spent 2268292 clocks.
num_cipher:	53
	Total vars:	47896
	Total clauses:	129968
	Test == masterkey, spend 2071094 clocks.
	Have 4 results, spent 2549392 clocks.
num_cipher:	54
	Total vars:	48792
	Total clauses:	132400
	Test == masterkey, spend 2316612 clocks.
	Have 4 results, spent 2557217 clocks.
num_cipher:	55
	Total vars:	49688
	Total clauses:	134832
	Test == masterkey, spend 2269709 clocks.
	Have 4 results, spent 2182166 clocks.
num_cipher:	56
	Total vars:	50584
	Total clauses:	137264
	Test == masterkey, spend 2492658 clocks.
	Have 4 results, spent 2508616 clocks.
num_cipher:	57
	Total vars:	51480
	Total clauses:	139696
	Test == masterkey, spend 2766188 clocks.
	Have 4 results, spent 3265599 clocks.
num_cipher:	58
	Total vars:	52376
	Total clauses:	142128
	Test == masterkey, spend 2420899 clocks.
	Have 4 results, spent 3223501 clocks.
num_cipher:	59
	Total vars:	53272
	Total clauses:	144560
	Test == masterkey, spend 2986726 clocks.
	Have 4 results, spent 3037103 clocks.
num_cipher:	60
	Total vars:	54168
	Total clauses:	146992
	Test == masterkey, spend 2656922 clocks.
	Have 4 results, spent 3070303 clocks.
num_cipher:	61
	Total vars:	55064
	Total clauses:	149424
	Test == masterkey, spend 2543933 clocks.
	Have 4 results, spent 3231205 clocks.
num_cipher:	62
	Total vars:	55960
	Total clauses:	151856
	Test == masterkey, spend 2558003 clocks.
	Have 4 results, spent 3055800 clocks.
num_cipher:	63
	Total vars:	56856
	Total clauses:	154288
	Test == masterkey, spend 2717051 clocks.
	Have 4 results, spent 3350736 clocks.
num_cipher:	64
	Total vars:	57752
	Total clauses:	156720
	Test == masterkey, spend 3127811 clocks.
	Have 4 results, spent 3607506 clocks.
num_cipher:	65
	Total vars:	58648
	Total clauses:	159152
	Test == masterkey, spend 3176837 clocks.
	Have 4 results, spent 4308994 clocks.
num_cipher:	66
	Total vars:	59544
	Total clauses:	161584
	Test == masterkey, spend 3565004 clocks.
	Have 4 results, spent 3462889 clocks.
num_cipher:	67
	Total vars:	60440
	Total clauses:	164016
	Test == masterkey, spend 3325487 clocks.
	Have 4 results, spent 3343740 clocks.
num_cipher:	68
	Total vars:	61336
	Total clauses:	166448
	Test == masterkey, spend 3070679 clocks.
	Have 4 results, spent 3930069 clocks.
num_cipher:	69
	Total vars:	62232
	Total clauses:	168880
	Test == masterkey, spend 3415032 clocks.
	Have 4 results, spent 4034585 clocks.
num_cipher:	70
	Total vars:	63128
	Total clauses:	171312
	Test == masterkey, spend 3763583 clocks.
	Have 4 results, spent 4228379 clocks.
num_cipher:	71
	Total vars:	64024
	Total clauses:	173744
	Test == masterkey, spend 3539201 clocks.
	Have 4 results, spent 3439887 clocks.
num_cipher:	72
	Total vars:	64920
	Total clauses:	176176
	Test == masterkey, spend 4060251 clocks.
	Have 4 results, spent 3871927 clocks.
num_cipher:	73
	Total vars:	65816
	Total clauses:	178608
	Test == masterkey, spend 4033519 clocks.
	Have 4 results, spent 3396837 clocks.
num_cipher:	74
	Total vars:	66712
	Total clauses:	181040
	Test == masterkey, spend 3929909 clocks.
	Have 4 results, spent 4846323 clocks.
num_cipher:	75
	Total vars:	67608
	Total clauses:	183472
	Test == masterkey, spend 4252589 clocks.
	Have 4 results, spent 4276267 clocks.
num_cipher:	76
	Total vars:	68504
	Total clauses:	185904
	Test == masterkey, spend 4348902 clocks.
	Have 4 results, spent 2889138 clocks.
num_cipher:	77
	Total vars:	69400
	Total clauses:	188336
	Test == masterkey, spend 4646381 clocks.
	Have 4 results, spent 5483220 clocks.
num_cipher:	78
	Total vars:	70296
	Total clauses:	190768
	Test == masterkey, spend 4863815 clocks.
	Have 4 results, spent 4510291 clocks.
num_cipher:	79
	Total vars:	71192
	Total clauses:	193200
	Test == masterkey, spend 4854760 clocks.
	Have 4 results, spent 5140118 clocks.
num_cipher:	80
	Total vars:	72088
	Total clauses:	195632
	Test == masterkey, spend 5165756 clocks.
	Have 4 results, spent 5279258 clocks.
---------------------------------------------------------------------------------------------------
	Command being timed: "./bin/present80NSNK 1 5 25 80"
	User time (seconds): 418.41
	System time (seconds): 0.85
	Percent of CPU this job got: 99%
	Elapsed (wall clock) time (h:mm:ss or m:ss): 6:59.32
	Average shared text size (kbytes): 0
	Average unshared data size (kbytes): 0
	Average stack size (kbytes): 0
	Average total size (kbytes): 0
	Maximum resident set size (kbytes): 84676
	Average resident set size (kbytes): 0
	Major (requiring I/O) page faults: 0
	Minor (reclaiming a frame) page faults: 59068
	Voluntary context switches: 6
	Involuntary context switches: 693
	Swaps: 0
	File system inputs: 0
	File system outputs: 416
	Socket messages sent: 0
	Socket messages received: 0
	Signals delivered: 0
	Page size (bytes): 4096
	Exit status: 0
