sbox:	1100 0101 0110 1011 1001 0000 1010 1101 0011 1110 1111 1000 0100 0111 0001 0010 
8 = (0+2+6')(2'+3+4'+6)(0'+2+3+4')(2+3'+4'+6)(2'+4+6'+7')(3+5'+6+7')(0'+4'+5+6')(1+4+6+7)(1'+4'+6'+7')(1+2'+3'+4)(0'+1'+3'+6)(3+4+5+7)(0'+2'+5'+7)(0+2'+3'+7)(1'+5'+6'+7)(2+4+5+6+7')(0+2'+5+6)(0'+1+4+5')(0+1'+4+5')(1+3+4'+5)(1+3'+4'+5'+7')(1+5+6+7')(2+3'+5+6')(1'+3+6'+7')(0+4'+5'+6')(1'+4'+6+7)
e_sbox:	1101 0101 0110 1011 1001 0000 1010 1101 0011 1110 1111 1000 0100 0111 0001 0010 
8 = (0'+2+6+7')(0+2+3+7)(0+1+2'+6)(2'+3+4'+6)(0+2+3'+4')(0'+1'+3+6')(1'+4'+6'+7')(1'+5'+6'+7)(1+5+6'+7)(1'+2'+6+7)(0'+1+2'+4)(0'+2+3'+5)(0'+2'+3'+7')(0+1'+4+7')(3'+4+5'+7)(0+4+5+6')(0'+1+2+3+5')(1+3+4'+5)(3+4+5'+7')(2'+4'+5'+7)(1+3'+5'+6'+7')(1'+3'+4'+5)(0+5'+6'+7')(4'+5'+6+7)(3+5+6+7)(1+4+5+6)(1'+3+4'+5')
PRESENT_MODE:	80
SAT_MODE:	2
	SBOX_MODE:	102
	KSR_HAVEERROR:	1
	ENCYPT_HAVEERROR:	1
AnalysesRounds:	6
MinCiphers:	25
MaxCiphers:	80
Threads:	1
Master_key:	01101011010111010110010010111000010010110110101110010011011100100010011001011110
---------------------------------------------------------------------------------------------------
num_cipher:	25
	Total vars:	27608
	Total clauses:	76272
	Test == masterkey, spend 718295 clocks.
	Have 32 results, spent 5646474 clocks.
num_cipher:	26
	Total vars:	28696
	Total clauses:	79280
	Test == masterkey, spend 747032 clocks.
	Have 32 results, spent 3051233 clocks.
num_cipher:	27
	Total vars:	29784
	Total clauses:	82288
	Test == masterkey, spend 646824 clocks.
	Have 32 results, spent 2597882 clocks.
num_cipher:	28
	Total vars:	30872
	Total clauses:	85296
	Test == masterkey, spend 745505 clocks.
	Have 32 results, spent 2465474 clocks.
num_cipher:	29
	Total vars:	31960
	Total clauses:	88304
	Test == masterkey, spend 943478 clocks.
	Have 32 results, spent 2521017 clocks.
num_cipher:	30
	Total vars:	33048
	Total clauses:	91312
	Test == masterkey, spend 1027252 clocks.
	Have 32 results, spent 2201552 clocks.
num_cipher:	31
	Total vars:	34136
	Total clauses:	94320
	Test == masterkey, spend 1171744 clocks.
	Have 32 results, spent 2267198 clocks.
num_cipher:	32
	Total vars:	35224
	Total clauses:	97328
	Test == masterkey, spend 1130084 clocks.
	Have 32 results, spent 2253240 clocks.
num_cipher:	33
	Total vars:	36312
	Total clauses:	100336
	Test == masterkey, spend 1418757 clocks.
	Have 32 results, spent 2914080 clocks.
num_cipher:	34
	Total vars:	37400
	Total clauses:	103344
	Test == masterkey, spend 1393809 clocks.
	Have 32 results, spent 2455579 clocks.
num_cipher:	35
	Total vars:	38488
	Total clauses:	106352
	Test == masterkey, spend 1256911 clocks.
	Have 32 results, spent 2042726 clocks.
num_cipher:	36
	Total vars:	39576
	Total clauses:	109360
	Test == masterkey, spend 1688160 clocks.
	Have 32 results, spent 2914407 clocks.
num_cipher:	37
	Total vars:	40664
	Total clauses:	112368
	Test == masterkey, spend 1951311 clocks.
	Have 32 results, spent 2850448 clocks.
num_cipher:	38
	Total vars:	41752
	Total clauses:	115376
	Test == masterkey, spend 2051331 clocks.
	Have 32 results, spent 3309974 clocks.
num_cipher:	39
	Total vars:	42840
	Total clauses:	118384
	Test == masterkey, spend 1982835 clocks.
	Have 32 results, spent 2622159 clocks.
num_cipher:	40
	Total vars:	43928
	Total clauses:	121392
	Test == masterkey, spend 2504040 clocks.
	Have 32 results, spent 2963392 clocks.
num_cipher:	41
	Total vars:	45016
	Total clauses:	124400
	Test == masterkey, spend 2418705 clocks.
	Have 32 results, spent 3713862 clocks.
num_cipher:	42
	Total vars:	46104
	Total clauses:	127408
	Test == masterkey, spend 2667046 clocks.
	Have 32 results, spent 4029274 clocks.
num_cipher:	43
	Total vars:	47192
	Total clauses:	130416
	Test == masterkey, spend 2986776 clocks.
	Have 32 results, spent 4023438 clocks.
num_cipher:	44
	Total vars:	48280
	Total clauses:	133424
	Test == masterkey, spend 2875244 clocks.
	Have 32 results, spent 3310451 clocks.
num_cipher:	45
	Total vars:	49368
	Total clauses:	136432
	Test == masterkey, spend 3034703 clocks.
	Have 32 results, spent 4281779 clocks.
num_cipher:	46
	Total vars:	50456
	Total clauses:	139440
	Test == masterkey, spend 2804394 clocks.
	Have 32 results, spent 4379840 clocks.
num_cipher:	47
	Total vars:	51544
	Total clauses:	142448
	Test == masterkey, spend 3550180 clocks.
	Have 32 results, spent 4317792 clocks.
num_cipher:	48
	Total vars:	52632
	Total clauses:	145456
	Test == masterkey, spend 3324761 clocks.
	Have 32 results, spent 4413074 clocks.
num_cipher:	49
	Total vars:	53720
	Total clauses:	148464
	Test == masterkey, spend 3446062 clocks.
	Have 32 results, spent 4239771 clocks.
num_cipher:	50
	Total vars:	54808
	Total clauses:	151472
	Test == masterkey, spend 3639802 clocks.
	Have 32 results, spent 5028099 clocks.
num_cipher:	51
	Total vars:	55896
	Total clauses:	154480
	Test == masterkey, spend 4189269 clocks.
	Have 32 results, spent 5716278 clocks.
num_cipher:	52
	Total vars:	56984
	Total clauses:	157488
	Test == masterkey, spend 3251552 clocks.
	Have 32 results, spent 5308209 clocks.
num_cipher:	53
	Total vars:	58072
	Total clauses:	160496
	Test == masterkey, spend 4393156 clocks.
	Have 32 results, spent 6152454 clocks.
num_cipher:	54
	Total vars:	59160
	Total clauses:	163504
	Test == masterkey, spend 3770723 clocks.
	Have 32 results, spent 6006080 clocks.
num_cipher:	55
	Total vars:	60248
	Total clauses:	166512
	Test == masterkey, spend 4295196 clocks.
	Have 32 results, spent 7454984 clocks.
num_cipher:	56
	Total vars:	61336
	Total clauses:	169520
	Test == masterkey, spend 4650929 clocks.
	Have 32 results, spent 6497947 clocks.
num_cipher:	57
	Total vars:	62424
	Total clauses:	172528
	Test == masterkey, spend 5251272 clocks.
	Have 32 results, spent 6555577 clocks.
num_cipher:	58
	Total vars:	63512
	Total clauses:	175536
	Test == masterkey, spend 4434876 clocks.
	Have 32 results, spent 6983356 clocks.
num_cipher:	59
	Total vars:	64600
	Total clauses:	178544
	Test == masterkey, spend 5259717 clocks.
	Have 32 results, spent 6514359 clocks.
num_cipher:	60
	Total vars:	65688
	Total clauses:	181552
	Test == masterkey, spend 4494072 clocks.
	Have 32 results, spent 7239262 clocks.
num_cipher:	61
	Total vars:	66776
	Total clauses:	184560
	Test == masterkey, spend 5437525 clocks.
	Have 32 results, spent 8432504 clocks.
num_cipher:	62
	Total vars:	67864
	Total clauses:	187568
	Test == masterkey, spend 4849014 clocks.
	Have 32 results, spent 7875968 clocks.
num_cipher:	63
	Total vars:	68952
	Total clauses:	190576
	Test == masterkey, spend 6219470 clocks.
	Have 32 results, spent 7755415 clocks.
num_cipher:	64
	Total vars:	70040
	Total clauses:	193584
	Test == masterkey, spend 5705758 clocks.
	Have 32 results, spent 8643511 clocks.
num_cipher:	65
	Total vars:	71128
	Total clauses:	196592
	Test == masterkey, spend 6496088 clocks.
	Have 32 results, spent 8770825 clocks.
num_cipher:	66
	Total vars:	72216
	Total clauses:	199600
	Test == masterkey, spend 6372861 clocks.
	Have 32 results, spent 9607740 clocks.
num_cipher:	67
	Total vars:	73304
	Total clauses:	202608
	Test == masterkey, spend 7113297 clocks.
	Have 32 results, spent 9001733 clocks.
num_cipher:	68
	Total vars:	74392
	Total clauses:	205616
	Test == masterkey, spend 6364936 clocks.
	Have 32 results, spent 8908540 clocks.
num_cipher:	69
	Total vars:	75480
	Total clauses:	208624
	Test == masterkey, spend 7561502 clocks.
	Have 32 results, spent 10099499 clocks.
num_cipher:	70
	Total vars:	76568
	Total clauses:	211632
	Test == masterkey, spend 7328415 clocks.
	Have 32 results, spent 9856546 clocks.
num_cipher:	71
	Total vars:	77656
	Total clauses:	214640
	Test == masterkey, spend 7495416 clocks.
	Have 32 results, spent 8833123 clocks.
num_cipher:	72
	Total vars:	78744
	Total clauses:	217648
	Test == masterkey, spend 7899940 clocks.
	Have 32 results, spent 9676249 clocks.
num_cipher:	73
	Total vars:	79832
	Total clauses:	220656
	Test == masterkey, spend 8670702 clocks.
	Have 32 results, spent 11279221 clocks.
num_cipher:	74
	Total vars:	80920
	Total clauses:	223664
	Test == masterkey, spend 8630060 clocks.
	Have 32 results, spent 10338303 clocks.
num_cipher:	75
	Total vars:	82008
	Total clauses:	226672
	Test == masterkey, spend 7595293 clocks.
	Have 32 results, spent 9870757 clocks.
num_cipher:	76
	Total vars:	83096
	Total clauses:	229680
	Test == masterkey, spend 9007418 clocks.
	Have 32 results, spent 13585338 clocks.
num_cipher:	77
	Total vars:	84184
	Total clauses:	232688
	Test == masterkey, spend 9048744 clocks.
	Have 32 results, spent 10486395 clocks.
num_cipher:	78
	Total vars:	85272
	Total clauses:	235696
	Test == masterkey, spend 9261688 clocks.
	Have 32 results, spent 11159951 clocks.
num_cipher:	79
	Total vars:	86360
	Total clauses:	238704
	Test == masterkey, spend 11310735 clocks.
	Have 32 results, spent 9896809 clocks.
num_cipher:	80
	Total vars:	87448
	Total clauses:	241712
	Test == masterkey, spend 10034981 clocks.
	Have 32 results, spent 13695569 clocks.
---------------------------------------------------------------------------------------------------
	Command being timed: "./bin/present80NSNK 1 6 25 80"
	User time (seconds): 639.19
	System time (seconds): 1.15
	Percent of CPU this job got: 99%
	Elapsed (wall clock) time (h:mm:ss or m:ss): 10:40.78
	Average shared text size (kbytes): 0
	Average unshared data size (kbytes): 0
	Average stack size (kbytes): 0
	Average total size (kbytes): 0
	Maximum resident set size (kbytes): 108740
	Average resident set size (kbytes): 0
	Major (requiring I/O) page faults: 0
	Minor (reclaiming a frame) page faults: 187409
	Voluntary context switches: 1
	Involuntary context switches: 2810
	Swaps: 0
	File system inputs: 0
	File system outputs: 608
	Socket messages sent: 0
	Socket messages received: 0
	Signals delivered: 0
	Page size (bytes): 4096
	Exit status: 0
