sbox:	1100 0101 0110 1011 1001 0000 1010 1101 0011 1110 1111 1000 0100 0111 0001 0010 
8 = (0+2+6')(2'+3+4'+6)(0'+2+3+4')(2+3'+4'+6)(2'+4+6'+7')(3+5'+6+7')(0'+4'+5+6')(1+4+6+7)(1'+4'+6'+7')(1+2'+3'+4)(0'+1'+3'+6)(3+4+5+7)(0'+2'+5'+7)(0+2'+3'+7)(1'+5'+6'+7)(2+4+5+6+7')(0+2'+5+6)(0'+1+4+5')(0+1'+4+5')(1+3+4'+5)(1+3'+4'+5'+7')(1+5+6+7')(2+3'+5+6')(1'+3+6'+7')(0+4'+5'+6')(1'+4'+6+7)
e_sbox:	1101 0101 0110 1011 1001 0000 1010 1101 0011 1110 1111 1000 0100 0111 0001 0010 
8 = (0'+2+6+7')(0+2+3+7)(0+1+2'+6)(2'+3+4'+6)(0+2+3'+4')(0'+1'+3+6')(1'+4'+6'+7')(1'+5'+6'+7)(1+5+6'+7)(1'+2'+6+7)(0'+1+2'+4)(0'+2+3'+5)(0'+2'+3'+7')(0+1'+4+7')(3'+4+5'+7)(0+4+5+6')(0'+1+2+3+5')(1+3+4'+5)(3+4+5'+7')(2'+4'+5'+7)(1+3'+5'+6'+7')(1'+3'+4'+5)(0+5'+6'+7')(4'+5'+6+7)(3+5+6+7)(1+4+5+6)(1'+3+4'+5')
PRESENT_MODE:	80
SAT_MODE:	2
	SBOX_MODE:	102
	KSR_HAVEERROR:	1
	ENCYPT_HAVEERROR:	1
AnalysesRounds:	6
MinCiphers:	25
MaxCiphers:	80
Threads:	1
Master_key:	10010101001000001001101001010000111110000100100010000000001001101111010000001000
---------------------------------------------------------------------------------------------------
num_cipher:	25
	Total vars:	27608
	Total clauses:	76272
	Test == masterkey, spend 911121 clocks.
	Have 16 results, spent 5439279 clocks.
num_cipher:	26
	Total vars:	28696
	Total clauses:	79280
	Test == masterkey, spend 676114 clocks.
	Have 16 results, spent 2583351 clocks.
num_cipher:	27
	Total vars:	29784
	Total clauses:	82288
	Test == masterkey, spend 1183425 clocks.
	Have 16 results, spent 1993028 clocks.
num_cipher:	28
	Total vars:	30872
	Total clauses:	85296
	Test == masterkey, spend 1002146 clocks.
	Have 16 results, spent 1819209 clocks.
num_cipher:	29
	Total vars:	31960
	Total clauses:	88304
	Test == masterkey, spend 896102 clocks.
	Have 16 results, spent 2073138 clocks.
num_cipher:	30
	Total vars:	33048
	Total clauses:	91312
	Test == masterkey, spend 1195622 clocks.
	Have 16 results, spent 1910317 clocks.
num_cipher:	31
	Total vars:	34136
	Total clauses:	94320
	Test == masterkey, spend 1295527 clocks.
	Have 16 results, spent 1919856 clocks.
num_cipher:	32
	Total vars:	35224
	Total clauses:	97328
	Test == masterkey, spend 925051 clocks.
	Have 16 results, spent 1963284 clocks.
num_cipher:	33
	Total vars:	36312
	Total clauses:	100336
	Test == masterkey, spend 1539546 clocks.
	Have 16 results, spent 2088241 clocks.
num_cipher:	34
	Total vars:	37400
	Total clauses:	103344
	Test == masterkey, spend 1379308 clocks.
	Have 16 results, spent 2392741 clocks.
num_cipher:	35
	Total vars:	38488
	Total clauses:	106352
	Test == masterkey, spend 2010057 clocks.
	Have 16 results, spent 2663228 clocks.
num_cipher:	36
	Total vars:	39576
	Total clauses:	109360
	Test == masterkey, spend 1741458 clocks.
	Have 16 results, spent 2227281 clocks.
num_cipher:	37
	Total vars:	40664
	Total clauses:	112368
	Test == masterkey, spend 2221006 clocks.
	Have 16 results, spent 2611023 clocks.
num_cipher:	38
	Total vars:	41752
	Total clauses:	115376
	Test == masterkey, spend 1830157 clocks.
	Have 16 results, spent 2813635 clocks.
num_cipher:	39
	Total vars:	42840
	Total clauses:	118384
	Test == masterkey, spend 2910318 clocks.
	Have 16 results, spent 3560276 clocks.
num_cipher:	40
	Total vars:	43928
	Total clauses:	121392
	Test == masterkey, spend 2081486 clocks.
	Have 16 results, spent 2741650 clocks.
num_cipher:	41
	Total vars:	45016
	Total clauses:	124400
	Test == masterkey, spend 2492271 clocks.
	Have 16 results, spent 3860744 clocks.
num_cipher:	42
	Total vars:	46104
	Total clauses:	127408
	Test == masterkey, spend 2661674 clocks.
	Have 16 results, spent 3045201 clocks.
num_cipher:	43
	Total vars:	47192
	Total clauses:	130416
	Test == masterkey, spend 3410026 clocks.
	Have 16 results, spent 4336733 clocks.
num_cipher:	44
	Total vars:	48280
	Total clauses:	133424
	Test == masterkey, spend 3254661 clocks.
	Have 16 results, spent 3753682 clocks.
num_cipher:	45
	Total vars:	49368
	Total clauses:	136432
	Test == masterkey, spend 3636843 clocks.
	Have 16 results, spent 4184879 clocks.
num_cipher:	46
	Total vars:	50456
	Total clauses:	139440
	Test == masterkey, spend 3754372 clocks.
	Have 16 results, spent 3875755 clocks.
num_cipher:	47
	Total vars:	51544
	Total clauses:	142448
	Test == masterkey, spend 4537951 clocks.
	Have 16 results, spent 5019688 clocks.
num_cipher:	48
	Total vars:	52632
	Total clauses:	145456
	Test == masterkey, spend 4046162 clocks.
	Have 16 results, spent 4742360 clocks.
num_cipher:	49
	Total vars:	53720
	Total clauses:	148464
	Test == masterkey, spend 3801275 clocks.
	Have 16 results, spent 5577397 clocks.
num_cipher:	50
	Total vars:	54808
	Total clauses:	151472
	Test == masterkey, spend 3545245 clocks.
	Have 16 results, spent 6632842 clocks.
num_cipher:	51
	Total vars:	55896
	Total clauses:	154480
	Test == masterkey, spend 4112707 clocks.
	Have 16 results, spent 5488119 clocks.
num_cipher:	52
	Total vars:	56984
	Total clauses:	157488
	Test == masterkey, spend 4097833 clocks.
	Have 16 results, spent 6847346 clocks.
num_cipher:	53
	Total vars:	58072
	Total clauses:	160496
	Test == masterkey, spend 4869405 clocks.
	Have 16 results, spent 6414681 clocks.
num_cipher:	54
	Total vars:	59160
	Total clauses:	163504
	Test == masterkey, spend 5384594 clocks.
	Have 16 results, spent 6472462 clocks.
num_cipher:	55
	Total vars:	60248
	Total clauses:	166512
	Test == masterkey, spend 5124000 clocks.
	Have 16 results, spent 6469765 clocks.
num_cipher:	56
	Total vars:	61336
	Total clauses:	169520
	Test == masterkey, spend 5299130 clocks.
	Have 16 results, spent 6436232 clocks.
num_cipher:	57
	Total vars:	62424
	Total clauses:	172528
	Test == masterkey, spend 5030904 clocks.
	Have 16 results, spent 7481402 clocks.
num_cipher:	58
	Total vars:	63512
	Total clauses:	175536
	Test == masterkey, spend 4738588 clocks.
	Have 16 results, spent 6492595 clocks.
num_cipher:	59
	Total vars:	64600
	Total clauses:	178544
	Test == masterkey, spend 5301565 clocks.
	Have 16 results, spent 7926802 clocks.
num_cipher:	60
	Total vars:	65688
	Total clauses:	181552
	Test == masterkey, spend 6054682 clocks.
	Have 16 results, spent 8111791 clocks.
num_cipher:	61
	Total vars:	66776
	Total clauses:	184560
	Test == masterkey, spend 4953608 clocks.
	Have 16 results, spent 8468353 clocks.
num_cipher:	62
	Total vars:	67864
	Total clauses:	187568
	Test == masterkey, spend 7011558 clocks.
	Have 16 results, spent 7946047 clocks.
num_cipher:	63
	Total vars:	68952
	Total clauses:	190576
	Test == masterkey, spend 5308654 clocks.
	Have 16 results, spent 8939920 clocks.
num_cipher:	64
	Total vars:	70040
	Total clauses:	193584
	Test == masterkey, spend 6431392 clocks.
	Have 16 results, spent 9143384 clocks.
num_cipher:	65
	Total vars:	71128
	Total clauses:	196592
	Test == masterkey, spend 7856769 clocks.
	Have 16 results, spent 8492919 clocks.
num_cipher:	66
	Total vars:	72216
	Total clauses:	199600
	Test == masterkey, spend 7648630 clocks.
	Have 16 results, spent 9355917 clocks.
num_cipher:	67
	Total vars:	73304
	Total clauses:	202608
	Test == masterkey, spend 6929769 clocks.
	Have 16 results, spent 8402559 clocks.
num_cipher:	68
	Total vars:	74392
	Total clauses:	205616
	Test == masterkey, spend 7296839 clocks.
	Have 16 results, spent 9488628 clocks.
num_cipher:	69
	Total vars:	75480
	Total clauses:	208624
	Test == masterkey, spend 7818220 clocks.
	Have 16 results, spent 8901122 clocks.
num_cipher:	70
	Total vars:	76568
	Total clauses:	211632
	Test == masterkey, spend 7391323 clocks.
	Have 16 results, spent 11747789 clocks.
num_cipher:	71
	Total vars:	77656
	Total clauses:	214640
	Test == masterkey, spend 8996182 clocks.
	Have 16 results, spent 10120242 clocks.
num_cipher:	72
	Total vars:	78744
	Total clauses:	217648
	Test == masterkey, spend 8772199 clocks.
	Have 16 results, spent 11768665 clocks.
num_cipher:	73
	Total vars:	79832
	Total clauses:	220656
	Test == masterkey, spend 11909412 clocks.
	Have 16 results, spent 12128698 clocks.
num_cipher:	74
	Total vars:	80920
	Total clauses:	223664
	Test == masterkey, spend 10253753 clocks.
	Have 16 results, spent 11864479 clocks.
num_cipher:	75
	Total vars:	82008
	Total clauses:	226672
	Test == masterkey, spend 9696109 clocks.
	Have 16 results, spent 12462998 clocks.
num_cipher:	76
	Total vars:	83096
	Total clauses:	229680
	Test == masterkey, spend 10314278 clocks.
	Have 16 results, spent 13707945 clocks.
num_cipher:	77
	Total vars:	84184
	Total clauses:	232688
	Test == masterkey, spend 12239484 clocks.
	Have 16 results, spent 11938590 clocks.
num_cipher:	78
	Total vars:	85272
	Total clauses:	235696
	Test == masterkey, spend 8970454 clocks.
	Have 16 results, spent 13354802 clocks.
num_cipher:	79
	Total vars:	86360
	Total clauses:	238704
	Test == masterkey, spend 12749268 clocks.
	Have 16 results, spent 12854623 clocks.
num_cipher:	80
	Total vars:	87448
	Total clauses:	241712
	Test == masterkey, spend 9908291 clocks.
	Have 16 results, spent 13352070 clocks.
---------------------------------------------------------------------------------------------------
	Command being timed: "./bin/present80NSNK 1 6 25 80"
	User time (seconds): 692.18
	System time (seconds): 1.09
	Percent of CPU this job got: 99%
	Elapsed (wall clock) time (h:mm:ss or m:ss): 11:33.67
	Average shared text size (kbytes): 0
	Average unshared data size (kbytes): 0
	Average stack size (kbytes): 0
	Average total size (kbytes): 0
	Maximum resident set size (kbytes): 106732
	Average resident set size (kbytes): 0
	Major (requiring I/O) page faults: 0
	Minor (reclaiming a frame) page faults: 228527
	Voluntary context switches: 4
	Involuntary context switches: 3149
	Swaps: 0
	File system inputs: 0
	File system outputs: 664
	Socket messages sent: 0
	Socket messages received: 0
	Signals delivered: 0
	Page size (bytes): 4096
	Exit status: 0
