sbox:	1100 0101 0110 1011 1001 0000 1010 1101 0011 1110 1111 1000 0100 0111 0001 0010 
8 = (0+2+6')(2'+3+4'+6)(0'+2+3+4')(2+3'+4'+6)(2'+4+6'+7')(3+5'+6+7')(0'+4'+5+6')(1+4+6+7)(1'+4'+6'+7')(1+2'+3'+4)(0'+1'+3'+6)(3+4+5+7)(0'+2'+5'+7)(0+2'+3'+7)(1'+5'+6'+7)(2+4+5+6+7')(0+2'+5+6)(0'+1+4+5')(0+1'+4+5')(1+3+4'+5)(1+3'+4'+5'+7')(1+5+6+7')(2+3'+5+6')(1'+3+6'+7')(0+4'+5'+6')(1'+4'+6+7)
e_sbox:	1101 0101 0110 1011 1001 0000 1010 1101 0011 1110 1111 1000 0100 0111 0001 0010 
8 = (0'+2+6+7')(0+2+3+7)(0+1+2'+6)(2'+3+4'+6)(0+2+3'+4')(0'+1'+3+6')(1'+4'+6'+7')(1'+5'+6'+7)(1+5+6'+7)(1'+2'+6+7)(0'+1+2'+4)(0'+2+3'+5)(0'+2'+3'+7')(0+1'+4+7')(3'+4+5'+7)(0+4+5+6')(0'+1+2+3+5')(1+3+4'+5)(3+4+5'+7')(2'+4'+5'+7)(1+3'+5'+6'+7')(1'+3'+4'+5)(0+5'+6'+7')(4'+5'+6+7)(3+5+6+7)(1+4+5+6)(1'+3+4'+5')
PRESENT_MODE:	80
SAT_MODE:	2
	SBOX_MODE:	102
	KSR_HAVEERROR:	1
	ENCYPT_HAVEERROR:	1
AnalysesRounds:	6
MinCiphers:	25
MaxCiphers:	80
Threads:	1
Master_key:	01100010110010010010001011001000110000010110001001001010000011011001000111111000
---------------------------------------------------------------------------------------------------
num_cipher:	25
	Total vars:	27608
	Total clauses:	76272
	Test == masterkey, spend 465682 clocks.
	Have 4 results, spent 5948335 clocks.
num_cipher:	26
	Total vars:	28696
	Total clauses:	79280
	Test == masterkey, spend 536075 clocks.
	Have 4 results, spent 2259156 clocks.
num_cipher:	27
	Total vars:	29784
	Total clauses:	82288
	Test == masterkey, spend 648441 clocks.
	Have 4 results, spent 1932589 clocks.
num_cipher:	28
	Total vars:	30872
	Total clauses:	85296
	Test == masterkey, spend 828875 clocks.
	Have 4 results, spent 3000831 clocks.
num_cipher:	29
	Total vars:	31960
	Total clauses:	88304
	Test == masterkey, spend 845427 clocks.
	Have 4 results, spent 2573159 clocks.
num_cipher:	30
	Total vars:	33048
	Total clauses:	91312
	Test == masterkey, spend 941192 clocks.
	Have 4 results, spent 2421840 clocks.
num_cipher:	31
	Total vars:	34136
	Total clauses:	94320
	Test == masterkey, spend 1140810 clocks.
	Have 4 results, spent 2283658 clocks.
num_cipher:	32
	Total vars:	35224
	Total clauses:	97328
	Test == masterkey, spend 1215200 clocks.
	Have 4 results, spent 2496059 clocks.
num_cipher:	33
	Total vars:	36312
	Total clauses:	100336
	Test == masterkey, spend 1061315 clocks.
	Have 4 results, spent 2472660 clocks.
num_cipher:	34
	Total vars:	37400
	Total clauses:	103344
	Test == masterkey, spend 1500912 clocks.
	Have 4 results, spent 1816506 clocks.
num_cipher:	35
	Total vars:	38488
	Total clauses:	106352
	Test == masterkey, spend 1539605 clocks.
	Have 4 results, spent 2101683 clocks.
num_cipher:	36
	Total vars:	39576
	Total clauses:	109360
	Test == masterkey, spend 1602048 clocks.
	Have 4 results, spent 2024056 clocks.
num_cipher:	37
	Total vars:	40664
	Total clauses:	112368
	Test == masterkey, spend 1676231 clocks.
	Have 4 results, spent 2424632 clocks.
num_cipher:	38
	Total vars:	41752
	Total clauses:	115376
	Test == masterkey, spend 1715668 clocks.
	Have 4 results, spent 2427273 clocks.
num_cipher:	39
	Total vars:	42840
	Total clauses:	118384
	Test == masterkey, spend 1821624 clocks.
	Have 4 results, spent 2175812 clocks.
num_cipher:	40
	Total vars:	43928
	Total clauses:	121392
	Test == masterkey, spend 1796222 clocks.
	Have 4 results, spent 3034810 clocks.
num_cipher:	41
	Total vars:	45016
	Total clauses:	124400
	Test == masterkey, spend 2021452 clocks.
	Have 4 results, spent 2390363 clocks.
num_cipher:	42
	Total vars:	46104
	Total clauses:	127408
	Test == masterkey, spend 2165535 clocks.
	Have 4 results, spent 2761387 clocks.
num_cipher:	43
	Total vars:	47192
	Total clauses:	130416
	Test == masterkey, spend 2147978 clocks.
	Have 4 results, spent 3743494 clocks.
num_cipher:	44
	Total vars:	48280
	Total clauses:	133424
	Test == masterkey, spend 2238689 clocks.
	Have 4 results, spent 2463623 clocks.
num_cipher:	45
	Total vars:	49368
	Total clauses:	136432
	Test == masterkey, spend 2632395 clocks.
	Have 4 results, spent 2957222 clocks.
num_cipher:	46
	Total vars:	50456
	Total clauses:	139440
	Test == masterkey, spend 2450872 clocks.
	Have 4 results, spent 2884178 clocks.
num_cipher:	47
	Total vars:	51544
	Total clauses:	142448
	Test == masterkey, spend 2687919 clocks.
	Have 4 results, spent 3008329 clocks.
num_cipher:	48
	Total vars:	52632
	Total clauses:	145456
	Test == masterkey, spend 2708403 clocks.
	Have 4 results, spent 3113579 clocks.
num_cipher:	49
	Total vars:	53720
	Total clauses:	148464
	Test == masterkey, spend 3014177 clocks.
	Have 4 results, spent 2916286 clocks.
num_cipher:	50
	Total vars:	54808
	Total clauses:	151472
	Test == masterkey, spend 2778015 clocks.
	Have 4 results, spent 3342630 clocks.
num_cipher:	51
	Total vars:	55896
	Total clauses:	154480
	Test == masterkey, spend 2950732 clocks.
	Have 4 results, spent 4088507 clocks.
num_cipher:	52
	Total vars:	56984
	Total clauses:	157488
	Test == masterkey, spend 3303792 clocks.
	Have 4 results, spent 3996721 clocks.
num_cipher:	53
	Total vars:	58072
	Total clauses:	160496
	Test == masterkey, spend 3309531 clocks.
	Have 4 results, spent 4361445 clocks.
num_cipher:	54
	Total vars:	59160
	Total clauses:	163504
	Test == masterkey, spend 3450618 clocks.
	Have 4 results, spent 4228944 clocks.
num_cipher:	55
	Total vars:	60248
	Total clauses:	166512
	Test == masterkey, spend 3750035 clocks.
	Have 4 results, spent 4382865 clocks.
num_cipher:	56
	Total vars:	61336
	Total clauses:	169520
	Test == masterkey, spend 3949996 clocks.
	Have 4 results, spent 3701498 clocks.
num_cipher:	57
	Total vars:	62424
	Total clauses:	172528
	Test == masterkey, spend 4124310 clocks.
	Have 4 results, spent 5109102 clocks.
num_cipher:	58
	Total vars:	63512
	Total clauses:	175536
	Test == masterkey, spend 4146960 clocks.
	Have 4 results, spent 5223753 clocks.
num_cipher:	59
	Total vars:	64600
	Total clauses:	178544
	Test == masterkey, spend 4819323 clocks.
	Have 4 results, spent 4793987 clocks.
num_cipher:	60
	Total vars:	65688
	Total clauses:	181552
	Test == masterkey, spend 4612761 clocks.
	Have 4 results, spent 5736022 clocks.
num_cipher:	61
	Total vars:	66776
	Total clauses:	184560
	Test == masterkey, spend 4869147 clocks.
	Have 4 results, spent 4957851 clocks.
num_cipher:	62
	Total vars:	67864
	Total clauses:	187568
	Test == masterkey, spend 5280764 clocks.
	Have 4 results, spent 5592548 clocks.
num_cipher:	63
	Total vars:	68952
	Total clauses:	190576
	Test == masterkey, spend 5140855 clocks.
	Have 4 results, spent 5392378 clocks.
num_cipher:	64
	Total vars:	70040
	Total clauses:	193584
	Test == masterkey, spend 5593721 clocks.
	Have 4 results, spent 7154281 clocks.
num_cipher:	65
	Total vars:	71128
	Total clauses:	196592
	Test == masterkey, spend 6036330 clocks.
	Have 4 results, spent 7759182 clocks.
num_cipher:	66
	Total vars:	72216
	Total clauses:	199600
	Test == masterkey, spend 5659939 clocks.
	Have 4 results, spent 7515217 clocks.
num_cipher:	67
	Total vars:	73304
	Total clauses:	202608
	Test == masterkey, spend 5553766 clocks.
	Have 4 results, spent 6389774 clocks.
num_cipher:	68
	Total vars:	74392
	Total clauses:	205616
	Test == masterkey, spend 7437093 clocks.
	Have 4 results, spent 7414359 clocks.
num_cipher:	69
	Total vars:	75480
	Total clauses:	208624
	Test == masterkey, spend 7045176 clocks.
	Have 4 results, spent 8331764 clocks.
num_cipher:	70
	Total vars:	76568
	Total clauses:	211632
	Test == masterkey, spend 6705480 clocks.
	Have 4 results, spent 7111266 clocks.
num_cipher:	71
	Total vars:	77656
	Total clauses:	214640
	Test == masterkey, spend 6898979 clocks.
	Have 4 results, spent 8534067 clocks.
num_cipher:	72
	Total vars:	78744
	Total clauses:	217648
	Test == masterkey, spend 6993239 clocks.
	Have 4 results, spent 6572564 clocks.
num_cipher:	73
	Total vars:	79832
	Total clauses:	220656
	Test == masterkey, spend 7756757 clocks.
	Have 4 results, spent 8293214 clocks.
num_cipher:	74
	Total vars:	80920
	Total clauses:	223664
	Test == masterkey, spend 7579658 clocks.
	Have 4 results, spent 9322649 clocks.
num_cipher:	75
	Total vars:	82008
	Total clauses:	226672
	Test == masterkey, spend 7958407 clocks.
	Have 4 results, spent 9390816 clocks.
num_cipher:	76
	Total vars:	83096
	Total clauses:	229680
	Test == masterkey, spend 8067073 clocks.
	Have 4 results, spent 8477442 clocks.
num_cipher:	77
	Total vars:	84184
	Total clauses:	232688
	Test == masterkey, spend 8249770 clocks.
	Have 4 results, spent 8560767 clocks.
num_cipher:	78
	Total vars:	85272
	Total clauses:	235696
	Test == masterkey, spend 8675352 clocks.
	Have 4 results, spent 9511999 clocks.
num_cipher:	79
	Total vars:	86360
	Total clauses:	238704
	Test == masterkey, spend 8993705 clocks.
	Have 4 results, spent 12725391 clocks.
num_cipher:	80
	Total vars:	87448
	Total clauses:	241712
	Test == masterkey, spend 8445028 clocks.
	Have 4 results, spent 10370116 clocks.
---------------------------------------------------------------------------------------------------
	Command being timed: "./bin/present80NSNK 1 6 25 80"
	User time (seconds): 540.06
	System time (seconds): 1.13
	Percent of CPU this job got: 99%
	Elapsed (wall clock) time (h:mm:ss or m:ss): 9:01.26
	Average shared text size (kbytes): 0
	Average unshared data size (kbytes): 0
	Average stack size (kbytes): 0
	Average total size (kbytes): 0
	Maximum resident set size (kbytes): 107376
	Average resident set size (kbytes): 0
	Major (requiring I/O) page faults: 0
	Minor (reclaiming a frame) page faults: 214628
	Voluntary context switches: 1
	Involuntary context switches: 1147
	Swaps: 0
	File system inputs: 0
	File system outputs: 584
	Socket messages sent: 0
	Socket messages received: 0
	Signals delivered: 0
	Page size (bytes): 4096
	Exit status: 0
