sbox:	1100 0101 0110 1011 1001 0000 1010 1101 0011 1110 1111 1000 0100 0111 0001 0010 
8 = (3+1+5')(1'+0+7'+5)(3'+1+0+7')(1+0'+7'+5)(1'+7+5'+4')(0+6'+5+4')(3'+7'+6+5')(2+7+5+4)(2'+7'+5'+4')(2+1'+0'+7)(3'+2'+0'+5)(0+7+6+4)(3'+1'+6'+4)(3+1'+0'+4)(2'+6'+5'+4)(1+7+6+5+4')(3+1'+6+5)(3'+2+7+6')(3+2'+7+6')(2+0+7'+6)(2+0'+7'+6'+4')(2+6+5+4')(1+0'+6+5')(2'+0+5'+4')(3+7'+6'+5')(2'+7'+5+4)
e_sbox:	1101 0101 0110 1011 1001 0000 1010 1101 0011 1110 1111 1000 0100 0111 0001 0010 
8 = (3'+1+5+4')(3+1+0+4)(3+2+1'+5)(1'+0+7'+5)(3+1+0'+7')(3'+2'+0+5')(2'+7'+5'+4')(2'+6'+5'+4)(2+6+5'+4)(2'+1'+5+4)(3'+2+1'+7)(3'+1+0'+6)(3'+1'+0'+4')(3+2'+7+4')(0'+7+6'+4)(3+7+6+5')(3'+2+1+0+6')(2+0+7'+6)(0+7+6'+4')(1'+7'+6'+4)(2+0'+6'+5'+4')(2'+0'+7'+6)(3+6'+5'+4')(7'+6'+5+4)(0+6+5+4)(2+7+6+5)(2'+0+7'+6')
Max time :	3600
PRESENT_MODE:	80
SAT_MODE:	2
	SBOX_MODE:	102
	KSR_HAVEERROR:	1
	ENCYPT_HAVEERROR:	1
AnalysesRounds:	6
MinCiphers:	18
MaxCiphers:	80
Threads:	1
Master_key:	00101110111111101010011111110000100000100000011111010001101011110010110001111000
---------------------------------------------------------------------------------------------------
num_cipher:	18
	Total vars:	19992
	Total clauses:	55216
	Test == masterkey, spend 283337 clocks.
	Have 0 results, spent 3615867572 clocks.
num_cipher:	19
	Total vars:	21080
	Total clauses:	58224
	Test == masterkey, spend 332106 clocks.
	Have 48 results, spent 25834238675 clocks.
num_cipher:	20
	Total vars:	22168
	Total clauses:	61232
	Test == masterkey, spend 418368 clocks.
	Have 48 results, spent 4684080177 clocks.
num_cipher:	21
	Total vars:	23256
	Total clauses:	64240
	Test == masterkey, spend 436176 clocks.
	Have 48 results, spent 593501644 clocks.
num_cipher:	22
	Total vars:	24344
	Total clauses:	67248
	Test == masterkey, spend 514747 clocks.
	Have 48 results, spent 107446290 clocks.
num_cipher:	23
	Total vars:	25432
	Total clauses:	70256
	Test == masterkey, spend 594151 clocks.
	Have 48 results, spent 45791871 clocks.
num_cipher:	24
	Total vars:	26520
	Total clauses:	73264
	Test == masterkey, spend 540092 clocks.
	Have 48 results, spent 38093319 clocks.
num_cipher:	25
	Total vars:	27608
	Total clauses:	76272
	Test == masterkey, spend 681012 clocks.
	Have 48 results, spent 14883375 clocks.
num_cipher:	26
	Total vars:	28696
	Total clauses:	79280
	Test == masterkey, spend 749281 clocks.
	Have 48 results, spent 10373211 clocks.
num_cipher:	27
	Total vars:	29784
	Total clauses:	82288
	Test == masterkey, spend 865982 clocks.
	Have 48 results, spent 8038266 clocks.
num_cipher:	28
	Total vars:	30872
	Total clauses:	85296
	Test == masterkey, spend 916287 clocks.
	Have 48 results, spent 6729467 clocks.
num_cipher:	29
	Total vars:	31960
	Total clauses:	88304
	Test == masterkey, spend 918850 clocks.
	Have 48 results, spent 4638193 clocks.
num_cipher:	30
	Total vars:	33048
	Total clauses:	91312
	Test == masterkey, spend 985281 clocks.
	Have 48 results, spent 4952286 clocks.
num_cipher:	31
	Total vars:	34136
	Total clauses:	94320
	Test == masterkey, spend 1017900 clocks.
	Have 48 results, spent 3365811 clocks.
num_cipher:	32
	Total vars:	35224
	Total clauses:	97328
	Test == masterkey, spend 1268640 clocks.
	Have 48 results, spent 3189500 clocks.
num_cipher:	33
	Total vars:	36312
	Total clauses:	100336
	Test == masterkey, spend 1167427 clocks.
	Have 48 results, spent 4283963 clocks.
num_cipher:	34
	Total vars:	37400
	Total clauses:	103344
	Test == masterkey, spend 1603888 clocks.
	Have 48 results, spent 3434939 clocks.
num_cipher:	35
	Total vars:	38488
	Total clauses:	106352
	Test == masterkey, spend 1771881 clocks.
	Have 48 results, spent 3902540 clocks.
num_cipher:	36
	Total vars:	39576
	Total clauses:	109360
	Test == masterkey, spend 1873356 clocks.
	Have 48 results, spent 4154544 clocks.
num_cipher:	37
	Total vars:	40664
	Total clauses:	112368
	Test == masterkey, spend 1950883 clocks.
	Have 48 results, spent 4597946 clocks.
num_cipher:	38
	Total vars:	41752
	Total clauses:	115376
	Test == masterkey, spend 1851572 clocks.
	Have 48 results, spent 5006800 clocks.
num_cipher:	39
	Total vars:	42840
	Total clauses:	118384
	Test == masterkey, spend 1989485 clocks.
	Have 48 results, spent 4771533 clocks.
num_cipher:	40
	Total vars:	43928
	Total clauses:	121392
	Test == masterkey, spend 1870746 clocks.
	Have 48 results, spent 5624562 clocks.
num_cipher:	41
	Total vars:	45016
	Total clauses:	124400
	Test == masterkey, spend 1993469 clocks.
	Have 48 results, spent 5481581 clocks.
num_cipher:	42
	Total vars:	46104
	Total clauses:	127408
	Test == masterkey, spend 2493759 clocks.
	Have 48 results, spent 6185922 clocks.
num_cipher:	43
	Total vars:	47192
	Total clauses:	130416
	Test == masterkey, spend 2528771 clocks.
	Have 48 results, spent 6599625 clocks.
num_cipher:	44
	Total vars:	48280
	Total clauses:	133424
	Test == masterkey, spend 2529661 clocks.
	Have 48 results, spent 6569907 clocks.
num_cipher:	45
	Total vars:	49368
	Total clauses:	136432
	Test == masterkey, spend 2948213 clocks.
	Have 48 results, spent 6820663 clocks.
num_cipher:	46
	Total vars:	50456
	Total clauses:	139440
	Test == masterkey, spend 2712038 clocks.
	Have 48 results, spent 6929905 clocks.
num_cipher:	47
	Total vars:	51544
	Total clauses:	142448
	Test == masterkey, spend 2893790 clocks.
	Have 48 results, spent 7973143 clocks.
num_cipher:	48
	Total vars:	52632
	Total clauses:	145456
	Test == masterkey, spend 3020849 clocks.
	Have 48 results, spent 7966973 clocks.
num_cipher:	49
	Total vars:	53720
	Total clauses:	148464
	Test == masterkey, spend 3217481 clocks.
	Have 48 results, spent 7943302 clocks.
num_cipher:	50
	Total vars:	54808
	Total clauses:	151472
	Test == masterkey, spend 2939326 clocks.
	Have 48 results, spent 8401888 clocks.
num_cipher:	51
	Total vars:	55896
	Total clauses:	154480
	Test == masterkey, spend 3359976 clocks.
	Have 48 results, spent 9322878 clocks.
num_cipher:	52
	Total vars:	56984
	Total clauses:	157488
	Test == masterkey, spend 3535851 clocks.
	Have 48 results, spent 9260310 clocks.
num_cipher:	53
	Total vars:	58072
	Total clauses:	160496
	Test == masterkey, spend 4062739 clocks.
	Have 48 results, spent 10664956 clocks.
num_cipher:	54
	Total vars:	59160
	Total clauses:	163504
	Test == masterkey, spend 4051212 clocks.
	Have 48 results, spent 10440297 clocks.
num_cipher:	55
	Total vars:	60248
	Total clauses:	166512
	Test == masterkey, spend 4524911 clocks.
	Have 48 results, spent 11115161 clocks.
num_cipher:	56
	Total vars:	61336
	Total clauses:	169520
	Test == masterkey, spend 3920108 clocks.
	Have 48 results, spent 11535408 clocks.
num_cipher:	57
	Total vars:	62424
	Total clauses:	172528
	Test == masterkey, spend 4651867 clocks.
	Have 48 results, spent 11656143 clocks.
num_cipher:	58
	Total vars:	63512
	Total clauses:	175536
	Test == masterkey, spend 4805333 clocks.
	Have 48 results, spent 12059734 clocks.
num_cipher:	59
	Total vars:	64600
	Total clauses:	178544
	Test == masterkey, spend 5318722 clocks.
	Have 48 results, spent 12599115 clocks.
num_cipher:	60
	Total vars:	65688
	Total clauses:	181552
	Test == masterkey, spend 5414883 clocks.
	Have 48 results, spent 13037687 clocks.
num_cipher:	61
	Total vars:	66776
	Total clauses:	184560
	Test == masterkey, spend 5662822 clocks.
	Have 48 results, spent 13690180 clocks.
num_cipher:	62
	Total vars:	67864
	Total clauses:	187568
	Test == masterkey, spend 4923604 clocks.
	Have 48 results, spent 14114023 clocks.
num_cipher:	63
	Total vars:	68952
	Total clauses:	190576
	Test == masterkey, spend 5235112 clocks.
	Have 48 results, spent 14520958 clocks.
num_cipher:	64
	Total vars:	70040
	Total clauses:	193584
	Test == masterkey, spend 5765493 clocks.
	Have 48 results, spent 14374290 clocks.
num_cipher:	65
	Total vars:	71128
	Total clauses:	196592
	Test == masterkey, spend 5479132 clocks.
	Have 48 results, spent 14400248 clocks.
num_cipher:	66
	Total vars:	72216
	Total clauses:	199600
	Test == masterkey, spend 6487255 clocks.
	Have 48 results, spent 15032424 clocks.
num_cipher:	67
	Total vars:	73304
	Total clauses:	202608
	Test == masterkey, spend 6508172 clocks.
	Have 48 results, spent 15984204 clocks.
num_cipher:	68
	Total vars:	74392
	Total clauses:	205616
	Test == masterkey, spend 6826992 clocks.
	Have 48 results, spent 15555972 clocks.
num_cipher:	69
	Total vars:	75480
	Total clauses:	208624
	Test == masterkey, spend 7103175 clocks.
	Have 48 results, spent 16797636 clocks.
num_cipher:	70
	Total vars:	76568
	Total clauses:	211632
	Test == masterkey, spend 6652036 clocks.
	Have 48 results, spent 16496489 clocks.
num_cipher:	71
	Total vars:	77656
	Total clauses:	214640
	Test == masterkey, spend 7570322 clocks.
	Have 48 results, spent 17532559 clocks.
num_cipher:	72
	Total vars:	78744
	Total clauses:	217648
	Test == masterkey, spend 7429744 clocks.
	Have 48 results, spent 17816789 clocks.
num_cipher:	73
	Total vars:	79832
	Total clauses:	220656
	Test == masterkey, spend 7674806 clocks.
	Have 48 results, spent 18016925 clocks.
num_cipher:	74
	Total vars:	80920
	Total clauses:	223664
	Test == masterkey, spend 8387724 clocks.
	Have 48 results, spent 18921866 clocks.
num_cipher:	75
	Total vars:	82008
	Total clauses:	226672
	Test == masterkey, spend 7996965 clocks.
	Have 48 results, spent 18526275 clocks.
num_cipher:	76
	Total vars:	83096
	Total clauses:	229680
	Test == masterkey, spend 8467745 clocks.
	Have 48 results, spent 19633294 clocks.
num_cipher:	77
	Total vars:	84184
	Total clauses:	232688
	Test == masterkey, spend 9714404 clocks.
	Have 48 results, spent 20544442 clocks.
num_cipher:	78
	Total vars:	85272
	Total clauses:	235696
	Test == masterkey, spend 9903570 clocks.
	Have 48 results, spent 20023032 clocks.
num_cipher:	79
	Total vars:	86360
	Total clauses:	238704
	Test == masterkey, spend 10634510 clocks.
	Have 48 results, spent 20769339 clocks.
num_cipher:	80
	Total vars:	87448
	Total clauses:	241712
	Test == masterkey, spend 9940937 clocks.
	Have 48 results, spent 21449605 clocks.
---------------------------------------------------------------------------------------------------
	Command being timed: "./bin/present80NSNK 1 6 18 80"
	User time (seconds): 35732.16
	System time (seconds): 68.26
	Percent of CPU this job got: 99%
	Elapsed (wall clock) time (h:mm:ss or m:ss): 9:56:45
	Average shared text size (kbytes): 0
	Average unshared data size (kbytes): 0
	Average stack size (kbytes): 0
	Average total size (kbytes): 0
	Maximum resident set size (kbytes): 167324
	Average resident set size (kbytes): 0
	Major (requiring I/O) page faults: 0
	Minor (reclaiming a frame) page faults: 992954
	Voluntary context switches: 4
	Involuntary context switches: 80292
	Swaps: 0
	File system inputs: 0
	File system outputs: 688
	Socket messages sent: 0
	Socket messages received: 0
	Signals delivered: 0
	Page size (bytes): 4096
	Exit status: 0
