sbox:	1100 0101 0110 1011 1001 0000 1010 1101 0011 1110 1111 1000 0100 0111 0001 0010 
8 = (0+2+6')(2'+3+4'+6)(0'+2+3+4')(2+3'+4'+6)(2'+4+6'+7')(3+5'+6+7')(0'+4'+5+6')(1+4+6+7)(1'+4'+6'+7')(1+2'+3'+4)(0'+1'+3'+6)(3+4+5+7)(0'+2'+5'+7)(0+2'+3'+7)(1'+5'+6'+7)(2+4+5+6+7')(0+2'+5+6)(0'+1+4+5')(0+1'+4+5')(1+3+4'+5)(1+3'+4'+5'+7')(1+5+6+7')(2+3'+5+6')(1'+3+6'+7')(0+4'+5'+6')(1'+4'+6+7)
e_sbox:	1101 0101 0110 1011 1001 0000 1010 1101 0011 1110 1111 1000 0100 0111 0001 0010 
8 = (0'+2+6+7')(0+2+3+7)(0+1+2'+6)(2'+3+4'+6)(0+2+3'+4')(0'+1'+3+6')(1'+4'+6'+7')(1'+5'+6'+7)(1+5+6'+7)(1'+2'+6+7)(0'+1+2'+4)(0'+2+3'+5)(0'+2'+3'+7')(0+1'+4+7')(3'+4+5'+7)(0+4+5+6')(0'+1+2+3+5')(1+3+4'+5)(3+4+5'+7')(2'+4'+5'+7)(1+3'+5'+6'+7')(1'+3'+4'+5)(0+5'+6'+7')(4'+5'+6+7)(3+5+6+7)(1+4+5+6)(1'+3+4'+5')
PRESENT_MODE:	80
SAT_MODE:	2
	SBOX_MODE:	102
	KSR_HAVEERROR:	1
	ENCYPT_HAVEERROR:	1
AnalysesRounds:	6
MinCiphers:	25
MaxCiphers:	80
Threads:	1
Master_key:	11001010111101010100101001101001001000100001111101100011010000010110110101000100
---------------------------------------------------------------------------------------------------
num_cipher:	25
	Total vars:	27608
	Total clauses:	76272
	Test == masterkey, spend 716301 clocks.
	Have 2 results, spent 5883972 clocks.
num_cipher:	26
	Total vars:	28696
	Total clauses:	79280
	Test == masterkey, spend 638972 clocks.
	Have 2 results, spent 2264272 clocks.
num_cipher:	27
	Total vars:	29784
	Total clauses:	82288
	Test == masterkey, spend 987589 clocks.
	Have 2 results, spent 1689100 clocks.
num_cipher:	28
	Total vars:	30872
	Total clauses:	85296
	Test == masterkey, spend 934681 clocks.
	Have 2 results, spent 2009801 clocks.
num_cipher:	29
	Total vars:	31960
	Total clauses:	88304
	Test == masterkey, spend 919950 clocks.
	Have 2 results, spent 1941025 clocks.
num_cipher:	30
	Total vars:	33048
	Total clauses:	91312
	Test == masterkey, spend 1131460 clocks.
	Have 2 results, spent 1874345 clocks.
num_cipher:	31
	Total vars:	34136
	Total clauses:	94320
	Test == masterkey, spend 1278587 clocks.
	Have 2 results, spent 1901017 clocks.
num_cipher:	32
	Total vars:	35224
	Total clauses:	97328
	Test == masterkey, spend 1290691 clocks.
	Have 2 results, spent 1788974 clocks.
num_cipher:	33
	Total vars:	36312
	Total clauses:	100336
	Test == masterkey, spend 1370895 clocks.
	Have 2 results, spent 2326843 clocks.
num_cipher:	34
	Total vars:	37400
	Total clauses:	103344
	Test == masterkey, spend 1385227 clocks.
	Have 2 results, spent 2316323 clocks.
num_cipher:	35
	Total vars:	38488
	Total clauses:	106352
	Test == masterkey, spend 1750640 clocks.
	Have 2 results, spent 2736962 clocks.
num_cipher:	36
	Total vars:	39576
	Total clauses:	109360
	Test == masterkey, spend 1597307 clocks.
	Have 2 results, spent 1660672 clocks.
num_cipher:	37
	Total vars:	40664
	Total clauses:	112368
	Test == masterkey, spend 1954460 clocks.
	Have 2 results, spent 2442483 clocks.
num_cipher:	38
	Total vars:	41752
	Total clauses:	115376
	Test == masterkey, spend 1790725 clocks.
	Have 2 results, spent 2630095 clocks.
num_cipher:	39
	Total vars:	42840
	Total clauses:	118384
	Test == masterkey, spend 2253277 clocks.
	Have 2 results, spent 2535689 clocks.
num_cipher:	40
	Total vars:	43928
	Total clauses:	121392
	Test == masterkey, spend 2221953 clocks.
	Have 2 results, spent 2705167 clocks.
num_cipher:	41
	Total vars:	45016
	Total clauses:	124400
	Test == masterkey, spend 2647586 clocks.
	Have 2 results, spent 2760454 clocks.
num_cipher:	42
	Total vars:	46104
	Total clauses:	127408
	Test == masterkey, spend 2428804 clocks.
	Have 2 results, spent 3002995 clocks.
num_cipher:	43
	Total vars:	47192
	Total clauses:	130416
	Test == masterkey, spend 3094526 clocks.
	Have 2 results, spent 2936579 clocks.
num_cipher:	44
	Total vars:	48280
	Total clauses:	133424
	Test == masterkey, spend 2591211 clocks.
	Have 2 results, spent 2404266 clocks.
num_cipher:	45
	Total vars:	49368
	Total clauses:	136432
	Test == masterkey, spend 3260996 clocks.
	Have 2 results, spent 2612279 clocks.
num_cipher:	46
	Total vars:	50456
	Total clauses:	139440
	Test == masterkey, spend 3369982 clocks.
	Have 2 results, spent 3510556 clocks.
num_cipher:	47
	Total vars:	51544
	Total clauses:	142448
	Test == masterkey, spend 3216825 clocks.
	Have 2 results, spent 3492943 clocks.
num_cipher:	48
	Total vars:	52632
	Total clauses:	145456
	Test == masterkey, spend 3098807 clocks.
	Have 2 results, spent 3003370 clocks.
num_cipher:	49
	Total vars:	53720
	Total clauses:	148464
	Test == masterkey, spend 3923239 clocks.
	Have 2 results, spent 3548912 clocks.
num_cipher:	50
	Total vars:	54808
	Total clauses:	151472
	Test == masterkey, spend 3240401 clocks.
	Have 2 results, spent 4270280 clocks.
num_cipher:	51
	Total vars:	55896
	Total clauses:	154480
	Test == masterkey, spend 4151723 clocks.
	Have 2 results, spent 3458596 clocks.
num_cipher:	52
	Total vars:	56984
	Total clauses:	157488
	Test == masterkey, spend 3423976 clocks.
	Have 2 results, spent 3787472 clocks.
num_cipher:	53
	Total vars:	58072
	Total clauses:	160496
	Test == masterkey, spend 4137387 clocks.
	Have 2 results, spent 4071810 clocks.
num_cipher:	54
	Total vars:	59160
	Total clauses:	163504
	Test == masterkey, spend 3997225 clocks.
	Have 2 results, spent 3620805 clocks.
num_cipher:	55
	Total vars:	60248
	Total clauses:	166512
	Test == masterkey, spend 4631778 clocks.
	Have 2 results, spent 3842497 clocks.
num_cipher:	56
	Total vars:	61336
	Total clauses:	169520
	Test == masterkey, spend 4667798 clocks.
	Have 2 results, spent 4385218 clocks.
num_cipher:	57
	Total vars:	62424
	Total clauses:	172528
	Test == masterkey, spend 4368658 clocks.
	Have 2 results, spent 4869832 clocks.
num_cipher:	58
	Total vars:	63512
	Total clauses:	175536
	Test == masterkey, spend 4891507 clocks.
	Have 2 results, spent 5034519 clocks.
num_cipher:	59
	Total vars:	64600
	Total clauses:	178544
	Test == masterkey, spend 5428550 clocks.
	Have 2 results, spent 5622977 clocks.
num_cipher:	60
	Total vars:	65688
	Total clauses:	181552
	Test == masterkey, spend 5005424 clocks.
	Have 2 results, spent 4600422 clocks.
num_cipher:	61
	Total vars:	66776
	Total clauses:	184560
	Test == masterkey, spend 5364255 clocks.
	Have 2 results, spent 5960595 clocks.
num_cipher:	62
	Total vars:	67864
	Total clauses:	187568
	Test == masterkey, spend 5860367 clocks.
	Have 2 results, spent 4527389 clocks.
num_cipher:	63
	Total vars:	68952
	Total clauses:	190576
	Test == masterkey, spend 6190434 clocks.
	Have 2 results, spent 5709926 clocks.
num_cipher:	64
	Total vars:	70040
	Total clauses:	193584
	Test == masterkey, spend 6175044 clocks.
	Have 2 results, spent 5737333 clocks.
num_cipher:	65
	Total vars:	71128
	Total clauses:	196592
	Test == masterkey, spend 6337568 clocks.
	Have 2 results, spent 6035774 clocks.
num_cipher:	66
	Total vars:	72216
	Total clauses:	199600
	Test == masterkey, spend 6902120 clocks.
	Have 2 results, spent 5378863 clocks.
num_cipher:	67
	Total vars:	73304
	Total clauses:	202608
	Test == masterkey, spend 6712318 clocks.
	Have 2 results, spent 6298894 clocks.
num_cipher:	68
	Total vars:	74392
	Total clauses:	205616
	Test == masterkey, spend 7108920 clocks.
	Have 2 results, spent 6084978 clocks.
num_cipher:	69
	Total vars:	75480
	Total clauses:	208624
	Test == masterkey, spend 8088252 clocks.
	Have 2 results, spent 6343324 clocks.
num_cipher:	70
	Total vars:	76568
	Total clauses:	211632
	Test == masterkey, spend 7655655 clocks.
	Have 2 results, spent 6202201 clocks.
num_cipher:	71
	Total vars:	77656
	Total clauses:	214640
	Test == masterkey, spend 8066589 clocks.
	Have 2 results, spent 7760503 clocks.
num_cipher:	72
	Total vars:	78744
	Total clauses:	217648
	Test == masterkey, spend 8038405 clocks.
	Have 2 results, spent 7641005 clocks.
num_cipher:	73
	Total vars:	79832
	Total clauses:	220656
	Test == masterkey, spend 9187772 clocks.
	Have 2 results, spent 6822079 clocks.
num_cipher:	74
	Total vars:	80920
	Total clauses:	223664
	Test == masterkey, spend 9241005 clocks.
	Have 2 results, spent 7477700 clocks.
num_cipher:	75
	Total vars:	82008
	Total clauses:	226672
	Test == masterkey, spend 8613790 clocks.
	Have 2 results, spent 7605501 clocks.
num_cipher:	76
	Total vars:	83096
	Total clauses:	229680
	Test == masterkey, spend 9582748 clocks.
	Have 2 results, spent 6954702 clocks.
num_cipher:	77
	Total vars:	84184
	Total clauses:	232688
	Test == masterkey, spend 11258329 clocks.
	Have 2 results, spent 8379590 clocks.
num_cipher:	78
	Total vars:	85272
	Total clauses:	235696
	Test == masterkey, spend 10748155 clocks.
	Have 2 results, spent 8260808 clocks.
num_cipher:	79
	Total vars:	86360
	Total clauses:	238704
	Test == masterkey, spend 11823009 clocks.
	Have 2 results, spent 8973653 clocks.
num_cipher:	80
	Total vars:	87448
	Total clauses:	241712
	Test == masterkey, spend 10693984 clocks.
	Have 2 results, spent 8507892 clocks.
---------------------------------------------------------------------------------------------------
	Command being timed: "./bin/present80NSNK 1 6 25 80"
	User time (seconds): 554.27
	System time (seconds): 1.48
	Percent of CPU this job got: 99%
	Elapsed (wall clock) time (h:mm:ss or m:ss): 9:15.93
	Average shared text size (kbytes): 0
	Average unshared data size (kbytes): 0
	Average stack size (kbytes): 0
	Average total size (kbytes): 0
	Maximum resident set size (kbytes): 105868
	Average resident set size (kbytes): 0
	Major (requiring I/O) page faults: 0
	Minor (reclaiming a frame) page faults: 312832
	Voluntary context switches: 2
	Involuntary context switches: 1607
	Swaps: 0
	File system inputs: 0
	File system outputs: 608
	Socket messages sent: 0
	Socket messages received: 0
	Signals delivered: 0
	Page size (bytes): 4096
	Exit status: 0
