sbox:	1100 0101 0110 1011 1001 0000 1010 1101 0011 1110 1111 1000 0100 0111 0001 0010 
8 = (3+1+5')(1'+0+7'+5)(3'+1+0+7')(1+0'+7'+5)(1'+7+5'+4')(0+6'+5+4')(3'+7'+6+5')(2+7+5+4)(2'+7'+5'+4')(2+1'+0'+7)(3'+2'+0'+5)(0+7+6+4)(3'+1'+6'+4)(3+1'+0'+4)(2'+6'+5'+4)(1+7+6+5+4')(3+1'+6+5)(3'+2+7+6')(3+2'+7+6')(2+0+7'+6)(2+0'+7'+6'+4')(2+6+5+4')(1+0'+6+5')(2'+0+5'+4')(3+7'+6'+5')(2'+7'+5+4)
e_sbox:	1101 0101 0110 1011 1001 0000 1010 1101 0011 1110 1111 1000 0100 0111 0001 0010 
8 = (3'+1+5+4')(3+1+0+4)(3+2+1'+5)(1'+0+7'+5)(3+1+0'+7')(3'+2'+0+5')(2'+7'+5'+4')(2'+6'+5'+4)(2+6+5'+4)(2'+1'+5+4)(3'+2+1'+7)(3'+1+0'+6)(3'+1'+0'+4')(3+2'+7+4')(0'+7+6'+4)(3+7+6+5')(3'+2+1+0+6')(2+0+7'+6)(0+7+6'+4')(1'+7'+6'+4)(2+0'+6'+5'+4')(2'+0'+7'+6)(3+6'+5'+4')(7'+6'+5+4)(0+6+5+4)(2+7+6+5)(2'+0+7'+6')
PRESENT_MODE:	80
SAT_MODE:	2
	SBOX_MODE:	102
	KSR_HAVEERROR:	1
	ENCYPT_HAVEERROR:	1
AnalysesRounds:	6
MinCiphers:	18
MaxCiphers:	80
Threads:	1
Master_key:	11100111001101111000001110101011100111000001011100110011111111100111100100111111
---------------------------------------------------------------------------------------------------
num_cipher:	18
	Total vars:	19992
	Total clauses:	55216
	Test == masterkey, spend 300907 clocks.
	Have 0 results, spent 3602264107 clocks.
num_cipher:	19
	Total vars:	21080
	Total clauses:	58224
	Test == masterkey, spend 321910 clocks.
	Have 4 results, spent 5522007301 clocks.
num_cipher:	20
	Total vars:	22168
	Total clauses:	61232
	Test == masterkey, spend 326986 clocks.
	Have 4 results, spent 978198633 clocks.
num_cipher:	21
	Total vars:	23256
	Total clauses:	64240
	Test == masterkey, spend 396704 clocks.
	Have 4 results, spent 677218650 clocks.
num_cipher:	22
	Total vars:	24344
	Total clauses:	67248
	Test == masterkey, spend 382928 clocks.
	Have 4 results, spent 113236062 clocks.
num_cipher:	23
	Total vars:	25432
	Total clauses:	70256
	Test == masterkey, spend 397337 clocks.
	Have 4 results, spent 58536895 clocks.
num_cipher:	24
	Total vars:	26520
	Total clauses:	73264
	Test == masterkey, spend 676486 clocks.
	Have 4 results, spent 43218353 clocks.
num_cipher:	25
	Total vars:	27608
	Total clauses:	76272
	Test == masterkey, spend 614250 clocks.
	Have 4 results, spent 19461117 clocks.
num_cipher:	26
	Total vars:	28696
	Total clauses:	79280
	Test == masterkey, spend 708206 clocks.
	Have 4 results, spent 7741092 clocks.
num_cipher:	27
	Total vars:	29784
	Total clauses:	82288
	Test == masterkey, spend 705512 clocks.
	Have 4 results, spent 6588523 clocks.
num_cipher:	28
	Total vars:	30872
	Total clauses:	85296
	Test == masterkey, spend 833930 clocks.
	Have 4 results, spent 5116218 clocks.
num_cipher:	29
	Total vars:	31960
	Total clauses:	88304
	Test == masterkey, spend 901434 clocks.
	Have 4 results, spent 3023295 clocks.
num_cipher:	30
	Total vars:	33048
	Total clauses:	91312
	Test == masterkey, spend 879246 clocks.
	Have 4 results, spent 3182121 clocks.
num_cipher:	31
	Total vars:	34136
	Total clauses:	94320
	Test == masterkey, spend 1177419 clocks.
	Have 4 results, spent 2793986 clocks.
num_cipher:	32
	Total vars:	35224
	Total clauses:	97328
	Test == masterkey, spend 1151051 clocks.
	Have 4 results, spent 2985515 clocks.
num_cipher:	33
	Total vars:	36312
	Total clauses:	100336
	Test == masterkey, spend 1138971 clocks.
	Have 4 results, spent 2978904 clocks.
num_cipher:	34
	Total vars:	37400
	Total clauses:	103344
	Test == masterkey, spend 1445142 clocks.
	Have 4 results, spent 2915894 clocks.
num_cipher:	35
	Total vars:	38488
	Total clauses:	106352
	Test == masterkey, spend 1482706 clocks.
	Have 4 results, spent 3328527 clocks.
num_cipher:	36
	Total vars:	39576
	Total clauses:	109360
	Test == masterkey, spend 1637153 clocks.
	Have 4 results, spent 3389587 clocks.
num_cipher:	37
	Total vars:	40664
	Total clauses:	112368
	Test == masterkey, spend 1727624 clocks.
	Have 4 results, spent 3592318 clocks.
num_cipher:	38
	Total vars:	41752
	Total clauses:	115376
	Test == masterkey, spend 1773397 clocks.
	Have 4 results, spent 3419150 clocks.
num_cipher:	39
	Total vars:	42840
	Total clauses:	118384
	Test == masterkey, spend 2080010 clocks.
	Have 4 results, spent 3786807 clocks.
num_cipher:	40
	Total vars:	43928
	Total clauses:	121392
	Test == masterkey, spend 2123107 clocks.
	Have 4 results, spent 3868923 clocks.
num_cipher:	41
	Total vars:	45016
	Total clauses:	124400
	Test == masterkey, spend 2106580 clocks.
	Have 4 results, spent 4118059 clocks.
num_cipher:	42
	Total vars:	46104
	Total clauses:	127408
	Test == masterkey, spend 2033078 clocks.
	Have 4 results, spent 3905839 clocks.
num_cipher:	43
	Total vars:	47192
	Total clauses:	130416
	Test == masterkey, spend 2317313 clocks.
	Have 4 results, spent 4365822 clocks.
num_cipher:	44
	Total vars:	48280
	Total clauses:	133424
	Test == masterkey, spend 2411951 clocks.
	Have 4 results, spent 4666462 clocks.
num_cipher:	45
	Total vars:	49368
	Total clauses:	136432
	Test == masterkey, spend 2685325 clocks.
	Have 4 results, spent 4660624 clocks.
num_cipher:	46
	Total vars:	50456
	Total clauses:	139440
	Test == masterkey, spend 2315638 clocks.
	Have 4 results, spent 5573875 clocks.
num_cipher:	47
	Total vars:	51544
	Total clauses:	142448
	Test == masterkey, spend 2595213 clocks.
	Have 4 results, spent 5278555 clocks.
num_cipher:	48
	Total vars:	52632
	Total clauses:	145456
	Test == masterkey, spend 2866386 clocks.
	Have 4 results, spent 5591625 clocks.
num_cipher:	49
	Total vars:	53720
	Total clauses:	148464
	Test == masterkey, spend 3240815 clocks.
	Have 4 results, spent 5566240 clocks.
num_cipher:	50
	Total vars:	54808
	Total clauses:	151472
	Test == masterkey, spend 2945350 clocks.
	Have 4 results, spent 5754969 clocks.
num_cipher:	51
	Total vars:	55896
	Total clauses:	154480
	Test == masterkey, spend 3655994 clocks.
	Have 4 results, spent 5635396 clocks.
num_cipher:	52
	Total vars:	56984
	Total clauses:	157488
	Test == masterkey, spend 3671748 clocks.
	Have 4 results, spent 6365845 clocks.
num_cipher:	53
	Total vars:	58072
	Total clauses:	160496
	Test == masterkey, spend 3696272 clocks.
	Have 4 results, spent 5839855 clocks.
num_cipher:	54
	Total vars:	59160
	Total clauses:	163504
	Test == masterkey, spend 3722403 clocks.
	Have 4 results, spent 6453329 clocks.
num_cipher:	55
	Total vars:	60248
	Total clauses:	166512
	Test == masterkey, spend 4291135 clocks.
	Have 4 results, spent 7135514 clocks.
num_cipher:	56
	Total vars:	61336
	Total clauses:	169520
	Test == masterkey, spend 3902982 clocks.
	Have 4 results, spent 7470146 clocks.
num_cipher:	57
	Total vars:	62424
	Total clauses:	172528
	Test == masterkey, spend 4410379 clocks.
	Have 4 results, spent 7879014 clocks.
num_cipher:	58
	Total vars:	63512
	Total clauses:	175536
	Test == masterkey, spend 4105725 clocks.
	Have 4 results, spent 8116679 clocks.
num_cipher:	59
	Total vars:	64600
	Total clauses:	178544
	Test == masterkey, spend 4544931 clocks.
	Have 4 results, spent 7866592 clocks.
num_cipher:	60
	Total vars:	65688
	Total clauses:	181552
	Test == masterkey, spend 4302620 clocks.
	Have 4 results, spent 8756516 clocks.
num_cipher:	61
	Total vars:	66776
	Total clauses:	184560
	Test == masterkey, spend 4777628 clocks.
	Have 4 results, spent 8656855 clocks.
num_cipher:	62
	Total vars:	67864
	Total clauses:	187568
	Test == masterkey, spend 5280476 clocks.
	Have 4 results, spent 8504862 clocks.
num_cipher:	63
	Total vars:	68952
	Total clauses:	190576
	Test == masterkey, spend 4865827 clocks.
	Have 4 results, spent 8851509 clocks.
num_cipher:	64
	Total vars:	70040
	Total clauses:	193584
	Test == masterkey, spend 4915450 clocks.
	Have 4 results, spent 9025038 clocks.
num_cipher:	65
	Total vars:	71128
	Total clauses:	196592
	Test == masterkey, spend 5484504 clocks.
	Have 4 results, spent 9214502 clocks.
num_cipher:	66
	Total vars:	72216
	Total clauses:	199600
	Test == masterkey, spend 5891697 clocks.
	Have 4 results, spent 11983389 clocks.
num_cipher:	67
	Total vars:	73304
	Total clauses:	202608
	Test == masterkey, spend 6143630 clocks.
	Have 4 results, spent 12715194 clocks.
num_cipher:	68
	Total vars:	74392
	Total clauses:	205616
	Test == masterkey, spend 6497611 clocks.
	Have 4 results, spent 12894738 clocks.
num_cipher:	69
	Total vars:	75480
	Total clauses:	208624
	Test == masterkey, spend 6573244 clocks.
	Have 4 results, spent 10667108 clocks.
num_cipher:	70
	Total vars:	76568
	Total clauses:	211632
	Test == masterkey, spend 7004206 clocks.
	Have 4 results, spent 14938252 clocks.
num_cipher:	71
	Total vars:	77656
	Total clauses:	214640
	Test == masterkey, spend 7079642 clocks.
	Have 4 results, spent 11576701 clocks.
num_cipher:	72
	Total vars:	78744
	Total clauses:	217648
	Test == masterkey, spend 6721725 clocks.
	Have 4 results, spent 14774360 clocks.
num_cipher:	73
	Total vars:	79832
	Total clauses:	220656
	Test == masterkey, spend 8553400 clocks.
	Have 4 results, spent 15735188 clocks.
num_cipher:	74
	Total vars:	80920
	Total clauses:	223664
	Test == masterkey, spend 7993266 clocks.
	Have 4 results, spent 13003452 clocks.
num_cipher:	75
	Total vars:	82008
	Total clauses:	226672
	Test == masterkey, spend 8554246 clocks.
	Have 4 results, spent 16382774 clocks.
num_cipher:	76
	Total vars:	83096
	Total clauses:	229680
	Test == masterkey, spend 8124197 clocks.
	Have 4 results, spent 12909039 clocks.
num_cipher:	77
	Total vars:	84184
	Total clauses:	232688
	Test == masterkey, spend 8178986 clocks.
	Have 4 results, spent 17952391 clocks.
num_cipher:	78
	Total vars:	85272
	Total clauses:	235696
	Test == masterkey, spend 8078789 clocks.
	Have 4 results, spent 17570298 clocks.
num_cipher:	79
	Total vars:	86360
	Total clauses:	238704
	Test == masterkey, spend 8899977 clocks.
	Have 4 results, spent 17550309 clocks.
num_cipher:	80
	Total vars:	87448
	Total clauses:	241712
	Test == masterkey, spend 11034820 clocks.
	Have 4 results, spent 18106191 clocks.
---------------------------------------------------------------------------------------------------
	Command being timed: "./bin/present80NSNK 1 6 18 80"
	User time (seconds): 11699.36
	System time (seconds): 5.77
	Percent of CPU this job got: 99%
	Elapsed (wall clock) time (h:mm:ss or m:ss): 3:15:05
	Average shared text size (kbytes): 0
	Average unshared data size (kbytes): 0
	Average stack size (kbytes): 0
	Average total size (kbytes): 0
	Maximum resident set size (kbytes): 134124
	Average resident set size (kbytes): 0
	Major (requiring I/O) page faults: 0
	Minor (reclaiming a frame) page faults: 119318
	Voluntary context switches: 1
	Involuntary context switches: 8323
	Swaps: 0
	File system inputs: 0
	File system outputs: 640
	Socket messages sent: 0
	Socket messages received: 0
	Signals delivered: 0
	Page size (bytes): 4096
	Exit status: 0
