sbox:	1100 0101 0110 1011 1001 0000 1010 1101 0011 1110 1111 1000 0100 0111 0001 0010 
8 = (0+2+6')(2'+3+4'+6)(0'+2+3+4')(2+3'+4'+6)(2'+4+6'+7')(3+5'+6+7')(0'+4'+5+6')(1+4+6+7)(1'+4'+6'+7')(1+2'+3'+4)(0'+1'+3'+6)(3+4+5+7)(0'+2'+5'+7)(0+2'+3'+7)(1'+5'+6'+7)(2+4+5+6+7')(0+2'+5+6)(0'+1+4+5')(0+1'+4+5')(1+3+4'+5)(1+3'+4'+5'+7')(1+5+6+7')(2+3'+5+6')(1'+3+6'+7')(0+4'+5'+6')(1'+4'+6+7)
e_sbox:	1101 0101 0110 1011 1001 0000 1010 1101 0011 1110 1111 1000 0100 0111 0001 0010 
8 = (0'+2+6+7')(0+2+3+7)(0+1+2'+6)(2'+3+4'+6)(0+2+3'+4')(0'+1'+3+6')(1'+4'+6'+7')(1'+5'+6'+7)(1+5+6'+7)(1'+2'+6+7)(0'+1+2'+4)(0'+2+3'+5)(0'+2'+3'+7')(0+1'+4+7')(3'+4+5'+7)(0+4+5+6')(0'+1+2+3+5')(1+3+4'+5)(3+4+5'+7')(2'+4'+5'+7)(1+3'+5'+6'+7')(1'+3'+4'+5)(0+5'+6'+7')(4'+5'+6+7)(3+5+6+7)(1+4+5+6)(1'+3+4'+5')
PRESENT_MODE:	80
SAT_MODE:	2
	SBOX_MODE:	102
	KSR_HAVEERROR:	1
	ENCYPT_HAVEERROR:	1
AnalysesRounds:	6
MinCiphers:	25
MaxCiphers:	80
Threads:	1
Master_key:	11110110011101110100010000001010100001011001111011001111101111111111000101010000
---------------------------------------------------------------------------------------------------
num_cipher:	25
	Total vars:	27608
	Total clauses:	76272
	Test == masterkey, spend 737351 clocks.
	Have 8 results, spent 85406071 clocks.
num_cipher:	26
	Total vars:	28696
	Total clauses:	79280
	Test == masterkey, spend 952323 clocks.
	Have 8 results, spent 27707539 clocks.
num_cipher:	27
	Total vars:	29784
	Total clauses:	82288
	Test == masterkey, spend 658044 clocks.
	Have 8 results, spent 9583964 clocks.
num_cipher:	28
	Total vars:	30872
	Total clauses:	85296
	Test == masterkey, spend 932779 clocks.
	Have 8 results, spent 6552055 clocks.
num_cipher:	29
	Total vars:	31960
	Total clauses:	88304
	Test == masterkey, spend 1048412 clocks.
	Have 8 results, spent 3951264 clocks.
num_cipher:	30
	Total vars:	33048
	Total clauses:	91312
	Test == masterkey, spend 1326184 clocks.
	Have 8 results, spent 2633871 clocks.
num_cipher:	31
	Total vars:	34136
	Total clauses:	94320
	Test == masterkey, spend 1411443 clocks.
	Have 8 results, spent 2578278 clocks.
num_cipher:	32
	Total vars:	35224
	Total clauses:	97328
	Test == masterkey, spend 1411646 clocks.
	Have 8 results, spent 2103478 clocks.
num_cipher:	33
	Total vars:	36312
	Total clauses:	100336
	Test == masterkey, spend 1426548 clocks.
	Have 8 results, spent 2609766 clocks.
num_cipher:	34
	Total vars:	37400
	Total clauses:	103344
	Test == masterkey, spend 1544620 clocks.
	Have 8 results, spent 2651886 clocks.
num_cipher:	35
	Total vars:	38488
	Total clauses:	106352
	Test == masterkey, spend 1710632 clocks.
	Have 8 results, spent 2651083 clocks.
num_cipher:	36
	Total vars:	39576
	Total clauses:	109360
	Test == masterkey, spend 1695374 clocks.
	Have 8 results, spent 3188306 clocks.
num_cipher:	37
	Total vars:	40664
	Total clauses:	112368
	Test == masterkey, spend 2117385 clocks.
	Have 8 results, spent 2007650 clocks.
num_cipher:	38
	Total vars:	41752
	Total clauses:	115376
	Test == masterkey, spend 1722993 clocks.
	Have 8 results, spent 2453179 clocks.
num_cipher:	39
	Total vars:	42840
	Total clauses:	118384
	Test == masterkey, spend 2240862 clocks.
	Have 8 results, spent 2412784 clocks.
num_cipher:	40
	Total vars:	43928
	Total clauses:	121392
	Test == masterkey, spend 2366605 clocks.
	Have 8 results, spent 2928958 clocks.
num_cipher:	41
	Total vars:	45016
	Total clauses:	124400
	Test == masterkey, spend 2187014 clocks.
	Have 8 results, spent 3900955 clocks.
num_cipher:	42
	Total vars:	46104
	Total clauses:	127408
	Test == masterkey, spend 2081583 clocks.
	Have 8 results, spent 3160335 clocks.
num_cipher:	43
	Total vars:	47192
	Total clauses:	130416
	Test == masterkey, spend 2555991 clocks.
	Have 8 results, spent 3106617 clocks.
num_cipher:	44
	Total vars:	48280
	Total clauses:	133424
	Test == masterkey, spend 2949105 clocks.
	Have 8 results, spent 3484729 clocks.
num_cipher:	45
	Total vars:	49368
	Total clauses:	136432
	Test == masterkey, spend 3009272 clocks.
	Have 8 results, spent 3447496 clocks.
num_cipher:	46
	Total vars:	50456
	Total clauses:	139440
	Test == masterkey, spend 2661001 clocks.
	Have 8 results, spent 3580198 clocks.
num_cipher:	47
	Total vars:	51544
	Total clauses:	142448
	Test == masterkey, spend 2980019 clocks.
	Have 8 results, spent 4187673 clocks.
num_cipher:	48
	Total vars:	52632
	Total clauses:	145456
	Test == masterkey, spend 3686628 clocks.
	Have 8 results, spent 4598954 clocks.
num_cipher:	49
	Total vars:	53720
	Total clauses:	148464
	Test == masterkey, spend 3739873 clocks.
	Have 8 results, spent 5046387 clocks.
num_cipher:	50
	Total vars:	54808
	Total clauses:	151472
	Test == masterkey, spend 3451869 clocks.
	Have 8 results, spent 4752113 clocks.
num_cipher:	51
	Total vars:	55896
	Total clauses:	154480
	Test == masterkey, spend 4022646 clocks.
	Have 8 results, spent 4538094 clocks.
num_cipher:	52
	Total vars:	56984
	Total clauses:	157488
	Test == masterkey, spend 3645337 clocks.
	Have 8 results, spent 5395033 clocks.
num_cipher:	53
	Total vars:	58072
	Total clauses:	160496
	Test == masterkey, spend 4304863 clocks.
	Have 8 results, spent 6462832 clocks.
num_cipher:	54
	Total vars:	59160
	Total clauses:	163504
	Test == masterkey, spend 4643628 clocks.
	Have 8 results, spent 7140941 clocks.
num_cipher:	55
	Total vars:	60248
	Total clauses:	166512
	Test == masterkey, spend 4272078 clocks.
	Have 8 results, spent 7601002 clocks.
num_cipher:	56
	Total vars:	61336
	Total clauses:	169520
	Test == masterkey, spend 5004996 clocks.
	Have 8 results, spent 5790208 clocks.
num_cipher:	57
	Total vars:	62424
	Total clauses:	172528
	Test == masterkey, spend 4870181 clocks.
	Have 8 results, spent 6926798 clocks.
num_cipher:	58
	Total vars:	63512
	Total clauses:	175536
	Test == masterkey, spend 4840967 clocks.
	Have 8 results, spent 7126791 clocks.
num_cipher:	59
	Total vars:	64600
	Total clauses:	178544
	Test == masterkey, spend 5824260 clocks.
	Have 8 results, spent 6841365 clocks.
num_cipher:	60
	Total vars:	65688
	Total clauses:	181552
	Test == masterkey, spend 5868758 clocks.
	Have 8 results, spent 8172555 clocks.
num_cipher:	61
	Total vars:	66776
	Total clauses:	184560
	Test == masterkey, spend 6015198 clocks.
	Have 8 results, spent 7208333 clocks.
num_cipher:	62
	Total vars:	67864
	Total clauses:	187568
	Test == masterkey, spend 6093537 clocks.
	Have 8 results, spent 8743183 clocks.
num_cipher:	63
	Total vars:	68952
	Total clauses:	190576
	Test == masterkey, spend 6057563 clocks.
	Have 8 results, spent 7849318 clocks.
num_cipher:	64
	Total vars:	70040
	Total clauses:	193584
	Test == masterkey, spend 6847948 clocks.
	Have 8 results, spent 7140894 clocks.
num_cipher:	65
	Total vars:	71128
	Total clauses:	196592
	Test == masterkey, spend 6643372 clocks.
	Have 8 results, spent 9875131 clocks.
num_cipher:	66
	Total vars:	72216
	Total clauses:	199600
	Test == masterkey, spend 6846737 clocks.
	Have 8 results, spent 8890361 clocks.
num_cipher:	67
	Total vars:	73304
	Total clauses:	202608
	Test == masterkey, spend 7563112 clocks.
	Have 8 results, spent 10535992 clocks.
num_cipher:	68
	Total vars:	74392
	Total clauses:	205616
	Test == masterkey, spend 6901228 clocks.
	Have 8 results, spent 7748102 clocks.
num_cipher:	69
	Total vars:	75480
	Total clauses:	208624
	Test == masterkey, spend 7324575 clocks.
	Have 8 results, spent 10341522 clocks.
num_cipher:	70
	Total vars:	76568
	Total clauses:	211632
	Test == masterkey, spend 8658917 clocks.
	Have 8 results, spent 8543592 clocks.
num_cipher:	71
	Total vars:	77656
	Total clauses:	214640
	Test == masterkey, spend 8262516 clocks.
	Have 8 results, spent 10195449 clocks.
num_cipher:	72
	Total vars:	78744
	Total clauses:	217648
	Test == masterkey, spend 8176998 clocks.
	Have 8 results, spent 11071965 clocks.
num_cipher:	73
	Total vars:	79832
	Total clauses:	220656
	Test == masterkey, spend 7965451 clocks.
	Have 8 results, spent 12757266 clocks.
num_cipher:	74
	Total vars:	80920
	Total clauses:	223664
	Test == masterkey, spend 8818398 clocks.
	Have 8 results, spent 10748290 clocks.
num_cipher:	75
	Total vars:	82008
	Total clauses:	226672
	Test == masterkey, spend 8813540 clocks.
	Have 8 results, spent 10262562 clocks.
num_cipher:	76
	Total vars:	83096
	Total clauses:	229680
	Test == masterkey, spend 9147808 clocks.
	Have 8 results, spent 12406184 clocks.
num_cipher:	77
	Total vars:	84184
	Total clauses:	232688
	Test == masterkey, spend 10768100 clocks.
	Have 8 results, spent 11099964 clocks.
num_cipher:	78
	Total vars:	85272
	Total clauses:	235696
	Test == masterkey, spend 10408869 clocks.
	Have 8 results, spent 13111210 clocks.
num_cipher:	79
	Total vars:	86360
	Total clauses:	238704
	Test == masterkey, spend 9403588 clocks.
	Have 8 results, spent 11346609 clocks.
num_cipher:	80
	Total vars:	87448
	Total clauses:	241712
	Test == masterkey, spend 10180067 clocks.
	Have 8 results, spent 13094859 clocks.
---------------------------------------------------------------------------------------------------
	Command being timed: "./bin/present80NSNK 1 6 25 80"
	User time (seconds): 773.03
	System time (seconds): 0.82
	Percent of CPU this job got: 99%
	Elapsed (wall clock) time (h:mm:ss or m:ss): 12:53.98
	Average shared text size (kbytes): 0
	Average unshared data size (kbytes): 0
	Average stack size (kbytes): 0
	Average total size (kbytes): 0
	Maximum resident set size (kbytes): 105608
	Average resident set size (kbytes): 0
	Major (requiring I/O) page faults: 0
	Minor (reclaiming a frame) page faults: 104002
	Voluntary context switches: 2
	Involuntary context switches: 2352
	Swaps: 0
	File system inputs: 0
	File system outputs: 648
	Socket messages sent: 0
	Socket messages received: 0
	Signals delivered: 0
	Page size (bytes): 4096
	Exit status: 0
