sbox:	1100 0101 0110 1011 1001 0000 1010 1101 0011 1110 1111 1000 0100 0111 0001 0010 
8 = (0+2+6')(2'+3+4'+6)(0'+2+3+4')(2+3'+4'+6)(2'+4+6'+7')(3+5'+6+7')(0'+4'+5+6')(1+4+6+7)(1'+4'+6'+7')(1+2'+3'+4)(0'+1'+3'+6)(3+4+5+7)(0'+2'+5'+7)(0+2'+3'+7)(1'+5'+6'+7)(2+4+5+6+7')(0+2'+5+6)(0'+1+4+5')(0+1'+4+5')(1+3+4'+5)(1+3'+4'+5'+7')(1+5+6+7')(2+3'+5+6')(1'+3+6'+7')(0+4'+5'+6')(1'+4'+6+7)
e_sbox:	1101 0101 0110 1011 1001 0000 1010 1101 0011 1110 1111 1000 0100 0111 0001 0010 
8 = (0'+2+6+7')(0+2+3+7)(0+1+2'+6)(2'+3+4'+6)(0+2+3'+4')(0'+1'+3+6')(1'+4'+6'+7')(1'+5'+6'+7)(1+5+6'+7)(1'+2'+6+7)(0'+1+2'+4)(0'+2+3'+5)(0'+2'+3'+7')(0+1'+4+7')(3'+4+5'+7)(0+4+5+6')(0'+1+2+3+5')(1+3+4'+5)(3+4+5'+7')(2'+4'+5'+7)(1+3'+5'+6'+7')(1'+3'+4'+5)(0+5'+6'+7')(4'+5'+6+7)(3+5+6+7)(1+4+5+6)(1'+3+4'+5')
PRESENT_MODE:	80
SAT_MODE:	2
	SBOX_MODE:	102
	KSR_HAVEERROR:	1
	ENCYPT_HAVEERROR:	1
AnalysesRounds:	7
MinCiphers:	25
MaxCiphers:	80
Threads:	1
Master_key:	01101001101100101100111010000111010010100111100101011101111110110010101111100100
---------------------------------------------------------------------------------------------------
num_cipher:	25
	Total vars:	32408
	Total clauses:	90672
	Test == masterkey, spend 1462950 clocks.
	Have 16 results, spent 12240133 clocks.
num_cipher:	26
	Total vars:	33688
	Total clauses:	94256
	Test == masterkey, spend 1579391 clocks.
	Have 16 results, spent 9614000 clocks.
num_cipher:	27
	Total vars:	34968
	Total clauses:	97840
	Test == masterkey, spend 1755333 clocks.
	Have 16 results, spent 8752557 clocks.
num_cipher:	28
	Total vars:	36248
	Total clauses:	101424
	Test == masterkey, spend 2007228 clocks.
	Have 16 results, spent 4999555 clocks.
num_cipher:	29
	Total vars:	37528
	Total clauses:	105008
	Test == masterkey, spend 2149142 clocks.
	Have 16 results, spent 4663858 clocks.
num_cipher:	30
	Total vars:	38808
	Total clauses:	108592
	Test == masterkey, spend 2093949 clocks.
	Have 16 results, spent 4655464 clocks.
num_cipher:	31
	Total vars:	40088
	Total clauses:	112176
	Test == masterkey, spend 2586132 clocks.
	Have 16 results, spent 5008472 clocks.
num_cipher:	32
	Total vars:	41368
	Total clauses:	115760
	Test == masterkey, spend 2252806 clocks.
	Have 16 results, spent 3470266 clocks.
num_cipher:	33
	Total vars:	42648
	Total clauses:	119344
	Test == masterkey, spend 2927596 clocks.
	Have 16 results, spent 4821707 clocks.
num_cipher:	34
	Total vars:	43928
	Total clauses:	122928
	Test == masterkey, spend 3061911 clocks.
	Have 16 results, spent 5098752 clocks.
num_cipher:	35
	Total vars:	45208
	Total clauses:	126512
	Test == masterkey, spend 3097811 clocks.
	Have 16 results, spent 6176303 clocks.
num_cipher:	36
	Total vars:	46488
	Total clauses:	130096
	Test == masterkey, spend 3406510 clocks.
	Have 16 results, spent 5675494 clocks.
num_cipher:	37
	Total vars:	47768
	Total clauses:	133680
	Test == masterkey, spend 3614606 clocks.
	Have 16 results, spent 5269189 clocks.
num_cipher:	38
	Total vars:	49048
	Total clauses:	137264
	Test == masterkey, spend 3720030 clocks.
	Have 16 results, spent 4969019 clocks.
num_cipher:	39
	Total vars:	50328
	Total clauses:	140848
	Test == masterkey, spend 3663362 clocks.
	Have 16 results, spent 6119208 clocks.
num_cipher:	40
	Total vars:	51608
	Total clauses:	144432
	Test == masterkey, spend 4089696 clocks.
	Have 16 results, spent 5075039 clocks.
num_cipher:	41
	Total vars:	52888
	Total clauses:	148016
	Test == masterkey, spend 4160615 clocks.
	Have 16 results, spent 6719295 clocks.
num_cipher:	42
	Total vars:	54168
	Total clauses:	151600
	Test == masterkey, spend 4142951 clocks.
	Have 16 results, spent 6577365 clocks.
num_cipher:	43
	Total vars:	55448
	Total clauses:	155184
	Test == masterkey, spend 4516090 clocks.
	Have 16 results, spent 6769847 clocks.
num_cipher:	44
	Total vars:	56728
	Total clauses:	158768
	Test == masterkey, spend 4537294 clocks.
	Have 16 results, spent 6503631 clocks.
num_cipher:	45
	Total vars:	58008
	Total clauses:	162352
	Test == masterkey, spend 4476764 clocks.
	Have 16 results, spent 7446428 clocks.
num_cipher:	46
	Total vars:	59288
	Total clauses:	165936
	Test == masterkey, spend 6852438 clocks.
	Have 16 results, spent 7266686 clocks.
num_cipher:	47
	Total vars:	60568
	Total clauses:	169520
	Test == masterkey, spend 6002591 clocks.
	Have 16 results, spent 7732026 clocks.
num_cipher:	48
	Total vars:	61848
	Total clauses:	173104
	Test == masterkey, spend 5882997 clocks.
	Have 16 results, spent 7375317 clocks.
num_cipher:	49
	Total vars:	63128
	Total clauses:	176688
	Test == masterkey, spend 7514753 clocks.
	Have 16 results, spent 7263421 clocks.
num_cipher:	50
	Total vars:	64408
	Total clauses:	180272
	Test == masterkey, spend 6490299 clocks.
	Have 16 results, spent 8429110 clocks.
num_cipher:	51
	Total vars:	65688
	Total clauses:	183856
	Test == masterkey, spend 7322239 clocks.
	Have 16 results, spent 8075509 clocks.
num_cipher:	52
	Total vars:	66968
	Total clauses:	187440
	Test == masterkey, spend 7328815 clocks.
	Have 16 results, spent 9399943 clocks.
num_cipher:	53
	Total vars:	68248
	Total clauses:	191024
	Test == masterkey, spend 7452456 clocks.
	Have 16 results, spent 9824747 clocks.
num_cipher:	54
	Total vars:	69528
	Total clauses:	194608
	Test == masterkey, spend 7826273 clocks.
	Have 16 results, spent 10379856 clocks.
num_cipher:	55
	Total vars:	70808
	Total clauses:	198192
	Test == masterkey, spend 8075780 clocks.
	Have 16 results, spent 9545116 clocks.
num_cipher:	56
	Total vars:	72088
	Total clauses:	201776
	Test == masterkey, spend 7766626 clocks.
	Have 16 results, spent 7789962 clocks.
num_cipher:	57
	Total vars:	73368
	Total clauses:	205360
	Test == masterkey, spend 6995467 clocks.
	Have 16 results, spent 9320634 clocks.
num_cipher:	58
	Total vars:	74648
	Total clauses:	208944
	Test == masterkey, spend 8396761 clocks.
	Have 16 results, spent 11069864 clocks.
num_cipher:	59
	Total vars:	75928
	Total clauses:	212528
	Test == masterkey, spend 8300010 clocks.
	Have 16 results, spent 11613482 clocks.
num_cipher:	60
	Total vars:	77208
	Total clauses:	216112
	Test == masterkey, spend 8228145 clocks.
	Have 16 results, spent 9571016 clocks.
num_cipher:	61
	Total vars:	78488
	Total clauses:	219696
	Test == masterkey, spend 8058840 clocks.
	Have 16 results, spent 8882128 clocks.
num_cipher:	62
	Total vars:	79768
	Total clauses:	223280
	Test == masterkey, spend 7713744 clocks.
	Have 16 results, spent 11665301 clocks.
num_cipher:	63
	Total vars:	81048
	Total clauses:	226864
	Test == masterkey, spend 8995987 clocks.
	Have 16 results, spent 11606739 clocks.
num_cipher:	64
	Total vars:	82328
	Total clauses:	230448
	Test == masterkey, spend 9726606 clocks.
	Have 16 results, spent 12747699 clocks.
num_cipher:	65
	Total vars:	83608
	Total clauses:	234032
	Test == masterkey, spend 8498665 clocks.
	Have 16 results, spent 14460032 clocks.
num_cipher:	66
	Total vars:	84888
	Total clauses:	237616
	Test == masterkey, spend 8990366 clocks.
	Have 16 results, spent 13022803 clocks.
num_cipher:	67
	Total vars:	86168
	Total clauses:	241200
	Test == masterkey, spend 8544471 clocks.
	Have 16 results, spent 14166483 clocks.
num_cipher:	68
	Total vars:	87448
	Total clauses:	244784
	Test == masterkey, spend 9063254 clocks.
	Have 16 results, spent 13170786 clocks.
num_cipher:	69
	Total vars:	88728
	Total clauses:	248368
	Test == masterkey, spend 10355155 clocks.
	Have 16 results, spent 15294646 clocks.
num_cipher:	70
	Total vars:	90008
	Total clauses:	251952
	Test == masterkey, spend 10126802 clocks.
	Have 16 results, spent 17352730 clocks.
num_cipher:	71
	Total vars:	91288
	Total clauses:	255536
	Test == masterkey, spend 9722654 clocks.
	Have 16 results, spent 14785625 clocks.
num_cipher:	72
	Total vars:	92568
	Total clauses:	259120
	Test == masterkey, spend 11506630 clocks.
	Have 16 results, spent 16810313 clocks.
num_cipher:	73
	Total vars:	93848
	Total clauses:	262704
	Test == masterkey, spend 11413488 clocks.
	Have 16 results, spent 15106254 clocks.
num_cipher:	74
	Total vars:	95128
	Total clauses:	266288
	Test == masterkey, spend 11510544 clocks.
	Have 16 results, spent 19125469 clocks.
num_cipher:	75
	Total vars:	96408
	Total clauses:	269872
	Test == masterkey, spend 12575952 clocks.
	Have 16 results, spent 16087968 clocks.
num_cipher:	76
	Total vars:	97688
	Total clauses:	273456
	Test == masterkey, spend 12247114 clocks.
	Have 16 results, spent 18930192 clocks.
num_cipher:	77
	Total vars:	98968
	Total clauses:	277040
	Test == masterkey, spend 13075622 clocks.
	Have 16 results, spent 17598811 clocks.
num_cipher:	78
	Total vars:	100248
	Total clauses:	280624
	Test == masterkey, spend 10827643 clocks.
	Have 16 results, spent 21376866 clocks.
num_cipher:	79
	Total vars:	101528
	Total clauses:	284208
	Test == masterkey, spend 12639754 clocks.
	Have 16 results, spent 21228661 clocks.
num_cipher:	80
	Total vars:	102808
	Total clauses:	287792
	Test == masterkey, spend 11901794 clocks.
	Have 16 results, spent 23440797 clocks.
---------------------------------------------------------------------------------------------------
	Command being timed: "./bin/present80NSNK 1 7 25 80"
	User time (seconds): 1013.99
	System time (seconds): 3.43
	Percent of CPU this job got: 99%
	Elapsed (wall clock) time (h:mm:ss or m:ss): 16:57.93
	Average shared text size (kbytes): 0
	Average unshared data size (kbytes): 0
	Average stack size (kbytes): 0
	Average total size (kbytes): 0
	Maximum resident set size (kbytes): 128812
	Average resident set size (kbytes): 0
	Major (requiring I/O) page faults: 0
	Minor (reclaiming a frame) page faults: 210758
	Voluntary context switches: 1
	Involuntary context switches: 4488
	Swaps: 0
	File system inputs: 0
	File system outputs: 800
	Socket messages sent: 0
	Socket messages received: 0
	Signals delivered: 0
	Page size (bytes): 4096
	Exit status: 0
