sbox:	1100 0101 0110 1011 1001 0000 1010 1101 0011 1110 1111 1000 0100 0111 0001 0010 
8 = (0+2+6')(2'+3+4'+6)(0'+2+3+4')(2+3'+4'+6)(2'+4+6'+7')(3+5'+6+7')(0'+4'+5+6')(1+4+6+7)(1'+4'+6'+7')(1+2'+3'+4)(0'+1'+3'+6)(3+4+5+7)(0'+2'+5'+7)(0+2'+3'+7)(1'+5'+6'+7)(2+4+5+6+7')(0+2'+5+6)(0'+1+4+5')(0+1'+4+5')(1+3+4'+5)(1+3'+4'+5'+7')(1+5+6+7')(2+3'+5+6')(1'+3+6'+7')(0+4'+5'+6')(1'+4'+6+7)
e_sbox:	1101 0101 0110 1011 1001 0000 1010 1101 0011 1110 1111 1000 0100 0111 0001 0010 
8 = (0'+2+6+7')(0+2+3+7)(0+1+2'+6)(2'+3+4'+6)(0+2+3'+4')(0'+1'+3+6')(1'+4'+6'+7')(1'+5'+6'+7)(1+5+6'+7)(1'+2'+6+7)(0'+1+2'+4)(0'+2+3'+5)(0'+2'+3'+7')(0+1'+4+7')(3'+4+5'+7)(0+4+5+6')(0'+1+2+3+5')(1+3+4'+5)(3+4+5'+7')(2'+4'+5'+7)(1+3'+5'+6'+7')(1'+3'+4'+5)(0+5'+6'+7')(4'+5'+6+7)(3+5+6+7)(1+4+5+6)(1'+3+4'+5')
PRESENT_MODE:	80
SAT_MODE:	2
	SBOX_MODE:	102
	KSR_HAVEERROR:	1
	ENCYPT_HAVEERROR:	1
AnalysesRounds:	7
MinCiphers:	25
MaxCiphers:	80
Threads:	1
Master_key:	10011001111001011111110101010101111110011001000001001111110001010110101001000111
---------------------------------------------------------------------------------------------------
num_cipher:	25
	Total vars:	32408
	Total clauses:	90672
	Test == masterkey, spend 1274429 clocks.
	Have 64 results, spent 3723046 clocks.
num_cipher:	26
	Total vars:	33688
	Total clauses:	94256
	Test == masterkey, spend 1381875 clocks.
	Have 64 results, spent 4766976 clocks.
num_cipher:	27
	Total vars:	34968
	Total clauses:	97840
	Test == masterkey, spend 1777147 clocks.
	Have 64 results, spent 4316026 clocks.
num_cipher:	28
	Total vars:	36248
	Total clauses:	101424
	Test == masterkey, spend 1822870 clocks.
	Have 64 results, spent 5781263 clocks.
num_cipher:	29
	Total vars:	37528
	Total clauses:	105008
	Test == masterkey, spend 2089623 clocks.
	Have 64 results, spent 5978079 clocks.
num_cipher:	30
	Total vars:	38808
	Total clauses:	108592
	Test == masterkey, spend 2149040 clocks.
	Have 64 results, spent 5242185 clocks.
num_cipher:	31
	Total vars:	40088
	Total clauses:	112176
	Test == masterkey, spend 2059917 clocks.
	Have 24 results, spent 4854169 clocks.
num_cipher:	32
	Total vars:	41368
	Total clauses:	115760
	Test == masterkey, spend 2289917 clocks.
	Have 24 results, spent 5243075 clocks.
num_cipher:	33
	Total vars:	42648
	Total clauses:	119344
	Test == masterkey, spend 2726593 clocks.
	Have 24 results, spent 4741012 clocks.
num_cipher:	34
	Total vars:	43928
	Total clauses:	122928
	Test == masterkey, spend 2730870 clocks.
	Have 24 results, spent 4939936 clocks.
num_cipher:	35
	Total vars:	45208
	Total clauses:	126512
	Test == masterkey, spend 2794193 clocks.
	Have 24 results, spent 4945581 clocks.
num_cipher:	36
	Total vars:	46488
	Total clauses:	130096
	Test == masterkey, spend 3053501 clocks.
	Have 24 results, spent 5572859 clocks.
num_cipher:	37
	Total vars:	47768
	Total clauses:	133680
	Test == masterkey, spend 3257347 clocks.
	Have 24 results, spent 7044055 clocks.
num_cipher:	38
	Total vars:	49048
	Total clauses:	137264
	Test == masterkey, spend 2958944 clocks.
	Have 24 results, spent 5247624 clocks.
num_cipher:	39
	Total vars:	50328
	Total clauses:	140848
	Test == masterkey, spend 3941005 clocks.
	Have 24 results, spent 5836258 clocks.
num_cipher:	40
	Total vars:	51608
	Total clauses:	144432
	Test == masterkey, spend 4021301 clocks.
	Have 24 results, spent 7468165 clocks.
num_cipher:	41
	Total vars:	52888
	Total clauses:	148016
	Test == masterkey, spend 3884754 clocks.
	Have 24 results, spent 7972391 clocks.
num_cipher:	42
	Total vars:	54168
	Total clauses:	151600
	Test == masterkey, spend 4251521 clocks.
	Have 24 results, spent 8129045 clocks.
num_cipher:	43
	Total vars:	55448
	Total clauses:	155184
	Test == masterkey, spend 4814603 clocks.
	Have 24 results, spent 6323875 clocks.
num_cipher:	44
	Total vars:	56728
	Total clauses:	158768
	Test == masterkey, spend 4754039 clocks.
	Have 24 results, spent 8590961 clocks.
num_cipher:	45
	Total vars:	58008
	Total clauses:	162352
	Test == masterkey, spend 4737171 clocks.
	Have 24 results, spent 8644290 clocks.
num_cipher:	46
	Total vars:	59288
	Total clauses:	165936
	Test == masterkey, spend 4917707 clocks.
	Have 24 results, spent 8359506 clocks.
num_cipher:	47
	Total vars:	60568
	Total clauses:	169520
	Test == masterkey, spend 5275317 clocks.
	Have 24 results, spent 9884610 clocks.
num_cipher:	48
	Total vars:	61848
	Total clauses:	173104
	Test == masterkey, spend 5403815 clocks.
	Have 24 results, spent 9157834 clocks.
num_cipher:	49
	Total vars:	63128
	Total clauses:	176688
	Test == masterkey, spend 5817911 clocks.
	Have 24 results, spent 9427858 clocks.
num_cipher:	50
	Total vars:	64408
	Total clauses:	180272
	Test == masterkey, spend 6612449 clocks.
	Have 24 results, spent 9853772 clocks.
num_cipher:	51
	Total vars:	65688
	Total clauses:	183856
	Test == masterkey, spend 5668948 clocks.
	Have 24 results, spent 9676512 clocks.
num_cipher:	52
	Total vars:	66968
	Total clauses:	187440
	Test == masterkey, spend 7072964 clocks.
	Have 24 results, spent 9975660 clocks.
num_cipher:	53
	Total vars:	68248
	Total clauses:	191024
	Test == masterkey, spend 7512477 clocks.
	Have 24 results, spent 11041081 clocks.
num_cipher:	54
	Total vars:	69528
	Total clauses:	194608
	Test == masterkey, spend 7829050 clocks.
	Have 24 results, spent 10366261 clocks.
num_cipher:	55
	Total vars:	70808
	Total clauses:	198192
	Test == masterkey, spend 7757967 clocks.
	Have 24 results, spent 10806798 clocks.
num_cipher:	56
	Total vars:	72088
	Total clauses:	201776
	Test == masterkey, spend 7334271 clocks.
	Have 24 results, spent 13398908 clocks.
num_cipher:	57
	Total vars:	73368
	Total clauses:	205360
	Test == masterkey, spend 7873201 clocks.
	Have 24 results, spent 11688996 clocks.
num_cipher:	58
	Total vars:	74648
	Total clauses:	208944
	Test == masterkey, spend 7925597 clocks.
	Have 24 results, spent 11536324 clocks.
num_cipher:	59
	Total vars:	75928
	Total clauses:	212528
	Test == masterkey, spend 8854252 clocks.
	Have 24 results, spent 12176088 clocks.
num_cipher:	60
	Total vars:	77208
	Total clauses:	216112
	Test == masterkey, spend 8316388 clocks.
	Have 24 results, spent 12684465 clocks.
num_cipher:	61
	Total vars:	78488
	Total clauses:	219696
	Test == masterkey, spend 8616553 clocks.
	Have 24 results, spent 12726711 clocks.
num_cipher:	62
	Total vars:	79768
	Total clauses:	223280
	Test == masterkey, spend 8518998 clocks.
	Have 24 results, spent 17388358 clocks.
num_cipher:	63
	Total vars:	81048
	Total clauses:	226864
	Test == masterkey, spend 8984300 clocks.
	Have 24 results, spent 17151240 clocks.
num_cipher:	64
	Total vars:	82328
	Total clauses:	230448
	Test == masterkey, spend 8615088 clocks.
	Have 24 results, spent 16562522 clocks.
num_cipher:	65
	Total vars:	83608
	Total clauses:	234032
	Test == masterkey, spend 8589401 clocks.
	Have 24 results, spent 17305390 clocks.
num_cipher:	66
	Total vars:	84888
	Total clauses:	237616
	Test == masterkey, spend 9030878 clocks.
	Have 24 results, spent 17379039 clocks.
num_cipher:	67
	Total vars:	86168
	Total clauses:	241200
	Test == masterkey, spend 9133817 clocks.
	Have 24 results, spent 17770273 clocks.
num_cipher:	68
	Total vars:	87448
	Total clauses:	244784
	Test == masterkey, spend 9712697 clocks.
	Have 24 results, spent 17081750 clocks.
num_cipher:	69
	Total vars:	88728
	Total clauses:	248368
	Test == masterkey, spend 9332997 clocks.
	Have 24 results, spent 18588607 clocks.
num_cipher:	70
	Total vars:	90008
	Total clauses:	251952
	Test == masterkey, spend 10200935 clocks.
	Have 24 results, spent 19184618 clocks.
num_cipher:	71
	Total vars:	91288
	Total clauses:	255536
	Test == masterkey, spend 10086561 clocks.
	Have 24 results, spent 19776843 clocks.
num_cipher:	72
	Total vars:	92568
	Total clauses:	259120
	Test == masterkey, spend 11002987 clocks.
	Have 24 results, spent 20777957 clocks.
num_cipher:	73
	Total vars:	93848
	Total clauses:	262704
	Test == masterkey, spend 11608737 clocks.
	Have 24 results, spent 18989838 clocks.
num_cipher:	74
	Total vars:	95128
	Total clauses:	266288
	Test == masterkey, spend 10165869 clocks.
	Have 24 results, spent 19354711 clocks.
num_cipher:	75
	Total vars:	96408
	Total clauses:	269872
	Test == masterkey, spend 10484802 clocks.
	Have 24 results, spent 23797582 clocks.
num_cipher:	76
	Total vars:	97688
	Total clauses:	273456
	Test == masterkey, spend 10698896 clocks.
	Have 24 results, spent 20221935 clocks.
num_cipher:	77
	Total vars:	98968
	Total clauses:	277040
	Test == masterkey, spend 12495668 clocks.
	Have 24 results, spent 24299761 clocks.
num_cipher:	78
	Total vars:	100248
	Total clauses:	280624
	Test == masterkey, spend 12308495 clocks.
	Have 24 results, spent 23221884 clocks.
num_cipher:	79
	Total vars:	101528
	Total clauses:	284208
	Test == masterkey, spend 11510014 clocks.
	Have 24 results, spent 25583046 clocks.
num_cipher:	80
	Total vars:	102808
	Total clauses:	287792
	Test == masterkey, spend 11426135 clocks.
	Have 24 results, spent 22772837 clocks.
---------------------------------------------------------------------------------------------------
	Command being timed: "./bin/present80NSNK 1 7 25 80"
	User time (seconds): 1096.11
	System time (seconds): 1.85
	Percent of CPU this job got: 99%
	Elapsed (wall clock) time (h:mm:ss or m:ss): 18:18.21
	Average shared text size (kbytes): 0
	Average unshared data size (kbytes): 0
	Average stack size (kbytes): 0
	Average total size (kbytes): 0
	Maximum resident set size (kbytes): 122380
	Average resident set size (kbytes): 0
	Major (requiring I/O) page faults: 0
	Minor (reclaiming a frame) page faults: 198690
	Voluntary context switches: 4
	Involuntary context switches: 3120
	Swaps: 0
	File system inputs: 0
	File system outputs: 752
	Socket messages sent: 0
	Socket messages received: 0
	Signals delivered: 0
	Page size (bytes): 4096
	Exit status: 0
