sbox:	1100 0101 0110 1011 1001 0000 1010 1101 0011 1110 1111 1000 0100 0111 0001 0010 
8 = (0+2+6')(2'+3+4'+6)(0'+2+3+4')(2+3'+4'+6)(2'+4+6'+7')(3+5'+6+7')(0'+4'+5+6')(1+4+6+7)(1'+4'+6'+7')(1+2'+3'+4)(0'+1'+3'+6)(3+4+5+7)(0'+2'+5'+7)(0+2'+3'+7)(1'+5'+6'+7)(2+4+5+6+7')(0+2'+5+6)(0'+1+4+5')(0+1'+4+5')(1+3+4'+5)(1+3'+4'+5'+7')(1+5+6+7')(2+3'+5+6')(1'+3+6'+7')(0+4'+5'+6')(1'+4'+6+7)
e_sbox:	1101 0101 0110 1011 1001 0000 1010 1101 0011 1110 1111 1000 0100 0111 0001 0010 
8 = (0'+2+6+7')(0+2+3+7)(0+1+2'+6)(2'+3+4'+6)(0+2+3'+4')(0'+1'+3+6')(1'+4'+6'+7')(1'+5'+6'+7)(1+5+6'+7)(1'+2'+6+7)(0'+1+2'+4)(0'+2+3'+5)(0'+2'+3'+7')(0+1'+4+7')(3'+4+5'+7)(0+4+5+6')(0'+1+2+3+5')(1+3+4'+5)(3+4+5'+7')(2'+4'+5'+7)(1+3'+5'+6'+7')(1'+3'+4'+5)(0+5'+6'+7')(4'+5'+6+7)(3+5+6+7)(1+4+5+6)(1'+3+4'+5')
PRESENT_MODE:	80
SAT_MODE:	2
	SBOX_MODE:	102
	KSR_HAVEERROR:	1
	ENCYPT_HAVEERROR:	1
AnalysesRounds:	7
MinCiphers:	25
MaxCiphers:	80
Threads:	1
Master_key:	11000101100100111001110110010010000100101101100011000010000011010011000001101101
---------------------------------------------------------------------------------------------------
num_cipher:	25
	Total vars:	32408
	Total clauses:	90672
	Test == masterkey, spend 1351439 clocks.
	Have 4 results, spent 6320595 clocks.
num_cipher:	26
	Total vars:	33688
	Total clauses:	94256
	Test == masterkey, spend 1386432 clocks.
	Have 4 results, spent 4548043 clocks.
num_cipher:	27
	Total vars:	34968
	Total clauses:	97840
	Test == masterkey, spend 1568701 clocks.
	Have 4 results, spent 3065983 clocks.
num_cipher:	28
	Total vars:	36248
	Total clauses:	101424
	Test == masterkey, spend 1561919 clocks.
	Have 4 results, spent 3196939 clocks.
num_cipher:	29
	Total vars:	37528
	Total clauses:	105008
	Test == masterkey, spend 1918243 clocks.
	Have 4 results, spent 3503887 clocks.
num_cipher:	30
	Total vars:	38808
	Total clauses:	108592
	Test == masterkey, spend 1839219 clocks.
	Have 4 results, spent 3935628 clocks.
num_cipher:	31
	Total vars:	40088
	Total clauses:	112176
	Test == masterkey, spend 1948374 clocks.
	Have 4 results, spent 3213072 clocks.
num_cipher:	32
	Total vars:	41368
	Total clauses:	115760
	Test == masterkey, spend 1701944 clocks.
	Have 4 results, spent 3356010 clocks.
num_cipher:	33
	Total vars:	42648
	Total clauses:	119344
	Test == masterkey, spend 2117089 clocks.
	Have 4 results, spent 3953914 clocks.
num_cipher:	34
	Total vars:	43928
	Total clauses:	122928
	Test == masterkey, spend 2054583 clocks.
	Have 4 results, spent 4014678 clocks.
num_cipher:	35
	Total vars:	45208
	Total clauses:	126512
	Test == masterkey, spend 2179189 clocks.
	Have 4 results, spent 4755688 clocks.
num_cipher:	36
	Total vars:	46488
	Total clauses:	130096
	Test == masterkey, spend 2306513 clocks.
	Have 4 results, spent 3657856 clocks.
num_cipher:	37
	Total vars:	47768
	Total clauses:	133680
	Test == masterkey, spend 2939890 clocks.
	Have 4 results, spent 4332458 clocks.
num_cipher:	38
	Total vars:	49048
	Total clauses:	137264
	Test == masterkey, spend 2775329 clocks.
	Have 4 results, spent 4962438 clocks.
num_cipher:	39
	Total vars:	50328
	Total clauses:	140848
	Test == masterkey, spend 3242587 clocks.
	Have 4 results, spent 5492954 clocks.
num_cipher:	40
	Total vars:	51608
	Total clauses:	144432
	Test == masterkey, spend 3169304 clocks.
	Have 4 results, spent 3849031 clocks.
num_cipher:	41
	Total vars:	52888
	Total clauses:	148016
	Test == masterkey, spend 3792463 clocks.
	Have 4 results, spent 6342469 clocks.
num_cipher:	42
	Total vars:	54168
	Total clauses:	151600
	Test == masterkey, spend 3920966 clocks.
	Have 4 results, spent 6889624 clocks.
num_cipher:	43
	Total vars:	55448
	Total clauses:	155184
	Test == masterkey, spend 4054064 clocks.
	Have 4 results, spent 5711031 clocks.
num_cipher:	44
	Total vars:	56728
	Total clauses:	158768
	Test == masterkey, spend 4656891 clocks.
	Have 4 results, spent 6979675 clocks.
num_cipher:	45
	Total vars:	58008
	Total clauses:	162352
	Test == masterkey, spend 4439714 clocks.
	Have 4 results, spent 7047947 clocks.
num_cipher:	46
	Total vars:	59288
	Total clauses:	165936
	Test == masterkey, spend 4639583 clocks.
	Have 4 results, spent 6875606 clocks.
num_cipher:	47
	Total vars:	60568
	Total clauses:	169520
	Test == masterkey, spend 4813144 clocks.
	Have 4 results, spent 6410051 clocks.
num_cipher:	48
	Total vars:	61848
	Total clauses:	173104
	Test == masterkey, spend 4890565 clocks.
	Have 4 results, spent 6445067 clocks.
num_cipher:	49
	Total vars:	63128
	Total clauses:	176688
	Test == masterkey, spend 5160213 clocks.
	Have 4 results, spent 6820241 clocks.
num_cipher:	50
	Total vars:	64408
	Total clauses:	180272
	Test == masterkey, spend 5258645 clocks.
	Have 4 results, spent 6718414 clocks.
num_cipher:	51
	Total vars:	65688
	Total clauses:	183856
	Test == masterkey, spend 6040879 clocks.
	Have 4 results, spent 6247453 clocks.
num_cipher:	52
	Total vars:	66968
	Total clauses:	187440
	Test == masterkey, spend 6057540 clocks.
	Have 4 results, spent 7022209 clocks.
num_cipher:	53
	Total vars:	68248
	Total clauses:	191024
	Test == masterkey, spend 5881921 clocks.
	Have 4 results, spent 6204086 clocks.
num_cipher:	54
	Total vars:	69528
	Total clauses:	194608
	Test == masterkey, spend 7294749 clocks.
	Have 4 results, spent 7811038 clocks.
num_cipher:	55
	Total vars:	70808
	Total clauses:	198192
	Test == masterkey, spend 6816158 clocks.
	Have 4 results, spent 7464633 clocks.
num_cipher:	56
	Total vars:	72088
	Total clauses:	201776
	Test == masterkey, spend 6416513 clocks.
	Have 4 results, spent 7459243 clocks.
num_cipher:	57
	Total vars:	73368
	Total clauses:	205360
	Test == masterkey, spend 8020108 clocks.
	Have 4 results, spent 7330217 clocks.
num_cipher:	58
	Total vars:	74648
	Total clauses:	208944
	Test == masterkey, spend 7530666 clocks.
	Have 4 results, spent 7570373 clocks.
num_cipher:	59
	Total vars:	75928
	Total clauses:	212528
	Test == masterkey, spend 427046 clocks.
	Have 4 results, spent 6744544 clocks.
num_cipher:	60
	Total vars:	77208
	Total clauses:	216112
	Test == masterkey, spend 488515 clocks.
	Have 4 results, spent 8356697 clocks.
num_cipher:	61
	Total vars:	78488
	Total clauses:	219696
	Test == masterkey, spend 511655 clocks.
	Have 4 results, spent 8664260 clocks.
num_cipher:	62
	Total vars:	79768
	Total clauses:	223280
	Test == masterkey, spend 356930 clocks.
	Have 4 results, spent 9452754 clocks.
num_cipher:	63
	Total vars:	81048
	Total clauses:	226864
	Test == masterkey, spend 495875 clocks.
	Have 4 results, spent 8951496 clocks.
num_cipher:	64
	Total vars:	82328
	Total clauses:	230448
	Test == masterkey, spend 526948 clocks.
	Have 4 results, spent 8937820 clocks.
num_cipher:	65
	Total vars:	83608
	Total clauses:	234032
	Test == masterkey, spend 488301 clocks.
	Have 4 results, spent 6385847 clocks.
num_cipher:	66
	Total vars:	84888
	Total clauses:	237616
	Test == masterkey, spend 526221 clocks.
	Have 4 results, spent 7745552 clocks.
num_cipher:	67
	Total vars:	86168
	Total clauses:	241200
	Test == masterkey, spend 511032 clocks.
	Have 4 results, spent 8866380 clocks.
num_cipher:	68
	Total vars:	87448
	Total clauses:	244784
	Test == masterkey, spend 574963 clocks.
	Have 4 results, spent 9278568 clocks.
num_cipher:	69
	Total vars:	88728
	Total clauses:	248368
	Test == masterkey, spend 537604 clocks.
	Have 4 results, spent 9164848 clocks.
num_cipher:	70
	Total vars:	90008
	Total clauses:	251952
	Test == masterkey, spend 786925 clocks.
	Have 4 results, spent 9141374 clocks.
num_cipher:	71
	Total vars:	91288
	Total clauses:	255536
	Test == masterkey, spend 841453 clocks.
	Have 4 results, spent 9130394 clocks.
num_cipher:	72
	Total vars:	92568
	Total clauses:	259120
	Test == masterkey, spend 842425 clocks.
	Have 4 results, spent 8564499 clocks.
num_cipher:	73
	Total vars:	93848
	Total clauses:	262704
	Test == masterkey, spend 749464 clocks.
	Have 4 results, spent 12452499 clocks.
num_cipher:	74
	Total vars:	95128
	Total clauses:	266288
	Test == masterkey, spend 812588 clocks.
	Have 4 results, spent 10470475 clocks.
num_cipher:	75
	Total vars:	96408
	Total clauses:	269872
	Test == masterkey, spend 624941 clocks.
	Have 4 results, spent 13584688 clocks.
num_cipher:	76
	Total vars:	97688
	Total clauses:	273456
	Test == masterkey, spend 780517 clocks.
	Have 4 results, spent 11525793 clocks.
num_cipher:	77
	Total vars:	98968
	Total clauses:	277040
	Test == masterkey, spend 837263 clocks.
	Have 4 results, spent 15319835 clocks.
num_cipher:	78
	Total vars:	100248
	Total clauses:	280624
	Test == masterkey, spend 773406 clocks.
	Have 4 results, spent 14480818 clocks.
num_cipher:	79
	Total vars:	101528
	Total clauses:	284208
	Test == masterkey, spend 1045436 clocks.
	Have 4 results, spent 12228519 clocks.
num_cipher:	80
	Total vars:	102808
	Total clauses:	287792
	Test == masterkey, spend 1167435 clocks.
	Have 4 results, spent 15405855 clocks.
---------------------------------------------------------------------------------------------------
	Command being timed: "./bin/present80NSNK 1 7 25 80"
	User time (seconds): 615.30
	System time (seconds): 0.97
	Percent of CPU this job got: 99%
	Elapsed (wall clock) time (h:mm:ss or m:ss): 10:16.36
	Average shared text size (kbytes): 0
	Average unshared data size (kbytes): 0
	Average stack size (kbytes): 0
	Average total size (kbytes): 0
	Maximum resident set size (kbytes): 118000
	Average resident set size (kbytes): 0
	Major (requiring I/O) page faults: 0
	Minor (reclaiming a frame) page faults: 179818
	Voluntary context switches: 1
	Involuntary context switches: 1521
	Swaps: 0
	File system inputs: 0
	File system outputs: 320
	Socket messages sent: 0
	Socket messages received: 0
	Signals delivered: 0
	Page size (bytes): 4096
	Exit status: 0
