sbox:	1100 0101 0110 1011 1001 0000 1010 1101 0011 1110 1111 1000 0100 0111 0001 0010 
8 = (3+1+5')(1'+0+7'+5)(3'+1+0+7')(1+0'+7'+5)(1'+7+5'+4')(0+6'+5+4')(3'+7'+6+5')(2+7+5+4)(2'+7'+5'+4')(2+1'+0'+7)(3'+2'+0'+5)(0+7+6+4)(3'+1'+6'+4)(3+1'+0'+4)(2'+6'+5'+4)(1+7+6+5+4')(3+1'+6+5)(3'+2+7+6')(3+2'+7+6')(2+0+7'+6)(2+0'+7'+6'+4')(2+6+5+4')(1+0'+6+5')(2'+0+5'+4')(3+7'+6'+5')(2'+7'+5+4)
e_sbox:	1101 0101 0110 1011 1001 0000 1010 1101 0011 1110 1111 1000 0100 0111 0001 0010 
8 = (3'+1+5+4')(3+1+0+4)(3+2+1'+5)(1'+0+7'+5)(3+1+0'+7')(3'+2'+0+5')(2'+7'+5'+4')(2'+6'+5'+4)(2+6+5'+4)(2'+1'+5+4)(3'+2+1'+7)(3'+1+0'+6)(3'+1'+0'+4')(3+2'+7+4')(0'+7+6'+4)(3+7+6+5')(3'+2+1+0+6')(2+0+7'+6)(0+7+6'+4')(1'+7'+6'+4)(2+0'+6'+5'+4')(2'+0'+7'+6)(3+6'+5'+4')(7'+6'+5+4)(0+6+5+4)(2+7+6+5)(2'+0+7'+6')
Max time :	3600
PRESENT_MODE:	80
SAT_MODE:	2
	SBOX_MODE:	102
	KSR_HAVEERROR:	1
	ENCYPT_HAVEERROR:	1
AnalysesRounds:	7
MinCiphers:	18
MaxCiphers:	50
Threads:	1
Master_key:	11111110001011111111000100011111000011110010010011110011101111101011110000010110
---------------------------------------------------------------------------------------------------
num_cipher:	18
	Total vars:	23448
	Total clauses:	65584
	Test == masterkey, spend 426745 clocks.
解得主密钥:  3	11111110001011111111000100011111000011110010010011110011101111101011110000010110
	Have 12 results, spent 2359092126 clocks.
num_cipher:	19
	Total vars:	24728
	Total clauses:	69168
	Test == masterkey, spend 412113 clocks.
解得主密钥:  6	11111110001011111111000100011111000011110010010011110011101111101011110000010110
	Have 12 results, spent 239956305 clocks.
num_cipher:	20
	Total vars:	26008
	Total clauses:	72752
	Test == masterkey, spend 517554 clocks.
解得主密钥:  1	11111110001011111111000100011111000011110010010011110011101111101011110000010110
	Have 12 results, spent 58193580 clocks.
num_cipher:	21
	Total vars:	27288
	Total clauses:	76336
	Test == masterkey, spend 592934 clocks.
解得主密钥:  2	11111110001011111111000100011111000011110010010011110011101111101011110000010110
	Have 12 results, spent 21765791 clocks.
num_cipher:	22
	Total vars:	28568
	Total clauses:	79920
	Test == masterkey, spend 728845 clocks.
解得主密钥:  5	11111110001011111111000100011111000011110010010011110011101111101011110000010110
	Have 12 results, spent 13409468 clocks.
num_cipher:	23
	Total vars:	29848
	Total clauses:	83504
	Test == masterkey, spend 810610 clocks.
解得主密钥:  6	11111110001011111111000100011111000011110010010011110011101111101011110000010110
	Have 12 results, spent 7207896 clocks.
num_cipher:	24
	Total vars:	31128
	Total clauses:	87088
	Test == masterkey, spend 960319 clocks.
解得主密钥:  11	11111110001011111111000100011111000011110010010011110011101111101011110000010110
	Have 12 results, spent 5623745 clocks.
num_cipher:	25
	Total vars:	32408
	Total clauses:	90672
	Test == masterkey, spend 906877 clocks.
解得主密钥:  3	11111110001011111111000100011111000011110010010011110011101111101011110000010110
	Have 12 results, spent 4586365 clocks.
num_cipher:	26
	Total vars:	33688
	Total clauses:	94256
	Test == masterkey, spend 1096961 clocks.
解得主密钥:  6	11111110001011111111000100011111000011110010010011110011101111101011110000010110
	Have 12 results, spent 5028701 clocks.
num_cipher:	27
	Total vars:	34968
	Total clauses:	97840
	Test == masterkey, spend 1348452 clocks.
解得主密钥:  1	11111110001011111111000100011111000011110010010011110011101111101011110000010110
	Have 12 results, spent 5120361 clocks.
num_cipher:	28
	Total vars:	36248
	Total clauses:	101424
	Test == masterkey, spend 1471569 clocks.
解得主密钥:  2	11111110001011111111000100011111000011110010010011110011101111101011110000010110
	Have 12 results, spent 5436090 clocks.
num_cipher:	29
	Total vars:	37528
	Total clauses:	105008
	Test == masterkey, spend 1994827 clocks.
解得主密钥:  2	11111110001011111111000100011111000011110010010011110011101111101011110000010110
	Have 12 results, spent 4747006 clocks.
num_cipher:	30
	Total vars:	38808
	Total clauses:	108592
	Test == masterkey, spend 1602972 clocks.
解得主密钥:  3	11111110001011111111000100011111000011110010010011110011101111101011110000010110
	Have 12 results, spent 5342068 clocks.
num_cipher:	31
	Total vars:	40088
	Total clauses:	112176
	Test == masterkey, spend 1914983 clocks.
解得主密钥:  1	11111110001011111111000100011111000011110010010011110011101111101011110000010110
	Have 12 results, spent 5428302 clocks.
num_cipher:	32
	Total vars:	41368
	Total clauses:	115760
	Test == masterkey, spend 2018438 clocks.
解得主密钥:  2	11111110001011111111000100011111000011110010010011110011101111101011110000010110
	Have 12 results, spent 4842190 clocks.
num_cipher:	33
	Total vars:	42648
	Total clauses:	119344
	Test == masterkey, spend 1966286 clocks.
解得主密钥:  5	11111110001011111111000100011111000011110010010011110011101111101011110000010110
	Have 12 results, spent 4925938 clocks.
num_cipher:	34
	Total vars:	43928
	Total clauses:	122928
	Test == masterkey, spend 2380543 clocks.
解得主密钥:  2	11111110001011111111000100011111000011110010010011110011101111101011110000010110
	Have 12 results, spent 5760940 clocks.
num_cipher:	35
	Total vars:	45208
	Total clauses:	126512
	Test == masterkey, spend 2475300 clocks.
解得主密钥:  1	11111110001011111111000100011111000011110010010011110011101111101011110000010110
	Have 12 results, spent 6701017 clocks.
num_cipher:	36
	Total vars:	46488
	Total clauses:	130096
	Test == masterkey, spend 1910831 clocks.
解得主密钥:  3	11111110001011111111000100011111000011110010010011110011101111101011110000010110
	Have 12 results, spent 6643730 clocks.
num_cipher:	37
	Total vars:	47768
	Total clauses:	133680
	Test == masterkey, spend 2583341 clocks.
解得主密钥:  2	11111110001011111111000100011111000011110010010011110011101111101011110000010110
	Have 12 results, spent 5976483 clocks.
num_cipher:	38
	Total vars:	49048
	Total clauses:	137264
	Test == masterkey, spend 2051246 clocks.
解得主密钥:  12	11111110001011111111000100011111000011110010010011110011101111101011110000010110
	Have 12 results, spent 6884142 clocks.
num_cipher:	39
	Total vars:	50328
	Total clauses:	140848
	Test == masterkey, spend 2547054 clocks.
解得主密钥:  1	11111110001011111111000100011111000011110010010011110011101111101011110000010110
	Have 4 results, spent 6593739 clocks.
num_cipher:	40
	Total vars:	51608
	Total clauses:	144432
	Test == masterkey, spend 3201394 clocks.
解得主密钥:  1	11111110001011111111000100011111000011110010010011110011101111101011110000010110
	Have 4 results, spent 6713572 clocks.
num_cipher:	41
	Total vars:	52888
	Total clauses:	148016
	Test == masterkey, spend 2857740 clocks.
解得主密钥:  1	11111110001011111111000100011111000011110010010011110011101111101011110000010110
	Have 4 results, spent 6544076 clocks.
num_cipher:	42
	Total vars:	54168
	Total clauses:	151600
	Test == masterkey, spend 2921024 clocks.
解得主密钥:  1	11111110001011111111000100011111000011110010010011110011101111101011110000010110
	Have 4 results, spent 7986843 clocks.
num_cipher:	43
	Total vars:	55448
	Total clauses:	155184
	Test == masterkey, spend 3342111 clocks.
解得主密钥:  1	11111110001011111111000100011111000011110010010011110011101111101011110000010110
	Have 4 results, spent 7641097 clocks.
num_cipher:	44
	Total vars:	56728
	Total clauses:	158768
	Test == masterkey, spend 4233676 clocks.
解得主密钥:  1	11111110001011111111000100011111000011110010010011110011101111101011110000010110
	Have 4 results, spent 7437214 clocks.
num_cipher:	45
	Total vars:	58008
	Total clauses:	162352
	Test == masterkey, spend 3424303 clocks.
解得主密钥:  2	11111110001011111111000100011111000011110010010011110011101111101011110000010110
	Have 4 results, spent 5867531 clocks.
num_cipher:	46
	Total vars:	59288
	Total clauses:	165936
	Test == masterkey, spend 4039701 clocks.
解得主密钥:  1	11111110001011111111000100011111000011110010010011110011101111101011110000010110
	Have 4 results, spent 8494157 clocks.
num_cipher:	47
	Total vars:	60568
	Total clauses:	169520
	Test == masterkey, spend 4375174 clocks.
解得主密钥:  1	11111110001011111111000100011111000011110010010011110011101111101011110000010110
	Have 4 results, spent 8854922 clocks.
num_cipher:	48
	Total vars:	61848
	Total clauses:	173104
	Test == masterkey, spend 4555657 clocks.
解得主密钥:  1	11111110001011111111000100011111000011110010010011110011101111101011110000010110
	Have 4 results, spent 8148236 clocks.
num_cipher:	49
	Total vars:	63128
	Total clauses:	176688
	Test == masterkey, spend 5487068 clocks.
解得主密钥:  1	11111110001011111111000100011111000011110010010011110011101111101011110000010110
	Have 4 results, spent 7969128 clocks.
num_cipher:	50
	Total vars:	64408
	Total clauses:	180272
	Test == masterkey, spend 5056985 clocks.
解得主密钥:  1	11111110001011111111000100011111000011110010010011110011101111101011110000010110
	Have 4 results, spent 8278024 clocks.
---------------------------------------------------------------------------------------------------
	Command being timed: "./bin/present80NSNK 1 7 18 50"
	User time (seconds): 2953.49
	System time (seconds): 3.92
	Percent of CPU this job got: 99%
	Elapsed (wall clock) time (h:mm:ss or m:ss): 49:17.81
	Average shared text size (kbytes): 0
	Average unshared data size (kbytes): 0
	Average stack size (kbytes): 0
	Average total size (kbytes): 0
	Maximum resident set size (kbytes): 85860
	Average resident set size (kbytes): 0
	Major (requiring I/O) page faults: 0
	Minor (reclaiming a frame) page faults: 44151
	Voluntary context switches: 1
	Involuntary context switches: 3523
	Swaps: 0
	File system inputs: 0
	File system outputs: 368
	Socket messages sent: 0
	Socket messages received: 0
	Signals delivered: 0
	Page size (bytes): 4096
	Exit status: 0
