sbox:	1100 0101 0110 1011 1001 0000 1010 1101 0011 1110 1111 1000 0100 0111 0001 0010 
8 = (0+2+6')(2'+3+4'+6)(0'+2+3+4')(2+3'+4'+6)(2'+4+6'+7')(3+5'+6+7')(0'+4'+5+6')(1+4+6+7)(1'+4'+6'+7')(1+2'+3'+4)(0'+1'+3'+6)(3+4+5+7)(0'+2'+5'+7)(0+2'+3'+7)(1'+5'+6'+7)(2+4+5+6+7')(0+2'+5+6)(0'+1+4+5')(0+1'+4+5')(1+3+4'+5)(1+3'+4'+5'+7')(1+5+6+7')(2+3'+5+6')(1'+3+6'+7')(0+4'+5'+6')(1'+4'+6+7)
e_sbox:	1101 0101 0110 1011 1001 0000 1010 1101 0011 1110 1111 1000 0100 0111 0001 0010 
8 = (0'+2+6+7')(0+2+3+7)(0+1+2'+6)(2'+3+4'+6)(0+2+3'+4')(0'+1'+3+6')(1'+4'+6'+7')(1'+5'+6'+7)(1+5+6'+7)(1'+2'+6+7)(0'+1+2'+4)(0'+2+3'+5)(0'+2'+3'+7')(0+1'+4+7')(3'+4+5'+7)(0+4+5+6')(0'+1+2+3+5')(1+3+4'+5)(3+4+5'+7')(2'+4'+5'+7)(1+3'+5'+6'+7')(1'+3'+4'+5)(0+5'+6'+7')(4'+5'+6+7)(3+5+6+7)(1+4+5+6)(1'+3+4'+5')
PRESENT_MODE:	80
SAT_MODE:	2
	SBOX_MODE:	102
	KSR_HAVEERROR:	1
	ENCYPT_HAVEERROR:	1
AnalysesRounds:	7
MinCiphers:	25
MaxCiphers:	80
Threads:	1
Master_key:	10001001100110001001000100010010100010101110100110110111010011011011011101000000
---------------------------------------------------------------------------------------------------
num_cipher:	25
	Total vars:	32408
	Total clauses:	90672
	Test == masterkey, spend 1241436 clocks.
	Have 4 results, spent 10815677 clocks.
num_cipher:	26
	Total vars:	33688
	Total clauses:	94256
	Test == masterkey, spend 1436325 clocks.
	Have 4 results, spent 7291326 clocks.
num_cipher:	27
	Total vars:	34968
	Total clauses:	97840
	Test == masterkey, spend 1582158 clocks.
	Have 4 results, spent 4931910 clocks.
num_cipher:	28
	Total vars:	36248
	Total clauses:	101424
	Test == masterkey, spend 1906808 clocks.
	Have 4 results, spent 3560437 clocks.
num_cipher:	29
	Total vars:	37528
	Total clauses:	105008
	Test == masterkey, spend 1605319 clocks.
	Have 4 results, spent 3173062 clocks.
num_cipher:	30
	Total vars:	38808
	Total clauses:	108592
	Test == masterkey, spend 2324409 clocks.
	Have 4 results, spent 3149332 clocks.
num_cipher:	31
	Total vars:	40088
	Total clauses:	112176
	Test == masterkey, spend 2185866 clocks.
	Have 4 results, spent 5025676 clocks.
num_cipher:	32
	Total vars:	41368
	Total clauses:	115760
	Test == masterkey, spend 2736009 clocks.
	Have 4 results, spent 4346933 clocks.
num_cipher:	33
	Total vars:	42648
	Total clauses:	119344
	Test == masterkey, spend 2774043 clocks.
	Have 4 results, spent 4020731 clocks.
num_cipher:	34
	Total vars:	43928
	Total clauses:	122928
	Test == masterkey, spend 2943988 clocks.
	Have 4 results, spent 5115540 clocks.
num_cipher:	35
	Total vars:	45208
	Total clauses:	126512
	Test == masterkey, spend 3409487 clocks.
	Have 4 results, spent 3913495 clocks.
num_cipher:	36
	Total vars:	46488
	Total clauses:	130096
	Test == masterkey, spend 3097845 clocks.
	Have 4 results, spent 4797856 clocks.
num_cipher:	37
	Total vars:	47768
	Total clauses:	133680
	Test == masterkey, spend 3326632 clocks.
	Have 4 results, spent 5198198 clocks.
num_cipher:	38
	Total vars:	49048
	Total clauses:	137264
	Test == masterkey, spend 3549797 clocks.
	Have 4 results, spent 5350437 clocks.
num_cipher:	39
	Total vars:	50328
	Total clauses:	140848
	Test == masterkey, spend 3693100 clocks.
	Have 4 results, spent 6038243 clocks.
num_cipher:	40
	Total vars:	51608
	Total clauses:	144432
	Test == masterkey, spend 4119019 clocks.
	Have 4 results, spent 5602949 clocks.
num_cipher:	41
	Total vars:	52888
	Total clauses:	148016
	Test == masterkey, spend 4819992 clocks.
	Have 4 results, spent 5856833 clocks.
num_cipher:	42
	Total vars:	54168
	Total clauses:	151600
	Test == masterkey, spend 4243583 clocks.
	Have 4 results, spent 6357074 clocks.
num_cipher:	43
	Total vars:	55448
	Total clauses:	155184
	Test == masterkey, spend 5137473 clocks.
	Have 4 results, spent 6213474 clocks.
num_cipher:	44
	Total vars:	56728
	Total clauses:	158768
	Test == masterkey, spend 5239751 clocks.
	Have 4 results, spent 6903840 clocks.
num_cipher:	45
	Total vars:	58008
	Total clauses:	162352
	Test == masterkey, spend 4672159 clocks.
	Have 4 results, spent 6632873 clocks.
num_cipher:	46
	Total vars:	59288
	Total clauses:	165936
	Test == masterkey, spend 4942619 clocks.
	Have 4 results, spent 6836106 clocks.
num_cipher:	47
	Total vars:	60568
	Total clauses:	169520
	Test == masterkey, spend 5457244 clocks.
	Have 4 results, spent 6882739 clocks.
num_cipher:	48
	Total vars:	61848
	Total clauses:	173104
	Test == masterkey, spend 6417589 clocks.
	Have 4 results, spent 6485422 clocks.
num_cipher:	49
	Total vars:	63128
	Total clauses:	176688
	Test == masterkey, spend 5652409 clocks.
	Have 4 results, spent 6562178 clocks.
num_cipher:	50
	Total vars:	64408
	Total clauses:	180272
	Test == masterkey, spend 6221475 clocks.
	Have 4 results, spent 6872668 clocks.
num_cipher:	51
	Total vars:	65688
	Total clauses:	183856
	Test == masterkey, spend 6032232 clocks.
	Have 4 results, spent 6818512 clocks.
num_cipher:	52
	Total vars:	66968
	Total clauses:	187440
	Test == masterkey, spend 6569055 clocks.
	Have 4 results, spent 6642717 clocks.
num_cipher:	53
	Total vars:	68248
	Total clauses:	191024
	Test == masterkey, spend 7939677 clocks.
	Have 4 results, spent 6572203 clocks.
num_cipher:	54
	Total vars:	69528
	Total clauses:	194608
	Test == masterkey, spend 7613003 clocks.
	Have 4 results, spent 6517440 clocks.
num_cipher:	55
	Total vars:	70808
	Total clauses:	198192
	Test == masterkey, spend 7571683 clocks.
	Have 4 results, spent 7875424 clocks.
num_cipher:	56
	Total vars:	72088
	Total clauses:	201776
	Test == masterkey, spend 8242906 clocks.
	Have 4 results, spent 7657849 clocks.
num_cipher:	57
	Total vars:	73368
	Total clauses:	205360
	Test == masterkey, spend 7776406 clocks.
	Have 4 results, spent 7215631 clocks.
num_cipher:	58
	Total vars:	74648
	Total clauses:	208944
	Test == masterkey, spend 8894597 clocks.
	Have 4 results, spent 7777070 clocks.
num_cipher:	59
	Total vars:	75928
	Total clauses:	212528
	Test == masterkey, spend 8747158 clocks.
	Have 4 results, spent 9047695 clocks.
num_cipher:	60
	Total vars:	77208
	Total clauses:	216112
	Test == masterkey, spend 8149154 clocks.
	Have 4 results, spent 8826725 clocks.
num_cipher:	61
	Total vars:	78488
	Total clauses:	219696
	Test == masterkey, spend 7122032 clocks.
	Have 4 results, spent 7891862 clocks.
num_cipher:	62
	Total vars:	79768
	Total clauses:	223280
	Test == masterkey, spend 7527966 clocks.
	Have 4 results, spent 8981613 clocks.
num_cipher:	63
	Total vars:	81048
	Total clauses:	226864
	Test == masterkey, spend 7695723 clocks.
	Have 4 results, spent 8589314 clocks.
num_cipher:	64
	Total vars:	82328
	Total clauses:	230448
	Test == masterkey, spend 8370745 clocks.
	Have 4 results, spent 9692602 clocks.
num_cipher:	65
	Total vars:	83608
	Total clauses:	234032
	Test == masterkey, spend 9692628 clocks.
	Have 4 results, spent 10007160 clocks.
num_cipher:	66
	Total vars:	84888
	Total clauses:	237616
	Test == masterkey, spend 8703919 clocks.
	Have 4 results, spent 10339034 clocks.
num_cipher:	67
	Total vars:	86168
	Total clauses:	241200
	Test == masterkey, spend 8609595 clocks.
	Have 4 results, spent 9887690 clocks.
num_cipher:	68
	Total vars:	87448
	Total clauses:	244784
	Test == masterkey, spend 8701756 clocks.
	Have 4 results, spent 9924901 clocks.
num_cipher:	69
	Total vars:	88728
	Total clauses:	248368
	Test == masterkey, spend 10157484 clocks.
	Have 4 results, spent 9959162 clocks.
num_cipher:	70
	Total vars:	90008
	Total clauses:	251952
	Test == masterkey, spend 9651399 clocks.
	Have 4 results, spent 10055200 clocks.
num_cipher:	71
	Total vars:	91288
	Total clauses:	255536
	Test == masterkey, spend 8240195 clocks.
	Have 4 results, spent 12058696 clocks.
num_cipher:	72
	Total vars:	92568
	Total clauses:	259120
	Test == masterkey, spend 9772083 clocks.
	Have 4 results, spent 10408971 clocks.
num_cipher:	73
	Total vars:	93848
	Total clauses:	262704
	Test == masterkey, spend 11389601 clocks.
	Have 4 results, spent 12166808 clocks.
num_cipher:	74
	Total vars:	95128
	Total clauses:	266288
	Test == masterkey, spend 10539608 clocks.
	Have 4 results, spent 13601840 clocks.
num_cipher:	75
	Total vars:	96408
	Total clauses:	269872
	Test == masterkey, spend 11049246 clocks.
	Have 4 results, spent 12700404 clocks.
num_cipher:	76
	Total vars:	97688
	Total clauses:	273456
	Test == masterkey, spend 10577264 clocks.
	Have 4 results, spent 13882261 clocks.
num_cipher:	77
	Total vars:	98968
	Total clauses:	277040
	Test == masterkey, spend 12186431 clocks.
	Have 4 results, spent 13097292 clocks.
num_cipher:	78
	Total vars:	100248
	Total clauses:	280624
	Test == masterkey, spend 12517838 clocks.
	Have 4 results, spent 13351242 clocks.
num_cipher:	79
	Total vars:	101528
	Total clauses:	284208
	Test == masterkey, spend 11871394 clocks.
	Have 4 results, spent 14058952 clocks.
num_cipher:	80
	Total vars:	102808
	Total clauses:	287792
	Test == masterkey, spend 12569504 clocks.
	Have 4 results, spent 14473310 clocks.
---------------------------------------------------------------------------------------------------
	Command being timed: "./bin/present80NSNK 1 7 25 80"
	User time (seconds): 867.69
	System time (seconds): 3.85
	Percent of CPU this job got: 99%
	Elapsed (wall clock) time (h:mm:ss or m:ss): 14:32.43
	Average shared text size (kbytes): 0
	Average unshared data size (kbytes): 0
	Average stack size (kbytes): 0
	Average total size (kbytes): 0
	Maximum resident set size (kbytes): 128764
	Average resident set size (kbytes): 0
	Major (requiring I/O) page faults: 0
	Minor (reclaiming a frame) page faults: 264343
	Voluntary context switches: 1
	Involuntary context switches: 4749
	Swaps: 0
	File system inputs: 0
	File system outputs: 224
	Socket messages sent: 0
	Socket messages received: 0
	Signals delivered: 0
	Page size (bytes): 4096
	Exit status: 0
