sbox:	1100 0101 0110 1011 1001 0000 1010 1101 0011 1110 1111 1000 0100 0111 0001 0010 
8 = (0+2+6')(2'+3+4'+6)(0'+2+3+4')(2+3'+4'+6)(2'+4+6'+7')(3+5'+6+7')(0'+4'+5+6')(1+4+6+7)(1'+4'+6'+7')(1+2'+3'+4)(0'+1'+3'+6)(3+4+5+7)(0'+2'+5'+7)(0+2'+3'+7)(1'+5'+6'+7)(2+4+5+6+7')(0+2'+5+6)(0'+1+4+5')(0+1'+4+5')(1+3+4'+5)(1+3'+4'+5'+7')(1+5+6+7')(2+3'+5+6')(1'+3+6'+7')(0+4'+5'+6')(1'+4'+6+7)
e_sbox:	1101 0101 0110 1011 1001 0000 1010 1101 0011 1110 1111 1000 0100 0111 0001 0010 
8 = (0'+2+6+7')(0+2+3+7)(0+1+2'+6)(2'+3+4'+6)(0+2+3'+4')(0'+1'+3+6')(1'+4'+6'+7')(1'+5'+6'+7)(1+5+6'+7)(1'+2'+6+7)(0'+1+2'+4)(0'+2+3'+5)(0'+2'+3'+7')(0+1'+4+7')(3'+4+5'+7)(0+4+5+6')(0'+1+2+3+5')(1+3+4'+5)(3+4+5'+7')(2'+4'+5'+7)(1+3'+5'+6'+7')(1'+3'+4'+5)(0+5'+6'+7')(4'+5'+6+7)(3+5+6+7)(1+4+5+6)(1'+3+4'+5')
PRESENT_MODE:	80
SAT_MODE:	2
	SBOX_MODE:	102
	KSR_HAVEERROR:	1
	ENCYPT_HAVEERROR:	1
AnalysesRounds:	8
MinCiphers:	25
MaxCiphers:	80
Threads:	1
Master_key:	10001010101101100100100001011011101001100000101000100100000011001010110110100111
---------------------------------------------------------------------------------------------------
num_cipher:	25
	Total vars:	37208
	Total clauses:	105072
	Test == masterkey, spend 2207803 clocks.
	Have 16 results, spent 15314139 clocks.
num_cipher:	26
	Total vars:	38680
	Total clauses:	109232
	Test == masterkey, spend 2410754 clocks.
	Have 16 results, spent 9344476 clocks.
num_cipher:	27
	Total vars:	40152
	Total clauses:	113392
	Test == masterkey, spend 2512628 clocks.
	Have 16 results, spent 6325322 clocks.
num_cipher:	28
	Total vars:	41624
	Total clauses:	117552
	Test == masterkey, spend 3217605 clocks.
	Have 16 results, spent 6396182 clocks.
num_cipher:	29
	Total vars:	43096
	Total clauses:	121712
	Test == masterkey, spend 3087118 clocks.
	Have 16 results, spent 7153927 clocks.
num_cipher:	30
	Total vars:	44568
	Total clauses:	125872
	Test == masterkey, spend 3481951 clocks.
	Have 16 results, spent 6932279 clocks.
num_cipher:	31
	Total vars:	46040
	Total clauses:	130032
	Test == masterkey, spend 3682737 clocks.
	Have 16 results, spent 8744248 clocks.
num_cipher:	32
	Total vars:	47512
	Total clauses:	134192
	Test == masterkey, spend 3685439 clocks.
	Have 16 results, spent 8160113 clocks.
num_cipher:	33
	Total vars:	48984
	Total clauses:	138352
	Test == masterkey, spend 4499065 clocks.
	Have 16 results, spent 7551831 clocks.
num_cipher:	34
	Total vars:	50456
	Total clauses:	142512
	Test == masterkey, spend 4043024 clocks.
	Have 16 results, spent 9593623 clocks.
num_cipher:	35
	Total vars:	51928
	Total clauses:	146672
	Test == masterkey, spend 5151605 clocks.
	Have 16 results, spent 9840602 clocks.
num_cipher:	36
	Total vars:	53400
	Total clauses:	150832
	Test == masterkey, spend 5528411 clocks.
	Have 16 results, spent 11444302 clocks.
num_cipher:	37
	Total vars:	54872
	Total clauses:	154992
	Test == masterkey, spend 5458556 clocks.
	Have 16 results, spent 11231917 clocks.
num_cipher:	38
	Total vars:	56344
	Total clauses:	159152
	Test == masterkey, spend 6447860 clocks.
	Have 16 results, spent 10048854 clocks.
num_cipher:	39
	Total vars:	57816
	Total clauses:	163312
	Test == masterkey, spend 5961090 clocks.
	Have 16 results, spent 10310531 clocks.
num_cipher:	40
	Total vars:	59288
	Total clauses:	167472
	Test == masterkey, spend 6080541 clocks.
	Have 16 results, spent 12310796 clocks.
num_cipher:	41
	Total vars:	60760
	Total clauses:	171632
	Test == masterkey, spend 5971008 clocks.
	Have 16 results, spent 11623055 clocks.
num_cipher:	42
	Total vars:	62232
	Total clauses:	175792
	Test == masterkey, spend 6270188 clocks.
	Have 16 results, spent 10420472 clocks.
num_cipher:	43
	Total vars:	63704
	Total clauses:	179952
	Test == masterkey, spend 5627277 clocks.
	Have 16 results, spent 13622715 clocks.
num_cipher:	44
	Total vars:	65176
	Total clauses:	184112
	Test == masterkey, spend 7329669 clocks.
	Have 16 results, spent 13897525 clocks.
num_cipher:	45
	Total vars:	66648
	Total clauses:	188272
	Test == masterkey, spend 7895037 clocks.
	Have 16 results, spent 13477733 clocks.
num_cipher:	46
	Total vars:	68120
	Total clauses:	192432
	Test == masterkey, spend 8120121 clocks.
	Have 16 results, spent 14817403 clocks.
num_cipher:	47
	Total vars:	69592
	Total clauses:	196592
	Test == masterkey, spend 8424286 clocks.
	Have 16 results, spent 15424926 clocks.
num_cipher:	48
	Total vars:	71064
	Total clauses:	200752
	Test == masterkey, spend 7373203 clocks.
	Have 16 results, spent 17554795 clocks.
num_cipher:	49
	Total vars:	72536
	Total clauses:	204912
	Test == masterkey, spend 9059938 clocks.
	Have 16 results, spent 17294115 clocks.
num_cipher:	50
	Total vars:	74008
	Total clauses:	209072
	Test == masterkey, spend 7253303 clocks.
	Have 16 results, spent 17736990 clocks.
num_cipher:	51
	Total vars:	75480
	Total clauses:	213232
	Test == masterkey, spend 9112464 clocks.
	Have 16 results, spent 16768297 clocks.
num_cipher:	52
	Total vars:	76952
	Total clauses:	217392
	Test == masterkey, spend 9601451 clocks.
	Have 16 results, spent 17140694 clocks.
num_cipher:	53
	Total vars:	78424
	Total clauses:	221552
	Test == masterkey, spend 8371967 clocks.
	Have 16 results, spent 16877161 clocks.
num_cipher:	54
	Total vars:	79896
	Total clauses:	225712
	Test == masterkey, spend 9364384 clocks.
	Have 16 results, spent 19953973 clocks.
num_cipher:	55
	Total vars:	81368
	Total clauses:	229872
	Test == masterkey, spend 10543463 clocks.
	Have 16 results, spent 19935190 clocks.
num_cipher:	56
	Total vars:	82840
	Total clauses:	234032
	Test == masterkey, spend 10776997 clocks.
	Have 16 results, spent 19235431 clocks.
num_cipher:	57
	Total vars:	84312
	Total clauses:	238192
	Test == masterkey, spend 10885379 clocks.
	Have 16 results, spent 22253912 clocks.
num_cipher:	58
	Total vars:	85784
	Total clauses:	242352
	Test == masterkey, spend 9990623 clocks.
	Have 16 results, spent 21695151 clocks.
num_cipher:	59
	Total vars:	87256
	Total clauses:	246512
	Test == masterkey, spend 9603075 clocks.
	Have 16 results, spent 22788213 clocks.
num_cipher:	60
	Total vars:	88728
	Total clauses:	250672
	Test == masterkey, spend 10726756 clocks.
	Have 16 results, spent 23535739 clocks.
num_cipher:	61
	Total vars:	90200
	Total clauses:	254832
	Test == masterkey, spend 11334668 clocks.
	Have 16 results, spent 22968091 clocks.
num_cipher:	62
	Total vars:	91672
	Total clauses:	258992
	Test == masterkey, spend 10205140 clocks.
	Have 16 results, spent 25173379 clocks.
num_cipher:	63
	Total vars:	93144
	Total clauses:	263152
	Test == masterkey, spend 12207935 clocks.
	Have 16 results, spent 25459549 clocks.
num_cipher:	64
	Total vars:	94616
	Total clauses:	267312
	Test == masterkey, spend 12364897 clocks.
	Have 16 results, spent 26906269 clocks.
num_cipher:	65
	Total vars:	96088
	Total clauses:	271472
	Test == masterkey, spend 12257732 clocks.
	Have 16 results, spent 26649349 clocks.
num_cipher:	66
	Total vars:	97560
	Total clauses:	275632
	Test == masterkey, spend 9633109 clocks.
	Have 16 results, spent 28266175 clocks.
num_cipher:	67
	Total vars:	99032
	Total clauses:	279792
	Test == masterkey, spend 10868423 clocks.
	Have 16 results, spent 29043133 clocks.
num_cipher:	68
	Total vars:	100504
	Total clauses:	283952
	Test == masterkey, spend 12457552 clocks.
	Have 16 results, spent 26789343 clocks.
num_cipher:	69
	Total vars:	101976
	Total clauses:	288112
	Test == masterkey, spend 11316351 clocks.
	Have 16 results, spent 25323226 clocks.
num_cipher:	70
	Total vars:	103448
	Total clauses:	292272
	Test == masterkey, spend 12527816 clocks.
	Have 16 results, spent 27840208 clocks.
num_cipher:	71
	Total vars:	104920
	Total clauses:	296432
	Test == masterkey, spend 15143478 clocks.
	Have 16 results, spent 32883552 clocks.
num_cipher:	72
	Total vars:	106392
	Total clauses:	300592
	Test == masterkey, spend 15389617 clocks.
	Have 16 results, spent 31019705 clocks.
num_cipher:	73
	Total vars:	107864
	Total clauses:	304752
	Test == masterkey, spend 16792285 clocks.
	Have 16 results, spent 31262972 clocks.
num_cipher:	74
	Total vars:	109336
	Total clauses:	308912
	Test == masterkey, spend 13558014 clocks.
	Have 16 results, spent 31175636 clocks.
num_cipher:	75
	Total vars:	110808
	Total clauses:	313072
	Test == masterkey, spend 20135692 clocks.
	Have 16 results, spent 31090113 clocks.
num_cipher:	76
	Total vars:	112280
	Total clauses:	317232
	Test == masterkey, spend 20512650 clocks.
	Have 16 results, spent 35676094 clocks.
num_cipher:	77
	Total vars:	113752
	Total clauses:	321392
	Test == masterkey, spend 22973539 clocks.
	Have 16 results, spent 36670328 clocks.
num_cipher:	78
	Total vars:	115224
	Total clauses:	325552
	Test == masterkey, spend 20288873 clocks.
	Have 16 results, spent 40049825 clocks.
num_cipher:	79
	Total vars:	116696
	Total clauses:	329712
	Test == masterkey, spend 23898122 clocks.
	Have 16 results, spent 34413258 clocks.
num_cipher:	80
	Total vars:	118168
	Total clauses:	333872
	Test == masterkey, spend 22167172 clocks.
	Have 16 results, spent 33460020 clocks.
---------------------------------------------------------------------------------------------------
	Command being timed: "./bin/present80NSNK 1 8 25 80"
	User time (seconds): 1707.15
	System time (seconds): 1.52
	Percent of CPU this job got: 99%
	Elapsed (wall clock) time (h:mm:ss or m:ss): 28:28.91
	Average shared text size (kbytes): 0
	Average unshared data size (kbytes): 0
	Average stack size (kbytes): 0
	Average total size (kbytes): 0
	Maximum resident set size (kbytes): 140556
	Average resident set size (kbytes): 0
	Major (requiring I/O) page faults: 0
	Minor (reclaiming a frame) page faults: 119827
	Voluntary context switches: 1
	Involuntary context switches: 2562
	Swaps: 0
	File system inputs: 0
	File system outputs: 856
	Socket messages sent: 0
	Socket messages received: 0
	Signals delivered: 0
	Page size (bytes): 4096
	Exit status: 0
