sbox:	1100 0101 0110 1011 1001 0000 1010 1101 0011 1110 1111 1000 0100 0111 0001 0010 
8 = (0+2+6')(2'+3+4'+6)(0'+2+3+4')(2+3'+4'+6)(2'+4+6'+7')(3+5'+6+7')(0'+4'+5+6')(1+4+6+7)(1'+4'+6'+7')(1+2'+3'+4)(0'+1'+3'+6)(3+4+5+7)(0'+2'+5'+7)(0+2'+3'+7)(1'+5'+6'+7)(2+4+5+6+7')(0+2'+5+6)(0'+1+4+5')(0+1'+4+5')(1+3+4'+5)(1+3'+4'+5'+7')(1+5+6+7')(2+3'+5+6')(1'+3+6'+7')(0+4'+5'+6')(1'+4'+6+7)
e_sbox:	1101 0101 0110 1011 1001 0000 1010 1101 0011 1110 1111 1000 0100 0111 0001 0010 
8 = (0'+2+6+7')(0+2+3+7)(0+1+2'+6)(2'+3+4'+6)(0+2+3'+4')(0'+1'+3+6')(1'+4'+6'+7')(1'+5'+6'+7)(1+5+6'+7)(1'+2'+6+7)(0'+1+2'+4)(0'+2+3'+5)(0'+2'+3'+7')(0+1'+4+7')(3'+4+5'+7)(0+4+5+6')(0'+1+2+3+5')(1+3+4'+5)(3+4+5'+7')(2'+4'+5'+7)(1+3'+5'+6'+7')(1'+3'+4'+5)(0+5'+6'+7')(4'+5'+6+7)(3+5+6+7)(1+4+5+6)(1'+3+4'+5')
PRESENT_MODE:	80
SAT_MODE:	2
	SBOX_MODE:	102
	KSR_HAVEERROR:	1
	ENCYPT_HAVEERROR:	1
AnalysesRounds:	8
MinCiphers:	25
MaxCiphers:	80
Threads:	1
Master_key:	11010001001110100111110111011110001100110111101100101110100111010101101101001010
---------------------------------------------------------------------------------------------------
num_cipher:	25
	Total vars:	37208
	Total clauses:	105072
	Test == masterkey, spend 1840450 clocks.
	Have 4 results, spent 5272689 clocks.
num_cipher:	26
	Total vars:	38680
	Total clauses:	109232
	Test == masterkey, spend 2331412 clocks.
	Have 4 results, spent 4028119 clocks.
num_cipher:	27
	Total vars:	40152
	Total clauses:	113392
	Test == masterkey, spend 2790240 clocks.
	Have 4 results, spent 5060614 clocks.
num_cipher:	28
	Total vars:	41624
	Total clauses:	117552
	Test == masterkey, spend 2279195 clocks.
	Have 4 results, spent 5855034 clocks.
num_cipher:	29
	Total vars:	43096
	Total clauses:	121712
	Test == masterkey, spend 3525412 clocks.
	Have 4 results, spent 5084346 clocks.
num_cipher:	30
	Total vars:	44568
	Total clauses:	125872
	Test == masterkey, spend 3353429 clocks.
	Have 4 results, spent 5183025 clocks.
num_cipher:	31
	Total vars:	46040
	Total clauses:	130032
	Test == masterkey, spend 4067785 clocks.
	Have 4 results, spent 5968099 clocks.
num_cipher:	32
	Total vars:	47512
	Total clauses:	134192
	Test == masterkey, spend 4120076 clocks.
	Have 4 results, spent 7593116 clocks.
num_cipher:	33
	Total vars:	48984
	Total clauses:	138352
	Test == masterkey, spend 3838646 clocks.
	Have 4 results, spent 5768117 clocks.
num_cipher:	34
	Total vars:	50456
	Total clauses:	142512
	Test == masterkey, spend 4180520 clocks.
	Have 4 results, spent 5703028 clocks.
num_cipher:	35
	Total vars:	51928
	Total clauses:	146672
	Test == masterkey, spend 4284214 clocks.
	Have 4 results, spent 6142859 clocks.
num_cipher:	36
	Total vars:	53400
	Total clauses:	150832
	Test == masterkey, spend 4924710 clocks.
	Have 4 results, spent 5514948 clocks.
num_cipher:	37
	Total vars:	54872
	Total clauses:	154992
	Test == masterkey, spend 5375446 clocks.
	Have 4 results, spent 5304279 clocks.
num_cipher:	38
	Total vars:	56344
	Total clauses:	159152
	Test == masterkey, spend 5766564 clocks.
	Have 4 results, spent 8062339 clocks.
num_cipher:	39
	Total vars:	57816
	Total clauses:	163312
	Test == masterkey, spend 6535885 clocks.
	Have 4 results, spent 7086913 clocks.
num_cipher:	40
	Total vars:	59288
	Total clauses:	167472
	Test == masterkey, spend 6499102 clocks.
	Have 4 results, spent 7380291 clocks.
num_cipher:	41
	Total vars:	60760
	Total clauses:	171632
	Test == masterkey, spend 5850439 clocks.
	Have 4 results, spent 7774275 clocks.
num_cipher:	42
	Total vars:	62232
	Total clauses:	175792
	Test == masterkey, spend 6166478 clocks.
	Have 4 results, spent 7739152 clocks.
num_cipher:	43
	Total vars:	63704
	Total clauses:	179952
	Test == masterkey, spend 7320755 clocks.
	Have 4 results, spent 7760439 clocks.
num_cipher:	44
	Total vars:	65176
	Total clauses:	184112
	Test == masterkey, spend 7055332 clocks.
	Have 4 results, spent 6588089 clocks.
num_cipher:	45
	Total vars:	66648
	Total clauses:	188272
	Test == masterkey, spend 6902296 clocks.
	Have 4 results, spent 6734295 clocks.
num_cipher:	46
	Total vars:	68120
	Total clauses:	192432
	Test == masterkey, spend 7240398 clocks.
	Have 4 results, spent 8729752 clocks.
num_cipher:	47
	Total vars:	69592
	Total clauses:	196592
	Test == masterkey, spend 8258067 clocks.
	Have 4 results, spent 8310411 clocks.
num_cipher:	48
	Total vars:	71064
	Total clauses:	200752
	Test == masterkey, spend 7847525 clocks.
	Have 4 results, spent 8885518 clocks.
num_cipher:	49
	Total vars:	72536
	Total clauses:	204912
	Test == masterkey, spend 7233661 clocks.
	Have 4 results, spent 8678634 clocks.
num_cipher:	50
	Total vars:	74008
	Total clauses:	209072
	Test == masterkey, spend 7520572 clocks.
	Have 4 results, spent 9339221 clocks.
num_cipher:	51
	Total vars:	75480
	Total clauses:	213232
	Test == masterkey, spend 8280532 clocks.
	Have 4 results, spent 10029605 clocks.
num_cipher:	52
	Total vars:	76952
	Total clauses:	217392
	Test == masterkey, spend 7763731 clocks.
	Have 4 results, spent 9641606 clocks.
num_cipher:	53
	Total vars:	78424
	Total clauses:	221552
	Test == masterkey, spend 8766454 clocks.
	Have 4 results, spent 11008432 clocks.
num_cipher:	54
	Total vars:	79896
	Total clauses:	225712
	Test == masterkey, spend 8899311 clocks.
	Have 4 results, spent 9287141 clocks.
num_cipher:	55
	Total vars:	81368
	Total clauses:	229872
	Test == masterkey, spend 9730719 clocks.
	Have 4 results, spent 11196641 clocks.
num_cipher:	56
	Total vars:	82840
	Total clauses:	234032
	Test == masterkey, spend 10441215 clocks.
	Have 4 results, spent 12381081 clocks.
num_cipher:	57
	Total vars:	84312
	Total clauses:	238192
	Test == masterkey, spend 10065484 clocks.
	Have 4 results, spent 13651155 clocks.
num_cipher:	58
	Total vars:	85784
	Total clauses:	242352
	Test == masterkey, spend 10530985 clocks.
	Have 4 results, spent 14267295 clocks.
num_cipher:	59
	Total vars:	87256
	Total clauses:	246512
	Test == masterkey, spend 12408726 clocks.
	Have 4 results, spent 16611925 clocks.
num_cipher:	60
	Total vars:	88728
	Total clauses:	250672
	Test == masterkey, spend 11722672 clocks.
	Have 4 results, spent 12599329 clocks.
num_cipher:	61
	Total vars:	90200
	Total clauses:	254832
	Test == masterkey, spend 11063651 clocks.
	Have 4 results, spent 15315310 clocks.
num_cipher:	62
	Total vars:	91672
	Total clauses:	258992
	Test == masterkey, spend 12180675 clocks.
	Have 4 results, spent 14273786 clocks.
num_cipher:	63
	Total vars:	93144
	Total clauses:	263152
	Test == masterkey, spend 10856001 clocks.
	Have 4 results, spent 14314412 clocks.
num_cipher:	64
	Total vars:	94616
	Total clauses:	267312
	Test == masterkey, spend 10903013 clocks.
	Have 4 results, spent 15646505 clocks.
num_cipher:	65
	Total vars:	96088
	Total clauses:	271472
	Test == masterkey, spend 12278439 clocks.
	Have 4 results, spent 16428571 clocks.
num_cipher:	66
	Total vars:	97560
	Total clauses:	275632
	Test == masterkey, spend 12744060 clocks.
	Have 4 results, spent 17220654 clocks.
num_cipher:	67
	Total vars:	99032
	Total clauses:	279792
	Test == masterkey, spend 14305186 clocks.
	Have 4 results, spent 14247782 clocks.
num_cipher:	68
	Total vars:	100504
	Total clauses:	283952
	Test == masterkey, spend 12467470 clocks.
	Have 4 results, spent 19036439 clocks.
num_cipher:	69
	Total vars:	101976
	Total clauses:	288112
	Test == masterkey, spend 12063116 clocks.
	Have 4 results, spent 13238796 clocks.
num_cipher:	70
	Total vars:	103448
	Total clauses:	292272
	Test == masterkey, spend 12351190 clocks.
	Have 4 results, spent 18292765 clocks.
num_cipher:	71
	Total vars:	104920
	Total clauses:	296432
	Test == masterkey, spend 14253271 clocks.
	Have 4 results, spent 18834686 clocks.
num_cipher:	72
	Total vars:	106392
	Total clauses:	300592
	Test == masterkey, spend 13291385 clocks.
	Have 4 results, spent 19359201 clocks.
num_cipher:	73
	Total vars:	107864
	Total clauses:	304752
	Test == masterkey, spend 12590540 clocks.
	Have 4 results, spent 21095815 clocks.
num_cipher:	74
	Total vars:	109336
	Total clauses:	308912
	Test == masterkey, spend 13433249 clocks.
	Have 4 results, spent 17682878 clocks.
num_cipher:	75
	Total vars:	110808
	Total clauses:	313072
	Test == masterkey, spend 14802487 clocks.
	Have 4 results, spent 20953054 clocks.
num_cipher:	76
	Total vars:	112280
	Total clauses:	317232
	Test == masterkey, spend 15214953 clocks.
	Have 4 results, spent 18008469 clocks.
num_cipher:	77
	Total vars:	113752
	Total clauses:	321392
	Test == masterkey, spend 14504821 clocks.
	Have 4 results, spent 18530166 clocks.
num_cipher:	78
	Total vars:	115224
	Total clauses:	325552
	Test == masterkey, spend 16260255 clocks.
	Have 4 results, spent 21261160 clocks.
num_cipher:	79
	Total vars:	116696
	Total clauses:	329712
	Test == masterkey, spend 14908213 clocks.
	Have 4 results, spent 24213143 clocks.
num_cipher:	80
	Total vars:	118168
	Total clauses:	333872
	Test == masterkey, spend 15326597 clocks.
	Have 4 results, spent 19537227 clocks.
---------------------------------------------------------------------------------------------------
	Command being timed: "./bin/present80NSNK 1 8 25 80"
	User time (seconds): 1221.80
	System time (seconds): 1.22
	Percent of CPU this job got: 99%
	Elapsed (wall clock) time (h:mm:ss or m:ss): 20:23.50
	Average shared text size (kbytes): 0
	Average unshared data size (kbytes): 0
	Average stack size (kbytes): 0
	Average total size (kbytes): 0
	Maximum resident set size (kbytes): 143584
	Average resident set size (kbytes): 0
	Major (requiring I/O) page faults: 0
	Minor (reclaiming a frame) page faults: 156173
	Voluntary context switches: 2
	Involuntary context switches: 6248
	Swaps: 0
	File system inputs: 0
	File system outputs: 272
	Socket messages sent: 0
	Socket messages received: 0
	Signals delivered: 0
	Page size (bytes): 4096
	Exit status: 0
