sbox:	1100 0101 0110 1011 1001 0000 1010 1101 0011 1110 1111 1000 0100 0111 0001 0010 
8 = (0+2+6')(2'+3+4'+6)(0'+2+3+4')(2+3'+4'+6)(2'+4+6'+7')(3+5'+6+7')(0'+4'+5+6')(1+4+6+7)(1'+4'+6'+7')(1+2'+3'+4)(0'+1'+3'+6)(3+4+5+7)(0'+2'+5'+7)(0+2'+3'+7)(1'+5'+6'+7)(2+4+5+6+7')(0+2'+5+6)(0'+1+4+5')(0+1'+4+5')(1+3+4'+5)(1+3'+4'+5'+7')(1+5+6+7')(2+3'+5+6')(1'+3+6'+7')(0+4'+5'+6')(1'+4'+6+7)
e_sbox:	1101 0101 0110 1011 1001 0000 1010 1101 0011 1110 1111 1000 0100 0111 0001 0010 
8 = (0'+2+6+7')(0+2+3+7)(0+1+2'+6)(2'+3+4'+6)(0+2+3'+4')(0'+1'+3+6')(1'+4'+6'+7')(1'+5'+6'+7)(1+5+6'+7)(1'+2'+6+7)(0'+1+2'+4)(0'+2+3'+5)(0'+2'+3'+7')(0+1'+4+7')(3'+4+5'+7)(0+4+5+6')(0'+1+2+3+5')(1+3+4'+5)(3+4+5'+7')(2'+4'+5'+7)(1+3'+5'+6'+7')(1'+3'+4'+5)(0+5'+6'+7')(4'+5'+6+7)(3+5+6+7)(1+4+5+6)(1'+3+4'+5')
PRESENT_MODE:	80
SAT_MODE:	2
	SBOX_MODE:	102
	KSR_HAVEERROR:	1
	ENCYPT_HAVEERROR:	1
AnalysesRounds:	8
MinCiphers:	25
MaxCiphers:	80
Threads:	1
Master_key:	01001011111101011001111111101110111010101001000111000100001110110111111110111111
---------------------------------------------------------------------------------------------------
num_cipher:	25
	Total vars:	37208
	Total clauses:	105072
	Test == masterkey, spend 2186987 clocks.
	Have 4 results, spent 8148901 clocks.
num_cipher:	26
	Total vars:	38680
	Total clauses:	109232
	Test == masterkey, spend 2275204 clocks.
	Have 4 results, spent 5198241 clocks.
num_cipher:	27
	Total vars:	40152
	Total clauses:	113392
	Test == masterkey, spend 2525093 clocks.
	Have 4 results, spent 4795961 clocks.
num_cipher:	28
	Total vars:	41624
	Total clauses:	117552
	Test == masterkey, spend 2668236 clocks.
	Have 4 results, spent 4511349 clocks.
num_cipher:	29
	Total vars:	43096
	Total clauses:	121712
	Test == masterkey, spend 2829923 clocks.
	Have 4 results, spent 4430097 clocks.
num_cipher:	30
	Total vars:	44568
	Total clauses:	125872
	Test == masterkey, spend 3305947 clocks.
	Have 4 results, spent 4297931 clocks.
num_cipher:	31
	Total vars:	46040
	Total clauses:	130032
	Test == masterkey, spend 3357064 clocks.
	Have 4 results, spent 4214311 clocks.
num_cipher:	32
	Total vars:	47512
	Total clauses:	134192
	Test == masterkey, spend 2919622 clocks.
	Have 4 results, spent 3875765 clocks.
num_cipher:	33
	Total vars:	48984
	Total clauses:	138352
	Test == masterkey, spend 4085276 clocks.
	Have 4 results, spent 5175395 clocks.
num_cipher:	34
	Total vars:	50456
	Total clauses:	142512
	Test == masterkey, spend 3764031 clocks.
	Have 4 results, spent 5350189 clocks.
num_cipher:	35
	Total vars:	51928
	Total clauses:	146672
	Test == masterkey, spend 4393448 clocks.
	Have 4 results, spent 5104685 clocks.
num_cipher:	36
	Total vars:	53400
	Total clauses:	150832
	Test == masterkey, spend 4589217 clocks.
	Have 4 results, spent 5193868 clocks.
num_cipher:	37
	Total vars:	54872
	Total clauses:	154992
	Test == masterkey, spend 5196964 clocks.
	Have 4 results, spent 5204527 clocks.
num_cipher:	38
	Total vars:	56344
	Total clauses:	159152
	Test == masterkey, spend 5550723 clocks.
	Have 4 results, spent 5038382 clocks.
num_cipher:	39
	Total vars:	57816
	Total clauses:	163312
	Test == masterkey, spend 5663266 clocks.
	Have 4 results, spent 6424522 clocks.
num_cipher:	40
	Total vars:	59288
	Total clauses:	167472
	Test == masterkey, spend 5518050 clocks.
	Have 4 results, spent 5904211 clocks.
num_cipher:	41
	Total vars:	60760
	Total clauses:	171632
	Test == masterkey, spend 5920361 clocks.
	Have 4 results, spent 6396312 clocks.
num_cipher:	42
	Total vars:	62232
	Total clauses:	175792
	Test == masterkey, spend 6314692 clocks.
	Have 4 results, spent 6898969 clocks.
num_cipher:	43
	Total vars:	63704
	Total clauses:	179952
	Test == masterkey, spend 5764132 clocks.
	Have 4 results, spent 6680213 clocks.
num_cipher:	44
	Total vars:	65176
	Total clauses:	184112
	Test == masterkey, spend 6231292 clocks.
	Have 4 results, spent 7951973 clocks.
num_cipher:	45
	Total vars:	66648
	Total clauses:	188272
	Test == masterkey, spend 7222231 clocks.
	Have 4 results, spent 6690752 clocks.
num_cipher:	46
	Total vars:	68120
	Total clauses:	192432
	Test == masterkey, spend 6725905 clocks.
	Have 4 results, spent 8481190 clocks.
num_cipher:	47
	Total vars:	69592
	Total clauses:	196592
	Test == masterkey, spend 6923975 clocks.
	Have 4 results, spent 7943355 clocks.
num_cipher:	48
	Total vars:	71064
	Total clauses:	200752
	Test == masterkey, spend 7341476 clocks.
	Have 4 results, spent 8618809 clocks.
num_cipher:	49
	Total vars:	72536
	Total clauses:	204912
	Test == masterkey, spend 7436832 clocks.
	Have 4 results, spent 8800137 clocks.
num_cipher:	50
	Total vars:	74008
	Total clauses:	209072
	Test == masterkey, spend 6731168 clocks.
	Have 4 results, spent 7516455 clocks.
num_cipher:	51
	Total vars:	75480
	Total clauses:	213232
	Test == masterkey, spend 8105676 clocks.
	Have 4 results, spent 8047564 clocks.
num_cipher:	52
	Total vars:	76952
	Total clauses:	217392
	Test == masterkey, spend 7256670 clocks.
	Have 4 results, spent 9195452 clocks.
num_cipher:	53
	Total vars:	78424
	Total clauses:	221552
	Test == masterkey, spend 6765207 clocks.
	Have 4 results, spent 8725671 clocks.
num_cipher:	54
	Total vars:	79896
	Total clauses:	225712
	Test == masterkey, spend 9107257 clocks.
	Have 4 results, spent 10016531 clocks.
num_cipher:	55
	Total vars:	81368
	Total clauses:	229872
	Test == masterkey, spend 8131547 clocks.
	Have 4 results, spent 11655758 clocks.
num_cipher:	56
	Total vars:	82840
	Total clauses:	234032
	Test == masterkey, spend 8518614 clocks.
	Have 4 results, spent 10700557 clocks.
num_cipher:	57
	Total vars:	84312
	Total clauses:	238192
	Test == masterkey, spend 8365392 clocks.
	Have 4 results, spent 10523142 clocks.
num_cipher:	58
	Total vars:	85784
	Total clauses:	242352
	Test == masterkey, spend 8262086 clocks.
	Have 4 results, spent 10952293 clocks.
num_cipher:	59
	Total vars:	87256
	Total clauses:	246512
	Test == masterkey, spend 8828928 clocks.
	Have 4 results, spent 11877041 clocks.
num_cipher:	60
	Total vars:	88728
	Total clauses:	250672
	Test == masterkey, spend 9124297 clocks.
	Have 4 results, spent 10783025 clocks.
num_cipher:	61
	Total vars:	90200
	Total clauses:	254832
	Test == masterkey, spend 9273258 clocks.
	Have 4 results, spent 11444995 clocks.
num_cipher:	62
	Total vars:	91672
	Total clauses:	258992
	Test == masterkey, spend 8839821 clocks.
	Have 4 results, spent 12167451 clocks.
num_cipher:	63
	Total vars:	93144
	Total clauses:	263152
	Test == masterkey, spend 11154645 clocks.
	Have 4 results, spent 13246741 clocks.
num_cipher:	64
	Total vars:	94616
	Total clauses:	267312
	Test == masterkey, spend 11708218 clocks.
	Have 4 results, spent 14201226 clocks.
num_cipher:	65
	Total vars:	96088
	Total clauses:	271472
	Test == masterkey, spend 12211059 clocks.
	Have 4 results, spent 14657663 clocks.
num_cipher:	66
	Total vars:	97560
	Total clauses:	275632
	Test == masterkey, spend 12528243 clocks.
	Have 4 results, spent 13184887 clocks.
num_cipher:	67
	Total vars:	99032
	Total clauses:	279792
	Test == masterkey, spend 12597597 clocks.
	Have 4 results, spent 15763172 clocks.
num_cipher:	68
	Total vars:	100504
	Total clauses:	283952
	Test == masterkey, spend 11892588 clocks.
	Have 4 results, spent 16371884 clocks.
num_cipher:	69
	Total vars:	101976
	Total clauses:	288112
	Test == masterkey, spend 13433105 clocks.
	Have 4 results, spent 17641264 clocks.
num_cipher:	70
	Total vars:	103448
	Total clauses:	292272
	Test == masterkey, spend 12807209 clocks.
	Have 4 results, spent 17634350 clocks.
num_cipher:	71
	Total vars:	104920
	Total clauses:	296432
	Test == masterkey, spend 13119846 clocks.
	Have 4 results, spent 18057377 clocks.
num_cipher:	72
	Total vars:	106392
	Total clauses:	300592
	Test == masterkey, spend 13954566 clocks.
	Have 4 results, spent 18060383 clocks.
num_cipher:	73
	Total vars:	107864
	Total clauses:	304752
	Test == masterkey, spend 14458935 clocks.
	Have 4 results, spent 18549087 clocks.
num_cipher:	74
	Total vars:	109336
	Total clauses:	308912
	Test == masterkey, spend 15974627 clocks.
	Have 4 results, spent 16525447 clocks.
num_cipher:	75
	Total vars:	110808
	Total clauses:	313072
	Test == masterkey, spend 14473696 clocks.
	Have 4 results, spent 17991847 clocks.
num_cipher:	76
	Total vars:	112280
	Total clauses:	317232
	Test == masterkey, spend 15975511 clocks.
	Have 4 results, spent 20926250 clocks.
num_cipher:	77
	Total vars:	113752
	Total clauses:	321392
	Test == masterkey, spend 16397789 clocks.
	Have 4 results, spent 20933721 clocks.
num_cipher:	78
	Total vars:	115224
	Total clauses:	325552
	Test == masterkey, spend 15747188 clocks.
	Have 4 results, spent 21869502 clocks.
num_cipher:	79
	Total vars:	116696
	Total clauses:	329712
	Test == masterkey, spend 15847480 clocks.
	Have 4 results, spent 18535525 clocks.
num_cipher:	80
	Total vars:	118168
	Total clauses:	333872
	Test == masterkey, spend 16859448 clocks.
	Have 4 results, spent 19740156 clocks.
---------------------------------------------------------------------------------------------------
	Command being timed: "./bin/present80NSNK 1 8 25 80"
	User time (seconds): 1139.69
	System time (seconds): 1.15
	Percent of CPU this job got: 99%
	Elapsed (wall clock) time (h:mm:ss or m:ss): 19:01.02
	Average shared text size (kbytes): 0
	Average unshared data size (kbytes): 0
	Average stack size (kbytes): 0
	Average total size (kbytes): 0
	Maximum resident set size (kbytes): 141788
	Average resident set size (kbytes): 0
	Major (requiring I/O) page faults: 0
	Minor (reclaiming a frame) page faults: 167993
	Voluntary context switches: 1
	Involuntary context switches: 3285
	Swaps: 0
	File system inputs: 0
	File system outputs: 824
	Socket messages sent: 0
	Socket messages received: 0
	Signals delivered: 0
	Page size (bytes): 4096
	Exit status: 0
