sbox:	1100 0101 0110 1011 1001 0000 1010 1101 0011 1110 1111 1000 0100 0111 0001 0010 
8 = (0+2+6')(2'+3+4'+6)(0'+2+3+4')(2+3'+4'+6)(2'+4+6'+7')(3+5'+6+7')(0'+4'+5+6')(1+4+6+7)(1'+4'+6'+7')(1+2'+3'+4)(0'+1'+3'+6)(3+4+5+7)(0'+2'+5'+7)(0+2'+3'+7)(1'+5'+6'+7)(2+4+5+6+7')(0+2'+5+6)(0'+1+4+5')(0+1'+4+5')(1+3+4'+5)(1+3'+4'+5'+7')(1+5+6+7')(2+3'+5+6')(1'+3+6'+7')(0+4'+5'+6')(1'+4'+6+7)
e_sbox:	1101 0101 0110 1011 1001 0000 1010 1101 0011 1110 1111 1000 0100 0111 0001 0010 
8 = (0'+2+6+7')(0+2+3+7)(0+1+2'+6)(2'+3+4'+6)(0+2+3'+4')(0'+1'+3+6')(1'+4'+6'+7')(1'+5'+6'+7)(1+5+6'+7)(1'+2'+6+7)(0'+1+2'+4)(0'+2+3'+5)(0'+2'+3'+7')(0+1'+4+7')(3'+4+5'+7)(0+4+5+6')(0'+1+2+3+5')(1+3+4'+5)(3+4+5'+7')(2'+4'+5'+7)(1+3'+5'+6'+7')(1'+3'+4'+5)(0+5'+6'+7')(4'+5'+6+7)(3+5+6+7)(1+4+5+6)(1'+3+4'+5')
PRESENT_MODE:	80
SAT_MODE:	2
	SBOX_MODE:	102
	KSR_HAVEERROR:	1
	ENCYPT_HAVEERROR:	1
AnalysesRounds:	8
MinCiphers:	25
MaxCiphers:	80
Threads:	1
Master_key:	10101001100001011101001111011001110101110001010010111010000001100001111001100000
---------------------------------------------------------------------------------------------------
num_cipher:	25
	Total vars:	37208
	Total clauses:	105072
	Test == masterkey, spend 2157006 clocks.
	Have 16 results, spent 8306607 clocks.
num_cipher:	26
	Total vars:	38680
	Total clauses:	109232
	Test == masterkey, spend 2420912 clocks.
	Have 16 results, spent 8613708 clocks.
num_cipher:	27
	Total vars:	40152
	Total clauses:	113392
	Test == masterkey, spend 2106979 clocks.
	Have 16 results, spent 5837919 clocks.
num_cipher:	28
	Total vars:	41624
	Total clauses:	117552
	Test == masterkey, spend 2569472 clocks.
	Have 16 results, spent 8396449 clocks.
num_cipher:	29
	Total vars:	43096
	Total clauses:	121712
	Test == masterkey, spend 2860908 clocks.
	Have 16 results, spent 7433360 clocks.
num_cipher:	30
	Total vars:	44568
	Total clauses:	125872
	Test == masterkey, spend 2638349 clocks.
	Have 16 results, spent 6697553 clocks.
num_cipher:	31
	Total vars:	46040
	Total clauses:	130032
	Test == masterkey, spend 3302974 clocks.
	Have 16 results, spent 6104943 clocks.
num_cipher:	32
	Total vars:	47512
	Total clauses:	134192
	Test == masterkey, spend 3591097 clocks.
	Have 16 results, spent 6645621 clocks.
num_cipher:	33
	Total vars:	48984
	Total clauses:	138352
	Test == masterkey, spend 3641533 clocks.
	Have 16 results, spent 5846940 clocks.
num_cipher:	34
	Total vars:	50456
	Total clauses:	142512
	Test == masterkey, spend 3724372 clocks.
	Have 16 results, spent 6573380 clocks.
num_cipher:	35
	Total vars:	51928
	Total clauses:	146672
	Test == masterkey, spend 4751014 clocks.
	Have 16 results, spent 6106818 clocks.
num_cipher:	36
	Total vars:	53400
	Total clauses:	150832
	Test == masterkey, spend 4296388 clocks.
	Have 16 results, spent 6025876 clocks.
num_cipher:	37
	Total vars:	54872
	Total clauses:	154992
	Test == masterkey, spend 4872736 clocks.
	Have 16 results, spent 7631611 clocks.
num_cipher:	38
	Total vars:	56344
	Total clauses:	159152
	Test == masterkey, spend 5378671 clocks.
	Have 16 results, spent 8141229 clocks.
num_cipher:	39
	Total vars:	57816
	Total clauses:	163312
	Test == masterkey, spend 5314504 clocks.
	Have 16 results, spent 9163167 clocks.
num_cipher:	40
	Total vars:	59288
	Total clauses:	167472
	Test == masterkey, spend 5062449 clocks.
	Have 16 results, spent 10380408 clocks.
num_cipher:	41
	Total vars:	60760
	Total clauses:	171632
	Test == masterkey, spend 5324013 clocks.
	Have 16 results, spent 9999087 clocks.
num_cipher:	42
	Total vars:	62232
	Total clauses:	175792
	Test == masterkey, spend 5250135 clocks.
	Have 16 results, spent 10607543 clocks.
num_cipher:	43
	Total vars:	63704
	Total clauses:	179952
	Test == masterkey, spend 6427007 clocks.
	Have 16 results, spent 9747570 clocks.
num_cipher:	44
	Total vars:	65176
	Total clauses:	184112
	Test == masterkey, spend 6403568 clocks.
	Have 16 results, spent 13439224 clocks.
num_cipher:	45
	Total vars:	66648
	Total clauses:	188272
	Test == masterkey, spend 7339571 clocks.
	Have 16 results, spent 11312553 clocks.
num_cipher:	46
	Total vars:	68120
	Total clauses:	192432
	Test == masterkey, spend 5688780 clocks.
	Have 16 results, spent 12794560 clocks.
num_cipher:	47
	Total vars:	69592
	Total clauses:	196592
	Test == masterkey, spend 7036646 clocks.
	Have 16 results, spent 14451900 clocks.
num_cipher:	48
	Total vars:	71064
	Total clauses:	200752
	Test == masterkey, spend 6846169 clocks.
	Have 16 results, spent 13454447 clocks.
num_cipher:	49
	Total vars:	72536
	Total clauses:	204912
	Test == masterkey, spend 7088121 clocks.
	Have 16 results, spent 12898304 clocks.
num_cipher:	50
	Total vars:	74008
	Total clauses:	209072
	Test == masterkey, spend 6580330 clocks.
	Have 16 results, spent 14295156 clocks.
num_cipher:	51
	Total vars:	75480
	Total clauses:	213232
	Test == masterkey, spend 7644830 clocks.
	Have 16 results, spent 15062433 clocks.
num_cipher:	52
	Total vars:	76952
	Total clauses:	217392
	Test == masterkey, spend 6808816 clocks.
	Have 16 results, spent 13963840 clocks.
num_cipher:	53
	Total vars:	78424
	Total clauses:	221552
	Test == masterkey, spend 7872852 clocks.
	Have 16 results, spent 13872042 clocks.
num_cipher:	54
	Total vars:	79896
	Total clauses:	225712
	Test == masterkey, spend 8329752 clocks.
	Have 16 results, spent 16568903 clocks.
num_cipher:	55
	Total vars:	81368
	Total clauses:	229872
	Test == masterkey, spend 7921309 clocks.
	Have 16 results, spent 14350735 clocks.
num_cipher:	56
	Total vars:	82840
	Total clauses:	234032
	Test == masterkey, spend 8301217 clocks.
	Have 16 results, spent 17847246 clocks.
num_cipher:	57
	Total vars:	84312
	Total clauses:	238192
	Test == masterkey, spend 8411577 clocks.
	Have 16 results, spent 17147330 clocks.
num_cipher:	58
	Total vars:	85784
	Total clauses:	242352
	Test == masterkey, spend 9912483 clocks.
	Have 16 results, spent 14173112 clocks.
num_cipher:	59
	Total vars:	87256
	Total clauses:	246512
	Test == masterkey, spend 10277084 clocks.
	Have 16 results, spent 15545019 clocks.
num_cipher:	60
	Total vars:	88728
	Total clauses:	250672
	Test == masterkey, spend 9625192 clocks.
	Have 16 results, spent 17721734 clocks.
num_cipher:	61
	Total vars:	90200
	Total clauses:	254832
	Test == masterkey, spend 10561456 clocks.
	Have 16 results, spent 16850819 clocks.
num_cipher:	62
	Total vars:	91672
	Total clauses:	258992
	Test == masterkey, spend 10809283 clocks.
	Have 16 results, spent 19092943 clocks.
num_cipher:	63
	Total vars:	93144
	Total clauses:	263152
	Test == masterkey, spend 9771238 clocks.
	Have 16 results, spent 17650713 clocks.
num_cipher:	64
	Total vars:	94616
	Total clauses:	267312
	Test == masterkey, spend 10546027 clocks.
	Have 16 results, spent 22240417 clocks.
num_cipher:	65
	Total vars:	96088
	Total clauses:	271472
	Test == masterkey, spend 11235935 clocks.
	Have 16 results, spent 21272392 clocks.
num_cipher:	66
	Total vars:	97560
	Total clauses:	275632
	Test == masterkey, spend 11052899 clocks.
	Have 16 results, spent 23047108 clocks.
num_cipher:	67
	Total vars:	99032
	Total clauses:	279792
	Test == masterkey, spend 11949546 clocks.
	Have 16 results, spent 19514239 clocks.
num_cipher:	68
	Total vars:	100504
	Total clauses:	283952
	Test == masterkey, spend 13007997 clocks.
	Have 16 results, spent 23732206 clocks.
num_cipher:	69
	Total vars:	101976
	Total clauses:	288112
	Test == masterkey, spend 12938128 clocks.
	Have 16 results, spent 24096970 clocks.
num_cipher:	70
	Total vars:	103448
	Total clauses:	292272
	Test == masterkey, spend 12561755 clocks.
	Have 16 results, spent 28875498 clocks.
num_cipher:	71
	Total vars:	104920
	Total clauses:	296432
	Test == masterkey, spend 13646475 clocks.
	Have 16 results, spent 24843473 clocks.
num_cipher:	72
	Total vars:	106392
	Total clauses:	300592
	Test == masterkey, spend 12566476 clocks.
	Have 16 results, spent 31441579 clocks.
num_cipher:	73
	Total vars:	107864
	Total clauses:	304752
	Test == masterkey, spend 14944252 clocks.
	Have 16 results, spent 30696258 clocks.
num_cipher:	74
	Total vars:	109336
	Total clauses:	308912
	Test == masterkey, spend 15534718 clocks.
	Have 16 results, spent 31619723 clocks.
num_cipher:	75
	Total vars:	110808
	Total clauses:	313072
	Test == masterkey, spend 15506502 clocks.
	Have 16 results, spent 34948250 clocks.
num_cipher:	76
	Total vars:	112280
	Total clauses:	317232
	Test == masterkey, spend 17246056 clocks.
	Have 16 results, spent 32434952 clocks.
num_cipher:	77
	Total vars:	113752
	Total clauses:	321392
	Test == masterkey, spend 14049296 clocks.
	Have 16 results, spent 32378008 clocks.
num_cipher:	78
	Total vars:	115224
	Total clauses:	325552
	Test == masterkey, spend 15727300 clocks.
	Have 16 results, spent 32530879 clocks.
num_cipher:	79
	Total vars:	116696
	Total clauses:	329712
	Test == masterkey, spend 15776575 clocks.
	Have 16 results, spent 29081224 clocks.
num_cipher:	80
	Total vars:	118168
	Total clauses:	333872
	Test == masterkey, spend 14961950 clocks.
	Have 16 results, spent 35861455 clocks.
---------------------------------------------------------------------------------------------------
	Command being timed: "./bin/present80NSNK 1 8 25 80"
	User time (seconds): 1463.22
	System time (seconds): 1.51
	Percent of CPU this job got: 99%
	Elapsed (wall clock) time (h:mm:ss or m:ss): 24:24.99
	Average shared text size (kbytes): 0
	Average unshared data size (kbytes): 0
	Average stack size (kbytes): 0
	Average total size (kbytes): 0
	Maximum resident set size (kbytes): 138768
	Average resident set size (kbytes): 0
	Major (requiring I/O) page faults: 0
	Minor (reclaiming a frame) page faults: 161131
	Voluntary context switches: 1
	Involuntary context switches: 3729
	Swaps: 0
	File system inputs: 0
	File system outputs: 840
	Socket messages sent: 0
	Socket messages received: 0
	Signals delivered: 0
	Page size (bytes): 4096
	Exit status: 0
