sbox:	1100 0101 0110 1011 1001 0000 1010 1101 0011 1110 1111 1000 0100 0111 0001 0010 
8 = (0+2+6')(2'+3+4'+6)(0'+2+3+4')(2+3'+4'+6)(2'+4+6'+7')(3+5'+6+7')(0'+4'+5+6')(1+4+6+7)(1'+4'+6'+7')(1+2'+3'+4)(0'+1'+3'+6)(3+4+5+7)(0'+2'+5'+7)(0+2'+3'+7)(1'+5'+6'+7)(2+4+5+6+7')(0+2'+5+6)(0'+1+4+5')(0+1'+4+5')(1+3+4'+5)(1+3'+4'+5'+7')(1+5+6+7')(2+3'+5+6')(1'+3+6'+7')(0+4'+5'+6')(1'+4'+6+7)
e_sbox:	1101 0101 0110 1011 1001 0000 1010 1101 0011 1110 1111 1000 0100 0111 0001 0010 
8 = (0'+2+6+7')(0+2+3+7)(0+1+2'+6)(2'+3+4'+6)(0+2+3'+4')(0'+1'+3+6')(1'+4'+6'+7')(1'+5'+6'+7)(1+5+6'+7)(1'+2'+6+7)(0'+1+2'+4)(0'+2+3'+5)(0'+2'+3'+7')(0+1'+4+7')(3'+4+5'+7)(0+4+5+6')(0'+1+2+3+5')(1+3+4'+5)(3+4+5'+7')(2'+4'+5'+7)(1+3'+5'+6'+7')(1'+3'+4'+5)(0+5'+6'+7')(4'+5'+6+7)(3+5+6+7)(1+4+5+6)(1'+3+4'+5')
PRESENT_MODE:	80
SAT_MODE:	2
	SBOX_MODE:	102
	KSR_HAVEERROR:	1
	ENCYPT_HAVEERROR:	1
AnalysesRounds:	8
MinCiphers:	25
MaxCiphers:	80
Threads:	1
Master_key:	01100110111000011110101000011001101000111111110100110001110010000010100000101100
---------------------------------------------------------------------------------------------------
num_cipher:	25
	Total vars:	37208
	Total clauses:	105072
	Test == masterkey, spend 1951057 clocks.
	Have 8 results, spent 35071383 clocks.
num_cipher:	26
	Total vars:	38680
	Total clauses:	109232
	Test == masterkey, spend 2184465 clocks.
	Have 8 results, spent 19618440 clocks.
num_cipher:	27
	Total vars:	40152
	Total clauses:	113392
	Test == masterkey, spend 2516296 clocks.
	Have 8 results, spent 14889607 clocks.
num_cipher:	28
	Total vars:	41624
	Total clauses:	117552
	Test == masterkey, spend 2762657 clocks.
	Have 8 results, spent 10570354 clocks.
num_cipher:	29
	Total vars:	43096
	Total clauses:	121712
	Test == masterkey, spend 2944748 clocks.
	Have 8 results, spent 9244246 clocks.
num_cipher:	30
	Total vars:	44568
	Total clauses:	125872
	Test == masterkey, spend 3212976 clocks.
	Have 8 results, spent 9238285 clocks.
num_cipher:	31
	Total vars:	46040
	Total clauses:	130032
	Test == masterkey, spend 4052729 clocks.
	Have 8 results, spent 7345098 clocks.
num_cipher:	32
	Total vars:	47512
	Total clauses:	134192
	Test == masterkey, spend 3262087 clocks.
	Have 8 results, spent 7134381 clocks.
num_cipher:	33
	Total vars:	48984
	Total clauses:	138352
	Test == masterkey, spend 4036891 clocks.
	Have 8 results, spent 8814662 clocks.
num_cipher:	34
	Total vars:	50456
	Total clauses:	142512
	Test == masterkey, spend 4404888 clocks.
	Have 8 results, spent 8114482 clocks.
num_cipher:	35
	Total vars:	51928
	Total clauses:	146672
	Test == masterkey, spend 4451611 clocks.
	Have 8 results, spent 8002291 clocks.
num_cipher:	36
	Total vars:	53400
	Total clauses:	150832
	Test == masterkey, spend 5005688 clocks.
	Have 4 results, spent 6441364 clocks.
num_cipher:	37
	Total vars:	54872
	Total clauses:	154992
	Test == masterkey, spend 5685025 clocks.
	Have 4 results, spent 5914038 clocks.
num_cipher:	38
	Total vars:	56344
	Total clauses:	159152
	Test == masterkey, spend 5079642 clocks.
	Have 4 results, spent 5745692 clocks.
num_cipher:	39
	Total vars:	57816
	Total clauses:	163312
	Test == masterkey, spend 5411740 clocks.
	Have 4 results, spent 5749212 clocks.
num_cipher:	40
	Total vars:	59288
	Total clauses:	167472
	Test == masterkey, spend 5894482 clocks.
	Have 4 results, spent 5641209 clocks.
num_cipher:	41
	Total vars:	60760
	Total clauses:	171632
	Test == masterkey, spend 5256423 clocks.
	Have 4 results, spent 6623242 clocks.
num_cipher:	42
	Total vars:	62232
	Total clauses:	175792
	Test == masterkey, spend 6113181 clocks.
	Have 4 results, spent 6094348 clocks.
num_cipher:	43
	Total vars:	63704
	Total clauses:	179952
	Test == masterkey, spend 6416962 clocks.
	Have 4 results, spent 6654248 clocks.
num_cipher:	44
	Total vars:	65176
	Total clauses:	184112
	Test == masterkey, spend 7080490 clocks.
	Have 4 results, spent 7437963 clocks.
num_cipher:	45
	Total vars:	66648
	Total clauses:	188272
	Test == masterkey, spend 6363021 clocks.
	Have 4 results, spent 7243402 clocks.
num_cipher:	46
	Total vars:	68120
	Total clauses:	192432
	Test == masterkey, spend 8049373 clocks.
	Have 4 results, spent 7698914 clocks.
num_cipher:	47
	Total vars:	69592
	Total clauses:	196592
	Test == masterkey, spend 7736185 clocks.
	Have 4 results, spent 8066279 clocks.
num_cipher:	48
	Total vars:	71064
	Total clauses:	200752
	Test == masterkey, spend 8158430 clocks.
	Have 4 results, spent 8806341 clocks.
num_cipher:	49
	Total vars:	72536
	Total clauses:	204912
	Test == masterkey, spend 7756200 clocks.
	Have 4 results, spent 9141610 clocks.
num_cipher:	50
	Total vars:	74008
	Total clauses:	209072
	Test == masterkey, spend 8334652 clocks.
	Have 4 results, spent 9838347 clocks.
num_cipher:	51
	Total vars:	75480
	Total clauses:	213232
	Test == masterkey, spend 8111020 clocks.
	Have 4 results, spent 8632448 clocks.
num_cipher:	52
	Total vars:	76952
	Total clauses:	217392
	Test == masterkey, spend 8331281 clocks.
	Have 4 results, spent 8416704 clocks.
num_cipher:	53
	Total vars:	78424
	Total clauses:	221552
	Test == masterkey, spend 8655112 clocks.
	Have 4 results, spent 8523428 clocks.
num_cipher:	54
	Total vars:	79896
	Total clauses:	225712
	Test == masterkey, spend 9033223 clocks.
	Have 4 results, spent 9810792 clocks.
num_cipher:	55
	Total vars:	81368
	Total clauses:	229872
	Test == masterkey, spend 8654931 clocks.
	Have 4 results, spent 10011068 clocks.
num_cipher:	56
	Total vars:	82840
	Total clauses:	234032
	Test == masterkey, spend 9513060 clocks.
	Have 4 results, spent 9824478 clocks.
num_cipher:	57
	Total vars:	84312
	Total clauses:	238192
	Test == masterkey, spend 10629216 clocks.
	Have 4 results, spent 11856250 clocks.
num_cipher:	58
	Total vars:	85784
	Total clauses:	242352
	Test == masterkey, spend 9201326 clocks.
	Have 4 results, spent 9266114 clocks.
num_cipher:	59
	Total vars:	87256
	Total clauses:	246512
	Test == masterkey, spend 9755326 clocks.
	Have 4 results, spent 9249264 clocks.
num_cipher:	60
	Total vars:	88728
	Total clauses:	250672
	Test == masterkey, spend 10824643 clocks.
	Have 4 results, spent 10909840 clocks.
num_cipher:	61
	Total vars:	90200
	Total clauses:	254832
	Test == masterkey, spend 10592911 clocks.
	Have 4 results, spent 9787619 clocks.
num_cipher:	62
	Total vars:	91672
	Total clauses:	258992
	Test == masterkey, spend 11498107 clocks.
	Have 4 results, spent 10774068 clocks.
num_cipher:	63
	Total vars:	93144
	Total clauses:	263152
	Test == masterkey, spend 10278423 clocks.
	Have 4 results, spent 12364747 clocks.
num_cipher:	64
	Total vars:	94616
	Total clauses:	267312
	Test == masterkey, spend 11405620 clocks.
	Have 4 results, spent 11231349 clocks.
num_cipher:	65
	Total vars:	96088
	Total clauses:	271472
	Test == masterkey, spend 10024757 clocks.
	Have 4 results, spent 12145304 clocks.
num_cipher:	66
	Total vars:	97560
	Total clauses:	275632
	Test == masterkey, spend 12529899 clocks.
	Have 4 results, spent 12509334 clocks.
num_cipher:	67
	Total vars:	99032
	Total clauses:	279792
	Test == masterkey, spend 13194988 clocks.
	Have 4 results, spent 11869625 clocks.
num_cipher:	68
	Total vars:	100504
	Total clauses:	283952
	Test == masterkey, spend 12449295 clocks.
	Have 4 results, spent 13195666 clocks.
num_cipher:	69
	Total vars:	101976
	Total clauses:	288112
	Test == masterkey, spend 13402148 clocks.
	Have 4 results, spent 12904126 clocks.
num_cipher:	70
	Total vars:	103448
	Total clauses:	292272
	Test == masterkey, spend 13341858 clocks.
	Have 4 results, spent 13854667 clocks.
num_cipher:	71
	Total vars:	104920
	Total clauses:	296432
	Test == masterkey, spend 13413133 clocks.
	Have 4 results, spent 16219659 clocks.
num_cipher:	72
	Total vars:	106392
	Total clauses:	300592
	Test == masterkey, spend 14244927 clocks.
	Have 4 results, spent 19052899 clocks.
num_cipher:	73
	Total vars:	107864
	Total clauses:	304752
	Test == masterkey, spend 15610201 clocks.
	Have 4 results, spent 17266410 clocks.
num_cipher:	74
	Total vars:	109336
	Total clauses:	308912
	Test == masterkey, spend 15916290 clocks.
	Have 4 results, spent 16050922 clocks.
num_cipher:	75
	Total vars:	110808
	Total clauses:	313072
	Test == masterkey, spend 17298680 clocks.
	Have 4 results, spent 20389532 clocks.
num_cipher:	76
	Total vars:	112280
	Total clauses:	317232
	Test == masterkey, spend 13732509 clocks.
	Have 4 results, spent 20498348 clocks.
num_cipher:	77
	Total vars:	113752
	Total clauses:	321392
	Test == masterkey, spend 13909712 clocks.
	Have 4 results, spent 20007192 clocks.
num_cipher:	78
	Total vars:	115224
	Total clauses:	325552
	Test == masterkey, spend 15549076 clocks.
	Have 4 results, spent 19312720 clocks.
num_cipher:	79
	Total vars:	116696
	Total clauses:	329712
	Test == masterkey, spend 14492541 clocks.
	Have 4 results, spent 19668004 clocks.
num_cipher:	80
	Total vars:	118168
	Total clauses:	333872
	Test == masterkey, spend 17729002 clocks.
	Have 4 results, spent 19560159 clocks.
---------------------------------------------------------------------------------------------------
	Command being timed: "./bin/present80NSNK 1 8 25 80"
	User time (seconds): 1208.48
	System time (seconds): 2.03
	Percent of CPU this job got: 99%
	Elapsed (wall clock) time (h:mm:ss or m:ss): 20:10.61
	Average shared text size (kbytes): 0
	Average unshared data size (kbytes): 0
	Average stack size (kbytes): 0
	Average total size (kbytes): 0
	Maximum resident set size (kbytes): 135024
	Average resident set size (kbytes): 0
	Major (requiring I/O) page faults: 0
	Minor (reclaiming a frame) page faults: 127730
	Voluntary context switches: 2
	Involuntary context switches: 1151
	Swaps: 0
	File system inputs: 0
	File system outputs: 288
	Socket messages sent: 0
	Socket messages received: 0
	Signals delivered: 0
	Page size (bytes): 4096
	Exit status: 0
