sbox:	1100 0101 0110 1011 1001 0000 1010 1101 0011 1110 1111 1000 0100 0111 0001 0010 
8 = (3+1+5')(1'+0+7'+5)(3'+1+0+7')(1+0'+7'+5)(1'+7+5'+4')(0+6'+5+4')(3'+7'+6+5')(2+7+5+4)(2'+7'+5'+4')(2+1'+0'+7)(3'+2'+0'+5)(0+7+6+4)(3'+1'+6'+4)(3+1'+0'+4)(2'+6'+5'+4)(1+7+6+5+4')(3+1'+6+5)(3'+2+7+6')(3+2'+7+6')(2+0+7'+6)(2+0'+7'+6'+4')(2+6+5+4')(1+0'+6+5')(2'+0+5'+4')(3+7'+6'+5')(2'+7'+5+4)
e_sbox:	1101 0101 0110 1011 1001 0000 1010 1101 0011 1110 1111 1000 0100 0111 0001 0010 
8 = (3'+1+5+4')(3+1+0+4)(3+2+1'+5)(1'+0+7'+5)(3+1+0'+7')(3'+2'+0+5')(2'+7'+5'+4')(2'+6'+5'+4)(2+6+5'+4)(2'+1'+5+4)(3'+2+1'+7)(3'+1+0'+6)(3'+1'+0'+4')(3+2'+7+4')(0'+7+6'+4)(3+7+6+5')(3'+2+1+0+6')(2+0+7'+6)(0+7+6'+4')(1'+7'+6'+4)(2+0'+6'+5'+4')(2'+0'+7'+6)(3+6'+5'+4')(7'+6'+5+4)(0+6+5+4)(2+7+6+5)(2'+0+7'+6')
PRESENT_MODE:	80
SAT_MODE:	2
	SBOX_MODE:	102
	KSR_HAVEERROR:	1
	ENCYPT_HAVEERROR:	1
AnalysesRounds:	9
MinCiphers:	18
MaxCiphers:	80
Threads:	1
Master_key:	01100000100110111110100100011101110011001011000111001011001001110110001011111011
---------------------------------------------------------------------------------------------------
num_cipher:	18
	Total vars:	30360
	Total clauses:	86320
	Test == masterkey, spend 1272668 clocks.
	Have 0 results, spent 3601919147 clocks.
num_cipher:	19
	Total vars:	32024
	Total clauses:	91056
	Test == masterkey, spend 1691296 clocks.
	Have 0 results, spent 3601112490 clocks.
num_cipher:	20
	Total vars:	33688
	Total clauses:	95792
	Test == masterkey, spend 2101537 clocks.
	Have 4 results, spent 1742404923 clocks.
num_cipher:	21
	Total vars:	35352
	Total clauses:	100528
	Test == masterkey, spend 2246491 clocks.
	Have 4 results, spent 268008115 clocks.
num_cipher:	22
	Total vars:	37016
	Total clauses:	105264
	Test == masterkey, spend 2422617 clocks.
	Have 4 results, spent 55860924 clocks.
num_cipher:	23
	Total vars:	38680
	Total clauses:	110000
	Test == masterkey, spend 2661555 clocks.
	Have 4 results, spent 27881678 clocks.
num_cipher:	24
	Total vars:	40344
	Total clauses:	114736
	Test == masterkey, spend 2597274 clocks.
	Have 4 results, spent 8715253 clocks.
num_cipher:	25
	Total vars:	42008
	Total clauses:	119472
	Test == masterkey, spend 3135057 clocks.
	Have 4 results, spent 9337489 clocks.
num_cipher:	26
	Total vars:	43672
	Total clauses:	124208
	Test == masterkey, spend 3465436 clocks.
	Have 4 results, spent 6620158 clocks.
num_cipher:	27
	Total vars:	45336
	Total clauses:	128944
	Test == masterkey, spend 3358082 clocks.
	Have 4 results, spent 7227439 clocks.
num_cipher:	28
	Total vars:	47000
	Total clauses:	133680
	Test == masterkey, spend 4309212 clocks.
	Have 4 results, spent 7322697 clocks.
num_cipher:	29
	Total vars:	48664
	Total clauses:	138416
	Test == masterkey, spend 4086854 clocks.
	Have 4 results, spent 7944975 clocks.
num_cipher:	30
	Total vars:	50328
	Total clauses:	143152
	Test == masterkey, spend 4517831 clocks.
	Have 4 results, spent 7341757 clocks.
num_cipher:	31
	Total vars:	51992
	Total clauses:	147888
	Test == masterkey, spend 4485779 clocks.
	Have 4 results, spent 7974353 clocks.
num_cipher:	32
	Total vars:	53656
	Total clauses:	152624
	Test == masterkey, spend 3882324 clocks.
	Have 4 results, spent 9260484 clocks.
num_cipher:	33
	Total vars:	55320
	Total clauses:	157360
	Test == masterkey, spend 5302516 clocks.
	Have 4 results, spent 8428776 clocks.
num_cipher:	34
	Total vars:	56984
	Total clauses:	162096
	Test == masterkey, spend 5303490 clocks.
	Have 4 results, spent 8156698 clocks.
num_cipher:	35
	Total vars:	58648
	Total clauses:	166832
	Test == masterkey, spend 4775857 clocks.
	Have 4 results, spent 8773018 clocks.
num_cipher:	36
	Total vars:	60312
	Total clauses:	171568
	Test == masterkey, spend 5366375 clocks.
	Have 4 results, spent 9322192 clocks.
num_cipher:	37
	Total vars:	61976
	Total clauses:	176304
	Test == masterkey, spend 6073605 clocks.
	Have 4 results, spent 10620286 clocks.
num_cipher:	38
	Total vars:	63640
	Total clauses:	181040
	Test == masterkey, spend 6859461 clocks.
	Have 4 results, spent 12587230 clocks.
num_cipher:	39
	Total vars:	65304
	Total clauses:	185776
	Test == masterkey, spend 5984484 clocks.
	Have 4 results, spent 10886627 clocks.
num_cipher:	40
	Total vars:	66968
	Total clauses:	190512
	Test == masterkey, spend 6304984 clocks.
	Have 4 results, spent 11915544 clocks.
num_cipher:	41
	Total vars:	68632
	Total clauses:	195248
	Test == masterkey, spend 6302324 clocks.
	Have 4 results, spent 12803661 clocks.
num_cipher:	42
	Total vars:	70296
	Total clauses:	199984
	Test == masterkey, spend 6462391 clocks.
	Have 4 results, spent 12325446 clocks.
num_cipher:	43
	Total vars:	71960
	Total clauses:	204720
	Test == masterkey, spend 6964788 clocks.
	Have 4 results, spent 13566681 clocks.
num_cipher:	44
	Total vars:	73624
	Total clauses:	209456
	Test == masterkey, spend 7880426 clocks.
	Have 4 results, spent 13041861 clocks.
num_cipher:	45
	Total vars:	75288
	Total clauses:	214192
	Test == masterkey, spend 7442676 clocks.
	Have 4 results, spent 14029951 clocks.
num_cipher:	46
	Total vars:	76952
	Total clauses:	218928
	Test == masterkey, spend 8104423 clocks.
	Have 4 results, spent 13343419 clocks.
num_cipher:	47
	Total vars:	78616
	Total clauses:	223664
	Test == masterkey, spend 8261963 clocks.
	Have 4 results, spent 14065067 clocks.
num_cipher:	48
	Total vars:	80280
	Total clauses:	228400
	Test == masterkey, spend 9799309 clocks.
	Have 4 results, spent 15064152 clocks.
num_cipher:	49
	Total vars:	81944
	Total clauses:	233136
	Test == masterkey, spend 9475748 clocks.
	Have 4 results, spent 16422842 clocks.
num_cipher:	50
	Total vars:	83608
	Total clauses:	237872
	Test == masterkey, spend 10505398 clocks.
	Have 4 results, spent 15013023 clocks.
num_cipher:	51
	Total vars:	85272
	Total clauses:	242608
	Test == masterkey, spend 9934363 clocks.
	Have 4 results, spent 15301242 clocks.
num_cipher:	52
	Total vars:	86936
	Total clauses:	247344
	Test == masterkey, spend 9557246 clocks.
	Have 4 results, spent 17801319 clocks.
num_cipher:	53
	Total vars:	88600
	Total clauses:	252080
	Test == masterkey, spend 11294766 clocks.
	Have 4 results, spent 18030690 clocks.
num_cipher:	54
	Total vars:	90264
	Total clauses:	256816
	Test == masterkey, spend 12147918 clocks.
	Have 4 results, spent 16354618 clocks.
num_cipher:	55
	Total vars:	91928
	Total clauses:	261552
	Test == masterkey, spend 13398572 clocks.
	Have 4 results, spent 16624742 clocks.
num_cipher:	56
	Total vars:	93592
	Total clauses:	266288
	Test == masterkey, spend 11093314 clocks.
	Have 4 results, spent 19099013 clocks.
num_cipher:	57
	Total vars:	95256
	Total clauses:	271024
	Test == masterkey, spend 10250606 clocks.
	Have 4 results, spent 18757136 clocks.
num_cipher:	58
	Total vars:	96920
	Total clauses:	275760
	Test == masterkey, spend 12625294 clocks.
	Have 4 results, spent 21673626 clocks.
num_cipher:	59
	Total vars:	98584
	Total clauses:	280496
	Test == masterkey, spend 11584338 clocks.
	Have 4 results, spent 26012678 clocks.
num_cipher:	60
	Total vars:	100248
	Total clauses:	285232
	Test == masterkey, spend 12186855 clocks.
	Have 4 results, spent 20618572 clocks.
num_cipher:	61
	Total vars:	101912
	Total clauses:	289968
	Test == masterkey, spend 12341328 clocks.
	Have 4 results, spent 20479879 clocks.
num_cipher:	62
	Total vars:	103576
	Total clauses:	294704
	Test == masterkey, spend 12442125 clocks.
	Have 4 results, spent 18983889 clocks.
num_cipher:	63
	Total vars:	105240
	Total clauses:	299440
	Test == masterkey, spend 12484002 clocks.
	Have 4 results, spent 22155530 clocks.
num_cipher:	64
	Total vars:	106904
	Total clauses:	304176
	Test == masterkey, spend 13307676 clocks.
	Have 4 results, spent 24269423 clocks.
num_cipher:	65
	Total vars:	108568
	Total clauses:	308912
	Test == masterkey, spend 12636156 clocks.
	Have 4 results, spent 24845144 clocks.
num_cipher:	66
	Total vars:	110232
	Total clauses:	313648
	Test == masterkey, spend 18039835 clocks.
	Have 4 results, spent 27480049 clocks.
num_cipher:	67
	Total vars:	111896
	Total clauses:	318384
	Test == masterkey, spend 15114222 clocks.
	Have 4 results, spent 27758126 clocks.
num_cipher:	68
	Total vars:	113560
	Total clauses:	323120
	Test == masterkey, spend 16306778 clocks.
	Have 4 results, spent 28110402 clocks.
num_cipher:	69
	Total vars:	115224
	Total clauses:	327856
	Test == masterkey, spend 16648396 clocks.
	Have 4 results, spent 27850746 clocks.
num_cipher:	70
	Total vars:	116888
	Total clauses:	332592
	Test == masterkey, spend 14591972 clocks.
	Have 4 results, spent 26980151 clocks.
num_cipher:	71
	Total vars:	118552
	Total clauses:	337328
	Test == masterkey, spend 16297401 clocks.
	Have 4 results, spent 32502201 clocks.
num_cipher:	72
	Total vars:	120216
	Total clauses:	342064
	Test == masterkey, spend 16808954 clocks.
	Have 4 results, spent 31006810 clocks.
num_cipher:	73
	Total vars:	121880
	Total clauses:	346800
	Test == masterkey, spend 18630732 clocks.
	Have 4 results, spent 30746609 clocks.
num_cipher:	74
	Total vars:	123544
	Total clauses:	351536
	Test == masterkey, spend 17137275 clocks.
	Have 4 results, spent 34430243 clocks.
num_cipher:	75
	Total vars:	125208
	Total clauses:	356272
	Test == masterkey, spend 15669941 clocks.
	Have 4 results, spent 35809289 clocks.
num_cipher:	76
	Total vars:	126872
	Total clauses:	361008
	Test == masterkey, spend 16091595 clocks.
	Have 4 results, spent 35970220 clocks.
num_cipher:	77
	Total vars:	128536
	Total clauses:	365744
	Test == masterkey, spend 15956829 clocks.
	Have 4 results, spent 31984064 clocks.
num_cipher:	78
	Total vars:	130200
	Total clauses:	370480
	Test == masterkey, spend 16654576 clocks.
	Have 4 results, spent 35029495 clocks.
num_cipher:	79
	Total vars:	131864
	Total clauses:	375216
	Test == masterkey, spend 16935447 clocks.
	Have 4 results, spent 37572284 clocks.
num_cipher:	80
	Total vars:	133528
	Total clauses:	379952
	Test == masterkey, spend 16748535 clocks.
	Have 4 results, spent 35085769 clocks.
---------------------------------------------------------------------------------------------------
	Command being timed: "./bin/present80NSNK 1 9 18 80"
	User time (seconds): 10992.22
	System time (seconds): 4.56
	Percent of CPU this job got: 99%
	Elapsed (wall clock) time (h:mm:ss or m:ss): 3:03:17
	Average shared text size (kbytes): 0
	Average unshared data size (kbytes): 0
	Average stack size (kbytes): 0
	Average total size (kbytes): 0
	Maximum resident set size (kbytes): 143812
	Average resident set size (kbytes): 0
	Major (requiring I/O) page faults: 0
	Minor (reclaiming a frame) page faults: 157732
	Voluntary context switches: 1
	Involuntary context switches: 10641
	Swaps: 0
	File system inputs: 0
	File system outputs: 904
	Socket messages sent: 0
	Socket messages received: 0
	Signals delivered: 0
	Page size (bytes): 4096
	Exit status: 0
