sbox:	1100 0101 0110 1011 1001 0000 1010 1101 0011 1110 1111 1000 0100 0111 0001 0010 
8 = (0+2+6')(2'+3+4'+6)(0'+2+3+4')(2+3'+4'+6)(2'+4+6'+7')(3+5'+6+7')(0'+4'+5+6')(1+4+6+7)(1'+4'+6'+7')(1+2'+3'+4)(0'+1'+3'+6)(3+4+5+7)(0'+2'+5'+7)(0+2'+3'+7)(1'+5'+6'+7)(2+4+5+6+7')(0+2'+5+6)(0'+1+4+5')(0+1'+4+5')(1+3+4'+5)(1+3'+4'+5'+7')(1+5+6+7')(2+3'+5+6')(1'+3+6'+7')(0+4'+5'+6')(1'+4'+6+7)
e_sbox:	1101 0101 0110 1011 1001 0000 1010 1101 0011 1110 1111 1000 0100 0111 0001 0010 
8 = (0'+2+6+7')(0+2+3+7)(0+1+2'+6)(2'+3+4'+6)(0+2+3'+4')(0'+1'+3+6')(1'+4'+6'+7')(1'+5'+6'+7)(1+5+6'+7)(1'+2'+6+7)(0'+1+2'+4)(0'+2+3'+5)(0'+2'+3'+7')(0+1'+4+7')(3'+4+5'+7)(0+4+5+6')(0'+1+2+3+5')(1+3+4'+5)(3+4+5'+7')(2'+4'+5'+7)(1+3'+5'+6'+7')(1'+3'+4'+5)(0+5'+6'+7')(4'+5'+6+7)(3+5+6+7)(1+4+5+6)(1'+3+4'+5')
PRESENT_MODE:	80
SAT_MODE:	2
	SBOX_MODE:	102
	KSR_HAVEERROR:	1
	ENCYPT_HAVEERROR:	1
AnalysesRounds:	9
MinCiphers:	25
MaxCiphers:	80
Threads:	1
Master_key:	11011101110001000100000001101001001001110100010001000110000001000011000001100100
---------------------------------------------------------------------------------------------------
num_cipher:	25
	Total vars:	42008
	Total clauses:	119472
	Test == masterkey, spend 3395214 clocks.
	Have 4 results, spent 16714531 clocks.
num_cipher:	26
	Total vars:	43672
	Total clauses:	124208
	Test == masterkey, spend 3033677 clocks.
	Have 4 results, spent 9731681 clocks.
num_cipher:	27
	Total vars:	45336
	Total clauses:	128944
	Test == masterkey, spend 3424296 clocks.
	Have 4 results, spent 6390756 clocks.
num_cipher:	28
	Total vars:	47000
	Total clauses:	133680
	Test == masterkey, spend 3500337 clocks.
	Have 4 results, spent 5601505 clocks.
num_cipher:	29
	Total vars:	48664
	Total clauses:	138416
	Test == masterkey, spend 3050036 clocks.
	Have 4 results, spent 7267971 clocks.
num_cipher:	30
	Total vars:	50328
	Total clauses:	143152
	Test == masterkey, spend 3506502 clocks.
	Have 4 results, spent 5319185 clocks.
num_cipher:	31
	Total vars:	51992
	Total clauses:	147888
	Test == masterkey, spend 3440073 clocks.
	Have 4 results, spent 6967721 clocks.
num_cipher:	32
	Total vars:	53656
	Total clauses:	152624
	Test == masterkey, spend 4100249 clocks.
	Have 4 results, spent 6063396 clocks.
num_cipher:	33
	Total vars:	55320
	Total clauses:	157360
	Test == masterkey, spend 4790531 clocks.
	Have 4 results, spent 6040960 clocks.
num_cipher:	34
	Total vars:	56984
	Total clauses:	162096
	Test == masterkey, spend 4137420 clocks.
	Have 4 results, spent 8008900 clocks.
num_cipher:	35
	Total vars:	58648
	Total clauses:	166832
	Test == masterkey, spend 4921976 clocks.
	Have 4 results, spent 6280317 clocks.
num_cipher:	36
	Total vars:	60312
	Total clauses:	171568
	Test == masterkey, spend 4812661 clocks.
	Have 4 results, spent 8552219 clocks.
num_cipher:	37
	Total vars:	61976
	Total clauses:	176304
	Test == masterkey, spend 5309487 clocks.
	Have 4 results, spent 8666150 clocks.
num_cipher:	38
	Total vars:	63640
	Total clauses:	181040
	Test == masterkey, spend 6253802 clocks.
	Have 4 results, spent 8523239 clocks.
num_cipher:	39
	Total vars:	65304
	Total clauses:	185776
	Test == masterkey, spend 5907660 clocks.
	Have 4 results, spent 9468115 clocks.
num_cipher:	40
	Total vars:	66968
	Total clauses:	190512
	Test == masterkey, spend 5942366 clocks.
	Have 4 results, spent 11135713 clocks.
num_cipher:	41
	Total vars:	68632
	Total clauses:	195248
	Test == masterkey, spend 5977861 clocks.
	Have 4 results, spent 11723623 clocks.
num_cipher:	42
	Total vars:	70296
	Total clauses:	199984
	Test == masterkey, spend 6648927 clocks.
	Have 4 results, spent 9151650 clocks.
num_cipher:	43
	Total vars:	71960
	Total clauses:	204720
	Test == masterkey, spend 6982504 clocks.
	Have 4 results, spent 9271540 clocks.
num_cipher:	44
	Total vars:	73624
	Total clauses:	209456
	Test == masterkey, spend 6934035 clocks.
	Have 4 results, spent 12909275 clocks.
num_cipher:	45
	Total vars:	75288
	Total clauses:	214192
	Test == masterkey, spend 7119660 clocks.
	Have 4 results, spent 11842791 clocks.
num_cipher:	46
	Total vars:	76952
	Total clauses:	218928
	Test == masterkey, spend 926063 clocks.
	Have 4 results, spent 11350787 clocks.
num_cipher:	47
	Total vars:	78616
	Total clauses:	223664
	Test == masterkey, spend 940088 clocks.
	Have 4 results, spent 11494949 clocks.
num_cipher:	48
	Total vars:	80280
	Total clauses:	228400
	Test == masterkey, spend 948195 clocks.
	Have 4 results, spent 13597352 clocks.
num_cipher:	49
	Total vars:	81944
	Total clauses:	233136
	Test == masterkey, spend 969762 clocks.
	Have 4 results, spent 12519188 clocks.
num_cipher:	50
	Total vars:	83608
	Total clauses:	237872
	Test == masterkey, spend 1013414 clocks.
	Have 4 results, spent 12366823 clocks.
num_cipher:	51
	Total vars:	85272
	Total clauses:	242608
	Test == masterkey, spend 1502965 clocks.
	Have 4 results, spent 10922417 clocks.
num_cipher:	52
	Total vars:	86936
	Total clauses:	247344
	Test == masterkey, spend 1033413 clocks.
	Have 4 results, spent 13029983 clocks.
num_cipher:	53
	Total vars:	88600
	Total clauses:	252080
	Test == masterkey, spend 1068149 clocks.
	Have 4 results, spent 15682258 clocks.
num_cipher:	54
	Total vars:	90264
	Total clauses:	256816
	Test == masterkey, spend 1331220 clocks.
	Have 4 results, spent 14118786 clocks.
num_cipher:	55
	Total vars:	91928
	Total clauses:	261552
	Test == masterkey, spend 1526729 clocks.
	Have 4 results, spent 13126604 clocks.
num_cipher:	56
	Total vars:	93592
	Total clauses:	266288
	Test == masterkey, spend 1059841 clocks.
	Have 4 results, spent 13939349 clocks.
num_cipher:	57
	Total vars:	95256
	Total clauses:	271024
	Test == masterkey, spend 1702759 clocks.
	Have 4 results, spent 14888985 clocks.
num_cipher:	58
	Total vars:	96920
	Total clauses:	275760
	Test == masterkey, spend 1138872 clocks.
	Have 4 results, spent 16393071 clocks.
num_cipher:	59
	Total vars:	98584
	Total clauses:	280496
	Test == masterkey, spend 1569246 clocks.
	Have 4 results, spent 15852900 clocks.
num_cipher:	60
	Total vars:	100248
	Total clauses:	285232
	Test == masterkey, spend 1686024 clocks.
	Have 4 results, spent 15663752 clocks.
num_cipher:	61
	Total vars:	101912
	Total clauses:	289968
	Test == masterkey, spend 1193609 clocks.
	Have 4 results, spent 19596912 clocks.
num_cipher:	62
	Total vars:	103576
	Total clauses:	294704
	Test == masterkey, spend 1701631 clocks.
	Have 4 results, spent 17273675 clocks.
num_cipher:	63
	Total vars:	105240
	Total clauses:	299440
	Test == masterkey, spend 1970283 clocks.
	Have 4 results, spent 16111816 clocks.
num_cipher:	64
	Total vars:	106904
	Total clauses:	304176
	Test == masterkey, spend 1841046 clocks.
	Have 4 results, spent 17017223 clocks.
num_cipher:	65
	Total vars:	108568
	Total clauses:	308912
	Test == masterkey, spend 1701151 clocks.
	Have 4 results, spent 17995935 clocks.
num_cipher:	66
	Total vars:	110232
	Total clauses:	313648
	Test == masterkey, spend 1756983 clocks.
	Have 4 results, spent 21517298 clocks.
num_cipher:	67
	Total vars:	111896
	Total clauses:	318384
	Test == masterkey, spend 2062298 clocks.
	Have 4 results, spent 20571314 clocks.
num_cipher:	68
	Total vars:	113560
	Total clauses:	323120
	Test == masterkey, spend 1818253 clocks.
	Have 4 results, spent 19455568 clocks.
num_cipher:	69
	Total vars:	115224
	Total clauses:	327856
	Test == masterkey, spend 2756652 clocks.
	Have 4 results, spent 18457621 clocks.
num_cipher:	70
	Total vars:	116888
	Total clauses:	332592
	Test == masterkey, spend 2045508 clocks.
	Have 4 results, spent 19767872 clocks.
num_cipher:	71
	Total vars:	118552
	Total clauses:	337328
	Test == masterkey, spend 2485731 clocks.
	Have 4 results, spent 23416760 clocks.
num_cipher:	72
	Total vars:	120216
	Total clauses:	342064
	Test == masterkey, spend 2236375 clocks.
	Have 4 results, spent 21150345 clocks.
num_cipher:	73
	Total vars:	121880
	Total clauses:	346800
	Test == masterkey, spend 3093769 clocks.
	Have 4 results, spent 20697465 clocks.
num_cipher:	74
	Total vars:	123544
	Total clauses:	351536
	Test == masterkey, spend 2159337 clocks.
	Have 4 results, spent 22465108 clocks.
num_cipher:	75
	Total vars:	125208
	Total clauses:	356272
	Test == masterkey, spend 2196467 clocks.
	Have 4 results, spent 22509280 clocks.
num_cipher:	76
	Total vars:	126872
	Total clauses:	361008
	Test == masterkey, spend 3155347 clocks.
	Have 4 results, spent 22652217 clocks.
num_cipher:	77
	Total vars:	128536
	Total clauses:	365744
	Test == masterkey, spend 2101582 clocks.
	Have 4 results, spent 24736286 clocks.
num_cipher:	78
	Total vars:	130200
	Total clauses:	370480
	Test == masterkey, spend 2735858 clocks.
	Have 4 results, spent 24726727 clocks.
num_cipher:	79
	Total vars:	131864
	Total clauses:	375216
	Test == masterkey, spend 2443015 clocks.
	Have 4 results, spent 24113558 clocks.
num_cipher:	80
	Total vars:	133528
	Total clauses:	379952
	Test == masterkey, spend 2235493 clocks.
	Have 4 results, spent 24913632 clocks.
---------------------------------------------------------------------------------------------------
	Command being timed: "./bin/present80NSNK 1 9 25 80"
	User time (seconds): 1046.49
	System time (seconds): 2.48
	Percent of CPU this job got: 99%
	Elapsed (wall clock) time (h:mm:ss or m:ss): 17:29.13
	Average shared text size (kbytes): 0
	Average unshared data size (kbytes): 0
	Average stack size (kbytes): 0
	Average total size (kbytes): 0
	Maximum resident set size (kbytes): 153864
	Average resident set size (kbytes): 0
	Major (requiring I/O) page faults: 0
	Minor (reclaiming a frame) page faults: 415085
	Voluntary context switches: 2
	Involuntary context switches: 2157
	Swaps: 0
	File system inputs: 0
	File system outputs: 608
	Socket messages sent: 0
	Socket messages received: 0
	Signals delivered: 0
	Page size (bytes): 4096
	Exit status: 0
