sbox:	1100 0101 0110 1011 1001 0000 1010 1101 0011 1110 1111 1000 0100 0111 0001 0010 
8 = (0+2+6')(2'+3+4'+6)(0'+2+3+4')(2+3'+4'+6)(2'+4+6'+7')(3+5'+6+7')(0'+4'+5+6')(1+4+6+7)(1'+4'+6'+7')(1+2'+3'+4)(0'+1'+3'+6)(3+4+5+7)(0'+2'+5'+7)(0+2'+3'+7)(1'+5'+6'+7)(2+4+5+6+7')(0+2'+5+6)(0'+1+4+5')(0+1'+4+5')(1+3+4'+5)(1+3'+4'+5'+7')(1+5+6+7')(2+3'+5+6')(1'+3+6'+7')(0+4'+5'+6')(1'+4'+6+7)
e_sbox:	1101 0101 0110 1011 1001 0000 1010 1101 0011 1110 1111 1000 0100 0111 0001 0010 
8 = (0'+2+6+7')(0+2+3+7)(0+1+2'+6)(2'+3+4'+6)(0+2+3'+4')(0'+1'+3+6')(1'+4'+6'+7')(1'+5'+6'+7)(1+5+6'+7)(1'+2'+6+7)(0'+1+2'+4)(0'+2+3'+5)(0'+2'+3'+7')(0+1'+4+7')(3'+4+5'+7)(0+4+5+6')(0'+1+2+3+5')(1+3+4'+5)(3+4+5'+7')(2'+4'+5'+7)(1+3'+5'+6'+7')(1'+3'+4'+5)(0+5'+6'+7')(4'+5'+6+7)(3+5+6+7)(1+4+5+6)(1'+3+4'+5')
PRESENT_MODE:	80
SAT_MODE:	2
	SBOX_MODE:	102
	KSR_HAVEERROR:	1
	ENCYPT_HAVEERROR:	1
AnalysesRounds:	9
MinCiphers:	25
MaxCiphers:	80
Threads:	1
Master_key:	11110011110111001100011000001101110001100111010111100110111111111110101110110101
---------------------------------------------------------------------------------------------------
num_cipher:	25
	Total vars:	42008
	Total clauses:	119472
	Test == masterkey, spend 3499802 clocks.
	Have 32 results, spent 11930395 clocks.
num_cipher:	26
	Total vars:	43672
	Total clauses:	124208
	Test == masterkey, spend 3052116 clocks.
	Have 32 results, spent 9304609 clocks.
num_cipher:	27
	Total vars:	45336
	Total clauses:	128944
	Test == masterkey, spend 3168118 clocks.
	Have 32 results, spent 7629217 clocks.
num_cipher:	28
	Total vars:	47000
	Total clauses:	133680
	Test == masterkey, spend 3768707 clocks.
	Have 32 results, spent 8929686 clocks.
num_cipher:	29
	Total vars:	48664
	Total clauses:	138416
	Test == masterkey, spend 4388681 clocks.
	Have 32 results, spent 10697832 clocks.
num_cipher:	30
	Total vars:	50328
	Total clauses:	143152
	Test == masterkey, spend 4597692 clocks.
	Have 32 results, spent 9900192 clocks.
num_cipher:	31
	Total vars:	51992
	Total clauses:	147888
	Test == masterkey, spend 4424189 clocks.
	Have 32 results, spent 10951102 clocks.
num_cipher:	32
	Total vars:	53656
	Total clauses:	152624
	Test == masterkey, spend 5169966 clocks.
	Have 32 results, spent 12247242 clocks.
num_cipher:	33
	Total vars:	55320
	Total clauses:	157360
	Test == masterkey, spend 4445724 clocks.
	Have 32 results, spent 10842517 clocks.
num_cipher:	34
	Total vars:	56984
	Total clauses:	162096
	Test == masterkey, spend 6667607 clocks.
	Have 32 results, spent 12625139 clocks.
num_cipher:	35
	Total vars:	58648
	Total clauses:	166832
	Test == masterkey, spend 5773502 clocks.
	Have 32 results, spent 11507004 clocks.
num_cipher:	36
	Total vars:	60312
	Total clauses:	171568
	Test == masterkey, spend 5055341 clocks.
	Have 32 results, spent 12972676 clocks.
num_cipher:	37
	Total vars:	61976
	Total clauses:	176304
	Test == masterkey, spend 5564843 clocks.
	Have 32 results, spent 13208075 clocks.
num_cipher:	38
	Total vars:	63640
	Total clauses:	181040
	Test == masterkey, spend 6221934 clocks.
	Have 32 results, spent 14738572 clocks.
num_cipher:	39
	Total vars:	65304
	Total clauses:	185776
	Test == masterkey, spend 6576374 clocks.
	Have 32 results, spent 14971129 clocks.
num_cipher:	40
	Total vars:	66968
	Total clauses:	190512
	Test == masterkey, spend 5782166 clocks.
	Have 32 results, spent 13692549 clocks.
num_cipher:	41
	Total vars:	68632
	Total clauses:	195248
	Test == masterkey, spend 5924768 clocks.
	Have 32 results, spent 14703598 clocks.
num_cipher:	42
	Total vars:	70296
	Total clauses:	199984
	Test == masterkey, spend 6343824 clocks.
	Have 32 results, spent 15957155 clocks.
num_cipher:	43
	Total vars:	71960
	Total clauses:	204720
	Test == masterkey, spend 7417127 clocks.
	Have 32 results, spent 19316069 clocks.
num_cipher:	44
	Total vars:	73624
	Total clauses:	209456
	Test == masterkey, spend 7894464 clocks.
	Have 32 results, spent 19277301 clocks.
num_cipher:	45
	Total vars:	75288
	Total clauses:	214192
	Test == masterkey, spend 7732692 clocks.
	Have 32 results, spent 18254088 clocks.
num_cipher:	46
	Total vars:	76952
	Total clauses:	218928
	Test == masterkey, spend 7607945 clocks.
	Have 32 results, spent 18419649 clocks.
num_cipher:	47
	Total vars:	78616
	Total clauses:	223664
	Test == masterkey, spend 7695872 clocks.
	Have 32 results, spent 20213326 clocks.
num_cipher:	48
	Total vars:	80280
	Total clauses:	228400
	Test == masterkey, spend 9035456 clocks.
	Have 32 results, spent 20664200 clocks.
num_cipher:	49
	Total vars:	81944
	Total clauses:	233136
	Test == masterkey, spend 8417615 clocks.
	Have 32 results, spent 22727702 clocks.
num_cipher:	50
	Total vars:	83608
	Total clauses:	237872
	Test == masterkey, spend 9876404 clocks.
	Have 32 results, spent 23617861 clocks.
num_cipher:	51
	Total vars:	85272
	Total clauses:	242608
	Test == masterkey, spend 9451535 clocks.
	Have 32 results, spent 23506783 clocks.
num_cipher:	52
	Total vars:	86936
	Total clauses:	247344
	Test == masterkey, spend 10000788 clocks.
	Have 32 results, spent 25993554 clocks.
num_cipher:	53
	Total vars:	88600
	Total clauses:	252080
	Test == masterkey, spend 11142178 clocks.
	Have 32 results, spent 25568022 clocks.
num_cipher:	54
	Total vars:	90264
	Total clauses:	256816
	Test == masterkey, spend 10233300 clocks.
	Have 32 results, spent 26131211 clocks.
num_cipher:	55
	Total vars:	91928
	Total clauses:	261552
	Test == masterkey, spend 10737456 clocks.
	Have 32 results, spent 24911663 clocks.
num_cipher:	56
	Total vars:	93592
	Total clauses:	266288
	Test == masterkey, spend 10946286 clocks.
	Have 32 results, spent 29523973 clocks.
num_cipher:	57
	Total vars:	95256
	Total clauses:	271024
	Test == masterkey, spend 11564524 clocks.
	Have 32 results, spent 28292897 clocks.
num_cipher:	58
	Total vars:	96920
	Total clauses:	275760
	Test == masterkey, spend 13547277 clocks.
	Have 32 results, spent 29136470 clocks.
num_cipher:	59
	Total vars:	98584
	Total clauses:	280496
	Test == masterkey, spend 10261857 clocks.
	Have 32 results, spent 28041710 clocks.
num_cipher:	60
	Total vars:	100248
	Total clauses:	285232
	Test == masterkey, spend 11581810 clocks.
	Have 32 results, spent 25929105 clocks.
num_cipher:	61
	Total vars:	101912
	Total clauses:	289968
	Test == masterkey, spend 10805296 clocks.
	Have 32 results, spent 28586471 clocks.
num_cipher:	62
	Total vars:	103576
	Total clauses:	294704
	Test == masterkey, spend 12306206 clocks.
	Have 32 results, spent 33092797 clocks.
num_cipher:	63
	Total vars:	105240
	Total clauses:	299440
	Test == masterkey, spend 13025005 clocks.
	Have 32 results, spent 33038743 clocks.
num_cipher:	64
	Total vars:	106904
	Total clauses:	304176
	Test == masterkey, spend 12783056 clocks.
	Have 32 results, spent 33538066 clocks.
num_cipher:	65
	Total vars:	108568
	Total clauses:	308912
	Test == masterkey, spend 14236785 clocks.
	Have 32 results, spent 37298464 clocks.
num_cipher:	66
	Total vars:	110232
	Total clauses:	313648
	Test == masterkey, spend 12682583 clocks.
	Have 32 results, spent 35955613 clocks.
num_cipher:	67
	Total vars:	111896
	Total clauses:	318384
	Test == masterkey, spend 14208404 clocks.
	Have 32 results, spent 36892958 clocks.
num_cipher:	68
	Total vars:	113560
	Total clauses:	323120
	Test == masterkey, spend 15852800 clocks.
	Have 32 results, spent 37063616 clocks.
num_cipher:	69
	Total vars:	115224
	Total clauses:	327856
	Test == masterkey, spend 15192393 clocks.
	Have 32 results, spent 40472460 clocks.
num_cipher:	70
	Total vars:	116888
	Total clauses:	332592
	Test == masterkey, spend 16686461 clocks.
	Have 32 results, spent 40084033 clocks.
num_cipher:	71
	Total vars:	118552
	Total clauses:	337328
	Test == masterkey, spend 16863163 clocks.
	Have 32 results, spent 40898362 clocks.
num_cipher:	72
	Total vars:	120216
	Total clauses:	342064
	Test == masterkey, spend 17009445 clocks.
	Have 32 results, spent 43124637 clocks.
num_cipher:	73
	Total vars:	121880
	Total clauses:	346800
	Test == masterkey, spend 17079978 clocks.
	Have 32 results, spent 49269563 clocks.
num_cipher:	74
	Total vars:	123544
	Total clauses:	351536
	Test == masterkey, spend 15524591 clocks.
	Have 32 results, spent 39074727 clocks.
num_cipher:	75
	Total vars:	125208
	Total clauses:	356272
	Test == masterkey, spend 15652477 clocks.
	Have 32 results, spent 47397202 clocks.
num_cipher:	76
	Total vars:	126872
	Total clauses:	361008
	Test == masterkey, spend 16729904 clocks.
	Have 32 results, spent 44415249 clocks.
num_cipher:	77
	Total vars:	128536
	Total clauses:	365744
	Test == masterkey, spend 17446120 clocks.
	Have 32 results, spent 44895464 clocks.
num_cipher:	78
	Total vars:	130200
	Total clauses:	370480
	Test == masterkey, spend 17651844 clocks.
	Have 32 results, spent 44803298 clocks.
num_cipher:	79
	Total vars:	131864
	Total clauses:	375216
	Test == masterkey, spend 18278798 clocks.
	Have 32 results, spent 48162895 clocks.
num_cipher:	80
	Total vars:	133528
	Total clauses:	379952
	Test == masterkey, spend 17852895 clocks.
	Have 32 results, spent 51105584 clocks.
---------------------------------------------------------------------------------------------------
	Command being timed: "./bin/present80NSNK 1 9 25 80"
	User time (seconds): 2097.04
	System time (seconds): 3.98
	Percent of CPU this job got: 99%
	Elapsed (wall clock) time (h:mm:ss or m:ss): 35:01.91
	Average shared text size (kbytes): 0
	Average unshared data size (kbytes): 0
	Average stack size (kbytes): 0
	Average total size (kbytes): 0
	Maximum resident set size (kbytes): 166864
	Average resident set size (kbytes): 0
	Major (requiring I/O) page faults: 0
	Minor (reclaiming a frame) page faults: 267809
	Voluntary context switches: 4
	Involuntary context switches: 9819
	Swaps: 0
	File system inputs: 0
	File system outputs: 376
	Socket messages sent: 0
	Socket messages received: 0
	Signals delivered: 0
	Page size (bytes): 4096
	Exit status: 0
