sbox:	1100 0101 0110 1011 1001 0000 1010 1101 0011 1110 1111 1000 0100 0111 0001 0010 
8 = (0+2+6')(2'+3+4'+6)(0'+2+3+4')(2+3'+4'+6)(2'+4+6'+7')(3+5'+6+7')(0'+4'+5+6')(1+4+6+7)(1'+4'+6'+7')(1+2'+3'+4)(0'+1'+3'+6)(3+4+5+7)(0'+2'+5'+7)(0+2'+3'+7)(1'+5'+6'+7)(2+4+5+6+7')(0+2'+5+6)(0'+1+4+5')(0+1'+4+5')(1+3+4'+5)(1+3'+4'+5'+7')(1+5+6+7')(2+3'+5+6')(1'+3+6'+7')(0+4'+5'+6')(1'+4'+6+7)
e_sbox:	1101 0101 0110 1011 1001 0000 1010 1101 0011 1110 1111 1000 0100 0111 0001 0010 
8 = (0'+2+6+7')(0+2+3+7)(0+1+2'+6)(2'+3+4'+6)(0+2+3'+4')(0'+1'+3+6')(1'+4'+6'+7')(1'+5'+6'+7)(1+5+6'+7)(1'+2'+6+7)(0'+1+2'+4)(0'+2+3'+5)(0'+2'+3'+7')(0+1'+4+7')(3'+4+5'+7)(0+4+5+6')(0'+1+2+3+5')(1+3+4'+5)(3+4+5'+7')(2'+4'+5'+7)(1+3'+5'+6'+7')(1'+3'+4'+5)(0+5'+6'+7')(4'+5'+6+7)(3+5+6+7)(1+4+5+6)(1'+3+4'+5')
PRESENT_MODE:	80
SAT_MODE:	2
	SBOX_MODE:	102
	KSR_HAVEERROR:	1
	ENCYPT_HAVEERROR:	1
AnalysesRounds:	9
MinCiphers:	25
MaxCiphers:	80
Threads:	1
Master_key:	10011010110011001101100010101101000111000001010010110101100000111100100100110110
---------------------------------------------------------------------------------------------------
num_cipher:	25
	Total vars:	42008
	Total clauses:	119472
	Test == masterkey, spend 2811138 clocks.
	Have 192 results, spent 12258279 clocks.
num_cipher:	26
	Total vars:	43672
	Total clauses:	124208
	Test == masterkey, spend 2900257 clocks.
	Have 192 results, spent 9523521 clocks.
num_cipher:	27
	Total vars:	45336
	Total clauses:	128944
	Test == masterkey, spend 3752186 clocks.
	Have 192 results, spent 10325920 clocks.
num_cipher:	28
	Total vars:	47000
	Total clauses:	133680
	Test == masterkey, spend 3762399 clocks.
	Have 192 results, spent 11678569 clocks.
num_cipher:	29
	Total vars:	48664
	Total clauses:	138416
	Test == masterkey, spend 4257449 clocks.
	Have 192 results, spent 11478108 clocks.
num_cipher:	30
	Total vars:	50328
	Total clauses:	143152
	Test == masterkey, spend 4323445 clocks.
	Have 192 results, spent 10812959 clocks.
num_cipher:	31
	Total vars:	51992
	Total clauses:	147888
	Test == masterkey, spend 4303877 clocks.
	Have 192 results, spent 11751078 clocks.
num_cipher:	32
	Total vars:	53656
	Total clauses:	152624
	Test == masterkey, spend 4663050 clocks.
	Have 192 results, spent 11973145 clocks.
num_cipher:	33
	Total vars:	55320
	Total clauses:	157360
	Test == masterkey, spend 4860120 clocks.
	Have 192 results, spent 13210382 clocks.
num_cipher:	34
	Total vars:	56984
	Total clauses:	162096
	Test == masterkey, spend 4754532 clocks.
	Have 192 results, spent 13115989 clocks.
num_cipher:	35
	Total vars:	58648
	Total clauses:	166832
	Test == masterkey, spend 4965014 clocks.
	Have 192 results, spent 15962563 clocks.
num_cipher:	36
	Total vars:	60312
	Total clauses:	171568
	Test == masterkey, spend 5486547 clocks.
	Have 192 results, spent 19180835 clocks.
num_cipher:	37
	Total vars:	61976
	Total clauses:	176304
	Test == masterkey, spend 6270724 clocks.
	Have 192 results, spent 19000407 clocks.
num_cipher:	38
	Total vars:	63640
	Total clauses:	181040
	Test == masterkey, spend 6614567 clocks.
	Have 192 results, spent 19913229 clocks.
num_cipher:	39
	Total vars:	65304
	Total clauses:	185776
	Test == masterkey, spend 6874013 clocks.
	Have 192 results, spent 21386049 clocks.
num_cipher:	40
	Total vars:	66968
	Total clauses:	190512
	Test == masterkey, spend 6157387 clocks.
	Have 192 results, spent 20356218 clocks.
num_cipher:	41
	Total vars:	68632
	Total clauses:	195248
	Test == masterkey, spend 7189163 clocks.
	Have 192 results, spent 23844741 clocks.
num_cipher:	42
	Total vars:	70296
	Total clauses:	199984
	Test == masterkey, spend 6966570 clocks.
	Have 192 results, spent 24452696 clocks.
num_cipher:	43
	Total vars:	71960
	Total clauses:	204720
	Test == masterkey, spend 7989577 clocks.
	Have 192 results, spent 26494426 clocks.
num_cipher:	44
	Total vars:	73624
	Total clauses:	209456
	Test == masterkey, spend 7297346 clocks.
	Have 192 results, spent 26296427 clocks.
num_cipher:	45
	Total vars:	75288
	Total clauses:	214192
	Test == masterkey, spend 7710427 clocks.
	Have 192 results, spent 25784813 clocks.
num_cipher:	46
	Total vars:	76952
	Total clauses:	218928
	Test == masterkey, spend 7868646 clocks.
	Have 192 results, spent 27647498 clocks.
num_cipher:	47
	Total vars:	78616
	Total clauses:	223664
	Test == masterkey, spend 8482253 clocks.
	Have 192 results, spent 30293568 clocks.
num_cipher:	48
	Total vars:	80280
	Total clauses:	228400
	Test == masterkey, spend 8281686 clocks.
	Have 192 results, spent 31997193 clocks.
num_cipher:	49
	Total vars:	81944
	Total clauses:	233136
	Test == masterkey, spend 8066586 clocks.
	Have 192 results, spent 33085975 clocks.
num_cipher:	50
	Total vars:	83608
	Total clauses:	237872
	Test == masterkey, spend 7854621 clocks.
	Have 192 results, spent 32584854 clocks.
num_cipher:	51
	Total vars:	85272
	Total clauses:	242608
	Test == masterkey, spend 9982726 clocks.
	Have 192 results, spent 34949335 clocks.
num_cipher:	52
	Total vars:	86936
	Total clauses:	247344
	Test == masterkey, spend 9890492 clocks.
	Have 192 results, spent 36065337 clocks.
num_cipher:	53
	Total vars:	88600
	Total clauses:	252080
	Test == masterkey, spend 9822798 clocks.
	Have 192 results, spent 36905690 clocks.
num_cipher:	54
	Total vars:	90264
	Total clauses:	256816
	Test == masterkey, spend 9832345 clocks.
	Have 192 results, spent 33116749 clocks.
num_cipher:	55
	Total vars:	91928
	Total clauses:	261552
	Test == masterkey, spend 12073074 clocks.
	Have 192 results, spent 37941804 clocks.
num_cipher:	56
	Total vars:	93592
	Total clauses:	266288
	Test == masterkey, spend 12958804 clocks.
	Have 192 results, spent 38949259 clocks.
num_cipher:	57
	Total vars:	95256
	Total clauses:	271024
	Test == masterkey, spend 13944717 clocks.
	Have 192 results, spent 40475309 clocks.
num_cipher:	58
	Total vars:	96920
	Total clauses:	275760
	Test == masterkey, spend 14641954 clocks.
	Have 192 results, spent 43021175 clocks.
num_cipher:	59
	Total vars:	98584
	Total clauses:	280496
	Test == masterkey, spend 12913053 clocks.
	Have 192 results, spent 45667716 clocks.
num_cipher:	60
	Total vars:	100248
	Total clauses:	285232
	Test == masterkey, spend 14156028 clocks.
	Have 192 results, spent 45346106 clocks.
num_cipher:	61
	Total vars:	101912
	Total clauses:	289968
	Test == masterkey, spend 13204945 clocks.
	Have 192 results, spent 45821037 clocks.
num_cipher:	62
	Total vars:	103576
	Total clauses:	294704
	Test == masterkey, spend 14168551 clocks.
	Have 192 results, spent 45740155 clocks.
num_cipher:	63
	Total vars:	105240
	Total clauses:	299440
	Test == masterkey, spend 14550881 clocks.
	Have 192 results, spent 47689027 clocks.
num_cipher:	64
	Total vars:	106904
	Total clauses:	304176
	Test == masterkey, spend 15323442 clocks.
	Have 192 results, spent 53541709 clocks.
num_cipher:	65
	Total vars:	108568
	Total clauses:	308912
	Test == masterkey, spend 14789569 clocks.
	Have 192 results, spent 50914760 clocks.
num_cipher:	66
	Total vars:	110232
	Total clauses:	313648
	Test == masterkey, spend 16380909 clocks.
	Have 192 results, spent 53471420 clocks.
num_cipher:	67
	Total vars:	111896
	Total clauses:	318384
	Test == masterkey, spend 17245481 clocks.
	Have 192 results, spent 54548647 clocks.
num_cipher:	68
	Total vars:	113560
	Total clauses:	323120
	Test == masterkey, spend 16137600 clocks.
	Have 192 results, spent 61511851 clocks.
num_cipher:	69
	Total vars:	115224
	Total clauses:	327856
	Test == masterkey, spend 17217754 clocks.
	Have 192 results, spent 64364229 clocks.
num_cipher:	70
	Total vars:	116888
	Total clauses:	332592
	Test == masterkey, spend 17284677 clocks.
	Have 192 results, spent 59412406 clocks.
num_cipher:	71
	Total vars:	118552
	Total clauses:	337328
	Test == masterkey, spend 18498643 clocks.
	Have 192 results, spent 63083735 clocks.
num_cipher:	72
	Total vars:	120216
	Total clauses:	342064
	Test == masterkey, spend 17431057 clocks.
	Have 192 results, spent 66479042 clocks.
num_cipher:	73
	Total vars:	121880
	Total clauses:	346800
	Test == masterkey, spend 18907283 clocks.
	Have 192 results, spent 61523611 clocks.
num_cipher:	74
	Total vars:	123544
	Total clauses:	351536
	Test == masterkey, spend 17810055 clocks.
	Have 192 results, spent 62261743 clocks.
num_cipher:	75
	Total vars:	125208
	Total clauses:	356272
	Test == masterkey, spend 17734538 clocks.
	Have 192 results, spent 61923791 clocks.
num_cipher:	76
	Total vars:	126872
	Total clauses:	361008
	Test == masterkey, spend 18016618 clocks.
	Have 192 results, spent 70686571 clocks.
num_cipher:	77
	Total vars:	128536
	Total clauses:	365744
	Test == masterkey, spend 16866951 clocks.
	Have 192 results, spent 68544996 clocks.
num_cipher:	78
	Total vars:	130200
	Total clauses:	370480
	Test == masterkey, spend 19638467 clocks.
	Have 192 results, spent 68787823 clocks.
num_cipher:	79
	Total vars:	131864
	Total clauses:	375216
	Test == masterkey, spend 17725737 clocks.
	Have 192 results, spent 75063805 clocks.
num_cipher:	80
	Total vars:	133528
	Total clauses:	379952
	Test == masterkey, spend 18695486 clocks.
	Have 192 results, spent 68449004 clocks.
---------------------------------------------------------------------------------------------------
	Command being timed: "./bin/present80NSNK 1 9 25 80"
	User time (seconds): 2790.41
	System time (seconds): 3.54
	Percent of CPU this job got: 99%
	Elapsed (wall clock) time (h:mm:ss or m:ss): 46:34.88
	Average shared text size (kbytes): 0
	Average unshared data size (kbytes): 0
	Average stack size (kbytes): 0
	Average total size (kbytes): 0
	Maximum resident set size (kbytes): 169828
	Average resident set size (kbytes): 0
	Major (requiring I/O) page faults: 0
	Minor (reclaiming a frame) page faults: 279844
	Voluntary context switches: 4
	Involuntary context switches: 7174
	Swaps: 0
	File system inputs: 0
	File system outputs: 408
	Socket messages sent: 0
	Socket messages received: 0
	Signals delivered: 0
	Page size (bytes): 4096
	Exit status: 0
