sbox:	1100 0101 0110 1011 1001 0000 1010 1101 0011 1110 1111 1000 0100 0111 0001 0010 
8 = (0+2+6')(2'+3+4'+6)(0'+2+3+4')(2+3'+4'+6)(2'+4+6'+7')(3+5'+6+7')(0'+4'+5+6')(1+4+6+7)(1'+4'+6'+7')(1+2'+3'+4)(0'+1'+3'+6)(3+4+5+7)(0'+2'+5'+7)(0+2'+3'+7)(1'+5'+6'+7)(2+4+5+6+7')(0+2'+5+6)(0'+1+4+5')(0+1'+4+5')(1+3+4'+5)(1+3'+4'+5'+7')(1+5+6+7')(2+3'+5+6')(1'+3+6'+7')(0+4'+5'+6')(1'+4'+6+7)
e_sbox:	1101 0101 0110 1011 1001 0000 1010 1101 0011 1110 1111 1000 0100 0111 0001 0010 
8 = (0'+2+6+7')(0+2+3+7)(0+1+2'+6)(2'+3+4'+6)(0+2+3'+4')(0'+1'+3+6')(1'+4'+6'+7')(1'+5'+6'+7)(1+5+6'+7)(1'+2'+6+7)(0'+1+2'+4)(0'+2+3'+5)(0'+2'+3'+7')(0+1'+4+7')(3'+4+5'+7)(0+4+5+6')(0'+1+2+3+5')(1+3+4'+5)(3+4+5'+7')(2'+4'+5'+7)(1+3'+5'+6'+7')(1'+3'+4'+5)(0+5'+6'+7')(4'+5'+6+7)(3+5+6+7)(1+4+5+6)(1'+3+4'+5')
PRESENT_MODE:	80
SAT_MODE:	2
	SBOX_MODE:	102
	KSR_HAVEERROR:	1
	ENCYPT_HAVEERROR:	1
AnalysesRounds:	9
MinCiphers:	25
MaxCiphers:	80
Threads:	1
Master_key:	11010000101000100001101010111111101000010111010011011100100101011111010000101100
---------------------------------------------------------------------------------------------------
num_cipher:	25
	Total vars:	42008
	Total clauses:	119472
	Test == masterkey, spend 3451284 clocks.
	Have 8 results, spent 15291419 clocks.
num_cipher:	26
	Total vars:	43672
	Total clauses:	124208
	Test == masterkey, spend 3481014 clocks.
	Have 8 results, spent 9688290 clocks.
num_cipher:	27
	Total vars:	45336
	Total clauses:	128944
	Test == masterkey, spend 3836931 clocks.
	Have 8 results, spent 7739918 clocks.
num_cipher:	28
	Total vars:	47000
	Total clauses:	133680
	Test == masterkey, spend 4119992 clocks.
	Have 8 results, spent 7876559 clocks.
num_cipher:	29
	Total vars:	48664
	Total clauses:	138416
	Test == masterkey, spend 4925167 clocks.
	Have 8 results, spent 8407259 clocks.
num_cipher:	30
	Total vars:	50328
	Total clauses:	143152
	Test == masterkey, spend 4419165 clocks.
	Have 8 results, spent 9091643 clocks.
num_cipher:	31
	Total vars:	51992
	Total clauses:	147888
	Test == masterkey, spend 4952781 clocks.
	Have 8 results, spent 8485820 clocks.
num_cipher:	32
	Total vars:	53656
	Total clauses:	152624
	Test == masterkey, spend 5038693 clocks.
	Have 8 results, spent 9663188 clocks.
num_cipher:	33
	Total vars:	55320
	Total clauses:	157360
	Test == masterkey, spend 5258757 clocks.
	Have 8 results, spent 7966929 clocks.
num_cipher:	34
	Total vars:	56984
	Total clauses:	162096
	Test == masterkey, spend 6107001 clocks.
	Have 8 results, spent 10926484 clocks.
num_cipher:	35
	Total vars:	58648
	Total clauses:	166832
	Test == masterkey, spend 5879718 clocks.
	Have 8 results, spent 11269239 clocks.
num_cipher:	36
	Total vars:	60312
	Total clauses:	171568
	Test == masterkey, spend 5802790 clocks.
	Have 8 results, spent 10698040 clocks.
num_cipher:	37
	Total vars:	61976
	Total clauses:	176304
	Test == masterkey, spend 5984747 clocks.
	Have 8 results, spent 10550598 clocks.
num_cipher:	38
	Total vars:	63640
	Total clauses:	181040
	Test == masterkey, spend 5881429 clocks.
	Have 8 results, spent 11958275 clocks.
num_cipher:	39
	Total vars:	65304
	Total clauses:	185776
	Test == masterkey, spend 7135839 clocks.
	Have 8 results, spent 11744665 clocks.
num_cipher:	40
	Total vars:	66968
	Total clauses:	190512
	Test == masterkey, spend 6790548 clocks.
	Have 8 results, spent 10660424 clocks.
num_cipher:	41
	Total vars:	68632
	Total clauses:	195248
	Test == masterkey, spend 6275713 clocks.
	Have 8 results, spent 12763089 clocks.
num_cipher:	42
	Total vars:	70296
	Total clauses:	199984
	Test == masterkey, spend 8019712 clocks.
	Have 8 results, spent 11432864 clocks.
num_cipher:	43
	Total vars:	71960
	Total clauses:	204720
	Test == masterkey, spend 8104370 clocks.
	Have 8 results, spent 12001025 clocks.
num_cipher:	44
	Total vars:	73624
	Total clauses:	209456
	Test == masterkey, spend 9376250 clocks.
	Have 8 results, spent 13696253 clocks.
num_cipher:	45
	Total vars:	75288
	Total clauses:	214192
	Test == masterkey, spend 9345456 clocks.
	Have 8 results, spent 13045600 clocks.
num_cipher:	46
	Total vars:	76952
	Total clauses:	218928
	Test == masterkey, spend 8956554 clocks.
	Have 8 results, spent 13224307 clocks.
num_cipher:	47
	Total vars:	78616
	Total clauses:	223664
	Test == masterkey, spend 9328528 clocks.
	Have 8 results, spent 15184394 clocks.
num_cipher:	48
	Total vars:	80280
	Total clauses:	228400
	Test == masterkey, spend 9175648 clocks.
	Have 8 results, spent 14101293 clocks.
num_cipher:	49
	Total vars:	81944
	Total clauses:	233136
	Test == masterkey, spend 10951918 clocks.
	Have 8 results, spent 14418856 clocks.
num_cipher:	50
	Total vars:	83608
	Total clauses:	237872
	Test == masterkey, spend 10365870 clocks.
	Have 8 results, spent 13138928 clocks.
num_cipher:	51
	Total vars:	85272
	Total clauses:	242608
	Test == masterkey, spend 9418154 clocks.
	Have 8 results, spent 15268280 clocks.
num_cipher:	52
	Total vars:	86936
	Total clauses:	247344
	Test == masterkey, spend 8397361 clocks.
	Have 8 results, spent 16237862 clocks.
num_cipher:	53
	Total vars:	88600
	Total clauses:	252080
	Test == masterkey, spend 11605268 clocks.
	Have 8 results, spent 15272033 clocks.
num_cipher:	54
	Total vars:	90264
	Total clauses:	256816
	Test == masterkey, spend 10522624 clocks.
	Have 8 results, spent 16828924 clocks.
num_cipher:	55
	Total vars:	91928
	Total clauses:	261552
	Test == masterkey, spend 11356381 clocks.
	Have 8 results, spent 19138551 clocks.
num_cipher:	56
	Total vars:	93592
	Total clauses:	266288
	Test == masterkey, spend 9766586 clocks.
	Have 8 results, spent 17229923 clocks.
num_cipher:	57
	Total vars:	95256
	Total clauses:	271024
	Test == masterkey, spend 11216238 clocks.
	Have 8 results, spent 15464282 clocks.
num_cipher:	58
	Total vars:	96920
	Total clauses:	275760
	Test == masterkey, spend 13512104 clocks.
	Have 8 results, spent 17021507 clocks.
num_cipher:	59
	Total vars:	98584
	Total clauses:	280496
	Test == masterkey, spend 13226010 clocks.
	Have 8 results, spent 19445803 clocks.
num_cipher:	60
	Total vars:	100248
	Total clauses:	285232
	Test == masterkey, spend 12746867 clocks.
	Have 8 results, spent 19103643 clocks.
num_cipher:	61
	Total vars:	101912
	Total clauses:	289968
	Test == masterkey, spend 13707876 clocks.
	Have 8 results, spent 21916650 clocks.
num_cipher:	62
	Total vars:	103576
	Total clauses:	294704
	Test == masterkey, spend 17283365 clocks.
	Have 8 results, spent 23887152 clocks.
num_cipher:	63
	Total vars:	105240
	Total clauses:	299440
	Test == masterkey, spend 16658753 clocks.
	Have 8 results, spent 25802041 clocks.
num_cipher:	64
	Total vars:	106904
	Total clauses:	304176
	Test == masterkey, spend 17688218 clocks.
	Have 8 results, spent 27769131 clocks.
num_cipher:	65
	Total vars:	108568
	Total clauses:	308912
	Test == masterkey, spend 19421780 clocks.
	Have 8 results, spent 26064634 clocks.
num_cipher:	66
	Total vars:	110232
	Total clauses:	313648
	Test == masterkey, spend 18844118 clocks.
	Have 8 results, spent 30655316 clocks.
num_cipher:	67
	Total vars:	111896
	Total clauses:	318384
	Test == masterkey, spend 17840094 clocks.
	Have 8 results, spent 26167965 clocks.
num_cipher:	68
	Total vars:	113560
	Total clauses:	323120
	Test == masterkey, spend 18058591 clocks.
	Have 8 results, spent 32437792 clocks.
num_cipher:	69
	Total vars:	115224
	Total clauses:	327856
	Test == masterkey, spend 15830779 clocks.
	Have 8 results, spent 28588394 clocks.
num_cipher:	70
	Total vars:	116888
	Total clauses:	332592
	Test == masterkey, spend 18569901 clocks.
	Have 8 results, spent 33083441 clocks.
num_cipher:	71
	Total vars:	118552
	Total clauses:	337328
	Test == masterkey, spend 18638226 clocks.
	Have 8 results, spent 32202998 clocks.
num_cipher:	72
	Total vars:	120216
	Total clauses:	342064
	Test == masterkey, spend 15120342 clocks.
	Have 8 results, spent 34036313 clocks.
num_cipher:	73
	Total vars:	121880
	Total clauses:	346800
	Test == masterkey, spend 20307491 clocks.
	Have 8 results, spent 33604388 clocks.
num_cipher:	74
	Total vars:	123544
	Total clauses:	351536
	Test == masterkey, spend 15234928 clocks.
	Have 8 results, spent 33929493 clocks.
num_cipher:	75
	Total vars:	125208
	Total clauses:	356272
	Test == masterkey, spend 21238887 clocks.
	Have 8 results, spent 34599371 clocks.
num_cipher:	76
	Total vars:	126872
	Total clauses:	361008
	Test == masterkey, spend 16929249 clocks.
	Have 8 results, spent 34749887 clocks.
num_cipher:	77
	Total vars:	128536
	Total clauses:	365744
	Test == masterkey, spend 15996329 clocks.
	Have 8 results, spent 32100032 clocks.
num_cipher:	78
	Total vars:	130200
	Total clauses:	370480
	Test == masterkey, spend 19317665 clocks.
	Have 8 results, spent 30151221 clocks.
num_cipher:	79
	Total vars:	131864
	Total clauses:	375216
	Test == masterkey, spend 16647573 clocks.
	Have 8 results, spent 39247841 clocks.
num_cipher:	80
	Total vars:	133528
	Total clauses:	379952
	Test == masterkey, spend 19383783 clocks.
	Have 8 results, spent 32246104 clocks.
---------------------------------------------------------------------------------------------------
	Command being timed: "./bin/present80NSNK 1 9 25 80"
	User time (seconds): 1789.76
	System time (seconds): 1.81
	Percent of CPU this job got: 99%
	Elapsed (wall clock) time (h:mm:ss or m:ss): 29:51.86
	Average shared text size (kbytes): 0
	Average unshared data size (kbytes): 0
	Average stack size (kbytes): 0
	Average total size (kbytes): 0
	Maximum resident set size (kbytes): 170224
	Average resident set size (kbytes): 0
	Major (requiring I/O) page faults: 0
	Minor (reclaiming a frame) page faults: 206519
	Voluntary context switches: 0
	Involuntary context switches: 2676
	Swaps: 0
	File system inputs: 0
	File system outputs: 872
	Socket messages sent: 0
	Socket messages received: 0
	Signals delivered: 0
	Page size (bytes): 4096
	Exit status: 0
