sbox:	1100 0101 0110 1011 1001 0000 1010 1101 0011 1110 1111 1000 0100 0111 0001 0010 
8 = (0+2+6')(2'+3+4'+6)(0'+2+3+4')(2+3'+4'+6)(2'+4+6'+7')(3+5'+6+7')(0'+4'+5+6')(1+4+6+7)(1'+4'+6'+7')(1+2'+3'+4)(0'+1'+3'+6)(3+4+5+7)(0'+2'+5'+7)(0+2'+3'+7)(1'+5'+6'+7)(2+4+5+6+7')(0+2'+5+6)(0'+1+4+5')(0+1'+4+5')(1+3+4'+5)(1+3'+4'+5'+7')(1+5+6+7')(2+3'+5+6')(1'+3+6'+7')(0+4'+5'+6')(1'+4'+6+7)
e_sbox:	1101 0101 0110 1011 1001 0000 1010 1101 0011 1110 1111 1000 0100 0111 0001 0010 
8 = (0'+2+6+7')(0+2+3+7)(0+1+2'+6)(2'+3+4'+6)(0+2+3'+4')(0'+1'+3+6')(1'+4'+6'+7')(1'+5'+6'+7)(1+5+6'+7)(1'+2'+6+7)(0'+1+2'+4)(0'+2+3'+5)(0'+2'+3'+7')(0+1'+4+7')(3'+4+5'+7)(0+4+5+6')(0'+1+2+3+5')(1+3+4'+5)(3+4+5'+7')(2'+4'+5'+7)(1+3'+5'+6'+7')(1'+3'+4'+5)(0+5'+6'+7')(4'+5'+6+7)(3+5+6+7)(1+4+5+6)(1'+3+4'+5')
PRESENT_MODE:	80
SAT_MODE:	2
	SBOX_MODE:	102
	KSR_HAVEERROR:	1
	ENCYPT_HAVEERROR:	1
AnalysesRounds:	9
MinCiphers:	25
MaxCiphers:	80
Threads:	1
Master_key:	11010111111101001100010010001111100100001010010001000000111100100110101101011100
---------------------------------------------------------------------------------------------------
num_cipher:	25
	Total vars:	42008
	Total clauses:	119472
	Test == masterkey, spend 3220897 clocks.
	Have 2 results, spent 11554021 clocks.
num_cipher:	26
	Total vars:	43672
	Total clauses:	124208
	Test == masterkey, spend 3151625 clocks.
	Have 2 results, spent 5858908 clocks.
num_cipher:	27
	Total vars:	45336
	Total clauses:	128944
	Test == masterkey, spend 3263856 clocks.
	Have 2 results, spent 5160344 clocks.
num_cipher:	28
	Total vars:	47000
	Total clauses:	133680
	Test == masterkey, spend 3919201 clocks.
	Have 2 results, spent 4575871 clocks.
num_cipher:	29
	Total vars:	48664
	Total clauses:	138416
	Test == masterkey, spend 3890344 clocks.
	Have 2 results, spent 4837994 clocks.
num_cipher:	30
	Total vars:	50328
	Total clauses:	143152
	Test == masterkey, spend 3918100 clocks.
	Have 2 results, spent 5017366 clocks.
num_cipher:	31
	Total vars:	51992
	Total clauses:	147888
	Test == masterkey, spend 4227061 clocks.
	Have 2 results, spent 5090470 clocks.
num_cipher:	32
	Total vars:	53656
	Total clauses:	152624
	Test == masterkey, spend 4392690 clocks.
	Have 2 results, spent 4809810 clocks.
num_cipher:	33
	Total vars:	55320
	Total clauses:	157360
	Test == masterkey, spend 4589179 clocks.
	Have 2 results, spent 4289585 clocks.
num_cipher:	34
	Total vars:	56984
	Total clauses:	162096
	Test == masterkey, spend 4625796 clocks.
	Have 2 results, spent 5719774 clocks.
num_cipher:	35
	Total vars:	58648
	Total clauses:	166832
	Test == masterkey, spend 5222717 clocks.
	Have 2 results, spent 6483805 clocks.
num_cipher:	36
	Total vars:	60312
	Total clauses:	171568
	Test == masterkey, spend 5704348 clocks.
	Have 2 results, spent 5769957 clocks.
num_cipher:	37
	Total vars:	61976
	Total clauses:	176304
	Test == masterkey, spend 5750817 clocks.
	Have 2 results, spent 6880970 clocks.
num_cipher:	38
	Total vars:	63640
	Total clauses:	181040
	Test == masterkey, spend 5671471 clocks.
	Have 2 results, spent 6488753 clocks.
num_cipher:	39
	Total vars:	65304
	Total clauses:	185776
	Test == masterkey, spend 5869316 clocks.
	Have 2 results, spent 5611532 clocks.
num_cipher:	40
	Total vars:	66968
	Total clauses:	190512
	Test == masterkey, spend 6440618 clocks.
	Have 2 results, spent 8008783 clocks.
num_cipher:	41
	Total vars:	68632
	Total clauses:	195248
	Test == masterkey, spend 6485538 clocks.
	Have 2 results, spent 7009399 clocks.
num_cipher:	42
	Total vars:	70296
	Total clauses:	199984
	Test == masterkey, spend 7290985 clocks.
	Have 2 results, spent 8715131 clocks.
num_cipher:	43
	Total vars:	71960
	Total clauses:	204720
	Test == masterkey, spend 6584185 clocks.
	Have 2 results, spent 9757213 clocks.
num_cipher:	44
	Total vars:	73624
	Total clauses:	209456
	Test == masterkey, spend 7853982 clocks.
	Have 2 results, spent 9019678 clocks.
num_cipher:	45
	Total vars:	75288
	Total clauses:	214192
	Test == masterkey, spend 8262775 clocks.
	Have 2 results, spent 9937709 clocks.
num_cipher:	46
	Total vars:	76952
	Total clauses:	218928
	Test == masterkey, spend 6885289 clocks.
	Have 2 results, spent 9240910 clocks.
num_cipher:	47
	Total vars:	78616
	Total clauses:	223664
	Test == masterkey, spend 7905813 clocks.
	Have 2 results, spent 8259653 clocks.
num_cipher:	48
	Total vars:	80280
	Total clauses:	228400
	Test == masterkey, spend 7477372 clocks.
	Have 2 results, spent 9032069 clocks.
num_cipher:	49
	Total vars:	81944
	Total clauses:	233136
	Test == masterkey, spend 9109649 clocks.
	Have 2 results, spent 8522430 clocks.
num_cipher:	50
	Total vars:	83608
	Total clauses:	237872
	Test == masterkey, spend 10014305 clocks.
	Have 2 results, spent 9638407 clocks.
num_cipher:	51
	Total vars:	85272
	Total clauses:	242608
	Test == masterkey, spend 9431793 clocks.
	Have 2 results, spent 10579664 clocks.
num_cipher:	52
	Total vars:	86936
	Total clauses:	247344
	Test == masterkey, spend 11095612 clocks.
	Have 2 results, spent 9210377 clocks.
num_cipher:	53
	Total vars:	88600
	Total clauses:	252080
	Test == masterkey, spend 10167519 clocks.
	Have 2 results, spent 10135289 clocks.
num_cipher:	54
	Total vars:	90264
	Total clauses:	256816
	Test == masterkey, spend 10806637 clocks.
	Have 2 results, spent 11350381 clocks.
num_cipher:	55
	Total vars:	91928
	Total clauses:	261552
	Test == masterkey, spend 10934489 clocks.
	Have 2 results, spent 10726365 clocks.
num_cipher:	56
	Total vars:	93592
	Total clauses:	266288
	Test == masterkey, spend 12011707 clocks.
	Have 2 results, spent 8513301 clocks.
num_cipher:	57
	Total vars:	95256
	Total clauses:	271024
	Test == masterkey, spend 11955898 clocks.
	Have 2 results, spent 10065320 clocks.
num_cipher:	58
	Total vars:	96920
	Total clauses:	275760
	Test == masterkey, spend 12344144 clocks.
	Have 2 results, spent 11206021 clocks.
num_cipher:	59
	Total vars:	98584
	Total clauses:	280496
	Test == masterkey, spend 13302531 clocks.
	Have 2 results, spent 12267190 clocks.
num_cipher:	60
	Total vars:	100248
	Total clauses:	285232
	Test == masterkey, spend 13310099 clocks.
	Have 2 results, spent 10536680 clocks.
num_cipher:	61
	Total vars:	101912
	Total clauses:	289968
	Test == masterkey, spend 11830279 clocks.
	Have 2 results, spent 11788528 clocks.
num_cipher:	62
	Total vars:	103576
	Total clauses:	294704
	Test == masterkey, spend 14794722 clocks.
	Have 2 results, spent 11391928 clocks.
num_cipher:	63
	Total vars:	105240
	Total clauses:	299440
	Test == masterkey, spend 14685374 clocks.
	Have 2 results, spent 11034800 clocks.
num_cipher:	64
	Total vars:	106904
	Total clauses:	304176
	Test == masterkey, spend 12637906 clocks.
	Have 2 results, spent 12541057 clocks.
num_cipher:	65
	Total vars:	108568
	Total clauses:	308912
	Test == masterkey, spend 14071755 clocks.
	Have 2 results, spent 13514757 clocks.
num_cipher:	66
	Total vars:	110232
	Total clauses:	313648
	Test == masterkey, spend 14507619 clocks.
	Have 2 results, spent 11528144 clocks.
num_cipher:	67
	Total vars:	111896
	Total clauses:	318384
	Test == masterkey, spend 14320300 clocks.
	Have 2 results, spent 14624147 clocks.
num_cipher:	68
	Total vars:	113560
	Total clauses:	323120
	Test == masterkey, spend 15212806 clocks.
	Have 2 results, spent 14282644 clocks.
num_cipher:	69
	Total vars:	115224
	Total clauses:	327856
	Test == masterkey, spend 15399651 clocks.
	Have 2 results, spent 15222905 clocks.
num_cipher:	70
	Total vars:	116888
	Total clauses:	332592
	Test == masterkey, spend 17328038 clocks.
	Have 2 results, spent 16738874 clocks.
num_cipher:	71
	Total vars:	118552
	Total clauses:	337328
	Test == masterkey, spend 17225257 clocks.
	Have 2 results, spent 14007267 clocks.
num_cipher:	72
	Total vars:	120216
	Total clauses:	342064
	Test == masterkey, spend 15782483 clocks.
	Have 2 results, spent 18409655 clocks.
num_cipher:	73
	Total vars:	121880
	Total clauses:	346800
	Test == masterkey, spend 15997676 clocks.
	Have 2 results, spent 18039369 clocks.
num_cipher:	74
	Total vars:	123544
	Total clauses:	351536
	Test == masterkey, spend 18101986 clocks.
	Have 2 results, spent 15279258 clocks.
num_cipher:	75
	Total vars:	125208
	Total clauses:	356272
	Test == masterkey, spend 17120055 clocks.
	Have 2 results, spent 16061736 clocks.
num_cipher:	76
	Total vars:	126872
	Total clauses:	361008
	Test == masterkey, spend 17921741 clocks.
	Have 2 results, spent 20197881 clocks.
num_cipher:	77
	Total vars:	128536
	Total clauses:	365744
	Test == masterkey, spend 16921741 clocks.
	Have 2 results, spent 16625720 clocks.
num_cipher:	78
	Total vars:	130200
	Total clauses:	370480
	Test == masterkey, spend 18271719 clocks.
	Have 2 results, spent 21819700 clocks.
num_cipher:	79
	Total vars:	131864
	Total clauses:	375216
	Test == masterkey, spend 18738326 clocks.
	Have 2 results, spent 17841181 clocks.
num_cipher:	80
	Total vars:	133528
	Total clauses:	379952
	Test == masterkey, spend 18979021 clocks.
	Have 2 results, spent 24526180 clocks.
---------------------------------------------------------------------------------------------------
	Command being timed: "./bin/present80NSNK 1 9 25 80"
	User time (seconds): 1264.79
	System time (seconds): 1.10
	Percent of CPU this job got: 99%
	Elapsed (wall clock) time (h:mm:ss or m:ss): 21:06.18
	Average shared text size (kbytes): 0
	Average unshared data size (kbytes): 0
	Average stack size (kbytes): 0
	Average total size (kbytes): 0
	Maximum resident set size (kbytes): 168760
	Average resident set size (kbytes): 0
	Major (requiring I/O) page faults: 0
	Minor (reclaiming a frame) page faults: 224118
	Voluntary context switches: 3
	Involuntary context switches: 1537
	Swaps: 0
	File system inputs: 0
	File system outputs: 296
	Socket messages sent: 0
	Socket messages received: 0
	Signals delivered: 0
	Page size (bytes): 4096
	Exit status: 0
