sbox:	1100 0110 1001 0000 0001 1010 0010 1011 0011 1000 0101 1101 0100 1110 0111 1111 
8 = (3+1+5')(1'+0+7'+5)(3'+1+0+7')(1+0'+7'+5)(1'+7+5'+4')(0+6'+5+4')(3'+7'+6+5')(2+7+5+4)(2'+7'+5'+4')(2+1'+0'+7)(3'+2'+0'+5)(0+7+6+4)(3'+1'+6'+4)(3+1'+0'+4)(2'+6'+5'+4)(1+7+6+5+4')(3+1'+6+5)(3'+2+7+6')(3+2'+7+6')(2+0+7'+6)(2+0'+7'+6'+4')(2+6+5+4')(1+0'+6+5')(2'+0+5'+4')(3+7'+6'+5')(2'+7'+5+4)
e_sbox:	1101 0110 1001 0000 0001 1010 0010 1011 0011 1000 0101 1101 0100 1110 0111 1111 
8 = (3'+2'+6)(2'+1'+5)(1+0'+4')(2+0+4)(2'+0+7')(3'+2+6'+5')(2+1+7+5)(3'+0'+7)(3'+1'+6)(3+7+6'+4')(1'+6'+4)(2'+1+7+5')(3+7'+6'+5')(3+2+6+5')(3+0'+7'+5)(1'+7+6+4')(1'+0'+5'+4)(3'+1+5+4')(7'+6'+5+4)(3+1+5+4)(1+7'+6+4')(1'+0+7'+6')(2+6+5'+4)
SKINNY_MODE:	64
TWEAKEY_MODE:	3
SAT_MODE:	2
	SBOX_MODE:	102
	ENCYPT_HAVEERROR:	301
AnalysesRounds:	8
MinCiphers:	150
MaxCiphers:	400
Threads:	1
---------------------------------------------------------------------------------------------------
num_cipher:	150
	Total vars:	266396
	Total clauses:	650204
	Test == masterkey, spend 37945015 clocks.
	Have 2 results, spent 348326118 clocks.
num_cipher:	151
	Total vars:	268158
	Total clauses:	654526
	Test == masterkey, spend 33442160 clocks.
	Have 2 results, spent 351999860 clocks.
num_cipher:	152
	Total vars:	269920
	Total clauses:	658848
	Test == masterkey, spend 32546076 clocks.
	Have 2 results, spent 420146661 clocks.
num_cipher:	153
	Total vars:	271682
	Total clauses:	663170
	Test == masterkey, spend 39230317 clocks.
	Have 2 results, spent 420476182 clocks.
num_cipher:	154
	Total vars:	273444
	Total clauses:	667492
	Test == masterkey, spend 41934960 clocks.
	Have 2 results, spent 431294956 clocks.
num_cipher:	155
	Total vars:	275206
	Total clauses:	671814
	Test == masterkey, spend 42563733 clocks.
	Have 2 results, spent 373307036 clocks.
num_cipher:	156
	Total vars:	276968
	Total clauses:	676136
	Test == masterkey, spend 42041780 clocks.
	Have 1 results, spent 291599567 clocks.
---------------------------------------------------------------------------------------------------
求得唯一解！
numAnalysesRounds:	8
startRound:	32
---------------------------------------------------------------------------------------------------
	Command being timed: "./bin/skinny_64_3_NS 1 8 150 400"
	User time (seconds): 2912.13
	System time (seconds): 2.17
	Percent of CPU this job got: 99%
	Elapsed (wall clock) time (h:mm:ss or m:ss): 48:34.51
	Average shared text size (kbytes): 0
	Average unshared data size (kbytes): 0
	Average stack size (kbytes): 0
	Average total size (kbytes): 0
	Maximum resident set size (kbytes): 391132
	Average resident set size (kbytes): 0
	Major (requiring I/O) page faults: 0
	Minor (reclaiming a frame) page faults: 131725
	Voluntary context switches: 2
	Involuntary context switches: 1182
	Swaps: 0
	File system inputs: 0
	File system outputs: 120
	Socket messages sent: 0
	Socket messages received: 0
	Signals delivered: 0
	Page size (bytes): 4096
	Exit status: 0
