sbox:	1100 0110 1001 0000 0001 1010 0010 1011 0011 1000 0101 1101 0100 1110 0111 1111 
8 = (2'+0+7')(1+7'+4')(0'+7+4')(3'+1'+6)(1'+6'+4)(3+0+7+6')(2'+7'+5)(2+1+7+5)(2+1'+5')(2'+0'+7)(2+6+5'+4)(0+6+5+4)(3+7'+6'+5')(3'+2+1+6')(2'+1+7+5')(3+0'+7'+5)(1'+7+6+4')(3'+2'+5+4')(0+7'+6'+4')(3+2+7+4')(1'+7'+4)(3'+2'+6)
e_sbox:	1101 0110 1001 0000 0001 1010 0010 1011 0011 1000 0101 1101 0100 1110 0111 1111 
8 = (3'+2'+6)(2'+1'+5)(1+0'+4')(2+0+4)(2'+0+7')(3'+2+6'+5')(2+1+7+5)(3'+0'+7)(3'+1'+6)(3+7+6'+4')(1'+6'+4)(2'+1+7+5')(3+7'+6'+5')(3+2+6+5')(3+0'+7'+5)(1'+7+6+4')(1'+0'+5'+4)(3'+1+5+4')(7'+6'+5+4)(3+1+5+4)(1+7'+6+4')(1'+0+7'+6')(2+6+5'+4)
Max time :	3600
SKINNY_MODE:	64
TWEAKEY_MODE:	1
SAT_MODE:	2
	SBOX_MODE:	102
	ENCYPT_HAVEERROR:	301
AnalysesRounds:	12
MinCiphers:	9
MaxCiphers:	40
Threads:	1
---------------------------------------------------------------------------------------------------
num_cipher:	9
	Total vars:	24524
	Total clauses:	59020
	Test == masterkey, spend 537460 clocks.
	Not solved within 3600 seconds, Have 1 results.
num_cipher:	10
	Total vars:	27128
	Total clauses:	65464
	Test == masterkey, spend 831069 clocks.
	Not solved within 3600 seconds, Have 1 results.
num_cipher:	11
	Total vars:	29732
	Total clauses:	71908
	Test == masterkey, spend 936486 clocks.
	Not solved within 3600 seconds, Have 0 results.
num_cipher:	12
	Total vars:	32336
	Total clauses:	78352
	Test == masterkey, spend 857239 clocks.
	Not solved within 3600 seconds, Have 0 results.
num_cipher:	13
	Total vars:	34940
	Total clauses:	84796
	Test == masterkey, spend 997822 clocks.
	Not solved within 3600 seconds, Have 0 results.
num_cipher:	14
	Total vars:	37544
	Total clauses:	91240
	Test == masterkey, spend 1412659 clocks.
解得主密钥:  1	1010001010100000110111100111100011000110111011010101011000010011
	Have 1 results, spent 1314798297 clocks.
---------------------------------------------------------------------------------------------------
求得唯一解！
numAnalysesRounds:	12
startRound:	20
---------------------------------------------------------------------------------------------------
	Command being timed: "./bin/skinny_64_1_NS 1 12 9 40"
	User time (seconds): 19309.65
	System time (seconds): 31.14
	Percent of CPU this job got: 99%
	Elapsed (wall clock) time (h:mm:ss or m:ss): 5:22:24
	Average shared text size (kbytes): 0
	Average unshared data size (kbytes): 0
	Average stack size (kbytes): 0
	Average total size (kbytes): 0
	Maximum resident set size (kbytes): 195004
	Average resident set size (kbytes): 0
	Major (requiring I/O) page faults: 0
	Minor (reclaiming a frame) page faults: 2964913
	Voluntary context switches: 1
	Involuntary context switches: 42631
	Swaps: 0
	File system inputs: 0
	File system outputs: 64
	Socket messages sent: 0
	Socket messages received: 0
	Signals delivered: 0
	Page size (bytes): 4096
	Exit status: 0
