sbox:	1100 0110 1001 0000 0001 1010 0010 1011 0011 1000 0101 1101 0100 1110 0111 1111 
8 = (2'+0+7')(1+7'+4')(0'+7+4')(3'+1'+6)(1'+6'+4)(3+0+7+6')(2'+7'+5)(2+1+7+5)(2+1'+5')(2'+0'+7)(2+6+5'+4)(0+6+5+4)(3+7'+6'+5')(3'+2+1+6')(2'+1+7+5')(3+0'+7'+5)(1'+7+6+4')(3'+2'+5+4')(0+7'+6'+4')(3+2+7+4')(1'+7'+4)(3'+2'+6)
e_sbox:	1101 0110 1001 0000 0001 1010 0010 1011 0011 1000 0101 1101 0100 1110 0111 1111 
8 = (3'+2'+6)(2'+1'+5)(1+0'+4')(2+0+4)(2'+0+7')(3'+2+6'+5')(2+1+7+5)(3'+0'+7)(3'+1'+6)(3+7+6'+4')(1'+6'+4)(2'+1+7+5')(3+7'+6'+5')(3+2+6+5')(3+0'+7'+5)(1'+7+6+4')(1'+0'+5'+4)(3'+1+5+4')(7'+6'+5+4)(3+1+5+4)(1+7'+6+4')(1'+0+7'+6')(2+6+5'+4)
Max time :	3600
SKINNY_MODE:	64
TWEAKEY_MODE:	1
SAT_MODE:	2
	SBOX_MODE:	102
	ENCYPT_HAVEERROR:	301
AnalysesRounds:	14
MinCiphers:	9
MaxCiphers:	40
Threads:	1
---------------------------------------------------------------------------------------------------
num_cipher:	9
	Total vars:	28358
	Total clauses:	68614
	Test == masterkey, spend 923761 clocks.
	Not solved within 3600 seconds, Have 0 results.
num_cipher:	10
	Total vars:	31388
	Total clauses:	76124
	Test == masterkey, spend 1243250 clocks.
	Not solved within 3600 seconds, Have 0 results.
num_cipher:	11
	Total vars:	34418
	Total clauses:	83634
	Test == masterkey, spend 1532277 clocks.
	Not solved within 3600 seconds, Have 0 results.
num_cipher:	12
	Total vars:	37448
	Total clauses:	91144
	Test == masterkey, spend 1404458 clocks.
	Not solved within 3600 seconds, Have 0 results.
num_cipher:	13
	Total vars:	40478
	Total clauses:	98654
	Test == masterkey, spend 2194628 clocks.
解得主密钥:  1	0010101011111111110101001000000100111100111001000100011100110101
	Have 1 results, spent 3529739697 clocks.
---------------------------------------------------------------------------------------------------
求得唯一解！
numAnalysesRounds:	14
startRound:	18
---------------------------------------------------------------------------------------------------
	Command being timed: "./bin/skinny_64_1_NS 1 14 9 40"
	User time (seconds): 17927.58
	System time (seconds): 32.45
	Percent of CPU this job got: 99%
	Elapsed (wall clock) time (h:mm:ss or m:ss): 4:59:21
	Average shared text size (kbytes): 0
	Average unshared data size (kbytes): 0
	Average stack size (kbytes): 0
	Average total size (kbytes): 0
	Maximum resident set size (kbytes): 199872
	Average resident set size (kbytes): 0
	Major (requiring I/O) page faults: 0
	Minor (reclaiming a frame) page faults: 2944388
	Voluntary context switches: 1
	Involuntary context switches: 28272
	Swaps: 0
	File system inputs: 0
	File system outputs: 56
	Socket messages sent: 0
	Socket messages received: 0
	Signals delivered: 0
	Page size (bytes): 4096
	Exit status: 0
