sbox:	1100 0110 1001 0000 0001 1010 0010 1011 0011 1000 0101 1101 0100 1110 0111 1111 
8 = (2'+0+7')(1+7'+4')(0'+7+4')(3'+1'+6)(1'+6'+4)(3+0+7+6')(2'+7'+5)(2+1+7+5)(2+1'+5')(2'+0'+7)(2+6+5'+4)(0+6+5+4)(3+7'+6'+5')(3'+2+1+6')(2'+1+7+5')(3+0'+7'+5)(1'+7+6+4')(3'+2'+5+4')(0+7'+6'+4')(3+2+7+4')(1'+7'+4)(3'+2'+6)
e_sbox:	1101 0110 1001 0000 0001 1010 0010 1011 0011 1000 0101 1101 0100 1110 0111 1111 
8 = (3'+2'+6)(2'+1'+5)(1+0'+4')(2+0+4)(2'+0+7')(3'+2+6'+5')(2+1+7+5)(3'+0'+7)(3'+1'+6)(3+7+6'+4')(1'+6'+4)(2'+1+7+5')(3+7'+6'+5')(3+2+6+5')(3+0'+7'+5)(1'+7+6+4')(1'+0'+5'+4)(3'+1+5+4')(7'+6'+5+4)(3+1+5+4)(1+7'+6+4')(1'+0+7'+6')(2+6+5'+4)
Max time :	3600
SKINNY_MODE:	64
TWEAKEY_MODE:	1
SAT_MODE:	2
	SBOX_MODE:	102
	ENCYPT_HAVEERROR:	301
AnalysesRounds:	3
MinCiphers:	8
MaxCiphers:	40
Threads:	1
---------------------------------------------------------------------------------------------------
num_cipher:	8
	Total vars:	6696
	Total clauses:	14312
	Test == masterkey, spend 5935 clocks.
	Have more than 1024 results, spent 4269117 clocks.
num_cipher:	9
	Total vars:	7397
	Total clauses:	15973
	Test == masterkey, spend 5408 clocks.
	Have more than 1024 results, spent 5510770 clocks.
num_cipher:	10
	Total vars:	8098
	Total clauses:	17634
	Test == masterkey, spend 8495 clocks.
	Have more than 1024 results, spent 6069312 clocks.
num_cipher:	11
	Total vars:	8799
	Total clauses:	19295
	Test == masterkey, spend 8975 clocks.
	Have more than 1024 results, spent 6598038 clocks.
num_cipher:	12
	Total vars:	9500
	Total clauses:	20956
	Test == masterkey, spend 8619 clocks.
	Have more than 1024 results, spent 6826386 clocks.
num_cipher:	13
	Total vars:	10201
	Total clauses:	22617
	Test == masterkey, spend 12489 clocks.
	Have more than 1024 results, spent 6529451 clocks.
num_cipher:	14
	Total vars:	10902
	Total clauses:	24278
	Test == masterkey, spend 11100 clocks.
	Have more than 1024 results, spent 6095856 clocks.
num_cipher:	15
	Total vars:	11603
	Total clauses:	25939
	Test == masterkey, spend 14516 clocks.
	Have more than 1024 results, spent 6241303 clocks.
num_cipher:	16
	Total vars:	12304
	Total clauses:	27600
	Test == masterkey, spend 12989 clocks.
	Have more than 1024 results, spent 6373518 clocks.
num_cipher:	17
	Total vars:	13005
	Total clauses:	29261
	Test == masterkey, spend 17331 clocks.
	Have more than 1024 results, spent 5524643 clocks.
num_cipher:	18
	Total vars:	13706
	Total clauses:	30922
	Test == masterkey, spend 17177 clocks.
	Have more than 1024 results, spent 5324107 clocks.
num_cipher:	19
	Total vars:	14407
	Total clauses:	32583
	Test == masterkey, spend 16463 clocks.
	Have more than 1024 results, spent 2583657 clocks.
num_cipher:	20
	Total vars:	15108
	Total clauses:	34244
	Test == masterkey, spend 22059 clocks.
	Have more than 1024 results, spent 2998665 clocks.
num_cipher:	21
	Total vars:	15809
	Total clauses:	35905
	Test == masterkey, spend 18437 clocks.
	Have 27 results, spent 530750 clocks.
num_cipher:	22
	Total vars:	16510
	Total clauses:	37566
	Test == masterkey, spend 27301 clocks.
	Have 12 results, spent 327658 clocks.
num_cipher:	23
	Total vars:	17211
	Total clauses:	39227
	Test == masterkey, spend 26548 clocks.
	Have 12 results, spent 420321 clocks.
num_cipher:	24
	Total vars:	17912
	Total clauses:	40888
	Test == masterkey, spend 29510 clocks.
	Have 6 results, spent 371314 clocks.
num_cipher:	25
	Total vars:	18613
	Total clauses:	42549
	Test == masterkey, spend 30564 clocks.
	Have 6 results, spent 390860 clocks.
num_cipher:	26
	Total vars:	19314
	Total clauses:	44210
	Test == masterkey, spend 34948 clocks.
	Have 6 results, spent 464929 clocks.
num_cipher:	27
	Total vars:	20015
	Total clauses:	45871
	Test == masterkey, spend 39344 clocks.
	Have 6 results, spent 436877 clocks.
num_cipher:	28
	Total vars:	20716
	Total clauses:	47532
	Test == masterkey, spend 40490 clocks.
	Have 6 results, spent 446687 clocks.
num_cipher:	29
	Total vars:	21417
	Total clauses:	49193
	Test == masterkey, spend 51107 clocks.
	Have 4 results, spent 485528 clocks.
num_cipher:	30
	Total vars:	22118
	Total clauses:	50854
	Test == masterkey, spend 45977 clocks.
	Have 4 results, spent 420253 clocks.
num_cipher:	31
	Total vars:	22819
	Total clauses:	52515
	Test == masterkey, spend 48595 clocks.
	Have 4 results, spent 522780 clocks.
num_cipher:	32
	Total vars:	23520
	Total clauses:	54176
	Test == masterkey, spend 41345 clocks.
	Have 4 results, spent 524159 clocks.
num_cipher:	33
	Total vars:	24221
	Total clauses:	55837
	Test == masterkey, spend 47740 clocks.
	Have 2 results, spent 402681 clocks.
num_cipher:	34
	Total vars:	24922
	Total clauses:	57498
	Test == masterkey, spend 43700 clocks.
	Have 2 results, spent 378886 clocks.
num_cipher:	35
	Total vars:	25623
	Total clauses:	59159
	Test == masterkey, spend 45407 clocks.
	Have 2 results, spent 389512 clocks.
num_cipher:	36
	Total vars:	26324
	Total clauses:	60820
	Test == masterkey, spend 49780 clocks.
	Have 2 results, spent 410666 clocks.
num_cipher:	37
	Total vars:	27025
	Total clauses:	62481
	Test == masterkey, spend 56162 clocks.
	Have 2 results, spent 524369 clocks.
num_cipher:	38
	Total vars:	27726
	Total clauses:	64142
	Test == masterkey, spend 57772 clocks.
	Have 2 results, spent 482766 clocks.
num_cipher:	39
	Total vars:	28427
	Total clauses:	65803
	Test == masterkey, spend 56972 clocks.
	Have 2 results, spent 641199 clocks.
num_cipher:	40
	Total vars:	29128
	Total clauses:	67464
	Test == masterkey, spend 54331 clocks.
	Have 2 results, spent 684157 clocks.
---------------------------------------------------------------------------------------------------
	Command being timed: "./bin/skinny_64_1_NS 1 3 8 40"
	User time (seconds): 82.79
	System time (seconds): 0.99
	Percent of CPU this job got: 99%
	Elapsed (wall clock) time (h:mm:ss or m:ss): 1:23.88
	Average shared text size (kbytes): 0
	Average unshared data size (kbytes): 0
	Average stack size (kbytes): 0
	Average total size (kbytes): 0
	Maximum resident set size (kbytes): 22012
	Average resident set size (kbytes): 0
	Major (requiring I/O) page faults: 0
	Minor (reclaiming a frame) page faults: 5663
	Voluntary context switches: 3
	Involuntary context switches: 606
	Swaps: 0
	File system inputs: 16
	File system outputs: 112
	Socket messages sent: 0
	Socket messages received: 0
	Signals delivered: 0
	Page size (bytes): 4096
	Exit status: 0
