sbox:	1100 0110 1001 0000 0001 1010 0010 1011 0011 1000 0101 1101 0100 1110 0111 1111 
8 = (2'+0+7')(1+7'+4')(0'+7+4')(3'+1'+6)(1'+6'+4)(3+0+7+6')(2'+7'+5)(2+1+7+5)(2+1'+5')(2'+0'+7)(2+6+5'+4)(0+6+5+4)(3+7'+6'+5')(3'+2+1+6')(2'+1+7+5')(3+0'+7'+5)(1'+7+6+4')(3'+2'+5+4')(0+7'+6'+4')(3+2+7+4')(1'+7'+4)(3'+2'+6)
e_sbox:	1101 0110 1001 0000 0001 1010 0010 1011 0011 1000 0101 1101 0100 1110 0111 1111 
8 = (3'+2'+6)(2'+1'+5)(1+0'+4')(2+0+4)(2'+0+7')(3'+2+6'+5')(2+1+7+5)(3'+0'+7)(3'+1'+6)(3+7+6'+4')(1'+6'+4)(2'+1+7+5')(3+7'+6'+5')(3+2+6+5')(3+0'+7'+5)(1'+7+6+4')(1'+0'+5'+4)(3'+1+5+4')(7'+6'+5+4)(3+1+5+4)(1+7'+6+4')(1'+0+7'+6')(2+6+5'+4)
Max time :	3600
SKINNY_MODE:	64
TWEAKEY_MODE:	1
SAT_MODE:	2
	SBOX_MODE:	102
	ENCYPT_HAVEERROR:	301
AnalysesRounds:	4
MinCiphers:	10
MaxCiphers:	40
Threads:	1
---------------------------------------------------------------------------------------------------
num_cipher:	10
	Total vars:	10228
	Total clauses:	22964
	Test == masterkey, spend 15348 clocks.
	Have more than 1024 results, spent 40995293 clocks.
num_cipher:	11
	Total vars:	11142
	Total clauses:	25158
	Test == masterkey, spend 17134 clocks.
	Have more than 1024 results, spent 50227758 clocks.
num_cipher:	12
	Total vars:	12056
	Total clauses:	27352
	Test == masterkey, spend 18177 clocks.
	Have more than 1024 results, spent 55514764 clocks.
num_cipher:	13
	Total vars:	12970
	Total clauses:	29546
	Test == masterkey, spend 23439 clocks.
	Have more than 1024 results, spent 70305252 clocks.
num_cipher:	14
	Total vars:	13884
	Total clauses:	31740
	Test == masterkey, spend 24068 clocks.
	Have more than 1024 results, spent 80286918 clocks.
num_cipher:	15
	Total vars:	14798
	Total clauses:	33934
	Test == masterkey, spend 37172 clocks.
	Have more than 1024 results, spent 90968499 clocks.
num_cipher:	16
	Total vars:	15712
	Total clauses:	36128
	Test == masterkey, spend 33484 clocks.
	Have more than 1024 results, spent 86179298 clocks.
num_cipher:	17
	Total vars:	16626
	Total clauses:	38322
	Test == masterkey, spend 38983 clocks.
	Have more than 1024 results, spent 69003235 clocks.
num_cipher:	18
	Total vars:	17540
	Total clauses:	40516
	Test == masterkey, spend 47675 clocks.
	Have 371 results, spent 35145707 clocks.
num_cipher:	19
	Total vars:	18454
	Total clauses:	42710
	Test == masterkey, spend 48669 clocks.
	Have 70 results, spent 11442699 clocks.
num_cipher:	20
	Total vars:	19368
	Total clauses:	44904
	Test == masterkey, spend 49788 clocks.
	Have 11 results, spent 4121112 clocks.
num_cipher:	21
	Total vars:	20282
	Total clauses:	47098
	Test == masterkey, spend 56853 clocks.
	Have 5 results, spent 3035985 clocks.
num_cipher:	22
	Total vars:	21196
	Total clauses:	49292
	Test == masterkey, spend 101554 clocks.
	Have 2 results, spent 2362227 clocks.
num_cipher:	23
	Total vars:	22110
	Total clauses:	51486
	Test == masterkey, spend 73181 clocks.
	Have 2 results, spent 2467801 clocks.
num_cipher:	24
	Total vars:	23024
	Total clauses:	53680
	Test == masterkey, spend 86170 clocks.
	Have 2 results, spent 2420045 clocks.
num_cipher:	25
	Total vars:	23938
	Total clauses:	55874
	Test == masterkey, spend 67904 clocks.
	Have 2 results, spent 2184987 clocks.
num_cipher:	26
	Total vars:	24852
	Total clauses:	58068
	Test == masterkey, spend 79366 clocks.
	Have 2 results, spent 1005497 clocks.
num_cipher:	27
	Total vars:	25766
	Total clauses:	60262
	Test == masterkey, spend 79978 clocks.
	Have 2 results, spent 1272378 clocks.
num_cipher:	28
	Total vars:	26680
	Total clauses:	62456
	Test == masterkey, spend 89281 clocks.
	Have 2 results, spent 1392008 clocks.
num_cipher:	29
	Total vars:	27594
	Total clauses:	64650
	Test == masterkey, spend 115209 clocks.
	Have 2 results, spent 1274613 clocks.
num_cipher:	30
	Total vars:	28508
	Total clauses:	66844
	Test == masterkey, spend 150564 clocks.
	Have 1 results, spent 1109455 clocks.
---------------------------------------------------------------------------------------------------
求得唯一解！
numAnalysesRounds:	4
startRound:	28
---------------------------------------------------------------------------------------------------
	Command being timed: "./bin/skinny_64_1_NS 1 4 10 40"
	User time (seconds): 614.90
	System time (seconds): 0.87
	Percent of CPU this job got: 99%
	Elapsed (wall clock) time (h:mm:ss or m:ss): 10:15.92
	Average shared text size (kbytes): 0
	Average unshared data size (kbytes): 0
	Average stack size (kbytes): 0
	Average total size (kbytes): 0
	Maximum resident set size (kbytes): 77212
	Average resident set size (kbytes): 0
	Major (requiring I/O) page faults: 0
	Minor (reclaiming a frame) page faults: 61300
	Voluntary context switches: 1
	Involuntary context switches: 1049
	Swaps: 0
	File system inputs: 0
	File system outputs: 96
	Socket messages sent: 0
	Socket messages received: 0
	Signals delivered: 0
	Page size (bytes): 4096
	Exit status: 0
