sbox:	1100 0110 1001 0000 0001 1010 0010 1011 0011 1000 0101 1101 0100 1110 0111 1111 
8 = (2'+0+7')(1+7'+4')(0'+7+4')(3'+1'+6)(1'+6'+4)(3+0+7+6')(2'+7'+5)(2+1+7+5)(2+1'+5')(2'+0'+7)(2+6+5'+4)(0+6+5+4)(3+7'+6'+5')(3'+2+1+6')(2'+1+7+5')(3+0'+7'+5)(1'+7+6+4')(3'+2'+5+4')(0+7'+6'+4')(3+2+7+4')(1'+7'+4)(3'+2'+6)
e_sbox:	1101 0110 1001 0000 0001 1010 0010 1011 0011 1000 0101 1101 0100 1110 0111 1111 
8 = (3'+2'+6)(2'+1'+5)(1+0'+4')(2+0+4)(2'+0+7')(3'+2+6'+5')(2+1+7+5)(3'+0'+7)(3'+1'+6)(3+7+6'+4')(1'+6'+4)(2'+1+7+5')(3+7'+6'+5')(3+2+6+5')(3+0'+7'+5)(1'+7+6+4')(1'+0'+5'+4)(3'+1+5+4')(7'+6'+5+4)(3+1+5+4)(1+7'+6+4')(1'+0+7'+6')(2+6+5'+4)
Max time :	3600
SKINNY_MODE:	64
TWEAKEY_MODE:	1
SAT_MODE:	2
	SBOX_MODE:	102
	ENCYPT_HAVEERROR:	301
AnalysesRounds:	4
MinCiphers:	8
MaxCiphers:	40
Threads:	1
---------------------------------------------------------------------------------------------------
num_cipher:	8
	Total vars:	8400
	Total clauses:	18576
	Test == masterkey, spend 12484 clocks.
	Have more than 1024 results, spent 30873200 clocks.
num_cipher:	9
	Total vars:	9314
	Total clauses:	20770
	Test == masterkey, spend 14072 clocks.
	Have more than 1024 results, spent 37948596 clocks.
num_cipher:	10
	Total vars:	10228
	Total clauses:	22964
	Test == masterkey, spend 13900 clocks.
	Have more than 1024 results, spent 49898929 clocks.
num_cipher:	11
	Total vars:	11142
	Total clauses:	25158
	Test == masterkey, spend 25595 clocks.
	Have more than 1024 results, spent 60078739 clocks.
num_cipher:	12
	Total vars:	12056
	Total clauses:	27352
	Test == masterkey, spend 23878 clocks.
	Have more than 1024 results, spent 60147387 clocks.
num_cipher:	13
	Total vars:	12970
	Total clauses:	29546
	Test == masterkey, spend 25140 clocks.
	Have more than 1024 results, spent 76260502 clocks.
num_cipher:	14
	Total vars:	13884
	Total clauses:	31740
	Test == masterkey, spend 29232 clocks.
	Have more than 1024 results, spent 76470505 clocks.
num_cipher:	15
	Total vars:	14798
	Total clauses:	33934
	Test == masterkey, spend 29226 clocks.
	Have more than 1024 results, spent 82718020 clocks.
num_cipher:	16
	Total vars:	15712
	Total clauses:	36128
	Test == masterkey, spend 33339 clocks.
	Have more than 1024 results, spent 89307239 clocks.
num_cipher:	17
	Total vars:	16626
	Total clauses:	38322
	Test == masterkey, spend 41425 clocks.
	Have more than 1024 results, spent 98618566 clocks.
num_cipher:	18
	Total vars:	17540
	Total clauses:	40516
	Test == masterkey, spend 57284 clocks.
	Have more than 1024 results, spent 96208695 clocks.
num_cipher:	19
	Total vars:	18454
	Total clauses:	42710
	Test == masterkey, spend 48713 clocks.
	Have 1023 results, spent 74544057 clocks.
num_cipher:	20
	Total vars:	19368
	Total clauses:	44904
	Test == masterkey, spend 60287 clocks.
	Have 293 results, spent 37808773 clocks.
num_cipher:	21
	Total vars:	20282
	Total clauses:	47098
	Test == masterkey, spend 64896 clocks.
	Have 73 results, spent 20602108 clocks.
num_cipher:	22
	Total vars:	21196
	Total clauses:	49292
	Test == masterkey, spend 59807 clocks.
	Have 9 results, spent 6664467 clocks.
num_cipher:	23
	Total vars:	22110
	Total clauses:	51486
	Test == masterkey, spend 71270 clocks.
	Have 3 results, spent 4278680 clocks.
num_cipher:	24
	Total vars:	23024
	Total clauses:	53680
	Test == masterkey, spend 87869 clocks.
	Have 2 results, spent 2685040 clocks.
num_cipher:	25
	Total vars:	23938
	Total clauses:	55874
	Test == masterkey, spend 101786 clocks.
	Have 2 results, spent 2946791 clocks.
num_cipher:	26
	Total vars:	24852
	Total clauses:	58068
	Test == masterkey, spend 91236 clocks.
	Have 2 results, spent 2308160 clocks.
num_cipher:	27
	Total vars:	25766
	Total clauses:	60262
	Test == masterkey, spend 105356 clocks.
	Have 2 results, spent 1749190 clocks.
num_cipher:	28
	Total vars:	26680
	Total clauses:	62456
	Test == masterkey, spend 97852 clocks.
	Have 1 results, spent 2137456 clocks.
---------------------------------------------------------------------------------------------------
求得唯一解！
numAnalysesRounds:	4
startRound:	28
---------------------------------------------------------------------------------------------------
	Command being timed: "./bin/skinny_64_1_NS 1 4 8 40"
	User time (seconds): 912.75
	System time (seconds): 4.18
	Percent of CPU this job got: 99%
	Elapsed (wall clock) time (h:mm:ss or m:ss): 15:17.15
	Average shared text size (kbytes): 0
	Average unshared data size (kbytes): 0
	Average stack size (kbytes): 0
	Average total size (kbytes): 0
	Maximum resident set size (kbytes): 99648
	Average resident set size (kbytes): 0
	Major (requiring I/O) page faults: 0
	Minor (reclaiming a frame) page faults: 71352
	Voluntary context switches: 1
	Involuntary context switches: 4058
	Swaps: 0
	File system inputs: 0
	File system outputs: 128
	Socket messages sent: 0
	Socket messages received: 0
	Signals delivered: 0
	Page size (bytes): 4096
	Exit status: 0
