sbox:	1100 0110 1001 0000 0001 1010 0010 1011 0011 1000 0101 1101 0100 1110 0111 1111 
8 = (2'+0+7')(1+7'+4')(0'+7+4')(3'+1'+6)(1'+6'+4)(3+0+7+6')(2'+7'+5)(2+1+7+5)(2+1'+5')(2'+0'+7)(2+6+5'+4)(0+6+5+4)(3+7'+6'+5')(3'+2+1+6')(2'+1+7+5')(3+0'+7'+5)(1'+7+6+4')(3'+2'+5+4')(0+7'+6'+4')(3+2+7+4')(1'+7'+4)(3'+2'+6)
e_sbox:	1101 0110 1001 0000 0001 1010 0010 1011 0011 1000 0101 1101 0100 1110 0111 1111 
8 = (3'+2'+6)(2'+1'+5)(1+0'+4')(2+0+4)(2'+0+7')(3'+2+6'+5')(2+1+7+5)(3'+0'+7)(3'+1'+6)(3+7+6'+4')(1'+6'+4)(2'+1+7+5')(3+7'+6'+5')(3+2+6+5')(3+0'+7'+5)(1'+7+6+4')(1'+0'+5'+4)(3'+1+5+4')(7'+6'+5+4)(3+1+5+4)(1+7'+6+4')(1'+0+7'+6')(2+6+5'+4)
Max time :	3600
SKINNY_MODE:	64
TWEAKEY_MODE:	1
SAT_MODE:	2
	SBOX_MODE:	102
	ENCYPT_HAVEERROR:	301
AnalysesRounds:	5
MinCiphers:	10
MaxCiphers:	40
Threads:	1
---------------------------------------------------------------------------------------------------
num_cipher:	10
	Total vars:	12348
	Total clauses:	28284
	Test == masterkey, spend 43826 clocks.
	Have more than 1024 results, spent 283819743 clocks.
num_cipher:	11
	Total vars:	13474
	Total clauses:	31010
	Test == masterkey, spend 48688 clocks.
	Have more than 1024 results, spent 194525435 clocks.
num_cipher:	12
	Total vars:	14600
	Total clauses:	33736
	Test == masterkey, spend 56909 clocks.
	Have more than 1024 results, spent 501004811 clocks.
num_cipher:	13
	Total vars:	15726
	Total clauses:	36462
	Test == masterkey, spend 67950 clocks.
	Have more than 1024 results, spent 637986276 clocks.
num_cipher:	14
	Total vars:	16852
	Total clauses:	39188
	Test == masterkey, spend 52672 clocks.
	Have more than 1024 results, spent 314700118 clocks.
num_cipher:	15
	Total vars:	17978
	Total clauses:	41914
	Test == masterkey, spend 81420 clocks.
	Have more than 1024 results, spent 221923280 clocks.
num_cipher:	16
	Total vars:	19104
	Total clauses:	44640
	Test == masterkey, spend 86664 clocks.
	Have 355 results, spent 101803863 clocks.
num_cipher:	17
	Total vars:	20230
	Total clauses:	47366
	Test == masterkey, spend 108520 clocks.
	Have 26 results, spent 18442017 clocks.
num_cipher:	18
	Total vars:	21356
	Total clauses:	50092
	Test == masterkey, spend 130700 clocks.
	Have 5 results, spent 13679058 clocks.
num_cipher:	19
	Total vars:	22482
	Total clauses:	52818
	Test == masterkey, spend 153509 clocks.
	Have 1 results, spent 4909614 clocks.
---------------------------------------------------------------------------------------------------
求得唯一解！
numAnalysesRounds:	5
startRound:	27
---------------------------------------------------------------------------------------------------
	Command being timed: "./bin/skinny_64_1_NS 1 5 10 40"
	User time (seconds): 2290.94
	System time (seconds): 3.47
	Percent of CPU this job got: 99%
	Elapsed (wall clock) time (h:mm:ss or m:ss): 38:14.90
	Average shared text size (kbytes): 0
	Average unshared data size (kbytes): 0
	Average stack size (kbytes): 0
	Average total size (kbytes): 0
	Maximum resident set size (kbytes): 111344
	Average resident set size (kbytes): 0
	Major (requiring I/O) page faults: 0
	Minor (reclaiming a frame) page faults: 159862
	Voluntary context switches: 1
	Involuntary context switches: 2671
	Swaps: 0
	File system inputs: 0
	File system outputs: 72
	Socket messages sent: 0
	Socket messages received: 0
	Signals delivered: 0
	Page size (bytes): 4096
	Exit status: 0
