sbox:	1100 0110 1001 0000 0001 1010 0010 1011 0011 1000 0101 1101 0100 1110 0111 1111 
8 = (2'+0+7')(1+7'+4')(0'+7+4')(3'+1'+6)(1'+6'+4)(3+0+7+6')(2'+7'+5)(2+1+7+5)(2+1'+5')(2'+0'+7)(2+6+5'+4)(0+6+5+4)(3+7'+6'+5')(3'+2+1+6')(2'+1+7+5')(3+0'+7'+5)(1'+7+6+4')(3'+2'+5+4')(0+7'+6'+4')(3+2+7+4')(1'+7'+4)(3'+2'+6)
e_sbox:	1101 0110 1001 0000 0001 1010 0010 1011 0011 1000 0101 1101 0100 1110 0111 1111 
8 = (3'+2'+6)(2'+1'+5)(1+0'+4')(2+0+4)(2'+0+7')(3'+2+6'+5')(2+1+7+5)(3'+0'+7)(3'+1'+6)(3+7+6'+4')(1'+6'+4)(2'+1+7+5')(3+7'+6'+5')(3+2+6+5')(3+0'+7'+5)(1'+7+6+4')(1'+0'+5'+4)(3'+1+5+4')(7'+6'+5+4)(3+1+5+4)(1+7'+6+4')(1'+0+7'+6')(2+6+5'+4)
Max time :	3600
SKINNY_MODE:	64
TWEAKEY_MODE:	1
SAT_MODE:	2
	SBOX_MODE:	102
	ENCYPT_HAVEERROR:	301
AnalysesRounds:	5
MinCiphers:	8
MaxCiphers:	40
Threads:	1
---------------------------------------------------------------------------------------------------
num_cipher:	8
	Total vars:	10096
	Total clauses:	22832
	Test == masterkey, spend 20347 clocks.
	Have more than 1024 results, spent 206018146 clocks.
num_cipher:	9
	Total vars:	11222
	Total clauses:	25558
	Test == masterkey, spend 24084 clocks.
	Have more than 1024 results, spent 268905755 clocks.
num_cipher:	10
	Total vars:	12348
	Total clauses:	28284
	Test == masterkey, spend 29422 clocks.
	Have more than 1024 results, spent 375933326 clocks.
num_cipher:	11
	Total vars:	13474
	Total clauses:	31010
	Test == masterkey, spend 42179 clocks.
	Have more than 1024 results, spent 251566685 clocks.
num_cipher:	12
	Total vars:	14600
	Total clauses:	33736
	Test == masterkey, spend 42891 clocks.
	Have more than 1024 results, spent 361113760 clocks.
num_cipher:	13
	Total vars:	15726
	Total clauses:	36462
	Test == masterkey, spend 40860 clocks.
	Have 333 results, spent 138771423 clocks.
num_cipher:	14
	Total vars:	16852
	Total clauses:	39188
	Test == masterkey, spend 50048 clocks.
	Have 25 results, spent 35373243 clocks.
num_cipher:	15
	Total vars:	17978
	Total clauses:	41914
	Test == masterkey, spend 54406 clocks.
	Have 1 results, spent 12995218 clocks.
---------------------------------------------------------------------------------------------------
求得唯一解！
numAnalysesRounds:	5
startRound:	27
---------------------------------------------------------------------------------------------------
	Command being timed: "./bin/skinny_64_1_NS 1 5 8 40"
	User time (seconds): 1646.69
	System time (seconds): 4.79
	Percent of CPU this job got: 99%
	Elapsed (wall clock) time (h:mm:ss or m:ss): 27:31.87
	Average shared text size (kbytes): 0
	Average unshared data size (kbytes): 0
	Average stack size (kbytes): 0
	Average total size (kbytes): 0
	Maximum resident set size (kbytes): 120072
	Average resident set size (kbytes): 0
	Major (requiring I/O) page faults: 0
	Minor (reclaiming a frame) page faults: 81017
	Voluntary context switches: 1
	Involuntary context switches: 5932
	Swaps: 0
	File system inputs: 0
	File system outputs: 64
	Socket messages sent: 0
	Socket messages received: 0
	Signals delivered: 0
	Page size (bytes): 4096
	Exit status: 0
