sbox:	1100 0110 1001 0000 0001 1010 0010 1011 0011 1000 0101 1101 0100 1110 0111 1111 
8 = (3+1+5')(1'+0+7'+5)(3'+1+0+7')(1+0'+7'+5)(1'+7+5'+4')(0+6'+5+4')(3'+7'+6+5')(2+7+5+4)(2'+7'+5'+4')(2+1'+0'+7)(3'+2'+0'+5)(0+7+6+4)(3'+1'+6'+4)(3+1'+0'+4)(2'+6'+5'+4)(1+7+6+5+4')(3+1'+6+5)(3'+2+7+6')(3+2'+7+6')(2+0+7'+6)(2+0'+7'+6'+4')(2+6+5+4')(1+0'+6+5')(2'+0+5'+4')(3+7'+6'+5')(2'+7'+5+4)
e_sbox:	1101 0110 1001 0000 0001 1010 0010 1011 0011 1000 0101 1101 0100 1110 0111 1111 
8 = (3'+2'+6)(2'+1'+5)(1+0'+4')(2+0+4)(2'+0+7')(3'+2+6'+5')(2+1+7+5)(3'+0'+7)(3'+1'+6)(3+7+6'+4')(1'+6'+4)(2'+1+7+5')(3+7'+6'+5')(3+2+6+5')(3+0'+7'+5)(1'+7+6+4')(1'+0'+5'+4)(3'+1+5+4')(7'+6'+5+4)(3+1+5+4)(1+7'+6+4')(1'+0+7'+6')(2+6+5'+4)
SKINNY_MODE:	64
TWEAKEY_MODE:	1
SAT_MODE:	2
	SBOX_MODE:	102
	ENCYPT_HAVEERROR:	301
AnalysesRounds:	5
MinCiphers:	10
MaxCiphers:	200
Threads:	1
---------------------------------------------------------------------------------------------------
num_cipher:	10
	Total vars:	12348
	Total clauses:	28284
	Test == masterkey, spend 21029 clocks.
	Have more than 1024 results, spent 132300260 clocks.
num_cipher:	11
	Total vars:	13474
	Total clauses:	31010
	Test == masterkey, spend 44194 clocks.
	Have more than 1024 results, spent 145854261 clocks.
num_cipher:	12
	Total vars:	14600
	Total clauses:	33736
	Test == masterkey, spend 41246 clocks.
	Have more than 1024 results, spent 398883794 clocks.
num_cipher:	13
	Total vars:	15726
	Total clauses:	36462
	Test == masterkey, spend 66351 clocks.
	Have more than 1024 results, spent 273605169 clocks.
num_cipher:	14
	Total vars:	16852
	Total clauses:	39188
	Test == masterkey, spend 70874 clocks.
	Have more than 1024 results, spent 269159249 clocks.
num_cipher:	15
	Total vars:	17978
	Total clauses:	41914
	Test == masterkey, spend 57890 clocks.
	Have 767 results, spent 97191144 clocks.
num_cipher:	16
	Total vars:	19104
	Total clauses:	44640
	Test == masterkey, spend 100037 clocks.
	Have 43 results, spent 26165571 clocks.
num_cipher:	17
	Total vars:	20230
	Total clauses:	47366
	Test == masterkey, spend 83331 clocks.
	Have 4 results, spent 13602951 clocks.
num_cipher:	18
	Total vars:	21356
	Total clauses:	50092
	Test == masterkey, spend 83069 clocks.
	Have 2 results, spent 8704238 clocks.
num_cipher:	19
	Total vars:	22482
	Total clauses:	52818
	Test == masterkey, spend 134137 clocks.
	Have 1 results, spent 2467784 clocks.
---------------------------------------------------------------------------------------------------
求得唯一解！
numAnalysesRounds:	5
startRound:	27
---------------------------------------------------------------------------------------------------
	Command being timed: "./bin/skinny_64_1_NS 1 5 10 200"
	User time (seconds): 1367.32
	System time (seconds): 1.84
	Percent of CPU this job got: 99%
	Elapsed (wall clock) time (h:mm:ss or m:ss): 22:49.33
	Average shared text size (kbytes): 0
	Average unshared data size (kbytes): 0
	Average stack size (kbytes): 0
	Average total size (kbytes): 0
	Maximum resident set size (kbytes): 126660
	Average resident set size (kbytes): 0
	Major (requiring I/O) page faults: 0
	Minor (reclaiming a frame) page faults: 106108
	Voluntary context switches: 1
	Involuntary context switches: 1553
	Swaps: 0
	File system inputs: 0
	File system outputs: 64
	Socket messages sent: 0
	Socket messages received: 0
	Signals delivered: 0
	Page size (bytes): 4096
	Exit status: 0
