sbox:	1100 0110 1001 0000 0001 1010 0010 1011 0011 1000 0101 1101 0100 1110 0111 1111 
8 = (2'+0+7')(1+7'+4')(0'+7+4')(3'+1'+6)(1'+6'+4)(3+0+7+6')(2'+7'+5)(2+1+7+5)(2+1'+5')(2'+0'+7)(2+6+5'+4)(0+6+5+4)(3+7'+6'+5')(3'+2+1+6')(2'+1+7+5')(3+0'+7'+5)(1'+7+6+4')(3'+2'+5+4')(0+7'+6'+4')(3+2+7+4')(1'+7'+4)(3'+2'+6)
e_sbox:	1101 0110 1001 0000 0001 1010 0010 1011 0011 1000 0101 1101 0100 1110 0111 1111 
8 = (3'+2'+6)(2'+1'+5)(1+0'+4')(2+0+4)(2'+0+7')(3'+2+6'+5')(2+1+7+5)(3'+0'+7)(3'+1'+6)(3+7+6'+4')(1'+6'+4)(2'+1+7+5')(3+7'+6'+5')(3+2+6+5')(3+0'+7'+5)(1'+7+6+4')(1'+0'+5'+4)(3'+1+5+4')(7'+6'+5+4)(3+1+5+4)(1+7'+6+4')(1'+0+7'+6')(2+6+5'+4)
Max time :	3600
SKINNY_MODE:	64
TWEAKEY_MODE:	1
SAT_MODE:	2
	SBOX_MODE:	102
	ENCYPT_HAVEERROR:	301
AnalysesRounds:	5
MinCiphers:	8
MaxCiphers:	40
Threads:	1
---------------------------------------------------------------------------------------------------
num_cipher:	8
	Total vars:	10096
	Total clauses:	22832
	Test == masterkey, spend 14499 clocks.
	Have more than 1024 results, spent 189042167 clocks.
num_cipher:	9
	Total vars:	11222
	Total clauses:	25558
	Test == masterkey, spend 22061 clocks.
	Have more than 1024 results, spent 279716782 clocks.
num_cipher:	10
	Total vars:	12348
	Total clauses:	28284
	Test == masterkey, spend 29696 clocks.
	Have more than 1024 results, spent 203973341 clocks.
num_cipher:	11
	Total vars:	13474
	Total clauses:	31010
	Test == masterkey, spend 35626 clocks.
	Have more than 1024 results, spent 550426757 clocks.
num_cipher:	12
	Total vars:	14600
	Total clauses:	33736
	Test == masterkey, spend 37158 clocks.
	Have more than 1024 results, spent 334359823 clocks.
num_cipher:	13
	Total vars:	15726
	Total clauses:	36462
	Test == masterkey, spend 38019 clocks.
	Have more than 1024 results, spent 430413932 clocks.
num_cipher:	14
	Total vars:	16852
	Total clauses:	39188
	Test == masterkey, spend 49181 clocks.
	Have 879 results, spent 400412231 clocks.
num_cipher:	15
	Total vars:	17978
	Total clauses:	41914
	Test == masterkey, spend 71625 clocks.
	Have 355 results, spent 232463535 clocks.
num_cipher:	16
	Total vars:	19104
	Total clauses:	44640
	Test == masterkey, spend 77649 clocks.
	Have 23 results, spent 47365947 clocks.
num_cipher:	17
	Total vars:	20230
	Total clauses:	47366
	Test == masterkey, spend 102341 clocks.
	Have 5 results, spent 25982548 clocks.
num_cipher:	18
	Total vars:	21356
	Total clauses:	50092
	Test == masterkey, spend 109486 clocks.
	Have 2 results, spent 19375659 clocks.
num_cipher:	19
	Total vars:	22482
	Total clauses:	52818
	Test == masterkey, spend 103917 clocks.
	Have 2 results, spent 13263491 clocks.
num_cipher:	20
	Total vars:	23608
	Total clauses:	55544
	Test == masterkey, spend 125829 clocks.
	Have 2 results, spent 3213935 clocks.
num_cipher:	21
	Total vars:	24734
	Total clauses:	58270
	Test == masterkey, spend 139389 clocks.
	Have 2 results, spent 2839656 clocks.
num_cipher:	22
	Total vars:	25860
	Total clauses:	60996
	Test == masterkey, spend 150211 clocks.
	Have 1 results, spent 1614043 clocks.
---------------------------------------------------------------------------------------------------
求得唯一解！
numAnalysesRounds:	5
startRound:	27
---------------------------------------------------------------------------------------------------
	Command being timed: "./bin/skinny_64_1_NS 1 5 8 40"
	User time (seconds): 2733.36
	System time (seconds): 3.41
	Percent of CPU this job got: 99%
	Elapsed (wall clock) time (h:mm:ss or m:ss): 45:37.34
	Average shared text size (kbytes): 0
	Average unshared data size (kbytes): 0
	Average stack size (kbytes): 0
	Average total size (kbytes): 0
	Maximum resident set size (kbytes): 129516
	Average resident set size (kbytes): 0
	Major (requiring I/O) page faults: 0
	Minor (reclaiming a frame) page faults: 110448
	Voluntary context switches: 1
	Involuntary context switches: 7632
	Swaps: 0
	File system inputs: 0
	File system outputs: 112
	Socket messages sent: 0
	Socket messages received: 0
	Signals delivered: 0
	Page size (bytes): 4096
	Exit status: 0
