sbox:	1100 0110 1001 0000 0001 1010 0010 1011 0011 1000 0101 1101 0100 1110 0111 1111 
8 = (2'+0+7')(1+7'+4')(0'+7+4')(3'+1'+6)(1'+6'+4)(3+0+7+6')(2'+7'+5)(2+1+7+5)(2+1'+5')(2'+0'+7)(2+6+5'+4)(0+6+5+4)(3+7'+6'+5')(3'+2+1+6')(2'+1+7+5')(3+0'+7'+5)(1'+7+6+4')(3'+2'+5+4')(0+7'+6'+4')(3+2+7+4')(1'+7'+4)(3'+2'+6)
e_sbox:	1101 0110 1001 0000 0001 1010 0010 1011 0011 1000 0101 1101 0100 1110 0111 1111 
8 = (3'+2'+6)(2'+1'+5)(1+0'+4')(2+0+4)(2'+0+7')(3'+2+6'+5')(2+1+7+5)(3'+0'+7)(3'+1'+6)(3+7+6'+4')(1'+6'+4)(2'+1+7+5')(3+7'+6'+5')(3+2+6+5')(3+0'+7'+5)(1'+7+6+4')(1'+0'+5'+4)(3'+1+5+4')(7'+6'+5+4)(3+1+5+4)(1+7'+6+4')(1'+0+7'+6')(2+6+5'+4)
Max time :	3600
SKINNY_MODE:	64
TWEAKEY_MODE:	1
SAT_MODE:	2
	SBOX_MODE:	102
	ENCYPT_HAVEERROR:	301
AnalysesRounds:	6
MinCiphers:	8
MaxCiphers:	40
Threads:	1
---------------------------------------------------------------------------------------------------
num_cipher:	8
	Total vars:	11784
	Total clauses:	27080
	Test == masterkey, spend 33499 clocks.
	Have more than 1024 results, spent 637617869 clocks.
num_cipher:	9
	Total vars:	13121
	Total clauses:	30337
	Test == masterkey, spend 39493 clocks.
	Have more than 1024 results, spent 911566510 clocks.
num_cipher:	10
	Total vars:	14458
	Total clauses:	33594
	Test == masterkey, spend 52392 clocks.
	Have more than 1024 results, spent 1328354035 clocks.
num_cipher:	11
	Total vars:	15795
	Total clauses:	36851
	Test == masterkey, spend 70463 clocks.
	Have more than 1024 results, spent 2062061609 clocks.
num_cipher:	12
	Total vars:	17132
	Total clauses:	40108
	Test == masterkey, spend 80740 clocks.
	Have more than 1024 results, spent 3051979830 clocks.
num_cipher:	13
	Total vars:	18469
	Total clauses:	43365
	Test == masterkey, spend 79607 clocks.
	Have 1006 results, spent 10566509700 clocks.
num_cipher:	14
	Total vars:	19806
	Total clauses:	46622
	Test == masterkey, spend 133167 clocks.
	Have 48 results, spent 529128517 clocks.
num_cipher:	15
	Total vars:	21143
	Total clauses:	49879
	Test == masterkey, spend 105000 clocks.
	Have 3 results, spent 104071590 clocks.
num_cipher:	16
	Total vars:	22480
	Total clauses:	53136
	Test == masterkey, spend 180455 clocks.
	Have 2 results, spent 78808411 clocks.
num_cipher:	17
	Total vars:	23817
	Total clauses:	56393
	Test == masterkey, spend 159655 clocks.
	Have 1 results, spent 46220213 clocks.
---------------------------------------------------------------------------------------------------
求得唯一解！
numAnalysesRounds:	6
startRound:	26
---------------------------------------------------------------------------------------------------
	Command being timed: "./bin/skinny_64_1_NS 1 6 8 40"
	User time (seconds): 19282.54
	System time (seconds): 35.54
	Percent of CPU this job got: 99%
	Elapsed (wall clock) time (h:mm:ss or m:ss): 5:22:03
	Average shared text size (kbytes): 0
	Average unshared data size (kbytes): 0
	Average stack size (kbytes): 0
	Average total size (kbytes): 0
	Maximum resident set size (kbytes): 186520
	Average resident set size (kbytes): 0
	Major (requiring I/O) page faults: 0
	Minor (reclaiming a frame) page faults: 2406801
	Voluntary context switches: 1
	Involuntary context switches: 43591
	Swaps: 0
	File system inputs: 0
	File system outputs: 88
	Socket messages sent: 0
	Socket messages received: 0
	Signals delivered: 0
	Page size (bytes): 4096
	Exit status: 0
