sbox:	1100 0110 1001 0000 0001 1010 0010 1011 0011 1000 0101 1101 0100 1110 0111 1111 
8 = (3+1+5')(1'+0+7'+5)(3'+1+0+7')(1+0'+7'+5)(1'+7+5'+4')(0+6'+5+4')(3'+7'+6+5')(2+7+5+4)(2'+7'+5'+4')(2+1'+0'+7)(3'+2'+0'+5)(0+7+6+4)(3'+1'+6'+4)(3+1'+0'+4)(2'+6'+5'+4)(1+7+6+5+4')(3+1'+6+5)(3'+2+7+6')(3+2'+7+6')(2+0+7'+6)(2+0'+7'+6'+4')(2+6+5+4')(1+0'+6+5')(2'+0+5'+4')(3+7'+6'+5')(2'+7'+5+4)
e_sbox:	1101 0110 1001 0000 0001 1010 0010 1011 0011 1000 0101 1101 0100 1110 0111 1111 
8 = (3'+2'+6)(2'+1'+5)(1+0'+4')(2+0+4)(2'+0+7')(3'+2+6'+5')(2+1+7+5)(3'+0'+7)(3'+1'+6)(3+7+6'+4')(1'+6'+4)(2'+1+7+5')(3+7'+6'+5')(3+2+6+5')(3+0'+7'+5)(1'+7+6+4')(1'+0'+5'+4)(3'+1+5+4')(7'+6'+5+4)(3+1+5+4)(1+7'+6+4')(1'+0+7'+6')(2+6+5'+4)
SKINNY_MODE:	64
TWEAKEY_MODE:	1
SAT_MODE:	2
	SBOX_MODE:	102
	ENCYPT_HAVEERROR:	301
AnalysesRounds:	7
MinCiphers:	10
MaxCiphers:	40
Threads:	1
---------------------------------------------------------------------------------------------------
num_cipher:	10
	Total vars:	16558
	Total clauses:	38894
	Test == masterkey, spend 108095 clocks.
	Have more than 1024 results, spent 18655233861 clocks.
num_cipher:	11
	Total vars:	18105
	Total clauses:	42681
	Test == masterkey, spend 110685 clocks.
	Have more than 1024 results, spent 78042417725 clocks.
num_cipher:	12
	Total vars:	19652
	Total clauses:	46468
	Test == masterkey, spend 186604 clocks.
	Have 188 results, spent 149969630336 clocks.
num_cipher:	13
	Total vars:	21199
	Total clauses:	50255
	Test == masterkey, spend 201121 clocks.
	Have 3 results, spent 1890046341 clocks.
num_cipher:	14
	Total vars:	22746
	Total clauses:	54042
	Test == masterkey, spend 271866 clocks.
	Have 1 results, spent 413848846 clocks.
---------------------------------------------------------------------------------------------------
求得唯一解！
numAnalysesRounds:	7
startRound:	25
---------------------------------------------------------------------------------------------------
	Command being timed: "./bin/skinny_64_1_NS 1 7 10 40"
	User time (seconds): 248515.21
	System time (seconds): 457.22
	Percent of CPU this job got: 99%
	Elapsed (wall clock) time (h:mm:ss or m:ss): 69:11:15
	Average shared text size (kbytes): 0
	Average unshared data size (kbytes): 0
	Average stack size (kbytes): 0
	Average total size (kbytes): 0
	Maximum resident set size (kbytes): 468084
	Average resident set size (kbytes): 0
	Major (requiring I/O) page faults: 0
	Minor (reclaiming a frame) page faults: 21937366
	Voluntary context switches: 1
	Involuntary context switches: 773034
	Swaps: 0
	File system inputs: 0
	File system outputs: 48
	Socket messages sent: 0
	Socket messages received: 0
	Signals delivered: 0
	Page size (bytes): 4096
	Exit status: 0
