sbox:	1100 1010 1101 0011 1110 1011 1111 0111 1000 1001 0001 0101 0000 0010 0100 0110 
y3 = 01  13  23  013  123  4  
y2 = 0  3  03  012  013  123  4  
y1 = 0  2  02  03  23  
y0 = 1  02  03  012  013  123  
e_sbox:	1101 1010 1101 0011 1110 1011 1111 0111 1000 1001 0001 0101 0000 0010 0100 0110 
y3' = 01  13  23  013  123  4  
y2' = 0  3  03  012  013  123  4  
y1' = 0  2  02  03  23  
y0' = 0  2  3  01  12  13  23  023  0123  4  
Max time :	3600
SAT_MODE:	1
	SBOX_MODE:	101
	ENCYPT_HAVEERROR:	301
AnalysesRounds:	11
MinCiphers:	80
MaxCiphers:	80
Threads:	1
---------------------------------------------------------------------------------------------------
num_cipher:	80
	Total vars:	336688
	Total clauses:	707696
	Test == masterkey, spend 182724530 clocks.
craft: /home/hanbing/cryptominisat/src/watched.h:106: CMSat::Watched::Watched(CMSat::Lit, bool, int32_t): Assertion `ID < 1LL<< (EFFECTIVELY_USEABLE_BITS-2) && "Please compile with -DLARGEMEM"' failed.
Command terminated by signal 6
	Command being timed: "./bin/craft 1 11 80 80"
	User time (seconds): 643613.11
	System time (seconds): 874.44
	Percent of CPU this job got: 99%
	Elapsed (wall clock) time (h:mm:ss or m:ss): 179:54:46
	Average shared text size (kbytes): 0
	Average unshared data size (kbytes): 0
	Average stack size (kbytes): 0
	Average total size (kbytes): 0
	Maximum resident set size (kbytes): 864944
	Average resident set size (kbytes): 0
	Major (requiring I/O) page faults: 0
	Minor (reclaiming a frame) page faults: 91814692
	Voluntary context switches: 3
	Involuntary context switches: 1898043
	Swaps: 0
	File system inputs: 0
	File system outputs: 24
	Socket messages sent: 0
	Socket messages received: 0
	Signals delivered: 0
	Page size (bytes): 4096
	Exit status: 0
