sbox:	1100 1010 1101 0011 1110 1011 1111 0111 1000 1001 0001 0101 0000 0010 0100 0110 
y3 = 01  13  23  013  123  4  
y2 = 0  3  03  012  013  123  4  
y1 = 0  2  02  03  23  
y0 = 1  02  03  012  013  123  
e_sbox:	1101 1010 1101 0011 1110 1011 1111 0111 1000 1001 0001 0101 0000 0010 0100 0110 
y3' = 01  13  23  013  123  4  
y2' = 0  3  03  012  013  123  4  
y1' = 0  2  02  03  23  
y0' = 0  2  3  01  12  13  23  023  0123  4  
Max time :	3600
SAT_MODE:	1
	SBOX_MODE:	101
	ENCYPT_HAVEERROR:	301
AnalysesRounds:	12
MinCiphers:	80
MaxCiphers:	80
Threads:	1
---------------------------------------------------------------------------------------------------
num_cipher:	80
	Total vars:	369008
	Total clauses:	777136
	Test == masterkey, spend 266215873 clocks.
