sbox:	1100 0101 0110 1011 1001 0000 1010 1101 0011 1110 1111 1000 0100 0111 0001 0010 
y3 = 0  1  3  12  012  013  023  4  
y2 = 2  3  01  03  13  013  023  4  
y1 = 1  3  13  23  012  013  023  
y0 = 0  2  3  12  
e_sbox:	1101 0101 0110 1011 1001 0000 1010 1101 0011 1110 1111 1000 0100 0111 0001 0010 
y3' = 0  1  3  12  012  013  023  4  
y2' = 2  3  01  03  13  013  023  4  
y1' = 1  3  13  23  012  013  023  
y0' = 1  01  02  03  13  23  012  013  023  123  0123  4  
Max time :	3600
PRESENT_MODE:	80
SAT_MODE:	0
	SBOX_MODE:	101
	KSR_HAVEERROR:	0
	ENCYPT_HAVEERROR:	1
AnalysesRounds:	10
MinCiphers:	18
MaxCiphers:	50
Threads:	1
Master_key:	11110101111111111101011000110000101011000000110011001111011010101001110010110101
---------------------------------------------------------------------------------------------------
num_cipher:	18
	Total vars:	75567
	Total clauses:	310689
	Test == masterkey, spend 11095252 clocks.
	Not solved within3600 seconds, Have 0 results.
num_cipher:	19
	Total vars:	79727
	Total clauses:	327809
	Test == masterkey, spend 13988750 clocks.
	Not solved within3600 seconds, Have 0 results.
num_cipher:	20
	Total vars:	83887
	Total clauses:	344929
	Test == masterkey, spend 12084148 clocks.
	Not solved within3600 seconds, Have 0 results.
num_cipher:	21
	Total vars:	88047
	Total clauses:	362049
	Test == masterkey, spend 14045191 clocks.
	Not solved within3600 seconds, Have 0 results.
num_cipher:	22
	Total vars:	92207
	Total clauses:	379169
	Test == masterkey, spend 17310739 clocks.
	Not solved within3600 seconds, Have 0 results.
num_cipher:	23
	Total vars:	96367
	Total clauses:	396289
	Test == masterkey, spend 17841230 clocks.
	Not solved within3600 seconds, Have 0 results.
num_cipher:	24
	Total vars:	100527
	Total clauses:	413409
	Test == masterkey, spend 20564842 clocks.
	Not solved within3600 seconds, Have 0 results.
num_cipher:	25
	Total vars:	104687
	Total clauses:	430529
	Test == masterkey, spend 20634580 clocks.
解得主密钥:  1	11110101111111111101011000110000101011000000110011001111011010101001110010110101
	Have 1 results, spent 1173105511 clocks.
---------------------------------------------------------------------------------------------------
求得唯一解！
numAnalysesRounds:	10
startRound:	22
---------------------------------------------------------------------------------------------------
	Command being timed: "./bin/present80 1 10 18 50"
	User time (seconds): 26505.56
	System time (seconds): 16.63
	Percent of CPU this job got: 99%
	Elapsed (wall clock) time (h:mm:ss or m:ss): 7:22:12
	Average shared text size (kbytes): 0
	Average unshared data size (kbytes): 0
	Average stack size (kbytes): 0
	Average total size (kbytes): 0
	Maximum resident set size (kbytes): 183076
	Average resident set size (kbytes): 0
	Major (requiring I/O) page faults: 0
	Minor (reclaiming a frame) page faults: 267672
	Voluntary context switches: 1
	Involuntary context switches: 54405
	Swaps: 0
	File system inputs: 0
	File system outputs: 136
	Socket messages sent: 0
	Socket messages received: 0
	Signals delivered: 0
	Page size (bytes): 4096
	Exit status: 0
