sbox:	1100 0101 0110 1011 1001 0000 1010 1101 0011 1110 1111 1000 0100 0111 0001 0010 
y3 = 0  1  3  12  012  013  023  4  
y2 = 2  3  01  03  13  013  023  4  
y1 = 1  3  13  23  012  013  023  
y0 = 0  2  3  12  
e_sbox:	1101 0101 0110 1011 1001 0000 1010 1101 0011 1110 1111 1000 0100 0111 0001 0010 
y3' = 0  1  3  12  012  013  023  4  
y2' = 2  3  01  03  13  013  023  4  
y1' = 1  3  13  23  012  013  023  
y0' = 1  01  02  03  13  23  012  013  023  123  0123  4  
PRESENT_MODE:	80
SAT_MODE:	0
	SBOX_MODE:	101
	KSR_HAVEERROR:	0
	ENCYPT_HAVEERROR:	1
AnalysesRounds:	3
MinCiphers:	18
MaxCiphers:	50
Threads:	1
Master_key:	11110110110111000110010101010001100101010110111000010111001110110110110011111001
---------------------------------------------------------------------------------------------------
num_cipher:	18
	Total vars:	19119
	Total clauses:	72801
	Test == masterkey, spend 236815 clocks.
	Have more than 1024 results, spent 26528756 clocks.
num_cipher:	19
	Total vars:	20143
	Total clauses:	76705
	Test == masterkey, spend 213395 clocks.
	Have more than 1024 results, spent 26515761 clocks.
num_cipher:	20
	Total vars:	21167
	Total clauses:	80609
	Test == masterkey, spend 262291 clocks.
	Have more than 1024 results, spent 27028440 clocks.
num_cipher:	21
	Total vars:	22191
	Total clauses:	84513
	Test == masterkey, spend 273706 clocks.
	Have more than 1024 results, spent 28842336 clocks.
num_cipher:	22
	Total vars:	23215
	Total clauses:	88417
	Test == masterkey, spend 320666 clocks.
	Have more than 1024 results, spent 28022284 clocks.
num_cipher:	23
	Total vars:	24239
	Total clauses:	92321
	Test == masterkey, spend 364387 clocks.
	Have more than 1024 results, spent 28596342 clocks.
num_cipher:	24
	Total vars:	25263
	Total clauses:	96225
	Test == masterkey, spend 360428 clocks.
	Have more than 1024 results, spent 30478793 clocks.
num_cipher:	25
	Total vars:	26287
	Total clauses:	100129
	Test == masterkey, spend 450938 clocks.
	Have more than 1024 results, spent 31260807 clocks.
num_cipher:	26
	Total vars:	27311
	Total clauses:	104033
	Test == masterkey, spend 443813 clocks.
	Have more than 1024 results, spent 34539235 clocks.
num_cipher:	27
	Total vars:	28335
	Total clauses:	107937
	Test == masterkey, spend 630945 clocks.
	Have 242 results, spent 18199921 clocks.
num_cipher:	28
	Total vars:	29359
	Total clauses:	111841
	Test == masterkey, spend 521241 clocks.
	Have 100 results, spent 10400881 clocks.
num_cipher:	29
	Total vars:	30383
	Total clauses:	115745
	Test == masterkey, spend 529169 clocks.
	Have 34 results, spent 8291325 clocks.
num_cipher:	30
	Total vars:	31407
	Total clauses:	119649
	Test == masterkey, spend 619193 clocks.
	Have 14 results, spent 8187838 clocks.
num_cipher:	31
	Total vars:	32431
	Total clauses:	123553
	Test == masterkey, spend 698365 clocks.
	Have 8 results, spent 6624687 clocks.
num_cipher:	32
	Total vars:	33455
	Total clauses:	127457
	Test == masterkey, spend 774664 clocks.
	Have 8 results, spent 5518602 clocks.
num_cipher:	33
	Total vars:	34479
	Total clauses:	131361
	Test == masterkey, spend 735198 clocks.
	Have 8 results, spent 4648802 clocks.
num_cipher:	34
	Total vars:	35503
	Total clauses:	135265
	Test == masterkey, spend 1179070 clocks.
	Have 8 results, spent 6006633 clocks.
num_cipher:	35
	Total vars:	36527
	Total clauses:	139169
	Test == masterkey, spend 1097066 clocks.
	Have 4 results, spent 4535362 clocks.
num_cipher:	36
	Total vars:	37551
	Total clauses:	143073
	Test == masterkey, spend 1090300 clocks.
	Have 2 results, spent 3952881 clocks.
num_cipher:	37
	Total vars:	38575
	Total clauses:	146977
	Test == masterkey, spend 1029299 clocks.
	Have 2 results, spent 4191475 clocks.
num_cipher:	38
	Total vars:	39599
	Total clauses:	150881
	Test == masterkey, spend 1099653 clocks.
	Have 2 results, spent 4152645 clocks.
num_cipher:	39
	Total vars:	40623
	Total clauses:	154785
	Test == masterkey, spend 1071756 clocks.
	Have 2 results, spent 4565494 clocks.
num_cipher:	40
	Total vars:	41647
	Total clauses:	158689
	Test == masterkey, spend 1095273 clocks.
	Have 2 results, spent 3934960 clocks.
num_cipher:	41
	Total vars:	42671
	Total clauses:	162593
	Test == masterkey, spend 1050492 clocks.
	Have 2 results, spent 4281660 clocks.
num_cipher:	42
	Total vars:	43695
	Total clauses:	166497
	Test == masterkey, spend 894342 clocks.
	Have 1 results, spent 2728181 clocks.
---------------------------------------------------------------------------------------------------
求得唯一解！
numAnalysesRounds:	3
startRound:	29
---------------------------------------------------------------------------------------------------
	Command being timed: "./bin/present80 1 3 18 50"
	User time (seconds): 381.88
	System time (seconds): 1.29
	Percent of CPU this job got: 99%
	Elapsed (wall clock) time (h:mm:ss or m:ss): 6:23.38
	Average shared text size (kbytes): 0
	Average unshared data size (kbytes): 0
	Average stack size (kbytes): 0
	Average total size (kbytes): 0
	Maximum resident set size (kbytes): 41328
	Average resident set size (kbytes): 0
	Major (requiring I/O) page faults: 0
	Minor (reclaiming a frame) page faults: 13028
	Voluntary context switches: 1
	Involuntary context switches: 892
	Swaps: 0
	File system inputs: 0
	File system outputs: 88
	Socket messages sent: 0
	Socket messages received: 0
	Signals delivered: 0
	Page size (bytes): 4096
	Exit status: 0
