sbox:	1100 0101 0110 1011 1001 0000 1010 1101 0011 1110 1111 1000 0100 0111 0001 0010 
y3 = 0  1  3  12  012  013  023  4  
y2 = 2  3  01  03  13  013  023  4  
y1 = 1  3  13  23  012  013  023  
y0 = 0  2  3  12  
e_sbox:	1101 0101 0110 1011 1001 0000 1010 1101 0011 1110 1111 1000 0100 0111 0001 0010 
y3' = 0  1  3  12  012  013  023  4  
y2' = 2  3  01  03  13  013  023  4  
y1' = 1  3  13  23  012  013  023  
y0' = 1  01  02  03  13  23  012  013  023  123  0123  4  
PRESENT_MODE:	80
SAT_MODE:	0
	SBOX_MODE:	101
	KSR_HAVEERROR:	0
	ENCYPT_HAVEERROR:	1
AnalysesRounds:	4
MinCiphers:	22
MaxCiphers:	80
Threads:	1
Master_key:	00111001010001111011110001011001011001100111011110101101011001001100101110000100
---------------------------------------------------------------------------------------------------
num_cipher:	22
	Total vars:	33071
	Total clauses:	129953
	Test == masterkey, spend 831593 clocks.
	Have 12 results, spent 74048113 clocks.
num_cipher:	23
	Total vars:	34543
	Total clauses:	135745
	Test == masterkey, spend 730723 clocks.
	Have 2 results, spent 24438881 clocks.
num_cipher:	24
	Total vars:	36015
	Total clauses:	141537
	Test == masterkey, spend 943159 clocks.
	Have 2 results, spent 20640838 clocks.
num_cipher:	25
	Total vars:	37487
	Total clauses:	147329
	Test == masterkey, spend 926652 clocks.
	Have 2 results, spent 17918146 clocks.
num_cipher:	26
	Total vars:	38959
	Total clauses:	153121
	Test == masterkey, spend 947191 clocks.
	Have 2 results, spent 11941109 clocks.
num_cipher:	27
	Total vars:	40431
	Total clauses:	158913
	Test == masterkey, spend 1022476 clocks.
	Have 2 results, spent 9709585 clocks.
num_cipher:	28
	Total vars:	41903
	Total clauses:	164705
	Test == masterkey, spend 960178 clocks.
	Have 1 results, spent 10201629 clocks.
---------------------------------------------------------------------------------------------------
求得唯一解！
numAnalysesRounds:	4
startRound:	28
---------------------------------------------------------------------------------------------------
	Command being timed: "./bin/present80 1 4 22 80"
	User time (seconds): 176.92
	System time (seconds): 0.22
	Percent of CPU this job got: 99%
	Elapsed (wall clock) time (h:mm:ss or m:ss): 2:57.18
	Average shared text size (kbytes): 0
	Average unshared data size (kbytes): 0
	Average stack size (kbytes): 0
	Average total size (kbytes): 0
	Maximum resident set size (kbytes): 57604
	Average resident set size (kbytes): 0
	Major (requiring I/O) page faults: 0
	Minor (reclaiming a frame) page faults: 20939
	Voluntary context switches: 1
	Involuntary context switches: 465
	Swaps: 0
	File system inputs: 0
	File system outputs: 32
	Socket messages sent: 0
	Socket messages received: 0
	Signals delivered: 0
	Page size (bytes): 4096
	Exit status: 0
