sbox:	1100 0101 0110 1011 1001 0000 1010 1101 0011 1110 1111 1000 0100 0111 0001 0010 
y3 = 0  1  3  12  012  013  023  4  
y2 = 2  3  01  03  13  013  023  4  
y1 = 1  3  13  23  012  013  023  
y0 = 0  2  3  12  
e_sbox:	1101 0101 0110 1011 1001 0000 1010 1101 0011 1110 1111 1000 0100 0111 0001 0010 
y3' = 0  1  3  12  012  013  023  4  
y2' = 2  3  01  03  13  013  023  4  
y1' = 1  3  13  23  012  013  023  
y0' = 1  01  02  03  13  23  012  013  023  123  0123  4  
PRESENT_MODE:	80
SAT_MODE:	0
	SBOX_MODE:	101
	KSR_HAVEERROR:	0
	ENCYPT_HAVEERROR:	1
AnalysesRounds:	4
MinCiphers:	20
MaxCiphers:	50
Threads:	1
Master_key:	11010100010110111010100111111110111110010100111111011100100110100010011101100011
---------------------------------------------------------------------------------------------------
num_cipher:	20
	Total vars:	30127
	Total clauses:	118369
	Test == masterkey, spend 750412 clocks.
	Have more than 1024 results, spent 1811188871 clocks.
num_cipher:	21
	Total vars:	31599
	Total clauses:	124161
	Test == masterkey, spend 679601 clocks.
	Have 779 results, spent 7298517691 clocks.
num_cipher:	22
	Total vars:	33071
	Total clauses:	129953
	Test == masterkey, spend 711255 clocks.
	Have 145 results, spent 1131488586 clocks.
num_cipher:	23
	Total vars:	34543
	Total clauses:	135745
	Test == masterkey, spend 660270 clocks.
	Have 38 results, spent 328500548 clocks.
num_cipher:	24
	Total vars:	36015
	Total clauses:	141537
	Test == masterkey, spend 704032 clocks.
	Have 12 results, spent 148800472 clocks.
num_cipher:	25
	Total vars:	37487
	Total clauses:	147329
	Test == masterkey, spend 686667 clocks.
	Have 4 results, spent 68412135 clocks.
num_cipher:	26
	Total vars:	38959
	Total clauses:	153121
	Test == masterkey, spend 843732 clocks.
	Have 3 results, spent 55140197 clocks.
num_cipher:	27
	Total vars:	40431
	Total clauses:	158913
	Test == masterkey, spend 837493 clocks.
	Have 3 results, spent 42483424 clocks.
num_cipher:	28
	Total vars:	41903
	Total clauses:	164705
	Test == masterkey, spend 828594 clocks.
	Have 3 results, spent 36283770 clocks.
num_cipher:	29
	Total vars:	43375
	Total clauses:	170497
	Test == masterkey, spend 855647 clocks.
	Have 3 results, spent 36258039 clocks.
num_cipher:	30
	Total vars:	44847
	Total clauses:	176289
	Test == masterkey, spend 1048323 clocks.
	Have 3 results, spent 32519059 clocks.
num_cipher:	31
	Total vars:	46319
	Total clauses:	182081
	Test == masterkey, spend 1026140 clocks.
	Have 1 results, spent 29256126 clocks.
---------------------------------------------------------------------------------------------------
求得唯一解！
numAnalysesRounds:	4
startRound:	28
---------------------------------------------------------------------------------------------------
	Command being timed: "./bin/present80 1 4 20 50"
	User time (seconds): 11024.16
	System time (seconds): 6.67
	Percent of CPU this job got: 99%
	Elapsed (wall clock) time (h:mm:ss or m:ss): 3:03:52
	Average shared text size (kbytes): 0
	Average unshared data size (kbytes): 0
	Average stack size (kbytes): 0
	Average total size (kbytes): 0
	Maximum resident set size (kbytes): 124200
	Average resident set size (kbytes): 0
	Major (requiring I/O) page faults: 0
	Minor (reclaiming a frame) page faults: 127777
	Voluntary context switches: 1
	Involuntary context switches: 27255
	Swaps: 0
	File system inputs: 0
	File system outputs: 104
	Socket messages sent: 0
	Socket messages received: 0
	Signals delivered: 0
	Page size (bytes): 4096
	Exit status: 0
