sbox:	1100 0101 0110 1011 1001 0000 1010 1101 0011 1110 1111 1000 0100 0111 0001 0010 
y3 = 0  1  3  12  012  013  023  4  
y2 = 2  3  01  03  13  013  023  4  
y1 = 1  3  13  23  012  013  023  
y0 = 0  2  3  12  
e_sbox:	1101 0101 0110 1011 1001 0000 1010 1101 0011 1110 1111 1000 0100 0111 0001 0010 
y3' = 0  1  3  12  012  013  023  4  
y2' = 2  3  01  03  13  013  023  4  
y1' = 1  3  13  23  012  013  023  
y0' = 1  01  02  03  13  23  012  013  023  123  0123  4  
PRESENT_MODE:	80
SAT_MODE:	0
	SBOX_MODE:	101
	KSR_HAVEERROR:	0
	ENCYPT_HAVEERROR:	1
AnalysesRounds:	4
MinCiphers:	18
MaxCiphers:	50
Threads:	1
Master_key:	11001110111111010010101100100101111110101000101011101000010101101101010110111011
---------------------------------------------------------------------------------------------------
num_cipher:	18
	Total vars:	27183
	Total clauses:	106785
	Test == masterkey, spend 978812 clocks.
	Have more than 1024 results, spent 456962740 clocks.
num_cipher:	19
	Total vars:	28655
	Total clauses:	112577
	Test == masterkey, spend 790763 clocks.
	Have more than 1024 results, spent 739413560 clocks.
num_cipher:	20
	Total vars:	30127
	Total clauses:	118369
	Test == masterkey, spend 876738 clocks.
	Have more than 1024 results, spent 1006668388 clocks.
num_cipher:	21
	Total vars:	31599
	Total clauses:	124161
	Test == masterkey, spend 829008 clocks.
	Have 320 results, spent 590934708 clocks.
num_cipher:	22
	Total vars:	33071
	Total clauses:	129953
	Test == masterkey, spend 920119 clocks.
	Have 62 results, spent 219006133 clocks.
num_cipher:	23
	Total vars:	34543
	Total clauses:	135745
	Test == masterkey, spend 799909 clocks.
	Have 3 results, spent 54499942 clocks.
num_cipher:	24
	Total vars:	36015
	Total clauses:	141537
	Test == masterkey, spend 811777 clocks.
	Have 1 results, spent 37347048 clocks.
---------------------------------------------------------------------------------------------------
求得唯一解！
numAnalysesRounds:	4
startRound:	28
---------------------------------------------------------------------------------------------------
	Command being timed: "./bin/present80 1 4 18 50"
	User time (seconds): 3108.56
	System time (seconds): 3.53
	Percent of CPU this job got: 99%
	Elapsed (wall clock) time (h:mm:ss or m:ss): 51:52.48
	Average shared text size (kbytes): 0
	Average unshared data size (kbytes): 0
	Average stack size (kbytes): 0
	Average total size (kbytes): 0
	Maximum resident set size (kbytes): 92768
	Average resident set size (kbytes): 0
	Major (requiring I/O) page faults: 0
	Minor (reclaiming a frame) page faults: 63950
	Voluntary context switches: 1
	Involuntary context switches: 5449
	Swaps: 0
	File system inputs: 0
	File system outputs: 64
	Socket messages sent: 0
	Socket messages received: 0
	Signals delivered: 0
	Page size (bytes): 4096
	Exit status: 0
