sbox:	1100 0101 0110 1011 1001 0000 1010 1101 0011 1110 1111 1000 0100 0111 0001 0010 
y3 = 0  1  3  12  012  013  023  4  
y2 = 2  3  01  03  13  013  023  4  
y1 = 1  3  13  23  012  013  023  
y0 = 0  2  3  12  
e_sbox:	1101 0101 0110 1011 1001 0000 1010 1101 0011 1110 1111 1000 0100 0111 0001 0010 
y3' = 0  1  3  12  012  013  023  4  
y2' = 2  3  01  03  13  013  023  4  
y1' = 1  3  13  23  012  013  023  
y0' = 1  01  02  03  13  23  012  013  023  123  0123  4  
PRESENT_MODE:	80
SAT_MODE:	0
	SBOX_MODE:	101
	KSR_HAVEERROR:	0
	ENCYPT_HAVEERROR:	1
AnalysesRounds:	4
MinCiphers:	22
MaxCiphers:	80
Threads:	1
Master_key:	00011000101100100000010100010010111011100100011001110011110010100011100011011011
---------------------------------------------------------------------------------------------------
num_cipher:	22
	Total vars:	33071
	Total clauses:	129953
	Test == masterkey, spend 760978 clocks.
	Have 221 results, spent 1012051877 clocks.
num_cipher:	23
	Total vars:	34543
	Total clauses:	135745
	Test == masterkey, spend 742822 clocks.
	Have 26 results, spent 287194324 clocks.
num_cipher:	24
	Total vars:	36015
	Total clauses:	141537
	Test == masterkey, spend 833987 clocks.
	Have 4 results, spent 86178748 clocks.
num_cipher:	25
	Total vars:	37487
	Total clauses:	147329
	Test == masterkey, spend 784688 clocks.
	Have 2 results, spent 63562341 clocks.
num_cipher:	26
	Total vars:	38959
	Total clauses:	153121
	Test == masterkey, spend 758938 clocks.
	Have 1 results, spent 39596633 clocks.
---------------------------------------------------------------------------------------------------
求得唯一解！
numAnalysesRounds:	4
startRound:	28
---------------------------------------------------------------------------------------------------
	Command being timed: "./bin/present80 1 4 22 80"
	User time (seconds): 1491.93
	System time (seconds): 1.59
	Percent of CPU this job got: 99%
	Elapsed (wall clock) time (h:mm:ss or m:ss): 24:53.61
	Average shared text size (kbytes): 0
	Average unshared data size (kbytes): 0
	Average stack size (kbytes): 0
	Average total size (kbytes): 0
	Maximum resident set size (kbytes): 90828
	Average resident set size (kbytes): 0
	Major (requiring I/O) page faults: 0
	Minor (reclaiming a frame) page faults: 99757
	Voluntary context switches: 1
	Involuntary context switches: 1828
	Swaps: 0
	File system inputs: 0
	File system outputs: 48
	Socket messages sent: 0
	Socket messages received: 0
	Signals delivered: 0
	Page size (bytes): 4096
	Exit status: 0
