sbox:	1100 0101 0110 1011 1001 0000 1010 1101 0011 1110 1111 1000 0100 0111 0001 0010 
y3 = 0  1  3  12  012  013  023  4  
y2 = 2  3  01  03  13  013  023  4  
y1 = 1  3  13  23  012  013  023  
y0 = 0  2  3  12  
e_sbox:	1101 0101 0110 1011 1001 0000 1010 1101 0011 1110 1111 1000 0100 0111 0001 0010 
y3' = 0  1  3  12  012  013  023  4  
y2' = 2  3  01  03  13  013  023  4  
y1' = 1  3  13  23  012  013  023  
y0' = 1  01  02  03  13  23  012  013  023  123  0123  4  
PRESENT_MODE:	80
SAT_MODE:	0
	SBOX_MODE:	101
	KSR_HAVEERROR:	0
	ENCYPT_HAVEERROR:	1
AnalysesRounds:	4
MinCiphers:	20
MaxCiphers:	80
Threads:	1
Master_key:	10010111001110010000011100111010010111101110101001100101101100000000001100110011
---------------------------------------------------------------------------------------------------
num_cipher:	20
	Total vars:	30127
	Total clauses:	118369
	Test == masterkey, spend 910498 clocks.
	Have more than 1024 results, spent 841964963 clocks.
num_cipher:	21
	Total vars:	31599
	Total clauses:	124161
	Test == masterkey, spend 877799 clocks.
	Have more than 1024 results, spent 986803198 clocks.
num_cipher:	22
	Total vars:	33071
	Total clauses:	129953
	Test == masterkey, spend 932564 clocks.
	Have 553 results, spent 747075304 clocks.
num_cipher:	23
	Total vars:	34543
	Total clauses:	135745
	Test == masterkey, spend 900774 clocks.
	Have 64 results, spent 188916030 clocks.
num_cipher:	24
	Total vars:	36015
	Total clauses:	141537
	Test == masterkey, spend 1094824 clocks.
	Have 27 results, spent 133094760 clocks.
num_cipher:	25
	Total vars:	37487
	Total clauses:	147329
	Test == masterkey, spend 1070426 clocks.
	Have 10 results, spent 53353375 clocks.
num_cipher:	26
	Total vars:	38959
	Total clauses:	153121
	Test == masterkey, spend 1065025 clocks.
	Have 5 results, spent 52992320 clocks.
num_cipher:	27
	Total vars:	40431
	Total clauses:	158913
	Test == masterkey, spend 1151274 clocks.
	Have 2 results, spent 29662752 clocks.
num_cipher:	28
	Total vars:	41903
	Total clauses:	164705
	Test == masterkey, spend 1292699 clocks.
	Have 2 results, spent 26680697 clocks.
num_cipher:	29
	Total vars:	43375
	Total clauses:	170497
	Test == masterkey, spend 1488814 clocks.
	Have 1 results, spent 20970968 clocks.
---------------------------------------------------------------------------------------------------
求得唯一解！
numAnalysesRounds:	4
startRound:	28
---------------------------------------------------------------------------------------------------
	Command being timed: "./bin/present80 1 4 20 80"
	User time (seconds): 3085.81
	System time (seconds): 9.20
	Percent of CPU this job got: 99%
	Elapsed (wall clock) time (h:mm:ss or m:ss): 51:35.68
	Average shared text size (kbytes): 0
	Average unshared data size (kbytes): 0
	Average stack size (kbytes): 0
	Average total size (kbytes): 0
	Maximum resident set size (kbytes): 90400
	Average resident set size (kbytes): 0
	Major (requiring I/O) page faults: 0
	Minor (reclaiming a frame) page faults: 73954
	Voluntary context switches: 1
	Involuntary context switches: 8685
	Swaps: 0
	File system inputs: 0
	File system outputs: 80
	Socket messages sent: 0
	Socket messages received: 0
	Signals delivered: 0
	Page size (bytes): 4096
	Exit status: 0
