sbox:	1100 0101 0110 1011 1001 0000 1010 1101 0011 1110 1111 1000 0100 0111 0001 0010 
y3 = 0  1  3  12  012  013  023  4  
y2 = 2  3  01  03  13  013  023  4  
y1 = 1  3  13  23  012  013  023  
y0 = 0  2  3  12  
e_sbox:	1101 0101 0110 1011 1001 0000 1010 1101 0011 1110 1111 1000 0100 0111 0001 0010 
y3' = 0  1  3  12  012  013  023  4  
y2' = 2  3  01  03  13  013  023  4  
y1' = 1  3  13  23  012  013  023  
y0' = 1  01  02  03  13  23  012  013  023  123  0123  4  
Max time :	3600
PRESENT_MODE:	80
SAT_MODE:	0
	SBOX_MODE:	101
	KSR_HAVEERROR:	0
	ENCYPT_HAVEERROR:	1
AnalysesRounds:	5
MinCiphers:	18
MaxCiphers:	50
Threads:	1
Master_key:	10000101100000011110001110111011011010110001111111011111110000011110011111100000
---------------------------------------------------------------------------------------------------
num_cipher:	18
	Total vars:	35247
	Total clauses:	140769
	Test == masterkey, spend 979577 clocks.
	Not solved within3600 seconds, Have 13 results.
num_cipher:	19
	Total vars:	37167
	Total clauses:	148449
	Test == masterkey, spend 1459659 clocks.
	Not solved within3600 seconds, Have 4 results.
num_cipher:	20
	Total vars:	39087
	Total clauses:	156129
	Test == masterkey, spend 1672784 clocks.
解得主密钥:  2	10000101100000011110001110111011011010110001111111011111110000011110011111100000
	Have 4 results, spent 3065483362 clocks.
num_cipher:	21
	Total vars:	41007
	Total clauses:	163809
	Test == masterkey, spend 1702766 clocks.
解得主密钥:  2	10000101100000011110001110111011011010110001111111011111110000011110011111100000
	Have 3 results, spent 819236378 clocks.
num_cipher:	22
	Total vars:	42927
	Total clauses:	171489
	Test == masterkey, spend 1923907 clocks.
解得主密钥:  1	10000101100000011110001110111011011010110001111111011111110000011110011111100000
	Have 2 results, spent 472822920 clocks.
num_cipher:	23
	Total vars:	44847
	Total clauses:	179169
	Test == masterkey, spend 2070980 clocks.
解得主密钥:  2	10000101100000011110001110111011011010110001111111011111110000011110011111100000
	Have 2 results, spent 299843615 clocks.
num_cipher:	24
	Total vars:	46767
	Total clauses:	186849
	Test == masterkey, spend 2097293 clocks.
解得主密钥:  1	10000101100000011110001110111011011010110001111111011111110000011110011111100000
	Have 1 results, spent 144284894 clocks.
---------------------------------------------------------------------------------------------------
求得唯一解！
numAnalysesRounds:	5
startRound:	27
---------------------------------------------------------------------------------------------------
	Command being timed: "./bin/present80 1 5 18 50"
	User time (seconds): 11989.27
	System time (seconds): 26.28
	Percent of CPU this job got: 99%
	Elapsed (wall clock) time (h:mm:ss or m:ss): 3:20:17
	Average shared text size (kbytes): 0
	Average unshared data size (kbytes): 0
	Average stack size (kbytes): 0
	Average total size (kbytes): 0
	Maximum resident set size (kbytes): 145600
	Average resident set size (kbytes): 0
	Major (requiring I/O) page faults: 0
	Minor (reclaiming a frame) page faults: 158229
	Voluntary context switches: 1
	Involuntary context switches: 16110
	Swaps: 0
	File system inputs: 0
	File system outputs: 88
	Socket messages sent: 0
	Socket messages received: 0
	Signals delivered: 0
	Page size (bytes): 4096
	Exit status: 0
