sbox:	1100 0101 0110 1011 1001 0000 1010 1101 0011 1110 1111 1000 0100 0111 0001 0010 
y3 = 0  1  3  12  012  013  023  4  
y2 = 2  3  01  03  13  013  023  4  
y1 = 1  3  13  23  012  013  023  
y0 = 0  2  3  12  
e_sbox:	1101 0101 0110 1011 1001 0000 1010 1101 0011 1110 1111 1000 0100 0111 0001 0010 
y3' = 0  1  3  12  012  013  023  4  
y2' = 2  3  01  03  13  013  023  4  
y1' = 1  3  13  23  012  013  023  
y0' = 1  01  02  03  13  23  012  013  023  123  0123  4  
Max time :	3600
PRESENT_MODE:	80
SAT_MODE:	0
	SBOX_MODE:	101
	KSR_HAVEERROR:	0
	ENCYPT_HAVEERROR:	1
AnalysesRounds:	6
MinCiphers:	18
MaxCiphers:	50
Threads:	1
Master_key:	11001000101100010111100011011110000010110111011111010100010011011011100111100010
---------------------------------------------------------------------------------------------------
num_cipher:	18
	Total vars:	43311
	Total clauses:	174753
	Test == masterkey, spend 1649151 clocks.
	Have 0 results, spent 3601865622 clocks.
num_cipher:	19
	Total vars:	45679
	Total clauses:	184321
	Test == masterkey, spend 1612918 clocks.
	Have 0 results, spent 3601869940 clocks.
num_cipher:	20
	Total vars:	48047
	Total clauses:	193889
	Test == masterkey, spend 1735320 clocks.

    end
