sbox:	1100 0101 0110 1011 1001 0000 1010 1101 0011 1110 1111 1000 0100 0111 0001 0010 
y3 = 0  1  3  12  012  013  023  4  
y2 = 2  3  01  03  13  013  023  4  
y1 = 1  3  13  23  012  013  023  
y0 = 0  2  3  12  
e_sbox:	1101 0101 0110 1011 1001 0000 1010 1101 0011 1110 1111 1000 0100 0111 0001 0010 
y3' = 0  1  3  12  012  013  023  4  
y2' = 2  3  01  03  13  013  023  4  
y1' = 1  3  13  23  012  013  023  
y0' = 1  01  02  03  13  23  012  013  023  123  0123  4  
Max time :	3600
PRESENT_MODE:	80
SAT_MODE:	0
	SBOX_MODE:	101
	KSR_HAVEERROR:	0
	ENCYPT_HAVEERROR:	1
AnalysesRounds:	6
MinCiphers:	17
MaxCiphers:	50
Threads:	1
Master_key:	00010000001111010101010111011001000100101111111111110100100000010001101101010000
---------------------------------------------------------------------------------------------------
num_cipher:	17
	Total vars:	40943
	Total clauses:	165185
	Test == masterkey, spend 1980162 clocks.
	Have 0 results, spent 3621732260 clocks.
num_cipher:	18
	Total vars:	43311
	Total clauses:	174753
	Test == masterkey, spend 2335308 clocks.
	Have 0 results, spent 3614880309 clocks.
num_cipher:	19
	Total vars:	45679
	Total clauses:	184321
	Test == masterkey, spend 2008412 clocks.
	Have 0 results, spent 3602717064 clocks.
num_cipher:	20
	Total vars:	48047
	Total clauses:	193889
	Test == masterkey, spend 2211398 clocks.
	Have 0 results, spent 3602364079 clocks.
num_cipher:	21
	Total vars:	50415
	Total clauses:	203457
	Test == masterkey, spend 3476205 clocks.
	Have 1 results, spent 1989658166 clocks.
---------------------------------------------------------------------------------------------------
求得唯一解！
numAnalysesRounds:	6
startRound:	26
---------------------------------------------------------------------------------------------------
	Command being timed: "./bin/present80 1 6 17 50"
	User time (seconds): 16402.96
	System time (seconds): 41.84
	Percent of CPU this job got: 93%
	Elapsed (wall clock) time (h:mm:ss or m:ss): 4:53:02
	Average shared text size (kbytes): 0
	Average unshared data size (kbytes): 0
	Average stack size (kbytes): 0
	Average total size (kbytes): 0
	Maximum resident set size (kbytes): 125168
	Average resident set size (kbytes): 0
	Major (requiring I/O) page faults: 0
	Minor (reclaiming a frame) page faults: 139883
	Voluntary context switches: 1
	Involuntary context switches: 181761
	Swaps: 0
	File system inputs: 0
	File system outputs: 56
	Socket messages sent: 0
	Socket messages received: 0
	Signals delivered: 0
	Page size (bytes): 4096
	Exit status: 0
