sbox:	1100 0101 0110 1011 1001 0000 1010 1101 0011 1110 1111 1000 0100 0111 0001 0010 
y3 = 0  1  3  12  012  013  023  4  
y2 = 2  3  01  03  13  013  023  4  
y1 = 1  3  13  23  012  013  023  
y0 = 0  2  3  12  
e_sbox:	1101 0101 0110 1011 1001 0000 1010 1101 0011 1110 1111 1000 0100 0111 0001 0010 
y3' = 0  1  3  12  012  013  023  4  
y2' = 2  3  01  03  13  013  023  4  
y1' = 1  3  13  23  012  013  023  
y0' = 1  01  02  03  13  23  012  013  023  123  0123  4  
PRESENT_MODE:	80
SAT_MODE:	0
	SBOX_MODE:	101
	KSR_HAVEERROR:	0
	ENCYPT_HAVEERROR:	1
AnalysesRounds:	7
MinCiphers:	20
MaxCiphers:	80
Threads:	1
Master_key:	01011111101011100011001101001111000000011001011111110011111010100100101011010100
---------------------------------------------------------------------------------------------------
num_cipher:	20
	Total vars:	57007
	Total clauses:	231649
	Test == masterkey, spend 3157330 clocks.
	Have 1 results, spent 105864221749 clocks.
---------------------------------------------------------------------------------------------------
求得唯一解！
numAnalysesRounds:	7
startRound:	25
---------------------------------------------------------------------------------------------------
	Command being timed: "./bin/present80 1 7 20 80"
	User time (seconds): 105722.71
	System time (seconds): 145.20
	Percent of CPU this job got: 99%
	Elapsed (wall clock) time (h:mm:ss or m:ss): 29:24:44
	Average shared text size (kbytes): 0
	Average unshared data size (kbytes): 0
	Average stack size (kbytes): 0
	Average total size (kbytes): 0
	Maximum resident set size (kbytes): 251368
	Average resident set size (kbytes): 0
	Major (requiring I/O) page faults: 0
	Minor (reclaiming a frame) page faults: 7737733
	Voluntary context switches: 0
	Involuntary context switches: 242989
	Swaps: 0
	File system inputs: 0
	File system outputs: 16
	Socket messages sent: 0
	Socket messages received: 0
	Signals delivered: 0
	Page size (bytes): 4096
	Exit status: 0
