sbox:	1100 0101 0110 1011 1001 0000 1010 1101 0011 1110 1111 1000 0100 0111 0001 0010 
y3 = 0  1  3  12  012  013  023  4  
y2 = 2  3  01  03  13  013  023  4  
y1 = 1  3  13  23  012  013  023  
y0 = 0  2  3  12  
e_sbox:	1101 0101 0110 1011 1001 0000 1010 1101 0011 1110 1111 1000 0100 0111 0001 0010 
y3' = 0  1  3  12  012  013  023  4  
y2' = 2  3  01  03  13  013  023  4  
y1' = 1  3  13  23  012  013  023  
y0' = 1  01  02  03  13  23  012  013  023  123  0123  4  
Max time :	3600
PRESENT_MODE:	80
SAT_MODE:	0
	SBOX_MODE:	101
	KSR_HAVEERROR:	0
	ENCYPT_HAVEERROR:	1
AnalysesRounds:	8
MinCiphers:	18
MaxCiphers:	50
Threads:	1
Master_key:	01001101110111101100000100110100010001110101001110010001111010001110101111111110
---------------------------------------------------------------------------------------------------
num_cipher:	18
	Total vars:	59439
	Total clauses:	242721
	Test == masterkey, spend 3615655 clocks.
	Not solved within3600 seconds, Have 0 results.
num_cipher:	19
	Total vars:	62703
	Total clauses:	256065
	Test == masterkey, spend 4293354 clocks.
	Not solved within3600 seconds, Have 0 results.
num_cipher:	20
	Total vars:	65967
	Total clauses:	269409
	Test == masterkey, spend 4166551 clocks.
	Not solved within3600 seconds, Have 0 results.
num_cipher:	21
	Total vars:	69231
	Total clauses:	282753
	Test == masterkey, spend 5587981 clocks.
	Not solved within3600 seconds, Have 0 results.
num_cipher:	22
	Total vars:	72495
	Total clauses:	296097
	Test == masterkey, spend 5651297 clocks.
	Not solved within3600 seconds, Have 0 results.
num_cipher:	23
	Total vars:	75759
	Total clauses:	309441
	Test == masterkey, spend 5588613 clocks.
	Not solved within3600 seconds, Have 0 results.
num_cipher:	24
	Total vars:	79023
	Total clauses:	322785
	Test == masterkey, spend 6703629 clocks.
解得主密钥:  1	01001101110111101100000100110100010001110101001110010001111010001110101111111110
	Have 1 results, spent 2675859718 clocks.
---------------------------------------------------------------------------------------------------
求得唯一解！
numAnalysesRounds:	8
startRound:	24
---------------------------------------------------------------------------------------------------
	Command being timed: "./bin/present80 1 8 18 50"
	User time (seconds): 24308.89
	System time (seconds): 32.68
	Percent of CPU this job got: 99%
	Elapsed (wall clock) time (h:mm:ss or m:ss): 6:45:44
	Average shared text size (kbytes): 0
	Average unshared data size (kbytes): 0
	Average stack size (kbytes): 0
	Average total size (kbytes): 0
	Maximum resident set size (kbytes): 160384
	Average resident set size (kbytes): 0
	Major (requiring I/O) page faults: 0
	Minor (reclaiming a frame) page faults: 200132
	Voluntary context switches: 1
	Involuntary context switches: 45096
	Swaps: 0
	File system inputs: 0
	File system outputs: 96
	Socket messages sent: 0
	Socket messages received: 0
	Signals delivered: 0
	Page size (bytes): 4096
	Exit status: 0
