sbox:	1100 0110 1001 0000 0001 1010 0010 1011 0011 1000 0101 1101 0100 1110 0111 1111 
8 = (2'+0+7')(1+7'+4')(0'+7+4')(3'+1'+6)(1'+6'+4)(3+0+7+6')(2'+7'+5)(2+1+7+5)(2+1'+5')(2'+0'+7)(2+6+5'+4)(0+6+5+4)(3+7'+6'+5')(3'+2+1+6')(2'+1+7+5')(3+0'+7'+5)(1'+7+6+4')(3'+2'+5+4')(0+7'+6'+4')(3+2+7+4')(1'+7'+4)(3'+2'+6)
e_sbox:	1101 0110 1001 0000 0001 1010 0010 1011 0011 1000 0101 1101 0100 1110 0111 1111 
8 = (3'+2'+6)(2'+1'+5)(1+0'+4')(2+0+4)(2'+0+7')(3'+2+6'+5')(2+1+7+5)(3'+0'+7)(3'+1'+6)(3+7+6'+4')(1'+6'+4)(2'+1+7+5')(3+7'+6'+5')(3+2+6+5')(3+0'+7'+5)(1'+7+6+4')(1'+0'+5'+4)(3'+1+5+4')(7'+6'+5+4)(3+1+5+4)(1+7'+6+4')(1'+0+7'+6')(2+6+5'+4)
Max time :	3600
SKINNY_MODE:	64
TWEAKEY_MODE:	2
SAT_MODE:	2
	SBOX_MODE:	102
	ENCYPT_HAVEERROR:	301
AnalysesRounds:	5
MinCiphers:	80
MaxCiphers:	100
Threads:	1
---------------------------------------------------------------------------------------------------
num_cipher:	80
	Total vars:	91400
	Total clauses:	219272
	Test == masterkey, spend 2807105 clocks.
解得主密钥:  59	11010110000111110011000100011100010011111001100110110011111110100100010101010111011000110001111001100100101001011111011101010101
	Have 79 results, spent 24228008 clocks.
num_cipher:	81
	Total vars:	92523
	Total clauses:	221995
	Test == masterkey, spend 2868633 clocks.
解得主密钥:  4	11010110000111110011000100011100010011111001100110110011111110100100010101010111011000110001111001100100101001011111011101010101
	Have 79 results, spent 19486686 clocks.
num_cipher:	82
	Total vars:	93646
	Total clauses:	224718
	Test == masterkey, spend 2765279 clocks.
解得主密钥:  51	11010110000111110011000100011100010011111001100110110011111110100100010101010111011000110001111001100100101001011111011101010101
	Have 79 results, spent 24051487 clocks.
num_cipher:	83
	Total vars:	94769
	Total clauses:	227441
	Test == masterkey, spend 3170204 clocks.
解得主密钥:  27	11010110000111110011000100011100010011111001100110110011111110100100010101010111011000110001111001100100101001011111011101010101
	Have 78 results, spent 25780824 clocks.
num_cipher:	84
	Total vars:	95892
	Total clauses:	230164
	Test == masterkey, spend 2995423 clocks.
解得主密钥:  55	11010110000111110011000100011100010011111001100110110011111110100100010101010111011000110001111001100100101001011111011101010101
	Have 78 results, spent 27027422 clocks.
num_cipher:	85
	Total vars:	97015
	Total clauses:	232887
	Test == masterkey, spend 3458420 clocks.
解得主密钥:  3	11010110000111110011000100011100010011111001100110110011111110100100010101010111011000110001111001100100101001011111011101010101
	Have 78 results, spent 27661359 clocks.
num_cipher:	86
	Total vars:	98138
	Total clauses:	235610
	Test == masterkey, spend 3756481 clocks.
解得主密钥:  61	11010110000111110011000100011100010011111001100110110011111110100100010101010111011000110001111001100100101001011111011101010101
	Have 78 results, spent 28045049 clocks.
num_cipher:	87
	Total vars:	99261
	Total clauses:	238333
	Test == masterkey, spend 3896525 clocks.
解得主密钥:  8	11010110000111110011000100011100010011111001100110110011111110100100010101010111011000110001111001100100101001011111011101010101
	Have 78 results, spent 28172579 clocks.
num_cipher:	88
	Total vars:	100384
	Total clauses:	241056
	Test == masterkey, spend 3680832 clocks.
解得主密钥:  5	11010110000111110011000100011100010011111001100110110011111110100100010101010111011000110001111001100100101001011111011101010101
	Have 72 results, spent 28416819 clocks.
num_cipher:	89
	Total vars:	101507
	Total clauses:	243779
	Test == masterkey, spend 3735577 clocks.
解得主密钥:  41	11010110000111110011000100011100010011111001100110110011111110100100010101010111011000110001111001100100101001011111011101010101
	Have 72 results, spent 29493721 clocks.
num_cipher:	90
	Total vars:	102630
	Total clauses:	246502
	Test == masterkey, spend 4132904 clocks.
解得主密钥:  57	11010110000111110011000100011100010011111001100110110011111110100100010101010111011000110001111001100100101001011111011101010101
	Have 66 results, spent 28880514 clocks.
num_cipher:	91
	Total vars:	103753
	Total clauses:	249225
	Test == masterkey, spend 3725740 clocks.
解得主密钥:  18	11010110000111110011000100011100010011111001100110110011111110100100010101010111011000110001111001100100101001011111011101010101
	Have 66 results, spent 17586551 clocks.
num_cipher:	92
	Total vars:	104876
	Total clauses:	251948
	Test == masterkey, spend 4183473 clocks.
解得主密钥:  18	11010110000111110011000100011100010011111001100110110011111110100100010101010111011000110001111001100100101001011111011101010101
	Have 66 results, spent 30227843 clocks.
num_cipher:	93
	Total vars:	105999
	Total clauses:	254671
	Test == masterkey, spend 4289932 clocks.
解得主密钥:  43	11010110000111110011000100011100010011111001100110110011111110100100010101010111011000110001111001100100101001011111011101010101
	Have 66 results, spent 32587890 clocks.
num_cipher:	94
	Total vars:	107122
	Total clauses:	257394
	Test == masterkey, spend 4480511 clocks.
解得主密钥:  52	11010110000111110011000100011100010011111001100110110011111110100100010101010111011000110001111001100100101001011111011101010101
	Have 66 results, spent 19770852 clocks.
num_cipher:	95
	Total vars:	108245
	Total clauses:	260117
	Test == masterkey, spend 4954729 clocks.
解得主密钥:  55	11010110000111110011000100011100010011111001100110110011111110100100010101010111011000110001111001100100101001011111011101010101
	Have 66 results, spent 34377190 clocks.
num_cipher:	96
	Total vars:	109368
	Total clauses:	262840
	Test == masterkey, spend 4729523 clocks.
解得主密钥:  10	11010110000111110011000100011100010011111001100110110011111110100100010101010111011000110001111001100100101001011111011101010101
	Have 62 results, spent 19985615 clocks.
num_cipher:	97
	Total vars:	110491
	Total clauses:	265563
	Test == masterkey, spend 4948892 clocks.
解得主密钥:  2	11010110000111110011000100011100010011111001100110110011111110100100010101010111011000110001111001100100101001011111011101010101
	Have 62 results, spent 34697091 clocks.
num_cipher:	98
	Total vars:	111614
	Total clauses:	268286
	Test == masterkey, spend 5389284 clocks.
解得主密钥:  18	11010110000111110011000100011100010011111001100110110011111110100100010101010111011000110001111001100100101001011111011101010101
	Have 62 results, spent 36704987 clocks.
num_cipher:	99
	Total vars:	112737
	Total clauses:	271009
	Test == masterkey, spend 5271042 clocks.
解得主密钥:  36	11010110000111110011000100011100010011111001100110110011111110100100010101010111011000110001111001100100101001011111011101010101
	Have 62 results, spent 37197302 clocks.
num_cipher:	100
	Total vars:	113860
	Total clauses:	273732
	Test == masterkey, spend 5795176 clocks.
解得主密钥:  1	11010110000111110011000100011100010011111001100110110011111110100100010101010111011000110001111001100100101001011111011101010101
	Have 62 results, spent 36717453 clocks.
---------------------------------------------------------------------------------------------------
	Command being timed: "./bin/skinny_64_2_NS 1 5 80 100"
	User time (seconds): 685.77
	System time (seconds): 0.73
	Percent of CPU this job got: 99%
	Elapsed (wall clock) time (h:mm:ss or m:ss): 11:26.58
	Average shared text size (kbytes): 0
	Average unshared data size (kbytes): 0
	Average stack size (kbytes): 0
	Average total size (kbytes): 0
	Maximum resident set size (kbytes): 100268
	Average resident set size (kbytes): 0
	Major (requiring I/O) page faults: 0
	Minor (reclaiming a frame) page faults: 34279
	Voluntary context switches: 1
	Involuntary context switches: 1384
	Swaps: 0
	File system inputs: 0
	File system outputs: 344
	Socket messages sent: 0
	Socket messages received: 0
	Signals delivered: 0
	Page size (bytes): 4096
	Exit status: 0
