sbox:	1100 0110 1001 0000 0001 1010 0010 1011 0011 1000 0101 1101 0100 1110 0111 1111 
8 = (2'+0+7')(1+7'+4')(0'+7+4')(3'+1'+6)(1'+6'+4)(3+0+7+6')(2'+7'+5)(2+1+7+5)(2+1'+5')(2'+0'+7)(2+6+5'+4)(0+6+5+4)(3+7'+6'+5')(3'+2+1+6')(2'+1+7+5')(3+0'+7'+5)(1'+7+6+4')(3'+2'+5+4')(0+7'+6'+4')(3+2+7+4')(1'+7'+4)(3'+2'+6)
e_sbox:	1101 0110 1001 0000 0001 1010 0010 1011 0011 1000 0101 1101 0100 1110 0111 1111 
8 = (3'+2'+6)(2'+1'+5)(1+0'+4')(2+0+4)(2'+0+7')(3'+2+6'+5')(2+1+7+5)(3'+0'+7)(3'+1'+6)(3+7+6'+4')(1'+6'+4)(2'+1+7+5')(3+7'+6'+5')(3+2+6+5')(3+0'+7'+5)(1'+7+6+4')(1'+0'+5'+4)(3'+1+5+4')(7'+6'+5+4)(3+1+5+4)(1+7'+6+4')(1'+0+7'+6')(2+6+5'+4)
Max time :	3600
SKINNY_MODE:	64
TWEAKEY_MODE:	2
SAT_MODE:	2
	SBOX_MODE:	102
	ENCYPT_HAVEERROR:	301
AnalysesRounds:	5
MinCiphers:	80
MaxCiphers:	100
Threads:	1
---------------------------------------------------------------------------------------------------
num_cipher:	80
	Total vars:	91400
	Total clauses:	219272
	Test == masterkey, spend 3320768 clocks.
解得主密钥:  52	11010110000111110011000100011100010011111001100110110011111110100100010101010111011000110001111001100100101001011111011101010101
	Have 76 results, spent 31873683 clocks.
num_cipher:	81
	Total vars:	92523
	Total clauses:	221995
	Test == masterkey, spend 4039985 clocks.
解得主密钥:  28	11010110000111110011000100011100010011111001100110110011111110100100010101010111011000110001111001100100101001011111011101010101
	Have 76 results, spent 32494548 clocks.
num_cipher:	82
	Total vars:	93646
	Total clauses:	224718
	Test == masterkey, spend 3676179 clocks.
解得主密钥:  33	11010110000111110011000100011100010011111001100110110011111110100100010101010111011000110001111001100100101001011111011101010101
	Have 76 results, spent 33605295 clocks.
num_cipher:	83
	Total vars:	94769
	Total clauses:	227441
	Test == masterkey, spend 3652944 clocks.
解得主密钥:  47	11010110000111110011000100011100010011111001100110110011111110100100010101010111011000110001111001100100101001011111011101010101
	Have 76 results, spent 20636421 clocks.
num_cipher:	84
	Total vars:	95892
	Total clauses:	230164
	Test == masterkey, spend 3624544 clocks.
解得主密钥:  68	11010110000111110011000100011100010011111001100110110011111110100100010101010111011000110001111001100100101001011111011101010101
	Have 76 results, spent 33988770 clocks.
num_cipher:	85
	Total vars:	97015
	Total clauses:	232887
	Test == masterkey, spend 4101056 clocks.
解得主密钥:  13	11010110000111110011000100011100010011111001100110110011111110100100010101010111011000110001111001100100101001011111011101010101
	Have 76 results, spent 19391514 clocks.
num_cipher:	86
	Total vars:	98138
	Total clauses:	235610
	Test == masterkey, spend 4049583 clocks.
解得主密钥:  60	11010110000111110011000100011100010011111001100110110011111110100100010101010111011000110001111001100100101001011111011101010101
	Have 64 results, spent 21688778 clocks.
num_cipher:	87
	Total vars:	99261
	Total clauses:	238333
	Test == masterkey, spend 4042847 clocks.
解得主密钥:  57	11010110000111110011000100011100010011111001100110110011111110100100010101010111011000110001111001100100101001011111011101010101
	Have 64 results, spent 34260543 clocks.
num_cipher:	88
	Total vars:	100384
	Total clauses:	241056
	Test == masterkey, spend 4300401 clocks.
解得主密钥:  3	11010110000111110011000100011100010011111001100110110011111110100100010101010111011000110001111001100100101001011111011101010101
	Have 58 results, spent 32801170 clocks.
num_cipher:	89
	Total vars:	101507
	Total clauses:	243779
	Test == masterkey, spend 4830088 clocks.
解得主密钥:  1	11010110000111110011000100011100010011111001100110110011111110100100010101010111011000110001111001100100101001011111011101010101
	Have 58 results, spent 33875227 clocks.
num_cipher:	90
	Total vars:	102630
	Total clauses:	246502
	Test == masterkey, spend 4576888 clocks.
解得主密钥:  49	11010110000111110011000100011100010011111001100110110011111110100100010101010111011000110001111001100100101001011111011101010101
	Have 50 results, spent 26186529 clocks.
num_cipher:	91
	Total vars:	103753
	Total clauses:	249225
	Test == masterkey, spend 4633743 clocks.
解得主密钥:  18	11010110000111110011000100011100010011111001100110110011111110100100010101010111011000110001111001100100101001011111011101010101
	Have 50 results, spent 32960813 clocks.
num_cipher:	92
	Total vars:	104876
	Total clauses:	251948
	Test == masterkey, spend 4796113 clocks.
解得主密钥:  48	11010110000111110011000100011100010011111001100110110011111110100100010101010111011000110001111001100100101001011111011101010101
	Have 50 results, spent 34452150 clocks.
num_cipher:	93
	Total vars:	105999
	Total clauses:	254671
	Test == masterkey, spend 4853526 clocks.
解得主密钥:  34	11010110000111110011000100011100010011111001100110110011111110100100010101010111011000110001111001100100101001011111011101010101
	Have 34 results, spent 22129557 clocks.
num_cipher:	94
	Total vars:	107122
	Total clauses:	257394
	Test == masterkey, spend 4908827 clocks.
解得主密钥:  27	11010110000111110011000100011100010011111001100110110011111110100100010101010111011000110001111001100100101001011111011101010101
	Have 27 results, spent 20547745 clocks.
num_cipher:	95
	Total vars:	108245
	Total clauses:	260117
	Test == masterkey, spend 5124607 clocks.
解得主密钥:  27	11010110000111110011000100011100010011111001100110110011111110100100010101010111011000110001111001100100101001011111011101010101
	Have 27 results, spent 22997987 clocks.
num_cipher:	96
	Total vars:	109368
	Total clauses:	262840
	Test == masterkey, spend 5702065 clocks.
解得主密钥:  1	11010110000111110011000100011100010011111001100110110011111110100100010101010111011000110001111001100100101001011111011101010101
	Have 27 results, spent 22645135 clocks.
num_cipher:	97
	Total vars:	110491
	Total clauses:	265563
	Test == masterkey, spend 5720238 clocks.
解得主密钥:  12	11010110000111110011000100011100010011111001100110110011111110100100010101010111011000110001111001100100101001011111011101010101
	Have 27 results, spent 25371019 clocks.
num_cipher:	98
	Total vars:	111614
	Total clauses:	268286
	Test == masterkey, spend 6049473 clocks.
解得主密钥:  5	11010110000111110011000100011100010011111001100110110011111110100100010101010111011000110001111001100100101001011111011101010101
	Have 27 results, spent 25000739 clocks.
num_cipher:	99
	Total vars:	112737
	Total clauses:	271009
	Test == masterkey, spend 6151324 clocks.
解得主密钥:  22	11010110000111110011000100011100010011111001100110110011111110100100010101010111011000110001111001100100101001011111011101010101
	Have 27 results, spent 23995699 clocks.
num_cipher:	100
	Total vars:	113860
	Total clauses:	273732
	Test == masterkey, spend 5195737 clocks.
解得主密钥:  7	11010110000111110011000100011100010011111001100110110011111110100100010101010111011000110001111001100100101001011111011101010101
	Have 27 results, spent 23141920 clocks.
---------------------------------------------------------------------------------------------------
	Command being timed: "./bin/skinny_64_2_NS 1 5 80 100"
	User time (seconds): 681.88
	System time (seconds): 0.41
	Percent of CPU this job got: 99%
	Elapsed (wall clock) time (h:mm:ss or m:ss): 11:22.39
	Average shared text size (kbytes): 0
	Average unshared data size (kbytes): 0
	Average stack size (kbytes): 0
	Average total size (kbytes): 0
	Maximum resident set size (kbytes): 99128
	Average resident set size (kbytes): 0
	Major (requiring I/O) page faults: 0
	Minor (reclaiming a frame) page faults: 34308
	Voluntary context switches: 1
	Involuntary context switches: 1700
	Swaps: 0
	File system inputs: 0
	File system outputs: 312
	Socket messages sent: 0
	Socket messages received: 0
	Signals delivered: 0
	Page size (bytes): 4096
	Exit status: 0
