sbox:	1100 0110 1001 0000 0001 1010 0010 1011 0011 1000 0101 1101 0100 1110 0111 1111 
8 = (2'+0+7')(1+7'+4')(0'+7+4')(3'+1'+6)(1'+6'+4)(3+0+7+6')(2'+7'+5)(2+1+7+5)(2+1'+5')(2'+0'+7)(2+6+5'+4)(0+6+5+4)(3+7'+6'+5')(3'+2+1+6')(2'+1+7+5')(3+0'+7'+5)(1'+7+6+4')(3'+2'+5+4')(0+7'+6'+4')(3+2+7+4')(1'+7'+4)(3'+2'+6)
e_sbox:	1101 0110 1001 0000 0001 1010 0010 1011 0011 1000 0101 1101 0100 1110 0111 1111 
8 = (3'+2'+6)(2'+1'+5)(1+0'+4')(2+0+4)(2'+0+7')(3'+2+6'+5')(2+1+7+5)(3'+0'+7)(3'+1'+6)(3+7+6'+4')(1'+6'+4)(2'+1+7+5')(3+7'+6'+5')(3+2+6+5')(3+0'+7'+5)(1'+7+6+4')(1'+0'+5'+4)(3'+1+5+4')(7'+6'+5+4)(3+1+5+4)(1+7'+6+4')(1'+0+7'+6')(2+6+5'+4)
Max time :	3600
SKINNY_MODE:	64
TWEAKEY_MODE:	3
SAT_MODE:	2
	SBOX_MODE:	102
	ENCYPT_HAVEERROR:	301
AnalysesRounds:	7
MinCiphers:	130
MaxCiphers:	200
Threads:	1
---------------------------------------------------------------------------------------------------
num_cipher:	130
	Total vars:	203596
	Total clauses:	494604
	Test == masterkey, spend 14417666 clocks.
	Have more than 1024 results, spent 2768426454 clocks.
num_cipher:	131
	Total vars:	205146
	Total clauses:	498394
	Test == masterkey, spend 12783475 clocks.
	Have more than 1024 results, spent 2668186065 clocks.
num_cipher:	132
	Total vars:	206696
	Total clauses:	502184
	Test == masterkey, spend 14909223 clocks.
	Have more than 1024 results, spent 2599390891 clocks.
num_cipher:	133
	Total vars:	208246
	Total clauses:	505974
	Test == masterkey, spend 13812352 clocks.
	Have more than 1024 results, spent 2598386053 clocks.
num_cipher:	134
	Total vars:	209796
	Total clauses:	509764
	Test == masterkey, spend 13997782 clocks.
	Have more than 1024 results, spent 2554344556 clocks.
num_cipher:	135
	Total vars:	211346
	Total clauses:	513554
	Test == masterkey, spend 15473306 clocks.
	Have more than 1024 results, spent 2304523260 clocks.
num_cipher:	136
	Total vars:	212896
	Total clauses:	517344
	Test == masterkey, spend 15264460 clocks.
	Have more than 1024 results, spent 2742738202 clocks.
num_cipher:	137
	Total vars:	214446
	Total clauses:	521134
	Test == masterkey, spend 13941452 clocks.
	Have more than 1024 results, spent 2580923419 clocks.
num_cipher:	138
	Total vars:	215996
	Total clauses:	524924
	Test == masterkey, spend 14232562 clocks.
	Have more than 1024 results, spent 2556583355 clocks.
num_cipher:	139
	Total vars:	217546
	Total clauses:	528714
	Test == masterkey, spend 13836924 clocks.
	Have more than 1024 results, spent 2562653553 clocks.
num_cipher:	140
	Total vars:	219096
	Total clauses:	532504
	Test == masterkey, spend 15098227 clocks.
	Have more than 1024 results, spent 2604185503 clocks.
num_cipher:	141
	Total vars:	220646
	Total clauses:	536294
	Test == masterkey, spend 17851108 clocks.
	Have more than 1024 results, spent 2471507104 clocks.
num_cipher:	142
	Total vars:	222196
	Total clauses:	540084
	Test == masterkey, spend 15141638 clocks.
	Have more than 1024 results, spent 2533268556 clocks.
num_cipher:	143
	Total vars:	223746
	Total clauses:	543874
	Test == masterkey, spend 14734260 clocks.
	Have more than 1024 results, spent 2518200179 clocks.
num_cipher:	144
	Total vars:	225296
	Total clauses:	547664
	Test == masterkey, spend 16202657 clocks.
	Have more than 1024 results, spent 2663566647 clocks.
num_cipher:	145
	Total vars:	226846
	Total clauses:	551454
	Test == masterkey, spend 13970887 clocks.
	Have more than 1024 results, spent 2667882095 clocks.
num_cipher:	146
	Total vars:	228396
	Total clauses:	555244
	Test == masterkey, spend 14646119 clocks.
	Have more than 1024 results, spent 2627357964 clocks.
num_cipher:	147
	Total vars:	229946
	Total clauses:	559034
	Test == masterkey, spend 14750044 clocks.
	Have more than 1024 results, spent 2695965239 clocks.
num_cipher:	148
	Total vars:	231496
	Total clauses:	562824
	Test == masterkey, spend 15163419 clocks.
	Have more than 1024 results, spent 1098866855 clocks.
num_cipher:	149
	Total vars:	233046
	Total clauses:	566614
	Test == masterkey, spend 15107602 clocks.
	Have more than 1024 results, spent 1115207206 clocks.
num_cipher:	150
	Total vars:	234596
	Total clauses:	570404
	Test == masterkey, spend 15890269 clocks.
	Have more than 1024 results, spent 1062232092 clocks.
num_cipher:	151
	Total vars:	236146
	Total clauses:	574194
	Test == masterkey, spend 15126438 clocks.
解得主密钥:  887	110101100001111100110001000111000100111110011001101100111111101001000101010101110110001100011110011001001010010111110111010101011010010010011000010101000010001110000111011001110101101011000011
	Have more than 1024 results, spent 1103105991 clocks.
num_cipher:	152
	Total vars:	237696
	Total clauses:	577984
	Test == masterkey, spend 15491896 clocks.
	Have more than 1024 results, spent 1063461647 clocks.
num_cipher:	153
	Total vars:	239246
	Total clauses:	581774
	Test == masterkey, spend 16677925 clocks.
	Have more than 1024 results, spent 1092403626 clocks.
num_cipher:	154
	Total vars:	240796
	Total clauses:	585564
	Test == masterkey, spend 15959055 clocks.
	Have more than 1024 results, spent 1111478465 clocks.
num_cipher:	155
	Total vars:	242346
	Total clauses:	589354
	Test == masterkey, spend 16806460 clocks.
	Have more than 1024 results, spent 1153933134 clocks.
num_cipher:	156
	Total vars:	243896
	Total clauses:	593144
	Test == masterkey, spend 18049952 clocks.
解得主密钥:  481	110101100001111100110001000111000100111110011001101100111111101001000101010101110110001100011110011001001010010111110111010101011010010010011000010101000010001110000111011001110101101011000011
	Have more than 1024 results, spent 1045138061 clocks.
num_cipher:	157
	Total vars:	245446
	Total clauses:	596934
	Test == masterkey, spend 17596707 clocks.
解得主密钥:  631	110101100001111100110001000111000100111110011001101100111111101001000101010101110110001100011110011001001010010111110111010101011010010010011000010101000010001110000111011001110101101011000011
	Have more than 1024 results, spent 1012771151 clocks.
num_cipher:	158
	Total vars:	246996
	Total clauses:	600724
	Test == masterkey, spend 16403054 clocks.
解得主密钥:  637	110101100001111100110001000111000100111110011001101100111111101001000101010101110110001100011110011001001010010111110111010101011010010010011000010101000010001110000111011001110101101011000011
	Have more than 1024 results, spent 1007513378 clocks.
num_cipher:	159
	Total vars:	248546
	Total clauses:	604514
	Test == masterkey, spend 16845529 clocks.
解得主密钥:  466	110101100001111100110001000111000100111110011001101100111111101001000101010101110110001100011110011001001010010111110111010101011010010010011000010101000010001110000111011001110101101011000011
	Have more than 1024 results, spent 1000252357 clocks.
num_cipher:	160
	Total vars:	250096
	Total clauses:	608304
	Test == masterkey, spend 18311617 clocks.
解得主密钥:  767	110101100001111100110001000111000100111110011001101100111111101001000101010101110110001100011110011001001010010111110111010101011010010010011000010101000010001110000111011001110101101011000011
	Have more than 1024 results, spent 1067198347 clocks.
num_cipher:	161
	Total vars:	251646
	Total clauses:	612094
	Test == masterkey, spend 16793858 clocks.
解得主密钥:  243	110101100001111100110001000111000100111110011001101100111111101001000101010101110110001100011110011001001010010111110111010101011010010010011000010101000010001110000111011001110101101011000011
	Have 997 results, spent 977996166 clocks.
num_cipher:	162
	Total vars:	253196
	Total clauses:	615884
	Test == masterkey, spend 17843656 clocks.
解得主密钥:  410	110101100001111100110001000111000100111110011001101100111111101001000101010101110110001100011110011001001010010111110111010101011010010010011000010101000010001110000111011001110101101011000011
	Have 450 results, spent 600597265 clocks.
num_cipher:	163
	Total vars:	254746
	Total clauses:	619674
	Test == masterkey, spend 19026502 clocks.
解得主密钥:  403	110101100001111100110001000111000100111110011001101100111111101001000101010101110110001100011110011001001010010111110111010101011010010010011000010101000010001110000111011001110101101011000011
	Have 450 results, spent 617755427 clocks.
num_cipher:	164
	Total vars:	256296
	Total clauses:	623464
	Test == masterkey, spend 18644450 clocks.
解得主密钥:  343	110101100001111100110001000111000100111110011001101100111111101001000101010101110110001100011110011001001010010111110111010101011010010010011000010101000010001110000111011001110101101011000011
	Have 450 results, spent 586568685 clocks.
num_cipher:	165
	Total vars:	257846
	Total clauses:	627254
	Test == masterkey, spend 20186415 clocks.
解得主密钥:  344	110101100001111100110001000111000100111110011001101100111111101001000101010101110110001100011110011001001010010111110111010101011010010010011000010101000010001110000111011001110101101011000011
	Have 450 results, spent 539814075 clocks.
num_cipher:	166
	Total vars:	259396
	Total clauses:	631044
	Test == masterkey, spend 17181810 clocks.
解得主密钥:  234	110101100001111100110001000111000100111110011001101100111111101001000101010101110110001100011110011001001010010111110111010101011010010010011000010101000010001110000111011001110101101011000011
	Have 344 results, spent 499493149 clocks.
num_cipher:	167
	Total vars:	260946
	Total clauses:	634834
	Test == masterkey, spend 17576648 clocks.
解得主密钥:  159	110101100001111100110001000111000100111110011001101100111111101001000101010101110110001100011110011001001010010111110111010101011010010010011000010101000010001110000111011001110101101011000011
	Have 344 results, spent 453858943 clocks.
num_cipher:	168
	Total vars:	262496
	Total clauses:	638624
	Test == masterkey, spend 17947678 clocks.
解得主密钥:  7	110101100001111100110001000111000100111110011001101100111111101001000101010101110110001100011110011001001010010111110111010101011010010010011000010101000010001110000111011001110101101011000011
	Have 323 results, spent 439098644 clocks.
num_cipher:	169
	Total vars:	264046
	Total clauses:	642414
	Test == masterkey, spend 19237291 clocks.
解得主密钥:  258	110101100001111100110001000111000100111110011001101100111111101001000101010101110110001100011110011001001010010111110111010101011010010010011000010101000010001110000111011001110101101011000011
	Have 323 results, spent 484274533 clocks.
num_cipher:	170
	Total vars:	265596
	Total clauses:	646204
	Test == masterkey, spend 18339866 clocks.
解得主密钥:  87	110101100001111100110001000111000100111110011001101100111111101001000101010101110110001100011110011001001010010111110111010101011010010010011000010101000010001110000111011001110101101011000011
	Have 323 results, spent 477273253 clocks.
num_cipher:	171
	Total vars:	267146
	Total clauses:	649994
	Test == masterkey, spend 19465814 clocks.
解得主密钥:  30	110101100001111100110001000111000100111110011001101100111111101001000101010101110110001100011110011001001010010111110111010101011010010010011000010101000010001110000111011001110101101011000011
	Have 100 results, spent 309387672 clocks.
num_cipher:	172
	Total vars:	268696
	Total clauses:	653784
	Test == masterkey, spend 22920013 clocks.
解得主密钥:  48	110101100001111100110001000111000100111110011001101100111111101001000101010101110110001100011110011001001010010111110111010101011010010010011000010101000010001110000111011001110101101011000011
	Have 62 results, spent 223987233 clocks.
num_cipher:	173
	Total vars:	270246
	Total clauses:	657574
	Test == masterkey, spend 18446476 clocks.
解得主密钥:  59	110101100001111100110001000111000100111110011001101100111111101001000101010101110110001100011110011001001010010111110111010101011010010010011000010101000010001110000111011001110101101011000011
	Have 62 results, spent 241230016 clocks.
num_cipher:	174
	Total vars:	271796
	Total clauses:	661364
	Test == masterkey, spend 18296509 clocks.
解得主密钥:  38	110101100001111100110001000111000100111110011001101100111111101001000101010101110110001100011110011001001010010111110111010101011010010010011000010101000010001110000111011001110101101011000011
	Have 62 results, spent 204509552 clocks.
num_cipher:	175
	Total vars:	273346
	Total clauses:	665154
	Test == masterkey, spend 20574977 clocks.
解得主密钥:  21	110101100001111100110001000111000100111110011001101100111111101001000101010101110110001100011110011001001010010111110111010101011010010010011000010101000010001110000111011001110101101011000011
	Have 62 results, spent 249388355 clocks.
num_cipher:	176
	Total vars:	274896
	Total clauses:	668944
	Test == masterkey, spend 19646183 clocks.
解得主密钥:  61	110101100001111100110001000111000100111110011001101100111111101001000101010101110110001100011110011001001010010111110111010101011010010010011000010101000010001110000111011001110101101011000011
	Have 62 results, spent 234154890 clocks.
num_cipher:	177
	Total vars:	276446
	Total clauses:	672734
	Test == masterkey, spend 18053274 clocks.
解得主密钥:  62	110101100001111100110001000111000100111110011001101100111111101001000101010101110110001100011110011001001010010111110111010101011010010010011000010101000010001110000111011001110101101011000011
	Have 62 results, spent 225586090 clocks.
num_cipher:	178
	Total vars:	277996
	Total clauses:	676524
	Test == masterkey, spend 18802319 clocks.
解得主密钥:  47	110101100001111100110001000111000100111110011001101100111111101001000101010101110110001100011110011001001010010111110111010101011010010010011000010101000010001110000111011001110101101011000011
	Have 62 results, spent 258551263 clocks.
num_cipher:	179
	Total vars:	279546
	Total clauses:	680314
	Test == masterkey, spend 20408544 clocks.
解得主密钥:  52	110101100001111100110001000111000100111110011001101100111111101001000101010101110110001100011110011001001010010111110111010101011010010010011000010101000010001110000111011001110101101011000011
	Have 62 results, spent 230413909 clocks.
num_cipher:	180
	Total vars:	281096
	Total clauses:	684104
	Test == masterkey, spend 20292221 clocks.
解得主密钥:  46	110101100001111100110001000111000100111110011001101100111111101001000101010101110110001100011110011001001010010111110111010101011010010010011000010101000010001110000111011001110101101011000011
	Have 50 results, spent 249541774 clocks.
num_cipher:	181
	Total vars:	282646
	Total clauses:	687894
	Test == masterkey, spend 43868480 clocks.
解得主密钥:  8	110101100001111100110001000111000100111110011001101100111111101001000101010101110110001100011110011001001010010111110111010101011010010010011000010101000010001110000111011001110101101011000011
	Have 34 results, spent 221422841 clocks.
num_cipher:	182
	Total vars:	284196
	Total clauses:	691684
	Test == masterkey, spend 19797164 clocks.
解得主密钥:  26	110101100001111100110001000111000100111110011001101100111111101001000101010101110110001100011110011001001010010111110111010101011010010010011000010101000010001110000111011001110101101011000011
	Have 34 results, spent 213532073 clocks.
num_cipher:	183
	Total vars:	285746
	Total clauses:	695474
	Test == masterkey, spend 15964677 clocks.
解得主密钥:  16	110101100001111100110001000111000100111110011001101100111111101001000101010101110110001100011110011001001010010111110111010101011010010010011000010101000010001110000111011001110101101011000011
	Have 34 results, spent 175796363 clocks.
num_cipher:	184
	Total vars:	287296
	Total clauses:	699264
	Test == masterkey, spend 19178175 clocks.
解得主密钥:  17	110101100001111100110001000111000100111110011001101100111111101001000101010101110110001100011110011001001010010111110111010101011010010010011000010101000010001110000111011001110101101011000011
	Have 34 results, spent 164632865 clocks.
num_cipher:	185
	Total vars:	288846
	Total clauses:	703054
	Test == masterkey, spend 20216046 clocks.
解得主密钥:  27	110101100001111100110001000111000100111110011001101100111111101001000101010101110110001100011110011001001010010111110111010101011010010010011000010101000010001110000111011001110101101011000011
	Have 34 results, spent 199852620 clocks.
num_cipher:	186
	Total vars:	290396
	Total clauses:	706844
	Test == masterkey, spend 21310116 clocks.
解得主密钥:  26	110101100001111100110001000111000100111110011001101100111111101001000101010101110110001100011110011001001010010111110111010101011010010010011000010101000010001110000111011001110101101011000011
	Have 34 results, spent 189048165 clocks.
num_cipher:	187
	Total vars:	291946
	Total clauses:	710634
	Test == masterkey, spend 46641406 clocks.
解得主密钥:  10	110101100001111100110001000111000100111110011001101100111111101001000101010101110110001100011110011001001010010111110111010101011010010010011000010101000010001110000111011001110101101011000011
	Have 34 results, spent 192453950 clocks.
num_cipher:	188
	Total vars:	293496
	Total clauses:	714424
	Test == masterkey, spend 20805719 clocks.
解得主密钥:  29	110101100001111100110001000111000100111110011001101100111111101001000101010101110110001100011110011001001010010111110111010101011010010010011000010101000010001110000111011001110101101011000011
	Have 34 results, spent 222596919 clocks.
num_cipher:	189
	Total vars:	295046
	Total clauses:	718214
	Test == masterkey, spend 20936259 clocks.
解得主密钥:  24	110101100001111100110001000111000100111110011001101100111111101001000101010101110110001100011110011001001010010111110111010101011010010010011000010101000010001110000111011001110101101011000011
	Have 34 results, spent 192281131 clocks.
num_cipher:	190
	Total vars:	296596
	Total clauses:	722004
	Test == masterkey, spend 21517906 clocks.
解得主密钥:  7	110101100001111100110001000111000100111110011001101100111111101001000101010101110110001100011110011001001010010111110111010101011010010010011000010101000010001110000111011001110101101011000011
	Have 34 results, spent 187916851 clocks.
num_cipher:	191
	Total vars:	298146
	Total clauses:	725794
	Test == masterkey, spend 21390639 clocks.
解得主密钥:  27	110101100001111100110001000111000100111110011001101100111111101001000101010101110110001100011110011001001010010111110111010101011010010010011000010101000010001110000111011001110101101011000011
	Have 34 results, spent 250919696 clocks.
num_cipher:	192
	Total vars:	299696
	Total clauses:	729584
	Test == masterkey, spend 23025672 clocks.
解得主密钥:  22	110101100001111100110001000111000100111110011001101100111111101001000101010101110110001100011110011001001010010111110111010101011010010010011000010101000010001110000111011001110101101011000011
	Have 34 results, spent 225506106 clocks.
num_cipher:	193
	Total vars:	301246
	Total clauses:	733374
	Test == masterkey, spend 22221698 clocks.
解得主密钥:  29	110101100001111100110001000111000100111110011001101100111111101001000101010101110110001100011110011001001010010111110111010101011010010010011000010101000010001110000111011001110101101011000011
	Have 34 results, spent 211216548 clocks.
num_cipher:	194
	Total vars:	302796
	Total clauses:	737164
	Test == masterkey, spend 21346571 clocks.
解得主密钥:  23	110101100001111100110001000111000100111110011001101100111111101001000101010101110110001100011110011001001010010111110111010101011010010010011000010101000010001110000111011001110101101011000011
	Have 34 results, spent 203232812 clocks.
num_cipher:	195
	Total vars:	304346
	Total clauses:	740954
	Test == masterkey, spend 43688372 clocks.
解得主密钥:  4	110101100001111100110001000111000100111110011001101100111111101001000101010101110110001100011110011001001010010111110111010101011010010010011000010101000010001110000111011001110101101011000011
	Have 34 results, spent 197283783 clocks.
num_cipher:	196
	Total vars:	305896
	Total clauses:	744744
	Test == masterkey, spend 22769197 clocks.
解得主密钥:  9	110101100001111100110001000111000100111110011001101100111111101001000101010101110110001100011110011001001010010111110111010101011010010010011000010101000010001110000111011001110101101011000011
	Have 34 results, spent 198613326 clocks.
num_cipher:	197
	Total vars:	307446
	Total clauses:	748534
	Test == masterkey, spend 21765068 clocks.
解得主密钥:  13	110101100001111100110001000111000100111110011001101100111111101001000101010101110110001100011110011001001010010111110111010101011010010010011000010101000010001110000111011001110101101011000011
	Have 34 results, spent 183524095 clocks.
num_cipher:	198
	Total vars:	308996
	Total clauses:	752324
	Test == masterkey, spend 46764665 clocks.
解得主密钥:  17	110101100001111100110001000111000100111110011001101100111111101001000101010101110110001100011110011001001010010111110111010101011010010010011000010101000010001110000111011001110101101011000011
	Have 34 results, spent 201971630 clocks.
num_cipher:	199
	Total vars:	310546
	Total clauses:	756114
	Test == masterkey, spend 21351065 clocks.
解得主密钥:  10	110101100001111100110001000111000100111110011001101100111111101001000101010101110110001100011110011001001010010111110111010101011010010010011000010101000010001110000111011001110101101011000011
	Have 25 results, spent 151486737 clocks.
num_cipher:	200
	Total vars:	312096
	Total clauses:	759904
	Test == masterkey, spend 27717710 clocks.
解得主密钥:  8	110101100001111100110001000111000100111110011001101100111111101001000101010101110110001100011110011001001010010111110111010101011010010010011000010101000010001110000111011001110101101011000011
	Have 25 results, spent 181668642 clocks.
---------------------------------------------------------------------------------------------------
	Command being timed: "./bin/skinny_64_3_NS 1 7 130 200"
	User time (seconds): 74113.28
	System time (seconds): 77.88
	Percent of CPU this job got: 99%
	Elapsed (wall clock) time (h:mm:ss or m:ss): 20:36:40
	Average shared text size (kbytes): 0
	Average unshared data size (kbytes): 0
	Average stack size (kbytes): 0
	Average total size (kbytes): 0
	Maximum resident set size (kbytes): 331792
	Average resident set size (kbytes): 0
	Major (requiring I/O) page faults: 0
	Minor (reclaiming a frame) page faults: 3645055
	Voluntary context switches: 2
	Involuntary context switches: 126986
	Swaps: 0
	File system inputs: 0
	File system outputs: 1472
	Socket messages sent: 0
	Socket messages received: 0
	Signals delivered: 0
	Page size (bytes): 4096
	Exit status: 0
