sbox:	1100 0110 1001 0000 0001 1010 0010 1011 0011 1000 0101 1101 0100 1110 0111 1111 
8 = (2'+0+7')(1+7'+4')(0'+7+4')(3'+1'+6)(1'+6'+4)(3+0+7+6')(2'+7'+5)(2+1+7+5)(2+1'+5')(2'+0'+7)(2+6+5'+4)(0+6+5+4)(3+7'+6'+5')(3'+2+1+6')(2'+1+7+5')(3+0'+7'+5)(1'+7+6+4')(3'+2'+5+4')(0+7'+6'+4')(3+2+7+4')(1'+7'+4)(3'+2'+6)
e_sbox:	1101 0110 1001 0000 0001 1010 0010 1011 0011 1000 0101 1101 0100 1110 0111 1111 
8 = (3'+2'+6)(2'+1'+5)(1+0'+4')(2+0+4)(2'+0+7')(3'+2+6'+5')(2+1+7+5)(3'+0'+7)(3'+1'+6)(3+7+6'+4')(1'+6'+4)(2'+1+7+5')(3+7'+6'+5')(3+2+6+5')(3+0'+7'+5)(1'+7+6+4')(1'+0'+5'+4)(3'+1+5+4')(7'+6'+5+4)(3+1+5+4)(1+7'+6+4')(1'+0+7'+6')(2+6+5'+4)
Max time :	3600
SKINNY_MODE:	64
TWEAKEY_MODE:	3
SAT_MODE:	2
	SBOX_MODE:	102
	ENCYPT_HAVEERROR:	301
AnalysesRounds:	8
MinCiphers:	115
MaxCiphers:	200
Threads:	1
---------------------------------------------------------------------------------------------------
num_cipher:	115
	Total vars:	204726
	Total clauses:	498934
	Test == masterkey, spend 15006809 clocks.
	Not solved within 3600 seconds, Have 0 results.
num_cipher:	116
	Total vars:	206488
	Total clauses:	503256
	Test == masterkey, spend 10266101 clocks.
	Not solved within 3600 seconds, Have 0 results.
num_cipher:	117
	Total vars:	208250
	Total clauses:	507578
	Test == masterkey, spend 11330464 clocks.
	Not solved within 3600 seconds, Have 0 results.
num_cipher:	118
	Total vars:	210012
	Total clauses:	511900
	Test == masterkey, spend 11668401 clocks.
	Not solved within 3600 seconds, Have 0 results.
num_cipher:	119
	Total vars:	211774
	Total clauses:	516222
	Test == masterkey, spend 16740717 clocks.
	Not solved within 3600 seconds, Have 0 results.
num_cipher:	120
	Total vars:	213536
	Total clauses:	520544
	Test == masterkey, spend 12285883 clocks.
	Not solved within 3600 seconds, Have 0 results.
num_cipher:	121
	Total vars:	215298
	Total clauses:	524866
	Test == masterkey, spend 26308005 clocks.
	Not solved within 3600 seconds, Have 0 results.
num_cipher:	122
	Total vars:	217060
	Total clauses:	529188
	Test == masterkey, spend 23855428 clocks.
	Not solved within 3600 seconds, Have 0 results.
num_cipher:	123
	Total vars:	218822
	Total clauses:	533510
	Test == masterkey, spend 17388359 clocks.
	Not solved within 3600 seconds, Have 0 results.
num_cipher:	124
	Total vars:	220584
	Total clauses:	537832
	Test == masterkey, spend 15969942 clocks.
	Not solved within 3600 seconds, Have 0 results.
num_cipher:	125
	Total vars:	222346
	Total clauses:	542154
	Test == masterkey, spend 24740609 clocks.
	Not solved within 3600 seconds, Have 0 results.
num_cipher:	126
	Total vars:	224108
	Total clauses:	546476
	Test == masterkey, spend 27360588 clocks.
	Not solved within 3600 seconds, Have 0 results.
num_cipher:	127
	Total vars:	225870
	Total clauses:	550798
	Test == masterkey, spend 27491489 clocks.
	Not solved within 3600 seconds, Have 0 results.
num_cipher:	128
	Total vars:	227632
	Total clauses:	555120
	Test == masterkey, spend 29901558 clocks.
	Not solved within 3600 seconds, Have 0 results.
num_cipher:	129
	Total vars:	229394
	Total clauses:	559442
	Test == masterkey, spend 28183696 clocks.
	Not solved within 3600 seconds, Have 2 results.
num_cipher:	130
	Total vars:	231156
	Total clauses:	563764
	Test == masterkey, spend 25737944 clocks.
	Not solved within 3600 seconds, Have 0 results.
num_cipher:	131
	Total vars:	232918
	Total clauses:	568086
	Test == masterkey, spend 16568508 clocks.
解得主密钥:  1	110101100001111100110001000111000100111110011001101100111111101001000101010101110110001100011110011001001010010111110111010101011010010010011000010101000010001110000111011001110101101011000011
	Not solved within 3600 seconds, Have 2 results.
num_cipher:	132
	Total vars:	234680
	Total clauses:	572408
	Test == masterkey, spend 26954130 clocks.
解得主密钥:  4	110101100001111100110001000111000100111110011001101100111111101001000101010101110110001100011110011001001010010111110111010101011010010010011000010101000010001110000111011001110101101011000011
	Have 5 results, spent 2011367075 clocks.
num_cipher:	133
	Total vars:	236442
	Total clauses:	576730
	Test == masterkey, spend 26354916 clocks.
解得主密钥:  4	110101100001111100110001000111000100111110011001101100111111101001000101010101110110001100011110011001001010010111110111010101011010010010011000010101000010001110000111011001110101101011000011
	Have 5 results, spent 2708204654 clocks.
num_cipher:	134
	Total vars:	238204
	Total clauses:	581052
	Test == masterkey, spend 28689389 clocks.
解得主密钥:  2	110101100001111100110001000111000100111110011001101100111111101001000101010101110110001100011110011001001010010111110111010101011010010010011000010101000010001110000111011001110101101011000011
	Have 3 results, spent 1939816501 clocks.
num_cipher:	135
	Total vars:	239966
	Total clauses:	585374
	Test == masterkey, spend 25816795 clocks.
解得主密钥:  3	110101100001111100110001000111000100111110011001101100111111101001000101010101110110001100011110011001001010010111110111010101011010010010011000010101000010001110000111011001110101101011000011
	Have 3 results, spent 1831943006 clocks.
num_cipher:	136
	Total vars:	241728
	Total clauses:	589696
	Test == masterkey, spend 26523418 clocks.
解得主密钥:  1	110101100001111100110001000111000100111110011001101100111111101001000101010101110110001100011110011001001010010111110111010101011010010010011000010101000010001110000111011001110101101011000011
	Have 3 results, spent 1855818232 clocks.
num_cipher:	137
	Total vars:	243490
	Total clauses:	594018
	Test == masterkey, spend 27067800 clocks.
解得主密钥:  2	110101100001111100110001000111000100111110011001101100111111101001000101010101110110001100011110011001001010010111110111010101011010010010011000010101000010001110000111011001110101101011000011
	Have 3 results, spent 1613889448 clocks.
num_cipher:	138
	Total vars:	245252
	Total clauses:	598340
	Test == masterkey, spend 29417922 clocks.
解得主密钥:  3	110101100001111100110001000111000100111110011001101100111111101001000101010101110110001100011110011001001010010111110111010101011010010010011000010101000010001110000111011001110101101011000011
	Have 3 results, spent 2372595687 clocks.
num_cipher:	139
	Total vars:	247014
	Total clauses:	602662
	Test == masterkey, spend 28435563 clocks.
解得主密钥:  1	110101100001111100110001000111000100111110011001101100111111101001000101010101110110001100011110011001001010010111110111010101011010010010011000010101000010001110000111011001110101101011000011
	Have 3 results, spent 1980487693 clocks.
num_cipher:	140
	Total vars:	248776
	Total clauses:	606984
	Test == masterkey, spend 26671648 clocks.
解得主密钥:  1	110101100001111100110001000111000100111110011001101100111111101001000101010101110110001100011110011001001010010111110111010101011010010010011000010101000010001110000111011001110101101011000011
	Have 2 results, spent 1960729381 clocks.
num_cipher:	141
	Total vars:	250538
	Total clauses:	611306
	Test == masterkey, spend 29033297 clocks.
解得主密钥:  2	110101100001111100110001000111000100111110011001101100111111101001000101010101110110001100011110011001001010010111110111010101011010010010011000010101000010001110000111011001110101101011000011
	Have 2 results, spent 1625827177 clocks.
num_cipher:	142
	Total vars:	252300
	Total clauses:	615628
	Test == masterkey, spend 26701849 clocks.
解得主密钥:  1	110101100001111100110001000111000100111110011001101100111111101001000101010101110110001100011110011001001010010111110111010101011010010010011000010101000010001110000111011001110101101011000011
	Have 2 results, spent 1679616589 clocks.
num_cipher:	143
	Total vars:	254062
	Total clauses:	619950
	Test == masterkey, spend 27800646 clocks.
解得主密钥:  2	110101100001111100110001000111000100111110011001101100111111101001000101010101110110001100011110011001001010010111110111010101011010010010011000010101000010001110000111011001110101101011000011
	Have 2 results, spent 1617306643 clocks.
num_cipher:	144
	Total vars:	255824
	Total clauses:	624272
	Test == masterkey, spend 27793772 clocks.
解得主密钥:  2	110101100001111100110001000111000100111110011001101100111111101001000101010101110110001100011110011001001010010111110111010101011010010010011000010101000010001110000111011001110101101011000011
	Have 2 results, spent 1473244173 clocks.
num_cipher:	145
	Total vars:	257586
	Total clauses:	628594
	Test == masterkey, spend 27921045 clocks.
解得主密钥:  1	110101100001111100110001000111000100111110011001101100111111101001000101010101110110001100011110011001001010010111110111010101011010010010011000010101000010001110000111011001110101101011000011
	Have 2 results, spent 1473378738 clocks.
num_cipher:	146
	Total vars:	259348
	Total clauses:	632916
	Test == masterkey, spend 26965540 clocks.
解得主密钥:  2	110101100001111100110001000111000100111110011001101100111111101001000101010101110110001100011110011001001010010111110111010101011010010010011000010101000010001110000111011001110101101011000011
	Have 2 results, spent 1183265670 clocks.
num_cipher:	147
	Total vars:	261110
	Total clauses:	637238
	Test == masterkey, spend 28805437 clocks.
解得主密钥:  1	110101100001111100110001000111000100111110011001101100111111101001000101010101110110001100011110011001001010010111110111010101011010010010011000010101000010001110000111011001110101101011000011
	Have 2 results, spent 1314934620 clocks.
num_cipher:	148
	Total vars:	262872
	Total clauses:	641560
	Test == masterkey, spend 26330298 clocks.
解得主密钥:  1	110101100001111100110001000111000100111110011001101100111111101001000101010101110110001100011110011001001010010111110111010101011010010010011000010101000010001110000111011001110101101011000011
	Have 2 results, spent 1480397378 clocks.
num_cipher:	149
	Total vars:	264634
	Total clauses:	645882
	Test == masterkey, spend 32832372 clocks.
解得主密钥:  2	110101100001111100110001000111000100111110011001101100111111101001000101010101110110001100011110011001001010010111110111010101011010010010011000010101000010001110000111011001110101101011000011
	Have 2 results, spent 1313889125 clocks.
num_cipher:	150
	Total vars:	266396
	Total clauses:	650204
	Test == masterkey, spend 32224982 clocks.
解得主密钥:  1	110101100001111100110001000111000100111110011001101100111111101001000101010101110110001100011110011001001010010111110111010101011010010010011000010101000010001110000111011001110101101011000011
	Have 2 results, spent 1469657985 clocks.
num_cipher:	151
	Total vars:	268158
	Total clauses:	654526
	Test == masterkey, spend 26603691 clocks.
解得主密钥:  2	110101100001111100110001000111000100111110011001101100111111101001000101010101110110001100011110011001001010010111110111010101011010010010011000010101000010001110000111011001110101101011000011
	Have 2 results, spent 1121061368 clocks.
num_cipher:	152
	Total vars:	269920
	Total clauses:	658848
	Test == masterkey, spend 30698436 clocks.
解得主密钥:  2	110101100001111100110001000111000100111110011001101100111111101001000101010101110110001100011110011001001010010111110111010101011010010010011000010101000010001110000111011001110101101011000011
	Have 2 results, spent 1569491075 clocks.
num_cipher:	153
	Total vars:	271682
	Total clauses:	663170
	Test == masterkey, spend 26478229 clocks.
解得主密钥:  1	110101100001111100110001000111000100111110011001101100111111101001000101010101110110001100011110011001001010010111110111010101011010010010011000010101000010001110000111011001110101101011000011
	Have 2 results, spent 1014688029 clocks.
num_cipher:	154
	Total vars:	273444
	Total clauses:	667492
	Test == masterkey, spend 30221792 clocks.
解得主密钥:  1	110101100001111100110001000111000100111110011001101100111111101001000101010101110110001100011110011001001010010111110111010101011010010010011000010101000010001110000111011001110101101011000011
	Have 2 results, spent 1475973924 clocks.
num_cipher:	155
	Total vars:	275206
	Total clauses:	671814
	Test == masterkey, spend 27736054 clocks.
解得主密钥:  2	110101100001111100110001000111000100111110011001101100111111101001000101010101110110001100011110011001001010010111110111010101011010010010011000010101000010001110000111011001110101101011000011
	Have 2 results, spent 750050591 clocks.
num_cipher:	156
	Total vars:	276968
	Total clauses:	676136
	Test == masterkey, spend 28563402 clocks.
解得主密钥:  2	110101100001111100110001000111000100111110011001101100111111101001000101010101110110001100011110011001001010010111110111010101011010010010011000010101000010001110000111011001110101101011000011
	Have 2 results, spent 934126773 clocks.
num_cipher:	157
	Total vars:	278730
	Total clauses:	680458
	Test == masterkey, spend 31576589 clocks.
解得主密钥:  1	110101100001111100110001000111000100111110011001101100111111101001000101010101110110001100011110011001001010010111110111010101011010010010011000010101000010001110000111011001110101101011000011
	Have 2 results, spent 680402962 clocks.
num_cipher:	158
	Total vars:	280492
	Total clauses:	684780
	Test == masterkey, spend 30056090 clocks.
解得主密钥:  2	110101100001111100110001000111000100111110011001101100111111101001000101010101110110001100011110011001001010010111110111010101011010010010011000010101000010001110000111011001110101101011000011
	Have 2 results, spent 576535746 clocks.
num_cipher:	159
	Total vars:	282254
	Total clauses:	689102
	Test == masterkey, spend 28096143 clocks.
解得主密钥:  1	110101100001111100110001000111000100111110011001101100111111101001000101010101110110001100011110011001001010010111110111010101011010010010011000010101000010001110000111011001110101101011000011
	Have 2 results, spent 578884364 clocks.
num_cipher:	160
	Total vars:	284016
	Total clauses:	693424
	Test == masterkey, spend 26580035 clocks.
解得主密钥:  1	110101100001111100110001000111000100111110011001101100111111101001000101010101110110001100011110011001001010010111110111010101011010010010011000010101000010001110000111011001110101101011000011
	Have 2 results, spent 700340068 clocks.
num_cipher:	161
	Total vars:	285778
	Total clauses:	697746
	Test == masterkey, spend 29249305 clocks.
解得主密钥:  2	110101100001111100110001000111000100111110011001101100111111101001000101010101110110001100011110011001001010010111110111010101011010010010011000010101000010001110000111011001110101101011000011
	Have 2 results, spent 535535504 clocks.
num_cipher:	162
	Total vars:	287540
	Total clauses:	702068
	Test == masterkey, spend 29449363 clocks.
解得主密钥:  1	110101100001111100110001000111000100111110011001101100111111101001000101010101110110001100011110011001001010010111110111010101011010010010011000010101000010001110000111011001110101101011000011
	Have 2 results, spent 460409316 clocks.
num_cipher:	163
	Total vars:	289302
	Total clauses:	706390
	Test == masterkey, spend 27239791 clocks.
解得主密钥:  2	110101100001111100110001000111000100111110011001101100111111101001000101010101110110001100011110011001001010010111110111010101011010010010011000010101000010001110000111011001110101101011000011
	Have 2 results, spent 644534485 clocks.
num_cipher:	164
	Total vars:	291064
	Total clauses:	710712
	Test == masterkey, spend 35203636 clocks.
解得主密钥:  1	110101100001111100110001000111000100111110011001101100111111101001000101010101110110001100011110011001001010010111110111010101011010010010011000010101000010001110000111011001110101101011000011
	Have 2 results, spent 465004408 clocks.
num_cipher:	165
	Total vars:	292826
	Total clauses:	715034
	Test == masterkey, spend 30185574 clocks.
解得主密钥:  1	110101100001111100110001000111000100111110011001101100111111101001000101010101110110001100011110011001001010010111110111010101011010010010011000010101000010001110000111011001110101101011000011
	Have 2 results, spent 354769509 clocks.
num_cipher:	166
	Total vars:	294588
	Total clauses:	719356
	Test == masterkey, spend 31034788 clocks.
解得主密钥:  1	110101100001111100110001000111000100111110011001101100111111101001000101010101110110001100011110011001001010010111110111010101011010010010011000010101000010001110000111011001110101101011000011
	Have 2 results, spent 462659169 clocks.
num_cipher:	167
	Total vars:	296350
	Total clauses:	723678
	Test == masterkey, spend 27728672 clocks.
解得主密钥:  1	110101100001111100110001000111000100111110011001101100111111101001000101010101110110001100011110011001001010010111110111010101011010010010011000010101000010001110000111011001110101101011000011
	Have 2 results, spent 451296332 clocks.
num_cipher:	168
	Total vars:	298112
	Total clauses:	728000
	Test == masterkey, spend 35230827 clocks.
解得主密钥:  2	110101100001111100110001000111000100111110011001101100111111101001000101010101110110001100011110011001001010010111110111010101011010010010011000010101000010001110000111011001110101101011000011
	Have 2 results, spent 728788683 clocks.
num_cipher:	169
	Total vars:	299874
	Total clauses:	732322
	Test == masterkey, spend 28925673 clocks.
解得主密钥:  2	110101100001111100110001000111000100111110011001101100111111101001000101010101110110001100011110011001001010010111110111010101011010010010011000010101000010001110000111011001110101101011000011
	Have 2 results, spent 501654131 clocks.
num_cipher:	170
	Total vars:	301636
	Total clauses:	736644
	Test == masterkey, spend 34771154 clocks.
解得主密钥:  2	110101100001111100110001000111000100111110011001101100111111101001000101010101110110001100011110011001001010010111110111010101011010010010011000010101000010001110000111011001110101101011000011
	Have 2 results, spent 341886626 clocks.
num_cipher:	171
	Total vars:	303398
	Total clauses:	740966
	Test == masterkey, spend 36862638 clocks.
解得主密钥:  1	110101100001111100110001000111000100111110011001101100111111101001000101010101110110001100011110011001001010010111110111010101011010010010011000010101000010001110000111011001110101101011000011
	Have 2 results, spent 393679419 clocks.
num_cipher:	172
	Total vars:	305160
	Total clauses:	745288
	Test == masterkey, spend 27848243 clocks.
解得主密钥:  2	110101100001111100110001000111000100111110011001101100111111101001000101010101110110001100011110011001001010010111110111010101011010010010011000010101000010001110000111011001110101101011000011
	Have 2 results, spent 402833576 clocks.
num_cipher:	173
	Total vars:	306922
	Total clauses:	749610
	Test == masterkey, spend 28647965 clocks.
解得主密钥:  2	110101100001111100110001000111000100111110011001101100111111101001000101010101110110001100011110011001001010010111110111010101011010010010011000010101000010001110000111011001110101101011000011
	Have 2 results, spent 530203251 clocks.
num_cipher:	174
	Total vars:	308684
	Total clauses:	753932
	Test == masterkey, spend 30602924 clocks.
解得主密钥:  1	110101100001111100110001000111000100111110011001101100111111101001000101010101110110001100011110011001001010010111110111010101011010010010011000010101000010001110000111011001110101101011000011
	Have 1 results, spent 524996968 clocks.
---------------------------------------------------------------------------------------------------
求得唯一解！
numAnalysesRounds:	8
startRound:	32
---------------------------------------------------------------------------------------------------
	Command being timed: "./bin/skinny_64_3_NS 1 8 115 200"
	User time (seconds): 111875.53
	System time (seconds): 222.17
	Percent of CPU this job got: 99%
	Elapsed (wall clock) time (h:mm:ss or m:ss): 31:08:36
	Average shared text size (kbytes): 0
	Average unshared data size (kbytes): 0
	Average stack size (kbytes): 0
	Average total size (kbytes): 0
	Maximum resident set size (kbytes): 393692
	Average resident set size (kbytes): 0
	Major (requiring I/O) page faults: 0
	Minor (reclaiming a frame) page faults: 19762599
	Voluntary context switches: 1
	Involuntary context switches: 268665
	Swaps: 0
	File system inputs: 0
	File system outputs: 704
	Socket messages sent: 0
	Socket messages received: 0
	Signals delivered: 0
	Page size (bytes): 4096
	Exit status: 0
