sbox:	1100 0110 1001 0000 0001 1010 0010 1011 0011 1000 0101 1101 0100 1110 0111 1111 
8 = (2'+0+7')(1+7'+4')(0'+7+4')(3'+1'+6)(1'+6'+4)(3+0+7+6')(2'+7'+5)(2+1+7+5)(2+1'+5')(2'+0'+7)(2+6+5'+4)(0+6+5+4)(3+7'+6'+5')(3'+2+1+6')(2'+1+7+5')(3+0'+7'+5)(1'+7+6+4')(3'+2'+5+4')(0+7'+6'+4')(3+2+7+4')(1'+7'+4)(3'+2'+6)
e_sbox:	1101 0110 1001 0000 0001 1010 0010 1011 0011 1000 0101 1101 0100 1110 0111 1111 
8 = (3'+2'+6)(2'+1'+5)(1+0'+4')(2+0+4)(2'+0+7')(3'+2+6'+5')(2+1+7+5)(3'+0'+7)(3'+1'+6)(3+7+6'+4')(1'+6'+4)(2'+1+7+5')(3+7'+6'+5')(3+2+6+5')(3+0'+7'+5)(1'+7+6+4')(1'+0'+5'+4)(3'+1+5+4')(7'+6'+5+4)(3+1+5+4)(1+7'+6+4')(1'+0+7'+6')(2+6+5'+4)
Max time :	3600
SKINNY_MODE:	64
TWEAKEY_MODE:	3
SAT_MODE:	2
	SBOX_MODE:	102
	ENCYPT_HAVEERROR:	301
AnalysesRounds:	8
MinCiphers:	120
MaxCiphers:	400
Threads:	1
---------------------------------------------------------------------------------------------------
num_cipher:	120
	Total vars:	213536
	Total clauses:	520544
	Test == masterkey, spend 25750486 clocks.
解得主密钥:  2	110101100001111100110001000111000100111110011001101100111111101001000101010101110110001100011110011001001010010111110111010101011010010010011000010101000010001110000111011001110101101011000011
	Have 4 results, spent 645473759 clocks.
num_cipher:	121
	Total vars:	215298
	Total clauses:	524866
	Test == masterkey, spend 13967559 clocks.
解得主密钥:  1	110101100001111100110001000111000100111110011001101100111111101001000101010101110110001100011110011001001010010111110111010101011010010010011000010101000010001110000111011001110101101011000011
	Have 4 results, spent 704574369 clocks.
num_cipher:	122
	Total vars:	217060
	Total clauses:	529188
	Test == masterkey, spend 26698407 clocks.
解得主密钥:  4	110101100001111100110001000111000100111110011001101100111111101001000101010101110110001100011110011001001010010111110111010101011010010010011000010101000010001110000111011001110101101011000011
	Have 4 results, spent 598917776 clocks.
num_cipher:	123
	Total vars:	218822
	Total clauses:	533510
	Test == masterkey, spend 26609354 clocks.
解得主密钥:  4	110101100001111100110001000111000100111110011001101100111111101001000101010101110110001100011110011001001010010111110111010101011010010010011000010101000010001110000111011001110101101011000011
	Have 4 results, spent 558704708 clocks.
num_cipher:	124
	Total vars:	220584
	Total clauses:	537832
	Test == masterkey, spend 14314477 clocks.
解得主密钥:  3	110101100001111100110001000111000100111110011001101100111111101001000101010101110110001100011110011001001010010111110111010101011010010010011000010101000010001110000111011001110101101011000011
	Have 4 results, spent 531119558 clocks.
num_cipher:	125
	Total vars:	222346
	Total clauses:	542154
	Test == masterkey, spend 29213823 clocks.
解得主密钥:  3	110101100001111100110001000111000100111110011001101100111111101001000101010101110110001100011110011001001010010111110111010101011010010010011000010101000010001110000111011001110101101011000011
	Have 4 results, spent 569652389 clocks.
num_cipher:	126
	Total vars:	224108
	Total clauses:	546476
	Test == masterkey, spend 30924124 clocks.
解得主密钥:  2	110101100001111100110001000111000100111110011001101100111111101001000101010101110110001100011110011001001010010111110111010101011010010010011000010101000010001110000111011001110101101011000011
	Have 4 results, spent 576358959 clocks.
num_cipher:	127
	Total vars:	225870
	Total clauses:	550798
	Test == masterkey, spend 26159690 clocks.
解得主密钥:  2	110101100001111100110001000111000100111110011001101100111111101001000101010101110110001100011110011001001010010111110111010101011010010010011000010101000010001110000111011001110101101011000011
	Have 3 results, spent 587933496 clocks.
num_cipher:	128
	Total vars:	227632
	Total clauses:	555120
	Test == masterkey, spend 28330228 clocks.
解得主密钥:  2	110101100001111100110001000111000100111110011001101100111111101001000101010101110110001100011110011001001010010111110111010101011010010010011000010101000010001110000111011001110101101011000011
	Have 3 results, spent 615568191 clocks.
num_cipher:	129
	Total vars:	229394
	Total clauses:	559442
	Test == masterkey, spend 28337790 clocks.
解得主密钥:  1	110101100001111100110001000111000100111110011001101100111111101001000101010101110110001100011110011001001010010111110111010101011010010010011000010101000010001110000111011001110101101011000011
	Have 3 results, spent 653040439 clocks.
num_cipher:	130
	Total vars:	231156
	Total clauses:	563764
	Test == masterkey, spend 29971399 clocks.
解得主密钥:  3	110101100001111100110001000111000100111110011001101100111111101001000101010101110110001100011110011001001010010111110111010101011010010010011000010101000010001110000111011001110101101011000011
	Have 3 results, spent 680080688 clocks.
num_cipher:	131
	Total vars:	232918
	Total clauses:	568086
	Test == masterkey, spend 30794673 clocks.
解得主密钥:  2	110101100001111100110001000111000100111110011001101100111111101001000101010101110110001100011110011001001010010111110111010101011010010010011000010101000010001110000111011001110101101011000011
	Have 3 results, spent 506065791 clocks.
num_cipher:	132
	Total vars:	234680
	Total clauses:	572408
	Test == masterkey, spend 29023165 clocks.
解得主密钥:  1	110101100001111100110001000111000100111110011001101100111111101001000101010101110110001100011110011001001010010111110111010101011010010010011000010101000010001110000111011001110101101011000011
	Have 3 results, spent 595607809 clocks.
num_cipher:	133
	Total vars:	236442
	Total clauses:	576730
	Test == masterkey, spend 32847007 clocks.
解得主密钥:  1	110101100001111100110001000111000100111110011001101100111111101001000101010101110110001100011110011001001010010111110111010101011010010010011000010101000010001110000111011001110101101011000011
	Have 2 results, spent 436390723 clocks.
num_cipher:	134
	Total vars:	238204
	Total clauses:	581052
	Test == masterkey, spend 24924538 clocks.
解得主密钥:  1	110101100001111100110001000111000100111110011001101100111111101001000101010101110110001100011110011001001010010111110111010101011010010010011000010101000010001110000111011001110101101011000011
	Have 2 results, spent 748536964 clocks.
num_cipher:	135
	Total vars:	239966
	Total clauses:	585374
	Test == masterkey, spend 27430879 clocks.
解得主密钥:  1	110101100001111100110001000111000100111110011001101100111111101001000101010101110110001100011110011001001010010111110111010101011010010010011000010101000010001110000111011001110101101011000011
	Have 2 results, spent 541592201 clocks.
num_cipher:	136
	Total vars:	241728
	Total clauses:	589696
	Test == masterkey, spend 27512898 clocks.
解得主密钥:  2	110101100001111100110001000111000100111110011001101100111111101001000101010101110110001100011110011001001010010111110111010101011010010010011000010101000010001110000111011001110101101011000011
	Have 2 results, spent 634186804 clocks.
num_cipher:	137
	Total vars:	243490
	Total clauses:	594018
	Test == masterkey, spend 28757665 clocks.
解得主密钥:  1	110101100001111100110001000111000100111110011001101100111111101001000101010101110110001100011110011001001010010111110111010101011010010010011000010101000010001110000111011001110101101011000011
	Have 2 results, spent 604534528 clocks.
num_cipher:	138
	Total vars:	245252
	Total clauses:	598340
	Test == masterkey, spend 30632694 clocks.
解得主密钥:  1	110101100001111100110001000111000100111110011001101100111111101001000101010101110110001100011110011001001010010111110111010101011010010010011000010101000010001110000111011001110101101011000011
	Have 2 results, spent 538338398 clocks.
num_cipher:	139
	Total vars:	247014
	Total clauses:	602662
	Test == masterkey, spend 27095972 clocks.
解得主密钥:  2	110101100001111100110001000111000100111110011001101100111111101001000101010101110110001100011110011001001010010111110111010101011010010010011000010101000010001110000111011001110101101011000011
	Have 2 results, spent 504188915 clocks.
num_cipher:	140
	Total vars:	248776
	Total clauses:	606984
	Test == masterkey, spend 28771563 clocks.
解得主密钥:  1	110101100001111100110001000111000100111110011001101100111111101001000101010101110110001100011110011001001010010111110111010101011010010010011000010101000010001110000111011001110101101011000011
	Have 2 results, spent 522905406 clocks.
num_cipher:	141
	Total vars:	250538
	Total clauses:	611306
	Test == masterkey, spend 29217408 clocks.
解得主密钥:  1	110101100001111100110001000111000100111110011001101100111111101001000101010101110110001100011110011001001010010111110111010101011010010010011000010101000010001110000111011001110101101011000011
	Have 2 results, spent 369882847 clocks.
num_cipher:	142
	Total vars:	252300
	Total clauses:	615628
	Test == masterkey, spend 31245486 clocks.
解得主密钥:  2	110101100001111100110001000111000100111110011001101100111111101001000101010101110110001100011110011001001010010111110111010101011010010010011000010101000010001110000111011001110101101011000011
	Have 2 results, spent 309492244 clocks.
num_cipher:	143
	Total vars:	254062
	Total clauses:	619950
	Test == masterkey, spend 26610544 clocks.
解得主密钥:  2	110101100001111100110001000111000100111110011001101100111111101001000101010101110110001100011110011001001010010111110111010101011010010010011000010101000010001110000111011001110101101011000011
	Have 2 results, spent 716765337 clocks.
num_cipher:	144
	Total vars:	255824
	Total clauses:	624272
	Test == masterkey, spend 28810180 clocks.
解得主密钥:  1	110101100001111100110001000111000100111110011001101100111111101001000101010101110110001100011110011001001010010111110111010101011010010010011000010101000010001110000111011001110101101011000011
	Have 2 results, spent 364104141 clocks.
num_cipher:	145
	Total vars:	257586
	Total clauses:	628594
	Test == masterkey, spend 29805930 clocks.
解得主密钥:  2	110101100001111100110001000111000100111110011001101100111111101001000101010101110110001100011110011001001010010111110111010101011010010010011000010101000010001110000111011001110101101011000011
	Have 2 results, spent 684697773 clocks.
num_cipher:	146
	Total vars:	259348
	Total clauses:	632916
	Test == masterkey, spend 29608049 clocks.
解得主密钥:  1	110101100001111100110001000111000100111110011001101100111111101001000101010101110110001100011110011001001010010111110111010101011010010010011000010101000010001110000111011001110101101011000011
	Have 2 results, spent 356177496 clocks.
num_cipher:	147
	Total vars:	261110
	Total clauses:	637238
	Test == masterkey, spend 27742042 clocks.
解得主密钥:  1	110101100001111100110001000111000100111110011001101100111111101001000101010101110110001100011110011001001010010111110111010101011010010010011000010101000010001110000111011001110101101011000011
	Have 1 results, spent 414279927 clocks.
---------------------------------------------------------------------------------------------------
求得唯一解！
numAnalysesRounds:	8
startRound:	32
---------------------------------------------------------------------------------------------------
	Command being timed: "./bin/skinny_64_3_NS 1 8 120 400"
	User time (seconds): 16350.29
	System time (seconds): 22.43
	Percent of CPU this job got: 99%
	Elapsed (wall clock) time (h:mm:ss or m:ss): 4:32:54
	Average shared text size (kbytes): 0
	Average unshared data size (kbytes): 0
	Average stack size (kbytes): 0
	Average total size (kbytes): 0
	Maximum resident set size (kbytes): 308008
	Average resident set size (kbytes): 0
	Major (requiring I/O) page faults: 0
	Minor (reclaiming a frame) page faults: 457186
	Voluntary context switches: 2
	Involuntary context switches: 30914
	Swaps: 0
	File system inputs: 0
	File system outputs: 528
	Socket messages sent: 0
	Socket messages received: 0
	Signals delivered: 0
	Page size (bytes): 4096
	Exit status: 0
