sbox:	1100 0110 1001 0000 0001 1010 0010 1011 0011 1000 0101 1101 0100 1110 0111 1111 
8 = (2'+0+7')(1+7'+4')(0'+7+4')(3'+1'+6)(1'+6'+4)(3+0+7+6')(2'+7'+5)(2+1+7+5)(2+1'+5')(2'+0'+7)(2+6+5'+4)(0+6+5+4)(3+7'+6'+5')(3'+2+1+6')(2'+1+7+5')(3+0'+7'+5)(1'+7+6+4')(3'+2'+5+4')(0+7'+6'+4')(3+2+7+4')(1'+7'+4)(3'+2'+6)
e_sbox:	1101 0110 1001 0000 0001 1010 0010 1011 0011 1000 0101 1101 0100 1110 0111 1111 
8 = (3'+2'+6)(2'+1'+5)(1+0'+4')(2+0+4)(2'+0+7')(3'+2+6'+5')(2+1+7+5)(3'+0'+7)(3'+1'+6)(3+7+6'+4')(1'+6'+4)(2'+1+7+5')(3+7'+6'+5')(3+2+6+5')(3+0'+7'+5)(1'+7+6+4')(1'+0'+5'+4)(3'+1+5+4')(7'+6'+5+4)(3+1+5+4)(1+7'+6+4')(1'+0+7'+6')(2+6+5'+4)
Max time :	3600
SKINNY_MODE:	64
TWEAKEY_MODE:	3
SAT_MODE:	2
	SBOX_MODE:	102
	ENCYPT_HAVEERROR:	301
AnalysesRounds:	8
MinCiphers:	115
MaxCiphers:	200
Threads:	1
---------------------------------------------------------------------------------------------------
num_cipher:	115
	Total vars:	204726
	Total clauses:	498934
	Test == masterkey, spend 27759912 clocks.
	Not solved within 3600 seconds, Have 27 results.
num_cipher:	116
	Total vars:	206488
	Total clauses:	503256
	Test == masterkey, spend 27369699 clocks.
	Not solved within 3600 seconds, Have 22 results.
num_cipher:	117
	Total vars:	208250
	Total clauses:	507578
	Test == masterkey, spend 14879381 clocks.
	Not solved within 3600 seconds, Have 14 results.
num_cipher:	118
	Total vars:	210012
	Total clauses:	511900
	Test == masterkey, spend 12930608 clocks.
	Not solved within 3600 seconds, Have 31 results.
num_cipher:	119
	Total vars:	211774
	Total clauses:	516222
	Test == masterkey, spend 15461466 clocks.
	Not solved within 3600 seconds, Have 31 results.
num_cipher:	120
	Total vars:	213536
	Total clauses:	520544
	Test == masterkey, spend 27542518 clocks.
	Not solved within 3600 seconds, Have 45 results.
num_cipher:	121
	Total vars:	215298
	Total clauses:	524866
	Test == masterkey, spend 10822442 clocks.
	Not solved within 3600 seconds, Have 39 results.
num_cipher:	122
	Total vars:	217060
	Total clauses:	529188
	Test == masterkey, spend 23719345 clocks.
解得主密钥:  8	110101100001111100110001000111000100111110011001101100111111101001000101010101110110001100011110011001001010010111110111010101011010010010011000010101000010001110000111011001110101101011000011
	Have 26 results, spent 1829468401 clocks.
num_cipher:	123
	Total vars:	218822
	Total clauses:	533510
	Test == masterkey, spend 11819907 clocks.
解得主密钥:  17	110101100001111100110001000111000100111110011001101100111111101001000101010101110110001100011110011001001010010111110111010101011010010010011000010101000010001110000111011001110101101011000011
	Have 26 results, spent 1838972651 clocks.
num_cipher:	124
	Total vars:	220584
	Total clauses:	537832
	Test == masterkey, spend 11490687 clocks.
解得主密钥:  15	110101100001111100110001000111000100111110011001101100111111101001000101010101110110001100011110011001001010010111110111010101011010010010011000010101000010001110000111011001110101101011000011
	Have 26 results, spent 1871034262 clocks.
num_cipher:	125
	Total vars:	222346
	Total clauses:	542154
	Test == masterkey, spend 30354876 clocks.
解得主密钥:  21	110101100001111100110001000111000100111110011001101100111111101001000101010101110110001100011110011001001010010111110111010101011010010010011000010101000010001110000111011001110101101011000011
	Have 26 results, spent 1656577637 clocks.
num_cipher:	126
	Total vars:	224108
	Total clauses:	546476
	Test == masterkey, spend 25174565 clocks.
解得主密钥:  5	110101100001111100110001000111000100111110011001101100111111101001000101010101110110001100011110011001001010010111110111010101011010010010011000010101000010001110000111011001110101101011000011
	Have 19 results, spent 1711537497 clocks.
num_cipher:	127
	Total vars:	225870
	Total clauses:	550798
	Test == masterkey, spend 26348601 clocks.
解得主密钥:  15	110101100001111100110001000111000100111110011001101100111111101001000101010101110110001100011110011001001010010111110111010101011010010010011000010101000010001110000111011001110101101011000011
	Have 19 results, spent 1701930438 clocks.
num_cipher:	128
	Total vars:	227632
	Total clauses:	555120
	Test == masterkey, spend 27211044 clocks.
解得主密钥:  12	110101100001111100110001000111000100111110011001101100111111101001000101010101110110001100011110011001001010010111110111010101011010010010011000010101000010001110000111011001110101101011000011
	Have 18 results, spent 1677383831 clocks.
num_cipher:	129
	Total vars:	229394
	Total clauses:	559442
	Test == masterkey, spend 30831538 clocks.
解得主密钥:  18	110101100001111100110001000111000100111110011001101100111111101001000101010101110110001100011110011001001010010111110111010101011010010010011000010101000010001110000111011001110101101011000011
	Have 18 results, spent 1655275310 clocks.
num_cipher:	130
	Total vars:	231156
	Total clauses:	563764
	Test == masterkey, spend 26375036 clocks.
解得主密钥:  6	110101100001111100110001000111000100111110011001101100111111101001000101010101110110001100011110011001001010010111110111010101011010010010011000010101000010001110000111011001110101101011000011
	Have 12 results, spent 1261233321 clocks.
num_cipher:	131
	Total vars:	232918
	Total clauses:	568086
	Test == masterkey, spend 16720364 clocks.
解得主密钥:  7	110101100001111100110001000111000100111110011001101100111111101001000101010101110110001100011110011001001010010111110111010101011010010010011000010101000010001110000111011001110101101011000011
	Have 8 results, spent 1269544470 clocks.
num_cipher:	132
	Total vars:	234680
	Total clauses:	572408
	Test == masterkey, spend 27869773 clocks.
解得主密钥:  2	110101100001111100110001000111000100111110011001101100111111101001000101010101110110001100011110011001001010010111110111010101011010010010011000010101000010001110000111011001110101101011000011
	Have 8 results, spent 1394023732 clocks.
num_cipher:	133
	Total vars:	236442
	Total clauses:	576730
	Test == masterkey, spend 16373639 clocks.
解得主密钥:  5	110101100001111100110001000111000100111110011001101100111111101001000101010101110110001100011110011001001010010111110111010101011010010010011000010101000010001110000111011001110101101011000011
	Have 8 results, spent 1101560775 clocks.
num_cipher:	134
	Total vars:	238204
	Total clauses:	581052
	Test == masterkey, spend 26278844 clocks.
解得主密钥:  3	110101100001111100110001000111000100111110011001101100111111101001000101010101110110001100011110011001001010010111110111010101011010010010011000010101000010001110000111011001110101101011000011
	Have 8 results, spent 1464456737 clocks.
num_cipher:	135
	Total vars:	239966
	Total clauses:	585374
	Test == masterkey, spend 27657268 clocks.
解得主密钥:  3	110101100001111100110001000111000100111110011001101100111111101001000101010101110110001100011110011001001010010111110111010101011010010010011000010101000010001110000111011001110101101011000011
	Have 6 results, spent 990763332 clocks.
num_cipher:	136
	Total vars:	241728
	Total clauses:	589696
	Test == masterkey, spend 27676088 clocks.
解得主密钥:  2	110101100001111100110001000111000100111110011001101100111111101001000101010101110110001100011110011001001010010111110111010101011010010010011000010101000010001110000111011001110101101011000011
	Have 4 results, spent 802516355 clocks.
num_cipher:	137
	Total vars:	243490
	Total clauses:	594018
	Test == masterkey, spend 26263418 clocks.
解得主密钥:  1	110101100001111100110001000111000100111110011001101100111111101001000101010101110110001100011110011001001010010111110111010101011010010010011000010101000010001110000111011001110101101011000011
	Have 4 results, spent 806910741 clocks.
num_cipher:	138
	Total vars:	245252
	Total clauses:	598340
	Test == masterkey, spend 25624179 clocks.
解得主密钥:  1	110101100001111100110001000111000100111110011001101100111111101001000101010101110110001100011110011001001010010111110111010101011010010010011000010101000010001110000111011001110101101011000011
	Have 4 results, spent 718263829 clocks.
num_cipher:	139
	Total vars:	247014
	Total clauses:	602662
	Test == masterkey, spend 28524453 clocks.
解得主密钥:  4	110101100001111100110001000111000100111110011001101100111111101001000101010101110110001100011110011001001010010111110111010101011010010010011000010101000010001110000111011001110101101011000011
	Have 4 results, spent 717836981 clocks.
num_cipher:	140
	Total vars:	248776
	Total clauses:	606984
	Test == masterkey, spend 23765032 clocks.
解得主密钥:  4	110101100001111100110001000111000100111110011001101100111111101001000101010101110110001100011110011001001010010111110111010101011010010010011000010101000010001110000111011001110101101011000011
	Have 4 results, spent 820687336 clocks.
num_cipher:	141
	Total vars:	250538
	Total clauses:	611306
	Test == masterkey, spend 29910920 clocks.
解得主密钥:  2	110101100001111100110001000111000100111110011001101100111111101001000101010101110110001100011110011001001010010111110111010101011010010010011000010101000010001110000111011001110101101011000011
	Have 2 results, spent 694013624 clocks.
num_cipher:	142
	Total vars:	252300
	Total clauses:	615628
	Test == masterkey, spend 18626368 clocks.
解得主密钥:  1	110101100001111100110001000111000100111110011001101100111111101001000101010101110110001100011110011001001010010111110111010101011010010010011000010101000010001110000111011001110101101011000011
	Have 1 results, spent 690558371 clocks.
---------------------------------------------------------------------------------------------------
求得唯一解！
numAnalysesRounds:	8
startRound:	32
---------------------------------------------------------------------------------------------------
	Command being timed: "./bin/skinny_64_3_NS 1 8 115 200"
	User time (seconds): 52446.85
	System time (seconds): 105.81
	Percent of CPU this job got: 99%
	Elapsed (wall clock) time (h:mm:ss or m:ss): 14:36:03
	Average shared text size (kbytes): 0
	Average unshared data size (kbytes): 0
	Average stack size (kbytes): 0
	Average total size (kbytes): 0
	Maximum resident set size (kbytes): 326040
	Average resident set size (kbytes): 0
	Major (requiring I/O) page faults: 0
	Minor (reclaiming a frame) page faults: 7975088
	Voluntary context switches: 3
	Involuntary context switches: 122839
	Swaps: 0
	File system inputs: 0
	File system outputs: 592
	Socket messages sent: 0
	Socket messages received: 0
	Signals delivered: 0
	Page size (bytes): 4096
	Exit status: 0
