sbox:	1100 0110 1001 0000 0001 1010 0010 1011 0011 1000 0101 1101 0100 1110 0111 1111 
8 = (2'+0+7')(1+7'+4')(0'+7+4')(3'+1'+6)(1'+6'+4)(3+0+7+6')(2'+7'+5)(2+1+7+5)(2+1'+5')(2'+0'+7)(2+6+5'+4)(0+6+5+4)(3+7'+6'+5')(3'+2+1+6')(2'+1+7+5')(3+0'+7'+5)(1'+7+6+4')(3'+2'+5+4')(0+7'+6'+4')(3+2+7+4')(1'+7'+4)(3'+2'+6)
e_sbox:	1101 0110 1001 0000 0001 1010 0010 1011 0011 1000 0101 1101 0100 1110 0111 1111 
8 = (3'+2'+6)(2'+1'+5)(1+0'+4')(2+0+4)(2'+0+7')(3'+2+6'+5')(2+1+7+5)(3'+0'+7)(3'+1'+6)(3+7+6'+4')(1'+6'+4)(2'+1+7+5')(3+7'+6'+5')(3+2+6+5')(3+0'+7'+5)(1'+7+6+4')(1'+0'+5'+4)(3'+1+5+4')(7'+6'+5+4)(3+1+5+4)(1+7'+6+4')(1'+0+7'+6')(2+6+5'+4)
Max time :	3600
SKINNY_MODE:	64
TWEAKEY_MODE:	3
SAT_MODE:	2
	SBOX_MODE:	102
	ENCYPT_HAVEERROR:	301
AnalysesRounds:	9
MinCiphers:	110
MaxCiphers:	200
Threads:	1
---------------------------------------------------------------------------------------------------
num_cipher:	110
	Total vars:	219236
	Total clauses:	535844
	Test == masterkey, spend 18992650 clocks.
解得主密钥:  2	110101100001111100110001000111000100111110011001101100111111101001000101010101110110001100011110011001001010010111110111010101011010010010011000010101000010001110000111011001110101101011000011
	Have 2 results, spent 685165560 clocks.
num_cipher:	111
	Total vars:	221210
	Total clauses:	540698
	Test == masterkey, spend 24583390 clocks.
解得主密钥:  1	110101100001111100110001000111000100111110011001101100111111101001000101010101110110001100011110011001001010010111110111010101011010010010011000010101000010001110000111011001110101101011000011
	Have 2 results, spent 507303029 clocks.
num_cipher:	112
	Total vars:	223184
	Total clauses:	545552
	Test == masterkey, spend 20963669 clocks.
解得主密钥:  1	110101100001111100110001000111000100111110011001101100111111101001000101010101110110001100011110011001001010010111110111010101011010010010011000010101000010001110000111011001110101101011000011
	Have 2 results, spent 1173366056 clocks.
num_cipher:	113
	Total vars:	225158
	Total clauses:	550406
	Test == masterkey, spend 22277751 clocks.
解得主密钥:  1	110101100001111100110001000111000100111110011001101100111111101001000101010101110110001100011110011001001010010111110111010101011010010010011000010101000010001110000111011001110101101011000011
	Have 2 results, spent 770788124 clocks.
num_cipher:	114
	Total vars:	227132
	Total clauses:	555260
	Test == masterkey, spend 21140487 clocks.
解得主密钥:  2	110101100001111100110001000111000100111110011001101100111111101001000101010101110110001100011110011001001010010111110111010101011010010010011000010101000010001110000111011001110101101011000011
	Have 2 results, spent 891748094 clocks.
num_cipher:	115
	Total vars:	229106
	Total clauses:	560114
	Test == masterkey, spend 20384356 clocks.
解得主密钥:  2	110101100001111100110001000111000100111110011001101100111111101001000101010101110110001100011110011001001010010111110111010101011010010010011000010101000010001110000111011001110101101011000011
	Have 2 results, spent 561745987 clocks.
num_cipher:	116
	Total vars:	231080
	Total clauses:	564968
	Test == masterkey, spend 18522340 clocks.
解得主密钥:  1	110101100001111100110001000111000100111110011001101100111111101001000101010101110110001100011110011001001010010111110111010101011010010010011000010101000010001110000111011001110101101011000011
	Have 2 results, spent 871213782 clocks.
num_cipher:	117
	Total vars:	233054
	Total clauses:	569822
	Test == masterkey, spend 16512310 clocks.
解得主密钥:  1	110101100001111100110001000111000100111110011001101100111111101001000101010101110110001100011110011001001010010111110111010101011010010010011000010101000010001110000111011001110101101011000011
	Have 1 results, spent 829315346 clocks.
---------------------------------------------------------------------------------------------------
求得唯一解！
numAnalysesRounds:	9
startRound:	31
---------------------------------------------------------------------------------------------------
	Command being timed: "./bin/skinny_64_3_NS 1 9 110 200"
	User time (seconds): 6453.63
	System time (seconds): 9.03
	Percent of CPU this job got: 99%
	Elapsed (wall clock) time (h:mm:ss or m:ss): 1:47:44
	Average shared text size (kbytes): 0
	Average unshared data size (kbytes): 0
	Average stack size (kbytes): 0
	Average total size (kbytes): 0
	Maximum resident set size (kbytes): 325532
	Average resident set size (kbytes): 0
	Major (requiring I/O) page faults: 0
	Minor (reclaiming a frame) page faults: 1565596
	Voluntary context switches: 1
	Involuntary context switches: 15237
	Swaps: 0
	File system inputs: 0
	File system outputs: 136
	Socket messages sent: 0
	Socket messages received: 0
	Signals delivered: 0
	Page size (bytes): 4096
	Exit status: 0
