sbox:	1100 0110 1001 0000 0001 1010 0010 1011 0011 1000 0101 1101 0100 1110 0111 1111 
8 = (2'+0+7')(1+7'+4')(0'+7+4')(3'+1'+6)(1'+6'+4)(3+0+7+6')(2'+7'+5)(2+1+7+5)(2+1'+5')(2'+0'+7)(2+6+5'+4)(0+6+5+4)(3+7'+6'+5')(3'+2+1+6')(2'+1+7+5')(3+0'+7'+5)(1'+7+6+4')(3'+2'+5+4')(0+7'+6'+4')(3+2+7+4')(1'+7'+4)(3'+2'+6)
e_sbox:	1101 0110 1001 0000 0001 1010 0010 1011 0011 1000 0101 1101 0100 1110 0111 1111 
8 = (3'+2'+6)(2'+1'+5)(1+0'+4')(2+0+4)(2'+0+7')(3'+2+6'+5')(2+1+7+5)(3'+0'+7)(3'+1'+6)(3+7+6'+4')(1'+6'+4)(2'+1+7+5')(3+7'+6'+5')(3+2+6+5')(3+0'+7'+5)(1'+7+6+4')(1'+0'+5'+4)(3'+1+5+4')(7'+6'+5+4)(3+1+5+4)(1+7'+6+4')(1'+0+7'+6')(2+6+5'+4)
Max time :	3600
SKINNY_MODE:	64
TWEAKEY_MODE:	3
SAT_MODE:	2
	SBOX_MODE:	102
	ENCYPT_HAVEERROR:	301
AnalysesRounds:	9
MinCiphers:	110
MaxCiphers:	200
Threads:	1
---------------------------------------------------------------------------------------------------
num_cipher:	110
	Total vars:	219236
	Total clauses:	535844
	Test == masterkey, spend 19377228 clocks.
	Not solved within 3600 seconds, Have 0 results.
num_cipher:	111
	Total vars:	221210
	Total clauses:	540698
	Test == masterkey, spend 17303190 clocks.
	Not solved within 3600 seconds, Have 0 results.
num_cipher:	112
	Total vars:	223184
	Total clauses:	545552
	Test == masterkey, spend 19897136 clocks.
	Not solved within 3600 seconds, Have 0 results.
num_cipher:	113
	Total vars:	225158
	Total clauses:	550406
	Test == masterkey, spend 18661671 clocks.
	Not solved within 3600 seconds, Have 0 results.
num_cipher:	114
	Total vars:	227132
	Total clauses:	555260
	Test == masterkey, spend 25398021 clocks.
	Not solved within 3600 seconds, Have 0 results.
num_cipher:	115
	Total vars:	229106
	Total clauses:	560114
	Test == masterkey, spend 19095893 clocks.
	Not solved within 3600 seconds, Have 0 results.
num_cipher:	116
	Total vars:	231080
	Total clauses:	564968
	Test == masterkey, spend 17029194 clocks.
	Not solved within 3600 seconds, Have 0 results.
num_cipher:	117
	Total vars:	233054
	Total clauses:	569822
	Test == masterkey, spend 20525475 clocks.
	Not solved within 3600 seconds, Have 0 results.
num_cipher:	118
	Total vars:	235028
	Total clauses:	574676
	Test == masterkey, spend 20126168 clocks.
	Not solved within 3600 seconds, Have 0 results.
num_cipher:	119
	Total vars:	237002
	Total clauses:	579530
	Test == masterkey, spend 20249095 clocks.
	Not solved within 3600 seconds, Have 0 results.
num_cipher:	120
	Total vars:	238976
	Total clauses:	584384
	Test == masterkey, spend 21471481 clocks.
	Not solved within 3600 seconds, Have 0 results.
num_cipher:	121
	Total vars:	240950
	Total clauses:	589238
	Test == masterkey, spend 18697252 clocks.
	Not solved within 3600 seconds, Have 0 results.
num_cipher:	122
	Total vars:	242924
	Total clauses:	594092
	Test == masterkey, spend 19865017 clocks.
	Not solved within 3600 seconds, Have 0 results.
num_cipher:	123
	Total vars:	244898
	Total clauses:	598946
	Test == masterkey, spend 23648552 clocks.
	Not solved within 3600 seconds, Have 0 results.
num_cipher:	124
	Total vars:	246872
	Total clauses:	603800
	Test == masterkey, spend 21350831 clocks.
	Not solved within 3600 seconds, Have 0 results.
num_cipher:	125
	Total vars:	248846
	Total clauses:	608654
	Test == masterkey, spend 23164445 clocks.
解得主密钥:  1	110101100001111100110001000111000100111110011001101100111111101001000101010101110110001100011110011001001010010111110111010101011010010010011000010101000010001110000111011001110101101011000011
	Have 1 results, spent 3292920578 clocks.
---------------------------------------------------------------------------------------------------
求得唯一解！
numAnalysesRounds:	9
startRound:	31
---------------------------------------------------------------------------------------------------
	Command being timed: "./bin/skinny_64_3_NS 1 9 110 200"
	User time (seconds): 57636.40
	System time (seconds): 108.01
	Percent of CPU this job got: 99%
	Elapsed (wall clock) time (h:mm:ss or m:ss): 16:02:33
	Average shared text size (kbytes): 0
	Average unshared data size (kbytes): 0
	Average stack size (kbytes): 0
	Average total size (kbytes): 0
	Maximum resident set size (kbytes): 416844
	Average resident set size (kbytes): 0
	Major (requiring I/O) page faults: 0
	Minor (reclaiming a frame) page faults: 13045563
	Voluntary context switches: 1
	Involuntary context switches: 133117
	Swaps: 0
	File system inputs: 0
	File system outputs: 264
	Socket messages sent: 0
	Socket messages received: 0
	Signals delivered: 0
	Page size (bytes): 4096
	Exit status: 0
