sbox:	1100 0101 0110 1011 1001 0000 1010 1101 0011 1110 1111 1000 0100 0111 0001 0010 
y3 = 0  1  3  12  012  013  023  4  
y2 = 2  3  01  03  13  013  023  4  
y1 = 1  3  13  23  012  013  023  
y0 = 0  2  3  12  
e_sbox:	1101 0101 0110 1011 1001 0000 1010 1101 0011 1110 1111 1000 0100 0111 0001 0010 
y3' = 0  1  3  12  012  013  023  4  
y2' = 2  3  01  03  13  013  023  4  
y1' = 1  3  13  23  012  013  023  
y0' = 1  01  02  03  13  23  012  013  023  123  0123  4  
Max time :	3600
PRESENT_MODE:	128
SAT_MODE:	0
	SBOX_MODE:	101
	KSR_HAVEERROR:	0
	ENCYPT_HAVEERROR:	1
AnalysesRounds:	5
MinCiphers:	40
MaxCiphers:	60
Threads:	1
Master_key:	00011101111100110001011011100010011111001111001001000110100101011100110000100011111000010011010100111110110011110011110111010001
---------------------------------------------------------------------------------------------------
num_cipher:	40
	Total vars:	64952
	Total clauses:	140242
	Test == masterkey, spend 3343695 clocks.
解得主密钥:  1	00011101111100110001011011100010011111001111001001000110100101011100110000100011111000010011010100111110110011110011110111010001
	Have 3 results, spent 137170133 clocks.
num_cipher:	41
	Total vars:	66552
	Total clauses:	143698
	Test == masterkey, spend 3230201 clocks.
解得主密钥:  3	00011101111100110001011011100010011111001111001001000110100101011100110000100011111000010011010100111110110011110011110111010001
	Have 3 results, spent 66165455 clocks.
num_cipher:	42
	Total vars:	68152
	Total clauses:	147154
	Test == masterkey, spend 3272409 clocks.
解得主密钥:  3	00011101111100110001011011100010011111001111001001000110100101011100110000100011111000010011010100111110110011110011110111010001
	Have 3 results, spent 86938176 clocks.
num_cipher:	43
	Total vars:	69752
	Total clauses:	150610
	Test == masterkey, spend 3691441 clocks.
解得主密钥:  2	00011101111100110001011011100010011111001111001001000110100101011100110000100011111000010011010100111110110011110011110111010001
	Have 3 results, spent 74695723 clocks.
num_cipher:	44
	Total vars:	71352
	Total clauses:	154066
	Test == masterkey, spend 3315720 clocks.
解得主密钥:  2	00011101111100110001011011100010011111001111001001000110100101011100110000100011111000010011010100111110110011110011110111010001
	Have 3 results, spent 82062674 clocks.
num_cipher:	45
	Total vars:	72952
	Total clauses:	157522
	Test == masterkey, spend 3308297 clocks.
解得主密钥:  3	00011101111100110001011011100010011111001111001001000110100101011100110000100011111000010011010100111110110011110011110111010001
	Have 3 results, spent 85442629 clocks.
num_cipher:	46
	Total vars:	74552
	Total clauses:	160978
	Test == masterkey, spend 3338945 clocks.
解得主密钥:  1	00011101111100110001011011100010011111001111001001000110100101011100110000100011111000010011010100111110110011110011110111010001
	Have 3 results, spent 80062626 clocks.
num_cipher:	47
	Total vars:	76152
	Total clauses:	164434
	Test == masterkey, spend 3365062 clocks.
解得主密钥:  1	00011101111100110001011011100010011111001111001001000110100101011100110000100011111000010011010100111110110011110011110111010001
	Have 2 results, spent 78650926 clocks.
num_cipher:	48
	Total vars:	77752
	Total clauses:	167890
	Test == masterkey, spend 5499124 clocks.
解得主密钥:  1	00011101111100110001011011100010011111001111001001000110100101011100110000100011111000010011010100111110110011110011110111010001
	Have 2 results, spent 88436642 clocks.
num_cipher:	49
	Total vars:	79352
	Total clauses:	171346
	Test == masterkey, spend 5893112 clocks.
解得主密钥:  1	00011101111100110001011011100010011111001111001001000110100101011100110000100011111000010011010100111110110011110011110111010001
	Have 2 results, spent 74704868 clocks.
num_cipher:	50
	Total vars:	80952
	Total clauses:	174802
	Test == masterkey, spend 5865058 clocks.
解得主密钥:  2	00011101111100110001011011100010011111001111001001000110100101011100110000100011111000010011010100111110110011110011110111010001
	Have 2 results, spent 66045172 clocks.
num_cipher:	51
	Total vars:	82552
	Total clauses:	178258
	Test == masterkey, spend 6363965 clocks.
解得主密钥:  2	00011101111100110001011011100010011111001111001001000110100101011100110000100011111000010011010100111110110011110011110111010001
	Have 2 results, spent 87014773 clocks.
num_cipher:	52
	Total vars:	84152
	Total clauses:	181714
	Test == masterkey, spend 6725595 clocks.
解得主密钥:  1	00011101111100110001011011100010011111001111001001000110100101011100110000100011111000010011010100111110110011110011110111010001
	Have 2 results, spent 75000467 clocks.
num_cipher:	53
	Total vars:	85752
	Total clauses:	185170
	Test == masterkey, spend 7913269 clocks.
解得主密钥:  1	00011101111100110001011011100010011111001111001001000110100101011100110000100011111000010011010100111110110011110011110111010001
	Have 2 results, spent 75844232 clocks.
num_cipher:	54
	Total vars:	87352
	Total clauses:	188626
	Test == masterkey, spend 8475862 clocks.
解得主密钥:  2	00011101111100110001011011100010011111001111001001000110100101011100110000100011111000010011010100111110110011110011110111010001
	Have 2 results, spent 59152046 clocks.
num_cipher:	55
	Total vars:	88952
	Total clauses:	192082
	Test == masterkey, spend 8929778 clocks.
解得主密钥:  2	00011101111100110001011011100010011111001111001001000110100101011100110000100011111000010011010100111110110011110011110111010001
	Have 2 results, spent 76741538 clocks.
num_cipher:	56
	Total vars:	90552
	Total clauses:	195538
	Test == masterkey, spend 8297706 clocks.
解得主密钥:  1	00011101111100110001011011100010011111001111001001000110100101011100110000100011111000010011010100111110110011110011110111010001
	Have 2 results, spent 64480898 clocks.
num_cipher:	57
	Total vars:	92152
	Total clauses:	198994
	Test == masterkey, spend 9222038 clocks.
解得主密钥:  2	00011101111100110001011011100010011111001111001001000110100101011100110000100011111000010011010100111110110011110011110111010001
	Have 2 results, spent 66768761 clocks.
num_cipher:	58
	Total vars:	93752
	Total clauses:	202450
	Test == masterkey, spend 8630592 clocks.
解得主密钥:  1	00011101111100110001011011100010011111001111001001000110100101011100110000100011111000010011010100111110110011110011110111010001
	Have 2 results, spent 77715495 clocks.
num_cipher:	59
	Total vars:	95352
	Total clauses:	205906
	Test == masterkey, spend 8725604 clocks.
解得主密钥:  2	00011101111100110001011011100010011111001111001001000110100101011100110000100011111000010011010100111110110011110011110111010001
	Have 2 results, spent 63734444 clocks.
num_cipher:	60
	Total vars:	96952
	Total clauses:	209362
	Test == masterkey, spend 8875309 clocks.
解得主密钥:  1	00011101111100110001011011100010011111001111001001000110100101011100110000100011111000010011010100111110110011110011110111010001
	Have 2 results, spent 56607587 clocks.
---------------------------------------------------------------------------------------------------
	Command being timed: "./bin/present128 1 5 40 60"
	User time (seconds): 1755.15
	System time (seconds): 1.74
	Percent of CPU this job got: 99%
	Elapsed (wall clock) time (h:mm:ss or m:ss): 29:17.37
	Average shared text size (kbytes): 0
	Average unshared data size (kbytes): 0
	Average stack size (kbytes): 0
	Average total size (kbytes): 0
	Maximum resident set size (kbytes): 103456
	Average resident set size (kbytes): 0
	Major (requiring I/O) page faults: 0
	Minor (reclaiming a frame) page faults: 120893
	Voluntary context switches: 1
	Involuntary context switches: 5528
	Swaps: 0
	File system inputs: 0
	File system outputs: 184
	Socket messages sent: 0
	Socket messages received: 0
	Signals delivered: 0
	Page size (bytes): 4096
	Exit status: 0
