sbox:	1100 0101 0110 1011 1001 0000 1010 1101 0011 1110 1111 1000 0100 0111 0001 0010 
y3 = 0  1  3  12  012  013  023  4  
y2 = 2  3  01  03  13  013  023  4  
y1 = 1  3  13  23  012  013  023  
y0 = 0  2  3  12  
e_sbox:	1101 0101 0110 1011 1001 0000 1010 1101 0011 1110 1111 1000 0100 0111 0001 0010 
y3' = 0  1  3  12  012  013  023  4  
y2' = 2  3  01  03  13  013  023  4  
y1' = 1  3  13  23  012  013  023  
y0' = 1  01  02  03  13  23  012  013  023  123  0123  4  
Max time :	3600
PRESENT_MODE:	128
SAT_MODE:	0
	SBOX_MODE:	101
	KSR_HAVEERROR:	0
	ENCYPT_HAVEERROR:	1
AnalysesRounds:	5
MinCiphers:	45
MaxCiphers:	60
Threads:	1
Master_key:	00011101111100110001011011100010011111001111001001000110100101011100110000100011111000010011010100111110110011110011110111010001
---------------------------------------------------------------------------------------------------
num_cipher:	45
	Total vars:	72952
	Total clauses:	157522
	Test == masterkey, spend 3409999 clocks.
解得主密钥:  1	00011101111100110001011011100010011111001111001001000110100101011100110000100011111000010011010100111110110011110011110111010001
	Have 3 results, spent 85528117 clocks.
num_cipher:	46
	Total vars:	74552
	Total clauses:	160978
	Test == masterkey, spend 3374943 clocks.
解得主密钥:  1	00011101111100110001011011100010011111001111001001000110100101011100110000100011111000010011010100111110110011110011110111010001
	Have 3 results, spent 78455888 clocks.
num_cipher:	47
	Total vars:	76152
	Total clauses:	164434
	Test == masterkey, spend 3271779 clocks.
解得主密钥:  1	00011101111100110001011011100010011111001111001001000110100101011100110000100011111000010011010100111110110011110011110111010001
	Have 2 results, spent 77722650 clocks.
num_cipher:	48
	Total vars:	77752
	Total clauses:	167890
	Test == masterkey, spend 5259921 clocks.
解得主密钥:  1	00011101111100110001011011100010011111001111001001000110100101011100110000100011111000010011010100111110110011110011110111010001
	Have 2 results, spent 87822265 clocks.
num_cipher:	49
	Total vars:	79352
	Total clauses:	171346
	Test == masterkey, spend 5686146 clocks.
解得主密钥:  1	00011101111100110001011011100010011111001111001001000110100101011100110000100011111000010011010100111110110011110011110111010001
	Have 2 results, spent 76394598 clocks.
num_cipher:	50
	Total vars:	80952
	Total clauses:	174802
	Test == masterkey, spend 6009003 clocks.
解得主密钥:  2	00011101111100110001011011100010011111001111001001000110100101011100110000100011111000010011010100111110110011110011110111010001
	Have 2 results, spent 67250790 clocks.
num_cipher:	51
	Total vars:	82552
	Total clauses:	178258
	Test == masterkey, spend 6283929 clocks.
解得主密钥:  2	00011101111100110001011011100010011111001111001001000110100101011100110000100011111000010011010100111110110011110011110111010001
	Have 2 results, spent 87282787 clocks.
num_cipher:	52
	Total vars:	84152
	Total clauses:	181714
	Test == masterkey, spend 6871798 clocks.
解得主密钥:  1	00011101111100110001011011100010011111001111001001000110100101011100110000100011111000010011010100111110110011110011110111010001
	Have 2 results, spent 76860873 clocks.
num_cipher:	53
	Total vars:	85752
	Total clauses:	185170
	Test == masterkey, spend 8208443 clocks.
解得主密钥:  1	00011101111100110001011011100010011111001111001001000110100101011100110000100011111000010011010100111110110011110011110111010001
	Have 2 results, spent 77521469 clocks.
num_cipher:	54
	Total vars:	87352
	Total clauses:	188626
	Test == masterkey, spend 8531817 clocks.
解得主密钥:  2	00011101111100110001011011100010011111001111001001000110100101011100110000100011111000010011010100111110110011110011110111010001
	Have 2 results, spent 58749082 clocks.
num_cipher:	55
	Total vars:	88952
	Total clauses:	192082
	Test == masterkey, spend 9027151 clocks.
解得主密钥:  2	00011101111100110001011011100010011111001111001001000110100101011100110000100011111000010011010100111110110011110011110111010001
	Have 2 results, spent 76446460 clocks.
num_cipher:	56
	Total vars:	90552
	Total clauses:	195538
	Test == masterkey, spend 8213336 clocks.
解得主密钥:  1	00011101111100110001011011100010011111001111001001000110100101011100110000100011111000010011010100111110110011110011110111010001
	Have 2 results, spent 64262265 clocks.
num_cipher:	57
	Total vars:	92152
	Total clauses:	198994
	Test == masterkey, spend 9135592 clocks.
解得主密钥:  2	00011101111100110001011011100010011111001111001001000110100101011100110000100011111000010011010100111110110011110011110111010001
	Have 2 results, spent 66083732 clocks.
num_cipher:	58
	Total vars:	93752
	Total clauses:	202450
	Test == masterkey, spend 8245993 clocks.
解得主密钥:  1	00011101111100110001011011100010011111001111001001000110100101011100110000100011111000010011010100111110110011110011110111010001
	Have 2 results, spent 76451998 clocks.
num_cipher:	59
	Total vars:	95352
	Total clauses:	205906
	Test == masterkey, spend 8483832 clocks.
解得主密钥:  2	00011101111100110001011011100010011111001111001001000110100101011100110000100011111000010011010100111110110011110011110111010001
	Have 2 results, spent 63178218 clocks.
num_cipher:	60
	Total vars:	96952
	Total clauses:	209362
	Test == masterkey, spend 8881328 clocks.
解得主密钥:  1	00011101111100110001011011100010011111001111001001000110100101011100110000100011111000010011010100111110110011110011110111010001
	Have 2 results, spent 56861526 clocks.
---------------------------------------------------------------------------------------------------
	Command being timed: "./bin/present128 1 5 45 60"
	User time (seconds): 1290.34
	System time (seconds): 1.10
	Percent of CPU this job got: 99%
	Elapsed (wall clock) time (h:mm:ss or m:ss): 21:31.71
	Average shared text size (kbytes): 0
	Average unshared data size (kbytes): 0
	Average stack size (kbytes): 0
	Average total size (kbytes): 0
	Maximum resident set size (kbytes): 99108
	Average resident set size (kbytes): 0
	Major (requiring I/O) page faults: 0
	Minor (reclaiming a frame) page faults: 87469
	Voluntary context switches: 1
	Involuntary context switches: 1493
	Swaps: 0
	File system inputs: 0
	File system outputs: 144
	Socket messages sent: 0
	Socket messages received: 0
	Signals delivered: 0
	Page size (bytes): 4096
	Exit status: 0
