sbox:	1100 0110 1001 0000 0001 1010 0010 1011 0011 1000 0101 1101 0100 1110 0111 1111 
y3 = 0  2  3  23  4  
y2 = 1  2  3  12  4  
y1 = 0  3  01  12  13  23  123  
y0 = 1  2  3  01  02  03  13  012  123  
e_sbox:	1101 0110 1001 0000 0001 1010 0010 1011 0011 1000 0101 1101 0100 1110 0111 1111 
y3' = 0  2  3  23  4  
y2' = 1  2  3  12  4  
y1' = 0  3  01  12  13  23  123  
y0' = 0  12  23  013  023  0123  4  
Max time :	3600
SKINNY_MODE:	64
TWEAKEY_MODE:	2
SAT_MODE:	1
	SBOX_MODE:	101
	ENCYPT_HAVEERROR:	301
AnalysesRounds:	11
MinCiphers:	32
MaxCiphers:	80
Threads:	1
---------------------------------------------------------------------------------------------------
num_cipher:	32
	Total vars:	123224
	Total clauses:	247000
	Test == masterkey, spend 91349831 clocks.
	Not solved within 3600 seconds, Have 0 results.
num_cipher:	33
	Total vars:	127026
	Total clauses:	254674
	Test == masterkey, spend 82985292 clocks.
	Not solved within 3600 seconds, Have 0 results.
num_cipher:	34
	Total vars:	130828
	Total clauses:	262348
	Test == masterkey, spend 85755674 clocks.
	Not solved within 3600 seconds, Have 0 results.
num_cipher:	35
	Total vars:	134630
	Total clauses:	270022
	Test == masterkey, spend 96109822 clocks.
	Not solved within 3600 seconds, Have 0 results.
num_cipher:	36
	Total vars:	138432
	Total clauses:	277696
	Test == masterkey, spend 94669790 clocks.
	Not solved within 3600 seconds, Have 0 results.
num_cipher:	37
	Total vars:	142234
	Total clauses:	285370
	Test == masterkey, spend 94356491 clocks.
	Not solved within 3600 seconds, Have 0 results.
num_cipher:	38
	Total vars:	146036
	Total clauses:	293044
	Test == masterkey, spend 98789253 clocks.
	Not solved within 3600 seconds, Have 0 results.
num_cipher:	39
	Total vars:	149838
	Total clauses:	300718
	Test == masterkey, spend 103045628 clocks.
	Not solved within 3600 seconds, Have 0 results.
num_cipher:	40
	Total vars:	153640
	Total clauses:	308392
	Test == masterkey, spend 123118859 clocks.
	Not solved within 3600 seconds, Have 0 results.
num_cipher:	41
	Total vars:	157442
	Total clauses:	316066
	Test == masterkey, spend 121679188 clocks.
	Not solved within 3600 seconds, Have 0 results.
num_cipher:	42
	Total vars:	161244
	Total clauses:	323740
	Test == masterkey, spend 127920300 clocks.
	Not solved within 3600 seconds, Have 0 results.
num_cipher:	43
	Total vars:	165046
	Total clauses:	331414
	Test == masterkey, spend 159318120 clocks.
	Not solved within 3600 seconds, Have 0 results.
num_cipher:	44
	Total vars:	168848
	Total clauses:	339088
	Test == masterkey, spend 132892888 clocks.
	Not solved within 3600 seconds, Have 0 results.
num_cipher:	45
	Total vars:	172650
	Total clauses:	346762
	Test == masterkey, spend 148092246 clocks.
	Not solved within 3600 seconds, Have 0 results.
num_cipher:	46
	Total vars:	176452
	Total clauses:	354436
	Test == masterkey, spend 180665408 clocks.
	Not solved within 3600 seconds, Have 0 results.
num_cipher:	47
	Total vars:	180254
	Total clauses:	362110
	Test == masterkey, spend 168306125 clocks.
	Not solved within 3600 seconds, Have 0 results.
num_cipher:	48
	Total vars:	184056
	Total clauses:	369784
	Test == masterkey, spend 179295792 clocks.
	Not solved within 3600 seconds, Have 0 results.
num_cipher:	49
	Total vars:	187858
	Total clauses:	377458
	Test == masterkey, spend 188295088 clocks.
	Not solved within 3600 seconds, Have 0 results.
num_cipher:	50
	Total vars:	191660
	Total clauses:	385132
	Test == masterkey, spend 221371486 clocks.
	Not solved within 3600 seconds, Have 0 results.
num_cipher:	51
	Total vars:	195462
	Total clauses:	392806
	Test == masterkey, spend 221443615 clocks.
	Not solved within 3600 seconds, Have 0 results.
num_cipher:	52
	Total vars:	199264
	Total clauses:	400480
	Test == masterkey, spend 213431710 clocks.
	Not solved within 3600 seconds, Have 0 results.
num_cipher:	53
	Total vars:	203066
	Total clauses:	408154
	Test == masterkey, spend 218874566 clocks.
	Not solved within 3600 seconds, Have 0 results.
num_cipher:	54
	Total vars:	206868
	Total clauses:	415828
	Test == masterkey, spend 205980371 clocks.
	Not solved within 3600 seconds, Have 0 results.
num_cipher:	55
	Total vars:	210670
	Total clauses:	423502
	Test == masterkey, spend 238215667 clocks.
	Not solved within 3600 seconds, Have 0 results.
num_cipher:	56
	Total vars:	214472
	Total clauses:	431176
	Test == masterkey, spend 241012018 clocks.
	Not solved within 3600 seconds, Have 0 results.
num_cipher:	57
	Total vars:	218274
	Total clauses:	438850
	Test == masterkey, spend 250999822 clocks.
	Not solved within 3600 seconds, Have 0 results.
num_cipher:	58
	Total vars:	222076
	Total clauses:	446524
	Test == masterkey, spend 250473621 clocks.
	Not solved within 3600 seconds, Have 0 results.
num_cipher:	59
	Total vars:	225878
	Total clauses:	454198
	Test == masterkey, spend 250662162 clocks.
	Not solved within 3600 seconds, Have 0 results.
num_cipher:	60
	Total vars:	229680
	Total clauses:	461872
	Test == masterkey, spend 244454048 clocks.
	Not solved within 3600 seconds, Have 0 results.
num_cipher:	61
	Total vars:	233482
	Total clauses:	469546
	Test == masterkey, spend 274427880 clocks.
	Not solved within 3600 seconds, Have 0 results.
num_cipher:	62
	Total vars:	237284
	Total clauses:	477220
	Test == masterkey, spend 298846963 clocks.
	Not solved within 3600 seconds, Have 0 results.
num_cipher:	63
	Total vars:	241086
	Total clauses:	484894
	Test == masterkey, spend 296278778 clocks.
	Not solved within 3600 seconds, Have 0 results.
num_cipher:	64
	Total vars:	244888
	Total clauses:	492568
	Test == masterkey, spend 267192736 clocks.
	Not solved within 3600 seconds, Have 0 results.
num_cipher:	65
	Total vars:	248690
	Total clauses:	500242
	Test == masterkey, spend 277937663 clocks.
	Not solved within 3600 seconds, Have 0 results.
num_cipher:	66
	Total vars:	252492
	Total clauses:	507916
	Test == masterkey, spend 282515346 clocks.
	Not solved within 3600 seconds, Have 0 results.
num_cipher:	67
	Total vars:	256294
	Total clauses:	515590
	Test == masterkey, spend 310262183 clocks.
	Not solved within 3600 seconds, Have 0 results.
num_cipher:	68
	Total vars:	260096
	Total clauses:	523264
	Test == masterkey, spend 333028552 clocks.
	Not solved within 3600 seconds, Have 0 results.
num_cipher:	69
	Total vars:	263898
	Total clauses:	530938
	Test == masterkey, spend 341515855 clocks.
	Not solved within 3600 seconds, Have 0 results.
num_cipher:	70
	Total vars:	267700
	Total clauses:	538612
	Test == masterkey, spend 341387132 clocks.
	Not solved within 3600 seconds, Have 0 results.
num_cipher:	71
	Total vars:	271502
	Total clauses:	546286
	Test == masterkey, spend 353916109 clocks.
	Not solved within 3600 seconds, Have 0 results.
num_cipher:	72
	Total vars:	275304
	Total clauses:	553960
	Test == masterkey, spend 364296123 clocks.
	Not solved within 3600 seconds, Have 0 results.
num_cipher:	73
	Total vars:	279106
	Total clauses:	561634
	Test == masterkey, spend 370152021 clocks.
	Not solved within 3600 seconds, Have 0 results.
num_cipher:	74
	Total vars:	282908
	Total clauses:	569308
	Test == masterkey, spend 383956051 clocks.
	Not solved within 3600 seconds, Have 0 results.
num_cipher:	75
	Total vars:	286710
	Total clauses:	576982
	Test == masterkey, spend 383644710 clocks.
	Not solved within 3600 seconds, Have 0 results.
num_cipher:	76
	Total vars:	290512
	Total clauses:	584656
	Test == masterkey, spend 404016008 clocks.
	Not solved within 3600 seconds, Have 0 results.
num_cipher:	77
	Total vars:	294314
	Total clauses:	592330
	Test == masterkey, spend 442397316 clocks.
	Not solved within 3600 seconds, Have 0 results.
num_cipher:	78
	Total vars:	298116
	Total clauses:	600004
	Test == masterkey, spend 456463673 clocks.
	Not solved within 3600 seconds, Have 0 results.
num_cipher:	79
	Total vars:	301918
	Total clauses:	607678
	Test == masterkey, spend 448381489 clocks.
	Not solved within 3600 seconds, Have 0 results.
num_cipher:	80
	Total vars:	305720
	Total clauses:	615352
	Test == masterkey, spend 463878001 clocks.
	Not solved within 3600 seconds, Have 0 results.
---------------------------------------------------------------------------------------------------
	Command being timed: "./bin/skinny_64_2 1 11 32 80"
	User time (seconds): 188373.00
	System time (seconds): 795.55
	Percent of CPU this job got: 99%
	Elapsed (wall clock) time (h:mm:ss or m:ss): 52:33:24
	Average shared text size (kbytes): 0
	Average unshared data size (kbytes): 0
	Average stack size (kbytes): 0
	Average total size (kbytes): 0
	Maximum resident set size (kbytes): 587456
	Average resident set size (kbytes): 0
	Major (requiring I/O) page faults: 0
	Minor (reclaiming a frame) page faults: 119999885
	Voluntary context switches: 1
	Involuntary context switches: 519658
	Swaps: 0
	File system inputs: 0
	File system outputs: 800
	Socket messages sent: 0
	Socket messages received: 0
	Signals delivered: 0
	Page size (bytes): 4096
	Exit status: 0
