sbox:	1100 0110 1001 0000 0001 1010 0010 1011 0011 1000 0101 1101 0100 1110 0111 1111 
y3 = 0  2  3  23  4  
y2 = 1  2  3  12  4  
y1 = 0  3  01  12  13  23  123  
y0 = 1  2  3  01  02  03  13  012  123  
e_sbox:	1101 0110 1001 0000 0001 1010 0010 1011 0011 1000 0101 1101 0100 1110 0111 1111 
y3' = 0  2  3  23  4  
y2' = 1  2  3  12  4  
y1' = 0  3  01  12  13  23  123  
y0' = 0  12  23  013  023  0123  4  
Max time :	3600
SKINNY_MODE:	64
TWEAKEY_MODE:	2
SAT_MODE:	1
	SBOX_MODE:	101
	ENCYPT_HAVEERROR:	301
AnalysesRounds:	12
MinCiphers:	32
MaxCiphers:	80
Threads:	1
---------------------------------------------------------------------------------------------------
num_cipher:	32
	Total vars:	134072
	Total clauses:	269112
	Test == masterkey, spend 62303567 clocks.
	Not solved within 3600 seconds, Have 0 results.
num_cipher:	33
	Total vars:	138213
	Total clauses:	277477
	Test == masterkey, spend 66896994 clocks.
	Not solved within 3600 seconds, Have 0 results.
num_cipher:	34
	Total vars:	142354
	Total clauses:	285842
	Test == masterkey, spend 79950732 clocks.
	Not solved within 3600 seconds, Have 0 results.
num_cipher:	35
	Total vars:	146495
	Total clauses:	294207
	Test == masterkey, spend 87454323 clocks.
	Not solved within 3600 seconds, Have 0 results.
num_cipher:	36
	Total vars:	150636
	Total clauses:	302572
	Test == masterkey, spend 85701269 clocks.
	Not solved within 3600 seconds, Have 0 results.
num_cipher:	37
	Total vars:	154777
	Total clauses:	310937
	Test == masterkey, spend 87934177 clocks.
	Not solved within 3600 seconds, Have 0 results.
num_cipher:	38
	Total vars:	158918
	Total clauses:	319302
	Test == masterkey, spend 91219043 clocks.

    end
