sbox:	1100 0110 1001 0000 0001 1010 0010 1011 0011 1000 0101 1101 0100 1110 0111 1111 
y3 = 0  2  3  23  4  
y2 = 1  2  3  12  4  
y1 = 0  3  01  12  13  23  123  
y0 = 1  2  3  01  02  03  13  012  123  
e_sbox:	1101 0110 1001 0000 0001 1010 0010 1011 0011 1000 0101 1101 0100 1110 0111 1111 
y3' = 0  2  3  23  4  
y2' = 1  2  3  12  4  
y1' = 0  3  01  12  13  23  123  
y0' = 0  12  23  013  023  0123  4  
SKINNY_MODE:	64
TWEAKEY_MODE:	1
SAT_MODE:	1
	SBOX_MODE:	101
	ENCYPT_HAVEERROR:	301
AnalysesRounds:	10
MinCiphers:	18
MaxCiphers:	30
Threads:	1
---------------------------------------------------------------------------------------------------
num_cipher:	18
	Total vars:	77768
	Total clauses:	221704
	Test == masterkey, spend 13079345 clocks.
	Have 1 results, spent 1275046673 clocks.
---------------------------------------------------------------------------------------------------
求得唯一解！
numAnalysesRounds:	10
startRound:	22
---------------------------------------------------------------------------------------------------
	Command being timed: "./bin/skinny_64_1 1 10 18q 30"
	User time (seconds): 1287.03
	System time (seconds): 1.43
	Percent of CPU this job got: 99%
	Elapsed (wall clock) time (h:mm:ss or m:ss): 21:28.56
	Average shared text size (kbytes): 0
	Average unshared data size (kbytes): 0
	Average stack size (kbytes): 0
	Average total size (kbytes): 0
	Maximum resident set size (kbytes): 180420
	Average resident set size (kbytes): 0
	Major (requiring I/O) page faults: 0
	Minor (reclaiming a frame) page faults: 195530
	Voluntary context switches: 1
	Involuntary context switches: 1701
	Swaps: 0
	File system inputs: 0
	File system outputs: 16
	Socket messages sent: 0
	Socket messages received: 0
	Signals delivered: 0
	Page size (bytes): 4096
	Exit status: 0
