sbox:	1100 0110 1001 0000 0001 1010 0010 1011 0011 1000 0101 1101 0100 1110 0111 1111 
y3 = 0  2  3  23  4  
y2 = 1  2  3  12  4  
y1 = 0  3  01  12  13  23  123  
y0 = 1  2  3  01  02  03  13  012  123  
e_sbox:	1101 0110 1001 0000 0001 1010 0010 1011 0011 1000 0101 1101 0100 1110 0111 1111 
y3' = 0  2  3  23  4  
y2' = 1  2  3  12  4  
y1' = 0  3  01  12  13  23  123  
y0' = 0  12  23  013  023  0123  4  
Max time :	3600
SKINNY_MODE:	64
TWEAKEY_MODE:	1
SAT_MODE:	1
	SBOX_MODE:	101
	ENCYPT_HAVEERROR:	301
AnalysesRounds:	11
MinCiphers:	9
MaxCiphers:	40
Threads:	1
---------------------------------------------------------------------------------------------------
num_cipher:	9
	Total vars:	43208
	Total clauses:	122344
	Test == masterkey, spend 8599783 clocks.
	Not solved within 3600 seconds, Have 0 results.
num_cipher:	10
	Total vars:	47888
	Total clauses:	135824
	Test == masterkey, spend 8453749 clocks.
	Not solved within 3600 seconds, Have 0 results.
num_cipher:	11
	Total vars:	52568
	Total clauses:	149304
	Test == masterkey, spend 11299663 clocks.
	Not solved within 3600 seconds, Have 0 results.
num_cipher:	12
	Total vars:	57248
	Total clauses:	162784
	Test == masterkey, spend 9160745 clocks.
	Not solved within 3600 seconds, Have 0 results.
num_cipher:	13
	Total vars:	61928
	Total clauses:	176264
	Test == masterkey, spend 13037481 clocks.
解得主密钥:  1	0110100110010111010011111011100011101111101001100001101111100101
	Have 1 results, spent 1641980098 clocks.
---------------------------------------------------------------------------------------------------
求得唯一解！
numAnalysesRounds:	11
startRound:	21
---------------------------------------------------------------------------------------------------
	Command being timed: "./bin/skinny_64_1 1 11 9 40"
	User time (seconds): 16093.42
	System time (seconds): 22.69
	Percent of CPU this job got: 99%
	Elapsed (wall clock) time (h:mm:ss or m:ss): 4:28:37
	Average shared text size (kbytes): 0
	Average unshared data size (kbytes): 0
	Average stack size (kbytes): 0
	Average total size (kbytes): 0
	Maximum resident set size (kbytes): 228184
	Average resident set size (kbytes): 0
	Major (requiring I/O) page faults: 0
	Minor (reclaiming a frame) page faults: 2347063
	Voluntary context switches: 1
	Involuntary context switches: 28828
	Swaps: 0
	File system inputs: 0
	File system outputs: 96
	Socket messages sent: 0
	Socket messages received: 0
	Signals delivered: 0
	Page size (bytes): 4096
	Exit status: 0
