sbox:	1100 0110 1001 0000 0001 1010 0010 1011 0011 1000 0101 1101 0100 1110 0111 1111 
y3 = 0  2  3  23  4  
y2 = 1  2  3  12  4  
y1 = 0  3  01  12  13  23  123  
y0 = 1  2  3  01  02  03  13  012  123  
e_sbox:	1101 0110 1001 0000 0001 1010 0010 1011 0011 1000 0101 1101 0100 1110 0111 1111 
y3' = 0  2  3  23  4  
y2' = 1  2  3  12  4  
y1' = 0  3  01  12  13  23  123  
y0' = 0  12  23  013  023  0123  4  
Max time :	3600
SKINNY_MODE:	64
TWEAKEY_MODE:	1
SAT_MODE:	1
	SBOX_MODE:	101
	ENCYPT_HAVEERROR:	301
AnalysesRounds:	12
MinCiphers:	9
MaxCiphers:	40
Threads:	1
---------------------------------------------------------------------------------------------------
num_cipher:	9
	Total vars:	46988
	Total clauses:	133324
	Test == masterkey, spend 10295379 clocks.
	Not solved within 3600 seconds, Have 0 results.
num_cipher:	10
	Total vars:	52088
	Total clauses:	148024
	Test == masterkey, spend 12934156 clocks.
	Not solved within 3600 seconds, Have 0 results.
num_cipher:	11
	Total vars:	57188
	Total clauses:	162724
	Test == masterkey, spend 14362050 clocks.
	Not solved within 3600 seconds, Have 0 results.
num_cipher:	12
	Total vars:	62288
	Total clauses:	177424
	Test == masterkey, spend 14083263 clocks.
	Not solved within 3600 seconds, Have 0 results.
num_cipher:	13
	Total vars:	67388
	Total clauses:	192124
	Test == masterkey, spend 16011573 clocks.
	Not solved within 3600 seconds, Have 0 results.
num_cipher:	14
	Total vars:	72488
	Total clauses:	206824
	Test == masterkey, spend 19236142 clocks.
	Not solved within 3600 seconds, Have 0 results.
num_cipher:	15
	Total vars:	77588
	Total clauses:	221524
	Test == masterkey, spend 21124182 clocks.
	Not solved within 3600 seconds, Have 0 results.
num_cipher:	16
	Total vars:	82688
	Total clauses:	236224
	Test == masterkey, spend 21870648 clocks.
解得主密钥:  1	1000110001110000110000111111110111011110011000101000100111000101
	Have 1 results, spent 1978307421 clocks.
---------------------------------------------------------------------------------------------------
求得唯一解！
numAnalysesRounds:	12
startRound:	20
---------------------------------------------------------------------------------------------------
	Command being timed: "./bin/skinny_64_1 1 12 9 40"
	User time (seconds): 27308.81
	System time (seconds): 38.79
	Percent of CPU this job got: 99%
	Elapsed (wall clock) time (h:mm:ss or m:ss): 7:35:53
	Average shared text size (kbytes): 0
	Average unshared data size (kbytes): 0
	Average stack size (kbytes): 0
	Average total size (kbytes): 0
	Maximum resident set size (kbytes): 247556
	Average resident set size (kbytes): 0
	Major (requiring I/O) page faults: 0
	Minor (reclaiming a frame) page faults: 3592985
	Voluntary context switches: 1
	Involuntary context switches: 55230
	Swaps: 0
	File system inputs: 0
	File system outputs: 144
	Socket messages sent: 0
	Socket messages received: 0
	Signals delivered: 0
	Page size (bytes): 4096
	Exit status: 0
