sbox:	1100 0110 1001 0000 0001 1010 0010 1011 0011 1000 0101 1101 0100 1110 0111 1111 
y3 = 0  2  3  23  4  
y2 = 1  2  3  12  4  
y1 = 0  3  01  12  13  23  123  
y0 = 1  2  3  01  02  03  13  012  123  
e_sbox:	1101 0110 1001 0000 0001 1010 0010 1011 0011 1000 0101 1101 0100 1110 0111 1111 
y3' = 0  2  3  23  4  
y2' = 1  2  3  12  4  
y1' = 0  3  01  12  13  23  123  
y0' = 0  12  23  013  023  0123  4  
Max time :	3600
SKINNY_MODE:	64
TWEAKEY_MODE:	1
SAT_MODE:	1
	SBOX_MODE:	101
	ENCYPT_HAVEERROR:	301
AnalysesRounds:	14
MinCiphers:	9
MaxCiphers:	40
Threads:	1
---------------------------------------------------------------------------------------------------
num_cipher:	9
	Total vars:	54566
	Total clauses:	155302
	Test == masterkey, spend 14494347 clocks.
	Not solved within 3600 seconds, Have 0 results.
num_cipher:	10
	Total vars:	60508
	Total clauses:	172444
	Test == masterkey, spend 14410300 clocks.
	Not solved within 3600 seconds, Have 0 results.
num_cipher:	11
	Total vars:	66450
	Total clauses:	189586
	Test == masterkey, spend 14023081 clocks.
	Not solved within 3600 seconds, Have 0 results.
num_cipher:	12
	Total vars:	72392
	Total clauses:	206728
	Test == masterkey, spend 24070548 clocks.
	Not solved within 3600 seconds, Have 0 results.
num_cipher:	13
	Total vars:	78334
	Total clauses:	223870
	Test == masterkey, spend 24091858 clocks.
	Not solved within 3600 seconds, Have 0 results.
num_cipher:	14
	Total vars:	84276
	Total clauses:	241012
	Test == masterkey, spend 31975533 clocks.
	Not solved within 3600 seconds, Have 0 results.
num_cipher:	15
	Total vars:	90218
	Total clauses:	258154
	Test == masterkey, spend 30380137 clocks.
解得主密钥:  1	0100001001100111101110101100001011011111110011111001011000011100
	Have 1 results, spent 2736503287 clocks.
---------------------------------------------------------------------------------------------------
求得唯一解！
numAnalysesRounds:	14
startRound:	18
---------------------------------------------------------------------------------------------------
	Command being timed: "./bin/skinny_64_1 1 14 9 40"
	User time (seconds): 24489.24
	System time (seconds): 52.42
	Percent of CPU this job got: 99%
	Elapsed (wall clock) time (h:mm:ss or m:ss): 6:49:05
	Average shared text size (kbytes): 0
	Average unshared data size (kbytes): 0
	Average stack size (kbytes): 0
	Average total size (kbytes): 0
	Maximum resident set size (kbytes): 290744
	Average resident set size (kbytes): 0
	Major (requiring I/O) page faults: 0
	Minor (reclaiming a frame) page faults: 4398281
	Voluntary context switches: 1
	Involuntary context switches: 54537
	Swaps: 0
	File system inputs: 0
	File system outputs: 120
	Socket messages sent: 0
	Socket messages received: 0
	Signals delivered: 0
	Page size (bytes): 4096
	Exit status: 0
