sbox:	1100 0110 1001 0000 0001 1010 0010 1011 0011 1000 0101 1101 0100 1110 0111 1111 
y3 = 0  2  3  23  4  
y2 = 1  2  3  12  4  
y1 = 0  3  01  12  13  23  123  
y0 = 1  2  3  01  02  03  13  012  123  
e_sbox:	1101 0110 1001 0000 0001 1010 0010 1011 0011 1000 0101 1101 0100 1110 0111 1111 
y3' = 0  2  3  23  4  
y2' = 1  2  3  12  4  
y1' = 0  3  01  12  13  23  123  
y0' = 0  12  23  013  023  0123  4  
Max time :	3600
SKINNY_MODE:	64
TWEAKEY_MODE:	1
SAT_MODE:	1
	SBOX_MODE:	101
	ENCYPT_HAVEERROR:	301
AnalysesRounds:	3
MinCiphers:	8
MaxCiphers:	40
Threads:	1
---------------------------------------------------------------------------------------------------
num_cipher:	8
	Total vars:	11688
	Total clauses:	30824
	Test == masterkey, spend 110758 clocks.
	Have more than 1024 results, spent 35863909 clocks.
num_cipher:	9
	Total vars:	13013
	Total clauses:	34549
	Test == masterkey, spend 103937 clocks.
	Have more than 1024 results, spent 34040915 clocks.
num_cipher:	10
	Total vars:	14338
	Total clauses:	38274
	Test == masterkey, spend 139605 clocks.
	Have more than 1024 results, spent 49183422 clocks.
num_cipher:	11
	Total vars:	15663
	Total clauses:	41999
	Test == masterkey, spend 166142 clocks.
	Have more than 1024 results, spent 47224715 clocks.
num_cipher:	12
	Total vars:	16988
	Total clauses:	45724
	Test == masterkey, spend 231973 clocks.
	Have more than 1024 results, spent 21854687 clocks.
num_cipher:	13
	Total vars:	18313
	Total clauses:	49449
	Test == masterkey, spend 252406 clocks.
	Have more than 1024 results, spent 23542520 clocks.
num_cipher:	14
	Total vars:	19638
	Total clauses:	53174
	Test == masterkey, spend 324775 clocks.
	Have more than 1024 results, spent 24719268 clocks.
num_cipher:	15
	Total vars:	20963
	Total clauses:	56899
	Test == masterkey, spend 338352 clocks.
	Have more than 1024 results, spent 26580605 clocks.
num_cipher:	16
	Total vars:	22288
	Total clauses:	60624
	Test == masterkey, spend 470333 clocks.
	Have more than 1024 results, spent 27195230 clocks.
num_cipher:	17
	Total vars:	23613
	Total clauses:	64349
	Test == masterkey, spend 455878 clocks.
	Have more than 1024 results, spent 24733166 clocks.
num_cipher:	18
	Total vars:	24938
	Total clauses:	68074
	Test == masterkey, spend 607801 clocks.
	Have more than 1024 results, spent 24677347 clocks.
num_cipher:	19
	Total vars:	26263
	Total clauses:	71799
	Test == masterkey, spend 676822 clocks.
	Have more than 1024 results, spent 15373478 clocks.
num_cipher:	20
	Total vars:	27588
	Total clauses:	75524
	Test == masterkey, spend 773160 clocks.
	Have more than 1024 results, spent 13930410 clocks.
num_cipher:	21
	Total vars:	28913
	Total clauses:	79249
	Test == masterkey, spend 808425 clocks.
	Have more than 1024 results, spent 13279557 clocks.
num_cipher:	22
	Total vars:	30238
	Total clauses:	82974
	Test == masterkey, spend 1267056 clocks.
	Have more than 1024 results, spent 11799125 clocks.
num_cipher:	23
	Total vars:	31563
	Total clauses:	86699
	Test == masterkey, spend 994662 clocks.
	Have 704 results, spent 10803280 clocks.
num_cipher:	24
	Total vars:	32888
	Total clauses:	90424
	Test == masterkey, spend 1519560 clocks.
	Have 704 results, spent 10859690 clocks.
num_cipher:	25
	Total vars:	34213
	Total clauses:	94149
	Test == masterkey, spend 1251837 clocks.
	Have 352 results, spent 8808629 clocks.
num_cipher:	26
	Total vars:	35538
	Total clauses:	97874
	Test == masterkey, spend 1514766 clocks.
	Have 80 results, spent 8958487 clocks.
num_cipher:	27
	Total vars:	36863
	Total clauses:	101599
	Test == masterkey, spend 1243807 clocks.
	Have 80 results, spent 8540843 clocks.
num_cipher:	28
	Total vars:	38188
	Total clauses:	105324
	Test == masterkey, spend 1589011 clocks.
	Have 80 results, spent 9445327 clocks.
num_cipher:	29
	Total vars:	39513
	Total clauses:	109049
	Test == masterkey, spend 1434578 clocks.
	Have 40 results, spent 10458487 clocks.
num_cipher:	30
	Total vars:	40838
	Total clauses:	112774
	Test == masterkey, spend 1402340 clocks.
	Have 40 results, spent 9179832 clocks.
num_cipher:	31
	Total vars:	42163
	Total clauses:	116499
	Test == masterkey, spend 1289382 clocks.
	Have 30 results, spent 9481418 clocks.
num_cipher:	32
	Total vars:	43488
	Total clauses:	120224
	Test == masterkey, spend 1383320 clocks.
	Have 30 results, spent 9864756 clocks.
num_cipher:	33
	Total vars:	44813
	Total clauses:	123949
	Test == masterkey, spend 1535413 clocks.
	Have 18 results, spent 8898316 clocks.
num_cipher:	34
	Total vars:	46138
	Total clauses:	127674
	Test == masterkey, spend 1358072 clocks.
	Have 18 results, spent 7922531 clocks.
num_cipher:	35
	Total vars:	47463
	Total clauses:	131399
	Test == masterkey, spend 1392337 clocks.
	Have 12 results, spent 8686290 clocks.
num_cipher:	36
	Total vars:	48788
	Total clauses:	135124
	Test == masterkey, spend 1634411 clocks.
	Have 12 results, spent 7662337 clocks.
num_cipher:	37
	Total vars:	50113
	Total clauses:	138849
	Test == masterkey, spend 1654831 clocks.
	Have 12 results, spent 8302991 clocks.
num_cipher:	38
	Total vars:	51438
	Total clauses:	142574
	Test == masterkey, spend 1652878 clocks.
	Have 6 results, spent 7013119 clocks.
num_cipher:	39
	Total vars:	52763
	Total clauses:	146299
	Test == masterkey, spend 1698845 clocks.
	Have 4 results, spent 7141338 clocks.
num_cipher:	40
	Total vars:	54088
	Total clauses:	150024
	Test == masterkey, spend 1687903 clocks.
	Have 2 results, spent 4381244 clocks.
---------------------------------------------------------------------------------------------------
	Command being timed: "./bin/skinny_64_1 1 3 8 40"
	User time (seconds): 587.14
	System time (seconds): 0.87
	Percent of CPU this job got: 99%
	Elapsed (wall clock) time (h:mm:ss or m:ss): 9:48.15
	Average shared text size (kbytes): 0
	Average unshared data size (kbytes): 0
	Average stack size (kbytes): 0
	Average total size (kbytes): 0
	Maximum resident set size (kbytes): 51536
	Average resident set size (kbytes): 0
	Major (requiring I/O) page faults: 0
	Minor (reclaiming a frame) page faults: 23033
	Voluntary context switches: 1
	Involuntary context switches: 1008
	Swaps: 0
	File system inputs: 0
	File system outputs: 304
	Socket messages sent: 0
	Socket messages received: 0
	Signals delivered: 0
	Page size (bytes): 4096
	Exit status: 0
