sbox:	1100 0110 1001 0000 0001 1010 0010 1011 0011 1000 0101 1101 0100 1110 0111 1111 
y3 = 0  2  3  23  4  
y2 = 1  2  3  12  4  
y1 = 0  3  01  12  13  23  123  
y0 = 1  2  3  01  02  03  13  012  123  
e_sbox:	1101 0110 1001 0000 0001 1010 0010 1011 0011 1000 0101 1101 0100 1110 0111 1111 
y3' = 0  2  3  23  4  
y2' = 1  2  3  12  4  
y1' = 0  3  01  12  13  23  123  
y0' = 0  12  23  013  023  0123  4  
SKINNY_MODE:	64
TWEAKEY_MODE:	1
SAT_MODE:	1
	SBOX_MODE:	101
	ENCYPT_HAVEERROR:	301
AnalysesRounds:	3
MinCiphers:	18
MaxCiphers:	30
Threads:	1
---------------------------------------------------------------------------------------------------
num_cipher:	18
	Total vars:	24938
	Total clauses:	68074
	Test == masterkey, spend 633906 clocks.
	Have more than 1024 results, spent 23816970 clocks.
num_cipher:	19
	Total vars:	26263
	Total clauses:	71799
	Test == masterkey, spend 671196 clocks.
	Have more than 1024 results, spent 25964667 clocks.
num_cipher:	20
	Total vars:	27588
	Total clauses:	75524
	Test == masterkey, spend 693902 clocks.
	Have more than 1024 results, spent 24816700 clocks.
num_cipher:	21
	Total vars:	28913
	Total clauses:	79249
	Test == masterkey, spend 939268 clocks.
	Have more than 1024 results, spent 18570382 clocks.
num_cipher:	22
	Total vars:	30238
	Total clauses:	82974
	Test == masterkey, spend 988057 clocks.
	Have more than 1024 results, spent 18878427 clocks.
num_cipher:	23
	Total vars:	31563
	Total clauses:	86699
	Test == masterkey, spend 1077265 clocks.
	Have more than 1024 results, spent 28028197 clocks.
num_cipher:	24
	Total vars:	32888
	Total clauses:	90424
	Test == masterkey, spend 1627444 clocks.
	Have more than 1024 results, spent 26927514 clocks.
num_cipher:	25
	Total vars:	34213
	Total clauses:	94149
	Test == masterkey, spend 1692500 clocks.
	Have 367 results, spent 16595887 clocks.
num_cipher:	26
	Total vars:	35538
	Total clauses:	97874
	Test == masterkey, spend 1710255 clocks.
	Have 204 results, spent 14532306 clocks.
num_cipher:	27
	Total vars:	36863
	Total clauses:	101599
	Test == masterkey, spend 1705410 clocks.
	Have 116 results, spent 12610216 clocks.
num_cipher:	28
	Total vars:	38188
	Total clauses:	105324
	Test == masterkey, spend 1784776 clocks.
	Have 112 results, spent 12959807 clocks.
num_cipher:	29
	Total vars:	39513
	Total clauses:	109049
	Test == masterkey, spend 1643543 clocks.
	Have 104 results, spent 13250424 clocks.
num_cipher:	30
	Total vars:	40838
	Total clauses:	112774
	Test == masterkey, spend 1955879 clocks.
	Have 62 results, spent 12087958 clocks.
---------------------------------------------------------------------------------------------------
	Command being timed: "./bin/skinny_64_1 1 3 18 30"
	User time (seconds): 267.07
	System time (seconds): 0.47
	Percent of CPU this job got: 99%
	Elapsed (wall clock) time (h:mm:ss or m:ss): 4:27.67
	Average shared text size (kbytes): 0
	Average unshared data size (kbytes): 0
	Average stack size (kbytes): 0
	Average total size (kbytes): 0
	Maximum resident set size (kbytes): 47936
	Average resident set size (kbytes): 0
	Major (requiring I/O) page faults: 0
	Minor (reclaiming a frame) page faults: 21809
	Voluntary context switches: 1
	Involuntary context switches: 1469
	Swaps: 0
	File system inputs: 0
	File system outputs: 56
	Socket messages sent: 0
	Socket messages received: 0
	Signals delivered: 0
	Page size (bytes): 4096
	Exit status: 0
