sbox:	1100 0110 1001 0000 0001 1010 0010 1011 0011 1000 0101 1101 0100 1110 0111 1111 
y3 = 0  2  3  23  4  
y2 = 1  2  3  12  4  
y1 = 0  3  01  12  13  23  123  
y0 = 1  2  3  01  02  03  13  012  123  
e_sbox:	1101 0110 1001 0000 0001 1010 0010 1011 0011 1000 0101 1101 0100 1110 0111 1111 
y3' = 0  2  3  23  4  
y2' = 1  2  3  12  4  
y1' = 0  3  01  12  13  23  123  
y0' = 0  12  23  013  023  0123  4  
SKINNY_MODE:	64
TWEAKEY_MODE:	1
SAT_MODE:	1
	SBOX_MODE:	101
	ENCYPT_HAVEERROR:	301
AnalysesRounds:	4
MinCiphers:	25
MaxCiphers:	40
Threads:	1
---------------------------------------------------------------------------------------------------
num_cipher:	25
	Total vars:	44738
	Total clauses:	124674
	Test == masterkey, spend 1632153 clocks.
	Have 2 results, spent 14437123 clocks.
num_cipher:	26
	Total vars:	46484
	Total clauses:	129620
	Test == masterkey, spend 1747194 clocks.
	Have 2 results, spent 15306472 clocks.
num_cipher:	27
	Total vars:	48230
	Total clauses:	134566
	Test == masterkey, spend 1763869 clocks.
	Have 2 results, spent 15585265 clocks.
num_cipher:	28
	Total vars:	49976
	Total clauses:	139512
	Test == masterkey, spend 1702502 clocks.
	Have 2 results, spent 15698267 clocks.
num_cipher:	29
	Total vars:	51722
	Total clauses:	144458
	Test == masterkey, spend 1858567 clocks.
	Have 2 results, spent 15630904 clocks.
num_cipher:	30
	Total vars:	53468
	Total clauses:	149404
	Test == masterkey, spend 1716503 clocks.
	Have 2 results, spent 15722682 clocks.
num_cipher:	31
	Total vars:	55214
	Total clauses:	154350
	Test == masterkey, spend 2048194 clocks.
	Have 2 results, spent 12518349 clocks.
num_cipher:	32
	Total vars:	56960
	Total clauses:	159296
	Test == masterkey, spend 2181564 clocks.
	Have 2 results, spent 15326413 clocks.
num_cipher:	33
	Total vars:	58706
	Total clauses:	164242
	Test == masterkey, spend 2270618 clocks.
	Have 2 results, spent 15648260 clocks.
num_cipher:	34
	Total vars:	60452
	Total clauses:	169188
	Test == masterkey, spend 3245214 clocks.
	Have 2 results, spent 14276606 clocks.
num_cipher:	35
	Total vars:	62198
	Total clauses:	174134
	Test == masterkey, spend 3064072 clocks.
	Have 2 results, spent 12997407 clocks.
num_cipher:	36
	Total vars:	63944
	Total clauses:	179080
	Test == masterkey, spend 3051306 clocks.
	Have 2 results, spent 12780043 clocks.
num_cipher:	37
	Total vars:	65690
	Total clauses:	184026
	Test == masterkey, spend 2863759 clocks.
	Have 2 results, spent 12299976 clocks.
num_cipher:	38
	Total vars:	67436
	Total clauses:	188972
	Test == masterkey, spend 2624503 clocks.
	Have 2 results, spent 14208002 clocks.
num_cipher:	39
	Total vars:	69182
	Total clauses:	193918
	Test == masterkey, spend 2556403 clocks.
	Have 1 results, spent 13194358 clocks.
---------------------------------------------------------------------------------------------------
求得唯一解！
numAnalysesRounds:	4
startRound:	28
---------------------------------------------------------------------------------------------------
	Command being timed: "./bin/skinny_64_1 1 4 25 40"
	User time (seconds): 251.99
	System time (seconds): 0.86
	Percent of CPU this job got: 99%
	Elapsed (wall clock) time (h:mm:ss or m:ss): 4:13.02
	Average shared text size (kbytes): 0
	Average unshared data size (kbytes): 0
	Average stack size (kbytes): 0
	Average total size (kbytes): 0
	Maximum resident set size (kbytes): 80804
	Average resident set size (kbytes): 0
	Major (requiring I/O) page faults: 0
	Minor (reclaiming a frame) page faults: 45008
	Voluntary context switches: 1
	Involuntary context switches: 1368
	Swaps: 0
	File system inputs: 0
	File system outputs: 64
	Socket messages sent: 0
	Socket messages received: 0
	Signals delivered: 0
	Page size (bytes): 4096
	Exit status: 0
