sbox:	1100 0110 1001 0000 0001 1010 0010 1011 0011 1000 0101 1101 0100 1110 0111 1111 
y3 = 0  2  3  23  4  
y2 = 1  2  3  12  4  
y1 = 0  3  01  12  13  23  123  
y0 = 1  2  3  01  02  03  13  012  123  
e_sbox:	1101 0110 1001 0000 0001 1010 0010 1011 0011 1000 0101 1101 0100 1110 0111 1111 
y3' = 0  2  3  23  4  
y2' = 1  2  3  12  4  
y1' = 0  3  01  12  13  23  123  
y0' = 0  12  23  013  023  0123  4  
Max time :	3600
SKINNY_MODE:	64
TWEAKEY_MODE:	1
SAT_MODE:	1
	SBOX_MODE:	101
	ENCYPT_HAVEERROR:	301
AnalysesRounds:	4
MinCiphers:	8
MaxCiphers:	40
Threads:	1
---------------------------------------------------------------------------------------------------
num_cipher:	8
	Total vars:	15056
	Total clauses:	40592
	Test == masterkey, spend 226961 clocks.
	Have more than 1024 results, spent 37007443 clocks.
num_cipher:	9
	Total vars:	16802
	Total clauses:	45538
	Test == masterkey, spend 309058 clocks.
	Have more than 1024 results, spent 46218806 clocks.
num_cipher:	10
	Total vars:	18548
	Total clauses:	50484
	Test == masterkey, spend 406479 clocks.
	Have more than 1024 results, spent 53299577 clocks.
num_cipher:	11
	Total vars:	20294
	Total clauses:	55430
	Test == masterkey, spend 424721 clocks.
	Have more than 1024 results, spent 56247511 clocks.
num_cipher:	12
	Total vars:	22040
	Total clauses:	60376
	Test == masterkey, spend 783375 clocks.
	Have more than 1024 results, spent 59201433 clocks.
num_cipher:	13
	Total vars:	23786
	Total clauses:	65322
	Test == masterkey, spend 782020 clocks.
	Have more than 1024 results, spent 65275622 clocks.
num_cipher:	14
	Total vars:	25532
	Total clauses:	70268
	Test == masterkey, spend 936910 clocks.
	Have more than 1024 results, spent 70758099 clocks.
num_cipher:	15
	Total vars:	27278
	Total clauses:	75214
	Test == masterkey, spend 972777 clocks.
	Have more than 1024 results, spent 69765714 clocks.
num_cipher:	16
	Total vars:	29024
	Total clauses:	80160
	Test == masterkey, spend 1034002 clocks.
	Have more than 1024 results, spent 63875870 clocks.
num_cipher:	17
	Total vars:	30770
	Total clauses:	85106
	Test == masterkey, spend 1060521 clocks.
	Have more than 1024 results, spent 59712327 clocks.
num_cipher:	18
	Total vars:	32516
	Total clauses:	90052
	Test == masterkey, spend 1065998 clocks.
	Have 83 results, spent 31353738 clocks.
num_cipher:	19
	Total vars:	34262
	Total clauses:	94998
	Test == masterkey, spend 1185947 clocks.
	Have 16 results, spent 23114880 clocks.
num_cipher:	20
	Total vars:	36008
	Total clauses:	99944
	Test == masterkey, spend 1070727 clocks.
	Have 3 results, spent 16629026 clocks.
num_cipher:	21
	Total vars:	37754
	Total clauses:	104890
	Test == masterkey, spend 1005077 clocks.
	Have 3 results, spent 18285860 clocks.
num_cipher:	22
	Total vars:	39500
	Total clauses:	109836
	Test == masterkey, spend 1375094 clocks.
	Have 3 results, spent 12727643 clocks.
num_cipher:	23
	Total vars:	41246
	Total clauses:	114782
	Test == masterkey, spend 1404153 clocks.
	Have 3 results, spent 13130416 clocks.
num_cipher:	24
	Total vars:	42992
	Total clauses:	119728
	Test == masterkey, spend 1594162 clocks.
	Have 3 results, spent 14592205 clocks.
num_cipher:	25
	Total vars:	44738
	Total clauses:	124674
	Test == masterkey, spend 1645541 clocks.
	Have 3 results, spent 11020055 clocks.
num_cipher:	26
	Total vars:	46484
	Total clauses:	129620
	Test == masterkey, spend 1735971 clocks.
	Have 3 results, spent 13669171 clocks.
num_cipher:	27
	Total vars:	48230
	Total clauses:	134566
	Test == masterkey, spend 1820570 clocks.
	Have 2 results, spent 10528991 clocks.
num_cipher:	28
	Total vars:	49976
	Total clauses:	139512
	Test == masterkey, spend 1698458 clocks.
	Have 1 results, spent 11571227 clocks.
---------------------------------------------------------------------------------------------------
求得唯一解！
numAnalysesRounds:	4
startRound:	28
---------------------------------------------------------------------------------------------------
	Command being timed: "./bin/skinny_64_1 1 4 8 40"
	User time (seconds): 782.35
	System time (seconds): 1.10
	Percent of CPU this job got: 99%
	Elapsed (wall clock) time (h:mm:ss or m:ss): 13:03.52
	Average shared text size (kbytes): 0
	Average unshared data size (kbytes): 0
	Average stack size (kbytes): 0
	Average total size (kbytes): 0
	Maximum resident set size (kbytes): 64204
	Average resident set size (kbytes): 0
	Major (requiring I/O) page faults: 0
	Minor (reclaiming a frame) page faults: 48689
	Voluntary context switches: 1
	Involuntary context switches: 1518
	Swaps: 0
	File system inputs: 0
	File system outputs: 176
	Socket messages sent: 0
	Socket messages received: 0
	Signals delivered: 0
	Page size (bytes): 4096
	Exit status: 0
