sbox:	1100 0110 1001 0000 0001 1010 0010 1011 0011 1000 0101 1101 0100 1110 0111 1111 
y3 = 0  2  3  23  4  
y2 = 1  2  3  12  4  
y1 = 0  3  01  12  13  23  123  
y0 = 1  2  3  01  02  03  13  012  123  
e_sbox:	1101 0110 1001 0000 0001 1010 0010 1011 0011 1000 0101 1101 0100 1110 0111 1111 
y3' = 0  2  3  23  4  
y2' = 1  2  3  12  4  
y1' = 0  3  01  12  13  23  123  
y0' = 0  12  23  013  023  0123  4  
Max time :	3600
SKINNY_MODE:	64
TWEAKEY_MODE:	1
SAT_MODE:	1
	SBOX_MODE:	101
	ENCYPT_HAVEERROR:	301
AnalysesRounds:	5
MinCiphers:	8
MaxCiphers:	40
Threads:	1
---------------------------------------------------------------------------------------------------
num_cipher:	8
	Total vars:	18416
	Total clauses:	50352
	Test == masterkey, spend 564966 clocks.
	Have more than 1024 results, spent 159443401 clocks.
num_cipher:	9
	Total vars:	20582
	Total clauses:	56518
	Test == masterkey, spend 668951 clocks.
	Have more than 1024 results, spent 193675820 clocks.
num_cipher:	10
	Total vars:	22748
	Total clauses:	62684
	Test == masterkey, spend 564347 clocks.
	Have more than 1024 results, spent 285755387 clocks.
num_cipher:	11
	Total vars:	24914
	Total clauses:	68850
	Test == masterkey, spend 567210 clocks.
	Have more than 1024 results, spent 343170122 clocks.
num_cipher:	12
	Total vars:	27080
	Total clauses:	75016
	Test == masterkey, spend 541472 clocks.
	Have more than 1024 results, spent 535559900 clocks.
num_cipher:	13
	Total vars:	29246
	Total clauses:	81182
	Test == masterkey, spend 739628 clocks.
	Have more than 1024 results, spent 590336888 clocks.
num_cipher:	14
	Total vars:	31412
	Total clauses:	87348
	Test == masterkey, spend 722943 clocks.
	Have more than 1024 results, spent 610012729 clocks.
num_cipher:	15
	Total vars:	33578
	Total clauses:	93514
	Test == masterkey, spend 934830 clocks.
	Have 129 results, spent 176352908 clocks.
num_cipher:	16
	Total vars:	35744
	Total clauses:	99680
	Test == masterkey, spend 1093843 clocks.
	Have 35 results, spent 119767939 clocks.
num_cipher:	17
	Total vars:	37910
	Total clauses:	105846
	Test == masterkey, spend 1146376 clocks.
	Have 2 results, spent 64753540 clocks.
num_cipher:	18
	Total vars:	40076
	Total clauses:	112012
	Test == masterkey, spend 1070136 clocks.
	Have 2 results, spent 51788992 clocks.
num_cipher:	19
	Total vars:	42242
	Total clauses:	118178
	Test == masterkey, spend 1288073 clocks.
	Have 1 results, spent 36495549 clocks.
---------------------------------------------------------------------------------------------------
求得唯一解！
numAnalysesRounds:	5
startRound:	27
---------------------------------------------------------------------------------------------------
	Command being timed: "./bin/skinny_64_1 1 5 8 40"
	User time (seconds): 3175.00
	System time (seconds): 3.59
	Percent of CPU this job got: 99%
	Elapsed (wall clock) time (h:mm:ss or m:ss): 52:59.05
	Average shared text size (kbytes): 0
	Average unshared data size (kbytes): 0
	Average stack size (kbytes): 0
	Average total size (kbytes): 0
	Maximum resident set size (kbytes): 112788
	Average resident set size (kbytes): 0
	Major (requiring I/O) page faults: 0
	Minor (reclaiming a frame) page faults: 179127
	Voluntary context switches: 1
	Involuntary context switches: 4399
	Swaps: 0
	File system inputs: 0
	File system outputs: 104
	Socket messages sent: 0
	Socket messages received: 0
	Signals delivered: 0
	Page size (bytes): 4096
	Exit status: 0
