sbox:	1100 0110 1001 0000 0001 1010 0010 1011 0011 1000 0101 1101 0100 1110 0111 1111 
y3 = 0  2  3  23  4  
y2 = 1  2  3  12  4  
y1 = 0  3  01  12  13  23  123  
y0 = 1  2  3  01  02  03  13  012  123  
e_sbox:	1101 0110 1001 0000 0001 1010 0010 1011 0011 1000 0101 1101 0100 1110 0111 1111 
y3' = 0  2  3  23  4  
y2' = 1  2  3  12  4  
y1' = 0  3  01  12  13  23  123  
y0' = 0  12  23  013  023  0123  4  
Max time :	3600
SKINNY_MODE:	64
TWEAKEY_MODE:	1
SAT_MODE:	1
	SBOX_MODE:	101
	ENCYPT_HAVEERROR:	301
AnalysesRounds:	5
MinCiphers:	8
MaxCiphers:	40
Threads:	1
---------------------------------------------------------------------------------------------------
num_cipher:	8
	Total vars:	18416
	Total clauses:	50352
	Test == masterkey, spend 434478 clocks.
	Have more than 1024 results, spent 155249687 clocks.
num_cipher:	9
	Total vars:	20582
	Total clauses:	56518
	Test == masterkey, spend 547491 clocks.
	Have more than 1024 results, spent 195776718 clocks.
num_cipher:	10
	Total vars:	22748
	Total clauses:	62684
	Test == masterkey, spend 644070 clocks.
	Have more than 1024 results, spent 244740244 clocks.
num_cipher:	11
	Total vars:	24914
	Total clauses:	68850
	Test == masterkey, spend 673593 clocks.
	Have more than 1024 results, spent 307140710 clocks.
num_cipher:	12
	Total vars:	27080
	Total clauses:	75016
	Test == masterkey, spend 640445 clocks.
	Have more than 1024 results, spent 358930990 clocks.
num_cipher:	13
	Total vars:	29246
	Total clauses:	81182
	Test == masterkey, spend 775823 clocks.
	Have more than 1024 results, spent 355537275 clocks.
num_cipher:	14
	Total vars:	31412
	Total clauses:	87348
	Test == masterkey, spend 902191 clocks.
	Have 364 results, spent 184292841 clocks.
num_cipher:	15
	Total vars:	33578
	Total clauses:	93514
	Test == masterkey, spend 950333 clocks.
	Have 10 results, spent 55328613 clocks.
num_cipher:	16
	Total vars:	35744
	Total clauses:	99680
	Test == masterkey, spend 1210405 clocks.
	Have 2 results, spent 42795208 clocks.
num_cipher:	17
	Total vars:	37910
	Total clauses:	105846
	Test == masterkey, spend 1494611 clocks.
	Have 1 results, spent 35483819 clocks.
---------------------------------------------------------------------------------------------------
求得唯一解！
numAnalysesRounds:	5
startRound:	27
---------------------------------------------------------------------------------------------------
	Command being timed: "./bin/skinny_64_1 1 5 8 40"
	User time (seconds): 1942.63
	System time (seconds): 2.14
	Percent of CPU this job got: 99%
	Elapsed (wall clock) time (h:mm:ss or m:ss): 32:24.93
	Average shared text size (kbytes): 0
	Average unshared data size (kbytes): 0
	Average stack size (kbytes): 0
	Average total size (kbytes): 0
	Maximum resident set size (kbytes): 98424
	Average resident set size (kbytes): 0
	Major (requiring I/O) page faults: 0
	Minor (reclaiming a frame) page faults: 117829
	Voluntary context switches: 1
	Involuntary context switches: 3188
	Swaps: 0
	File system inputs: 0
	File system outputs: 88
	Socket messages sent: 0
	Socket messages received: 0
	Signals delivered: 0
	Page size (bytes): 4096
	Exit status: 0
