sbox:	1100 0110 1001 0000 0001 1010 0010 1011 0011 1000 0101 1101 0100 1110 0111 1111 
y3 = 0  2  3  23  4  
y2 = 1  2  3  12  4  
y1 = 0  3  01  12  13  23  123  
y0 = 1  2  3  01  02  03  13  012  123  
e_sbox:	1101 0110 1001 0000 0001 1010 0010 1011 0011 1000 0101 1101 0100 1110 0111 1111 
y3' = 0  2  3  23  4  
y2' = 1  2  3  12  4  
y1' = 0  3  01  12  13  23  123  
y0' = 0  12  23  013  023  0123  4  
Max time :	3600
SKINNY_MODE:	64
TWEAKEY_MODE:	1
SAT_MODE:	1
	SBOX_MODE:	101
	ENCYPT_HAVEERROR:	301
AnalysesRounds:	5
MinCiphers:	10
MaxCiphers:	40
Threads:	1
---------------------------------------------------------------------------------------------------
num_cipher:	10
	Total vars:	22748
	Total clauses:	62684
	Test == masterkey, spend 608315 clocks.
	Have more than 1024 results, spent 223610064 clocks.
num_cipher:	11
	Total vars:	24914
	Total clauses:	68850
	Test == masterkey, spend 833286 clocks.
	Have more than 1024 results, spent 276021936 clocks.
num_cipher:	12
	Total vars:	27080
	Total clauses:	75016
	Test == masterkey, spend 882671 clocks.
	Have more than 1024 results, spent 310975079 clocks.
num_cipher:	13
	Total vars:	29246
	Total clauses:	81182
	Test == masterkey, spend 962614 clocks.
	Have more than 1024 results, spent 336186184 clocks.
num_cipher:	14
	Total vars:	31412
	Total clauses:	87348
	Test == masterkey, spend 1102641 clocks.
	Have more than 1024 results, spent 246813042 clocks.
num_cipher:	15
	Total vars:	33578
	Total clauses:	93514
	Test == masterkey, spend 1279090 clocks.
	Have 143 results, spent 96617338 clocks.
num_cipher:	16
	Total vars:	35744
	Total clauses:	99680
	Test == masterkey, spend 1519991 clocks.
	Have 30 results, spent 77393602 clocks.
num_cipher:	17
	Total vars:	37910
	Total clauses:	105846
	Test == masterkey, spend 1774694 clocks.
	Have 10 results, spent 67174226 clocks.
num_cipher:	18
	Total vars:	40076
	Total clauses:	112012
	Test == masterkey, spend 1578034 clocks.
	Have 4 results, spent 51959938 clocks.
num_cipher:	19
	Total vars:	42242
	Total clauses:	118178
	Test == masterkey, spend 1793345 clocks.
	Have 2 results, spent 47707828 clocks.
num_cipher:	20
	Total vars:	44408
	Total clauses:	124344
	Test == masterkey, spend 1655916 clocks.
	Have 1 results, spent 41076496 clocks.
---------------------------------------------------------------------------------------------------
求得唯一解！
numAnalysesRounds:	5
startRound:	27
---------------------------------------------------------------------------------------------------
	Command being timed: "./bin/skinny_64_1 1 5 10 40"
	User time (seconds): 1789.80
	System time (seconds): 1.34
	Percent of CPU this job got: 99%
	Elapsed (wall clock) time (h:mm:ss or m:ss): 29:51.29
	Average shared text size (kbytes): 0
	Average unshared data size (kbytes): 0
	Average stack size (kbytes): 0
	Average total size (kbytes): 0
	Maximum resident set size (kbytes): 84920
	Average resident set size (kbytes): 0
	Major (requiring I/O) page faults: 0
	Minor (reclaiming a frame) page faults: 98098
	Voluntary context switches: 1
	Involuntary context switches: 1696
	Swaps: 0
	File system inputs: 0
	File system outputs: 96
	Socket messages sent: 0
	Socket messages received: 0
	Signals delivered: 0
	Page size (bytes): 4096
	Exit status: 0
