sbox:	1100 0110 1001 0000 0001 1010 0010 1011 0011 1000 0101 1101 0100 1110 0111 1111 
y3 = 0  2  3  23  4  
y2 = 1  2  3  12  4  
y1 = 0  3  01  12  13  23  123  
y0 = 1  2  3  01  02  03  13  012  123  
e_sbox:	1101 0110 1001 0000 0001 1010 0010 1011 0011 1000 0101 1101 0100 1110 0111 1111 
y3' = 0  2  3  23  4  
y2' = 1  2  3  12  4  
y1' = 0  3  01  12  13  23  123  
y0' = 0  12  23  013  023  0123  4  
Max time :	3600
SKINNY_MODE:	64
TWEAKEY_MODE:	1
SAT_MODE:	1
	SBOX_MODE:	101
	ENCYPT_HAVEERROR:	301
AnalysesRounds:	6
MinCiphers:	8
MaxCiphers:	40
Threads:	1
---------------------------------------------------------------------------------------------------
num_cipher:	8
	Total vars:	21768
	Total clauses:	60104
	Test == masterkey, spend 710882 clocks.
	Have more than 1024 results, spent 871164635 clocks.
num_cipher:	9
	Total vars:	24353
	Total clauses:	67489
	Test == masterkey, spend 893628 clocks.
	Have more than 1024 results, spent 1210982062 clocks.
num_cipher:	10
	Total vars:	26938
	Total clauses:	74874
	Test == masterkey, spend 805603 clocks.
	Have more than 1024 results, spent 1905888454 clocks.
num_cipher:	11
	Total vars:	29523
	Total clauses:	82259
	Test == masterkey, spend 1197479 clocks.
	Have more than 1024 results, spent 3606980922 clocks.
num_cipher:	12
	Total vars:	32108
	Total clauses:	89644
	Test == masterkey, spend 1340123 clocks.
	Have more than 1024 results, spent 11001073738 clocks.
num_cipher:	13
	Total vars:	34693
	Total clauses:	97029
	Test == masterkey, spend 1360825 clocks.
	Have 55 results, spent 661167981 clocks.
num_cipher:	14
	Total vars:	37278
	Total clauses:	104414
	Test == masterkey, spend 1298860 clocks.
	Have 2 results, spent 201322803 clocks.
num_cipher:	15
	Total vars:	39863
	Total clauses:	111799
	Test == masterkey, spend 1576689 clocks.
	Have 1 results, spent 124213612 clocks.
---------------------------------------------------------------------------------------------------
求得唯一解！
numAnalysesRounds:	6
startRound:	26
---------------------------------------------------------------------------------------------------
	Command being timed: "./bin/skinny_64_1 1 6 8 40"
	User time (seconds): 19565.33
	System time (seconds): 27.78
	Percent of CPU this job got: 99%
	Elapsed (wall clock) time (h:mm:ss or m:ss): 5:26:36
	Average shared text size (kbytes): 0
	Average unshared data size (kbytes): 0
	Average stack size (kbytes): 0
	Average total size (kbytes): 0
	Maximum resident set size (kbytes): 193656
	Average resident set size (kbytes): 0
	Major (requiring I/O) page faults: 0
	Minor (reclaiming a frame) page faults: 1439183
	Voluntary context switches: 0
	Involuntary context switches: 31357
	Swaps: 0
	File system inputs: 0
	File system outputs: 72
	Socket messages sent: 0
	Socket messages received: 0
	Signals delivered: 0
	Page size (bytes): 4096
	Exit status: 0
