sbox:	1100 0110 1001 0000 0001 1010 0010 1011 0011 1000 0101 1101 0100 1110 0111 1111 
y3 = 0  2  3  23  4  
y2 = 1  2  3  12  4  
y1 = 0  3  01  12  13  23  123  
y0 = 1  2  3  01  02  03  13  012  123  
e_sbox:	1101 0110 1001 0000 0001 1010 0010 1011 0011 1000 0101 1101 0100 1110 0111 1111 
y3' = 0  2  3  23  4  
y2' = 1  2  3  12  4  
y1' = 0  3  01  12  13  23  123  
y0' = 0  12  23  013  023  0123  4  
Max time :	3600
SKINNY_MODE:	64
TWEAKEY_MODE:	1
SAT_MODE:	1
	SBOX_MODE:	101
	ENCYPT_HAVEERROR:	301
AnalysesRounds:	7
MinCiphers:	9
MaxCiphers:	40
Threads:	1
---------------------------------------------------------------------------------------------------
num_cipher:	9
	Total vars:	28115
	Total clauses:	78451
	Test == masterkey, spend 1055078 clocks.
	Have 459 results, spent 3600254543 clocks.
num_cipher:	10
	Total vars:	31118
	Total clauses:	87054
	Test == masterkey, spend 1346902 clocks.
	Have 187 results, spent 3600037150 clocks.
num_cipher:	11
	Total vars:	34121
	Total clauses:	95657
	Test == masterkey, spend 1455639 clocks.
	Have 114 results, spent 3600022403 clocks.
num_cipher:	12
	Total vars:	37124
	Total clauses:	104260
	Test == masterkey, spend 1912114 clocks.

    end
