sbox:	1100 0110 1001 0000 0001 1010 0010 1011 0011 1000 0101 1101 0100 1110 0111 1111 
y3 = 0  2  3  23  4  
y2 = 1  2  3  12  4  
y1 = 0  3  01  12  13  23  123  
y0 = 1  2  3  01  02  03  13  012  123  
e_sbox:	1101 0110 1001 0000 0001 1010 0010 1011 0011 1000 0101 1101 0100 1110 0111 1111 
y3' = 0  2  3  23  4  
y2' = 1  2  3  12  4  
y1' = 0  3  01  12  13  23  123  
y0' = 0  12  23  013  023  0123  4  
Max time :	3600
SKINNY_MODE:	64
TWEAKEY_MODE:	1
SAT_MODE:	1
	SBOX_MODE:	101
	ENCYPT_HAVEERROR:	301
AnalysesRounds:	7
MinCiphers:	9
MaxCiphers:	40
Threads:	1
---------------------------------------------------------------------------------------------------
num_cipher:	9
	Total vars:	28115
	Total clauses:	78451
	Test == masterkey, spend 796217 clocks.
	Not solved within3600 seconds, Have 466 results.
num_cipher:	10
	Total vars:	31118
	Total clauses:	87054
	Test == masterkey, spend 2126353 clocks.
	Not solved within3600 seconds, Have 173 results.
num_cipher:	11
	Total vars:	34121
	Total clauses:	95657
	Test == masterkey, spend 2135744 clocks.
	Not solved within3600 seconds, Have 66 results.
num_cipher:	12
	Total vars:	37124
	Total clauses:	104260
	Test == masterkey, spend 1966899 clocks.
	Not solved within3600 seconds, Have 38 results.
num_cipher:	13
	Total vars:	40127
	Total clauses:	112863
	Test == masterkey, spend 2113689 clocks.
	Have 13 results, spent 2570540899 clocks.
num_cipher:	14
	Total vars:	43130
	Total clauses:	121466
	Test == masterkey, spend 1907956 clocks.
	Have 1 results, spent 508109839 clocks.
---------------------------------------------------------------------------------------------------
求得唯一解！
numAnalysesRounds:	7
startRound:	25
---------------------------------------------------------------------------------------------------
	Command being timed: "./bin/skinny_64_1 1 7 9 40"
	User time (seconds): 17457.47
	System time (seconds): 34.03
	Percent of CPU this job got: 99%
	Elapsed (wall clock) time (h:mm:ss or m:ss): 4:51:35
	Average shared text size (kbytes): 0
	Average unshared data size (kbytes): 0
	Average stack size (kbytes): 0
	Average total size (kbytes): 0
	Maximum resident set size (kbytes): 177316
	Average resident set size (kbytes): 0
	Major (requiring I/O) page faults: 0
	Minor (reclaiming a frame) page faults: 2232959
	Voluntary context switches: 1
	Involuntary context switches: 49221
	Swaps: 0
	File system inputs: 0
	File system outputs: 64
	Socket messages sent: 0
	Socket messages received: 0
	Signals delivered: 0
	Page size (bytes): 4096
	Exit status: 0
