sbox:	1100 0110 1001 0000 0001 1010 0010 1011 0011 1000 0101 1101 0100 1110 0111 1111 
y3 = 0  2  3  23  4  
y2 = 1  2  3  12  4  
y1 = 0  3  01  12  13  23  123  
y0 = 1  2  3  01  02  03  13  012  123  
e_sbox:	1101 0110 1001 0000 0001 1010 0010 1011 0011 1000 0101 1101 0100 1110 0111 1111 
y3' = 0  2  3  23  4  
y2' = 1  2  3  12  4  
y1' = 0  3  01  12  13  23  123  
y0' = 0  12  23  013  023  0123  4  
Max time :	3600
SKINNY_MODE:	64
TWEAKEY_MODE:	1
SAT_MODE:	1
	SBOX_MODE:	101
	ENCYPT_HAVEERROR:	301
AnalysesRounds:	8
MinCiphers:	9
MaxCiphers:	40
Threads:	1
---------------------------------------------------------------------------------------------------
num_cipher:	9
	Total vars:	31886
	Total clauses:	89422
	Test == masterkey, spend 1723363 clocks.
	Not solved within 3600 seconds, Have 72 results.
num_cipher:	10
	Total vars:	35308
	Total clauses:	99244
	Test == masterkey, spend 2098368 clocks.
	Not solved within 3600 seconds, Have 14 results.
num_cipher:	11
	Total vars:	38730
	Total clauses:	109066
	Test == masterkey, spend 1895677 clocks.
skinny_64_1: /home/hanbing/cryptominisat/src/cryptominisat.cpp:527: void CMSat::SATSolver::set_max_time(double): Assertion `max_time >= 0 && "Cannot set negative limit on running time"' failed.
Command terminated by signal 6
	Command being timed: "./bin/skinny_64_1 1 8 9 40"
	User time (seconds): 10784.44
	System time (seconds): 25.24
	Percent of CPU this job got: 99%
	Elapsed (wall clock) time (h:mm:ss or m:ss): 3:01:02
	Average shared text size (kbytes): 0
	Average unshared data size (kbytes): 0
	Average stack size (kbytes): 0
	Average total size (kbytes): 0
	Maximum resident set size (kbytes): 188756
	Average resident set size (kbytes): 0
	Major (requiring I/O) page faults: 0
	Minor (reclaiming a frame) page faults: 1443855
	Voluntary context switches: 3
	Involuntary context switches: 127818
	Swaps: 0
	File system inputs: 0
	File system outputs: 32
	Socket messages sent: 0
	Socket messages received: 0
	Signals delivered: 0
	Page size (bytes): 4096
	Exit status: 0
