sbox:	1100 0110 1001 0000 0001 1010 0010 1011 0011 1000 0101 1101 0100 1110 0111 1111 
y3 = 0  2  3  23  4  
y2 = 1  2  3  12  4  
y1 = 0  3  01  12  13  23  123  
y0 = 1  2  3  01  02  03  13  012  123  
e_sbox:	1101 0110 1001 0000 0001 1010 0010 1011 0011 1000 0101 1101 0100 1110 0111 1111 
y3' = 0  2  3  23  4  
y2' = 1  2  3  12  4  
y1' = 0  3  01  12  13  23  123  
y0' = 0  12  23  013  023  0123  4  
Max time :	3600
SKINNY_MODE:	64
TWEAKEY_MODE:	1
SAT_MODE:	1
	SBOX_MODE:	101
	ENCYPT_HAVEERROR:	301
AnalysesRounds:	9
MinCiphers:	9
MaxCiphers:	40
Threads:	1
---------------------------------------------------------------------------------------------------
num_cipher:	9
	Total vars:	35657
	Total clauses:	100393
	Test == masterkey, spend 4156567 clocks.
	Not solved within 3600 seconds, Have 49 results.
num_cipher:	10
	Total vars:	39498
	Total clauses:	111434
	Test == masterkey, spend 4949340 clocks.
	Not solved within 3600 seconds, Have 15 results.
num_cipher:	11
	Total vars:	43339
	Total clauses:	122475
	Test == masterkey, spend 5937629 clocks.
	Not solved within 3600 seconds, Have 1 results.
num_cipher:	12
	Total vars:	47180
	Total clauses:	133516
	Test == masterkey, spend 6976829 clocks.
	Not solved within 3600 seconds, Have 1 results.
num_cipher:	13
	Total vars:	51021
	Total clauses:	144557
	Test == masterkey, spend 6210177 clocks.
	Not solved within 3600 seconds, Have 0 results.
num_cipher:	14
	Total vars:	54862
	Total clauses:	155598
	Test == masterkey, spend 6569451 clocks.
	Not solved within 3600 seconds, Have 0 results.
num_cipher:	15
	Total vars:	58703
	Total clauses:	166639
	Test == masterkey, spend 10153228 clocks.
解得主密钥:  1	0100001111000101110101010100000101000110111110001000010101111111
	Have 1 results, spent 1571037276 clocks.
---------------------------------------------------------------------------------------------------
求得唯一解！
numAnalysesRounds:	9
startRound:	23
---------------------------------------------------------------------------------------------------
	Command being timed: "./bin/skinny_64_1 1 9 9 40"
	User time (seconds): 23188.02
	System time (seconds): 50.19
	Percent of CPU this job got: 99%
	Elapsed (wall clock) time (h:mm:ss or m:ss): 6:27:57
	Average shared text size (kbytes): 0
	Average unshared data size (kbytes): 0
	Average stack size (kbytes): 0
	Average total size (kbytes): 0
	Maximum resident set size (kbytes): 221216
	Average resident set size (kbytes): 0
	Major (requiring I/O) page faults: 0
	Minor (reclaiming a frame) page faults: 3266030
	Voluntary context switches: 3
	Involuntary context switches: 149570
	Swaps: 0
	File system inputs: 0
	File system outputs: 112
	Socket messages sent: 0
	Socket messages received: 0
	Signals delivered: 0
	Page size (bytes): 4096
	Exit status: 0
