sbox:	1100 0101 0110 1011 1001 0000 1010 1101 0011 1110 1111 1000 0100 0111 0001 0010 
8 = (0+2+6')(2'+3+4'+6)(0'+2+3+4')(2+3'+4'+6)(2'+4+6'+7')(3+5'+6+7')(0'+4'+5+6')(1+4+6+7)(1'+4'+6'+7')(1+2'+3'+4)(0'+1'+3'+6)(3+4+5+7)(0'+2'+5'+7)(0+2'+3'+7)(1'+5'+6'+7)(2+4+5+6+7')(0+2'+5+6)(0'+1+4+5')(0+1'+4+5')(1+3+4'+5)(1+3'+4'+5'+7')(1+5+6+7')(2+3'+5+6')(1'+3+6'+7')(0+4'+5'+6')(1'+4'+6+7)
e_sbox:	1101 0101 0110 1011 1001 0000 1010 1101 0011 1110 1111 1000 0100 0111 0001 0010 
8 = (0'+2+6+7')(0+2+3+7)(0+1+2'+6)(2'+3+4'+6)(0+2+3'+4')(0'+1'+3+6')(1'+4'+6'+7')(1'+5'+6'+7)(1+5+6'+7)(1'+2'+6+7)(0'+1+2'+4)(0'+2+3'+5)(0'+2'+3'+7')(0+1'+4+7')(3'+4+5'+7)(0+4+5+6')(0'+1+2+3+5')(1+3+4'+5)(3+4+5'+7')(2'+4'+5'+7)(1+3'+5'+6'+7')(1'+3'+4'+5)(0+5'+6'+7')(4'+5'+6+7)(3+5+6+7)(1+4+5+6)(1'+3+4'+5')
PRESENT_MODE:	80
SAT_MODE:	1
	SBOX_MODE:	102
	KSR_HAVEERROR:	0
	ENCYPT_HAVEERROR:	1
AnalysesRounds:	4
MinCiphers:	20
MaxCiphers:	80
Threads:	1
Master_key:	10010111001110010000011100111010010111101110101001100101101100000000001100110011
---------------------------------------------------------------------------------------------------
num_cipher:	20
	Total vars:	14364
	Total clauses:	38006
	Test == masterkey, spend 84011 clocks.
	Have more than 1024 results, spent 490149341 clocks.
num_cipher:	21
	Total vars:	15068
	Total clauses:	39862
	Test == masterkey, spend 101540 clocks.
	Have more than 1024 results, spent 637175191 clocks.
num_cipher:	22
	Total vars:	15772
	Total clauses:	41718
	Test == masterkey, spend 83665 clocks.
	Have 553 results, spent 519588322 clocks.
num_cipher:	23
	Total vars:	16476
	Total clauses:	43574
	Test == masterkey, spend 114759 clocks.
	Have 64 results, spent 103248183 clocks.
num_cipher:	24
	Total vars:	17180
	Total clauses:	45430
	Test == masterkey, spend 155641 clocks.
	Have 27 results, spent 53817146 clocks.
num_cipher:	25
	Total vars:	17884
	Total clauses:	47286
	Test == masterkey, spend 164292 clocks.
	Have 10 results, spent 16887002 clocks.
num_cipher:	26
	Total vars:	18588
	Total clauses:	49142
	Test == masterkey, spend 129269 clocks.
	Have 5 results, spent 8946523 clocks.
num_cipher:	27
	Total vars:	19292
	Total clauses:	50998
	Test == masterkey, spend 152541 clocks.
	Have 2 results, spent 2314892 clocks.
num_cipher:	28
	Total vars:	19996
	Total clauses:	52854
	Test == masterkey, spend 155131 clocks.
	Have 2 results, spent 1602760 clocks.
num_cipher:	29
	Total vars:	20700
	Total clauses:	54710
	Test == masterkey, spend 185933 clocks.
	Have 1 results, spent 1340519 clocks.
---------------------------------------------------------------------------------------------------
求得唯一解！
numAnalysesRounds:	4
startRound:	28
---------------------------------------------------------------------------------------------------
	Command being timed: "./bin/present80NS 1 4 20 80"
	User time (seconds): 1836.80
	System time (seconds): 1.11
	Percent of CPU this job got: 99%
	Elapsed (wall clock) time (h:mm:ss or m:ss): 30:38.51
	Average shared text size (kbytes): 0
	Average unshared data size (kbytes): 0
	Average stack size (kbytes): 0
	Average total size (kbytes): 0
	Maximum resident set size (kbytes): 68232
	Average resident set size (kbytes): 0
	Major (requiring I/O) page faults: 0
	Minor (reclaiming a frame) page faults: 36884
	Voluntary context switches: 2
	Involuntary context switches: 3347
	Swaps: 0
	File system inputs: 0
	File system outputs: 48
	Socket messages sent: 0
	Socket messages received: 0
	Signals delivered: 0
	Page size (bytes): 4096
	Exit status: 0
