sbox:	1100 0101 0110 1011 1001 0000 1010 1101 0011 1110 1111 1000 0100 0111 0001 0010 
8 = (3+1+5')(1'+0+7'+5)(3'+1+0+7')(1+0'+7'+5)(1'+7+5'+4')(0+6'+5+4')(3'+7'+6+5')(2+7+5+4)(2'+7'+5'+4')(2+1'+0'+7)(3'+2'+0'+5)(0+7+6+4)(3'+1'+6'+4)(3+1'+0'+4)(2'+6'+5'+4)(1+7+6+5+4')(3+1'+6+5)(3'+2+7+6')(3+2'+7+6')(2+0+7'+6)(2+0'+7'+6'+4')(2+6+5+4')(1+0'+6+5')(2'+0+5'+4')(3+7'+6'+5')(2'+7'+5+4)
e_sbox:	1101 0101 0110 1011 1001 0000 1010 1101 0011 1110 1111 1000 0100 0111 0001 0010 
8 = (3'+1+5+4')(3+1+0+4)(3+2+1'+5)(1'+0+7'+5)(3+1+0'+7')(3'+2'+0+5')(2'+7'+5'+4')(2'+6'+5'+4)(2+6+5'+4)(2'+1'+5+4)(3'+2+1'+7)(3'+1+0'+6)(3'+1'+0'+4')(3+2'+7+4')(0'+7+6'+4)(3+7+6+5')(3'+2+1+0+6')(2+0+7'+6)(0+7+6'+4')(1'+7'+6'+4)(2+0'+6'+5'+4')(2'+0'+7'+6)(3+6'+5'+4')(7'+6'+5+4)(0+6+5+4)(2+7+6+5)(2'+0+7'+6')
Max time :	3600
PRESENT_MODE:	80
SAT_MODE:	1
	SBOX_MODE:	102
	KSR_HAVEERROR:	0
	ENCYPT_HAVEERROR:	1
AnalysesRounds:	4
MinCiphers:	22
MaxCiphers:	50
Threads:	1
Master_key:	11000111000001101011100010110010111111100010001011010010011110101001101000101110
---------------------------------------------------------------------------------------------------
num_cipher:	22
	Total vars:	15772
	Total clauses:	41718
	Test == masterkey, spend 154565 clocks.
解得主密钥:  3	11000111000001101011100010110010111111100010001011010010011110101001101000101110
	Have 43 results, spent 149524731 clocks.
num_cipher:	23
	Total vars:	16476
	Total clauses:	43574
	Test == masterkey, spend 87095 clocks.
解得主密钥:  5	11000111000001101011100010110010111111100010001011010010011110101001101000101110
	Have 6 results, spent 40378209 clocks.
num_cipher:	24
	Total vars:	17180
	Total clauses:	45430
	Test == masterkey, spend 90999 clocks.
解得主密钥:  1	11000111000001101011100010110010111111100010001011010010011110101001101000101110
	Have 2 results, spent 17704730 clocks.
num_cipher:	25
	Total vars:	17884
	Total clauses:	47286
	Test == masterkey, spend 102137 clocks.
解得主密钥:  1	11000111000001101011100010110010111111100010001011010010011110101001101000101110
	Have 2 results, spent 6176290 clocks.
num_cipher:	26
	Total vars:	18588
	Total clauses:	49142
	Test == masterkey, spend 118054 clocks.
解得主密钥:  1	11000111000001101011100010110010111111100010001011010010011110101001101000101110
	Have 1 results, spent 3842195 clocks.
---------------------------------------------------------------------------------------------------
求得唯一解！
numAnalysesRounds:	4
startRound:	28
---------------------------------------------------------------------------------------------------
	Command being timed: "./bin/present80NS 1 4 22 50"
	User time (seconds): 218.21
	System time (seconds): 0.38
	Percent of CPU this job got: 99%
	Elapsed (wall clock) time (h:mm:ss or m:ss): 3:38.64
	Average shared text size (kbytes): 0
	Average unshared data size (kbytes): 0
	Average stack size (kbytes): 0
	Average total size (kbytes): 0
	Maximum resident set size (kbytes): 66564
	Average resident set size (kbytes): 0
	Major (requiring I/O) page faults: 0
	Minor (reclaiming a frame) page faults: 25430
	Voluntary context switches: 1
	Involuntary context switches: 526
	Swaps: 0
	File system inputs: 0
	File system outputs: 24
	Socket messages sent: 0
	Socket messages received: 0
	Signals delivered: 0
	Page size (bytes): 4096
	Exit status: 0
