sbox:	1100 0101 0110 1011 1001 0000 1010 1101 0011 1110 1111 1000 0100 0111 0001 0010 
8 = (3+1+5')(1'+0+7'+5)(3'+1+0+7')(1+0'+7'+5)(1'+7+5'+4')(0+6'+5+4')(3'+7'+6+5')(2+7+5+4)(2'+7'+5'+4')(2+1'+0'+7)(3'+2'+0'+5)(0+7+6+4)(3'+1'+6'+4)(3+1'+0'+4)(2'+6'+5'+4)(1+7+6+5+4')(3+1'+6+5)(3'+2+7+6')(3+2'+7+6')(2+0+7'+6)(2+0'+7'+6'+4')(2+6+5+4')(1+0'+6+5')(2'+0+5'+4')(3+7'+6'+5')(2'+7'+5+4)
e_sbox:	1101 0101 0110 1011 1001 0000 1010 1101 0011 1110 1111 1000 0100 0111 0001 0010 
8 = (3'+1+5+4')(3+1+0+4)(3+2+1'+5)(1'+0+7'+5)(3+1+0'+7')(3'+2'+0+5')(2'+7'+5'+4')(2'+6'+5'+4)(2+6+5'+4)(2'+1'+5+4)(3'+2+1'+7)(3'+1+0'+6)(3'+1'+0'+4')(3+2'+7+4')(0'+7+6'+4)(3+7+6+5')(3'+2+1+0+6')(2+0+7'+6)(0+7+6'+4')(1'+7'+6'+4)(2+0'+6'+5'+4')(2'+0'+7'+6)(3+6'+5'+4')(7'+6'+5+4)(0+6+5+4)(2+7+6+5)(2'+0+7'+6')
Max time :	3600
PRESENT_MODE:	80
SAT_MODE:	1
	SBOX_MODE:	102
	KSR_HAVEERROR:	0
	ENCYPT_HAVEERROR:	1
AnalysesRounds:	5
MinCiphers:	18
MaxCiphers:	50
Threads:	1
Master_key:	00100000110111111010101000110110011011001100110101110111000111100001000101000101
---------------------------------------------------------------------------------------------------
num_cipher:	18
	Total vars:	16412
	Total clauses:	44662
	Test == masterkey, spend 119672 clocks.
	Have 15 results, spent 3600593538 clocks.
num_cipher:	19
	Total vars:	17308
	Total clauses:	47094
	Test == masterkey, spend 175140 clocks.
解得主密钥:  8	00100000110111111010101000110110011011001100110101110111000111100001000101000101
	Have 9 results, spent 3610302869 clocks.
num_cipher:	20
	Total vars:	18204
	Total clauses:	49526
	Test == masterkey, spend 167914 clocks.

    end
