sbox:	1100 0101 0110 1011 1001 0000 1010 1101 0011 1110 1111 1000 0100 0111 0001 0010 
8 = (3+1+5')(1'+0+7'+5)(3'+1+0+7')(1+0'+7'+5)(1'+7+5'+4')(0+6'+5+4')(3'+7'+6+5')(2+7+5+4)(2'+7'+5'+4')(2+1'+0'+7)(3'+2'+0'+5)(0+7+6+4)(3'+1'+6'+4)(3+1'+0'+4)(2'+6'+5'+4)(1+7+6+5+4')(3+1'+6+5)(3'+2+7+6')(3+2'+7+6')(2+0+7'+6)(2+0'+7'+6'+4')(2+6+5+4')(1+0'+6+5')(2'+0+5'+4')(3+7'+6'+5')(2'+7'+5+4)
e_sbox:	1101 0101 0110 1011 1001 0000 1010 1101 0011 1110 1111 1000 0100 0111 0001 0010 
8 = (3'+1+5+4')(3+1+0+4)(3+2+1'+5)(1'+0+7'+5)(3+1+0'+7')(3'+2'+0+5')(2'+7'+5'+4')(2'+6'+5'+4)(2+6+5'+4)(2'+1'+5+4)(3'+2+1'+7)(3'+1+0'+6)(3'+1'+0'+4')(3+2'+7+4')(0'+7+6'+4)(3+7+6+5')(3'+2+1+0+6')(2+0+7'+6)(0+7+6'+4')(1'+7'+6'+4)(2+0'+6'+5'+4')(2'+0'+7'+6)(3+6'+5'+4')(7'+6'+5+4)(0+6+5+4)(2+7+6+5)(2'+0+7'+6')
Max time :	3600
PRESENT_MODE:	80
SAT_MODE:	1
	SBOX_MODE:	102
	KSR_HAVEERROR:	0
	ENCYPT_HAVEERROR:	1
AnalysesRounds:	5
MinCiphers:	17
MaxCiphers:	50
Threads:	1
Master_key:	00100101100010011010110101110111000100100000110010000101000111100101010011000101
---------------------------------------------------------------------------------------------------
num_cipher:	17
	Total vars:	15516
	Total clauses:	42230
	Test == masterkey, spend 171746 clocks.
	Have 32 results, spent 3601225141 clocks.
num_cipher:	18
	Total vars:	16412
	Total clauses:	44662
	Test == masterkey, spend 182085 clocks.
	Have 15 results, spent 3600147264 clocks.
num_cipher:	19
	Total vars:	17308
	Total clauses:	47094
	Test == masterkey, spend 188127 clocks.
	Have 6 results, spent 3076024654 clocks.
num_cipher:	20
	Total vars:	18204
	Total clauses:	49526
	Test == masterkey, spend 246081 clocks.
	Have 1 results, spent 467877593 clocks.
---------------------------------------------------------------------------------------------------
求得唯一解！
numAnalysesRounds:	5
startRound:	27
---------------------------------------------------------------------------------------------------
	Command being timed: "./bin/present80NS 1 5 17 50"
	User time (seconds): 10682.72
	System time (seconds): 63.75
	Percent of CPU this job got: 82%
	Elapsed (wall clock) time (h:mm:ss or m:ss): 3:36:26
	Average shared text size (kbytes): 0
	Average unshared data size (kbytes): 0
	Average stack size (kbytes): 0
	Average total size (kbytes): 0
	Maximum resident set size (kbytes): 107864
	Average resident set size (kbytes): 0
	Major (requiring I/O) page faults: 0
	Minor (reclaiming a frame) page faults: 93157
	Voluntary context switches: 2
	Involuntary context switches: 313716
	Swaps: 0
	File system inputs: 0
	File system outputs: 40
	Socket messages sent: 0
	Socket messages received: 0
	Signals delivered: 0
	Page size (bytes): 4096
	Exit status: 0
