sbox:	1100 0101 0110 1011 1001 0000 1010 1101 0011 1110 1111 1000 0100 0111 0001 0010 
8 = (3+1+5')(1'+0+7'+5)(3'+1+0+7')(1+0'+7'+5)(1'+7+5'+4')(0+6'+5+4')(3'+7'+6+5')(2+7+5+4)(2'+7'+5'+4')(2+1'+0'+7)(3'+2'+0'+5)(0+7+6+4)(3'+1'+6'+4)(3+1'+0'+4)(2'+6'+5'+4)(1+7+6+5+4')(3+1'+6+5)(3'+2+7+6')(3+2'+7+6')(2+0+7'+6)(2+0'+7'+6'+4')(2+6+5+4')(1+0'+6+5')(2'+0+5'+4')(3+7'+6'+5')(2'+7'+5+4)
e_sbox:	1101 0101 0110 1011 1001 0000 1010 1101 0011 1110 1111 1000 0100 0111 0001 0010 
8 = (3'+1+5+4')(3+1+0+4)(3+2+1'+5)(1'+0+7'+5)(3+1+0'+7')(3'+2'+0+5')(2'+7'+5'+4')(2'+6'+5'+4)(2+6+5'+4)(2'+1'+5+4)(3'+2+1'+7)(3'+1+0'+6)(3'+1'+0'+4')(3+2'+7+4')(0'+7+6'+4)(3+7+6+5')(3'+2+1+0+6')(2+0+7'+6)(0+7+6'+4')(1'+7'+6'+4)(2+0'+6'+5'+4')(2'+0'+7'+6)(3+6'+5'+4')(7'+6'+5+4)(0+6+5+4)(2+7+6+5)(2'+0+7'+6')
Max time :	3600
PRESENT_MODE:	80
SAT_MODE:	1
	SBOX_MODE:	102
	KSR_HAVEERROR:	0
	ENCYPT_HAVEERROR:	1
AnalysesRounds:	5
MinCiphers:	18
MaxCiphers:	50
Threads:	1
Master_key:	10000101100000011110001110111011011010110001111111011111110000011110011111100000
---------------------------------------------------------------------------------------------------
num_cipher:	18
	Total vars:	16412
	Total clauses:	44662
	Test == masterkey, spend 158042 clocks.
	Not solved within3600 seconds, Have 24 results.
num_cipher:	19
	Total vars:	17308
	Total clauses:	47094
	Test == masterkey, spend 167732 clocks.
	Not solved within3600 seconds, Have 18 results.
num_cipher:	20
	Total vars:	18204
	Total clauses:	49526
	Test == masterkey, spend 219586 clocks.
解得主密钥:  2	10000101100000011110001110111011011010110001111111011111110000011110011111100000
	Have 4 results, spent 1825244853 clocks.
num_cipher:	21
	Total vars:	19100
	Total clauses:	51958
	Test == masterkey, spend 261312 clocks.
解得主密钥:  3	10000101100000011110001110111011011010110001111111011111110000011110011111100000
	Have 3 results, spent 387559096 clocks.
num_cipher:	22
	Total vars:	19996
	Total clauses:	54390
	Test == masterkey, spend 257134 clocks.
解得主密钥:  1	10000101100000011110001110111011011010110001111111011111110000011110011111100000
	Have 2 results, spent 151599946 clocks.
num_cipher:	23
	Total vars:	20892
	Total clauses:	56822
	Test == masterkey, spend 294455 clocks.
解得主密钥:  2	10000101100000011110001110111011011010110001111111011111110000011110011111100000
	Have 2 results, spent 81787048 clocks.
num_cipher:	24
	Total vars:	21788
	Total clauses:	59254
	Test == masterkey, spend 349992 clocks.
解得主密钥:  1	10000101100000011110001110111011011010110001111111011111110000011110011111100000
	Have 1 results, spent 23752164 clocks.
---------------------------------------------------------------------------------------------------
求得唯一解！
numAnalysesRounds:	5
startRound:	27
---------------------------------------------------------------------------------------------------
	Command being timed: "./bin/present80NS 1 5 18 50"
	User time (seconds): 9662.29
	System time (seconds): 10.75
	Percent of CPU this job got: 99%
	Elapsed (wall clock) time (h:mm:ss or m:ss): 2:41:14
	Average shared text size (kbytes): 0
	Average unshared data size (kbytes): 0
	Average stack size (kbytes): 0
	Average total size (kbytes): 0
	Maximum resident set size (kbytes): 112724
	Average resident set size (kbytes): 0
	Major (requiring I/O) page faults: 0
	Minor (reclaiming a frame) page faults: 125510
	Voluntary context switches: 1
	Involuntary context switches: 9266
	Swaps: 0
	File system inputs: 0
	File system outputs: 96
	Socket messages sent: 0
	Socket messages received: 0
	Signals delivered: 0
	Page size (bytes): 4096
	Exit status: 0
