sbox:	1100 0101 0110 1011 1001 0000 1010 1101 0011 1110 1111 1000 0100 0111 0001 0010 
8 = (3+1+5')(1'+0+7'+5)(3'+1+0+7')(1+0'+7'+5)(1'+7+5'+4')(0+6'+5+4')(3'+7'+6+5')(2+7+5+4)(2'+7'+5'+4')(2+1'+0'+7)(3'+2'+0'+5)(0+7+6+4)(3'+1'+6'+4)(3+1'+0'+4)(2'+6'+5'+4)(1+7+6+5+4')(3+1'+6+5)(3'+2+7+6')(3+2'+7+6')(2+0+7'+6)(2+0'+7'+6'+4')(2+6+5+4')(1+0'+6+5')(2'+0+5'+4')(3+7'+6'+5')(2'+7'+5+4)
e_sbox:	1101 0101 0110 1011 1001 0000 1010 1101 0011 1110 1111 1000 0100 0111 0001 0010 
8 = (3'+1+5+4')(3+1+0+4)(3+2+1'+5)(1'+0+7'+5)(3+1+0'+7')(3'+2'+0+5')(2'+7'+5'+4')(2'+6'+5'+4)(2+6+5'+4)(2'+1'+5+4)(3'+2+1'+7)(3'+1+0'+6)(3'+1'+0'+4')(3+2'+7+4')(0'+7+6'+4)(3+7+6+5')(3'+2+1+0+6')(2+0+7'+6)(0+7+6'+4')(1'+7'+6'+4)(2+0'+6'+5'+4')(2'+0'+7'+6)(3+6'+5'+4')(7'+6'+5+4)(0+6+5+4)(2+7+6+5)(2'+0+7'+6')
Max time :	3600
PRESENT_MODE:	80
SAT_MODE:	1
	SBOX_MODE:	102
	KSR_HAVEERROR:	0
	ENCYPT_HAVEERROR:	1
AnalysesRounds:	7
MinCiphers:	18
MaxCiphers:	50
Threads:	1
Master_key:	00010001001001100110101011011111011101000010101001110100000011011110111010110111
---------------------------------------------------------------------------------------------------
num_cipher:	18
	Total vars:	23324
	Total clauses:	65398
	Test == masterkey, spend 601104 clocks.
	Not solved within3600 seconds, Have 0 results.
num_cipher:	19
	Total vars:	24604
	Total clauses:	68982
	Test == masterkey, spend 692514 clocks.
	Not solved within3600 seconds, Have 0 results.
num_cipher:	20
	Total vars:	25884
	Total clauses:	72566
	Test == masterkey, spend 783484 clocks.
解得主密钥:  1	00010001001001100110101011011111011101000010101001110100000011011110111010110111
	Not solved within3600 seconds, Have 1 results.
num_cipher:	21
	Total vars:	27164
	Total clauses:	76150
	Test == masterkey, spend 828952 clocks.
解得主密钥:  1	00010001001001100110101011011111011101000010101001110100000011011110111010110111
	Not solved within3600 seconds, Have 1 results.
num_cipher:	22
	Total vars:	28444
	Total clauses:	79734
	Test == masterkey, spend 963321 clocks.
解得主密钥:  1	00010001001001100110101011011111011101000010101001110100000011011110111010110111
	Not solved within3600 seconds, Have 1 results.
num_cipher:	23
	Total vars:	29724
	Total clauses:	83318
	Test == masterkey, spend 1138857 clocks.
解得主密钥:  1	00010001001001100110101011011111011101000010101001110100000011011110111010110111
	Have 1 results, spent 491428194 clocks.
---------------------------------------------------------------------------------------------------
求得唯一解！
numAnalysesRounds:	7
startRound:	25
---------------------------------------------------------------------------------------------------
	Command being timed: "./bin/present80NS 1 7 18 50"
	User time (seconds): 18493.78
	System time (seconds): 17.37
	Percent of CPU this job got: 99%
	Elapsed (wall clock) time (h:mm:ss or m:ss): 5:08:33
	Average shared text size (kbytes): 0
	Average unshared data size (kbytes): 0
	Average stack size (kbytes): 0
	Average total size (kbytes): 0
	Maximum resident set size (kbytes): 142996
	Average resident set size (kbytes): 0
	Major (requiring I/O) page faults: 0
	Minor (reclaiming a frame) page faults: 130013
	Voluntary context switches: 1
	Involuntary context switches: 21161
	Swaps: 0
	File system inputs: 0
	File system outputs: 88
	Socket messages sent: 0
	Socket messages received: 0
	Signals delivered: 0
	Page size (bytes): 4096
	Exit status: 0
