sbox:	1100 0101 0110 1011 1001 0000 1010 1101 0011 1110 1111 1000 0100 0111 0001 0010 
8 = (3+1+5')(1'+0+7'+5)(3'+1+0+7')(1+0'+7'+5)(1'+7+5'+4')(0+6'+5+4')(3'+7'+6+5')(2+7+5+4)(2'+7'+5'+4')(2+1'+0'+7)(3'+2'+0'+5)(0+7+6+4)(3'+1'+6'+4)(3+1'+0'+4)(2'+6'+5'+4)(1+7+6+5+4')(3+1'+6+5)(3'+2+7+6')(3+2'+7+6')(2+0+7'+6)(2+0'+7'+6'+4')(2+6+5+4')(1+0'+6+5')(2'+0+5'+4')(3+7'+6'+5')(2'+7'+5+4)
e_sbox:	1101 0101 0110 1011 1001 0000 1010 1101 0011 1110 1111 1000 0100 0111 0001 0010 
8 = (3'+1+5+4')(3+1+0+4)(3+2+1'+5)(1'+0+7'+5)(3+1+0'+7')(3'+2'+0+5')(2'+7'+5'+4')(2'+6'+5'+4)(2+6+5'+4)(2'+1'+5+4)(3'+2+1'+7)(3'+1+0'+6)(3'+1'+0'+4')(3+2'+7+4')(0'+7+6'+4)(3+7+6+5')(3'+2+1+0+6')(2+0+7'+6)(0+7+6'+4')(1'+7'+6'+4)(2+0'+6'+5'+4')(2'+0'+7'+6)(3+6'+5'+4')(7'+6'+5+4)(0+6+5+4)(2+7+6+5)(2'+0+7'+6')
Max time :	3600
PRESENT_MODE:	80
SAT_MODE:	2
	SBOX_MODE:	102
	KSR_HAVEERROR:	1
	ENCYPT_HAVEERROR:	1
AnalysesRounds:	5
MinCiphers:	18
MaxCiphers:	30
Threads:	1
Master_key:	01000110100101011100110000100011111000010011010100111110110011110011110111010001
---------------------------------------------------------------------------------------------------
num_cipher:	18
	Total vars:	16536
	Total clauses:	44848
	Test == masterkey, spend 180609 clocks.
	Not solved within 3600 seconds, Have 13 results.
num_cipher:	19
	Total vars:	17432
	Total clauses:	47280
	Test == masterkey, spend 143261 clocks.
解得主密钥:  3	01000110100101011100110000100011111000010011010100111110110011110011110111010001
	Have 3 results, spent 562069050 clocks.
num_cipher:	20
	Total vars:	18328
	Total clauses:	49712
	Test == masterkey, spend 180961 clocks.
解得主密钥:  2	01000110100101011100110000100011111000010011010100111110110011110011110111010001
	Have 3 results, spent 149953948 clocks.
num_cipher:	21
	Total vars:	19224
	Total clauses:	52144
	Test == masterkey, spend 189335 clocks.
解得主密钥:  1	01000110100101011100110000100011111000010011010100111110110011110011110111010001
	Have 3 results, spent 42741388 clocks.
num_cipher:	22
	Total vars:	20120
	Total clauses:	54576
	Test == masterkey, spend 228180 clocks.
解得主密钥:  2	01000110100101011100110000100011111000010011010100111110110011110011110111010001
	Have 3 results, spent 9515807 clocks.
num_cipher:	23
	Total vars:	21016
	Total clauses:	57008
	Test == masterkey, spend 250407 clocks.
解得主密钥:  2	01000110100101011100110000100011111000010011010100111110110011110011110111010001
	Have 3 results, spent 8719075 clocks.
num_cipher:	24
	Total vars:	21912
	Total clauses:	59440
	Test == masterkey, spend 314404 clocks.
解得主密钥:  2	01000110100101011100110000100011111000010011010100111110110011110011110111010001
	Have 3 results, spent 5210878 clocks.
num_cipher:	25
	Total vars:	22808
	Total clauses:	61872
	Test == masterkey, spend 331098 clocks.
解得主密钥:  3	01000110100101011100110000100011111000010011010100111110110011110011110111010001
	Have 3 results, spent 4839535 clocks.
num_cipher:	26
	Total vars:	23704
	Total clauses:	64304
	Test == masterkey, spend 352926 clocks.
解得主密钥:  2	01000110100101011100110000100011111000010011010100111110110011110011110111010001
	Have 3 results, spent 4105494 clocks.
num_cipher:	27
	Total vars:	24600
	Total clauses:	66736
	Test == masterkey, spend 359743 clocks.
解得主密钥:  1	01000110100101011100110000100011111000010011010100111110110011110011110111010001
	Have 3 results, spent 2603541 clocks.
num_cipher:	28
	Total vars:	25496
	Total clauses:	69168
	Test == masterkey, spend 458105 clocks.
解得主密钥:  3	01000110100101011100110000100011111000010011010100111110110011110011110111010001
	Have 3 results, spent 2459192 clocks.
num_cipher:	29
	Total vars:	26392
	Total clauses:	71600
	Test == masterkey, spend 509092 clocks.
解得主密钥:  2	01000110100101011100110000100011111000010011010100111110110011110011110111010001
	Have 3 results, spent 1945640 clocks.
num_cipher:	30
	Total vars:	27288
	Total clauses:	74032
	Test == masterkey, spend 484778 clocks.
解得主密钥:  3	01000110100101011100110000100011111000010011010100111110110011110011110111010001
	Have 3 results, spent 1845559 clocks.
---------------------------------------------------------------------------------------------------
	Command being timed: "./bin/present80NSNK 1 5 18 30"
	User time (seconds): 4398.26
	System time (seconds): 3.47
	Percent of CPU this job got: 99%
	Elapsed (wall clock) time (h:mm:ss or m:ss): 1:13:23
	Average shared text size (kbytes): 0
	Average unshared data size (kbytes): 0
	Average stack size (kbytes): 0
	Average total size (kbytes): 0
	Maximum resident set size (kbytes): 119080
	Average resident set size (kbytes): 0
	Major (requiring I/O) page faults: 0
	Minor (reclaiming a frame) page faults: 64898
	Voluntary context switches: 1
	Involuntary context switches: 12058
	Swaps: 0
	File system inputs: 0
	File system outputs: 120
	Socket messages sent: 0
	Socket messages received: 0
	Signals delivered: 0
	Page size (bytes): 4096
	Exit status: 0
