sbox:	1100 0101 0110 1011 1001 0000 1010 1101 0011 1110 1111 1000 0100 0111 0001 0010 
8 = (3+1+5')(1'+0+7'+5)(3'+1+0+7')(1+0'+7'+5)(1'+7+5'+4')(0+6'+5+4')(3'+7'+6+5')(2+7+5+4)(2'+7'+5'+4')(2+1'+0'+7)(3'+2'+0'+5)(0+7+6+4)(3'+1'+6'+4)(3+1'+0'+4)(2'+6'+5'+4)(1+7+6+5+4')(3+1'+6+5)(3'+2+7+6')(3+2'+7+6')(2+0+7'+6)(2+0'+7'+6'+4')(2+6+5+4')(1+0'+6+5')(2'+0+5'+4')(3+7'+6'+5')(2'+7'+5+4)
e_sbox:	1101 0101 0110 1011 1001 0000 1010 1101 0011 1110 1111 1000 0100 0111 0001 0010 
8 = (3'+1+5+4')(3+1+0+4)(3+2+1'+5)(1'+0+7'+5)(3+1+0'+7')(3'+2'+0+5')(2'+7'+5'+4')(2'+6'+5'+4)(2+6+5'+4)(2'+1'+5+4)(3'+2+1'+7)(3'+1+0'+6)(3'+1'+0'+4')(3+2'+7+4')(0'+7+6'+4)(3+7+6+5')(3'+2+1+0+6')(2+0+7'+6)(0+7+6'+4')(1'+7'+6'+4)(2+0'+6'+5'+4')(2'+0'+7'+6)(3+6'+5'+4')(7'+6'+5+4)(0+6+5+4)(2+7+6+5)(2'+0+7'+6')
Max time :	3600
PRESENT_MODE:	80
SAT_MODE:	2
	SBOX_MODE:	102
	KSR_HAVEERROR:	1
	ENCYPT_HAVEERROR:	1
AnalysesRounds:	6
MinCiphers:	18
MaxCiphers:	30
Threads:	1
Master_key:	01000110100101011100110000100011111000010011010100111110110011110011110111010001
---------------------------------------------------------------------------------------------------
num_cipher:	18
	Total vars:	19992
	Total clauses:	55216
	Test == masterkey, spend 244741 clocks.
	Not solved within 3600 seconds, Have 0 results.
num_cipher:	19
	Total vars:	21080
	Total clauses:	58224
	Test == masterkey, spend 312045 clocks.
解得主密钥:  3	01000110100101011100110000100011111000010011010100111110110011110011110111010001
	Have 3 results, spent 2615495820 clocks.
num_cipher:	20
	Total vars:	22168
	Total clauses:	61232
	Test == masterkey, spend 335675 clocks.
解得主密钥:  3	01000110100101011100110000100011111000010011010100111110110011110011110111010001
	Have 3 results, spent 415017926 clocks.
num_cipher:	21
	Total vars:	23256
	Total clauses:	64240
	Test == masterkey, spend 609162 clocks.
解得主密钥:  3	01000110100101011100110000100011111000010011010100111110110011110011110111010001
	Have 3 results, spent 102624950 clocks.
num_cipher:	22
	Total vars:	24344
	Total clauses:	67248
	Test == masterkey, spend 468633 clocks.
解得主密钥:  2	01000110100101011100110000100011111000010011010100111110110011110011110111010001
	Have 3 results, spent 37803866 clocks.
num_cipher:	23
	Total vars:	25432
	Total clauses:	70256
	Test == masterkey, spend 547270 clocks.
解得主密钥:  3	01000110100101011100110000100011111000010011010100111110110011110011110111010001
	Have 3 results, spent 24569972 clocks.
num_cipher:	24
	Total vars:	26520
	Total clauses:	73264
	Test == masterkey, spend 619812 clocks.
解得主密钥:  1	01000110100101011100110000100011111000010011010100111110110011110011110111010001
	Have 3 results, spent 14734131 clocks.
num_cipher:	25
	Total vars:	27608
	Total clauses:	76272
	Test == masterkey, spend 657601 clocks.
解得主密钥:  2	01000110100101011100110000100011111000010011010100111110110011110011110111010001
	Have 3 results, spent 9679464 clocks.
num_cipher:	26
	Total vars:	28696
	Total clauses:	79280
	Test == masterkey, spend 800684 clocks.
解得主密钥:  2	01000110100101011100110000100011111000010011010100111110110011110011110111010001
	Have 3 results, spent 5834886 clocks.
num_cipher:	27
	Total vars:	29784
	Total clauses:	82288
	Test == masterkey, spend 1178379 clocks.
解得主密钥:  3	01000110100101011100110000100011111000010011010100111110110011110011110111010001
	Have 3 results, spent 4315615 clocks.
num_cipher:	28
	Total vars:	30872
	Total clauses:	85296
	Test == masterkey, spend 917797 clocks.
解得主密钥:  3	01000110100101011100110000100011111000010011010100111110110011110011110111010001
	Have 3 results, spent 4407942 clocks.
num_cipher:	29
	Total vars:	31960
	Total clauses:	88304
	Test == masterkey, spend 1157523 clocks.
解得主密钥:  3	01000110100101011100110000100011111000010011010100111110110011110011110111010001
	Have 3 results, spent 4214700 clocks.
num_cipher:	30
	Total vars:	33048
	Total clauses:	91312
	Test == masterkey, spend 1636411 clocks.
解得主密钥:  1	01000110100101011100110000100011111000010011010100111110110011110011110111010001
	Have 3 results, spent 4345489 clocks.
---------------------------------------------------------------------------------------------------
	Command being timed: "./bin/present80NSNK 1 6 18 30"
	User time (seconds): 6852.28
	System time (seconds): 4.25
	Percent of CPU this job got: 99%
	Elapsed (wall clock) time (h:mm:ss or m:ss): 1:54:17
	Average shared text size (kbytes): 0
	Average unshared data size (kbytes): 0
	Average stack size (kbytes): 0
	Average total size (kbytes): 0
	Maximum resident set size (kbytes): 121852
	Average resident set size (kbytes): 0
	Major (requiring I/O) page faults: 0
	Minor (reclaiming a frame) page faults: 79594
	Voluntary context switches: 2
	Involuntary context switches: 10243
	Swaps: 0
	File system inputs: 0
	File system outputs: 144
	Socket messages sent: 0
	Socket messages received: 0
	Signals delivered: 0
	Page size (bytes): 4096
	Exit status: 0
