sbox:	1100 0101 0110 1011 1001 0000 1010 1101 0011 1110 1111 1000 0100 0111 0001 0010 
8 = (3+1+5')(1'+0+7'+5)(3'+1+0+7')(1+0'+7'+5)(1'+7+5'+4')(0+6'+5+4')(3'+7'+6+5')(2+7+5+4)(2'+7'+5'+4')(2+1'+0'+7)(3'+2'+0'+5)(0+7+6+4)(3'+1'+6'+4)(3+1'+0'+4)(2'+6'+5'+4)(1+7+6+5+4')(3+1'+6+5)(3'+2+7+6')(3+2'+7+6')(2+0+7'+6)(2+0'+7'+6'+4')(2+6+5+4')(1+0'+6+5')(2'+0+5'+4')(3+7'+6'+5')(2'+7'+5+4)
e_sbox:	1101 0101 0110 1011 1001 0000 1010 1101 0011 1110 1111 1000 0100 0111 0001 0010 
8 = (3'+1+5+4')(3+1+0+4)(3+2+1'+5)(1'+0+7'+5)(3+1+0'+7')(3'+2'+0+5')(2'+7'+5'+4')(2'+6'+5'+4)(2+6+5'+4)(2'+1'+5+4)(3'+2+1'+7)(3'+1+0'+6)(3'+1'+0'+4')(3+2'+7+4')(0'+7+6'+4)(3+7+6+5')(3'+2+1+0+6')(2+0+7'+6)(0+7+6'+4')(1'+7'+6'+4)(2+0'+6'+5'+4')(2'+0'+7'+6)(3+6'+5'+4')(7'+6'+5+4)(0+6+5+4)(2+7+6+5)(2'+0+7'+6')
Max time :	3600
PRESENT_MODE:	80
SAT_MODE:	2
	SBOX_MODE:	102
	KSR_HAVEERROR:	1
	ENCYPT_HAVEERROR:	1
AnalysesRounds:	9
MinCiphers:	18
MaxCiphers:	30
Threads:	1
Master_key:	01000110100101011100110000100011111000010011010100111110110011110011110111010001
---------------------------------------------------------------------------------------------------
num_cipher:	18
	Total vars:	30360
	Total clauses:	86320
	Test == masterkey, spend 1620921 clocks.
	Not solved within 3600 seconds, Have 0 results.
num_cipher:	19
	Total vars:	32024
	Total clauses:	91056
	Test == masterkey, spend 1713749 clocks.
	Not solved within 3600 seconds, Have 0 results.
num_cipher:	20
	Total vars:	33688
	Total clauses:	95792
	Test == masterkey, spend 1667616 clocks.
解得主密钥:  2	01000110100101011100110000100011111000010011010100111110110011110011110111010001
	Have 3 results, spent 2102300563 clocks.
num_cipher:	21
	Total vars:	35352
	Total clauses:	100528
	Test == masterkey, spend 2072519 clocks.
解得主密钥:  2	01000110100101011100110000100011111000010011010100111110110011110011110111010001
	Have 3 results, spent 1332304555 clocks.
num_cipher:	22
	Total vars:	37016
	Total clauses:	105264
	Test == masterkey, spend 2288555 clocks.
解得主密钥:  2	01000110100101011100110000100011111000010011010100111110110011110011110111010001
	Have 3 results, spent 438960568 clocks.
num_cipher:	23
	Total vars:	38680
	Total clauses:	110000
	Test == masterkey, spend 2967115 clocks.
解得主密钥:  2	01000110100101011100110000100011111000010011010100111110110011110011110111010001
	Have 3 results, spent 106361230 clocks.
num_cipher:	24
	Total vars:	40344
	Total clauses:	114736
	Test == masterkey, spend 2781813 clocks.
解得主密钥:  2	01000110100101011100110000100011111000010011010100111110110011110011110111010001
	Have 3 results, spent 63494144 clocks.
num_cipher:	25
	Total vars:	42008
	Total clauses:	119472
	Test == masterkey, spend 3416120 clocks.
解得主密钥:  2	01000110100101011100110000100011111000010011010100111110110011110011110111010001
	Have 3 results, spent 36617396 clocks.
num_cipher:	26
	Total vars:	43672
	Total clauses:	124208
	Test == masterkey, spend 3948213 clocks.
解得主密钥:  2	01000110100101011100110000100011111000010011010100111110110011110011110111010001
	Have 3 results, spent 31106612 clocks.
num_cipher:	27
	Total vars:	45336
	Total clauses:	128944
	Test == masterkey, spend 3751321 clocks.
解得主密钥:  1	01000110100101011100110000100011111000010011010100111110110011110011110111010001
	Have 3 results, spent 21340771 clocks.
num_cipher:	28
	Total vars:	47000
	Total clauses:	133680
	Test == masterkey, spend 4610633 clocks.
解得主密钥:  2	01000110100101011100110000100011111000010011010100111110110011110011110111010001
	Have 3 results, spent 11036160 clocks.
num_cipher:	29
	Total vars:	48664
	Total clauses:	138416
	Test == masterkey, spend 4785363 clocks.
解得主密钥:  3	01000110100101011100110000100011111000010011010100111110110011110011110111010001
	Have 3 results, spent 9067742 clocks.
num_cipher:	30
	Total vars:	50328
	Total clauses:	143152
	Test == masterkey, spend 4350160 clocks.
解得主密钥:  3	01000110100101011100110000100011111000010011010100111110110011110011110111010001
	Have 3 results, spent 7215527 clocks.
---------------------------------------------------------------------------------------------------
	Command being timed: "./bin/present80NSNK 1 9 18 30"
	User time (seconds): 11401.02
	System time (seconds): 5.65
	Percent of CPU this job got: 99%
	Elapsed (wall clock) time (h:mm:ss or m:ss): 3:10:06
	Average shared text size (kbytes): 0
	Average unshared data size (kbytes): 0
	Average stack size (kbytes): 0
	Average total size (kbytes): 0
	Maximum resident set size (kbytes): 146956
	Average resident set size (kbytes): 0
	Major (requiring I/O) page faults: 0
	Minor (reclaiming a frame) page faults: 70835
	Voluntary context switches: 1
	Involuntary context switches: 4867
	Swaps: 0
	File system inputs: 0
	File system outputs: 160
	Socket messages sent: 0
	Socket messages received: 0
	Signals delivered: 0
	Page size (bytes): 4096
	Exit status: 0
