sbox:	1100 0110 1001 0000 0001 1010 0010 1011 0011 1000 0101 1101 0100 1110 0111 1111 
y3 = 0  2  3  23  4  
y2 = 1  2  3  12  4  
y1 = 0  3  01  12  13  23  123  
y0 = 1  2  3  01  02  03  13  012  123  
e_sbox:	1101 0110 1001 0000 0001 1010 0010 1011 0011 1000 0101 1101 0100 1110 0111 1111 
y3' = 0  2  3  23  4  
y2' = 1  2  3  12  4  
y1' = 0  3  01  12  13  23  123  
y0' = 0  12  23  013  023  0123  4  
Max time :	3600
SKINNY_MODE:	64
TWEAKEY_MODE:	1
SAT_MODE:	1
	SBOX_MODE:	101
	ENCYPT_HAVEERROR:	301
AnalysesRounds:	7
MinCiphers:	20
MaxCiphers:	40
Threads:	1
---------------------------------------------------------------------------------------------------
num_cipher:	20
	Total vars:	49948
	Total clauses:	99164
	Test == masterkey, spend 3992695 clocks.
解得主密钥:  1	1101011000011111001100010001110001001111100110011011001111111010
	Have 1 results, spent 72817051 clocks.
---------------------------------------------------------------------------------------------------
求得唯一解！
numAnalysesRounds:	7
startRound:	25
---------------------------------------------------------------------------------------------------
	Command being timed: "./bin/skinny_64_1 1 7 20 40"
	User time (seconds): 76.74
	System time (seconds): 0.27
	Percent of CPU this job got: 100%
	Elapsed (wall clock) time (h:mm:ss or m:ss): 1:17.01
	Average shared text size (kbytes): 0
	Average unshared data size (kbytes): 0
	Average stack size (kbytes): 0
	Average total size (kbytes): 0
	Maximum resident set size (kbytes): 90592
	Average resident set size (kbytes): 0
	Major (requiring I/O) page faults: 0
	Minor (reclaiming a frame) page faults: 33565
	Voluntary context switches: 1
	Involuntary context switches: 134
	Swaps: 0
	File system inputs: 0
	File system outputs: 16
	Socket messages sent: 0
	Socket messages received: 0
	Signals delivered: 0
	Page size (bytes): 4096
	Exit status: 0
