sbox:	1100 0101 0110 1011 1001 0000 1010 1101 0011 1110 1111 1000 0100 0111 0001 0010 
y3 = 0  1  3  12  012  013  023  4  
y2 = 2  3  01  03  13  013  023  4  
y1 = 1  3  13  23  012  013  023  
y0 = 0  2  3  12  
e_sbox:	1101 0101 0110 1011 1001 0000 1010 1101 0011 1110 1111 1000 0100 0111 0001 0010 
y3' = 0  1  3  12  012  013  023  4  
y2' = 2  3  01  03  13  013  023  4  
y1' = 1  3  13  23  012  013  023  
y0' = 1  01  02  03  13  23  012  013  023  123  0123  4  
Max time :	3600
PRESENT_MODE:	128
SAT_MODE:	0
	SBOX_MODE:	101
	KSR_HAVEERROR:	0
	ENCYPT_HAVEERROR:	1
AnalysesRounds:	10
MinCiphers:	27
MaxCiphers:	50
Threads:	1
Master_key:	00111000001011001000001000010101111110100111001100000101011011001101111111000110110110010001110010000111101000001110001100010001
---------------------------------------------------------------------------------------------------
num_cipher:	27
	Total vars:	113582
	Total clauses:	467218
	Test == masterkey, spend 19556838 clocks.
	Not solved within3600 seconds, Have 0 results.
num_cipher:	28
	Total vars:	117742
	Total clauses:	484338
	Test == masterkey, spend 20552313 clocks.
	Not solved within3600 seconds, Have 0 results.
num_cipher:	29
	Total vars:	121902
	Total clauses:	501458
	Test == masterkey, spend 22248291 clocks.
	Not solved within3600 seconds, Have 0 results.
num_cipher:	30
	Total vars:	126062
	Total clauses:	518578
	Test == masterkey, spend 22877752 clocks.
	Not solved within3600 seconds, Have 0 results.
num_cipher:	31
	Total vars:	130222
	Total clauses:	535698
	Test == masterkey, spend 26056087 clocks.
	Not solved within3600 seconds, Have 0 results.
num_cipher:	32
	Total vars:	134382
	Total clauses:	552818
	Test == masterkey, spend 26334540 clocks.
	Not solved within3600 seconds, Have 0 results.
num_cipher:	33
	Total vars:	138542
	Total clauses:	569938
	Test == masterkey, spend 26945443 clocks.
	Not solved within3600 seconds, Have 0 results.
num_cipher:	34
	Total vars:	142702
	Total clauses:	587058
	Test == masterkey, spend 27786045 clocks.
	Not solved within3600 seconds, Have 0 results.
num_cipher:	35
	Total vars:	146862
	Total clauses:	604178
	Test == masterkey, spend 27751716 clocks.

    end
