sbox:	1100 0101 0110 1011 1001 0000 1010 1101 0011 1110 1111 1000 0100 0111 0001 0010 
y3 = 0  1  3  12  012  013  023  4  
y2 = 2  3  01  03  13  013  023  4  
y1 = 1  3  13  23  012  013  023  
y0 = 0  2  3  12  
e_sbox:	1101 0101 0110 1011 1001 0000 1010 1101 0011 1110 1111 1000 0100 0111 0001 0010 
y3' = 0  1  3  12  012  013  023  4  
y2' = 2  3  01  03  13  013  023  4  
y1' = 1  3  13  23  012  013  023  
y0' = 1  01  02  03  13  23  012  013  023  123  0123  4  
Max time :	3600
PRESENT_MODE:	128
SAT_MODE:	0
	SBOX_MODE:	101
	KSR_HAVEERROR:	0
	ENCYPT_HAVEERROR:	1
AnalysesRounds:	10
MinCiphers:	35
MaxCiphers:	50
Threads:	1
Master_key:	00100011010110101011110101001011011101100001010010001111101011011001110111000001110101010000001011111111100101001110101000001011
---------------------------------------------------------------------------------------------------
num_cipher:	35
	Total vars:	146862
	Total clauses:	604178
	Test == masterkey, spend 36045911 clocks.
	Not solved within 3600 seconds, Have 0 results.
num_cipher:	36
	Total vars:	151022
	Total clauses:	621298
	Test == masterkey, spend 35942673 clocks.
	Not solved within 3600 seconds, Have 0 results.
num_cipher:	37
	Total vars:	155182
	Total clauses:	638418
	Test == masterkey, spend 39443522 clocks.
	Not solved within 3600 seconds, Have 0 results.
num_cipher:	38
	Total vars:	159342
	Total clauses:	655538
	Test == masterkey, spend 38155235 clocks.
	Not solved within 3600 seconds, Have 0 results.
num_cipher:	39
	Total vars:	163502
	Total clauses:	672658
	Test == masterkey, spend 40546316 clocks.
	Not solved within 3600 seconds, Have 0 results.
num_cipher:	40
	Total vars:	167662
	Total clauses:	689778
	Test == masterkey, spend 41468041 clocks.
	Not solved within 3600 seconds, Have 0 results.
num_cipher:	41
	Total vars:	171822
	Total clauses:	706898
	Test == masterkey, spend 42850291 clocks.
	Not solved within 3600 seconds, Have 0 results.
num_cipher:	42
	Total vars:	175982
	Total clauses:	724018
	Test == masterkey, spend 40680442 clocks.
	Not solved within 3600 seconds, Have 0 results.
num_cipher:	43
	Total vars:	180142
	Total clauses:	741138
	Test == masterkey, spend 43777175 clocks.
	Not solved within 3600 seconds, Have 0 results.
num_cipher:	44
	Total vars:	184302
	Total clauses:	758258
	Test == masterkey, spend 41612850 clocks.
	Not solved within 3600 seconds, Have 0 results.
num_cipher:	45
	Total vars:	188462
	Total clauses:	775378
	Test == masterkey, spend 55011360 clocks.
	Not solved within 3600 seconds, Have 0 results.
num_cipher:	46
	Total vars:	192622
	Total clauses:	792498
	Test == masterkey, spend 48951550 clocks.
	Not solved within 3600 seconds, Have 0 results.
num_cipher:	47
	Total vars:	196782
	Total clauses:	809618
	Test == masterkey, spend 56191726 clocks.
	Not solved within 3600 seconds, Have 0 results.
num_cipher:	48
	Total vars:	200942
	Total clauses:	826738
	Test == masterkey, spend 55979478 clocks.
	Not solved within 3600 seconds, Have 0 results.
num_cipher:	49
	Total vars:	205102
	Total clauses:	843858
	Test == masterkey, spend 58626032 clocks.
	Not solved within 3600 seconds, Have 0 results.
num_cipher:	50
	Total vars:	209262
	Total clauses:	860978
	Test == masterkey, spend 63079399 clocks.
	Not solved within 3600 seconds, Have 0 results.
---------------------------------------------------------------------------------------------------
	Command being timed: "./bin/present128 1 10 35 50"
	User time (seconds): 58356.10
	System time (seconds): 93.73
	Percent of CPU this job got: 99%
	Elapsed (wall clock) time (h:mm:ss or m:ss): 16:14:22
	Average shared text size (kbytes): 0
	Average unshared data size (kbytes): 0
	Average stack size (kbytes): 0
	Average total size (kbytes): 0
	Maximum resident set size (kbytes): 339876
	Average resident set size (kbytes): 0
	Major (requiring I/O) page faults: 0
	Minor (reclaiming a frame) page faults: 3487025
	Voluntary context switches: 1
	Involuntary context switches: 108923
	Swaps: 0
	File system inputs: 0
	File system outputs: 264
	Socket messages sent: 0
	Socket messages received: 0
	Signals delivered: 0
	Page size (bytes): 4096
	Exit status: 0
