sbox:	1100 0101 0110 1011 1001 0000 1010 1101 0011 1110 1111 1000 0100 0111 0001 0010 
y3 = 0  1  3  12  012  013  023  4  
y2 = 2  3  01  03  13  013  023  4  
y1 = 1  3  13  23  012  013  023  
y0 = 0  2  3  12  
e_sbox:	1101 0101 0110 1011 1001 0000 1010 1101 0011 1110 1111 1000 0100 0111 0001 0010 
y3' = 0  1  3  12  012  013  023  4  
y2' = 2  3  01  03  13  013  023  4  
y1' = 1  3  13  23  012  013  023  
y0' = 1  01  02  03  13  23  012  013  023  123  0123  4  
Max time :	3600
PRESENT_MODE:	128
SAT_MODE:	0
	SBOX_MODE:	101
	KSR_HAVEERROR:	0
	ENCYPT_HAVEERROR:	1
AnalysesRounds:	6
MinCiphers:	27
MaxCiphers:	50
Threads:	1
Master_key:	01001110010100011110001111001000100110011110110000111001000111101010100000010011111000101001010001010001101110001011100000001101
---------------------------------------------------------------------------------------------------
num_cipher:	27
	Total vars:	65198
	Total clauses:	263314
	Test == masterkey, spend 6170745 clocks.
	Not solved within3600 seconds, Have 0 results.
num_cipher:	28
	Total vars:	67566
	Total clauses:	272882
	Test == masterkey, spend 8125844 clocks.
	Not solved within3600 seconds, Have 0 results.
num_cipher:	29
	Total vars:	69934
	Total clauses:	282450
	Test == masterkey, spend 8516208 clocks.
	Not solved within3600 seconds, Have 0 results.
num_cipher:	30
	Total vars:	72302
	Total clauses:	292018
	Test == masterkey, spend 8521659 clocks.
	Not solved within3600 seconds, Have 0 results.
num_cipher:	31
	Total vars:	74670
	Total clauses:	301586
	Test == masterkey, spend 8844115 clocks.
	Not solved within3600 seconds, Have 0 results.
num_cipher:	32
	Total vars:	77038
	Total clauses:	311154
	Test == masterkey, spend 8896230 clocks.
	Not solved within3600 seconds, Have 0 results.
num_cipher:	33
	Total vars:	79406
	Total clauses:	320722
	Test == masterkey, spend 9853195 clocks.
	Not solved within3600 seconds, Have 0 results.
num_cipher:	34
	Total vars:	81774
	Total clauses:	330290
	Test == masterkey, spend 9314855 clocks.
	Not solved within3600 seconds, Have 0 results.
num_cipher:	35
	Total vars:	84142
	Total clauses:	339858
	Test == masterkey, spend 9101529 clocks.
	Not solved within3600 seconds, Have 0 results.
num_cipher:	36
	Total vars:	86510
	Total clauses:	349426
	Test == masterkey, spend 8930265 clocks.
	Not solved within3600 seconds, Have 0 results.
num_cipher:	37
	Total vars:	88878
	Total clauses:	358994
	Test == masterkey, spend 8941819 clocks.
	Not solved within3600 seconds, Have 0 results.
num_cipher:	38
	Total vars:	91246
	Total clauses:	368562
	Test == masterkey, spend 10494790 clocks.
	Not solved within3600 seconds, Have 0 results.
num_cipher:	39
	Total vars:	93614
	Total clauses:	378130
	Test == masterkey, spend 10067733 clocks.
解得主密钥:  1	01001110010100011110001111001000100110011110110000111001000111101010100000010011111000101001010001010001101110001011100000001101
	Have 1 results, spent 3190993653 clocks.
---------------------------------------------------------------------------------------------------
求得唯一解！
numAnalysesRounds:	6
startRound:	26
---------------------------------------------------------------------------------------------------
	Command being timed: "./bin/present128 1 6 27 50"
	User time (seconds): 46506.32
	System time (seconds): 98.80
	Percent of CPU this job got: 99%
	Elapsed (wall clock) time (h:mm:ss or m:ss): 12:58:12
	Average shared text size (kbytes): 0
	Average unshared data size (kbytes): 0
	Average stack size (kbytes): 0
	Average total size (kbytes): 0
	Maximum resident set size (kbytes): 217432
	Average resident set size (kbytes): 0
	Major (requiring I/O) page faults: 0
	Minor (reclaiming a frame) page faults: 1179206
	Voluntary context switches: 1
	Involuntary context switches: 286722
	Swaps: 0
	File system inputs: 0
	File system outputs: 216
	Socket messages sent: 0
	Socket messages received: 0
	Signals delivered: 0
	Page size (bytes): 4096
	Exit status: 0
