sbox:	1100 0101 0110 1011 1001 0000 1010 1101 0011 1110 1111 1000 0100 0111 0001 0010 
y3 = 0  1  3  12  012  013  023  4  
y2 = 2  3  01  03  13  013  023  4  
y1 = 1  3  13  23  012  013  023  
y0 = 0  2  3  12  
e_sbox:	1101 0101 0110 1011 1001 0000 1010 1101 0011 1110 1111 1000 0100 0111 0001 0010 
y3' = 0  1  3  12  012  013  023  4  
y2' = 2  3  01  03  13  013  023  4  
y1' = 1  3  13  23  012  013  023  
y0' = 1  01  02  03  13  23  012  013  023  123  0123  4  
PRESENT_MODE:	128
SAT_MODE:	0
	SBOX_MODE:	101
	KSR_HAVEERROR:	0
	ENCYPT_HAVEERROR:	1
AnalysesRounds:	7
MinCiphers:	45
MaxCiphers:	128
Threads:	1
Master_key:	11111101101011001010011011010110000100001101001101110001110101011010110010000100111111110111100100011101000101100101110101101011
---------------------------------------------------------------------------------------------------
num_cipher:	45
	Total vars:	127982
	Total clauses:	520498
	Test == masterkey, spend 12689090 clocks.
	Have 1 results, spent 1996967114 clocks.
---------------------------------------------------------------------------------------------------
求得唯一解！
numAnalysesRounds:	7
startRound:	25
---------------------------------------------------------------------------------------------------
	Command being timed: "./bin/present128 1 7 45 128"
	User time (seconds): 2009.09
	System time (seconds): 1.69
	Percent of CPU this job got: 99%
	Elapsed (wall clock) time (h:mm:ss or m:ss): 33:31.17
	Average shared text size (kbytes): 0
	Average unshared data size (kbytes): 0
	Average stack size (kbytes): 0
	Average total size (kbytes): 0
	Maximum resident set size (kbytes): 202028
	Average resident set size (kbytes): 0
	Major (requiring I/O) page faults: 0
	Minor (reclaiming a frame) page faults: 102908
	Voluntary context switches: 1
	Involuntary context switches: 5573
	Swaps: 0
	File system inputs: 0
	File system outputs: 24
	Socket messages sent: 0
	Socket messages received: 0
	Signals delivered: 0
	Page size (bytes): 4096
	Exit status: 0
