sbox:	1100 0101 0110 1011 1001 0000 1010 1101 0011 1110 1111 1000 0100 0111 0001 0010 
y3 = 0  1  3  12  012  013  023  4  
y2 = 2  3  01  03  13  013  023  4  
y1 = 1  3  13  23  012  013  023  
y0 = 0  2  3  12  
e_sbox:	1101 0101 0110 1011 1001 0000 1010 1101 0011 1110 1111 1000 0100 0111 0001 0010 
y3' = 0  1  3  12  012  013  023  4  
y2' = 2  3  01  03  13  013  023  4  
y1' = 1  3  13  23  012  013  023  
y0' = 1  01  02  03  13  23  012  013  023  123  0123  4  
PRESENT_MODE:	128
SAT_MODE:	0
	SBOX_MODE:	101
	KSR_HAVEERROR:	0
	ENCYPT_HAVEERROR:	1
AnalysesRounds:	7
MinCiphers:	45
MaxCiphers:	128
Threads:	1
Master_key:	10111100000100100010000001010000101000011000011101000101000010100001100101101010010100001010000011110101011111011010100001011110
---------------------------------------------------------------------------------------------------
num_cipher:	45
	Total vars:	127982
	Total clauses:	520498
	Test == masterkey, spend 10931895 clocks.
	Have 1 results, spent 23737073392 clocks.
---------------------------------------------------------------------------------------------------
求得唯一解！
numAnalysesRounds:	7
startRound:	25
---------------------------------------------------------------------------------------------------
	Command being timed: "./bin/present128 1 7 45 128"
	User time (seconds): 23719.24
	System time (seconds): 29.68
	Percent of CPU this job got: 99%
	Elapsed (wall clock) time (h:mm:ss or m:ss): 6:35:52
	Average shared text size (kbytes): 0
	Average unshared data size (kbytes): 0
	Average stack size (kbytes): 0
	Average total size (kbytes): 0
	Maximum resident set size (kbytes): 310744
	Average resident set size (kbytes): 0
	Major (requiring I/O) page faults: 0
	Minor (reclaiming a frame) page faults: 5304535
	Voluntary context switches: 1
	Involuntary context switches: 85365
	Swaps: 0
	File system inputs: 0
	File system outputs: 24
	Socket messages sent: 0
	Socket messages received: 0
	Signals delivered: 0
	Page size (bytes): 4096
	Exit status: 0
