sbox:	1100 0101 0110 1011 1001 0000 1010 1101 0011 1110 1111 1000 0100 0111 0001 0010 
y3 = 0  1  3  12  012  013  023  4  
y2 = 2  3  01  03  13  013  023  4  
y1 = 1  3  13  23  012  013  023  
y0 = 0  2  3  12  
e_sbox:	1101 0101 0110 1011 1001 0000 1010 1101 0011 1110 1111 1000 0100 0111 0001 0010 
y3' = 0  1  3  12  012  013  023  4  
y2' = 2  3  01  03  13  013  023  4  
y1' = 1  3  13  23  012  013  023  
y0' = 1  01  02  03  13  23  012  013  023  123  0123  4  
PRESENT_MODE:	128
SAT_MODE:	0
	SBOX_MODE:	101
	KSR_HAVEERROR:	0
	ENCYPT_HAVEERROR:	1
AnalysesRounds:	9
MinCiphers:	40
MaxCiphers:	128
Threads:	1
Master_key:	01010101111011100100001010111101110101110011100001101111011001111101110010110010001001001011011001101110010001001000011001101010
---------------------------------------------------------------------------------------------------
num_cipher:	40
	Total vars:	149742
	Total clauses:	614258
	Test == masterkey, spend 27355654 clocks.
	Have 1 results, spent 70444596846 clocks.
---------------------------------------------------------------------------------------------------
求得唯一解！
numAnalysesRounds:	9
startRound:	23
---------------------------------------------------------------------------------------------------
	Command being timed: "./bin/present128 1 9 40 128"
	User time (seconds): 70355.90
	System time (seconds): 117.64
	Percent of CPU this job got: 99%
	Elapsed (wall clock) time (h:mm:ss or m:ss): 19:34:44
	Average shared text size (kbytes): 0
	Average unshared data size (kbytes): 0
	Average stack size (kbytes): 0
	Average total size (kbytes): 0
	Maximum resident set size (kbytes): 309592
	Average resident set size (kbytes): 0
	Major (requiring I/O) page faults: 0
	Minor (reclaiming a frame) page faults: 9692864
	Voluntary context switches: 1
	Involuntary context switches: 164133
	Swaps: 0
	File system inputs: 0
	File system outputs: 16
	Socket messages sent: 0
	Socket messages received: 0
	Signals delivered: 0
	Page size (bytes): 4096
	Exit status: 0
