sbox:	1100 0101 0110 1011 1001 0000 1010 1101 0011 1110 1111 1000 0100 0111 0001 0010 
y3 = 0  1  3  12  012  013  023  4  
y2 = 2  3  01  03  13  013  023  4  
y1 = 1  3  13  23  012  013  023  
y0 = 0  2  3  12  
e_sbox:	1101 0101 0110 1011 1001 0000 1010 1101 0011 1110 1111 1000 0100 0111 0001 0010 
y3' = 0  1  3  12  012  013  023  4  
y2' = 2  3  01  03  13  013  023  4  
y1' = 1  3  13  23  012  013  023  
y0' = 1  01  02  03  13  23  012  013  023  123  0123  4  
Max time :	3600
PRESENT_MODE:	128
SAT_MODE:	0
	SBOX_MODE:	101
	KSR_HAVEERROR:	0
	ENCYPT_HAVEERROR:	1
AnalysesRounds:	9
MinCiphers:	27
MaxCiphers:	50
Threads:	1
Master_key:	00011101110110000110111010000101100001100010111000110111110101010111111100111111001110101010110110000101111011110101101011000011
---------------------------------------------------------------------------------------------------
num_cipher:	27
	Total vars:	101486
	Total clauses:	416242
	Test == masterkey, spend 19274976 clocks.
	Not solved within3600 seconds, Have 0 results.
num_cipher:	28
	Total vars:	105198
	Total clauses:	431474
	Test == masterkey, spend 21853642 clocks.
	Not solved within3600 seconds, Have 0 results.
num_cipher:	29
	Total vars:	108910
	Total clauses:	446706
	Test == masterkey, spend 20705658 clocks.
	Not solved within3600 seconds, Have 0 results.
num_cipher:	30
	Total vars:	112622
	Total clauses:	461938
	Test == masterkey, spend 23273777 clocks.
	Not solved within3600 seconds, Have 0 results.
num_cipher:	31
	Total vars:	116334
	Total clauses:	477170
	Test == masterkey, spend 20247858 clocks.
	Not solved within3600 seconds, Have 0 results.
num_cipher:	32
	Total vars:	120046
	Total clauses:	492402
	Test == masterkey, spend 20803761 clocks.
	Not solved within3600 seconds, Have 0 results.
num_cipher:	33
	Total vars:	123758
	Total clauses:	507634
	Test == masterkey, spend 24464401 clocks.
	Not solved within3600 seconds, Have 0 results.
num_cipher:	34
	Total vars:	127470
	Total clauses:	522866
	Test == masterkey, spend 22284488 clocks.
	Not solved within3600 seconds, Have 0 results.
num_cipher:	35
	Total vars:	131182
	Total clauses:	538098
	Test == masterkey, spend 24531066 clocks.
	Not solved within3600 seconds, Have 0 results.
num_cipher:	36
	Total vars:	134894
	Total clauses:	553330
	Test == masterkey, spend 25722867 clocks.
	Not solved within3600 seconds, Have 0 results.
num_cipher:	37
	Total vars:	138606
	Total clauses:	568562
	Test == masterkey, spend 25188488 clocks.
	Not solved within3600 seconds, Have 0 results.
num_cipher:	38
	Total vars:	142318
	Total clauses:	583794
	Test == masterkey, spend 29139576 clocks.
	Not solved within3600 seconds, Have 0 results.
num_cipher:	39
	Total vars:	146030
	Total clauses:	599026
	Test == masterkey, spend 30862645 clocks.
	Not solved within3600 seconds, Have 0 results.
num_cipher:	40
	Total vars:	149742
	Total clauses:	614258
	Test == masterkey, spend 30317463 clocks.
	Not solved within3600 seconds, Have 0 results.
num_cipher:	41
	Total vars:	153454
	Total clauses:	629490
	Test == masterkey, spend 29591376 clocks.
	Not solved within3600 seconds, Have 0 results.
num_cipher:	42
	Total vars:	157166
	Total clauses:	644722
	Test == masterkey, spend 31226911 clocks.
	Not solved within3600 seconds, Have 0 results.
num_cipher:	43
	Total vars:	160878
	Total clauses:	659954
	Test == masterkey, spend 39733920 clocks.
	Not solved within3600 seconds, Have 0 results.
num_cipher:	44
	Total vars:	164590
	Total clauses:	675186
	Test == masterkey, spend 28411592 clocks.
	Not solved within3600 seconds, Have 0 results.
num_cipher:	45
	Total vars:	168302
	Total clauses:	690418
	Test == masterkey, spend 38834529 clocks.
解得主密钥:  1	00011101110110000110111010000101100001100010111000110111110101010111111100111111001110101010110110000101111011110101101011000011
	Have 1 results, spent 2145568553 clocks.
---------------------------------------------------------------------------------------------------
求得唯一解！
numAnalysesRounds:	9
startRound:	23
---------------------------------------------------------------------------------------------------
	Command being timed: "./bin/present128 1 9 27 50"
	User time (seconds): 67469.59
	System time (seconds): 70.96
	Percent of CPU this job got: 99%
	Elapsed (wall clock) time (h:mm:ss or m:ss): 18:47:16
	Average shared text size (kbytes): 0
	Average unshared data size (kbytes): 0
	Average stack size (kbytes): 0
	Average total size (kbytes): 0
	Maximum resident set size (kbytes): 298432
	Average resident set size (kbytes): 0
	Major (requiring I/O) page faults: 0
	Minor (reclaiming a frame) page faults: 1735458
	Voluntary context switches: 0
	Involuntary context switches: 133704
	Swaps: 0
	File system inputs: 0
	File system outputs: 320
	Socket messages sent: 0
	Socket messages received: 0
	Signals delivered: 0
	Page size (bytes): 4096
	Exit status: 0
