sbox:	1100 0110 1001 0000 0001 1010 0010 1011 0011 1000 0101 1101 0100 1110 0111 1111 
y3 = 0  2  3  23  4  
y2 = 1  2  3  12  4  
y1 = 0  3  01  12  13  23  123  
y0 = 1  2  3  01  02  03  13  012  123  
e_sbox:	1101 0110 1001 0000 0001 1010 0010 1011 0011 1000 0101 1101 0100 1110 0111 1111 
y3' = 0  2  3  23  4  
y2' = 1  2  3  12  4  
y1' = 0  3  01  12  13  23  123  
y0' = 0  12  23  013  023  0123  4  
Max time :	3600
SKINNY_MODE:	64
TWEAKEY_MODE:	2
SAT_MODE:	1
	SBOX_MODE:	101
	ENCYPT_HAVEERROR:	301
AnalysesRounds:	6
MinCiphers:	38
MaxCiphers:	100
Threads:	1
---------------------------------------------------------------------------------------------------
num_cipher:	38
	Total vars:	99714
	Total clauses:	281986
	Test == masterkey, spend 11551395 clocks.
	Have more than 1024 results, spent 1609019183 clocks.
num_cipher:	39
	Total vars:	102297
	Total clauses:	289369
	Test == masterkey, spend 13765719 clocks.
	Have more than 1024 results, spent 1459106588 clocks.
num_cipher:	40
	Total vars:	104880
	Total clauses:	296752
	Test == masterkey, spend 12727256 clocks.
解得主密钥:  821	10001001001001110110011010100100000110001000100111011111011100000111011110010011011101011011101011111001110000111110000110001001
	Have 871 results, spent 1352629579 clocks.
num_cipher:	41
	Total vars:	107463
	Total clauses:	304135
	Test == masterkey, spend 13742644 clocks.
解得主密钥:  268	10001001001001110110011010100100000110001000100111011111011100000111011110010011011101011011101011111001110000111110000110001001
	Have 541 results, spent 896438714 clocks.
num_cipher:	42
	Total vars:	110046
	Total clauses:	311518
	Test == masterkey, spend 15651994 clocks.
解得主密钥:  33	10001001001001110110011010100100000110001000100111011111011100000111011110010011011101011011101011111001110000111110000110001001
	Have 63 results, spent 513337378 clocks.
num_cipher:	43
	Total vars:	112629
	Total clauses:	318901
	Test == masterkey, spend 13985765 clocks.
解得主密钥:  25	10001001001001110110011010100100000110001000100111011111011100000111011110010011011101011011101011111001110000111110000110001001
	Have 34 results, spent 499662851 clocks.
num_cipher:	44
	Total vars:	115212
	Total clauses:	326284
	Test == masterkey, spend 18373864 clocks.
解得主密钥:  3	10001001001001110110011010100100000110001000100111011111011100000111011110010011011101011011101011111001110000111110000110001001
	Have 6 results, spent 430585640 clocks.
num_cipher:	45
	Total vars:	117795
	Total clauses:	333667
	Test == masterkey, spend 18197437 clocks.
解得主密钥:  3	10001001001001110110011010100100000110001000100111011111011100000111011110010011011101011011101011111001110000111110000110001001
	Have 6 results, spent 436943046 clocks.
num_cipher:	46
	Total vars:	120378
	Total clauses:	341050
	Test == masterkey, spend 19924512 clocks.
解得主密钥:  2	10001001001001110110011010100100000110001000100111011111011100000111011110010011011101011011101011111001110000111110000110001001
	Have 3 results, spent 386521776 clocks.
num_cipher:	47
	Total vars:	122961
	Total clauses:	348433
	Test == masterkey, spend 21484362 clocks.
解得主密钥:  2	10001001001001110110011010100100000110001000100111011111011100000111011110010011011101011011101011111001110000111110000110001001
	Have 3 results, spent 431643180 clocks.
num_cipher:	48
	Total vars:	125544
	Total clauses:	355816
	Test == masterkey, spend 19207324 clocks.
解得主密钥:  2	10001001001001110110011010100100000110001000100111011111011100000111011110010011011101011011101011111001110000111110000110001001
	Have 2 results, spent 468455021 clocks.
num_cipher:	49
	Total vars:	128127
	Total clauses:	363199
	Test == masterkey, spend 18293635 clocks.
解得主密钥:  1	10001001001001110110011010100100000110001000100111011111011100000111011110010011011101011011101011111001110000111110000110001001
	Have 2 results, spent 438202036 clocks.
num_cipher:	50
	Total vars:	130710
	Total clauses:	370582
	Test == masterkey, spend 19216843 clocks.
解得主密钥:  1	10001001001001110110011010100100000110001000100111011111011100000111011110010011011101011011101011111001110000111110000110001001
	Have 2 results, spent 454443399 clocks.
num_cipher:	51
	Total vars:	133293
	Total clauses:	377965
	Test == masterkey, spend 23410055 clocks.
解得主密钥:  2	10001001001001110110011010100100000110001000100111011111011100000111011110010011011101011011101011111001110000111110000110001001
	Have 2 results, spent 462885382 clocks.
num_cipher:	52
	Total vars:	135876
	Total clauses:	385348
	Test == masterkey, spend 21823502 clocks.
解得主密钥:  1	10001001001001110110011010100100000110001000100111011111011100000111011110010011011101011011101011111001110000111110000110001001
	Have 2 results, spent 553115550 clocks.
num_cipher:	53
	Total vars:	138459
	Total clauses:	392731
	Test == masterkey, spend 23416441 clocks.
解得主密钥:  1	10001001001001110110011010100100000110001000100111011111011100000111011110010011011101011011101011111001110000111110000110001001
	Have 2 results, spent 531358115 clocks.
num_cipher:	54
	Total vars:	141042
	Total clauses:	400114
	Test == masterkey, spend 24355766 clocks.
解得主密钥:  2	10001001001001110110011010100100000110001000100111011111011100000111011110010011011101011011101011111001110000111110000110001001
	Have 2 results, spent 408037269 clocks.
num_cipher:	55
	Total vars:	143625
	Total clauses:	407497
	Test == masterkey, spend 20726428 clocks.
解得主密钥:  2	10001001001001110110011010100100000110001000100111011111011100000111011110010011011101011011101011111001110000111110000110001001
	Have 2 results, spent 409134554 clocks.
num_cipher:	56
	Total vars:	146208
	Total clauses:	414880
	Test == masterkey, spend 25844330 clocks.
解得主密钥:  1	10001001001001110110011010100100000110001000100111011111011100000111011110010011011101011011101011111001110000111110000110001001
	Have 2 results, spent 374793558 clocks.
num_cipher:	57
	Total vars:	148791
	Total clauses:	422263
	Test == masterkey, spend 26302204 clocks.
解得主密钥:  1	10001001001001110110011010100100000110001000100111011111011100000111011110010011011101011011101011111001110000111110000110001001
	Have 2 results, spent 384950668 clocks.
num_cipher:	58
	Total vars:	151374
	Total clauses:	429646
	Test == masterkey, spend 26699764 clocks.
解得主密钥:  1	10001001001001110110011010100100000110001000100111011111011100000111011110010011011101011011101011111001110000111110000110001001
	Have 2 results, spent 451088883 clocks.
num_cipher:	59
	Total vars:	153957
	Total clauses:	437029
	Test == masterkey, spend 29037509 clocks.
解得主密钥:  1	10001001001001110110011010100100000110001000100111011111011100000111011110010011011101011011101011111001110000111110000110001001
	Have 2 results, spent 403683625 clocks.
num_cipher:	60
	Total vars:	156540
	Total clauses:	444412
	Test == masterkey, spend 24295214 clocks.
解得主密钥:  2	10001001001001110110011010100100000110001000100111011111011100000111011110010011011101011011101011111001110000111110000110001001
	Have 2 results, spent 406898066 clocks.
num_cipher:	61
	Total vars:	159123
	Total clauses:	451795
	Test == masterkey, spend 28987761 clocks.
解得主密钥:  1	10001001001001110110011010100100000110001000100111011111011100000111011110010011011101011011101011111001110000111110000110001001
	Have 2 results, spent 392406903 clocks.
num_cipher:	62
	Total vars:	161706
	Total clauses:	459178
	Test == masterkey, spend 25882521 clocks.
解得主密钥:  2	10001001001001110110011010100100000110001000100111011111011100000111011110010011011101011011101011111001110000111110000110001001
	Have 2 results, spent 392266723 clocks.
num_cipher:	63
	Total vars:	164289
	Total clauses:	466561
	Test == masterkey, spend 33266611 clocks.
解得主密钥:  1	10001001001001110110011010100100000110001000100111011111011100000111011110010011011101011011101011111001110000111110000110001001
	Have 2 results, spent 473446884 clocks.
num_cipher:	64
	Total vars:	166872
	Total clauses:	473944
	Test == masterkey, spend 36493415 clocks.
解得主密钥:  1	10001001001001110110011010100100000110001000100111011111011100000111011110010011011101011011101011111001110000111110000110001001
	Have 2 results, spent 423766606 clocks.
num_cipher:	65
	Total vars:	169455
	Total clauses:	481327
	Test == masterkey, spend 34006656 clocks.
解得主密钥:  1	10001001001001110110011010100100000110001000100111011111011100000111011110010011011101011011101011111001110000111110000110001001
	Have 1 results, spent 461787761 clocks.
---------------------------------------------------------------------------------------------------
求得唯一解！
numAnalysesRounds:	6
startRound:	30
---------------------------------------------------------------------------------------------------
	Command being timed: "./bin/skinny_64_2 1 6 38 100"
	User time (seconds): 16525.40
	System time (seconds): 19.60
	Percent of CPU this job got: 99%
	Elapsed (wall clock) time (h:mm:ss or m:ss): 4:35:46
	Average shared text size (kbytes): 0
	Average unshared data size (kbytes): 0
	Average stack size (kbytes): 0
	Average total size (kbytes): 0
	Maximum resident set size (kbytes): 194028
	Average resident set size (kbytes): 0
	Major (requiring I/O) page faults: 0
	Minor (reclaiming a frame) page faults: 484994
	Voluntary context switches: 3
	Involuntary context switches: 22940
	Swaps: 0
	File system inputs: 0
	File system outputs: 296
	Socket messages sent: 0
	Socket messages received: 0
	Signals delivered: 0
	Page size (bytes): 4096
	Exit status: 0
