sbox:	1100 0110 1001 0000 0001 1010 0010 1011 0011 1000 0101 1101 0100 1110 0111 1111 
y3 = 0  2  3  23  4  
y2 = 1  2  3  12  4  
y1 = 0  3  01  12  13  23  123  
y0 = 1  2  3  01  02  03  13  012  123  
e_sbox:	1101 0110 1001 0000 0001 1010 0010 1011 0011 1000 0101 1101 0100 1110 0111 1111 
y3' = 0  2  3  23  4  
y2' = 1  2  3  12  4  
y1' = 0  3  01  12  13  23  123  
y0' = 0  12  23  013  023  0123  4  
Max time :	3600
SKINNY_MODE:	64
TWEAKEY_MODE:	2
SAT_MODE:	1
	SBOX_MODE:	101
	ENCYPT_HAVEERROR:	301
AnalysesRounds:	8
MinCiphers:	36
MaxCiphers:	80
Threads:	1
---------------------------------------------------------------------------------------------------
num_cipher:	36
	Total vars:	124860
	Total clauses:	355132
	Test == masterkey, spend 27507295 clocks.
	Not solved within 3600 seconds, Have 0 results.
num_cipher:	37
	Total vars:	128285
	Total clauses:	364957
	Test == masterkey, spend 25938095 clocks.
	Not solved within 3600 seconds, Have 0 results.
num_cipher:	38
	Total vars:	131710
	Total clauses:	374782
	Test == masterkey, spend 30728154 clocks.
	Not solved within 3600 seconds, Have 0 results.
num_cipher:	39
	Total vars:	135135
	Total clauses:	384607
	Test == masterkey, spend 31439562 clocks.
	Not solved within 3600 seconds, Have 0 results.
num_cipher:	40
	Total vars:	138560
	Total clauses:	394432
	Test == masterkey, spend 33732830 clocks.
	Not solved within 3600 seconds, Have 0 results.
num_cipher:	41
	Total vars:	141985
	Total clauses:	404257
	Test == masterkey, spend 36108729 clocks.
	Not solved within 3600 seconds, Have 0 results.
num_cipher:	42
	Total vars:	145410
	Total clauses:	414082
	Test == masterkey, spend 40512627 clocks.
	Not solved within 3600 seconds, Have 0 results.
num_cipher:	43
	Total vars:	148835
	Total clauses:	423907
	Test == masterkey, spend 37605748 clocks.
	Not solved within 3600 seconds, Have 0 results.
num_cipher:	44
	Total vars:	152260
	Total clauses:	433732
	Test == masterkey, spend 35934804 clocks.
	Not solved within 3600 seconds, Have 0 results.
num_cipher:	45
	Total vars:	155685
	Total clauses:	443557
	Test == masterkey, spend 38490851 clocks.
	Not solved within 3600 seconds, Have 0 results.
num_cipher:	46
	Total vars:	159110
	Total clauses:	453382
	Test == masterkey, spend 47615988 clocks.
	Not solved within 3600 seconds, Have 0 results.
num_cipher:	47
	Total vars:	162535
	Total clauses:	463207
	Test == masterkey, spend 54144871 clocks.
	Not solved within 3600 seconds, Have 0 results.
num_cipher:	48
	Total vars:	165960
	Total clauses:	473032
	Test == masterkey, spend 54666265 clocks.
	Not solved within 3600 seconds, Have 0 results.
num_cipher:	49
	Total vars:	169385
	Total clauses:	482857
	Test == masterkey, spend 56895303 clocks.
	Not solved within 3600 seconds, Have 0 results.
num_cipher:	50
	Total vars:	172810
	Total clauses:	492682
	Test == masterkey, spend 59225071 clocks.
	Not solved within 3600 seconds, Have 0 results.
num_cipher:	51
	Total vars:	176235
	Total clauses:	502507
	Test == masterkey, spend 60153988 clocks.
	Not solved within 3600 seconds, Have 0 results.
num_cipher:	52
	Total vars:	179660
	Total clauses:	512332
	Test == masterkey, spend 61027819 clocks.
	Not solved within 3600 seconds, Have 0 results.
num_cipher:	53
	Total vars:	183085
	Total clauses:	522157
	Test == masterkey, spend 67726323 clocks.
	Not solved within 3600 seconds, Have 0 results.
num_cipher:	54
	Total vars:	186510
	Total clauses:	531982
	Test == masterkey, spend 74221028 clocks.

    end
