sbox:	1100 0110 1001 0000 0001 1010 0010 1011 0011 1000 0101 1101 0100 1110 0111 1111 
y3 = 0  2  3  23  4  
y2 = 1  2  3  12  4  
y1 = 0  3  01  12  13  23  123  
y0 = 1  2  3  01  02  03  13  012  123  
e_sbox:	1101 0110 1001 0000 0001 1010 0010 1011 0011 1000 0101 1101 0100 1110 0111 1111 
y3' = 0  2  3  23  4  
y2' = 1  2  3  12  4  
y1' = 0  3  01  12  13  23  123  
y0' = 0  12  23  013  023  0123  4  
Max time :	3600
SKINNY_MODE:	64
TWEAKEY_MODE:	2
SAT_MODE:	1
	SBOX_MODE:	101
	ENCYPT_HAVEERROR:	301
AnalysesRounds:	5
MinCiphers:	80
MaxCiphers:	100
Threads:	1
---------------------------------------------------------------------------------------------------
num_cipher:	80
	Total vars:	142600
	Total clauses:	283272
	Test == masterkey, spend 30885306 clocks.
解得主密钥:  6	11010110000111110011000100011100010011111001100110110011111110100100010101010111011000110001111001100100101001011111011101010101
	Have 16 results, spent 143842274 clocks.
num_cipher:	81
	Total vars:	144363
	Total clauses:	286795
	Test == masterkey, spend 29861447 clocks.
解得主密钥:  8	11010110000111110011000100011100010011111001100110110011111110100100010101010111011000110001111001100100101001011111011101010101
	Have 16 results, spent 145992572 clocks.
num_cipher:	82
	Total vars:	146126
	Total clauses:	290318
	Test == masterkey, spend 29536967 clocks.
解得主密钥:  3	11010110000111110011000100011100010011111001100110110011111110100100010101010111011000110001111001100100101001011111011101010101
	Have 16 results, spent 188308903 clocks.
num_cipher:	83
	Total vars:	147889
	Total clauses:	293841
	Test == masterkey, spend 28027404 clocks.
解得主密钥:  10	11010110000111110011000100011100010011111001100110110011111110100100010101010111011000110001111001100100101001011111011101010101
	Have 10 results, spent 166795880 clocks.
num_cipher:	84
	Total vars:	149652
	Total clauses:	297364
	Test == masterkey, spend 27135278 clocks.
解得主密钥:  6	11010110000111110011000100011100010011111001100110110011111110100100010101010111011000110001111001100100101001011111011101010101
	Have 8 results, spent 173145991 clocks.
num_cipher:	85
	Total vars:	151415
	Total clauses:	300887
	Test == masterkey, spend 26673687 clocks.
解得主密钥:  6	11010110000111110011000100011100010011111001100110110011111110100100010101010111011000110001111001100100101001011111011101010101
	Have 8 results, spent 127631289 clocks.
num_cipher:	86
	Total vars:	153178
	Total clauses:	304410
	Test == masterkey, spend 30370201 clocks.
解得主密钥:  1	11010110000111110011000100011100010011111001100110110011111110100100010101010111011000110001111001100100101001011111011101010101
	Have 8 results, spent 197873355 clocks.
num_cipher:	87
	Total vars:	154941
	Total clauses:	307933
	Test == masterkey, spend 28461263 clocks.
解得主密钥:  1	11010110000111110011000100011100010011111001100110110011111110100100010101010111011000110001111001100100101001011111011101010101
	Have 8 results, spent 192769584 clocks.
num_cipher:	88
	Total vars:	156704
	Total clauses:	311456
	Test == masterkey, spend 31096740 clocks.
解得主密钥:  5	11010110000111110011000100011100010011111001100110110011111110100100010101010111011000110001111001100100101001011111011101010101
	Have 8 results, spent 171458601 clocks.
num_cipher:	89
	Total vars:	158467
	Total clauses:	314979
	Test == masterkey, spend 38440132 clocks.
解得主密钥:  6	11010110000111110011000100011100010011111001100110110011111110100100010101010111011000110001111001100100101001011111011101010101
	Have 8 results, spent 196372195 clocks.
num_cipher:	90
	Total vars:	160230
	Total clauses:	318502
	Test == masterkey, spend 40157200 clocks.
解得主密钥:  6	11010110000111110011000100011100010011111001100110110011111110100100010101010111011000110001111001100100101001011111011101010101
	Have 8 results, spent 181868973 clocks.
num_cipher:	91
	Total vars:	161993
	Total clauses:	322025
	Test == masterkey, spend 41231914 clocks.
解得主密钥:  6	11010110000111110011000100011100010011111001100110110011111110100100010101010111011000110001111001100100101001011111011101010101
	Have 8 results, spent 215837244 clocks.
num_cipher:	92
	Total vars:	163756
	Total clauses:	325548
	Test == masterkey, spend 41260162 clocks.
解得主密钥:  3	11010110000111110011000100011100010011111001100110110011111110100100010101010111011000110001111001100100101001011111011101010101
	Have 8 results, spent 232971392 clocks.
num_cipher:	93
	Total vars:	165519
	Total clauses:	329071
	Test == masterkey, spend 40420694 clocks.
解得主密钥:  4	11010110000111110011000100011100010011111001100110110011111110100100010101010111011000110001111001100100101001011111011101010101
	Have 8 results, spent 218955444 clocks.
num_cipher:	94
	Total vars:	167282
	Total clauses:	332594
	Test == masterkey, spend 48422053 clocks.
解得主密钥:  6	11010110000111110011000100011100010011111001100110110011111110100100010101010111011000110001111001100100101001011111011101010101
	Have 8 results, spent 235070701 clocks.
num_cipher:	95
	Total vars:	169045
	Total clauses:	336117
	Test == masterkey, spend 35189963 clocks.
解得主密钥:  3	11010110000111110011000100011100010011111001100110110011111110100100010101010111011000110001111001100100101001011111011101010101
	Have 8 results, spent 223401219 clocks.
num_cipher:	96
	Total vars:	170808
	Total clauses:	339640
	Test == masterkey, spend 52247648 clocks.
解得主密钥:  7	11010110000111110011000100011100010011111001100110110011111110100100010101010111011000110001111001100100101001011111011101010101
	Have 8 results, spent 222777349 clocks.
num_cipher:	97
	Total vars:	172571
	Total clauses:	343163
	Test == masterkey, spend 47003033 clocks.
解得主密钥:  3	11010110000111110011000100011100010011111001100110110011111110100100010101010111011000110001111001100100101001011111011101010101
	Have 8 results, spent 225719177 clocks.
num_cipher:	98
	Total vars:	174334
	Total clauses:	346686
	Test == masterkey, spend 48317047 clocks.
解得主密钥:  1	11010110000111110011000100011100010011111001100110110011111110100100010101010111011000110001111001100100101001011111011101010101
	Have 8 results, spent 225938671 clocks.
num_cipher:	99
	Total vars:	176097
	Total clauses:	350209
	Test == masterkey, spend 49378942 clocks.
解得主密钥:  4	11010110000111110011000100011100010011111001100110110011111110100100010101010111011000110001111001100100101001011111011101010101
	Have 8 results, spent 225705005 clocks.
num_cipher:	100
	Total vars:	177860
	Total clauses:	353732
	Test == masterkey, spend 43768462 clocks.
解得主密钥:  1	11010110000111110011000100011100010011111001100110110011111110100100010101010111011000110001111001100100101001011111011101010101
	Have 8 results, spent 234126044 clocks.
---------------------------------------------------------------------------------------------------
	Command being timed: "./bin/skinny_64_2 1 5 80 100"
	User time (seconds): 4944.62
	System time (seconds): 3.84
	Percent of CPU this job got: 99%
	Elapsed (wall clock) time (h:mm:ss or m:ss): 1:22:29
	Average shared text size (kbytes): 0
	Average unshared data size (kbytes): 0
	Average stack size (kbytes): 0
	Average total size (kbytes): 0
	Maximum resident set size (kbytes): 168580
	Average resident set size (kbytes): 0
	Major (requiring I/O) page faults: 0
	Minor (reclaiming a frame) page faults: 273166
	Voluntary context switches: 1
	Involuntary context switches: 12462
	Swaps: 0
	File system inputs: 0
	File system outputs: 424
	Socket messages sent: 0
	Socket messages received: 0
	Signals delivered: 0
	Page size (bytes): 4096
	Exit status: 0
