sbox:	1100 0101 0110 1011 1001 0000 1010 1101 0011 1110 1111 1000 0100 0111 0001 0010 
8 = (3+1+5')(1'+0+7'+5)(3'+1+0+7')(1+0'+7'+5)(1'+7+5'+4')(0+6'+5+4')(3'+7'+6+5')(2+7+5+4)(2'+7'+5'+4')(2+1'+0'+7)(3'+2'+0'+5)(0+7+6+4)(3'+1'+6'+4)(3+1'+0'+4)(2'+6'+5'+4)(1+7+6+5+4')(3+1'+6+5)(3'+2+7+6')(3+2'+7+6')(2+0+7'+6)(2+0'+7'+6'+4')(2+6+5+4')(1+0'+6+5')(2'+0+5'+4')(3+7'+6'+5')(2'+7'+5+4)
e_sbox:	1101 0101 0110 1011 1001 0000 1010 1101 0011 1110 1111 1000 0100 0111 0001 0010 
8 = (3'+1+5+4')(3+1+0+4)(3+2+1'+5)(1'+0+7'+5)(3+1+0'+7')(3'+2'+0+5')(2'+7'+5'+4')(2'+6'+5'+4)(2+6+5'+4)(2'+1'+5+4)(3'+2+1'+7)(3'+1+0'+6)(3'+1'+0'+4')(3+2'+7+4')(0'+7+6'+4)(3+7+6+5')(3'+2+1+0+6')(2+0+7'+6)(0+7+6'+4')(1'+7'+6'+4)(2+0'+6'+5'+4')(2'+0'+7'+6)(3+6'+5'+4')(7'+6'+5+4)(0+6+5+4)(2+7+6+5)(2'+0+7'+6')
Max time :	3600
PRESENT_MODE:	128
SAT_MODE:	1
	SBOX_MODE:	102
	KSR_HAVEERROR:	0
	ENCYPT_HAVEERROR:	1
AnalysesRounds:	4
MinCiphers:	40
MaxCiphers:	50
Threads:	1
Master_key:	00011101111100110001011011100010011111001111001001000110100101011100110000100011111000010011010100111110110011110011110111010001
---------------------------------------------------------------------------------------------------
num_cipher:	40
	Total vars:	28616
	Total clauses:	75932
	Test == masterkey, spend 440735 clocks.
	Have more than 1024 results, spent 23678481 clocks.
num_cipher:	41
	Total vars:	29320
	Total clauses:	77788
	Test == masterkey, spend 392305 clocks.
解得主密钥:  208	00011101111100110001011011100010011111001111001001000110100101011100110000100011111000010011010100111110110011110011110111010001
	Have more than 1024 results, spent 19889339 clocks.
num_cipher:	42
	Total vars:	30024
	Total clauses:	79644
	Test == masterkey, spend 504161 clocks.
	Have more than 1024 results, spent 19453487 clocks.
num_cipher:	43
	Total vars:	30728
	Total clauses:	81500
	Test == masterkey, spend 594565 clocks.
	Have more than 1024 results, spent 19696579 clocks.
num_cipher:	44
	Total vars:	31432
	Total clauses:	83356
	Test == masterkey, spend 515345 clocks.
	Have more than 1024 results, spent 21067378 clocks.
num_cipher:	45
	Total vars:	32136
	Total clauses:	85212
	Test == masterkey, spend 625791 clocks.
解得主密钥:  748	00011101111100110001011011100010011111001111001001000110100101011100110000100011111000010011010100111110110011110011110111010001
	Have 807 results, spent 18806967 clocks.
num_cipher:	46
	Total vars:	32840
	Total clauses:	87068
	Test == masterkey, spend 769107 clocks.
解得主密钥:  64	00011101111100110001011011100010011111001111001001000110100101011100110000100011111000010011010100111110110011110011110111010001
	Have 753 results, spent 18659619 clocks.
num_cipher:	47
	Total vars:	33544
	Total clauses:	88924
	Test == masterkey, spend 662535 clocks.
解得主密钥:  234	00011101111100110001011011100010011111001111001001000110100101011100110000100011111000010011010100111110110011110011110111010001
	Have 411 results, spent 14287935 clocks.
num_cipher:	48
	Total vars:	34248
	Total clauses:	90780
	Test == masterkey, spend 724067 clocks.
解得主密钥:  55	00011101111100110001011011100010011111001111001001000110100101011100110000100011111000010011010100111110110011110011110111010001
	Have 92 results, spent 9902855 clocks.
num_cipher:	49
	Total vars:	34952
	Total clauses:	92636
	Test == masterkey, spend 717880 clocks.
解得主密钥:  3	00011101111100110001011011100010011111001111001001000110100101011100110000100011111000010011010100111110110011110011110111010001
	Have 45 results, spent 8221033 clocks.
num_cipher:	50
	Total vars:	35656
	Total clauses:	94492
	Test == masterkey, spend 727219 clocks.
解得主密钥:  15	00011101111100110001011011100010011111001111001001000110100101011100110000100011111000010011010100111110110011110011110111010001
	Have 20 results, spent 7539266 clocks.
---------------------------------------------------------------------------------------------------
	Command being timed: "./bin/present128NS 1 4 40 50"
	User time (seconds): 189.22
	System time (seconds): 0.52
	Percent of CPU this job got: 99%
	Elapsed (wall clock) time (h:mm:ss or m:ss): 3:09.82
	Average shared text size (kbytes): 0
	Average unshared data size (kbytes): 0
	Average stack size (kbytes): 0
	Average total size (kbytes): 0
	Maximum resident set size (kbytes): 40248
	Average resident set size (kbytes): 0
	Major (requiring I/O) page faults: 0
	Minor (reclaiming a frame) page faults: 15169
	Voluntary context switches: 1
	Involuntary context switches: 645
	Swaps: 0
	File system inputs: 0
	File system outputs: 40
	Socket messages sent: 0
	Socket messages received: 0
	Signals delivered: 0
	Page size (bytes): 4096
	Exit status: 0
