sbox:	1100 0101 0110 1011 1001 0000 1010 1101 0011 1110 1111 1000 0100 0111 0001 0010 
8 = (3+1+5')(1'+0+7'+5)(3'+1+0+7')(1+0'+7'+5)(1'+7+5'+4')(0+6'+5+4')(3'+7'+6+5')(2+7+5+4)(2'+7'+5'+4')(2+1'+0'+7)(3'+2'+0'+5)(0+7+6+4)(3'+1'+6'+4)(3+1'+0'+4)(2'+6'+5'+4)(1+7+6+5+4')(3+1'+6+5)(3'+2+7+6')(3+2'+7+6')(2+0+7'+6)(2+0'+7'+6'+4')(2+6+5+4')(1+0'+6+5')(2'+0+5'+4')(3+7'+6'+5')(2'+7'+5+4)
e_sbox:	1101 0101 0110 1011 1001 0000 1010 1101 0011 1110 1111 1000 0100 0111 0001 0010 
8 = (3'+1+5+4')(3+1+0+4)(3+2+1'+5)(1'+0+7'+5)(3+1+0'+7')(3'+2'+0+5')(2'+7'+5'+4')(2'+6'+5'+4)(2+6+5'+4)(2'+1'+5+4)(3'+2+1'+7)(3'+1+0'+6)(3'+1'+0'+4')(3+2'+7+4')(0'+7+6'+4)(3+7+6+5')(3'+2+1+0+6')(2+0+7'+6)(0+7+6'+4')(1'+7'+6'+4)(2+0'+6'+5'+4')(2'+0'+7'+6)(3+6'+5'+4')(7'+6'+5+4)(0+6+5+4)(2+7+6+5)(2'+0+7'+6')
Max time :	3600
PRESENT_MODE:	128
SAT_MODE:	1
	SBOX_MODE:	102
	KSR_HAVEERROR:	0
	ENCYPT_HAVEERROR:	1
AnalysesRounds:	4
MinCiphers:	40
MaxCiphers:	50
Threads:	1
Master_key:	00011101111100110001011011100010011111001111001001000110100101011100110000100011111000010011010100111110110011110011110111010001
---------------------------------------------------------------------------------------------------
num_cipher:	40
	Total vars:	28616
	Total clauses:	75932
	Test == masterkey, spend 367748 clocks.
解得主密钥:  487	00011101111100110001011011100010011111001111001001000110100101011100110000100011111000010011010100111110110011110011110111010001
	Have 919 results, spent 24309003 clocks.
num_cipher:	41
	Total vars:	29320
	Total clauses:	77788
	Test == masterkey, spend 443867 clocks.
解得主密钥:  68	00011101111100110001011011100010011111001111001001000110100101011100110000100011111000010011010100111110110011110011110111010001
	Have 96 results, spent 14018988 clocks.
num_cipher:	42
	Total vars:	30024
	Total clauses:	79644
	Test == masterkey, spend 507251 clocks.
解得主密钥:  21	00011101111100110001011011100010011111001111001001000110100101011100110000100011111000010011010100111110110011110011110111010001
	Have 45 results, spent 8825283 clocks.
num_cipher:	43
	Total vars:	30728
	Total clauses:	81500
	Test == masterkey, spend 578861 clocks.
解得主密钥:  5	00011101111100110001011011100010011111001111001001000110100101011100110000100011111000010011010100111110110011110011110111010001
	Have 38 results, spent 8690016 clocks.
num_cipher:	44
	Total vars:	31432
	Total clauses:	83356
	Test == masterkey, spend 500578 clocks.
解得主密钥:  25	00011101111100110001011011100010011111001111001001000110100101011100110000100011111000010011010100111110110011110011110111010001
	Have 38 results, spent 7029069 clocks.
num_cipher:	45
	Total vars:	32136
	Total clauses:	85212
	Test == masterkey, spend 465328 clocks.
解得主密钥:  6	00011101111100110001011011100010011111001111001001000110100101011100110000100011111000010011010100111110110011110011110111010001
	Have 31 results, spent 6173466 clocks.
num_cipher:	46
	Total vars:	32840
	Total clauses:	87068
	Test == masterkey, spend 579959 clocks.
解得主密钥:  12	00011101111100110001011011100010011111001111001001000110100101011100110000100011111000010011010100111110110011110011110111010001
	Have 31 results, spent 6860315 clocks.
num_cipher:	47
	Total vars:	33544
	Total clauses:	88924
	Test == masterkey, spend 545404 clocks.
解得主密钥:  24	00011101111100110001011011100010011111001111001001000110100101011100110000100011111000010011010100111110110011110011110111010001
	Have 31 results, spent 6709881 clocks.
num_cipher:	48
	Total vars:	34248
	Total clauses:	90780
	Test == masterkey, spend 586849 clocks.
解得主密钥:  22	00011101111100110001011011100010011111001111001001000110100101011100110000100011111000010011010100111110110011110011110111010001
	Have 24 results, spent 6755143 clocks.
num_cipher:	49
	Total vars:	34952
	Total clauses:	92636
	Test == masterkey, spend 708323 clocks.
解得主密钥:  19	00011101111100110001011011100010011111001111001001000110100101011100110000100011111000010011010100111110110011110011110111010001
	Have 19 results, spent 7037652 clocks.
num_cipher:	50
	Total vars:	35656
	Total clauses:	94492
	Test == masterkey, spend 687199 clocks.
解得主密钥:  13	00011101111100110001011011100010011111001111001001000110100101011100110000100011111000010011010100111110110011110011110111010001
	Have 13 results, spent 5809557 clocks.
---------------------------------------------------------------------------------------------------
	Command being timed: "./bin/present128NS 1 4 40 50"
	User time (seconds): 109.64
	System time (seconds): 0.41
	Percent of CPU this job got: 99%
	Elapsed (wall clock) time (h:mm:ss or m:ss): 1:50.10
	Average shared text size (kbytes): 0
	Average unshared data size (kbytes): 0
	Average stack size (kbytes): 0
	Average total size (kbytes): 0
	Maximum resident set size (kbytes): 36476
	Average resident set size (kbytes): 0
	Major (requiring I/O) page faults: 1
	Minor (reclaiming a frame) page faults: 13239
	Voluntary context switches: 2
	Involuntary context switches: 260
	Swaps: 0
	File system inputs: 376
	File system outputs: 72
	Socket messages sent: 0
	Socket messages received: 0
	Signals delivered: 0
	Page size (bytes): 4096
	Exit status: 0
