sbox:	1100 0101 0110 1011 1001 0000 1010 1101 0011 1110 1111 1000 0100 0111 0001 0010 
8 = (3+1+5')(1'+0+7'+5)(3'+1+0+7')(1+0'+7'+5)(1'+7+5'+4')(0+6'+5+4')(3'+7'+6+5')(2+7+5+4)(2'+7'+5'+4')(2+1'+0'+7)(3'+2'+0'+5)(0+7+6+4)(3'+1'+6'+4)(3+1'+0'+4)(2'+6'+5'+4)(1+7+6+5+4')(3+1'+6+5)(3'+2+7+6')(3+2'+7+6')(2+0+7'+6)(2+0'+7'+6'+4')(2+6+5+4')(1+0'+6+5')(2'+0+5'+4')(3+7'+6'+5')(2'+7'+5+4)
e_sbox:	1101 0101 0110 1011 1001 0000 1010 1101 0011 1110 1111 1000 0100 0111 0001 0010 
8 = (3'+1+5+4')(3+1+0+4)(3+2+1'+5)(1'+0+7'+5)(3+1+0'+7')(3'+2'+0+5')(2'+7'+5'+4')(2'+6'+5'+4)(2+6+5'+4)(2'+1'+5+4)(3'+2+1'+7)(3'+1+0'+6)(3'+1'+0'+4')(3+2'+7+4')(0'+7+6'+4)(3+7+6+5')(3'+2+1+0+6')(2+0+7'+6)(0+7+6'+4')(1'+7'+6'+4)(2+0'+6'+5'+4')(2'+0'+7'+6)(3+6'+5'+4')(7'+6'+5+4)(0+6+5+4)(2+7+6+5)(2'+0+7'+6')
Max time :	3600
PRESENT_MODE:	128
SAT_MODE:	1
	SBOX_MODE:	102
	KSR_HAVEERROR:	0
	ENCYPT_HAVEERROR:	1
AnalysesRounds:	5
MinCiphers:	40
MaxCiphers:	50
Threads:	1
Master_key:	00011101111100110001011011100010011111001111001001000110100101011100110000100011111000010011010100111110110011110011110111010001
---------------------------------------------------------------------------------------------------
num_cipher:	40
	Total vars:	36296
	Total clauses:	98972
	Test == masterkey, spend 1046738 clocks.
解得主密钥:  2	00011101111100110001011011100010011111001111001001000110100101011100110000100011111000010011010100111110110011110011110111010001
	Have 3 results, spent 18899990 clocks.
num_cipher:	41
	Total vars:	37192
	Total clauses:	101404
	Test == masterkey, spend 1431018 clocks.
解得主密钥:  1	00011101111100110001011011100010011111001111001001000110100101011100110000100011111000010011010100111110110011110011110111010001
	Have 3 results, spent 12916424 clocks.
num_cipher:	42
	Total vars:	38088
	Total clauses:	103836
	Test == masterkey, spend 1268651 clocks.
解得主密钥:  1	00011101111100110001011011100010011111001111001001000110100101011100110000100011111000010011010100111110110011110011110111010001
	Have 2 results, spent 11660095 clocks.
num_cipher:	43
	Total vars:	38984
	Total clauses:	106268
	Test == masterkey, spend 1334226 clocks.
解得主密钥:  1	00011101111100110001011011100010011111001111001001000110100101011100110000100011111000010011010100111110110011110011110111010001
	Have 2 results, spent 10865225 clocks.
num_cipher:	44
	Total vars:	39880
	Total clauses:	108700
	Test == masterkey, spend 1405014 clocks.
解得主密钥:  1	00011101111100110001011011100010011111001111001001000110100101011100110000100011111000010011010100111110110011110011110111010001
	Have 2 results, spent 10276891 clocks.
num_cipher:	45
	Total vars:	40776
	Total clauses:	111132
	Test == masterkey, spend 1547689 clocks.
解得主密钥:  2	00011101111100110001011011100010011111001111001001000110100101011100110000100011111000010011010100111110110011110011110111010001
	Have 2 results, spent 8697905 clocks.
num_cipher:	46
	Total vars:	41672
	Total clauses:	113564
	Test == masterkey, spend 1661997 clocks.
解得主密钥:  2	00011101111100110001011011100010011111001111001001000110100101011100110000100011111000010011010100111110110011110011110111010001
	Have 2 results, spent 6846349 clocks.
num_cipher:	47
	Total vars:	42568
	Total clauses:	115996
	Test == masterkey, spend 1666961 clocks.
解得主密钥:  1	00011101111100110001011011100010011111001111001001000110100101011100110000100011111000010011010100111110110011110011110111010001
	Have 2 results, spent 9006480 clocks.
num_cipher:	48
	Total vars:	43464
	Total clauses:	118428
	Test == masterkey, spend 1796132 clocks.
解得主密钥:  1	00011101111100110001011011100010011111001111001001000110100101011100110000100011111000010011010100111110110011110011110111010001
	Have 2 results, spent 6595479 clocks.
num_cipher:	49
	Total vars:	44360
	Total clauses:	120860
	Test == masterkey, spend 2204332 clocks.
解得主密钥:  2	00011101111100110001011011100010011111001111001001000110100101011100110000100011111000010011010100111110110011110011110111010001
	Have 2 results, spent 6813929 clocks.
num_cipher:	50
	Total vars:	45256
	Total clauses:	123292
	Test == masterkey, spend 2203762 clocks.
解得主密钥:  2	00011101111100110001011011100010011111001111001001000110100101011100110000100011111000010011010100111110110011110011110111010001
	Have 2 results, spent 6419918 clocks.
---------------------------------------------------------------------------------------------------
	Command being timed: "./bin/present128NS 1 5 40 50"
	User time (seconds): 128.88
	System time (seconds): 0.17
	Percent of CPU this job got: 100%
	Elapsed (wall clock) time (h:mm:ss or m:ss): 2:09.02
	Average shared text size (kbytes): 0
	Average unshared data size (kbytes): 0
	Average stack size (kbytes): 0
	Average total size (kbytes): 0
	Maximum resident set size (kbytes): 50984
	Average resident set size (kbytes): 0
	Major (requiring I/O) page faults: 0
	Minor (reclaiming a frame) page faults: 17565
	Voluntary context switches: 1
	Involuntary context switches: 156
	Swaps: 0
	File system inputs: 0
	File system outputs: 40
	Socket messages sent: 0
	Socket messages received: 0
	Signals delivered: 0
	Page size (bytes): 4096
	Exit status: 0
