sbox:	1100 0101 0110 1011 1001 0000 1010 1101 0011 1110 1111 1000 0100 0111 0001 0010 
8 = (3+1+5')(1'+0+7'+5)(3'+1+0+7')(1+0'+7'+5)(1'+7+5'+4')(0+6'+5+4')(3'+7'+6+5')(2+7+5+4)(2'+7'+5'+4')(2+1'+0'+7)(3'+2'+0'+5)(0+7+6+4)(3'+1'+6'+4)(3+1'+0'+4)(2'+6'+5'+4)(1+7+6+5+4')(3+1'+6+5)(3'+2+7+6')(3+2'+7+6')(2+0+7'+6)(2+0'+7'+6'+4')(2+6+5+4')(1+0'+6+5')(2'+0+5'+4')(3+7'+6'+5')(2'+7'+5+4)
e_sbox:	1101 0101 0110 1011 1001 0000 1010 1101 0011 1110 1111 1000 0100 0111 0001 0010 
8 = (3'+1+5+4')(3+1+0+4)(3+2+1'+5)(1'+0+7'+5)(3+1+0'+7')(3'+2'+0+5')(2'+7'+5'+4')(2'+6'+5'+4)(2+6+5'+4)(2'+1'+5+4)(3'+2+1'+7)(3'+1+0'+6)(3'+1'+0'+4')(3+2'+7+4')(0'+7+6'+4)(3+7+6+5')(3'+2+1+0+6')(2+0+7'+6)(0+7+6'+4')(1'+7'+6'+4)(2+0'+6'+5'+4')(2'+0'+7'+6)(3+6'+5'+4')(7'+6'+5+4)(0+6+5+4)(2+7+6+5)(2'+0+7'+6')
Max time :	3600
PRESENT_MODE:	128
SAT_MODE:	1
	SBOX_MODE:	102
	KSR_HAVEERROR:	0
	ENCYPT_HAVEERROR:	1
AnalysesRounds:	5
MinCiphers:	32
MaxCiphers:	50
Threads:	1
Master_key:	00011101111100110001011011100010011111001111001001000110100101011100110000100011111000010011010100111110110011110011110111010001
---------------------------------------------------------------------------------------------------
num_cipher:	32
	Total vars:	29128
	Total clauses:	79516
	Test == masterkey, spend 789262 clocks.
	Not solved within 3600 seconds, Have 41 results.
num_cipher:	33
	Total vars:	30024
	Total clauses:	81948
	Test == masterkey, spend 921195 clocks.
	Not solved within 3600 seconds, Have 35 results.
num_cipher:	34
	Total vars:	30920
	Total clauses:	84380
	Test == masterkey, spend 992866 clocks.
解得主密钥:  9	00011101111100110001011011100010011111001111001001000110100101011100110000100011111000010011010100111110110011110011110111010001
	Have 16 results, spent 299475532 clocks.
num_cipher:	35
	Total vars:	31816
	Total clauses:	86812
	Test == masterkey, spend 1018337 clocks.
解得主密钥:  6	00011101111100110001011011100010011111001111001001000110100101011100110000100011111000010011010100111110110011110011110111010001
	Have 6 results, spent 141642645 clocks.
num_cipher:	36
	Total vars:	32712
	Total clauses:	89244
	Test == masterkey, spend 964430 clocks.
解得主密钥:  2	00011101111100110001011011100010011111001111001001000110100101011100110000100011111000010011010100111110110011110011110111010001
	Have 5 results, spent 78824883 clocks.
num_cipher:	37
	Total vars:	33608
	Total clauses:	91676
	Test == masterkey, spend 1335569 clocks.
解得主密钥:  2	00011101111100110001011011100010011111001111001001000110100101011100110000100011111000010011010100111110110011110011110111010001
	Have 3 results, spent 53761921 clocks.
num_cipher:	38
	Total vars:	34504
	Total clauses:	94108
	Test == masterkey, spend 1202501 clocks.
解得主密钥:  1	00011101111100110001011011100010011111001111001001000110100101011100110000100011111000010011010100111110110011110011110111010001
	Have 3 results, spent 35292907 clocks.
num_cipher:	39
	Total vars:	35400
	Total clauses:	96540
	Test == masterkey, spend 1319889 clocks.
解得主密钥:  2	00011101111100110001011011100010011111001111001001000110100101011100110000100011111000010011010100111110110011110011110111010001
	Have 3 results, spent 29523550 clocks.
num_cipher:	40
	Total vars:	36296
	Total clauses:	98972
	Test == masterkey, spend 1397187 clocks.
解得主密钥:  2	00011101111100110001011011100010011111001111001001000110100101011100110000100011111000010011010100111110110011110011110111010001
	Have 3 results, spent 27270773 clocks.
num_cipher:	41
	Total vars:	37192
	Total clauses:	101404
	Test == masterkey, spend 1587212 clocks.
解得主密钥:  1	00011101111100110001011011100010011111001111001001000110100101011100110000100011111000010011010100111110110011110011110111010001
	Have 2 results, spent 21711791 clocks.
num_cipher:	42
	Total vars:	38088
	Total clauses:	103836
	Test == masterkey, spend 1395761 clocks.
解得主密钥:  2	00011101111100110001011011100010011111001111001001000110100101011100110000100011111000010011010100111110110011110011110111010001
	Have 2 results, spent 20007506 clocks.
num_cipher:	43
	Total vars:	38984
	Total clauses:	106268
	Test == masterkey, spend 1807591 clocks.
解得主密钥:  1	00011101111100110001011011100010011111001111001001000110100101011100110000100011111000010011010100111110110011110011110111010001
	Have 2 results, spent 19611016 clocks.
num_cipher:	44
	Total vars:	39880
	Total clauses:	108700
	Test == masterkey, spend 1994209 clocks.
解得主密钥:  2	00011101111100110001011011100010011111001111001001000110100101011100110000100011111000010011010100111110110011110011110111010001
	Have 2 results, spent 14087350 clocks.
num_cipher:	45
	Total vars:	40776
	Total clauses:	111132
	Test == masterkey, spend 2165039 clocks.
解得主密钥:  2	00011101111100110001011011100010011111001111001001000110100101011100110000100011111000010011010100111110110011110011110111010001
	Have 2 results, spent 12664856 clocks.
num_cipher:	46
	Total vars:	41672
	Total clauses:	113564
	Test == masterkey, spend 2055706 clocks.
解得主密钥:  1	00011101111100110001011011100010011111001111001001000110100101011100110000100011111000010011010100111110110011110011110111010001
	Have 2 results, spent 12489378 clocks.
num_cipher:	47
	Total vars:	42568
	Total clauses:	115996
	Test == masterkey, spend 2209684 clocks.
解得主密钥:  2	00011101111100110001011011100010011111001111001001000110100101011100110000100011111000010011010100111110110011110011110111010001
	Have 2 results, spent 12016458 clocks.
num_cipher:	48
	Total vars:	43464
	Total clauses:	118428
	Test == masterkey, spend 2295886 clocks.
解得主密钥:  1	00011101111100110001011011100010011111001111001001000110100101011100110000100011111000010011010100111110110011110011110111010001
	Have 2 results, spent 9665962 clocks.
num_cipher:	49
	Total vars:	44360
	Total clauses:	120860
	Test == masterkey, spend 2329511 clocks.
解得主密钥:  2	00011101111100110001011011100010011111001111001001000110100101011100110000100011111000010011010100111110110011110011110111010001
	Have 2 results, spent 12004442 clocks.
num_cipher:	50
	Total vars:	45256
	Total clauses:	123292
	Test == masterkey, spend 2256115 clocks.
解得主密钥:  2	00011101111100110001011011100010011111001111001001000110100101011100110000100011111000010011010100111110110011110011110111010001
	Have 2 results, spent 9697428 clocks.
---------------------------------------------------------------------------------------------------
	Command being timed: "./bin/present128NS 1 5 32 50"
	User time (seconds): 8036.35
	System time (seconds): 7.82
	Percent of CPU this job got: 99%
	Elapsed (wall clock) time (h:mm:ss or m:ss): 2:14:09
	Average shared text size (kbytes): 0
	Average unshared data size (kbytes): 0
	Average stack size (kbytes): 0
	Average total size (kbytes): 0
	Maximum resident set size (kbytes): 130388
	Average resident set size (kbytes): 0
	Major (requiring I/O) page faults: 0
	Minor (reclaiming a frame) page faults: 115502
	Voluntary context switches: 1
	Involuntary context switches: 19335
	Swaps: 0
	File system inputs: 0
	File system outputs: 192
	Socket messages sent: 0
	Socket messages received: 0
	Signals delivered: 0
	Page size (bytes): 4096
	Exit status: 0
