sbox:	1100 0101 0110 1011 1001 0000 1010 1101 0011 1110 1111 1000 0100 0111 0001 0010 
8 = (3+1+5')(1'+0+7'+5)(3'+1+0+7')(1+0'+7'+5)(1'+7+5'+4')(0+6'+5+4')(3'+7'+6+5')(2+7+5+4)(2'+7'+5'+4')(2+1'+0'+7)(3'+2'+0'+5)(0+7+6+4)(3'+1'+6'+4)(3+1'+0'+4)(2'+6'+5'+4)(1+7+6+5+4')(3+1'+6+5)(3'+2+7+6')(3+2'+7+6')(2+0+7'+6)(2+0'+7'+6'+4')(2+6+5+4')(1+0'+6+5')(2'+0+5'+4')(3+7'+6'+5')(2'+7'+5+4)
e_sbox:	1101 0101 0110 1011 1001 0000 1010 1101 0011 1110 1111 1000 0100 0111 0001 0010 
8 = (3'+1+5+4')(3+1+0+4)(3+2+1'+5)(1'+0+7'+5)(3+1+0'+7')(3'+2'+0+5')(2'+7'+5'+4')(2'+6'+5'+4)(2+6+5'+4)(2'+1'+5+4)(3'+2+1'+7)(3'+1+0'+6)(3'+1'+0'+4')(3+2'+7+4')(0'+7+6'+4)(3+7+6+5')(3'+2+1+0+6')(2+0+7'+6)(0+7+6'+4')(1'+7'+6'+4)(2+0'+6'+5'+4')(2'+0'+7'+6)(3+6'+5'+4')(7'+6'+5+4)(0+6+5+4)(2+7+6+5)(2'+0+7'+6')
Max time :	3600
PRESENT_MODE:	128
SAT_MODE:	1
	SBOX_MODE:	102
	KSR_HAVEERROR:	0
	ENCYPT_HAVEERROR:	1
AnalysesRounds:	8
MinCiphers:	32
MaxCiphers:	50
Threads:	1
Master_key:	00011101111100110001011011100010011111001111001001000110100101011100110000100011111000010011010100111110110011110011110111010001
---------------------------------------------------------------------------------------------------
num_cipher:	32
	Total vars:	47560
	Total clauses:	134812
	Test == masterkey, spend 3741063 clocks.
	Not solved within 3600 seconds, Have 0 results.
num_cipher:	33
	Total vars:	49032
	Total clauses:	138972
	Test == masterkey, spend 4486136 clocks.
	Not solved within 3600 seconds, Have 0 results.
num_cipher:	34
	Total vars:	50504
	Total clauses:	143132
	Test == masterkey, spend 4758411 clocks.
	Not solved within 3600 seconds, Have 0 results.
num_cipher:	35
	Total vars:	51976
	Total clauses:	147292
	Test == masterkey, spend 5027092 clocks.
	Not solved within 3600 seconds, Have 0 results.
num_cipher:	36
	Total vars:	53448
	Total clauses:	151452
	Test == masterkey, spend 5676093 clocks.
	Not solved within 3600 seconds, Have 0 results.
num_cipher:	37
	Total vars:	54920
	Total clauses:	155612
	Test == masterkey, spend 5318642 clocks.
	Not solved within 3600 seconds, Have 0 results.
num_cipher:	38
	Total vars:	56392
	Total clauses:	159772
	Test == masterkey, spend 5905160 clocks.
	Not solved within 3600 seconds, Have 0 results.
num_cipher:	39
	Total vars:	57864
	Total clauses:	163932
	Test == masterkey, spend 6208282 clocks.
解得主密钥:  1	00011101111100110001011011100010011111001111001001000110100101011100110000100011111000010011010100111110110011110011110111010001
	Have 1 results, spent 645392751 clocks.
---------------------------------------------------------------------------------------------------
求得唯一解！
numAnalysesRounds:	8
startRound:	24
---------------------------------------------------------------------------------------------------
	Command being timed: "./bin/present128NS 1 8 32 50"
	User time (seconds): 25889.30
	System time (seconds): 40.16
	Percent of CPU this job got: 99%
	Elapsed (wall clock) time (h:mm:ss or m:ss): 7:12:14
	Average shared text size (kbytes): 0
	Average unshared data size (kbytes): 0
	Average stack size (kbytes): 0
	Average total size (kbytes): 0
	Maximum resident set size (kbytes): 201536
	Average resident set size (kbytes): 0
	Major (requiring I/O) page faults: 0
	Minor (reclaiming a frame) page faults: 1100003
	Voluntary context switches: 2
	Involuntary context switches: 56057
	Swaps: 0
	File system inputs: 0
	File system outputs: 120
	Socket messages sent: 0
	Socket messages received: 0
	Signals delivered: 0
	Page size (bytes): 4096
	Exit status: 0
