sbox:	1100 0101 0110 1011 1001 0000 1010 1101 0011 1110 1111 1000 0100 0111 0001 0010 
8 = (3+1+5')(1'+0+7'+5)(3'+1+0+7')(1+0'+7'+5)(1'+7+5'+4')(0+6'+5+4')(3'+7'+6+5')(2+7+5+4)(2'+7'+5'+4')(2+1'+0'+7)(3'+2'+0'+5)(0+7+6+4)(3'+1'+6'+4)(3+1'+0'+4)(2'+6'+5'+4)(1+7+6+5+4')(3+1'+6+5)(3'+2+7+6')(3+2'+7+6')(2+0+7'+6)(2+0'+7'+6'+4')(2+6+5+4')(1+0'+6+5')(2'+0+5'+4')(3+7'+6'+5')(2'+7'+5+4)
e_sbox:	1101 0101 0110 1011 1001 0000 1010 1101 0011 1110 1111 1000 0100 0111 0001 0010 
8 = (3'+1+5+4')(3+1+0+4)(3+2+1'+5)(1'+0+7'+5)(3+1+0'+7')(3'+2'+0+5')(2'+7'+5'+4')(2'+6'+5'+4)(2+6+5'+4)(2'+1'+5+4)(3'+2+1'+7)(3'+1+0'+6)(3'+1'+0'+4')(3+2'+7+4')(0'+7+6'+4)(3+7+6+5')(3'+2+1+0+6')(2+0+7'+6)(0+7+6'+4')(1'+7'+6'+4)(2+0'+6'+5'+4')(2'+0'+7'+6)(3+6'+5'+4')(7'+6'+5+4)(0+6+5+4)(2+7+6+5)(2'+0+7'+6')
Max time :	3600
PRESENT_MODE:	128
SAT_MODE:	1
	SBOX_MODE:	102
	KSR_HAVEERROR:	0
	ENCYPT_HAVEERROR:	1
AnalysesRounds:	10
MinCiphers:	27
MaxCiphers:	50
Threads:	1
Master_key:	00100111011011011101011101001000100100000011111011001010001100100000001000011001001100000100010010100001111000110101010010000011
---------------------------------------------------------------------------------------------------
num_cipher:	27
	Total vars:	50568
	Total clauses:	145116
	Test == masterkey, spend 3794033 clocks.
	Not solved within3600 seconds, Have 0 results.
num_cipher:	28
	Total vars:	52424
	Total clauses:	150428
	Test == masterkey, spend 4746628 clocks.
	Not solved within3600 seconds, Have 0 results.
num_cipher:	29
	Total vars:	54280
	Total clauses:	155740
	Test == masterkey, spend 3726328 clocks.
	Not solved within3600 seconds, Have 0 results.
num_cipher:	30
	Total vars:	56136
	Total clauses:	161052
	Test == masterkey, spend 5052852 clocks.
	Not solved within3600 seconds, Have 0 results.
num_cipher:	31
	Total vars:	57992
	Total clauses:	166364
	Test == masterkey, spend 5867350 clocks.
	Not solved within3600 seconds, Have 0 results.
num_cipher:	32
	Total vars:	59848
	Total clauses:	171676
	Test == masterkey, spend 4880862 clocks.
	Not solved within3600 seconds, Have 0 results.
num_cipher:	33
	Total vars:	61704
	Total clauses:	176988
	Test == masterkey, spend 5200616 clocks.
解得主密钥:  1	00100111011011011101011101001000100100000011111011001010001100100000001000011001001100000100010010100001111000110101010010000011
	Have 1 results, spent 2516273442 clocks.
---------------------------------------------------------------------------------------------------
求得唯一解！
numAnalysesRounds:	10
startRound:	22
---------------------------------------------------------------------------------------------------
	Command being timed: "./bin/present128NS 1 10 27 50"
	User time (seconds): 24142.72
	System time (seconds): 45.11
	Percent of CPU this job got: 99%
	Elapsed (wall clock) time (h:mm:ss or m:ss): 6:43:12
	Average shared text size (kbytes): 0
	Average unshared data size (kbytes): 0
	Average stack size (kbytes): 0
	Average total size (kbytes): 0
	Maximum resident set size (kbytes): 208352
	Average resident set size (kbytes): 0
	Major (requiring I/O) page faults: 0
	Minor (reclaiming a frame) page faults: 2699224
	Voluntary context switches: 2
	Involuntary context switches: 51786
	Swaps: 0
	File system inputs: 0
	File system outputs: 88
	Socket messages sent: 0
	Socket messages received: 0
	Signals delivered: 0
	Page size (bytes): 4096
	Exit status: 0
