sbox:	1100 0101 0110 1011 1001 0000 1010 1101 0011 1110 1111 1000 0100 0111 0001 0010 
8 = (3+1+5')(1'+0+7'+5)(3'+1+0+7')(1+0'+7'+5)(1'+7+5'+4')(0+6'+5+4')(3'+7'+6+5')(2+7+5+4)(2'+7'+5'+4')(2+1'+0'+7)(3'+2'+0'+5)(0+7+6+4)(3'+1'+6'+4)(3+1'+0'+4)(2'+6'+5'+4)(1+7+6+5+4')(3+1'+6+5)(3'+2+7+6')(3+2'+7+6')(2+0+7'+6)(2+0'+7'+6'+4')(2+6+5+4')(1+0'+6+5')(2'+0+5'+4')(3+7'+6'+5')(2'+7'+5+4)
e_sbox:	1101 0101 0110 1011 1001 0000 1010 1101 0011 1110 1111 1000 0100 0111 0001 0010 
8 = (3'+1+5+4')(3+1+0+4)(3+2+1'+5)(1'+0+7'+5)(3+1+0'+7')(3'+2'+0+5')(2'+7'+5'+4')(2'+6'+5'+4)(2+6+5'+4)(2'+1'+5+4)(3'+2+1'+7)(3'+1+0'+6)(3'+1'+0'+4')(3+2'+7+4')(0'+7+6'+4)(3+7+6+5')(3'+2+1+0+6')(2+0+7'+6)(0+7+6'+4')(1'+7'+6'+4)(2+0'+6'+5'+4')(2'+0'+7'+6)(3+6'+5'+4')(7'+6'+5+4)(0+6+5+4)(2+7+6+5)(2'+0+7'+6')
Max time :	3600
PRESENT_MODE:	128
SAT_MODE:	1
	SBOX_MODE:	102
	KSR_HAVEERROR:	0
	ENCYPT_HAVEERROR:	1
AnalysesRounds:	11
MinCiphers:	27
MaxCiphers:	50
Threads:	1
Master_key:	11010101001111100001001101111110111011001101110111010001100100000000010001111010101100000011000101010011000111001100001000100110
---------------------------------------------------------------------------------------------------
num_cipher:	27
	Total vars:	55752
	Total clauses:	160668
	Test == masterkey, spend 4788872 clocks.
	Not solved within3600 seconds, Have 0 results.
num_cipher:	28
	Total vars:	57800
	Total clauses:	166556
	Test == masterkey, spend 5086173 clocks.
	Not solved within3600 seconds, Have 0 results.
num_cipher:	29
	Total vars:	59848
	Total clauses:	172444
	Test == masterkey, spend 6060295 clocks.
	Not solved within3600 seconds, Have 0 results.
num_cipher:	30
	Total vars:	61896
	Total clauses:	178332
	Test == masterkey, spend 6678495 clocks.
	Not solved within3600 seconds, Have 0 results.
num_cipher:	31
	Total vars:	63944
	Total clauses:	184220
	Test == masterkey, spend 5714744 clocks.
	Not solved within3600 seconds, Have 0 results.
num_cipher:	32
	Total vars:	65992
	Total clauses:	190108
	Test == masterkey, spend 6606645 clocks.
	Not solved within3600 seconds, Have 0 results.
num_cipher:	33
	Total vars:	68040
	Total clauses:	195996
	Test == masterkey, spend 8676956 clocks.
	Not solved within3600 seconds, Have 0 results.
num_cipher:	34
	Total vars:	70088
	Total clauses:	201884
	Test == masterkey, spend 9013698 clocks.
	Not solved within3600 seconds, Have 0 results.
num_cipher:	35
	Total vars:	72136
	Total clauses:	207772
	Test == masterkey, spend 7590509 clocks.
	Not solved within3600 seconds, Have 0 results.
num_cipher:	36
	Total vars:	74184
	Total clauses:	213660
	Test == masterkey, spend 8244787 clocks.
	Not solved within3600 seconds, Have 0 results.
num_cipher:	37
	Total vars:	76232
	Total clauses:	219548
	Test == masterkey, spend 11270571 clocks.
解得主密钥:  1	11010101001111100001001101111110111011001101110111010001100100000000010001111010101100000011000101010011000111001100001000100110
	Not solved within3600 seconds, Have 1 results.
num_cipher:	38
	Total vars:	78280
	Total clauses:	225436
	Test == masterkey, spend 10620488 clocks.
解得主密钥:  1	11010101001111100001001101111110111011001101110111010001100100000000010001111010101100000011000101010011000111001100001000100110
	Have 1 results, spent 1568198395 clocks.
---------------------------------------------------------------------------------------------------
求得唯一解！
numAnalysesRounds:	11
startRound:	21
---------------------------------------------------------------------------------------------------
	Command being timed: "./bin/present128NS 1 11 27 50"
	User time (seconds): 41262.90
	System time (seconds): 55.41
	Percent of CPU this job got: 99%
	Elapsed (wall clock) time (h:mm:ss or m:ss): 11:28:43
	Average shared text size (kbytes): 0
	Average unshared data size (kbytes): 0
	Average stack size (kbytes): 0
	Average total size (kbytes): 0
	Maximum resident set size (kbytes): 232052
	Average resident set size (kbytes): 0
	Major (requiring I/O) page faults: 0
	Minor (reclaiming a frame) page faults: 2664926
	Voluntary context switches: 1
	Involuntary context switches: 49614
	Swaps: 0
	File system inputs: 0
	File system outputs: 200
	Socket messages sent: 0
	Socket messages received: 0
	Signals delivered: 0
	Page size (bytes): 4096
	Exit status: 0
