sbox:	1100 0101 0110 1011 1001 0000 1010 1101 0011 1110 1111 1000 0100 0111 0001 0010 
8 = (0+2+6')(2'+3+4'+6)(0'+2+3+4')(2+3'+4'+6)(2'+4+6'+7')(3+5'+6+7')(0'+4'+5+6')(1+4+6+7)(1'+4'+6'+7')(1+2'+3'+4)(0'+1'+3'+6)(3+4+5+7)(0'+2'+5'+7)(0+2'+3'+7)(1'+5'+6'+7)(2+4+5+6+7')(0+2'+5+6)(0'+1+4+5')(0+1'+4+5')(1+3+4'+5)(1+3'+4'+5'+7')(1+5+6+7')(2+3'+5+6')(1'+3+6'+7')(0+4'+5'+6')(1'+4'+6+7)
e_sbox:	1101 0101 0110 1011 1001 0000 1010 1101 0011 1110 1111 1000 0100 0111 0001 0010 
8 = (0'+2+6+7')(0+2+3+7)(0+1+2'+6)(2'+3+4'+6)(0+2+3'+4')(0'+1'+3+6')(1'+4'+6'+7')(1'+5'+6'+7)(1+5+6'+7)(1'+2'+6+7)(0'+1+2'+4)(0'+2+3'+5)(0'+2'+3'+7')(0+1'+4+7')(3'+4+5'+7)(0+4+5+6')(0'+1+2+3+5')(1+3+4'+5)(3+4+5'+7')(2'+4'+5'+7)(1+3'+5'+6'+7')(1'+3'+4'+5)(0+5'+6'+7')(4'+5'+6+7)(3+5+6+7)(1+4+5+6)(1'+3+4'+5')
PRESENT_MODE:	128
SAT_MODE:	1
	SBOX_MODE:	102
	KSR_HAVEERROR:	0
	ENCYPT_HAVEERROR:	1
AnalysesRounds:	5
MinCiphers:	40
MaxCiphers:	128
Threads:	1
Master_key:	11010000101001111010000010010110101010100110010111001100001001000111011111010111001010110000111110100011110010011110011011111101
---------------------------------------------------------------------------------------------------
num_cipher:	40
	Total vars:	36296
	Total clauses:	98972
	Test == masterkey, spend 1071698 clocks.
	Have 6 results, spent 9229900 clocks.
num_cipher:	41
	Total vars:	37192
	Total clauses:	101404
	Test == masterkey, spend 1072051 clocks.
	Have 6 results, spent 7662068 clocks.
num_cipher:	42
	Total vars:	38088
	Total clauses:	103836
	Test == masterkey, spend 1234372 clocks.
	Have 6 results, spent 5170427 clocks.
num_cipher:	43
	Total vars:	38984
	Total clauses:	106268
	Test == masterkey, spend 1194684 clocks.
	Have 6 results, spent 4425270 clocks.
num_cipher:	44
	Total vars:	39880
	Total clauses:	108700
	Test == masterkey, spend 1459221 clocks.
	Have 6 results, spent 3271156 clocks.
num_cipher:	45
	Total vars:	40776
	Total clauses:	111132
	Test == masterkey, spend 1337539 clocks.
	Have 3 results, spent 3031261 clocks.
num_cipher:	46
	Total vars:	41672
	Total clauses:	113564
	Test == masterkey, spend 1623071 clocks.
	Have 3 results, spent 3490362 clocks.
num_cipher:	47
	Total vars:	42568
	Total clauses:	115996
	Test == masterkey, spend 1761322 clocks.
	Have 1 results, spent 2752473 clocks.
---------------------------------------------------------------------------------------------------
求得唯一解！
numAnalysesRounds:	5
startRound:	27
---------------------------------------------------------------------------------------------------
	Command being timed: "./bin/present128NS 1 5 40 128"
	User time (seconds): 53.38
	System time (seconds): 0.17
	Percent of CPU this job got: 99%
	Elapsed (wall clock) time (h:mm:ss or m:ss): 0:53.61
	Average shared text size (kbytes): 0
	Average unshared data size (kbytes): 0
	Average stack size (kbytes): 0
	Average total size (kbytes): 0
	Maximum resident set size (kbytes): 53008
	Average resident set size (kbytes): 0
	Major (requiring I/O) page faults: 0
	Minor (reclaiming a frame) page faults: 19946
	Voluntary context switches: 0
	Involuntary context switches: 179
	Swaps: 0
	File system inputs: 0
	File system outputs: 16
	Socket messages sent: 0
	Socket messages received: 0
	Signals delivered: 0
	Page size (bytes): 4096
	Exit status: 0
