sbox:	1100 0101 0110 1011 1001 0000 1010 1101 0011 1110 1111 1000 0100 0111 0001 0010 
8 = (3+1+5')(1'+0+7'+5)(3'+1+0+7')(1+0'+7'+5)(1'+7+5'+4')(0+6'+5+4')(3'+7'+6+5')(2+7+5+4)(2'+7'+5'+4')(2+1'+0'+7)(3'+2'+0'+5)(0+7+6+4)(3'+1'+6'+4)(3+1'+0'+4)(2'+6'+5'+4)(1+7+6+5+4')(3+1'+6+5)(3'+2+7+6')(3+2'+7+6')(2+0+7'+6)(2+0'+7'+6'+4')(2+6+5+4')(1+0'+6+5')(2'+0+5'+4')(3+7'+6'+5')(2'+7'+5+4)
e_sbox:	1101 0101 0110 1011 1001 0000 1010 1101 0011 1110 1111 1000 0100 0111 0001 0010 
8 = (3'+1+5+4')(3+1+0+4)(3+2+1'+5)(1'+0+7'+5)(3+1+0'+7')(3'+2'+0+5')(2'+7'+5'+4')(2'+6'+5'+4)(2+6+5'+4)(2'+1'+5+4)(3'+2+1'+7)(3'+1+0'+6)(3'+1'+0'+4')(3+2'+7+4')(0'+7+6'+4)(3+7+6+5')(3'+2+1+0+6')(2+0+7'+6)(0+7+6'+4')(1'+7'+6'+4)(2+0'+6'+5'+4')(2'+0'+7'+6)(3+6'+5'+4')(7'+6'+5+4)(0+6+5+4)(2+7+6+5)(2'+0+7'+6')
Max time :	3600
PRESENT_MODE:	128
SAT_MODE:	1
	SBOX_MODE:	102
	KSR_HAVEERROR:	0
	ENCYPT_HAVEERROR:	1
AnalysesRounds:	9
MinCiphers:	27
MaxCiphers:	50
Threads:	1
Master_key:	01101111011000011010111010011000101011011101100011100100110110111101001100100011100001100001111111010100111110100110010100000010
---------------------------------------------------------------------------------------------------
num_cipher:	27
	Total vars:	45384
	Total clauses:	129564
	Test == masterkey, spend 4458704 clocks.
	Not solved within3600 seconds, Have 0 results.
num_cipher:	28
	Total vars:	47048
	Total clauses:	134300
	Test == masterkey, spend 4257716 clocks.
	Not solved within3600 seconds, Have 0 results.
num_cipher:	29
	Total vars:	48712
	Total clauses:	139036
	Test == masterkey, spend 4104548 clocks.
	Not solved within3600 seconds, Have 0 results.
num_cipher:	30
	Total vars:	50376
	Total clauses:	143772
	Test == masterkey, spend 4468425 clocks.
	Not solved within3600 seconds, Have 0 results.
num_cipher:	31
	Total vars:	52040
	Total clauses:	148508
	Test == masterkey, spend 4860005 clocks.
	Not solved within3600 seconds, Have 0 results.
num_cipher:	32
	Total vars:	53704
	Total clauses:	153244
	Test == masterkey, spend 4146888 clocks.
	Not solved within3600 seconds, Have 0 results.
num_cipher:	33
	Total vars:	55368
	Total clauses:	157980
	Test == masterkey, spend 6202636 clocks.
	Not solved within3600 seconds, Have 0 results.
num_cipher:	34
	Total vars:	57032
	Total clauses:	162716
	Test == masterkey, spend 4884889 clocks.
	Not solved within3600 seconds, Have 0 results.
num_cipher:	35
	Total vars:	58696
	Total clauses:	167452
	Test == masterkey, spend 5666445 clocks.
	Not solved within3600 seconds, Have 0 results.
num_cipher:	36
	Total vars:	60360
	Total clauses:	172188
	Test == masterkey, spend 4901687 clocks.
解得主密钥:  1	01101111011000011010111010011000101011011101100011100100110110111101001100100011100001100001111111010100111110100110010100000010
	Have 1 results, spent 1149107203 clocks.
---------------------------------------------------------------------------------------------------
求得唯一解！
numAnalysesRounds:	9
startRound:	23
---------------------------------------------------------------------------------------------------
	Command being timed: "./bin/present128NS 1 9 27 50"
	User time (seconds): 33600.94
	System time (seconds): 27.60
	Percent of CPU this job got: 99%
	Elapsed (wall clock) time (h:mm:ss or m:ss): 9:20:33
	Average shared text size (kbytes): 0
	Average unshared data size (kbytes): 0
	Average stack size (kbytes): 0
	Average total size (kbytes): 0
	Maximum resident set size (kbytes): 218956
	Average resident set size (kbytes): 0
	Major (requiring I/O) page faults: 0
	Minor (reclaiming a frame) page faults: 1083153
	Voluntary context switches: 2
	Involuntary context switches: 51779
	Swaps: 0
	File system inputs: 0
	File system outputs: 112
	Socket messages sent: 0
	Socket messages received: 0
	Signals delivered: 0
	Page size (bytes): 4096
	Exit status: 0
