sbox:	1100 0101 0110 1011 1001 0000 1010 1101 0011 1110 1111 1000 0100 0111 0001 0010 
8 = (3+1+5')(1'+0+7'+5)(3'+1+0+7')(1+0'+7'+5)(1'+7+5'+4')(0+6'+5+4')(3'+7'+6+5')(2+7+5+4)(2'+7'+5'+4')(2+1'+0'+7)(3'+2'+0'+5)(0+7+6+4)(3'+1'+6'+4)(3+1'+0'+4)(2'+6'+5'+4)(1+7+6+5+4')(3+1'+6+5)(3'+2+7+6')(3+2'+7+6')(2+0+7'+6)(2+0'+7'+6'+4')(2+6+5+4')(1+0'+6+5')(2'+0+5'+4')(3+7'+6'+5')(2'+7'+5+4)
e_sbox:	1101 0101 0110 1011 1001 0000 1010 1101 0011 1110 1111 1000 0100 0111 0001 0010 
8 = (3'+1+5+4')(3+1+0+4)(3+2+1'+5)(1'+0+7'+5)(3+1+0'+7')(3'+2'+0+5')(2'+7'+5'+4')(2'+6'+5'+4)(2+6+5'+4)(2'+1'+5+4)(3'+2+1'+7)(3'+1+0'+6)(3'+1'+0'+4')(3+2'+7+4')(0'+7+6'+4)(3+7+6+5')(3'+2+1+0+6')(2+0+7'+6)(0+7+6'+4')(1'+7'+6'+4)(2+0'+6'+5'+4')(2'+0'+7'+6)(3+6'+5'+4')(7'+6'+5+4)(0+6+5+4)(2+7+6+5)(2'+0+7'+6')
Max time :	3600
PRESENT_MODE:	128
SAT_MODE:	2
	SBOX_MODE:	102
	KSR_HAVEERROR:	1
	ENCYPT_HAVEERROR:	1
AnalysesRounds:	10
MinCiphers:	32
MaxCiphers:	50
Threads:	1
Master_key:	00011101111100110001011011100010011111001111001001000110100101011100110000100011111000010011010100111110110011110011110111010001
---------------------------------------------------------------------------------------------------
num_cipher:	32
	Total vars:	60096
	Total clauses:	172048
	Test == masterkey, spend 4999540 clocks.
解得主密钥:  65	00011101111100110001011011100010011111001111001001000110100101011100110000100011111000010011010100111110110011110011110111010001
	Have 96 results, spent 820580390 clocks.
num_cipher:	33
	Total vars:	61952
	Total clauses:	177360
	Test == masterkey, spend 5837444 clocks.
解得主密钥:  16	00011101111100110001011011100010011111001111001001000110100101011100110000100011111000010011010100111110110011110011110111010001
	Have 96 results, spent 108638202 clocks.
num_cipher:	34
	Total vars:	63808
	Total clauses:	182672
	Test == masterkey, spend 7854465 clocks.
解得主密钥:  40	00011101111100110001011011100010011111001111001001000110100101011100110000100011111000010011010100111110110011110011110111010001
	Have 96 results, spent 61899806 clocks.
num_cipher:	35
	Total vars:	65664
	Total clauses:	187984
	Test == masterkey, spend 6963660 clocks.
解得主密钥:  84	00011101111100110001011011100010011111001111001001000110100101011100110000100011111000010011010100111110110011110011110111010001
	Have 96 results, spent 67440860 clocks.
num_cipher:	36
	Total vars:	67520
	Total clauses:	193296
	Test == masterkey, spend 7375128 clocks.
解得主密钥:  16	00011101111100110001011011100010011111001111001001000110100101011100110000100011111000010011010100111110110011110011110111010001
	Have 96 results, spent 59801783 clocks.
num_cipher:	37
	Total vars:	69376
	Total clauses:	198608
	Test == masterkey, spend 7629774 clocks.
解得主密钥:  65	00011101111100110001011011100010011111001111001001000110100101011100110000100011111000010011010100111110110011110011110111010001
	Have 96 results, spent 49182016 clocks.
num_cipher:	38
	Total vars:	71232
	Total clauses:	203920
	Test == masterkey, spend 9953599 clocks.
解得主密钥:  38	00011101111100110001011011100010011111001111001001000110100101011100110000100011111000010011010100111110110011110011110111010001
	Have 96 results, spent 30206845 clocks.
num_cipher:	39
	Total vars:	73088
	Total clauses:	209232
	Test == masterkey, spend 9433394 clocks.
解得主密钥:  70	00011101111100110001011011100010011111001111001001000110100101011100110000100011111000010011010100111110110011110011110111010001
	Have 96 results, spent 30438374 clocks.
num_cipher:	40
	Total vars:	74944
	Total clauses:	214544
	Test == masterkey, spend 9564832 clocks.
解得主密钥:  52	00011101111100110001011011100010011111001111001001000110100101011100110000100011111000010011010100111110110011110011110111010001
	Have 96 results, spent 48112156 clocks.
num_cipher:	41
	Total vars:	76800
	Total clauses:	219856
	Test == masterkey, spend 7310550 clocks.
解得主密钥:  45	00011101111100110001011011100010011111001111001001000110100101011100110000100011111000010011010100111110110011110011110111010001
	Have 96 results, spent 48057857 clocks.
num_cipher:	42
	Total vars:	78656
	Total clauses:	225168
	Test == masterkey, spend 9295392 clocks.
解得主密钥:  47	00011101111100110001011011100010011111001111001001000110100101011100110000100011111000010011010100111110110011110011110111010001
	Have 96 results, spent 51450774 clocks.
num_cipher:	43
	Total vars:	80512
	Total clauses:	230480
	Test == masterkey, spend 8458153 clocks.
解得主密钥:  82	00011101111100110001011011100010011111001111001001000110100101011100110000100011111000010011010100111110110011110011110111010001
	Have 96 results, spent 26760474 clocks.
num_cipher:	44
	Total vars:	82368
	Total clauses:	235792
	Test == masterkey, spend 10400194 clocks.
解得主密钥:  79	00011101111100110001011011100010011111001111001001000110100101011100110000100011111000010011010100111110110011110011110111010001
	Have 96 results, spent 50077620 clocks.
num_cipher:	45
	Total vars:	84224
	Total clauses:	241104
	Test == masterkey, spend 11686622 clocks.
解得主密钥:  33	00011101111100110001011011100010011111001111001001000110100101011100110000100011111000010011010100111110110011110011110111010001
	Have 96 results, spent 26047650 clocks.
num_cipher:	46
	Total vars:	86080
	Total clauses:	246416
	Test == masterkey, spend 9547752 clocks.
解得主密钥:  14	00011101111100110001011011100010011111001111001001000110100101011100110000100011111000010011010100111110110011110011110111010001
	Have 96 results, spent 52751370 clocks.
num_cipher:	47
	Total vars:	87936
	Total clauses:	251728
	Test == masterkey, spend 10170355 clocks.
解得主密钥:  78	00011101111100110001011011100010011111001111001001000110100101011100110000100011111000010011010100111110110011110011110111010001
	Have 96 results, spent 30456673 clocks.
num_cipher:	48
	Total vars:	89792
	Total clauses:	257040
	Test == masterkey, spend 11949680 clocks.
解得主密钥:  17	00011101111100110001011011100010011111001111001001000110100101011100110000100011111000010011010100111110110011110011110111010001
	Have 96 results, spent 45954333 clocks.
num_cipher:	49
	Total vars:	91648
	Total clauses:	262352
	Test == masterkey, spend 10433510 clocks.
解得主密钥:  46	00011101111100110001011011100010011111001111001001000110100101011100110000100011111000010011010100111110110011110011110111010001
	Have 96 results, spent 23671599 clocks.
num_cipher:	50
	Total vars:	93504
	Total clauses:	267664
	Test == masterkey, spend 9264513 clocks.
解得主密钥:  62	00011101111100110001011011100010011111001111001001000110100101011100110000100011111000010011010100111110110011110011110111010001
	Have 96 results, spent 27829061 clocks.
---------------------------------------------------------------------------------------------------
	Command being timed: "./bin/present128NSNK 1 10 32 50"
	User time (seconds): 1833.64
	System time (seconds): 2.33
	Percent of CPU this job got: 99%
	Elapsed (wall clock) time (h:mm:ss or m:ss): 30:36.58
	Average shared text size (kbytes): 0
	Average unshared data size (kbytes): 0
	Average stack size (kbytes): 0
	Average total size (kbytes): 0
	Maximum resident set size (kbytes): 146644
	Average resident set size (kbytes): 0
	Major (requiring I/O) page faults: 0
	Minor (reclaiming a frame) page faults: 123124
	Voluntary context switches: 1
	Involuntary context switches: 6167
	Swaps: 0
	File system inputs: 0
	File system outputs: 344
	Socket messages sent: 0
	Socket messages received: 0
	Signals delivered: 0
	Page size (bytes): 4096
	Exit status: 0
