sbox:	1100 0101 0110 1011 1001 0000 1010 1101 0011 1110 1111 1000 0100 0111 0001 0010 
8 = (3+1+5')(1'+0+7'+5)(3'+1+0+7')(1+0'+7'+5)(1'+7+5'+4')(0+6'+5+4')(3'+7'+6+5')(2+7+5+4)(2'+7'+5'+4')(2+1'+0'+7)(3'+2'+0'+5)(0+7+6+4)(3'+1'+6'+4)(3+1'+0'+4)(2'+6'+5'+4)(1+7+6+5+4')(3+1'+6+5)(3'+2+7+6')(3+2'+7+6')(2+0+7'+6)(2+0'+7'+6'+4')(2+6+5+4')(1+0'+6+5')(2'+0+5'+4')(3+7'+6'+5')(2'+7'+5+4)
e_sbox:	1101 0101 0110 1011 1001 0000 1010 1101 0011 1110 1111 1000 0100 0111 0001 0010 
8 = (3'+1+5+4')(3+1+0+4)(3+2+1'+5)(1'+0+7'+5)(3+1+0'+7')(3'+2'+0+5')(2'+7'+5'+4')(2'+6'+5'+4)(2+6+5'+4)(2'+1'+5+4)(3'+2+1'+7)(3'+1+0'+6)(3'+1'+0'+4')(3+2'+7+4')(0'+7+6'+4)(3+7+6+5')(3'+2+1+0+6')(2+0+7'+6)(0+7+6'+4')(1'+7'+6'+4)(2+0'+6'+5'+4')(2'+0'+7'+6)(3+6'+5'+4')(7'+6'+5+4)(0+6+5+4)(2+7+6+5)(2'+0+7'+6')
Max time :	3600
PRESENT_MODE:	128
SAT_MODE:	2
	SBOX_MODE:	102
	KSR_HAVEERROR:	1
	ENCYPT_HAVEERROR:	1
AnalysesRounds:	10
MinCiphers:	32
MaxCiphers:	50
Threads:	1
Master_key:	00011101111100110001011011100010011111001111001001000110100101011100110000100011111000010011010100111110110011110011110111010001
---------------------------------------------------------------------------------------------------
num_cipher:	32
	Total vars:	60096
	Total clauses:	172048
	Test == masterkey, spend 5834401 clocks.
	Not solved within 3600 seconds, Have 2 results.
num_cipher:	33
	Total vars:	61952
	Total clauses:	177360
	Test == masterkey, spend 6849391 clocks.
解得主密钥:  34	00011101111100110001011011100010011111001111001001000110100101011100110000100011111000010011010100111110110011110011110111010001
	Have 96 results, spent 1155154675 clocks.
num_cipher:	34
	Total vars:	63808
	Total clauses:	182672
	Test == masterkey, spend 7578030 clocks.
解得主密钥:  67	00011101111100110001011011100010011111001111001001000110100101011100110000100011111000010011010100111110110011110011110111010001
	Have 96 results, spent 307151997 clocks.
num_cipher:	35
	Total vars:	65664
	Total clauses:	187984
	Test == masterkey, spend 7394078 clocks.
解得主密钥:  57	00011101111100110001011011100010011111001111001001000110100101011100110000100011111000010011010100111110110011110011110111010001
	Have 96 results, spent 130242114 clocks.
num_cipher:	36
	Total vars:	67520
	Total clauses:	193296
	Test == masterkey, spend 7669709 clocks.
解得主密钥:  53	00011101111100110001011011100010011111001111001001000110100101011100110000100011111000010011010100111110110011110011110111010001
	Have 96 results, spent 74727931 clocks.
num_cipher:	37
	Total vars:	69376
	Total clauses:	198608
	Test == masterkey, spend 7820548 clocks.
解得主密钥:  38	00011101111100110001011011100010011111001111001001000110100101011100110000100011111000010011010100111110110011110011110111010001
	Have 96 results, spent 60921870 clocks.
num_cipher:	38
	Total vars:	71232
	Total clauses:	203920
	Test == masterkey, spend 7420436 clocks.
解得主密钥:  5	00011101111100110001011011100010011111001111001001000110100101011100110000100011111000010011010100111110110011110011110111010001
	Have 96 results, spent 63602749 clocks.
num_cipher:	39
	Total vars:	73088
	Total clauses:	209232
	Test == masterkey, spend 9982519 clocks.
解得主密钥:  81	00011101111100110001011011100010011111001111001001000110100101011100110000100011111000010011010100111110110011110011110111010001
	Have 96 results, spent 60368324 clocks.
num_cipher:	40
	Total vars:	74944
	Total clauses:	214544
	Test == masterkey, spend 8152706 clocks.
解得主密钥:  11	00011101111100110001011011100010011111001111001001000110100101011100110000100011111000010011010100111110110011110011110111010001
	Have 96 results, spent 31487491 clocks.
num_cipher:	41
	Total vars:	76800
	Total clauses:	219856
	Test == masterkey, spend 8758660 clocks.
解得主密钥:  34	00011101111100110001011011100010011111001111001001000110100101011100110000100011111000010011010100111110110011110011110111010001
	Have 96 results, spent 30406036 clocks.
num_cipher:	42
	Total vars:	78656
	Total clauses:	225168
	Test == masterkey, spend 9275828 clocks.
解得主密钥:  21	00011101111100110001011011100010011111001111001001000110100101011100110000100011111000010011010100111110110011110011110111010001
	Have 96 results, spent 26115107 clocks.
num_cipher:	43
	Total vars:	80512
	Total clauses:	230480
	Test == masterkey, spend 9396189 clocks.
解得主密钥:  58	00011101111100110001011011100010011111001111001001000110100101011100110000100011111000010011010100111110110011110011110111010001
	Have 96 results, spent 55090951 clocks.
num_cipher:	44
	Total vars:	82368
	Total clauses:	235792
	Test == masterkey, spend 12205732 clocks.
解得主密钥:  37	00011101111100110001011011100010011111001111001001000110100101011100110000100011111000010011010100111110110011110011110111010001
	Have 96 results, spent 52030304 clocks.
num_cipher:	45
	Total vars:	84224
	Total clauses:	241104
	Test == masterkey, spend 11545830 clocks.
解得主密钥:  58	00011101111100110001011011100010011111001111001001000110100101011100110000100011111000010011010100111110110011110011110111010001
	Have 96 results, spent 34387221 clocks.
num_cipher:	46
	Total vars:	86080
	Total clauses:	246416
	Test == masterkey, spend 13579846 clocks.
解得主密钥:  48	00011101111100110001011011100010011111001111001001000110100101011100110000100011111000010011010100111110110011110011110111010001
	Have 96 results, spent 51366897 clocks.
num_cipher:	47
	Total vars:	87936
	Total clauses:	251728
	Test == masterkey, spend 13459174 clocks.
解得主密钥:  45	00011101111100110001011011100010011111001111001001000110100101011100110000100011111000010011010100111110110011110011110111010001
	Have 96 results, spent 56339956 clocks.
num_cipher:	48
	Total vars:	89792
	Total clauses:	257040
	Test == masterkey, spend 13977738 clocks.
解得主密钥:  94	00011101111100110001011011100010011111001111001001000110100101011100110000100011111000010011010100111110110011110011110111010001
	Have 96 results, spent 54071620 clocks.
num_cipher:	49
	Total vars:	91648
	Total clauses:	262352
	Test == masterkey, spend 14460649 clocks.
解得主密钥:  23	00011101111100110001011011100010011111001111001001000110100101011100110000100011111000010011010100111110110011110011110111010001
	Have 96 results, spent 29049909 clocks.
num_cipher:	50
	Total vars:	93504
	Total clauses:	267664
	Test == masterkey, spend 14550135 clocks.
解得主密钥:  93	00011101111100110001011011100010011111001111001001000110100101011100110000100011111000010011010100111110110011110011110111010001
	Have 96 results, spent 54633545 clocks.
---------------------------------------------------------------------------------------------------
	Command being timed: "./bin/present128NSNK 1 10 32 50"
	User time (seconds): 6120.99
	System time (seconds): 4.87
	Percent of CPU this job got: 99%
	Elapsed (wall clock) time (h:mm:ss or m:ss): 1:42:08
	Average shared text size (kbytes): 0
	Average unshared data size (kbytes): 0
	Average stack size (kbytes): 0
	Average total size (kbytes): 0
	Maximum resident set size (kbytes): 157664
	Average resident set size (kbytes): 0
	Major (requiring I/O) page faults: 0
	Minor (reclaiming a frame) page faults: 192290
	Voluntary context switches: 1
	Involuntary context switches: 4767
	Swaps: 0
	File system inputs: 0
	File system outputs: 336
	Socket messages sent: 0
	Socket messages received: 0
	Signals delivered: 0
	Page size (bytes): 4096
	Exit status: 0
