sbox:	1100 0101 0110 1011 1001 0000 1010 1101 0011 1110 1111 1000 0100 0111 0001 0010 
8 = (3+1+5')(1'+0+7'+5)(3'+1+0+7')(1+0'+7'+5)(1'+7+5'+4')(0+6'+5+4')(3'+7'+6+5')(2+7+5+4)(2'+7'+5'+4')(2+1'+0'+7)(3'+2'+0'+5)(0+7+6+4)(3'+1'+6'+4)(3+1'+0'+4)(2'+6'+5'+4)(1+7+6+5+4')(3+1'+6+5)(3'+2+7+6')(3+2'+7+6')(2+0+7'+6)(2+0'+7'+6'+4')(2+6+5+4')(1+0'+6+5')(2'+0+5'+4')(3+7'+6'+5')(2'+7'+5+4)
e_sbox:	1101 0101 0110 1011 1001 0000 1010 1101 0011 1110 1111 1000 0100 0111 0001 0010 
8 = (3'+1+5+4')(3+1+0+4)(3+2+1'+5)(1'+0+7'+5)(3+1+0'+7')(3'+2'+0+5')(2'+7'+5'+4')(2'+6'+5'+4)(2+6+5'+4)(2'+1'+5+4)(3'+2+1'+7)(3'+1+0'+6)(3'+1'+0'+4')(3+2'+7+4')(0'+7+6'+4)(3+7+6+5')(3'+2+1+0+6')(2+0+7'+6)(0+7+6'+4')(1'+7'+6'+4)(2+0'+6'+5'+4')(2'+0'+7'+6)(3+6'+5'+4')(7'+6'+5+4)(0+6+5+4)(2+7+6+5)(2'+0+7'+6')
Max time :	3600
PRESENT_MODE:	128
SAT_MODE:	2
	SBOX_MODE:	102
	KSR_HAVEERROR:	1
	ENCYPT_HAVEERROR:	1
AnalysesRounds:	11
MinCiphers:	32
MaxCiphers:	50
Threads:	1
Master_key:	00011101111100110001011011100010011111001111001001000110100101011100110000100011111000010011010100111110110011110011110111010001
---------------------------------------------------------------------------------------------------
num_cipher:	32
	Total vars:	66240
	Total clauses:	190480
	Test == masterkey, spend 5617900 clocks.
	Not solved within 3600 seconds, Have 0 results.
num_cipher:	33
	Total vars:	68288
	Total clauses:	196368
	Test == masterkey, spend 6808616 clocks.
	Not solved within 3600 seconds, Have 1 results.
num_cipher:	34
	Total vars:	70336
	Total clauses:	202256
	Test == masterkey, spend 7447364 clocks.
解得主密钥:  20	00011101111100110001011011100010011111001111001001000110100101011100110000100011111000010011010100111110110011110011110111010001
	Have 48 results, spent 2406205563 clocks.
num_cipher:	35
	Total vars:	72384
	Total clauses:	208144
	Test == masterkey, spend 8753522 clocks.
解得主密钥:  12	00011101111100110001011011100010011111001111001001000110100101011100110000100011111000010011010100111110110011110011110111010001
	Have 48 results, spent 686741596 clocks.
num_cipher:	36
	Total vars:	74432
	Total clauses:	214032
	Test == masterkey, spend 10020522 clocks.
解得主密钥:  41	00011101111100110001011011100010011111001111001001000110100101011100110000100011111000010011010100111110110011110011110111010001
	Have 48 results, spent 203428564 clocks.
num_cipher:	37
	Total vars:	76480
	Total clauses:	219920
	Test == masterkey, spend 8280135 clocks.
解得主密钥:  24	00011101111100110001011011100010011111001111001001000110100101011100110000100011111000010011010100111110110011110011110111010001
	Have 48 results, spent 98298164 clocks.
num_cipher:	38
	Total vars:	78528
	Total clauses:	225808
	Test == masterkey, spend 9196271 clocks.
解得主密钥:  17	00011101111100110001011011100010011111001111001001000110100101011100110000100011111000010011010100111110110011110011110111010001
	Have 48 results, spent 71215660 clocks.
num_cipher:	39
	Total vars:	80576
	Total clauses:	231696
	Test == masterkey, spend 11219475 clocks.
解得主密钥:  17	00011101111100110001011011100010011111001111001001000110100101011100110000100011111000010011010100111110110011110011110111010001
	Have 48 results, spent 58654054 clocks.
num_cipher:	40
	Total vars:	82624
	Total clauses:	237584
	Test == masterkey, spend 10646758 clocks.
解得主密钥:  39	00011101111100110001011011100010011111001111001001000110100101011100110000100011111000010011010100111110110011110011110111010001
	Have 48 results, spent 60118836 clocks.
num_cipher:	41
	Total vars:	84672
	Total clauses:	243472
	Test == masterkey, spend 9729250 clocks.
解得主密钥:  4	00011101111100110001011011100010011111001111001001000110100101011100110000100011111000010011010100111110110011110011110111010001
	Have 48 results, spent 36612898 clocks.
num_cipher:	42
	Total vars:	86720
	Total clauses:	249360
	Test == masterkey, spend 12965011 clocks.
解得主密钥:  30	00011101111100110001011011100010011111001111001001000110100101011100110000100011111000010011010100111110110011110011110111010001
	Have 48 results, spent 56919934 clocks.
num_cipher:	43
	Total vars:	88768
	Total clauses:	255248
	Test == masterkey, spend 10741154 clocks.
解得主密钥:  18	00011101111100110001011011100010011111001111001001000110100101011100110000100011111000010011010100111110110011110011110111010001
	Have 48 results, spent 32003607 clocks.
num_cipher:	44
	Total vars:	90816
	Total clauses:	261136
	Test == masterkey, spend 11605501 clocks.
解得主密钥:  30	00011101111100110001011011100010011111001111001001000110100101011100110000100011111000010011010100111110110011110011110111010001
	Have 48 results, spent 35435173 clocks.
num_cipher:	45
	Total vars:	92864
	Total clauses:	267024
	Test == masterkey, spend 12362986 clocks.
解得主密钥:  37	00011101111100110001011011100010011111001111001001000110100101011100110000100011111000010011010100111110110011110011110111010001
	Have 48 results, spent 32009111 clocks.
num_cipher:	46
	Total vars:	94912
	Total clauses:	272912
	Test == masterkey, spend 12522154 clocks.
解得主密钥:  7	00011101111100110001011011100010011111001111001001000110100101011100110000100011111000010011010100111110110011110011110111010001
	Have 48 results, spent 30881879 clocks.
num_cipher:	47
	Total vars:	96960
	Total clauses:	278800
	Test == masterkey, spend 9111697 clocks.
解得主密钥:  26	00011101111100110001011011100010011111001111001001000110100101011100110000100011111000010011010100111110110011110011110111010001
	Have 48 results, spent 33185654 clocks.
num_cipher:	48
	Total vars:	99008
	Total clauses:	284688
	Test == masterkey, spend 11066929 clocks.
解得主密钥:  8	00011101111100110001011011100010011111001111001001000110100101011100110000100011111000010011010100111110110011110011110111010001
	Have 48 results, spent 30271510 clocks.
num_cipher:	49
	Total vars:	101056
	Total clauses:	290576
	Test == masterkey, spend 10545561 clocks.
解得主密钥:  10	00011101111100110001011011100010011111001111001001000110100101011100110000100011111000010011010100111110110011110011110111010001
	Have 48 results, spent 31009257 clocks.
num_cipher:	50
	Total vars:	103104
	Total clauses:	296464
	Test == masterkey, spend 12681990 clocks.
解得主密钥:  24	00011101111100110001011011100010011111001111001001000110100101011100110000100011111000010011010100111110110011110011110111010001
	Have 48 results, spent 31851669 clocks.
---------------------------------------------------------------------------------------------------
	Command being timed: "./bin/present128NSNK 1 11 32 50"
	User time (seconds): 11328.15
	System time (seconds): 29.91
	Percent of CPU this job got: 99%
	Elapsed (wall clock) time (h:mm:ss or m:ss): 3:09:20
	Average shared text size (kbytes): 0
	Average unshared data size (kbytes): 0
	Average stack size (kbytes): 0
	Average total size (kbytes): 0
	Maximum resident set size (kbytes): 223132
	Average resident set size (kbytes): 0
	Major (requiring I/O) page faults: 0
	Minor (reclaiming a frame) page faults: 447254
	Voluntary context switches: 2
	Involuntary context switches: 35258
	Swaps: 0
	File system inputs: 0
	File system outputs: 320
	Socket messages sent: 0
	Socket messages received: 0
	Signals delivered: 0
	Page size (bytes): 4096
	Exit status: 0
