sbox:	1100 0101 0110 1011 1001 0000 1010 1101 0011 1110 1111 1000 0100 0111 0001 0010 
8 = (3+1+5')(1'+0+7'+5)(3'+1+0+7')(1+0'+7'+5)(1'+7+5'+4')(0+6'+5+4')(3'+7'+6+5')(2+7+5+4)(2'+7'+5'+4')(2+1'+0'+7)(3'+2'+0'+5)(0+7+6+4)(3'+1'+6'+4)(3+1'+0'+4)(2'+6'+5'+4)(1+7+6+5+4')(3+1'+6+5)(3'+2+7+6')(3+2'+7+6')(2+0+7'+6)(2+0'+7'+6'+4')(2+6+5+4')(1+0'+6+5')(2'+0+5'+4')(3+7'+6'+5')(2'+7'+5+4)
e_sbox:	1101 0101 0110 1011 1001 0000 1010 1101 0011 1110 1111 1000 0100 0111 0001 0010 
8 = (3'+1+5+4')(3+1+0+4)(3+2+1'+5)(1'+0+7'+5)(3+1+0'+7')(3'+2'+0+5')(2'+7'+5'+4')(2'+6'+5'+4)(2+6+5'+4)(2'+1'+5+4)(3'+2+1'+7)(3'+1+0'+6)(3'+1'+0'+4')(3+2'+7+4')(0'+7+6'+4)(3+7+6+5')(3'+2+1+0+6')(2+0+7'+6)(0+7+6'+4')(1'+7'+6'+4)(2+0'+6'+5'+4')(2'+0'+7'+6)(3+6'+5'+4')(7'+6'+5+4)(0+6+5+4)(2+7+6+5)(2'+0+7'+6')
Max time :	3600
PRESENT_MODE:	128
SAT_MODE:	2
	SBOX_MODE:	102
	KSR_HAVEERROR:	1
	ENCYPT_HAVEERROR:	1
AnalysesRounds:	11
MinCiphers:	32
MaxCiphers:	50
Threads:	1
Master_key:	00011101111100110001011011100010011111001111001001000110100101011100110000100011111000010011010100111110110011110011110111010001
---------------------------------------------------------------------------------------------------
num_cipher:	32
	Total vars:	66240
	Total clauses:	190480
	Test == masterkey, spend 6780003 clocks.
解得主密钥:  37	00011101111100110001011011100010011111001111001001000110100101011100110000100011111000010011010100111110110011110011110111010001
	Have 48 results, spent 1358785105 clocks.
num_cipher:	33
	Total vars:	68288
	Total clauses:	196368
	Test == masterkey, spend 6955799 clocks.
解得主密钥:  35	00011101111100110001011011100010011111001111001001000110100101011100110000100011111000010011010100111110110011110011110111010001
	Have 48 results, spent 566853742 clocks.
num_cipher:	34
	Total vars:	70336
	Total clauses:	202256
	Test == masterkey, spend 7267787 clocks.
解得主密钥:  22	00011101111100110001011011100010011111001111001001000110100101011100110000100011111000010011010100111110110011110011110111010001
	Have 48 results, spent 320897013 clocks.
num_cipher:	35
	Total vars:	72384
	Total clauses:	208144
	Test == masterkey, spend 8223416 clocks.
解得主密钥:  14	00011101111100110001011011100010011111001111001001000110100101011100110000100011111000010011010100111110110011110011110111010001
	Have 48 results, spent 161288069 clocks.
num_cipher:	36
	Total vars:	74432
	Total clauses:	214032
	Test == masterkey, spend 8220794 clocks.
解得主密钥:  18	00011101111100110001011011100010011111001111001001000110100101011100110000100011111000010011010100111110110011110011110111010001
	Have 48 results, spent 105471960 clocks.
num_cipher:	37
	Total vars:	76480
	Total clauses:	219920
	Test == masterkey, spend 10619692 clocks.
解得主密钥:  6	00011101111100110001011011100010011111001111001001000110100101011100110000100011111000010011010100111110110011110011110111010001
	Have 48 results, spent 59728201 clocks.
num_cipher:	38
	Total vars:	78528
	Total clauses:	225808
	Test == masterkey, spend 9381935 clocks.
解得主密钥:  34	00011101111100110001011011100010011111001111001001000110100101011100110000100011111000010011010100111110110011110011110111010001
	Have 48 results, spent 66145640 clocks.
num_cipher:	39
	Total vars:	80576
	Total clauses:	231696
	Test == masterkey, spend 9137434 clocks.
解得主密钥:  42	00011101111100110001011011100010011111001111001001000110100101011100110000100011111000010011010100111110110011110011110111010001
	Have 48 results, spent 65230731 clocks.
num_cipher:	40
	Total vars:	82624
	Total clauses:	237584
	Test == masterkey, spend 8554450 clocks.
解得主密钥:  15	00011101111100110001011011100010011111001111001001000110100101011100110000100011111000010011010100111110110011110011110111010001
	Have 48 results, spent 60501184 clocks.
num_cipher:	41
	Total vars:	84672
	Total clauses:	243472
	Test == masterkey, spend 11048825 clocks.
解得主密钥:  24	00011101111100110001011011100010011111001111001001000110100101011100110000100011111000010011010100111110110011110011110111010001
	Have 48 results, spent 74291781 clocks.
num_cipher:	42
	Total vars:	86720
	Total clauses:	249360
	Test == masterkey, spend 11027314 clocks.
解得主密钥:  42	00011101111100110001011011100010011111001111001001000110100101011100110000100011111000010011010100111110110011110011110111010001
	Have 48 results, spent 37583889 clocks.
num_cipher:	43
	Total vars:	88768
	Total clauses:	255248
	Test == masterkey, spend 10783408 clocks.
解得主密钥:  1	00011101111100110001011011100010011111001111001001000110100101011100110000100011111000010011010100111110110011110011110111010001
	Have 48 results, spent 62574156 clocks.
num_cipher:	44
	Total vars:	90816
	Total clauses:	261136
	Test == masterkey, spend 10489636 clocks.
解得主密钥:  5	00011101111100110001011011100010011111001111001001000110100101011100110000100011111000010011010100111110110011110011110111010001
	Have 48 results, spent 34681253 clocks.
num_cipher:	45
	Total vars:	92864
	Total clauses:	267024
	Test == masterkey, spend 12805129 clocks.
解得主密钥:  29	00011101111100110001011011100010011111001111001001000110100101011100110000100011111000010011010100111110110011110011110111010001
	Have 48 results, spent 37277783 clocks.
num_cipher:	46
	Total vars:	94912
	Total clauses:	272912
	Test == masterkey, spend 10702217 clocks.
解得主密钥:  10	00011101111100110001011011100010011111001111001001000110100101011100110000100011111000010011010100111110110011110011110111010001
	Have 48 results, spent 28499288 clocks.
num_cipher:	47
	Total vars:	96960
	Total clauses:	278800
	Test == masterkey, spend 10798889 clocks.
解得主密钥:  6	00011101111100110001011011100010011111001111001001000110100101011100110000100011111000010011010100111110110011110011110111010001
	Have 48 results, spent 38299162 clocks.
num_cipher:	48
	Total vars:	99008
	Total clauses:	284688
	Test == masterkey, spend 13787249 clocks.
解得主密钥:  23	00011101111100110001011011100010011111001111001001000110100101011100110000100011111000010011010100111110110011110011110111010001
	Have 48 results, spent 31810352 clocks.
num_cipher:	49
	Total vars:	101056
	Total clauses:	290576
	Test == masterkey, spend 11845622 clocks.
解得主密钥:  8	00011101111100110001011011100010011111001111001001000110100101011100110000100011111000010011010100111110110011110011110111010001
	Have 48 results, spent 31036719 clocks.
num_cipher:	50
	Total vars:	103104
	Total clauses:	296464
	Test == masterkey, spend 12775698 clocks.
解得主密钥:  24	00011101111100110001011011100010011111001111001001000110100101011100110000100011111000010011010100111110110011110011110111010001
	Have 48 results, spent 34221736 clocks.
---------------------------------------------------------------------------------------------------
	Command being timed: "./bin/present128NSNK 1 11 32 50"
	User time (seconds): 3369.12
	System time (seconds): 6.87
	Percent of CPU this job got: 99%
	Elapsed (wall clock) time (h:mm:ss or m:ss): 56:16.70
	Average shared text size (kbytes): 0
	Average unshared data size (kbytes): 0
	Average stack size (kbytes): 0
	Average total size (kbytes): 0
	Maximum resident set size (kbytes): 140860
	Average resident set size (kbytes): 0
	Major (requiring I/O) page faults: 0
	Minor (reclaiming a frame) page faults: 87827
	Voluntary context switches: 0
	Involuntary context switches: 10056
	Swaps: 0
	File system inputs: 0
	File system outputs: 336
	Socket messages sent: 0
	Socket messages received: 0
	Signals delivered: 0
	Page size (bytes): 4096
	Exit status: 0
