sbox:	1100 0101 0110 1011 1001 0000 1010 1101 0011 1110 1111 1000 0100 0111 0001 0010 
8 = (3+1+5')(1'+0+7'+5)(3'+1+0+7')(1+0'+7'+5)(1'+7+5'+4')(0+6'+5+4')(3'+7'+6+5')(2+7+5+4)(2'+7'+5'+4')(2+1'+0'+7)(3'+2'+0'+5)(0+7+6+4)(3'+1'+6'+4)(3+1'+0'+4)(2'+6'+5'+4)(1+7+6+5+4')(3+1'+6+5)(3'+2+7+6')(3+2'+7+6')(2+0+7'+6)(2+0'+7'+6'+4')(2+6+5+4')(1+0'+6+5')(2'+0+5'+4')(3+7'+6'+5')(2'+7'+5+4)
e_sbox:	1101 0101 0110 1011 1001 0000 1010 1101 0011 1110 1111 1000 0100 0111 0001 0010 
8 = (3'+1+5+4')(3+1+0+4)(3+2+1'+5)(1'+0+7'+5)(3+1+0'+7')(3'+2'+0+5')(2'+7'+5'+4')(2'+6'+5'+4)(2+6+5'+4)(2'+1'+5+4)(3'+2+1'+7)(3'+1+0'+6)(3'+1'+0'+4')(3+2'+7+4')(0'+7+6'+4)(3+7+6+5')(3'+2+1+0+6')(2+0+7'+6)(0+7+6'+4')(1'+7'+6'+4)(2+0'+6'+5'+4')(2'+0'+7'+6)(3+6'+5'+4')(7'+6'+5+4)(0+6+5+4)(2+7+6+5)(2'+0+7'+6')
Max time :	3600
PRESENT_MODE:	128
SAT_MODE:	2
	SBOX_MODE:	102
	KSR_HAVEERROR:	1
	ENCYPT_HAVEERROR:	1
AnalysesRounds:	11
MinCiphers:	32
MaxCiphers:	50
Threads:	1
Master_key:	00011101111100110001011011100010011111001111001001000110100101011100110000100011111000010011010100111110110011110011110111010001
---------------------------------------------------------------------------------------------------
num_cipher:	32
	Total vars:	66240
	Total clauses:	190480
	Test == masterkey, spend 6051971 clocks.
	Not solved within 3600 seconds, Have 0 results.
num_cipher:	33
	Total vars:	68288
	Total clauses:	196368
	Test == masterkey, spend 5974979 clocks.
解得主密钥:  2	00011101111100110001011011100010011111001111001001000110100101011100110000100011111000010011010100111110110011110011110111010001
	Have 48 results, spent 2693419376 clocks.
num_cipher:	34
	Total vars:	70336
	Total clauses:	202256
	Test == masterkey, spend 6810727 clocks.
解得主密钥:  41	00011101111100110001011011100010011111001111001001000110100101011100110000100011111000010011010100111110110011110011110111010001
	Have 48 results, spent 1032403020 clocks.
num_cipher:	35
	Total vars:	72384
	Total clauses:	208144
	Test == masterkey, spend 6460368 clocks.
解得主密钥:  44	00011101111100110001011011100010011111001111001001000110100101011100110000100011111000010011010100111110110011110011110111010001
	Have 48 results, spent 158113573 clocks.
num_cipher:	36
	Total vars:	74432
	Total clauses:	214032
	Test == masterkey, spend 8498549 clocks.
解得主密钥:  21	00011101111100110001011011100010011111001111001001000110100101011100110000100011111000010011010100111110110011110011110111010001
	Have 48 results, spent 71254125 clocks.
num_cipher:	37
	Total vars:	76480
	Total clauses:	219920
	Test == masterkey, spend 8809734 clocks.
解得主密钥:  9	00011101111100110001011011100010011111001111001001000110100101011100110000100011111000010011010100111110110011110011110111010001
	Have 48 results, spent 62846118 clocks.
num_cipher:	38
	Total vars:	78528
	Total clauses:	225808
	Test == masterkey, spend 10391858 clocks.
解得主密钥:  9	00011101111100110001011011100010011111001111001001000110100101011100110000100011111000010011010100111110110011110011110111010001
	Have 48 results, spent 59770839 clocks.
num_cipher:	39
	Total vars:	80576
	Total clauses:	231696
	Test == masterkey, spend 9912210 clocks.
解得主密钥:  3	00011101111100110001011011100010011111001111001001000110100101011100110000100011111000010011010100111110110011110011110111010001
	Have 48 results, spent 32928858 clocks.
num_cipher:	40
	Total vars:	82624
	Total clauses:	237584
	Test == masterkey, spend 10548125 clocks.
解得主密钥:  10	00011101111100110001011011100010011111001111001001000110100101011100110000100011111000010011010100111110110011110011110111010001
	Have 48 results, spent 33514145 clocks.
num_cipher:	41
	Total vars:	84672
	Total clauses:	243472
	Test == masterkey, spend 10125122 clocks.
解得主密钥:  43	00011101111100110001011011100010011111001111001001000110100101011100110000100011111000010011010100111110110011110011110111010001
	Have 48 results, spent 34137090 clocks.
num_cipher:	42
	Total vars:	86720
	Total clauses:	249360
	Test == masterkey, spend 9922112 clocks.
解得主密钥:  16	00011101111100110001011011100010011111001111001001000110100101011100110000100011111000010011010100111110110011110011110111010001
	Have 48 results, spent 27140421 clocks.
num_cipher:	43
	Total vars:	88768
	Total clauses:	255248
	Test == masterkey, spend 8779665 clocks.
解得主密钥:  6	00011101111100110001011011100010011111001111001001000110100101011100110000100011111000010011010100111110110011110011110111010001
	Have 48 results, spent 27736952 clocks.
num_cipher:	44
	Total vars:	90816
	Total clauses:	261136
	Test == masterkey, spend 11084566 clocks.
解得主密钥:  20	00011101111100110001011011100010011111001111001001000110100101011100110000100011111000010011010100111110110011110011110111010001
	Have 48 results, spent 28486026 clocks.
num_cipher:	45
	Total vars:	92864
	Total clauses:	267024
	Test == masterkey, spend 12552833 clocks.
解得主密钥:  2	00011101111100110001011011100010011111001111001001000110100101011100110000100011111000010011010100111110110011110011110111010001
	Have 48 results, spent 33385919 clocks.
num_cipher:	46
	Total vars:	94912
	Total clauses:	272912
	Test == masterkey, spend 11870154 clocks.
解得主密钥:  1	00011101111100110001011011100010011111001111001001000110100101011100110000100011111000010011010100111110110011110011110111010001
	Have 48 results, spent 26177963 clocks.
num_cipher:	47
	Total vars:	96960
	Total clauses:	278800
	Test == masterkey, spend 11270743 clocks.
解得主密钥:  5	00011101111100110001011011100010011111001111001001000110100101011100110000100011111000010011010100111110110011110011110111010001
	Have 48 results, spent 28800097 clocks.
num_cipher:	48
	Total vars:	99008
	Total clauses:	284688
	Test == masterkey, spend 12432517 clocks.
解得主密钥:  44	00011101111100110001011011100010011111001111001001000110100101011100110000100011111000010011010100111110110011110011110111010001
	Have 48 results, spent 28273663 clocks.
num_cipher:	49
	Total vars:	101056
	Total clauses:	290576
	Test == masterkey, spend 12364208 clocks.
解得主密钥:  41	00011101111100110001011011100010011111001111001001000110100101011100110000100011111000010011010100111110110011110011110111010001
	Have 48 results, spent 27352111 clocks.
num_cipher:	50
	Total vars:	103104
	Total clauses:	296464
	Test == masterkey, spend 12751697 clocks.
解得主密钥:  26	00011101111100110001011011100010011111001111001001000110100101011100110000100011111000010011010100111110110011110011110111010001
	Have 48 results, spent 27975806 clocks.
---------------------------------------------------------------------------------------------------
	Command being timed: "./bin/present128NSNK 1 11 32 50"
	User time (seconds): 8212.52
	System time (seconds): 26.96
	Percent of CPU this job got: 99%
	Elapsed (wall clock) time (h:mm:ss or m:ss): 2:17:23
	Average shared text size (kbytes): 0
	Average unshared data size (kbytes): 0
	Average stack size (kbytes): 0
	Average total size (kbytes): 0
	Maximum resident set size (kbytes): 204420
	Average resident set size (kbytes): 0
	Major (requiring I/O) page faults: 0
	Minor (reclaiming a frame) page faults: 269476
	Voluntary context switches: 0
	Involuntary context switches: 18938
	Swaps: 0
	File system inputs: 0
	File system outputs: 344
	Socket messages sent: 0
	Socket messages received: 0
	Signals delivered: 0
	Page size (bytes): 4096
	Exit status: 0
