sbox:	1100 0101 0110 1011 1001 0000 1010 1101 0011 1110 1111 1000 0100 0111 0001 0010 
8 = (3+1+5')(1'+0+7'+5)(3'+1+0+7')(1+0'+7'+5)(1'+7+5'+4')(0+6'+5+4')(3'+7'+6+5')(2+7+5+4)(2'+7'+5'+4')(2+1'+0'+7)(3'+2'+0'+5)(0+7+6+4)(3'+1'+6'+4)(3+1'+0'+4)(2'+6'+5'+4)(1+7+6+5+4')(3+1'+6+5)(3'+2+7+6')(3+2'+7+6')(2+0+7'+6)(2+0'+7'+6'+4')(2+6+5+4')(1+0'+6+5')(2'+0+5'+4')(3+7'+6'+5')(2'+7'+5+4)
e_sbox:	1101 0101 0110 1011 1001 0000 1010 1101 0011 1110 1111 1000 0100 0111 0001 0010 
8 = (3'+1+5+4')(3+1+0+4)(3+2+1'+5)(1'+0+7'+5)(3+1+0'+7')(3'+2'+0+5')(2'+7'+5'+4')(2'+6'+5'+4)(2+6+5'+4)(2'+1'+5+4)(3'+2+1'+7)(3'+1+0'+6)(3'+1'+0'+4')(3+2'+7+4')(0'+7+6'+4)(3+7+6+5')(3'+2+1+0+6')(2+0+7'+6)(0+7+6'+4')(1'+7'+6'+4)(2+0'+6'+5'+4')(2'+0'+7'+6)(3+6'+5'+4')(7'+6'+5+4)(0+6+5+4)(2+7+6+5)(2'+0+7'+6')
Max time :	3600
PRESENT_MODE:	128
SAT_MODE:	2
	SBOX_MODE:	102
	KSR_HAVEERROR:	1
	ENCYPT_HAVEERROR:	1
AnalysesRounds:	12
MinCiphers:	32
MaxCiphers:	50
Threads:	1
Master_key:	00011101111100110001011011100010011111001111001001000110100101011100110000100011111000010011010100111110110011110011110111010001
---------------------------------------------------------------------------------------------------
num_cipher:	32
	Total vars:	72384
	Total clauses:	208912
	Test == masterkey, spend 8056375 clocks.
	Not solved within 3600 seconds, Have 0 results.
num_cipher:	33
	Total vars:	74624
	Total clauses:	215376
	Test == masterkey, spend 7106127 clocks.
	Not solved within 3600 seconds, Have 0 results.
num_cipher:	34
	Total vars:	76864
	Total clauses:	221840
	Test == masterkey, spend 9448637 clocks.
	Not solved within 3600 seconds, Have 3 results.
num_cipher:	35
	Total vars:	79104
	Total clauses:	228304
	Test == masterkey, spend 10025052 clocks.
解得主密钥:  37	00011101111100110001011011100010011111001111001001000110100101011100110000100011111000010011010100111110110011110011110111010001
	Have 48 results, spent 1647536709 clocks.
num_cipher:	36
	Total vars:	81344
	Total clauses:	234768
	Test == masterkey, spend 8564048 clocks.
解得主密钥:  17	00011101111100110001011011100010011111001111001001000110100101011100110000100011111000010011010100111110110011110011110111010001
	Have 48 results, spent 602485283 clocks.
num_cipher:	37
	Total vars:	83584
	Total clauses:	241232
	Test == masterkey, spend 8883109 clocks.
解得主密钥:  33	00011101111100110001011011100010011111001111001001000110100101011100110000100011111000010011010100111110110011110011110111010001
	Have 48 results, spent 140648196 clocks.
num_cipher:	38
	Total vars:	85824
	Total clauses:	247696
	Test == masterkey, spend 9626306 clocks.
解得主密钥:  41	00011101111100110001011011100010011111001111001001000110100101011100110000100011111000010011010100111110110011110011110111010001
	Have 48 results, spent 75574163 clocks.
num_cipher:	39
	Total vars:	88064
	Total clauses:	254160
	Test == masterkey, spend 10202008 clocks.
解得主密钥:  25	00011101111100110001011011100010011111001111001001000110100101011100110000100011111000010011010100111110110011110011110111010001
	Have 48 results, spent 68983253 clocks.
num_cipher:	40
	Total vars:	90304
	Total clauses:	260624
	Test == masterkey, spend 7461747 clocks.
解得主密钥:  28	00011101111100110001011011100010011111001111001001000110100101011100110000100011111000010011010100111110110011110011110111010001
	Have 48 results, spent 66302019 clocks.
num_cipher:	41
	Total vars:	92544
	Total clauses:	267088
	Test == masterkey, spend 9489108 clocks.
解得主密钥:  16	00011101111100110001011011100010011111001111001001000110100101011100110000100011111000010011010100111110110011110011110111010001
	Have 48 results, spent 36092864 clocks.
num_cipher:	42
	Total vars:	94784
	Total clauses:	273552
	Test == masterkey, spend 8975515 clocks.
解得主密钥:  40	00011101111100110001011011100010011111001111001001000110100101011100110000100011111000010011010100111110110011110011110111010001
	Have 48 results, spent 34582553 clocks.
num_cipher:	43
	Total vars:	97024
	Total clauses:	280016
	Test == masterkey, spend 10177051 clocks.
解得主密钥:  18	00011101111100110001011011100010011111001111001001000110100101011100110000100011111000010011010100111110110011110011110111010001
	Have 48 results, spent 37905289 clocks.
num_cipher:	44
	Total vars:	99264
	Total clauses:	286480
	Test == masterkey, spend 9588030 clocks.
解得主密钥:  2	00011101111100110001011011100010011111001111001001000110100101011100110000100011111000010011010100111110110011110011110111010001
	Have 48 results, spent 33394517 clocks.
num_cipher:	45
	Total vars:	101504
	Total clauses:	292944
	Test == masterkey, spend 19327768 clocks.
解得主密钥:  11	00011101111100110001011011100010011111001111001001000110100101011100110000100011111000010011010100111110110011110011110111010001
	Have 48 results, spent 32611215 clocks.
num_cipher:	46
	Total vars:	103744
	Total clauses:	299408
	Test == masterkey, spend 20958755 clocks.
解得主密钥:  15	00011101111100110001011011100010011111001111001001000110100101011100110000100011111000010011010100111110110011110011110111010001
	Have 48 results, spent 31411770 clocks.
num_cipher:	47
	Total vars:	105984
	Total clauses:	305872
	Test == masterkey, spend 23033778 clocks.
解得主密钥:  35	00011101111100110001011011100010011111001111001001000110100101011100110000100011111000010011010100111110110011110011110111010001
	Have 48 results, spent 28379768 clocks.
num_cipher:	48
	Total vars:	108224
	Total clauses:	312336
	Test == masterkey, spend 22133557 clocks.
解得主密钥:  47	00011101111100110001011011100010011111001111001001000110100101011100110000100011111000010011010100111110110011110011110111010001
	Have 48 results, spent 27552264 clocks.
num_cipher:	49
	Total vars:	110464
	Total clauses:	318800
	Test == masterkey, spend 21968911 clocks.
解得主密钥:  1	00011101111100110001011011100010011111001111001001000110100101011100110000100011111000010011010100111110110011110011110111010001
	Have 48 results, spent 30353274 clocks.
num_cipher:	50
	Total vars:	112704
	Total clauses:	325264
	Test == masterkey, spend 25022422 clocks.
解得主密钥:  2	00011101111100110001011011100010011111001111001001000110100101011100110000100011111000010011010100111110110011110011110111010001
	Have 48 results, spent 30530582 clocks.
---------------------------------------------------------------------------------------------------
	Command being timed: "./bin/present128NSNK 1 12 32 50"
	User time (seconds): 13980.59
	System time (seconds): 12.44
	Percent of CPU this job got: 99%
	Elapsed (wall clock) time (h:mm:ss or m:ss): 3:53:20
	Average shared text size (kbytes): 0
	Average unshared data size (kbytes): 0
	Average stack size (kbytes): 0
	Average total size (kbytes): 0
	Maximum resident set size (kbytes): 229656
	Average resident set size (kbytes): 0
	Major (requiring I/O) page faults: 0
	Minor (reclaiming a frame) page faults: 815058
	Voluntary context switches: 1
	Involuntary context switches: 30270
	Swaps: 0
	File system inputs: 0
	File system outputs: 344
	Socket messages sent: 0
	Socket messages received: 0
	Signals delivered: 0
	Page size (bytes): 4096
	Exit status: 0
