sbox:	1100 0101 0110 1011 1001 0000 1010 1101 0011 1110 1111 1000 0100 0111 0001 0010 
8 = (3+1+5')(1'+0+7'+5)(3'+1+0+7')(1+0'+7'+5)(1'+7+5'+4')(0+6'+5+4')(3'+7'+6+5')(2+7+5+4)(2'+7'+5'+4')(2+1'+0'+7)(3'+2'+0'+5)(0+7+6+4)(3'+1'+6'+4)(3+1'+0'+4)(2'+6'+5'+4)(1+7+6+5+4')(3+1'+6+5)(3'+2+7+6')(3+2'+7+6')(2+0+7'+6)(2+0'+7'+6'+4')(2+6+5+4')(1+0'+6+5')(2'+0+5'+4')(3+7'+6'+5')(2'+7'+5+4)
e_sbox:	1101 0101 0110 1011 1001 0000 1010 1101 0011 1110 1111 1000 0100 0111 0001 0010 
8 = (3'+1+5+4')(3+1+0+4)(3+2+1'+5)(1'+0+7'+5)(3+1+0'+7')(3'+2'+0+5')(2'+7'+5'+4')(2'+6'+5'+4)(2+6+5'+4)(2'+1'+5+4)(3'+2+1'+7)(3'+1+0'+6)(3'+1'+0'+4')(3+2'+7+4')(0'+7+6'+4)(3+7+6+5')(3'+2+1+0+6')(2+0+7'+6)(0+7+6'+4')(1'+7'+6'+4)(2+0'+6'+5'+4')(2'+0'+7'+6)(3+6'+5'+4')(7'+6'+5+4)(0+6+5+4)(2+7+6+5)(2'+0+7'+6')
Max time :	3600
PRESENT_MODE:	128
SAT_MODE:	2
	SBOX_MODE:	102
	KSR_HAVEERROR:	1
	ENCYPT_HAVEERROR:	1
AnalysesRounds:	12
MinCiphers:	32
MaxCiphers:	50
Threads:	1
Master_key:	00011101111100110001011011100010011111001111001001000110100101011100110000100011111000010011010100111110110011110011110111010001
---------------------------------------------------------------------------------------------------
num_cipher:	32
	Total vars:	72384
	Total clauses:	208912
	Test == masterkey, spend 9326837 clocks.
	Not solved within 3600 seconds, Have 0 results.
num_cipher:	33
	Total vars:	74624
	Total clauses:	215376
	Test == masterkey, spend 8048964 clocks.
解得主密钥:  83	00011101111100110001011011100010011111001111001001000110100101011100110000100011111000010011010100111110110011110011110111010001
	Have 96 results, spent 3002681685 clocks.
num_cipher:	34
	Total vars:	76864
	Total clauses:	221840
	Test == masterkey, spend 8287079 clocks.
解得主密钥:  15	00011101111100110001011011100010011111001111001001000110100101011100110000100011111000010011010100111110110011110011110111010001
	Have 96 results, spent 496012454 clocks.
num_cipher:	35
	Total vars:	79104
	Total clauses:	228304
	Test == masterkey, spend 7738206 clocks.
解得主密钥:  11	00011101111100110001011011100010011111001111001001000110100101011100110000100011111000010011010100111110110011110011110111010001
	Have 48 results, spent 123594769 clocks.
num_cipher:	36
	Total vars:	81344
	Total clauses:	234768
	Test == masterkey, spend 7539032 clocks.
解得主密钥:  48	00011101111100110001011011100010011111001111001001000110100101011100110000100011111000010011010100111110110011110011110111010001
	Have 48 results, spent 65160303 clocks.
num_cipher:	37
	Total vars:	83584
	Total clauses:	241232
	Test == masterkey, spend 8877164 clocks.
解得主密钥:  16	00011101111100110001011011100010011111001111001001000110100101011100110000100011111000010011010100111110110011110011110111010001
	Have 48 results, spent 69515337 clocks.
num_cipher:	38
	Total vars:	85824
	Total clauses:	247696
	Test == masterkey, spend 9826925 clocks.
解得主密钥:  12	00011101111100110001011011100010011111001111001001000110100101011100110000100011111000010011010100111110110011110011110111010001
	Have 48 results, spent 73476078 clocks.
num_cipher:	39
	Total vars:	88064
	Total clauses:	254160
	Test == masterkey, spend 9378008 clocks.
解得主密钥:  9	00011101111100110001011011100010011111001111001001000110100101011100110000100011111000010011010100111110110011110011110111010001
	Have 48 results, spent 70239574 clocks.
num_cipher:	40
	Total vars:	90304
	Total clauses:	260624
	Test == masterkey, spend 10715889 clocks.
解得主密钥:  42	00011101111100110001011011100010011111001111001001000110100101011100110000100011111000010011010100111110110011110011110111010001
	Have 48 results, spent 31029971 clocks.
num_cipher:	41
	Total vars:	92544
	Total clauses:	267088
	Test == masterkey, spend 10432093 clocks.
解得主密钥:  5	00011101111100110001011011100010011111001111001001000110100101011100110000100011111000010011010100111110110011110011110111010001
	Have 48 results, spent 33078821 clocks.
num_cipher:	42
	Total vars:	94784
	Total clauses:	273552
	Test == masterkey, spend 11946121 clocks.
解得主密钥:  5	00011101111100110001011011100010011111001111001001000110100101011100110000100011111000010011010100111110110011110011110111010001
	Have 48 results, spent 31060927 clocks.
num_cipher:	43
	Total vars:	97024
	Total clauses:	280016
	Test == masterkey, spend 9953307 clocks.
解得主密钥:  21	00011101111100110001011011100010011111001111001001000110100101011100110000100011111000010011010100111110110011110011110111010001
	Have 48 results, spent 29178936 clocks.
num_cipher:	44
	Total vars:	99264
	Total clauses:	286480
	Test == masterkey, spend 9769720 clocks.
解得主密钥:  22	00011101111100110001011011100010011111001111001001000110100101011100110000100011111000010011010100111110110011110011110111010001
	Have 48 results, spent 26152835 clocks.
num_cipher:	45
	Total vars:	101504
	Total clauses:	292944
	Test == masterkey, spend 11188871 clocks.
解得主密钥:  6	00011101111100110001011011100010011111001111001001000110100101011100110000100011111000010011010100111110110011110011110111010001
	Have 48 results, spent 25801641 clocks.
num_cipher:	46
	Total vars:	103744
	Total clauses:	299408
	Test == masterkey, spend 9777164 clocks.
解得主密钥:  8	00011101111100110001011011100010011111001111001001000110100101011100110000100011111000010011010100111110110011110011110111010001
	Have 48 results, spent 27293900 clocks.
num_cipher:	47
	Total vars:	105984
	Total clauses:	305872
	Test == masterkey, spend 16636560 clocks.
解得主密钥:  19	00011101111100110001011011100010011111001111001001000110100101011100110000100011111000010011010100111110110011110011110111010001
	Have 48 results, spent 23188118 clocks.
num_cipher:	48
	Total vars:	108224
	Total clauses:	312336
	Test == masterkey, spend 17503776 clocks.
解得主密钥:  13	00011101111100110001011011100010011111001111001001000110100101011100110000100011111000010011010100111110110011110011110111010001
	Have 48 results, spent 27813763 clocks.
num_cipher:	49
	Total vars:	110464
	Total clauses:	318800
	Test == masterkey, spend 22849837 clocks.
解得主密钥:  9	00011101111100110001011011100010011111001111001001000110100101011100110000100011111000010011010100111110110011110011110111010001
	Have 48 results, spent 29687981 clocks.
num_cipher:	50
	Total vars:	112704
	Total clauses:	325264
	Test == masterkey, spend 22560110 clocks.
解得主密钥:  32	00011101111100110001011011100010011111001111001001000110100101011100110000100011111000010011010100111110110011110011110111010001
	Have 48 results, spent 31130791 clocks.
---------------------------------------------------------------------------------------------------
	Command being timed: "./bin/present128NSNK 1 12 32 50"
	User time (seconds): 8043.41
	System time (seconds): 11.24
	Percent of CPU this job got: 99%
	Elapsed (wall clock) time (h:mm:ss or m:ss): 2:14:15
	Average shared text size (kbytes): 0
	Average unshared data size (kbytes): 0
	Average stack size (kbytes): 0
	Average total size (kbytes): 0
	Maximum resident set size (kbytes): 217196
	Average resident set size (kbytes): 0
	Major (requiring I/O) page faults: 0
	Minor (reclaiming a frame) page faults: 457388
	Voluntary context switches: 2
	Involuntary context switches: 17009
	Swaps: 0
	File system inputs: 0
	File system outputs: 352
	Socket messages sent: 0
	Socket messages received: 0
	Signals delivered: 0
	Page size (bytes): 4096
	Exit status: 0
