sbox:	1100 0101 0110 1011 1001 0000 1010 1101 0011 1110 1111 1000 0100 0111 0001 0010 
8 = (3+1+5')(1'+0+7'+5)(3'+1+0+7')(1+0'+7'+5)(1'+7+5'+4')(0+6'+5+4')(3'+7'+6+5')(2+7+5+4)(2'+7'+5'+4')(2+1'+0'+7)(3'+2'+0'+5)(0+7+6+4)(3'+1'+6'+4)(3+1'+0'+4)(2'+6'+5'+4)(1+7+6+5+4')(3+1'+6+5)(3'+2+7+6')(3+2'+7+6')(2+0+7'+6)(2+0'+7'+6'+4')(2+6+5+4')(1+0'+6+5')(2'+0+5'+4')(3+7'+6'+5')(2'+7'+5+4)
e_sbox:	1101 0101 0110 1011 1001 0000 1010 1101 0011 1110 1111 1000 0100 0111 0001 0010 
8 = (3'+1+5+4')(3+1+0+4)(3+2+1'+5)(1'+0+7'+5)(3+1+0'+7')(3'+2'+0+5')(2'+7'+5'+4')(2'+6'+5'+4)(2+6+5'+4)(2'+1'+5+4)(3'+2+1'+7)(3'+1+0'+6)(3'+1'+0'+4')(3+2'+7+4')(0'+7+6'+4)(3+7+6+5')(3'+2+1+0+6')(2+0+7'+6)(0+7+6'+4')(1'+7'+6'+4)(2+0'+6'+5'+4')(2'+0'+7'+6)(3+6'+5'+4')(7'+6'+5+4)(0+6+5+4)(2+7+6+5)(2'+0+7'+6')
Max time :	3600
PRESENT_MODE:	128
SAT_MODE:	2
	SBOX_MODE:	102
	KSR_HAVEERROR:	1
	ENCYPT_HAVEERROR:	1
AnalysesRounds:	5
MinCiphers:	32
MaxCiphers:	50
Threads:	1
Master_key:	00011101111100110001011011100010011111001111001001000110100101011100110000100011111000010011010100111110110011110011110111010001
---------------------------------------------------------------------------------------------------
num_cipher:	32
	Total vars:	29376
	Total clauses:	79888
	Test == masterkey, spend 831942 clocks.
	Not solved within 3600 seconds, Have 3 results.
num_cipher:	33
	Total vars:	30272
	Total clauses:	82320
	Test == masterkey, spend 875175 clocks.
	Not solved within 3600 seconds, Have 6 results.
num_cipher:	34
	Total vars:	31168
	Total clauses:	84752
	Test == masterkey, spend 944836 clocks.
解得主密钥:  76	00011101111100110001011011100010011111001111001001000110100101011100110000100011111000010011010100111110110011110011110111010001
	Have 312 results, spent 1527085223 clocks.
num_cipher:	35
	Total vars:	32064
	Total clauses:	87184
	Test == masterkey, spend 822802 clocks.
解得主密钥:  112	00011101111100110001011011100010011111001111001001000110100101011100110000100011111000010011010100111110110011110011110111010001
	Have 312 results, spent 723526381 clocks.
num_cipher:	36
	Total vars:	32960
	Total clauses:	89616
	Test == masterkey, spend 1068412 clocks.
解得主密钥:  170	00011101111100110001011011100010011111001111001001000110100101011100110000100011111000010011010100111110110011110011110111010001
	Have 192 results, spent 395056968 clocks.
num_cipher:	37
	Total vars:	33856
	Total clauses:	92048
	Test == masterkey, spend 972346 clocks.
解得主密钥:  56	00011101111100110001011011100010011111001111001001000110100101011100110000100011111000010011010100111110110011110011110111010001
	Have 192 results, spent 219250895 clocks.
num_cipher:	38
	Total vars:	34752
	Total clauses:	94480
	Test == masterkey, spend 1179725 clocks.
解得主密钥:  155	00011101111100110001011011100010011111001111001001000110100101011100110000100011111000010011010100111110110011110011110111010001
	Have 192 results, spent 94918071 clocks.
num_cipher:	39
	Total vars:	35648
	Total clauses:	96912
	Test == masterkey, spend 1088643 clocks.
解得主密钥:  70	00011101111100110001011011100010011111001111001001000110100101011100110000100011111000010011010100111110110011110011110111010001
	Have 192 results, spent 40584938 clocks.
num_cipher:	40
	Total vars:	36544
	Total clauses:	99344
	Test == masterkey, spend 1229763 clocks.
解得主密钥:  6	00011101111100110001011011100010011111001111001001000110100101011100110000100011111000010011010100111110110011110011110111010001
	Have 192 results, spent 29842723 clocks.
num_cipher:	41
	Total vars:	37440
	Total clauses:	101776
	Test == masterkey, spend 1104862 clocks.
解得主密钥:  23	00011101111100110001011011100010011111001111001001000110100101011100110000100011111000010011010100111110110011110011110111010001
	Have 192 results, spent 20634198 clocks.
num_cipher:	42
	Total vars:	38336
	Total clauses:	104208
	Test == masterkey, spend 1522636 clocks.
解得主密钥:  132	00011101111100110001011011100010011111001111001001000110100101011100110000100011111000010011010100111110110011110011110111010001
	Have 192 results, spent 23040680 clocks.
num_cipher:	43
	Total vars:	39232
	Total clauses:	106640
	Test == masterkey, spend 1345791 clocks.
解得主密钥:  96	00011101111100110001011011100010011111001111001001000110100101011100110000100011111000010011010100111110110011110011110111010001
	Have 192 results, spent 15138926 clocks.
num_cipher:	44
	Total vars:	40128
	Total clauses:	109072
	Test == masterkey, spend 1522844 clocks.
解得主密钥:  37	00011101111100110001011011100010011111001111001001000110100101011100110000100011111000010011010100111110110011110011110111010001
	Have 96 results, spent 14445832 clocks.
num_cipher:	45
	Total vars:	41024
	Total clauses:	111504
	Test == masterkey, spend 1421918 clocks.
解得主密钥:  81	00011101111100110001011011100010011111001111001001000110100101011100110000100011111000010011010100111110110011110011110111010001
	Have 96 results, spent 13915471 clocks.
num_cipher:	46
	Total vars:	41920
	Total clauses:	113936
	Test == masterkey, spend 1564530 clocks.
解得主密钥:  62	00011101111100110001011011100010011111001111001001000110100101011100110000100011111000010011010100111110110011110011110111010001
	Have 96 results, spent 12447444 clocks.
num_cipher:	47
	Total vars:	42816
	Total clauses:	116368
	Test == masterkey, spend 1677089 clocks.
解得主密钥:  88	00011101111100110001011011100010011111001111001001000110100101011100110000100011111000010011010100111110110011110011110111010001
	Have 96 results, spent 13182441 clocks.
num_cipher:	48
	Total vars:	43712
	Total clauses:	118800
	Test == masterkey, spend 2026409 clocks.
解得主密钥:  83	00011101111100110001011011100010011111001111001001000110100101011100110000100011111000010011010100111110110011110011110111010001
	Have 96 results, spent 11951533 clocks.
num_cipher:	49
	Total vars:	44608
	Total clauses:	121232
	Test == masterkey, spend 2282237 clocks.
解得主密钥:  52	00011101111100110001011011100010011111001111001001000110100101011100110000100011111000010011010100111110110011110011110111010001
	Have 96 results, spent 18003304 clocks.
num_cipher:	50
	Total vars:	45504
	Total clauses:	123664
	Test == masterkey, spend 2289312 clocks.
解得主密钥:  18	00011101111100110001011011100010011111001111001001000110100101011100110000100011111000010011010100111110110011110011110111010001
	Have 96 results, spent 12456082 clocks.
---------------------------------------------------------------------------------------------------
	Command being timed: "./bin/present128NSNK 1 5 32 50"
	User time (seconds): 10408.31
	System time (seconds): 7.82
	Percent of CPU this job got: 99%
	Elapsed (wall clock) time (h:mm:ss or m:ss): 2:53:42
	Average shared text size (kbytes): 0
	Average unshared data size (kbytes): 0
	Average stack size (kbytes): 0
	Average total size (kbytes): 0
	Maximum resident set size (kbytes): 164964
	Average resident set size (kbytes): 0
	Major (requiring I/O) page faults: 0
	Minor (reclaiming a frame) page faults: 156001
	Voluntary context switches: 1
	Involuntary context switches: 25264
	Swaps: 0
	File system inputs: 0
	File system outputs: 168
	Socket messages sent: 0
	Socket messages received: 0
	Signals delivered: 0
	Page size (bytes): 4096
	Exit status: 0
