sbox:	1100 0101 0110 1011 1001 0000 1010 1101 0011 1110 1111 1000 0100 0111 0001 0010 
8 = (3+1+5')(1'+0+7'+5)(3'+1+0+7')(1+0'+7'+5)(1'+7+5'+4')(0+6'+5+4')(3'+7'+6+5')(2+7+5+4)(2'+7'+5'+4')(2+1'+0'+7)(3'+2'+0'+5)(0+7+6+4)(3'+1'+6'+4)(3+1'+0'+4)(2'+6'+5'+4)(1+7+6+5+4')(3+1'+6+5)(3'+2+7+6')(3+2'+7+6')(2+0+7'+6)(2+0'+7'+6'+4')(2+6+5+4')(1+0'+6+5')(2'+0+5'+4')(3+7'+6'+5')(2'+7'+5+4)
e_sbox:	1101 0101 0110 1011 1001 0000 1010 1101 0011 1110 1111 1000 0100 0111 0001 0010 
8 = (3'+1+5+4')(3+1+0+4)(3+2+1'+5)(1'+0+7'+5)(3+1+0'+7')(3'+2'+0+5')(2'+7'+5'+4')(2'+6'+5'+4)(2+6+5'+4)(2'+1'+5+4)(3'+2+1'+7)(3'+1+0'+6)(3'+1'+0'+4')(3+2'+7+4')(0'+7+6'+4)(3+7+6+5')(3'+2+1+0+6')(2+0+7'+6)(0+7+6'+4')(1'+7'+6'+4)(2+0'+6'+5'+4')(2'+0'+7'+6)(3+6'+5'+4')(7'+6'+5+4)(0+6+5+4)(2+7+6+5)(2'+0+7'+6')
Max time :	3600
PRESENT_MODE:	128
SAT_MODE:	2
	SBOX_MODE:	102
	KSR_HAVEERROR:	1
	ENCYPT_HAVEERROR:	1
AnalysesRounds:	6
MinCiphers:	32
MaxCiphers:	50
Threads:	1
Master_key:	00011101111100110001011011100010011111001111001001000110100101011100110000100011111000010011010100111110110011110011110111010001
---------------------------------------------------------------------------------------------------
num_cipher:	32
	Total vars:	35520
	Total clauses:	98320
	Test == masterkey, spend 1619960 clocks.
	Not solved within 3600 seconds, Have 0 results.
num_cipher:	33
	Total vars:	36608
	Total clauses:	101328
	Test == masterkey, spend 1359167 clocks.
	Not solved within 3600 seconds, Have 1 results.
num_cipher:	34
	Total vars:	37696
	Total clauses:	104336
	Test == masterkey, spend 1871458 clocks.
	Not solved within 3600 seconds, Have 1 results.
num_cipher:	35
	Total vars:	38784
	Total clauses:	107344
	Test == masterkey, spend 2366777 clocks.
解得主密钥:  66	00011101111100110001011011100010011111001111001001000110100101011100110000100011111000010011010100111110110011110011110111010001
	Have 96 results, spent 2070734922 clocks.
num_cipher:	36
	Total vars:	39872
	Total clauses:	110352
	Test == masterkey, spend 2467190 clocks.
解得主密钥:  45	00011101111100110001011011100010011111001111001001000110100101011100110000100011111000010011010100111110110011110011110111010001
	Have 96 results, spent 205225402 clocks.
num_cipher:	37
	Total vars:	40960
	Total clauses:	113360
	Test == masterkey, spend 2234431 clocks.
解得主密钥:  78	00011101111100110001011011100010011111001111001001000110100101011100110000100011111000010011010100111110110011110011110111010001
	Have 96 results, spent 53862834 clocks.
num_cipher:	38
	Total vars:	42048
	Total clauses:	116368
	Test == masterkey, spend 1974694 clocks.
解得主密钥:  94	00011101111100110001011011100010011111001111001001000110100101011100110000100011111000010011010100111110110011110011110111010001
	Have 96 results, spent 46646923 clocks.
num_cipher:	39
	Total vars:	43136
	Total clauses:	119376
	Test == masterkey, spend 2422861 clocks.
解得主密钥:  78	00011101111100110001011011100010011111001111001001000110100101011100110000100011111000010011010100111110110011110011110111010001
	Have 96 results, spent 34747476 clocks.
num_cipher:	40
	Total vars:	44224
	Total clauses:	122384
	Test == masterkey, spend 2530233 clocks.
解得主密钥:  47	00011101111100110001011011100010011111001111001001000110100101011100110000100011111000010011010100111110110011110011110111010001
	Have 96 results, spent 30482634 clocks.
num_cipher:	41
	Total vars:	45312
	Total clauses:	125392
	Test == masterkey, spend 2429610 clocks.
解得主密钥:  80	00011101111100110001011011100010011111001111001001000110100101011100110000100011111000010011010100111110110011110011110111010001
	Have 96 results, spent 32082591 clocks.
num_cipher:	42
	Total vars:	46400
	Total clauses:	128400
	Test == masterkey, spend 2703472 clocks.
解得主密钥:  78	00011101111100110001011011100010011111001111001001000110100101011100110000100011111000010011010100111110110011110011110111010001
	Have 96 results, spent 28048997 clocks.
num_cipher:	43
	Total vars:	47488
	Total clauses:	131408
	Test == masterkey, spend 2968750 clocks.
解得主密钥:  96	00011101111100110001011011100010011111001111001001000110100101011100110000100011111000010011010100111110110011110011110111010001
	Have 96 results, spent 26047618 clocks.
num_cipher:	44
	Total vars:	48576
	Total clauses:	134416
	Test == masterkey, spend 3362216 clocks.
解得主密钥:  57	00011101111100110001011011100010011111001111001001000110100101011100110000100011111000010011010100111110110011110011110111010001
	Have 96 results, spent 27644077 clocks.
num_cipher:	45
	Total vars:	49664
	Total clauses:	137424
	Test == masterkey, spend 2786526 clocks.
解得主密钥:  85	00011101111100110001011011100010011111001111001001000110100101011100110000100011111000010011010100111110110011110011110111010001
	Have 96 results, spent 24815043 clocks.
num_cipher:	46
	Total vars:	50752
	Total clauses:	140432
	Test == masterkey, spend 3578684 clocks.
解得主密钥:  2	00011101111100110001011011100010011111001111001001000110100101011100110000100011111000010011010100111110110011110011110111010001
	Have 96 results, spent 23838951 clocks.
num_cipher:	47
	Total vars:	51840
	Total clauses:	143440
	Test == masterkey, spend 3491911 clocks.
解得主密钥:  64	00011101111100110001011011100010011111001111001001000110100101011100110000100011111000010011010100111110110011110011110111010001
	Have 96 results, spent 22837475 clocks.
num_cipher:	48
	Total vars:	52928
	Total clauses:	146448
	Test == masterkey, spend 4289755 clocks.
解得主密钥:  68	00011101111100110001011011100010011111001111001001000110100101011100110000100011111000010011010100111110110011110011110111010001
	Have 96 results, spent 18583596 clocks.
num_cipher:	49
	Total vars:	54016
	Total clauses:	149456
	Test == masterkey, spend 3407992 clocks.
解得主密钥:  24	00011101111100110001011011100010011111001111001001000110100101011100110000100011111000010011010100111110110011110011110111010001
	Have 96 results, spent 18203287 clocks.
num_cipher:	50
	Total vars:	55104
	Total clauses:	152464
	Test == masterkey, spend 4643255 clocks.
解得主密钥:  92	00011101111100110001011011100010011111001111001001000110100101011100110000100011111000010011010100111110110011110011110111010001
	Have 96 results, spent 16945688 clocks.
---------------------------------------------------------------------------------------------------
	Command being timed: "./bin/present128NSNK 1 6 32 50"
	User time (seconds): 13526.39
	System time (seconds): 15.73
	Percent of CPU this job got: 99%
	Elapsed (wall clock) time (h:mm:ss or m:ss): 3:45:51
	Average shared text size (kbytes): 0
	Average unshared data size (kbytes): 0
	Average stack size (kbytes): 0
	Average total size (kbytes): 0
	Maximum resident set size (kbytes): 163592
	Average resident set size (kbytes): 0
	Major (requiring I/O) page faults: 0
	Minor (reclaiming a frame) page faults: 185101
	Voluntary context switches: 2
	Involuntary context switches: 39728
	Swaps: 0
	File system inputs: 0
	File system outputs: 184
	Socket messages sent: 0
	Socket messages received: 0
	Signals delivered: 0
	Page size (bytes): 4096
	Exit status: 0
