sbox:	1100 0101 0110 1011 1001 0000 1010 1101 0011 1110 1111 1000 0100 0111 0001 0010 
8 = (3+1+5')(1'+0+7'+5)(3'+1+0+7')(1+0'+7'+5)(1'+7+5'+4')(0+6'+5+4')(3'+7'+6+5')(2+7+5+4)(2'+7'+5'+4')(2+1'+0'+7)(3'+2'+0'+5)(0+7+6+4)(3'+1'+6'+4)(3+1'+0'+4)(2'+6'+5'+4)(1+7+6+5+4')(3+1'+6+5)(3'+2+7+6')(3+2'+7+6')(2+0+7'+6)(2+0'+7'+6'+4')(2+6+5+4')(1+0'+6+5')(2'+0+5'+4')(3+7'+6'+5')(2'+7'+5+4)
e_sbox:	1101 0101 0110 1011 1001 0000 1010 1101 0011 1110 1111 1000 0100 0111 0001 0010 
8 = (3'+1+5+4')(3+1+0+4)(3+2+1'+5)(1'+0+7'+5)(3+1+0'+7')(3'+2'+0+5')(2'+7'+5'+4')(2'+6'+5'+4)(2+6+5'+4)(2'+1'+5+4)(3'+2+1'+7)(3'+1+0'+6)(3'+1'+0'+4')(3+2'+7+4')(0'+7+6'+4)(3+7+6+5')(3'+2+1+0+6')(2+0+7'+6)(0+7+6'+4')(1'+7'+6'+4)(2+0'+6'+5'+4')(2'+0'+7'+6)(3+6'+5'+4')(7'+6'+5+4)(0+6+5+4)(2+7+6+5)(2'+0+7'+6')
Max time :	3600
PRESENT_MODE:	128
SAT_MODE:	2
	SBOX_MODE:	102
	KSR_HAVEERROR:	1
	ENCYPT_HAVEERROR:	1
AnalysesRounds:	7
MinCiphers:	32
MaxCiphers:	50
Threads:	1
Master_key:	00011101111100110001011011100010011111001111001001000110100101011100110000100011111000010011010100111110110011110011110111010001
---------------------------------------------------------------------------------------------------
num_cipher:	32
	Total vars:	41664
	Total clauses:	116752
	Test == masterkey, spend 2296223 clocks.
	Not solved within 3600 seconds, Have 4 results.
num_cipher:	33
	Total vars:	42944
	Total clauses:	120336
	Test == masterkey, spend 2739449 clocks.
解得主密钥:  3	00011101111100110001011011100010011111001111001001000110100101011100110000100011111000010011010100111110110011110011110111010001
	Have 96 results, spent 2914123976 clocks.
num_cipher:	34
	Total vars:	44224
	Total clauses:	123920
	Test == masterkey, spend 2553324 clocks.
解得主密钥:  58	00011101111100110001011011100010011111001111001001000110100101011100110000100011111000010011010100111110110011110011110111010001
	Have 96 results, spent 560091387 clocks.
num_cipher:	35
	Total vars:	45504
	Total clauses:	127504
	Test == masterkey, spend 2992751 clocks.
解得主密钥:  42	00011101111100110001011011100010011111001111001001000110100101011100110000100011111000010011010100111110110011110011110111010001
	Have 96 results, spent 241919505 clocks.
num_cipher:	36
	Total vars:	46784
	Total clauses:	131088
	Test == masterkey, spend 3242100 clocks.
解得主密钥:  60	00011101111100110001011011100010011111001111001001000110100101011100110000100011111000010011010100111110110011110011110111010001
	Have 96 results, spent 138898648 clocks.
num_cipher:	37
	Total vars:	48064
	Total clauses:	134672
	Test == masterkey, spend 3177100 clocks.
解得主密钥:  86	00011101111100110001011011100010011111001111001001000110100101011100110000100011111000010011010100111110110011110011110111010001
	Have 96 results, spent 111959558 clocks.
num_cipher:	38
	Total vars:	49344
	Total clauses:	138256
	Test == masterkey, spend 3676491 clocks.
解得主密钥:  86	00011101111100110001011011100010011111001111001001000110100101011100110000100011111000010011010100111110110011110011110111010001
	Have 96 results, spent 54992897 clocks.
num_cipher:	39
	Total vars:	50624
	Total clauses:	141840
	Test == masterkey, spend 3967922 clocks.
解得主密钥:  18	00011101111100110001011011100010011111001111001001000110100101011100110000100011111000010011010100111110110011110011110111010001
	Have 96 results, spent 50482640 clocks.
num_cipher:	40
	Total vars:	51904
	Total clauses:	145424
	Test == masterkey, spend 4299406 clocks.
解得主密钥:  13	00011101111100110001011011100010011111001111001001000110100101011100110000100011111000010011010100111110110011110011110111010001
	Have 96 results, spent 50597977 clocks.
num_cipher:	41
	Total vars:	53184
	Total clauses:	149008
	Test == masterkey, spend 4568072 clocks.
解得主密钥:  59	00011101111100110001011011100010011111001111001001000110100101011100110000100011111000010011010100111110110011110011110111010001
	Have 96 results, spent 39250114 clocks.
num_cipher:	42
	Total vars:	54464
	Total clauses:	152592
	Test == masterkey, spend 4640636 clocks.
解得主密钥:  48	00011101111100110001011011100010011111001111001001000110100101011100110000100011111000010011010100111110110011110011110111010001
	Have 96 results, spent 29314880 clocks.
num_cipher:	43
	Total vars:	55744
	Total clauses:	156176
	Test == masterkey, spend 4869018 clocks.
解得主密钥:  38	00011101111100110001011011100010011111001111001001000110100101011100110000100011111000010011010100111110110011110011110111010001
	Have 96 results, spent 38325777 clocks.
num_cipher:	44
	Total vars:	57024
	Total clauses:	159760
	Test == masterkey, spend 5652671 clocks.
解得主密钥:  80	00011101111100110001011011100010011111001111001001000110100101011100110000100011111000010011010100111110110011110011110111010001
	Have 96 results, spent 37308476 clocks.
num_cipher:	45
	Total vars:	58304
	Total clauses:	163344
	Test == masterkey, spend 6565596 clocks.
解得主密钥:  12	00011101111100110001011011100010011111001111001001000110100101011100110000100011111000010011010100111110110011110011110111010001
	Have 96 results, spent 37173265 clocks.
num_cipher:	46
	Total vars:	59584
	Total clauses:	166928
	Test == masterkey, spend 5338381 clocks.
解得主密钥:  3	00011101111100110001011011100010011111001111001001000110100101011100110000100011111000010011010100111110110011110011110111010001
	Have 96 results, spent 27317062 clocks.
num_cipher:	47
	Total vars:	60864
	Total clauses:	170512
	Test == masterkey, spend 7100916 clocks.
解得主密钥:  9	00011101111100110001011011100010011111001111001001000110100101011100110000100011111000010011010100111110110011110011110111010001
	Have 96 results, spent 32203950 clocks.
num_cipher:	48
	Total vars:	62144
	Total clauses:	174096
	Test == masterkey, spend 6397840 clocks.
解得主密钥:  80	00011101111100110001011011100010011111001111001001000110100101011100110000100011111000010011010100111110110011110011110111010001
	Have 96 results, spent 31470417 clocks.
num_cipher:	49
	Total vars:	63424
	Total clauses:	177680
	Test == masterkey, spend 6762658 clocks.
解得主密钥:  95	00011101111100110001011011100010011111001111001001000110100101011100110000100011111000010011010100111110110011110011110111010001
	Have 96 results, spent 34827428 clocks.
num_cipher:	50
	Total vars:	64704
	Total clauses:	181264
	Test == masterkey, spend 6848800 clocks.
解得主密钥:  86	00011101111100110001011011100010011111001111001001000110100101011100110000100011111000010011010100111110110011110011110111010001
	Have 96 results, spent 35612426 clocks.
---------------------------------------------------------------------------------------------------
	Command being timed: "./bin/present128NSNK 1 7 32 50"
	User time (seconds): 8142.11
	System time (seconds): 19.68
	Percent of CPU this job got: 99%
	Elapsed (wall clock) time (h:mm:ss or m:ss): 2:16:03
	Average shared text size (kbytes): 0
	Average unshared data size (kbytes): 0
	Average stack size (kbytes): 0
	Average total size (kbytes): 0
	Maximum resident set size (kbytes): 149464
	Average resident set size (kbytes): 0
	Major (requiring I/O) page faults: 0
	Minor (reclaiming a frame) page faults: 117726
	Voluntary context switches: 1
	Involuntary context switches: 12456
	Swaps: 0
	File system inputs: 0
	File system outputs: 272
	Socket messages sent: 0
	Socket messages received: 0
	Signals delivered: 0
	Page size (bytes): 4096
	Exit status: 0
