sbox:	1100 0101 0110 1011 1001 0000 1010 1101 0011 1110 1111 1000 0100 0111 0001 0010 
8 = (3+1+5')(1'+0+7'+5)(3'+1+0+7')(1+0'+7'+5)(1'+7+5'+4')(0+6'+5+4')(3'+7'+6+5')(2+7+5+4)(2'+7'+5'+4')(2+1'+0'+7)(3'+2'+0'+5)(0+7+6+4)(3'+1'+6'+4)(3+1'+0'+4)(2'+6'+5'+4)(1+7+6+5+4')(3+1'+6+5)(3'+2+7+6')(3+2'+7+6')(2+0+7'+6)(2+0'+7'+6'+4')(2+6+5+4')(1+0'+6+5')(2'+0+5'+4')(3+7'+6'+5')(2'+7'+5+4)
e_sbox:	1101 0101 0110 1011 1001 0000 1010 1101 0011 1110 1111 1000 0100 0111 0001 0010 
8 = (3'+1+5+4')(3+1+0+4)(3+2+1'+5)(1'+0+7'+5)(3+1+0'+7')(3'+2'+0+5')(2'+7'+5'+4')(2'+6'+5'+4)(2+6+5'+4)(2'+1'+5+4)(3'+2+1'+7)(3'+1+0'+6)(3'+1'+0'+4')(3+2'+7+4')(0'+7+6'+4)(3+7+6+5')(3'+2+1+0+6')(2+0+7'+6)(0+7+6'+4')(1'+7'+6'+4)(2+0'+6'+5'+4')(2'+0'+7'+6)(3+6'+5'+4')(7'+6'+5+4)(0+6+5+4)(2+7+6+5)(2'+0+7'+6')
Max time :	3600
PRESENT_MODE:	128
SAT_MODE:	2
	SBOX_MODE:	102
	KSR_HAVEERROR:	1
	ENCYPT_HAVEERROR:	1
AnalysesRounds:	7
MinCiphers:	32
MaxCiphers:	50
Threads:	1
Master_key:	00011101111100110001011011100010011111001111001001000110100101011100110000100011111000010011010100111110110011110011110111010001
---------------------------------------------------------------------------------------------------
num_cipher:	32
	Total vars:	41664
	Total clauses:	116752
	Test == masterkey, spend 2874437 clocks.
	Not solved within 3600 seconds, Have 0 results.
num_cipher:	33
	Total vars:	42944
	Total clauses:	120336
	Test == masterkey, spend 2776991 clocks.
	Not solved within 3600 seconds, Have 7 results.
num_cipher:	34
	Total vars:	44224
	Total clauses:	123920
	Test == masterkey, spend 3113779 clocks.
解得主密钥:  68	00011101111100110001011011100010011111001111001001000110100101011100110000100011111000010011010100111110110011110011110111010001
	Have 96 results, spent 717690510 clocks.
num_cipher:	35
	Total vars:	45504
	Total clauses:	127504
	Test == masterkey, spend 3272630 clocks.
解得主密钥:  96	00011101111100110001011011100010011111001111001001000110100101011100110000100011111000010011010100111110110011110011110111010001
	Have 96 results, spent 411970473 clocks.
num_cipher:	36
	Total vars:	46784
	Total clauses:	131088
	Test == masterkey, spend 3454382 clocks.
解得主密钥:  52	00011101111100110001011011100010011111001111001001000110100101011100110000100011111000010011010100111110110011110011110111010001
	Have 96 results, spent 158726442 clocks.
num_cipher:	37
	Total vars:	48064
	Total clauses:	134672
	Test == masterkey, spend 3195631 clocks.
解得主密钥:  3	00011101111100110001011011100010011111001111001001000110100101011100110000100011111000010011010100111110110011110011110111010001
	Have 96 results, spent 57887249 clocks.
num_cipher:	38
	Total vars:	49344
	Total clauses:	138256
	Test == masterkey, spend 4074005 clocks.
解得主密钥:  93	00011101111100110001011011100010011111001111001001000110100101011100110000100011111000010011010100111110110011110011110111010001
	Have 96 results, spent 53821119 clocks.
num_cipher:	39
	Total vars:	50624
	Total clauses:	141840
	Test == masterkey, spend 4055595 clocks.
解得主密钥:  71	00011101111100110001011011100010011111001111001001000110100101011100110000100011111000010011010100111110110011110011110111010001
	Have 96 results, spent 45958060 clocks.
num_cipher:	40
	Total vars:	51904
	Total clauses:	145424
	Test == masterkey, spend 4263800 clocks.
解得主密钥:  15	00011101111100110001011011100010011111001111001001000110100101011100110000100011111000010011010100111110110011110011110111010001
	Have 96 results, spent 27647534 clocks.
num_cipher:	41
	Total vars:	53184
	Total clauses:	149008
	Test == masterkey, spend 3899618 clocks.
解得主密钥:  23	00011101111100110001011011100010011111001111001001000110100101011100110000100011111000010011010100111110110011110011110111010001
	Have 96 results, spent 24547855 clocks.
num_cipher:	42
	Total vars:	54464
	Total clauses:	152592
	Test == masterkey, spend 4625295 clocks.
解得主密钥:  55	00011101111100110001011011100010011111001111001001000110100101011100110000100011111000010011010100111110110011110011110111010001
	Have 96 results, spent 26010806 clocks.
num_cipher:	43
	Total vars:	55744
	Total clauses:	156176
	Test == masterkey, spend 4580922 clocks.
解得主密钥:  35	00011101111100110001011011100010011111001111001001000110100101011100110000100011111000010011010100111110110011110011110111010001
	Have 96 results, spent 24936838 clocks.
num_cipher:	44
	Total vars:	57024
	Total clauses:	159760
	Test == masterkey, spend 5202700 clocks.
解得主密钥:  92	00011101111100110001011011100010011111001111001001000110100101011100110000100011111000010011010100111110110011110011110111010001
	Have 96 results, spent 28068739 clocks.
num_cipher:	45
	Total vars:	58304
	Total clauses:	163344
	Test == masterkey, spend 4624236 clocks.
解得主密钥:  61	00011101111100110001011011100010011111001111001001000110100101011100110000100011111000010011010100111110110011110011110111010001
	Have 96 results, spent 26541309 clocks.
num_cipher:	46
	Total vars:	59584
	Total clauses:	166928
	Test == masterkey, spend 5419967 clocks.
解得主密钥:  90	00011101111100110001011011100010011111001111001001000110100101011100110000100011111000010011010100111110110011110011110111010001
	Have 96 results, spent 25403318 clocks.
num_cipher:	47
	Total vars:	60864
	Total clauses:	170512
	Test == masterkey, spend 6528742 clocks.
解得主密钥:  47	00011101111100110001011011100010011111001111001001000110100101011100110000100011111000010011010100111110110011110011110111010001
	Have 96 results, spent 25420891 clocks.
num_cipher:	48
	Total vars:	62144
	Total clauses:	174096
	Test == masterkey, spend 5604134 clocks.
解得主密钥:  34	00011101111100110001011011100010011111001111001001000110100101011100110000100011111000010011010100111110110011110011110111010001
	Have 96 results, spent 22952229 clocks.
num_cipher:	49
	Total vars:	63424
	Total clauses:	177680
	Test == masterkey, spend 5469201 clocks.
解得主密钥:  30	00011101111100110001011011100010011111001111001001000110100101011100110000100011111000010011010100111110110011110011110111010001
	Have 96 results, spent 28989853 clocks.
num_cipher:	50
	Total vars:	64704
	Total clauses:	181264
	Test == masterkey, spend 6143078 clocks.
解得主密钥:  44	00011101111100110001011011100010011111001111001001000110100101011100110000100011111000010011010100111110110011110011110111010001
	Have 96 results, spent 29080477 clocks.
---------------------------------------------------------------------------------------------------
	Command being timed: "./bin/present128NSNK 1 7 32 50"
	User time (seconds): 9019.81
	System time (seconds): 9.85
	Percent of CPU this job got: 99%
	Elapsed (wall clock) time (h:mm:ss or m:ss): 2:30:32
	Average shared text size (kbytes): 0
	Average unshared data size (kbytes): 0
	Average stack size (kbytes): 0
	Average total size (kbytes): 0
	Maximum resident set size (kbytes): 153372
	Average resident set size (kbytes): 0
	Major (requiring I/O) page faults: 0
	Minor (reclaiming a frame) page faults: 232676
	Voluntary context switches: 1
	Involuntary context switches: 25218
	Swaps: 0
	File system inputs: 0
	File system outputs: 152
	Socket messages sent: 0
	Socket messages received: 0
	Signals delivered: 0
	Page size (bytes): 4096
	Exit status: 0
