sbox:	1100 0101 0110 1011 1001 0000 1010 1101 0011 1110 1111 1000 0100 0111 0001 0010 
8 = (3+1+5')(1'+0+7'+5)(3'+1+0+7')(1+0'+7'+5)(1'+7+5'+4')(0+6'+5+4')(3'+7'+6+5')(2+7+5+4)(2'+7'+5'+4')(2+1'+0'+7)(3'+2'+0'+5)(0+7+6+4)(3'+1'+6'+4)(3+1'+0'+4)(2'+6'+5'+4)(1+7+6+5+4')(3+1'+6+5)(3'+2+7+6')(3+2'+7+6')(2+0+7'+6)(2+0'+7'+6'+4')(2+6+5+4')(1+0'+6+5')(2'+0+5'+4')(3+7'+6'+5')(2'+7'+5+4)
e_sbox:	1101 0101 0110 1011 1001 0000 1010 1101 0011 1110 1111 1000 0100 0111 0001 0010 
8 = (3'+1+5+4')(3+1+0+4)(3+2+1'+5)(1'+0+7'+5)(3+1+0'+7')(3'+2'+0+5')(2'+7'+5'+4')(2'+6'+5'+4)(2+6+5'+4)(2'+1'+5+4)(3'+2+1'+7)(3'+1+0'+6)(3'+1'+0'+4')(3+2'+7+4')(0'+7+6'+4)(3+7+6+5')(3'+2+1+0+6')(2+0+7'+6)(0+7+6'+4')(1'+7'+6'+4)(2+0'+6'+5'+4')(2'+0'+7'+6)(3+6'+5'+4')(7'+6'+5+4)(0+6+5+4)(2+7+6+5)(2'+0+7'+6')
Max time :	3600
PRESENT_MODE:	128
SAT_MODE:	2
	SBOX_MODE:	102
	KSR_HAVEERROR:	1
	ENCYPT_HAVEERROR:	1
AnalysesRounds:	8
MinCiphers:	32
MaxCiphers:	50
Threads:	1
Master_key:	00011101111100110001011011100010011111001111001001000110100101011100110000100011111000010011010100111110110011110011110111010001
---------------------------------------------------------------------------------------------------
num_cipher:	32
	Total vars:	47808
	Total clauses:	135184
	Test == masterkey, spend 3986099 clocks.
	Not solved within 3600 seconds, Have 3 results.
num_cipher:	33
	Total vars:	49280
	Total clauses:	139344
	Test == masterkey, spend 4854855 clocks.
解得主密钥:  82	00011101111100110001011011100010011111001111001001000110100101011100110000100011111000010011010100111110110011110011110111010001
	Have 96 results, spent 1972717706 clocks.
num_cipher:	34
	Total vars:	50752
	Total clauses:	143504
	Test == masterkey, spend 4290958 clocks.
解得主密钥:  44	00011101111100110001011011100010011111001111001001000110100101011100110000100011111000010011010100111110110011110011110111010001
	Have 96 results, spent 759858290 clocks.
num_cipher:	35
	Total vars:	52224
	Total clauses:	147664
	Test == masterkey, spend 5048506 clocks.
解得主密钥:  80	00011101111100110001011011100010011111001111001001000110100101011100110000100011111000010011010100111110110011110011110111010001
	Have 96 results, spent 319881870 clocks.
num_cipher:	36
	Total vars:	53696
	Total clauses:	151824
	Test == masterkey, spend 4272234 clocks.
解得主密钥:  82	00011101111100110001011011100010011111001111001001000110100101011100110000100011111000010011010100111110110011110011110111010001
	Have 96 results, spent 44376430 clocks.
num_cipher:	37
	Total vars:	55168
	Total clauses:	155984
	Test == masterkey, spend 4471480 clocks.
解得主密钥:  56	00011101111100110001011011100010011111001111001001000110100101011100110000100011111000010011010100111110110011110011110111010001
	Have 96 results, spent 46285549 clocks.
num_cipher:	38
	Total vars:	56640
	Total clauses:	160144
	Test == masterkey, spend 5557476 clocks.
解得主密钥:  8	00011101111100110001011011100010011111001111001001000110100101011100110000100011111000010011010100111110110011110011110111010001
	Have 96 results, spent 31289117 clocks.
num_cipher:	39
	Total vars:	58112
	Total clauses:	164304
	Test == masterkey, spend 5872077 clocks.
解得主密钥:  8	00011101111100110001011011100010011111001111001001000110100101011100110000100011111000010011010100111110110011110011110111010001
	Have 96 results, spent 34268276 clocks.
num_cipher:	40
	Total vars:	59584
	Total clauses:	168464
	Test == masterkey, spend 6088038 clocks.
解得主密钥:  61	00011101111100110001011011100010011111001111001001000110100101011100110000100011111000010011010100111110110011110011110111010001
	Have 96 results, spent 27514805 clocks.
num_cipher:	41
	Total vars:	61056
	Total clauses:	172624
	Test == masterkey, spend 5250615 clocks.
解得主密钥:  41	00011101111100110001011011100010011111001111001001000110100101011100110000100011111000010011010100111110110011110011110111010001
	Have 96 results, spent 26511773 clocks.
num_cipher:	42
	Total vars:	62528
	Total clauses:	176784
	Test == masterkey, spend 6050170 clocks.
解得主密钥:  51	00011101111100110001011011100010011111001111001001000110100101011100110000100011111000010011010100111110110011110011110111010001
	Have 96 results, spent 27369671 clocks.
num_cipher:	43
	Total vars:	64000
	Total clauses:	180944
	Test == masterkey, spend 6931918 clocks.
解得主密钥:  70	00011101111100110001011011100010011111001111001001000110100101011100110000100011111000010011010100111110110011110011110111010001
	Have 96 results, spent 24748110 clocks.
num_cipher:	44
	Total vars:	65472
	Total clauses:	185104
	Test == masterkey, spend 5730501 clocks.
解得主密钥:  17	00011101111100110001011011100010011111001111001001000110100101011100110000100011111000010011010100111110110011110011110111010001
	Have 96 results, spent 25555688 clocks.
num_cipher:	45
	Total vars:	66944
	Total clauses:	189264
	Test == masterkey, spend 6749874 clocks.
解得主密钥:  15	00011101111100110001011011100010011111001111001001000110100101011100110000100011111000010011010100111110110011110011110111010001
	Have 96 results, spent 29373345 clocks.
num_cipher:	46
	Total vars:	68416
	Total clauses:	193424
	Test == masterkey, spend 6703972 clocks.
解得主密钥:  88	00011101111100110001011011100010011111001111001001000110100101011100110000100011111000010011010100111110110011110011110111010001
	Have 96 results, spent 27247846 clocks.
num_cipher:	47
	Total vars:	69888
	Total clauses:	197584
	Test == masterkey, spend 7136871 clocks.
解得主密钥:  3	00011101111100110001011011100010011111001111001001000110100101011100110000100011111000010011010100111110110011110011110111010001
	Have 96 results, spent 29583170 clocks.
num_cipher:	48
	Total vars:	71360
	Total clauses:	201744
	Test == masterkey, spend 6640816 clocks.
解得主密钥:  26	00011101111100110001011011100010011111001111001001000110100101011100110000100011111000010011010100111110110011110011110111010001
	Have 96 results, spent 25505133 clocks.
num_cipher:	49
	Total vars:	72832
	Total clauses:	205904
	Test == masterkey, spend 7185630 clocks.
解得主密钥:  80	00011101111100110001011011100010011111001111001001000110100101011100110000100011111000010011010100111110110011110011110111010001
	Have 96 results, spent 25510941 clocks.
num_cipher:	50
	Total vars:	74304
	Total clauses:	210064
	Test == masterkey, spend 8944186 clocks.
解得主密钥:  66	00011101111100110001011011100010011111001111001001000110100101011100110000100011111000010011010100111110110011110011110111010001
	Have 96 results, spent 27857558 clocks.
---------------------------------------------------------------------------------------------------
	Command being timed: "./bin/present128NSNK 1 8 32 50"
	User time (seconds): 7211.64
	System time (seconds): 12.67
	Percent of CPU this job got: 99%
	Elapsed (wall clock) time (h:mm:ss or m:ss): 2:00:25
	Average shared text size (kbytes): 0
	Average unshared data size (kbytes): 0
	Average stack size (kbytes): 0
	Average total size (kbytes): 0
	Maximum resident set size (kbytes): 155008
	Average resident set size (kbytes): 0
	Major (requiring I/O) page faults: 0
	Minor (reclaiming a frame) page faults: 144424
	Voluntary context switches: 0
	Involuntary context switches: 15154
	Swaps: 0
	File system inputs: 0
	File system outputs: 288
	Socket messages sent: 0
	Socket messages received: 0
	Signals delivered: 0
	Page size (bytes): 4096
	Exit status: 0
