sbox:	1100 0101 0110 1011 1001 0000 1010 1101 0011 1110 1111 1000 0100 0111 0001 0010 
8 = (3+1+5')(1'+0+7'+5)(3'+1+0+7')(1+0'+7'+5)(1'+7+5'+4')(0+6'+5+4')(3'+7'+6+5')(2+7+5+4)(2'+7'+5'+4')(2+1'+0'+7)(3'+2'+0'+5)(0+7+6+4)(3'+1'+6'+4)(3+1'+0'+4)(2'+6'+5'+4)(1+7+6+5+4')(3+1'+6+5)(3'+2+7+6')(3+2'+7+6')(2+0+7'+6)(2+0'+7'+6'+4')(2+6+5+4')(1+0'+6+5')(2'+0+5'+4')(3+7'+6'+5')(2'+7'+5+4)
e_sbox:	1101 0101 0110 1011 1001 0000 1010 1101 0011 1110 1111 1000 0100 0111 0001 0010 
8 = (3'+1+5+4')(3+1+0+4)(3+2+1'+5)(1'+0+7'+5)(3+1+0'+7')(3'+2'+0+5')(2'+7'+5'+4')(2'+6'+5'+4)(2+6+5'+4)(2'+1'+5+4)(3'+2+1'+7)(3'+1+0'+6)(3'+1'+0'+4')(3+2'+7+4')(0'+7+6'+4)(3+7+6+5')(3'+2+1+0+6')(2+0+7'+6)(0+7+6'+4')(1'+7'+6'+4)(2+0'+6'+5'+4')(2'+0'+7'+6)(3+6'+5'+4')(7'+6'+5+4)(0+6+5+4)(2+7+6+5)(2'+0+7'+6')
Max time :	3600
PRESENT_MODE:	128
SAT_MODE:	2
	SBOX_MODE:	102
	KSR_HAVEERROR:	1
	ENCYPT_HAVEERROR:	1
AnalysesRounds:	9
MinCiphers:	32
MaxCiphers:	50
Threads:	1
Master_key:	00011101111100110001011011100010011111001111001001000110100101011100110000100011111000010011010100111110110011110011110111010001
---------------------------------------------------------------------------------------------------
num_cipher:	32
	Total vars:	53952
	Total clauses:	153616
	Test == masterkey, spend 4365595 clocks.
	Not solved within 3600 seconds, Have 0 results.
num_cipher:	33
	Total vars:	55616
	Total clauses:	158352
	Test == masterkey, spend 4988458 clocks.
	Not solved within 3600 seconds, Have 0 results.
num_cipher:	34
	Total vars:	57280
	Total clauses:	163088
	Test == masterkey, spend 5903697 clocks.
	Not solved within 3600 seconds, Have 0 results.
num_cipher:	35
	Total vars:	58944
	Total clauses:	167824
	Test == masterkey, spend 5283924 clocks.
解得主密钥:  83	00011101111100110001011011100010011111001111001001000110100101011100110000100011111000010011010100111110110011110011110111010001
	Have 96 results, spent 828262913 clocks.
num_cipher:	36
	Total vars:	60608
	Total clauses:	172560
	Test == masterkey, spend 6089780 clocks.
解得主密钥:  60	00011101111100110001011011100010011111001111001001000110100101011100110000100011111000010011010100111110110011110011110111010001
	Have 96 results, spent 211177856 clocks.
num_cipher:	37
	Total vars:	62272
	Total clauses:	177296
	Test == masterkey, spend 6293874 clocks.
解得主密钥:  84	00011101111100110001011011100010011111001111001001000110100101011100110000100011111000010011010100111110110011110011110111010001
	Have 96 results, spent 117397523 clocks.
num_cipher:	38
	Total vars:	63936
	Total clauses:	182032
	Test == masterkey, spend 7265151 clocks.
解得主密钥:  60	00011101111100110001011011100010011111001111001001000110100101011100110000100011111000010011010100111110110011110011110111010001
	Have 96 results, spent 71229617 clocks.
num_cipher:	39
	Total vars:	65600
	Total clauses:	186768
	Test == masterkey, spend 7714631 clocks.
解得主密钥:  79	00011101111100110001011011100010011111001111001001000110100101011100110000100011111000010011010100111110110011110011110111010001
	Have 96 results, spent 55455247 clocks.
num_cipher:	40
	Total vars:	67264
	Total clauses:	191504
	Test == masterkey, spend 6825379 clocks.
解得主密钥:  92	00011101111100110001011011100010011111001111001001000110100101011100110000100011111000010011010100111110110011110011110111010001
	Have 96 results, spent 39140516 clocks.
num_cipher:	41
	Total vars:	68928
	Total clauses:	196240
	Test == masterkey, spend 6812593 clocks.
解得主密钥:  30	00011101111100110001011011100010011111001111001001000110100101011100110000100011111000010011010100111110110011110011110111010001
	Have 96 results, spent 38798884 clocks.
num_cipher:	42
	Total vars:	70592
	Total clauses:	200976
	Test == masterkey, spend 7278098 clocks.
解得主密钥:  20	00011101111100110001011011100010011111001111001001000110100101011100110000100011111000010011010100111110110011110011110111010001
	Have 96 results, spent 26912779 clocks.
num_cipher:	43
	Total vars:	72256
	Total clauses:	205712
	Test == masterkey, spend 7896569 clocks.
解得主密钥:  23	00011101111100110001011011100010011111001111001001000110100101011100110000100011111000010011010100111110110011110011110111010001
	Have 96 results, spent 31705940 clocks.
num_cipher:	44
	Total vars:	73920
	Total clauses:	210448
	Test == masterkey, spend 8642371 clocks.
解得主密钥:  5	00011101111100110001011011100010011111001111001001000110100101011100110000100011111000010011010100111110110011110011110111010001
	Have 96 results, spent 45050214 clocks.
num_cipher:	45
	Total vars:	75584
	Total clauses:	215184
	Test == masterkey, spend 9423784 clocks.
解得主密钥:  75	00011101111100110001011011100010011111001111001001000110100101011100110000100011111000010011010100111110110011110011110111010001
	Have 96 results, spent 39837640 clocks.
num_cipher:	46
	Total vars:	77248
	Total clauses:	219920
	Test == masterkey, spend 8697107 clocks.
解得主密钥:  23	00011101111100110001011011100010011111001111001001000110100101011100110000100011111000010011010100111110110011110011110111010001
	Have 96 results, spent 43364918 clocks.
num_cipher:	47
	Total vars:	78912
	Total clauses:	224656
	Test == masterkey, spend 8282072 clocks.
解得主密钥:  27	00011101111100110001011011100010011111001111001001000110100101011100110000100011111000010011010100111110110011110011110111010001
	Have 96 results, spent 42403638 clocks.
num_cipher:	48
	Total vars:	80576
	Total clauses:	229392
	Test == masterkey, spend 9577557 clocks.
解得主密钥:  56	00011101111100110001011011100010011111001111001001000110100101011100110000100011111000010011010100111110110011110011110111010001
	Have 96 results, spent 44967210 clocks.
num_cipher:	49
	Total vars:	82240
	Total clauses:	234128
	Test == masterkey, spend 9272276 clocks.
解得主密钥:  87	00011101111100110001011011100010011111001111001001000110100101011100110000100011111000010011010100111110110011110011110111010001
	Have 96 results, spent 44959143 clocks.
num_cipher:	50
	Total vars:	83904
	Total clauses:	238864
	Test == masterkey, spend 8865718 clocks.
解得主密钥:  87	00011101111100110001011011100010011111001111001001000110100101011100110000100011111000010011010100111110110011110011110111010001
	Have 96 results, spent 46026387 clocks.
---------------------------------------------------------------------------------------------------
	Command being timed: "./bin/present128NSNK 1 9 32 50"
	User time (seconds): 12672.29
	System time (seconds): 17.26
	Percent of CPU this job got: 99%
	Elapsed (wall clock) time (h:mm:ss or m:ss): 3:31:32
	Average shared text size (kbytes): 0
	Average unshared data size (kbytes): 0
	Average stack size (kbytes): 0
	Average total size (kbytes): 0
	Maximum resident set size (kbytes): 202300
	Average resident set size (kbytes): 0
	Major (requiring I/O) page faults: 0
	Minor (reclaiming a frame) page faults: 401019
	Voluntary context switches: 2
	Involuntary context switches: 28991
	Swaps: 0
	File system inputs: 0
	File system outputs: 336
	Socket messages sent: 0
	Socket messages received: 0
	Signals delivered: 0
	Page size (bytes): 4096
	Exit status: 0
