sbox:	1100 0101 0110 1011 1001 0000 1010 1101 0011 1110 1111 1000 0100 0111 0001 0010 
8 = (3+1+5')(1'+0+7'+5)(3'+1+0+7')(1+0'+7'+5)(1'+7+5'+4')(0+6'+5+4')(3'+7'+6+5')(2+7+5+4)(2'+7'+5'+4')(2+1'+0'+7)(3'+2'+0'+5)(0+7+6+4)(3'+1'+6'+4)(3+1'+0'+4)(2'+6'+5'+4)(1+7+6+5+4')(3+1'+6+5)(3'+2+7+6')(3+2'+7+6')(2+0+7'+6)(2+0'+7'+6'+4')(2+6+5+4')(1+0'+6+5')(2'+0+5'+4')(3+7'+6'+5')(2'+7'+5+4)
e_sbox:	1101 0101 0110 1011 1001 0000 1010 1101 0011 1110 1111 1000 0100 0111 0001 0010 
8 = (3'+1+5+4')(3+1+0+4)(3+2+1'+5)(1'+0+7'+5)(3+1+0'+7')(3'+2'+0+5')(2'+7'+5'+4')(2'+6'+5'+4)(2+6+5'+4)(2'+1'+5+4)(3'+2+1'+7)(3'+1+0'+6)(3'+1'+0'+4')(3+2'+7+4')(0'+7+6'+4)(3+7+6+5')(3'+2+1+0+6')(2+0+7'+6)(0+7+6'+4')(1'+7'+6'+4)(2+0'+6'+5'+4')(2'+0'+7'+6)(3+6'+5'+4')(7'+6'+5+4)(0+6+5+4)(2+7+6+5)(2'+0+7'+6')
Max time :	3600
PRESENT_MODE:	80
SAT_MODE:	1
	SBOX_MODE:	102
	KSR_HAVEERROR:	0
	ENCYPT_HAVEERROR:	1
AnalysesRounds:	4
MinCiphers:	25
MaxCiphers:	50
Threads:	1
Master_key:	01000110100101011100110000100011111000010011010100111110110011110011110111010001
---------------------------------------------------------------------------------------------------
num_cipher:	25
	Total vars:	17884
	Total clauses:	47286
	Test == masterkey, spend 126693 clocks.
解得主密钥:  2	01000110100101011100110000100011111000010011010100111110110011110011110111010001
	Have 6 results, spent 41534063 clocks.
num_cipher:	26
	Total vars:	18588
	Total clauses:	49142
	Test == masterkey, spend 154757 clocks.
解得主密钥:  3	01000110100101011100110000100011111000010011010100111110110011110011110111010001
	Have 4 results, spent 20477175 clocks.
num_cipher:	27
	Total vars:	19292
	Total clauses:	50998
	Test == masterkey, spend 150956 clocks.
解得主密钥:  3	01000110100101011100110000100011111000010011010100111110110011110011110111010001
	Have 3 results, spent 10516918 clocks.
num_cipher:	28
	Total vars:	19996
	Total clauses:	52854
	Test == masterkey, spend 185940 clocks.
解得主密钥:  2	01000110100101011100110000100011111000010011010100111110110011110011110111010001
	Have 3 results, spent 5584063 clocks.
num_cipher:	29
	Total vars:	20700
	Total clauses:	54710
	Test == masterkey, spend 155013 clocks.
解得主密钥:  2	01000110100101011100110000100011111000010011010100111110110011110011110111010001
	Have 2 results, spent 4472888 clocks.
num_cipher:	30
	Total vars:	21404
	Total clauses:	56566
	Test == masterkey, spend 195168 clocks.
解得主密钥:  1	01000110100101011100110000100011111000010011010100111110110011110011110111010001
	Have 2 results, spent 2518514 clocks.
num_cipher:	31
	Total vars:	22108
	Total clauses:	58422
	Test == masterkey, spend 210634 clocks.
解得主密钥:  1	01000110100101011100110000100011111000010011010100111110110011110011110111010001
	Have 2 results, spent 2041722 clocks.
num_cipher:	32
	Total vars:	22812
	Total clauses:	60278
	Test == masterkey, spend 214394 clocks.
解得主密钥:  2	01000110100101011100110000100011111000010011010100111110110011110011110111010001
	Have 2 results, spent 1595747 clocks.
num_cipher:	33
	Total vars:	23516
	Total clauses:	62134
	Test == masterkey, spend 219699 clocks.
解得主密钥:  1	01000110100101011100110000100011111000010011010100111110110011110011110111010001
	Have 2 results, spent 1663608 clocks.
num_cipher:	34
	Total vars:	24220
	Total clauses:	63990
	Test == masterkey, spend 251341 clocks.
解得主密钥:  1	01000110100101011100110000100011111000010011010100111110110011110011110111010001
	Have 2 results, spent 1615619 clocks.
num_cipher:	35
	Total vars:	24924
	Total clauses:	65846
	Test == masterkey, spend 262179 clocks.
解得主密钥:  2	01000110100101011100110000100011111000010011010100111110110011110011110111010001
	Have 2 results, spent 1401973 clocks.
num_cipher:	36
	Total vars:	25628
	Total clauses:	67702
	Test == masterkey, spend 271017 clocks.
解得主密钥:  1	01000110100101011100110000100011111000010011010100111110110011110011110111010001
	Have 2 results, spent 1626620 clocks.
num_cipher:	37
	Total vars:	26332
	Total clauses:	69558
	Test == masterkey, spend 294894 clocks.
解得主密钥:  2	01000110100101011100110000100011111000010011010100111110110011110011110111010001
	Have 2 results, spent 1616927 clocks.
num_cipher:	38
	Total vars:	27036
	Total clauses:	71414
	Test == masterkey, spend 329399 clocks.
解得主密钥:  2	01000110100101011100110000100011111000010011010100111110110011110011110111010001
	Have 2 results, spent 1530221 clocks.
num_cipher:	39
	Total vars:	27740
	Total clauses:	73270
	Test == masterkey, spend 320489 clocks.
解得主密钥:  1	01000110100101011100110000100011111000010011010100111110110011110011110111010001
	Have 2 results, spent 1187691 clocks.
num_cipher:	40
	Total vars:	28444
	Total clauses:	75126
	Test == masterkey, spend 378789 clocks.
解得主密钥:  1	01000110100101011100110000100011111000010011010100111110110011110011110111010001
	Have 2 results, spent 1414950 clocks.
num_cipher:	41
	Total vars:	29148
	Total clauses:	76982
	Test == masterkey, spend 412581 clocks.
解得主密钥:  1	01000110100101011100110000100011111000010011010100111110110011110011110111010001
	Have 2 results, spent 1184774 clocks.
num_cipher:	42
	Total vars:	29852
	Total clauses:	78838
	Test == masterkey, spend 396932 clocks.
解得主密钥:  1	01000110100101011100110000100011111000010011010100111110110011110011110111010001
	Have 1 results, spent 872297 clocks.
---------------------------------------------------------------------------------------------------
求得唯一解！
numAnalysesRounds:	4
startRound:	28
---------------------------------------------------------------------------------------------------
	Command being timed: "./bin/present80NS 1 4 25 50"
	User time (seconds): 109.02
	System time (seconds): 0.56
	Percent of CPU this job got: 100%
	Elapsed (wall clock) time (h:mm:ss or m:ss): 1:49.59
	Average shared text size (kbytes): 0
	Average unshared data size (kbytes): 0
	Average stack size (kbytes): 0
	Average total size (kbytes): 0
	Maximum resident set size (kbytes): 40384
	Average resident set size (kbytes): 0
	Major (requiring I/O) page faults: 0
	Minor (reclaiming a frame) page faults: 15111
	Voluntary context switches: 1
	Involuntary context switches: 155
	Swaps: 0
	File system inputs: 0
	File system outputs: 96
	Socket messages sent: 0
	Socket messages received: 0
	Signals delivered: 0
	Page size (bytes): 4096
	Exit status: 0
