sbox:	1100 0101 0110 1011 1001 0000 1010 1101 0011 1110 1111 1000 0100 0111 0001 0010 
8 = (0+2+6')(2'+3+4'+6)(0'+2+3+4')(2+3'+4'+6)(2'+4+6'+7')(3+5'+6+7')(0'+4'+5+6')(1+4+6+7)(1'+4'+6'+7')(1+2'+3'+4)(0'+1'+3'+6)(3+4+5+7)(0'+2'+5'+7)(0+2'+3'+7)(1'+5'+6'+7)(2+4+5+6+7')(0+2'+5+6)(0'+1+4+5')(0+1'+4+5')(1+3+4'+5)(1+3'+4'+5'+7')(1+5+6+7')(2+3'+5+6')(1'+3+6'+7')(0+4'+5'+6')(1'+4'+6+7)
e_sbox:	1101 0101 0110 1011 1001 0000 1010 1101 0011 1110 1111 1000 0100 0111 0001 0010 
8 = (0'+2+6+7')(0+2+3+7)(0+1+2'+6)(2'+3+4'+6)(0+2+3'+4')(0'+1'+3+6')(1'+4'+6'+7')(1'+5'+6'+7)(1+5+6'+7)(1'+2'+6+7)(0'+1+2'+4)(0'+2+3'+5)(0'+2'+3'+7')(0+1'+4+7')(3'+4+5'+7)(0+4+5+6')(0'+1+2+3+5')(1+3+4'+5)(3+4+5'+7')(2'+4'+5'+7)(1+3'+5'+6'+7')(1'+3'+4'+5)(0+5'+6'+7')(4'+5'+6+7)(3+5+6+7)(1+4+5+6)(1'+3+4'+5')
PRESENT_MODE:	128
SAT_MODE:	2
	SBOX_MODE:	102
	KSR_HAVEERROR:	1
	ENCYPT_HAVEERROR:	1
AnalysesRounds:	10
MinCiphers:	45
MaxCiphers:	128
Threads:	1
Master_key:	10101011110010011001111001101001101010010010100011101010000011111110001011100111111101001000001011101000101100000010011000100011
---------------------------------------------------------------------------------------------------
num_cipher:	45
	Total vars:	84224
	Total clauses:	241104
	Test == masterkey, spend 10838622 clocks.
	Have 144 results, spent 37654144 clocks.
num_cipher:	46
	Total vars:	86080
	Total clauses:	246416
	Test == masterkey, spend 10612445 clocks.
	Have 144 results, spent 40877054 clocks.
num_cipher:	47
	Total vars:	87936
	Total clauses:	251728
	Test == masterkey, spend 11609980 clocks.
	Have 144 results, spent 40164798 clocks.
num_cipher:	48
	Total vars:	89792
	Total clauses:	257040
	Test == masterkey, spend 10868213 clocks.
	Have 144 results, spent 36309399 clocks.
num_cipher:	49
	Total vars:	91648
	Total clauses:	262352
	Test == masterkey, spend 10762632 clocks.
	Have 144 results, spent 43853989 clocks.
num_cipher:	50
	Total vars:	93504
	Total clauses:	267664
	Test == masterkey, spend 10833001 clocks.
	Have 144 results, spent 40335061 clocks.
num_cipher:	51
	Total vars:	95360
	Total clauses:	272976
	Test == masterkey, spend 12266803 clocks.
	Have 144 results, spent 42970646 clocks.
num_cipher:	52
	Total vars:	97216
	Total clauses:	278288
	Test == masterkey, spend 13544082 clocks.
	Have 144 results, spent 40576487 clocks.
num_cipher:	53
	Total vars:	99072
	Total clauses:	283600
	Test == masterkey, spend 14028899 clocks.
	Have 144 results, spent 23618667 clocks.
num_cipher:	54
	Total vars:	100928
	Total clauses:	288912
	Test == masterkey, spend 11382136 clocks.
	Have 144 results, spent 48736225 clocks.
num_cipher:	55
	Total vars:	102784
	Total clauses:	294224
	Test == masterkey, spend 13946018 clocks.
	Have 144 results, spent 50379389 clocks.
num_cipher:	56
	Total vars:	104640
	Total clauses:	299536
	Test == masterkey, spend 14949499 clocks.
	Have 144 results, spent 56227615 clocks.
num_cipher:	57
	Total vars:	106496
	Total clauses:	304848
	Test == masterkey, spend 16204902 clocks.
	Have 144 results, spent 51281762 clocks.
num_cipher:	58
	Total vars:	108352
	Total clauses:	310160
	Test == masterkey, spend 14076806 clocks.
	Have 144 results, spent 56662429 clocks.
num_cipher:	59
	Total vars:	110208
	Total clauses:	315472
	Test == masterkey, spend 16280012 clocks.
	Have 144 results, spent 56440323 clocks.
num_cipher:	60
	Total vars:	112064
	Total clauses:	320784
	Test == masterkey, spend 13593631 clocks.
	Have 144 results, spent 57682414 clocks.
num_cipher:	61
	Total vars:	113920
	Total clauses:	326096
	Test == masterkey, spend 16836043 clocks.
	Have 144 results, spent 57800500 clocks.
num_cipher:	62
	Total vars:	115776
	Total clauses:	331408
	Test == masterkey, spend 13257395 clocks.
	Have 144 results, spent 25991135 clocks.
num_cipher:	63
	Total vars:	117632
	Total clauses:	336720
	Test == masterkey, spend 13722045 clocks.
	Have 144 results, spent 72323973 clocks.
num_cipher:	64
	Total vars:	119488
	Total clauses:	342032
	Test == masterkey, spend 15795515 clocks.
	Have 144 results, spent 26081693 clocks.
num_cipher:	65
	Total vars:	121344
	Total clauses:	347344
	Test == masterkey, spend 15962012 clocks.
	Have 144 results, spent 30693717 clocks.
num_cipher:	66
	Total vars:	123200
	Total clauses:	352656
	Test == masterkey, spend 21215888 clocks.
	Have 144 results, spent 29937952 clocks.
num_cipher:	67
	Total vars:	125056
	Total clauses:	357968
	Test == masterkey, spend 16832672 clocks.
	Have 144 results, spent 73153742 clocks.
num_cipher:	68
	Total vars:	126912
	Total clauses:	363280
	Test == masterkey, spend 22741269 clocks.
	Have 144 results, spent 30581045 clocks.
num_cipher:	69
	Total vars:	128768
	Total clauses:	368592
	Test == masterkey, spend 13989382 clocks.
	Have 144 results, spent 31028685 clocks.
num_cipher:	70
	Total vars:	130624
	Total clauses:	373904
	Test == masterkey, spend 16599019 clocks.
	Have 144 results, spent 81126752 clocks.
num_cipher:	71
	Total vars:	132480
	Total clauses:	379216
	Test == masterkey, spend 18236063 clocks.
	Have 144 results, spent 33755273 clocks.
num_cipher:	72
	Total vars:	134336
	Total clauses:	384528
	Test == masterkey, spend 21095950 clocks.
	Have 144 results, spent 79071168 clocks.
num_cipher:	73
	Total vars:	136192
	Total clauses:	389840
	Test == masterkey, spend 21935162 clocks.
	Have 144 results, spent 28406672 clocks.
num_cipher:	74
	Total vars:	138048
	Total clauses:	395152
	Test == masterkey, spend 25046076 clocks.
	Have 144 results, spent 36535267 clocks.
num_cipher:	75
	Total vars:	139904
	Total clauses:	400464
	Test == masterkey, spend 23907345 clocks.
	Have 144 results, spent 35081267 clocks.
num_cipher:	76
	Total vars:	141760
	Total clauses:	405776
	Test == masterkey, spend 25979758 clocks.
	Have 144 results, spent 38422218 clocks.
num_cipher:	77
	Total vars:	143616
	Total clauses:	411088
	Test == masterkey, spend 36184129 clocks.
	Have 144 results, spent 31679057 clocks.
num_cipher:	78
	Total vars:	145472
	Total clauses:	416400
	Test == masterkey, spend 38795397 clocks.
	Have 144 results, spent 32950925 clocks.
num_cipher:	79
	Total vars:	147328
	Total clauses:	421712
	Test == masterkey, spend 18407646 clocks.
	Have 144 results, spent 29970308 clocks.
num_cipher:	80
	Total vars:	149184
	Total clauses:	427024
	Test == masterkey, spend 24946379 clocks.
	Have 144 results, spent 35711957 clocks.
num_cipher:	81
	Total vars:	151040
	Total clauses:	432336
	Test == masterkey, spend 41529305 clocks.
	Have 144 results, spent 34082115 clocks.
num_cipher:	82
	Total vars:	152896
	Total clauses:	437648
	Test == masterkey, spend 32694842 clocks.
	Have 144 results, spent 37244876 clocks.
num_cipher:	83
	Total vars:	154752
	Total clauses:	442960
	Test == masterkey, spend 33394155 clocks.
	Have 144 results, spent 35213308 clocks.
num_cipher:	84
	Total vars:	156608
	Total clauses:	448272
	Test == masterkey, spend 25625662 clocks.
	Have 144 results, spent 39533448 clocks.
num_cipher:	85
	Total vars:	158464
	Total clauses:	453584
	Test == masterkey, spend 29576464 clocks.
	Have 144 results, spent 40249339 clocks.
num_cipher:	86
	Total vars:	160320
	Total clauses:	458896
	Test == masterkey, spend 26728988 clocks.
	Have 144 results, spent 41933440 clocks.
num_cipher:	87
	Total vars:	162176
	Total clauses:	464208
	Test == masterkey, spend 35954364 clocks.
	Have 144 results, spent 38191228 clocks.
num_cipher:	88
	Total vars:	164032
	Total clauses:	469520
	Test == masterkey, spend 25752769 clocks.
	Have 144 results, spent 44720797 clocks.
num_cipher:	89
	Total vars:	165888
	Total clauses:	474832
	Test == masterkey, spend 34843538 clocks.
	Have 144 results, spent 42294230 clocks.
num_cipher:	90
	Total vars:	167744
	Total clauses:	480144
	Test == masterkey, spend 37729118 clocks.
	Have 144 results, spent 46746108 clocks.
num_cipher:	91
	Total vars:	169600
	Total clauses:	485456
	Test == masterkey, spend 35186366 clocks.
	Have 144 results, spent 41291938 clocks.
num_cipher:	92
	Total vars:	171456
	Total clauses:	490768
	Test == masterkey, spend 38971817 clocks.
	Have 144 results, spent 42342947 clocks.
num_cipher:	93
	Total vars:	173312
	Total clauses:	496080
	Test == masterkey, spend 33600598 clocks.
	Have 144 results, spent 45063889 clocks.
num_cipher:	94
	Total vars:	175168
	Total clauses:	501392
	Test == masterkey, spend 33351505 clocks.
	Have 144 results, spent 45082969 clocks.
num_cipher:	95
	Total vars:	177024
	Total clauses:	506704
	Test == masterkey, spend 34172874 clocks.
	Have 144 results, spent 42532540 clocks.
num_cipher:	96
	Total vars:	178880
	Total clauses:	512016
	Test == masterkey, spend 34489288 clocks.
	Have 144 results, spent 49464602 clocks.
num_cipher:	97
	Total vars:	180736
	Total clauses:	517328
	Test == masterkey, spend 35399768 clocks.
	Have 144 results, spent 43669902 clocks.
num_cipher:	98
	Total vars:	182592
	Total clauses:	522640
	Test == masterkey, spend 36211382 clocks.
	Have 144 results, spent 47404212 clocks.
num_cipher:	99
	Total vars:	184448
	Total clauses:	527952
	Test == masterkey, spend 37433942 clocks.
	Have 144 results, spent 44745135 clocks.
num_cipher:	100
	Total vars:	186304
	Total clauses:	533264
	Test == masterkey, spend 37412725 clocks.
	Have 144 results, spent 49650935 clocks.
num_cipher:	101
	Total vars:	188160
	Total clauses:	538576
	Test == masterkey, spend 38799332 clocks.
	Have 144 results, spent 50895065 clocks.
num_cipher:	102
	Total vars:	190016
	Total clauses:	543888
	Test == masterkey, spend 37740732 clocks.
	Have 144 results, spent 50490064 clocks.
num_cipher:	103
	Total vars:	191872
	Total clauses:	549200
	Test == masterkey, spend 38152773 clocks.
	Have 144 results, spent 45651337 clocks.
num_cipher:	104
	Total vars:	193728
	Total clauses:	554512
	Test == masterkey, spend 39565504 clocks.
	Have 144 results, spent 46934673 clocks.
num_cipher:	105
	Total vars:	195584
	Total clauses:	559824
	Test == masterkey, spend 38049980 clocks.
	Have 144 results, spent 50751697 clocks.
num_cipher:	106
	Total vars:	197440
	Total clauses:	565136
	Test == masterkey, spend 35341360 clocks.
	Have 144 results, spent 49405460 clocks.
num_cipher:	107
	Total vars:	199296
	Total clauses:	570448
	Test == masterkey, spend 36054087 clocks.
	Have 144 results, spent 53615360 clocks.
num_cipher:	108
	Total vars:	201152
	Total clauses:	575760
	Test == masterkey, spend 41869156 clocks.
	Have 144 results, spent 52978305 clocks.
num_cipher:	109
	Total vars:	203008
	Total clauses:	581072
	Test == masterkey, spend 35470608 clocks.
	Have 144 results, spent 41486203 clocks.
num_cipher:	110
	Total vars:	204864
	Total clauses:	586384
	Test == masterkey, spend 40444828 clocks.
	Have 144 results, spent 52969834 clocks.
num_cipher:	111
	Total vars:	206720
	Total clauses:	591696
	Test == masterkey, spend 33319953 clocks.
	Have 144 results, spent 50803376 clocks.
num_cipher:	112
	Total vars:	208576
	Total clauses:	597008
	Test == masterkey, spend 38179744 clocks.
	Have 144 results, spent 48388901 clocks.
num_cipher:	113
	Total vars:	210432
	Total clauses:	602320
	Test == masterkey, spend 32330548 clocks.
	Have 144 results, spent 44858656 clocks.
num_cipher:	114
	Total vars:	212288
	Total clauses:	607632
	Test == masterkey, spend 36906430 clocks.
	Have 144 results, spent 53160427 clocks.
num_cipher:	115
	Total vars:	214144
	Total clauses:	612944
	Test == masterkey, spend 43739294 clocks.
	Have 144 results, spent 57574887 clocks.
num_cipher:	116
	Total vars:	216000
	Total clauses:	618256
	Test == masterkey, spend 35669974 clocks.
	Have 144 results, spent 55148926 clocks.
num_cipher:	117
	Total vars:	217856
	Total clauses:	623568
	Test == masterkey, spend 40070426 clocks.
	Have 144 results, spent 53529225 clocks.
num_cipher:	118
	Total vars:	219712
	Total clauses:	628880
	Test == masterkey, spend 36107468 clocks.
	Have 144 results, spent 62193915 clocks.
num_cipher:	119
	Total vars:	221568
	Total clauses:	634192
	Test == masterkey, spend 36461779 clocks.
	Have 144 results, spent 57831813 clocks.
num_cipher:	120
	Total vars:	223424
	Total clauses:	639504
	Test == masterkey, spend 38983414 clocks.
	Have 144 results, spent 57279161 clocks.
num_cipher:	121
	Total vars:	225280
	Total clauses:	644816
	Test == masterkey, spend 35546848 clocks.
	Have 144 results, spent 61054559 clocks.
num_cipher:	122
	Total vars:	227136
	Total clauses:	650128
	Test == masterkey, spend 36623166 clocks.
	Have 144 results, spent 64254585 clocks.
num_cipher:	123
	Total vars:	228992
	Total clauses:	655440
	Test == masterkey, spend 43836217 clocks.
	Have 144 results, spent 55288536 clocks.
num_cipher:	124
	Total vars:	230848
	Total clauses:	660752
	Test == masterkey, spend 33395850 clocks.
	Have 144 results, spent 55228746 clocks.
num_cipher:	125
	Total vars:	232704
	Total clauses:	666064
	Test == masterkey, spend 36842466 clocks.
	Have 144 results, spent 66167189 clocks.
num_cipher:	126
	Total vars:	234560
	Total clauses:	671376
	Test == masterkey, spend 38414782 clocks.
	Have 144 results, spent 60332540 clocks.
num_cipher:	127
	Total vars:	236416
	Total clauses:	676688
	Test == masterkey, spend 38608133 clocks.
	Have 144 results, spent 62651008 clocks.
num_cipher:	128
	Total vars:	238272
	Total clauses:	682000
	Test == masterkey, spend 37904855 clocks.
	Have 144 results, spent 60518380 clocks.
---------------------------------------------------------------------------------------------------
	Command being timed: "./bin/present128NSNK 1 10 45 128"
	User time (seconds): 6493.15
	System time (seconds): 5.59
	Percent of CPU this job got: 99%
	Elapsed (wall clock) time (h:mm:ss or m:ss): 1:48:19
	Average shared text size (kbytes): 0
	Average unshared data size (kbytes): 0
	Average stack size (kbytes): 0
	Average total size (kbytes): 0
	Maximum resident set size (kbytes): 376608
	Average resident set size (kbytes): 0
	Major (requiring I/O) page faults: 0
	Minor (reclaiming a frame) page faults: 312365
	Voluntary context switches: 2
	Involuntary context switches: 5491
	Swaps: 0
	File system inputs: 0
	File system outputs: 1376
	Socket messages sent: 0
	Socket messages received: 0
	Signals delivered: 0
	Page size (bytes): 4096
	Exit status: 0
