sbox:	1100 0101 0110 1011 1001 0000 1010 1101 0011 1110 1111 1000 0100 0111 0001 0010 
8 = (3+1+5')(1'+0+7'+5)(3'+1+0+7')(1+0'+7'+5)(1'+7+5'+4')(0+6'+5+4')(3'+7'+6+5')(2+7+5+4)(2'+7'+5'+4')(2+1'+0'+7)(3'+2'+0'+5)(0+7+6+4)(3'+1'+6'+4)(3+1'+0'+4)(2'+6'+5'+4)(1+7+6+5+4')(3+1'+6+5)(3'+2+7+6')(3+2'+7+6')(2+0+7'+6)(2+0'+7'+6'+4')(2+6+5+4')(1+0'+6+5')(2'+0+5'+4')(3+7'+6'+5')(2'+7'+5+4)
e_sbox:	1101 0101 0110 1011 1001 0000 1010 1101 0011 1110 1111 1000 0100 0111 0001 0010 
8 = (3'+1+5+4')(3+1+0+4)(3+2+1'+5)(1'+0+7'+5)(3+1+0'+7')(3'+2'+0+5')(2'+7'+5'+4')(2'+6'+5'+4)(2+6+5'+4)(2'+1'+5+4)(3'+2+1'+7)(3'+1+0'+6)(3'+1'+0'+4')(3+2'+7+4')(0'+7+6'+4)(3+7+6+5')(3'+2+1+0+6')(2+0+7'+6)(0+7+6'+4')(1'+7'+6'+4)(2+0'+6'+5'+4')(2'+0'+7'+6)(3+6'+5'+4')(7'+6'+5+4)(0+6+5+4)(2+7+6+5)(2'+0+7'+6')
Max time :	3600
PRESENT_MODE:	128
SAT_MODE:	2
	SBOX_MODE:	102
	KSR_HAVEERROR:	1
	ENCYPT_HAVEERROR:	1
AnalysesRounds:	10
MinCiphers:	25
MaxCiphers:	60
Threads:	1
Master_key:	01111001101101000111010100011000101010010010010100011011111011111100000111011011101010100010000110100110010111010101111010111010
---------------------------------------------------------------------------------------------------
num_cipher:	25
	Total vars:	47104
	Total clauses:	134864
	Test == masterkey, spend 4409972 clocks.
	Not solved within3600 seconds, Have 0 results.
num_cipher:	26
	Total vars:	48960
	Total clauses:	140176
	Test == masterkey, spend 4225835 clocks.
	Not solved within3600 seconds, Have 0 results.
num_cipher:	27
	Total vars:	50816
	Total clauses:	145488
	Test == masterkey, spend 3991491 clocks.
	Not solved within3600 seconds, Have 0 results.
num_cipher:	28
	Total vars:	52672
	Total clauses:	150800
	Test == masterkey, spend 4453607 clocks.
	Not solved within3600 seconds, Have 0 results.
num_cipher:	29
	Total vars:	54528
	Total clauses:	156112
	Test == masterkey, spend 4070419 clocks.
	Not solved within3600 seconds, Have 0 results.
num_cipher:	30
	Total vars:	56384
	Total clauses:	161424
	Test == masterkey, spend 5453154 clocks.
解得主密钥:  6	01111001101101000111010100011000101010010010010100011011111011111100000111011011101010100010000110100110010111010101111010111010
	Not solved within3600 seconds, Have 10 results.
num_cipher:	31
	Total vars:	58240
	Total clauses:	166736
	Test == masterkey, spend 5351754 clocks.
解得主密钥:  274	01111001101101000111010100011000101010010010010100011011111011111100000111011011101010100010000110100110010111010101111010111010
	Have 432 results, spent 689402864 clocks.
num_cipher:	32
	Total vars:	60096
	Total clauses:	172048
	Test == masterkey, spend 6010968 clocks.
解得主密钥:  197	01111001101101000111010100011000101010010010010100011011111011111100000111011011101010100010000110100110010111010101111010111010
	Have 432 results, spent 222292012 clocks.
num_cipher:	33
	Total vars:	61952
	Total clauses:	177360
	Test == masterkey, spend 7516723 clocks.
解得主密钥:  363	01111001101101000111010100011000101010010010010100011011111011111100000111011011101010100010000110100110010111010101111010111010
	Have 432 results, spent 106054189 clocks.
num_cipher:	34
	Total vars:	63808
	Total clauses:	182672
	Test == masterkey, spend 6762354 clocks.
解得主密钥:  281	01111001101101000111010100011000101010010010010100011011111011111100000111011011101010100010000110100110010111010101111010111010
	Have 432 results, spent 57949738 clocks.
num_cipher:	35
	Total vars:	65664
	Total clauses:	187984
	Test == masterkey, spend 7596644 clocks.
解得主密钥:  356	01111001101101000111010100011000101010010010010100011011111011111100000111011011101010100010000110100110010111010101111010111010
	Have 432 results, spent 66607650 clocks.
num_cipher:	36
	Total vars:	67520
	Total clauses:	193296
	Test == masterkey, spend 7931448 clocks.
解得主密钥:  330	01111001101101000111010100011000101010010010010100011011111011111100000111011011101010100010000110100110010111010101111010111010
	Have 432 results, spent 55862670 clocks.
num_cipher:	37
	Total vars:	69376
	Total clauses:	198608
	Test == masterkey, spend 7610667 clocks.
解得主密钥:  336	01111001101101000111010100011000101010010010010100011011111011111100000111011011101010100010000110100110010111010101111010111010
	Have 432 results, spent 30522028 clocks.
num_cipher:	38
	Total vars:	71232
	Total clauses:	203920
	Test == masterkey, spend 6996561 clocks.
解得主密钥:  28	01111001101101000111010100011000101010010010010100011011111011111100000111011011101010100010000110100110010111010101111010111010
	Have 432 results, spent 31514139 clocks.
num_cipher:	39
	Total vars:	73088
	Total clauses:	209232
	Test == masterkey, spend 8106724 clocks.
解得主密钥:  292	01111001101101000111010100011000101010010010010100011011111011111100000111011011101010100010000110100110010111010101111010111010
	Have 432 results, spent 31473303 clocks.
num_cipher:	40
	Total vars:	74944
	Total clauses:	214544
	Test == masterkey, spend 8028781 clocks.
解得主密钥:  378	01111001101101000111010100011000101010010010010100011011111011111100000111011011101010100010000110100110010111010101111010111010
	Have 432 results, spent 31182655 clocks.
num_cipher:	41
	Total vars:	76800
	Total clauses:	219856
	Test == masterkey, spend 7663155 clocks.
解得主密钥:  191	01111001101101000111010100011000101010010010010100011011111011111100000111011011101010100010000110100110010111010101111010111010
	Have 432 results, spent 47407017 clocks.
num_cipher:	42
	Total vars:	78656
	Total clauses:	225168
	Test == masterkey, spend 8582019 clocks.
解得主密钥:  296	01111001101101000111010100011000101010010010010100011011111011111100000111011011101010100010000110100110010111010101111010111010
	Have 432 results, spent 32351439 clocks.
num_cipher:	43
	Total vars:	80512
	Total clauses:	230480
	Test == masterkey, spend 9610884 clocks.
解得主密钥:  147	01111001101101000111010100011000101010010010010100011011111011111100000111011011101010100010000110100110010111010101111010111010
	Have 432 results, spent 47734104 clocks.
num_cipher:	44
	Total vars:	82368
	Total clauses:	235792
	Test == masterkey, spend 10293917 clocks.
解得主密钥:  170	01111001101101000111010100011000101010010010010100011011111011111100000111011011101010100010000110100110010111010101111010111010
	Have 432 results, spent 49307353 clocks.
num_cipher:	45
	Total vars:	84224
	Total clauses:	241104
	Test == masterkey, spend 9283552 clocks.
解得主密钥:  249	01111001101101000111010100011000101010010010010100011011111011111100000111011011101010100010000110100110010111010101111010111010
	Have 432 results, spent 48329273 clocks.
num_cipher:	46
	Total vars:	86080
	Total clauses:	246416
	Test == masterkey, spend 8990561 clocks.
解得主密钥:  239	01111001101101000111010100011000101010010010010100011011111011111100000111011011101010100010000110100110010111010101111010111010
	Have 432 results, spent 46752025 clocks.
num_cipher:	47
	Total vars:	87936
	Total clauses:	251728
	Test == masterkey, spend 9358423 clocks.
解得主密钥:  224	01111001101101000111010100011000101010010010010100011011111011111100000111011011101010100010000110100110010111010101111010111010
	Have 432 results, spent 45916352 clocks.
num_cipher:	48
	Total vars:	89792
	Total clauses:	257040
	Test == masterkey, spend 11769079 clocks.
解得主密钥:  277	01111001101101000111010100011000101010010010010100011011111011111100000111011011101010100010000110100110010111010101111010111010
	Have 432 results, spent 52015120 clocks.
num_cipher:	49
	Total vars:	91648
	Total clauses:	262352
	Test == masterkey, spend 13686546 clocks.
解得主密钥:  124	01111001101101000111010100011000101010010010010100011011111011111100000111011011101010100010000110100110010111010101111010111010
	Have 432 results, spent 52732256 clocks.
num_cipher:	50
	Total vars:	93504
	Total clauses:	267664
	Test == masterkey, spend 11493240 clocks.
解得主密钥:  51	01111001101101000111010100011000101010010010010100011011111011111100000111011011101010100010000110100110010111010101111010111010
	Have 432 results, spent 53087989 clocks.
num_cipher:	51
	Total vars:	95360
	Total clauses:	272976
	Test == masterkey, spend 13904315 clocks.
解得主密钥:  181	01111001101101000111010100011000101010010010010100011011111011111100000111011011101010100010000110100110010111010101111010111010
	Have 432 results, spent 51922643 clocks.
num_cipher:	52
	Total vars:	97216
	Total clauses:	278288
	Test == masterkey, spend 12823289 clocks.
解得主密钥:  136	01111001101101000111010100011000101010010010010100011011111011111100000111011011101010100010000110100110010111010101111010111010
	Have 432 results, spent 52897649 clocks.
num_cipher:	53
	Total vars:	99072
	Total clauses:	283600
	Test == masterkey, spend 12217346 clocks.
解得主密钥:  10	01111001101101000111010100011000101010010010010100011011111011111100000111011011101010100010000110100110010111010101111010111010
	Have 432 results, spent 54197456 clocks.
num_cipher:	54
	Total vars:	100928
	Total clauses:	288912
	Test == masterkey, spend 10767825 clocks.
解得主密钥:  285	01111001101101000111010100011000101010010010010100011011111011111100000111011011101010100010000110100110010111010101111010111010
	Have 432 results, spent 54172817 clocks.
num_cipher:	55
	Total vars:	102784
	Total clauses:	294224
	Test == masterkey, spend 13968633 clocks.
解得主密钥:  423	01111001101101000111010100011000101010010010010100011011111011111100000111011011101010100010000110100110010111010101111010111010
	Have 432 results, spent 64305639 clocks.
num_cipher:	56
	Total vars:	104640
	Total clauses:	299536
	Test == masterkey, spend 12417875 clocks.
解得主密钥:  425	01111001101101000111010100011000101010010010010100011011111011111100000111011011101010100010000110100110010111010101111010111010
	Have 432 results, spent 59336253 clocks.
num_cipher:	57
	Total vars:	106496
	Total clauses:	304848
	Test == masterkey, spend 13303793 clocks.
解得主密钥:  367	01111001101101000111010100011000101010010010010100011011111011111100000111011011101010100010000110100110010111010101111010111010
	Have 432 results, spent 58562690 clocks.
num_cipher:	58
	Total vars:	108352
	Total clauses:	310160
	Test == masterkey, spend 15095422 clocks.
解得主密钥:  278	01111001101101000111010100011000101010010010010100011011111011111100000111011011101010100010000110100110010111010101111010111010
	Have 432 results, spent 61828695 clocks.
num_cipher:	59
	Total vars:	110208
	Total clauses:	315472
	Test == masterkey, spend 12975202 clocks.
解得主密钥:  366	01111001101101000111010100011000101010010010010100011011111011111100000111011011101010100010000110100110010111010101111010111010
	Have 432 results, spent 58308775 clocks.
num_cipher:	60
	Total vars:	112064
	Total clauses:	320784
	Test == masterkey, spend 14025387 clocks.
解得主密钥:  130	01111001101101000111010100011000101010010010010100011011111011111100000111011011101010100010000110100110010111010101111010111010
	Have 432 results, spent 33155455 clocks.
---------------------------------------------------------------------------------------------------
	Command being timed: "./bin/present128NSNK 1 10 25 60"
	User time (seconds): 24287.08
	System time (seconds): 29.61
	Percent of CPU this job got: 99%
	Elapsed (wall clock) time (h:mm:ss or m:ss): 6:45:20
	Average shared text size (kbytes): 0
	Average unshared data size (kbytes): 0
	Average stack size (kbytes): 0
	Average total size (kbytes): 0
	Maximum resident set size (kbytes): 205860
	Average resident set size (kbytes): 0
	Major (requiring I/O) page faults: 0
	Minor (reclaiming a frame) page faults: 646026
	Voluntary context switches: 1
	Involuntary context switches: 53559
	Swaps: 0
	File system inputs: 0
	File system outputs: 632
	Socket messages sent: 0
	Socket messages received: 0
	Signals delivered: 0
	Page size (bytes): 4096
	Exit status: 0
