sbox:	1100 0101 0110 1011 1001 0000 1010 1101 0011 1110 1111 1000 0100 0111 0001 0010 
8 = (0+2+6')(2'+3+4'+6)(0'+2+3+4')(2+3'+4'+6)(2'+4+6'+7')(3+5'+6+7')(0'+4'+5+6')(1+4+6+7)(1'+4'+6'+7')(1+2'+3'+4)(0'+1'+3'+6)(3+4+5+7)(0'+2'+5'+7)(0+2'+3'+7)(1'+5'+6'+7)(2+4+5+6+7')(0+2'+5+6)(0'+1+4+5')(0+1'+4+5')(1+3+4'+5)(1+3'+4'+5'+7')(1+5+6+7')(2+3'+5+6')(1'+3+6'+7')(0+4'+5'+6')(1'+4'+6+7)
e_sbox:	1101 0101 0110 1011 1001 0000 1010 1101 0011 1110 1111 1000 0100 0111 0001 0010 
8 = (0'+2+6+7')(0+2+3+7)(0+1+2'+6)(2'+3+4'+6)(0+2+3'+4')(0'+1'+3+6')(1'+4'+6'+7')(1'+5'+6'+7)(1+5+6'+7)(1'+2'+6+7)(0'+1+2'+4)(0'+2+3'+5)(0'+2'+3'+7')(0+1'+4+7')(3'+4+5'+7)(0+4+5+6')(0'+1+2+3+5')(1+3+4'+5)(3+4+5'+7')(2'+4'+5'+7)(1+3'+5'+6'+7')(1'+3'+4'+5)(0+5'+6'+7')(4'+5'+6+7)(3+5+6+7)(1+4+5+6)(1'+3+4'+5')
PRESENT_MODE:	128
SAT_MODE:	2
	SBOX_MODE:	102
	KSR_HAVEERROR:	1
	ENCYPT_HAVEERROR:	1
AnalysesRounds:	10
MinCiphers:	45
MaxCiphers:	128
Threads:	1
Master_key:	11010110010010000011110110100100111010011101011110100011101001110111111011010110111101110011001100001000011010101001010101110101
---------------------------------------------------------------------------------------------------
num_cipher:	45
	Total vars:	84224
	Total clauses:	241104
	Test == masterkey, spend 10240098 clocks.
	Have 120 results, spent 42097587 clocks.
num_cipher:	46
	Total vars:	86080
	Total clauses:	246416
	Test == masterkey, spend 10001913 clocks.
	Have 120 results, spent 41339566 clocks.
num_cipher:	47
	Total vars:	87936
	Total clauses:	251728
	Test == masterkey, spend 9443630 clocks.
	Have 120 results, spent 41886460 clocks.
num_cipher:	48
	Total vars:	89792
	Total clauses:	257040
	Test == masterkey, spend 10400650 clocks.
	Have 120 results, spent 48445821 clocks.
num_cipher:	49
	Total vars:	91648
	Total clauses:	262352
	Test == masterkey, spend 11017744 clocks.
	Have 120 results, spent 43551633 clocks.
num_cipher:	50
	Total vars:	93504
	Total clauses:	267664
	Test == masterkey, spend 11935727 clocks.
	Have 120 results, spent 44920086 clocks.
num_cipher:	51
	Total vars:	95360
	Total clauses:	272976
	Test == masterkey, spend 11026126 clocks.
	Have 120 results, spent 43741623 clocks.
num_cipher:	52
	Total vars:	97216
	Total clauses:	278288
	Test == masterkey, spend 13044122 clocks.
	Have 120 results, spent 42468363 clocks.
num_cipher:	53
	Total vars:	99072
	Total clauses:	283600
	Test == masterkey, spend 12783559 clocks.
	Have 120 results, spent 44799914 clocks.
num_cipher:	54
	Total vars:	100928
	Total clauses:	288912
	Test == masterkey, spend 11752671 clocks.
	Have 120 results, spent 44942072 clocks.
num_cipher:	55
	Total vars:	102784
	Total clauses:	294224
	Test == masterkey, spend 13899865 clocks.
	Have 120 results, spent 46313445 clocks.
num_cipher:	56
	Total vars:	104640
	Total clauses:	299536
	Test == masterkey, spend 14045220 clocks.
	Have 120 results, spent 52404722 clocks.
num_cipher:	57
	Total vars:	106496
	Total clauses:	304848
	Test == masterkey, spend 11097979 clocks.
	Have 120 results, spent 50400200 clocks.
num_cipher:	58
	Total vars:	108352
	Total clauses:	310160
	Test == masterkey, spend 15128950 clocks.
	Have 120 results, spent 51907027 clocks.
num_cipher:	59
	Total vars:	110208
	Total clauses:	315472
	Test == masterkey, spend 14094526 clocks.
	Have 120 results, spent 54376571 clocks.
num_cipher:	60
	Total vars:	112064
	Total clauses:	320784
	Test == masterkey, spend 14146948 clocks.
	Have 120 results, spent 56105041 clocks.
num_cipher:	61
	Total vars:	113920
	Total clauses:	326096
	Test == masterkey, spend 13797671 clocks.
	Have 120 results, spent 52161303 clocks.
num_cipher:	62
	Total vars:	115776
	Total clauses:	331408
	Test == masterkey, spend 14107173 clocks.
	Have 120 results, spent 58402246 clocks.
num_cipher:	63
	Total vars:	117632
	Total clauses:	336720
	Test == masterkey, spend 12639117 clocks.
	Have 120 results, spent 60366116 clocks.
num_cipher:	64
	Total vars:	119488
	Total clauses:	342032
	Test == masterkey, spend 14312121 clocks.
	Have 120 results, spent 59083455 clocks.
num_cipher:	65
	Total vars:	121344
	Total clauses:	347344
	Test == masterkey, spend 15805758 clocks.
	Have 120 results, spent 56137927 clocks.
num_cipher:	66
	Total vars:	123200
	Total clauses:	352656
	Test == masterkey, spend 14896539 clocks.
	Have 120 results, spent 58142001 clocks.
num_cipher:	67
	Total vars:	125056
	Total clauses:	357968
	Test == masterkey, spend 16170642 clocks.
	Have 120 results, spent 60420928 clocks.
num_cipher:	68
	Total vars:	126912
	Total clauses:	363280
	Test == masterkey, spend 13966802 clocks.
	Have 120 results, spent 34262744 clocks.
num_cipher:	69
	Total vars:	128768
	Total clauses:	368592
	Test == masterkey, spend 15864991 clocks.
	Have 120 results, spent 65833180 clocks.
num_cipher:	70
	Total vars:	130624
	Total clauses:	373904
	Test == masterkey, spend 17114157 clocks.
	Have 120 results, spent 67134365 clocks.
num_cipher:	71
	Total vars:	132480
	Total clauses:	379216
	Test == masterkey, spend 16387208 clocks.
	Have 120 results, spent 64129040 clocks.
num_cipher:	72
	Total vars:	134336
	Total clauses:	384528
	Test == masterkey, spend 25017551 clocks.
	Have 120 results, spent 72529825 clocks.
num_cipher:	73
	Total vars:	136192
	Total clauses:	389840
	Test == masterkey, spend 15993414 clocks.
	Have 120 results, spent 75845649 clocks.
num_cipher:	74
	Total vars:	138048
	Total clauses:	395152
	Test == masterkey, spend 18899752 clocks.
	Have 120 results, spent 80021545 clocks.
num_cipher:	75
	Total vars:	139904
	Total clauses:	400464
	Test == masterkey, spend 17912240 clocks.
	Have 120 results, spent 40198834 clocks.
num_cipher:	76
	Total vars:	141760
	Total clauses:	405776
	Test == masterkey, spend 17505711 clocks.
	Have 120 results, spent 87640024 clocks.
num_cipher:	77
	Total vars:	143616
	Total clauses:	411088
	Test == masterkey, spend 22491887 clocks.
	Have 120 results, spent 91717014 clocks.
num_cipher:	78
	Total vars:	145472
	Total clauses:	416400
	Test == masterkey, spend 25542601 clocks.
	Have 120 results, spent 82475207 clocks.
num_cipher:	79
	Total vars:	147328
	Total clauses:	421712
	Test == masterkey, spend 24634555 clocks.
	Have 120 results, spent 36204682 clocks.
num_cipher:	80
	Total vars:	149184
	Total clauses:	427024
	Test == masterkey, spend 18985269 clocks.
	Have 120 results, spent 36975812 clocks.
num_cipher:	81
	Total vars:	151040
	Total clauses:	432336
	Test == masterkey, spend 24214267 clocks.
	Have 120 results, spent 35550638 clocks.
num_cipher:	82
	Total vars:	152896
	Total clauses:	437648
	Test == masterkey, spend 25734911 clocks.
	Have 120 results, spent 39335186 clocks.
num_cipher:	83
	Total vars:	154752
	Total clauses:	442960
	Test == masterkey, spend 40044999 clocks.
	Have 120 results, spent 43496213 clocks.
num_cipher:	84
	Total vars:	156608
	Total clauses:	448272
	Test == masterkey, spend 29098260 clocks.
	Have 120 results, spent 33290796 clocks.
num_cipher:	85
	Total vars:	158464
	Total clauses:	453584
	Test == masterkey, spend 24655374 clocks.
	Have 120 results, spent 41306635 clocks.
num_cipher:	86
	Total vars:	160320
	Total clauses:	458896
	Test == masterkey, spend 25501160 clocks.
	Have 120 results, spent 41548573 clocks.
num_cipher:	87
	Total vars:	162176
	Total clauses:	464208
	Test == masterkey, spend 36766379 clocks.
	Have 120 results, spent 38767979 clocks.
num_cipher:	88
	Total vars:	164032
	Total clauses:	469520
	Test == masterkey, spend 26684624 clocks.
	Have 120 results, spent 36940580 clocks.
num_cipher:	89
	Total vars:	165888
	Total clauses:	474832
	Test == masterkey, spend 31945100 clocks.
	Have 120 results, spent 44229259 clocks.
num_cipher:	90
	Total vars:	167744
	Total clauses:	480144
	Test == masterkey, spend 39729702 clocks.
	Have 120 results, spent 41665200 clocks.
num_cipher:	91
	Total vars:	169600
	Total clauses:	485456
	Test == masterkey, spend 33981593 clocks.
	Have 120 results, spent 46756417 clocks.
num_cipher:	92
	Total vars:	171456
	Total clauses:	490768
	Test == masterkey, spend 38686661 clocks.
	Have 120 results, spent 40860958 clocks.
num_cipher:	93
	Total vars:	173312
	Total clauses:	496080
	Test == masterkey, spend 42390982 clocks.
	Have 120 results, spent 42684636 clocks.
num_cipher:	94
	Total vars:	175168
	Total clauses:	501392
	Test == masterkey, spend 40511613 clocks.
	Have 120 results, spent 41592381 clocks.
num_cipher:	95
	Total vars:	177024
	Total clauses:	506704
	Test == masterkey, spend 36912197 clocks.
	Have 120 results, spent 38859481 clocks.
num_cipher:	96
	Total vars:	178880
	Total clauses:	512016
	Test == masterkey, spend 33015618 clocks.
	Have 120 results, spent 44233664 clocks.
num_cipher:	97
	Total vars:	180736
	Total clauses:	517328
	Test == masterkey, spend 32157168 clocks.
	Have 120 results, spent 44122278 clocks.
num_cipher:	98
	Total vars:	182592
	Total clauses:	522640
	Test == masterkey, spend 38357599 clocks.
	Have 120 results, spent 47045877 clocks.
num_cipher:	99
	Total vars:	184448
	Total clauses:	527952
	Test == masterkey, spend 37294038 clocks.
	Have 120 results, spent 48977341 clocks.
num_cipher:	100
	Total vars:	186304
	Total clauses:	533264
	Test == masterkey, spend 40281410 clocks.
	Have 120 results, spent 50630767 clocks.
num_cipher:	101
	Total vars:	188160
	Total clauses:	538576
	Test == masterkey, spend 42850949 clocks.
	Have 120 results, spent 48862581 clocks.
num_cipher:	102
	Total vars:	190016
	Total clauses:	543888
	Test == masterkey, spend 45978990 clocks.
	Have 120 results, spent 54798838 clocks.
num_cipher:	103
	Total vars:	191872
	Total clauses:	549200
	Test == masterkey, spend 41114259 clocks.
	Have 120 results, spent 49388176 clocks.
num_cipher:	104
	Total vars:	193728
	Total clauses:	554512
	Test == masterkey, spend 39683366 clocks.
	Have 120 results, spent 53087843 clocks.
num_cipher:	105
	Total vars:	195584
	Total clauses:	559824
	Test == masterkey, spend 43109703 clocks.
	Have 120 results, spent 55140047 clocks.
num_cipher:	106
	Total vars:	197440
	Total clauses:	565136
	Test == masterkey, spend 46722335 clocks.
	Have 120 results, spent 60676116 clocks.
num_cipher:	107
	Total vars:	199296
	Total clauses:	570448
	Test == masterkey, spend 44845769 clocks.
	Have 120 results, spent 65350300 clocks.
num_cipher:	108
	Total vars:	201152
	Total clauses:	575760
	Test == masterkey, spend 42812628 clocks.
	Have 120 results, spent 58391431 clocks.
num_cipher:	109
	Total vars:	203008
	Total clauses:	581072
	Test == masterkey, spend 39371088 clocks.
	Have 120 results, spent 52847307 clocks.
num_cipher:	110
	Total vars:	204864
	Total clauses:	586384
	Test == masterkey, spend 40713746 clocks.
	Have 120 results, spent 58579418 clocks.
num_cipher:	111
	Total vars:	206720
	Total clauses:	591696
	Test == masterkey, spend 41319622 clocks.
	Have 120 results, spent 56228726 clocks.
num_cipher:	112
	Total vars:	208576
	Total clauses:	597008
	Test == masterkey, spend 39894149 clocks.
	Have 120 results, spent 51923688 clocks.
num_cipher:	113
	Total vars:	210432
	Total clauses:	602320
	Test == masterkey, spend 44141554 clocks.
	Have 120 results, spent 59427058 clocks.
num_cipher:	114
	Total vars:	212288
	Total clauses:	607632
	Test == masterkey, spend 40616201 clocks.
	Have 120 results, spent 57839273 clocks.
num_cipher:	115
	Total vars:	214144
	Total clauses:	612944
	Test == masterkey, spend 39842267 clocks.
	Have 120 results, spent 62984036 clocks.
num_cipher:	116
	Total vars:	216000
	Total clauses:	618256
	Test == masterkey, spend 36575806 clocks.
	Have 120 results, spent 60859983 clocks.
num_cipher:	117
	Total vars:	217856
	Total clauses:	623568
	Test == masterkey, spend 43069584 clocks.
	Have 120 results, spent 64259441 clocks.
num_cipher:	118
	Total vars:	219712
	Total clauses:	628880
	Test == masterkey, spend 45941319 clocks.
	Have 120 results, spent 58737391 clocks.
num_cipher:	119
	Total vars:	221568
	Total clauses:	634192
	Test == masterkey, spend 37734427 clocks.
	Have 120 results, spent 65733547 clocks.
num_cipher:	120
	Total vars:	223424
	Total clauses:	639504
	Test == masterkey, spend 41289259 clocks.
	Have 120 results, spent 65976527 clocks.
num_cipher:	121
	Total vars:	225280
	Total clauses:	644816
	Test == masterkey, spend 41436968 clocks.
	Have 120 results, spent 59827773 clocks.
num_cipher:	122
	Total vars:	227136
	Total clauses:	650128
	Test == masterkey, spend 39736794 clocks.
	Have 120 results, spent 66389160 clocks.
num_cipher:	123
	Total vars:	228992
	Total clauses:	655440
	Test == masterkey, spend 43924792 clocks.
	Have 120 results, spent 65037819 clocks.
num_cipher:	124
	Total vars:	230848
	Total clauses:	660752
	Test == masterkey, spend 45427655 clocks.
	Have 120 results, spent 61214376 clocks.
num_cipher:	125
	Total vars:	232704
	Total clauses:	666064
	Test == masterkey, spend 38448836 clocks.
	Have 120 results, spent 67520110 clocks.
num_cipher:	126
	Total vars:	234560
	Total clauses:	671376
	Test == masterkey, spend 46146774 clocks.
	Have 120 results, spent 63685851 clocks.
num_cipher:	127
	Total vars:	236416
	Total clauses:	676688
	Test == masterkey, spend 41053090 clocks.
	Have 120 results, spent 63199968 clocks.
num_cipher:	128
	Total vars:	238272
	Total clauses:	682000
	Test == masterkey, spend 41105028 clocks.
	Have 120 results, spent 62953396 clocks.
---------------------------------------------------------------------------------------------------
	Command being timed: "./bin/present128NSNK 1 10 45 128"
	User time (seconds): 7100.28
	System time (seconds): 8.78
	Percent of CPU this job got: 99%
	Elapsed (wall clock) time (h:mm:ss or m:ss): 1:58:30
	Average shared text size (kbytes): 0
	Average unshared data size (kbytes): 0
	Average stack size (kbytes): 0
	Average total size (kbytes): 0
	Maximum resident set size (kbytes): 348652
	Average resident set size (kbytes): 0
	Major (requiring I/O) page faults: 0
	Minor (reclaiming a frame) page faults: 398822
	Voluntary context switches: 1
	Involuntary context switches: 9036
	Swaps: 0
	File system inputs: 0
	File system outputs: 1040
	Socket messages sent: 0
	Socket messages received: 0
	Signals delivered: 0
	Page size (bytes): 4096
	Exit status: 0
