sbox:	1100 0101 0110 1011 1001 0000 1010 1101 0011 1110 1111 1000 0100 0111 0001 0010 
8 = (0+2+6')(2'+3+4'+6)(0'+2+3+4')(2+3'+4'+6)(2'+4+6'+7')(3+5'+6+7')(0'+4'+5+6')(1+4+6+7)(1'+4'+6'+7')(1+2'+3'+4)(0'+1'+3'+6)(3+4+5+7)(0'+2'+5'+7)(0+2'+3'+7)(1'+5'+6'+7)(2+4+5+6+7')(0+2'+5+6)(0'+1+4+5')(0+1'+4+5')(1+3+4'+5)(1+3'+4'+5'+7')(1+5+6+7')(2+3'+5+6')(1'+3+6'+7')(0+4'+5'+6')(1'+4'+6+7)
e_sbox:	1101 0101 0110 1011 1001 0000 1010 1101 0011 1110 1111 1000 0100 0111 0001 0010 
8 = (0'+2+6+7')(0+2+3+7)(0+1+2'+6)(2'+3+4'+6)(0+2+3'+4')(0'+1'+3+6')(1'+4'+6'+7')(1'+5'+6'+7)(1+5+6'+7)(1'+2'+6+7)(0'+1+2'+4)(0'+2+3'+5)(0'+2'+3'+7')(0+1'+4+7')(3'+4+5'+7)(0+4+5+6')(0'+1+2+3+5')(1+3+4'+5)(3+4+5'+7')(2'+4'+5'+7)(1+3'+5'+6'+7')(1'+3'+4'+5)(0+5'+6'+7')(4'+5'+6+7)(3+5+6+7)(1+4+5+6)(1'+3+4'+5')
PRESENT_MODE:	128
SAT_MODE:	2
	SBOX_MODE:	102
	KSR_HAVEERROR:	1
	ENCYPT_HAVEERROR:	1
AnalysesRounds:	10
MinCiphers:	45
MaxCiphers:	128
Threads:	1
Master_key:	10101000111100010111001000110110000110101111010011000101000100011001101100100101111100110111101100001100001101100101011101101110
---------------------------------------------------------------------------------------------------
num_cipher:	45
	Total vars:	84224
	Total clauses:	241104
	Test == masterkey, spend 9724901 clocks.
	Have 48 results, spent 40543932 clocks.
num_cipher:	46
	Total vars:	86080
	Total clauses:	246416
	Test == masterkey, spend 11143452 clocks.
	Have 48 results, spent 27052029 clocks.
num_cipher:	47
	Total vars:	87936
	Total clauses:	251728
	Test == masterkey, spend 11161454 clocks.
	Have 48 results, spent 44036027 clocks.
num_cipher:	48
	Total vars:	89792
	Total clauses:	257040
	Test == masterkey, spend 10943371 clocks.
	Have 48 results, spent 47442712 clocks.
num_cipher:	49
	Total vars:	91648
	Total clauses:	262352
	Test == masterkey, spend 13927437 clocks.
	Have 48 results, spent 42619730 clocks.
num_cipher:	50
	Total vars:	93504
	Total clauses:	267664
	Test == masterkey, spend 14641281 clocks.
	Have 48 results, spent 27265244 clocks.
num_cipher:	51
	Total vars:	95360
	Total clauses:	272976
	Test == masterkey, spend 12919269 clocks.
	Have 48 results, spent 50538615 clocks.
num_cipher:	52
	Total vars:	97216
	Total clauses:	278288
	Test == masterkey, spend 16658102 clocks.
	Have 48 results, spent 43615641 clocks.
num_cipher:	53
	Total vars:	99072
	Total clauses:	283600
	Test == masterkey, spend 15614395 clocks.
	Have 48 results, spent 45647354 clocks.
num_cipher:	54
	Total vars:	100928
	Total clauses:	288912
	Test == masterkey, spend 16372259 clocks.
	Have 48 results, spent 45523483 clocks.
num_cipher:	55
	Total vars:	102784
	Total clauses:	294224
	Test == masterkey, spend 17379131 clocks.
	Have 48 results, spent 49345005 clocks.
num_cipher:	56
	Total vars:	104640
	Total clauses:	299536
	Test == masterkey, spend 18829425 clocks.
	Have 48 results, spent 57153925 clocks.
num_cipher:	57
	Total vars:	106496
	Total clauses:	304848
	Test == masterkey, spend 14097605 clocks.
	Have 48 results, spent 51855685 clocks.
num_cipher:	58
	Total vars:	108352
	Total clauses:	310160
	Test == masterkey, spend 13820094 clocks.
	Have 48 results, spent 49635056 clocks.
num_cipher:	59
	Total vars:	110208
	Total clauses:	315472
	Test == masterkey, spend 14731644 clocks.
	Have 48 results, spent 28852334 clocks.
num_cipher:	60
	Total vars:	112064
	Total clauses:	320784
	Test == masterkey, spend 13824483 clocks.
	Have 48 results, spent 54066024 clocks.
num_cipher:	61
	Total vars:	113920
	Total clauses:	326096
	Test == masterkey, spend 15977659 clocks.
	Have 48 results, spent 52961838 clocks.
num_cipher:	62
	Total vars:	115776
	Total clauses:	331408
	Test == masterkey, spend 17807456 clocks.
	Have 48 results, spent 57826103 clocks.
num_cipher:	63
	Total vars:	117632
	Total clauses:	336720
	Test == masterkey, spend 18096012 clocks.
	Have 48 results, spent 32268848 clocks.
num_cipher:	64
	Total vars:	119488
	Total clauses:	342032
	Test == masterkey, spend 18452374 clocks.
	Have 48 results, spent 31121856 clocks.
num_cipher:	65
	Total vars:	121344
	Total clauses:	347344
	Test == masterkey, spend 19349012 clocks.
	Have 48 results, spent 59583834 clocks.
num_cipher:	66
	Total vars:	123200
	Total clauses:	352656
	Test == masterkey, spend 16649059 clocks.
	Have 48 results, spent 64190408 clocks.
num_cipher:	67
	Total vars:	125056
	Total clauses:	357968
	Test == masterkey, spend 16180348 clocks.
	Have 48 results, spent 60446831 clocks.
num_cipher:	68
	Total vars:	126912
	Total clauses:	363280
	Test == masterkey, spend 17906597 clocks.
	Have 48 results, spent 57953872 clocks.
num_cipher:	69
	Total vars:	128768
	Total clauses:	368592
	Test == masterkey, spend 18775954 clocks.
	Have 48 results, spent 62895944 clocks.
num_cipher:	70
	Total vars:	130624
	Total clauses:	373904
	Test == masterkey, spend 18227082 clocks.
	Have 48 results, spent 60023410 clocks.
num_cipher:	71
	Total vars:	132480
	Total clauses:	379216
	Test == masterkey, spend 18657616 clocks.
	Have 48 results, spent 36555945 clocks.
num_cipher:	72
	Total vars:	134336
	Total clauses:	384528
	Test == masterkey, spend 20591101 clocks.
	Have 48 results, spent 67760949 clocks.
num_cipher:	73
	Total vars:	136192
	Total clauses:	389840
	Test == masterkey, spend 17146951 clocks.
	Have 48 results, spent 70062141 clocks.
num_cipher:	74
	Total vars:	138048
	Total clauses:	395152
	Test == masterkey, spend 20747729 clocks.
	Have 48 results, spent 71767365 clocks.
num_cipher:	75
	Total vars:	139904
	Total clauses:	400464
	Test == masterkey, spend 20765738 clocks.
	Have 48 results, spent 78558266 clocks.
num_cipher:	76
	Total vars:	141760
	Total clauses:	405776
	Test == masterkey, spend 19687256 clocks.
	Have 48 results, spent 37530316 clocks.
num_cipher:	77
	Total vars:	143616
	Total clauses:	411088
	Test == masterkey, spend 21490318 clocks.
	Have 48 results, spent 36838999 clocks.
num_cipher:	78
	Total vars:	145472
	Total clauses:	416400
	Test == masterkey, spend 18957095 clocks.
	Have 48 results, spent 85036656 clocks.
num_cipher:	79
	Total vars:	147328
	Total clauses:	421712
	Test == masterkey, spend 22323778 clocks.
	Have 48 results, spent 86163165 clocks.
num_cipher:	80
	Total vars:	149184
	Total clauses:	427024
	Test == masterkey, spend 20577606 clocks.
	Have 48 results, spent 36479523 clocks.
num_cipher:	81
	Total vars:	151040
	Total clauses:	432336
	Test == masterkey, spend 21541439 clocks.
	Have 48 results, spent 40250677 clocks.
num_cipher:	82
	Total vars:	152896
	Total clauses:	437648
	Test == masterkey, spend 21478290 clocks.
	Have 48 results, spent 35022808 clocks.
num_cipher:	83
	Total vars:	154752
	Total clauses:	442960
	Test == masterkey, spend 20328600 clocks.
	Have 48 results, spent 38062001 clocks.
num_cipher:	84
	Total vars:	156608
	Total clauses:	448272
	Test == masterkey, spend 22654302 clocks.
	Have 48 results, spent 34965262 clocks.
num_cipher:	85
	Total vars:	158464
	Total clauses:	453584
	Test == masterkey, spend 32727689 clocks.
	Have 48 results, spent 36852466 clocks.
num_cipher:	86
	Total vars:	160320
	Total clauses:	458896
	Test == masterkey, spend 42233173 clocks.
	Have 48 results, spent 36567020 clocks.
num_cipher:	87
	Total vars:	162176
	Total clauses:	464208
	Test == masterkey, spend 42951239 clocks.
	Have 48 results, spent 40209150 clocks.
num_cipher:	88
	Total vars:	164032
	Total clauses:	469520
	Test == masterkey, spend 38724499 clocks.
	Have 48 results, spent 35789853 clocks.
num_cipher:	89
	Total vars:	165888
	Total clauses:	474832
	Test == masterkey, spend 29778204 clocks.
	Have 48 results, spent 37825592 clocks.
num_cipher:	90
	Total vars:	167744
	Total clauses:	480144
	Test == masterkey, spend 46614860 clocks.
	Have 48 results, spent 34876904 clocks.
num_cipher:	91
	Total vars:	169600
	Total clauses:	485456
	Test == masterkey, spend 43864748 clocks.
	Have 48 results, spent 34083851 clocks.
num_cipher:	92
	Total vars:	171456
	Total clauses:	490768
	Test == masterkey, spend 31061927 clocks.
	Have 48 results, spent 33512454 clocks.
num_cipher:	93
	Total vars:	173312
	Total clauses:	496080
	Test == masterkey, spend 40299555 clocks.
	Have 48 results, spent 37512493 clocks.
num_cipher:	94
	Total vars:	175168
	Total clauses:	501392
	Test == masterkey, spend 41578814 clocks.
	Have 48 results, spent 35129601 clocks.
num_cipher:	95
	Total vars:	177024
	Total clauses:	506704
	Test == masterkey, spend 40293304 clocks.
	Have 48 results, spent 41162201 clocks.
num_cipher:	96
	Total vars:	178880
	Total clauses:	512016
	Test == masterkey, spend 42022284 clocks.
	Have 48 results, spent 40827086 clocks.
num_cipher:	97
	Total vars:	180736
	Total clauses:	517328
	Test == masterkey, spend 39541006 clocks.
	Have 48 results, spent 39970923 clocks.
num_cipher:	98
	Total vars:	182592
	Total clauses:	522640
	Test == masterkey, spend 32617083 clocks.
	Have 48 results, spent 38236941 clocks.
num_cipher:	99
	Total vars:	184448
	Total clauses:	527952
	Test == masterkey, spend 40176951 clocks.
	Have 48 results, spent 39409617 clocks.
num_cipher:	100
	Total vars:	186304
	Total clauses:	533264
	Test == masterkey, spend 42305539 clocks.
	Have 48 results, spent 35698517 clocks.
num_cipher:	101
	Total vars:	188160
	Total clauses:	538576
	Test == masterkey, spend 40254936 clocks.
	Have 48 results, spent 48670025 clocks.
num_cipher:	102
	Total vars:	190016
	Total clauses:	543888
	Test == masterkey, spend 38585786 clocks.
	Have 48 results, spent 38721097 clocks.
num_cipher:	103
	Total vars:	191872
	Total clauses:	549200
	Test == masterkey, spend 38504367 clocks.
	Have 48 results, spent 35468496 clocks.
num_cipher:	104
	Total vars:	193728
	Total clauses:	554512
	Test == masterkey, spend 44041440 clocks.
	Have 48 results, spent 42002811 clocks.
num_cipher:	105
	Total vars:	195584
	Total clauses:	559824
	Test == masterkey, spend 40927015 clocks.
	Have 48 results, spent 45873573 clocks.
num_cipher:	106
	Total vars:	197440
	Total clauses:	565136
	Test == masterkey, spend 41359351 clocks.
	Have 48 results, spent 47233551 clocks.
num_cipher:	107
	Total vars:	199296
	Total clauses:	570448
	Test == masterkey, spend 44184548 clocks.
	Have 48 results, spent 44840618 clocks.
num_cipher:	108
	Total vars:	201152
	Total clauses:	575760
	Test == masterkey, spend 45024328 clocks.
	Have 48 results, spent 45902687 clocks.
num_cipher:	109
	Total vars:	203008
	Total clauses:	581072
	Test == masterkey, spend 41537835 clocks.
	Have 48 results, spent 49800905 clocks.
num_cipher:	110
	Total vars:	204864
	Total clauses:	586384
	Test == masterkey, spend 42563656 clocks.
	Have 48 results, spent 42783343 clocks.
num_cipher:	111
	Total vars:	206720
	Total clauses:	591696
	Test == masterkey, spend 44678580 clocks.
	Have 48 results, spent 46085958 clocks.
num_cipher:	112
	Total vars:	208576
	Total clauses:	597008
	Test == masterkey, spend 41361942 clocks.
	Have 48 results, spent 45192545 clocks.
num_cipher:	113
	Total vars:	210432
	Total clauses:	602320
	Test == masterkey, spend 41700416 clocks.
	Have 48 results, spent 45476552 clocks.
num_cipher:	114
	Total vars:	212288
	Total clauses:	607632
	Test == masterkey, spend 42997711 clocks.
	Have 48 results, spent 45910474 clocks.
num_cipher:	115
	Total vars:	214144
	Total clauses:	612944
	Test == masterkey, spend 44220599 clocks.
	Have 48 results, spent 46006455 clocks.
num_cipher:	116
	Total vars:	216000
	Total clauses:	618256
	Test == masterkey, spend 42123567 clocks.
	Have 48 results, spent 45298443 clocks.
num_cipher:	117
	Total vars:	217856
	Total clauses:	623568
	Test == masterkey, spend 42234290 clocks.
	Have 48 results, spent 49459557 clocks.
num_cipher:	118
	Total vars:	219712
	Total clauses:	628880
	Test == masterkey, spend 46867583 clocks.
	Have 48 results, spent 49701855 clocks.
num_cipher:	119
	Total vars:	221568
	Total clauses:	634192
	Test == masterkey, spend 46945681 clocks.
	Have 48 results, spent 52290906 clocks.
num_cipher:	120
	Total vars:	223424
	Total clauses:	639504
	Test == masterkey, spend 44549499 clocks.
	Have 48 results, spent 49230282 clocks.
num_cipher:	121
	Total vars:	225280
	Total clauses:	644816
	Test == masterkey, spend 42758648 clocks.
	Have 48 results, spent 56536341 clocks.
num_cipher:	122
	Total vars:	227136
	Total clauses:	650128
	Test == masterkey, spend 44793891 clocks.
	Have 48 results, spent 45168367 clocks.
num_cipher:	123
	Total vars:	228992
	Total clauses:	655440
	Test == masterkey, spend 39043819 clocks.
	Have 48 results, spent 53537798 clocks.
num_cipher:	124
	Total vars:	230848
	Total clauses:	660752
	Test == masterkey, spend 48318815 clocks.
	Have 48 results, spent 49800072 clocks.
num_cipher:	125
	Total vars:	232704
	Total clauses:	666064
	Test == masterkey, spend 42429465 clocks.
	Have 48 results, spent 49777580 clocks.
num_cipher:	126
	Total vars:	234560
	Total clauses:	671376
	Test == masterkey, spend 47247585 clocks.
	Have 48 results, spent 52389732 clocks.
num_cipher:	127
	Total vars:	236416
	Total clauses:	676688
	Test == masterkey, spend 41328072 clocks.
	Have 48 results, spent 58445936 clocks.
num_cipher:	128
	Total vars:	238272
	Total clauses:	682000
	Test == masterkey, spend 46807108 clocks.
	Have 48 results, spent 61041122 clocks.
---------------------------------------------------------------------------------------------------
	Command being timed: "./bin/present128NSNK 1 10 45 128"
	User time (seconds): 6663.37
	System time (seconds): 5.94
	Percent of CPU this job got: 99%
	Elapsed (wall clock) time (h:mm:ss or m:ss): 1:51:10
	Average shared text size (kbytes): 0
	Average unshared data size (kbytes): 0
	Average stack size (kbytes): 0
	Average total size (kbytes): 0
	Maximum resident set size (kbytes): 389136
	Average resident set size (kbytes): 0
	Major (requiring I/O) page faults: 0
	Minor (reclaiming a frame) page faults: 325396
	Voluntary context switches: 4
	Involuntary context switches: 7658
	Swaps: 0
	File system inputs: 0
	File system outputs: 1048
	Socket messages sent: 0
	Socket messages received: 0
	Signals delivered: 0
	Page size (bytes): 4096
	Exit status: 0
