sbox:	1100 0101 0110 1011 1001 0000 1010 1101 0011 1110 1111 1000 0100 0111 0001 0010 
8 = (0+2+6')(2'+3+4'+6)(0'+2+3+4')(2+3'+4'+6)(2'+4+6'+7')(3+5'+6+7')(0'+4'+5+6')(1+4+6+7)(1'+4'+6'+7')(1+2'+3'+4)(0'+1'+3'+6)(3+4+5+7)(0'+2'+5'+7)(0+2'+3'+7)(1'+5'+6'+7)(2+4+5+6+7')(0+2'+5+6)(0'+1+4+5')(0+1'+4+5')(1+3+4'+5)(1+3'+4'+5'+7')(1+5+6+7')(2+3'+5+6')(1'+3+6'+7')(0+4'+5'+6')(1'+4'+6+7)
e_sbox:	1101 0101 0110 1011 1001 0000 1010 1101 0011 1110 1111 1000 0100 0111 0001 0010 
8 = (0'+2+6+7')(0+2+3+7)(0+1+2'+6)(2'+3+4'+6)(0+2+3'+4')(0'+1'+3+6')(1'+4'+6'+7')(1'+5'+6'+7)(1+5+6'+7)(1'+2'+6+7)(0'+1+2'+4)(0'+2+3'+5)(0'+2'+3'+7')(0+1'+4+7')(3'+4+5'+7)(0+4+5+6')(0'+1+2+3+5')(1+3+4'+5)(3+4+5'+7')(2'+4'+5'+7)(1+3'+5'+6'+7')(1'+3'+4'+5)(0+5'+6'+7')(4'+5'+6+7)(3+5+6+7)(1+4+5+6)(1'+3+4'+5')
PRESENT_MODE:	128
SAT_MODE:	2
	SBOX_MODE:	102
	KSR_HAVEERROR:	1
	ENCYPT_HAVEERROR:	1
AnalysesRounds:	10
MinCiphers:	45
MaxCiphers:	128
Threads:	1
Master_key:	01011010011010110101001111111101100100010110001011001000100010100110010011111100010010010011111010001010011011000100011110010110
---------------------------------------------------------------------------------------------------
num_cipher:	45
	Total vars:	84224
	Total clauses:	241104
	Test == masterkey, spend 9654623 clocks.
	Have 6 results, spent 26292132 clocks.
num_cipher:	46
	Total vars:	86080
	Total clauses:	246416
	Test == masterkey, spend 10881604 clocks.
	Have 6 results, spent 22806938 clocks.
num_cipher:	47
	Total vars:	87936
	Total clauses:	251728
	Test == masterkey, spend 12086168 clocks.
	Have 6 results, spent 22636687 clocks.
num_cipher:	48
	Total vars:	89792
	Total clauses:	257040
	Test == masterkey, spend 13230299 clocks.
	Have 6 results, spent 21213794 clocks.
num_cipher:	49
	Total vars:	91648
	Total clauses:	262352
	Test == masterkey, spend 13926663 clocks.
	Have 6 results, spent 23052810 clocks.
num_cipher:	50
	Total vars:	93504
	Total clauses:	267664
	Test == masterkey, spend 13726161 clocks.
	Have 6 results, spent 24115539 clocks.
num_cipher:	51
	Total vars:	95360
	Total clauses:	272976
	Test == masterkey, spend 14217078 clocks.
	Have 6 results, spent 26067801 clocks.
num_cipher:	52
	Total vars:	97216
	Total clauses:	278288
	Test == masterkey, spend 13559864 clocks.
	Have 6 results, spent 24734328 clocks.
num_cipher:	53
	Total vars:	99072
	Total clauses:	283600
	Test == masterkey, spend 14454699 clocks.
	Have 6 results, spent 25241831 clocks.
num_cipher:	54
	Total vars:	100928
	Total clauses:	288912
	Test == masterkey, spend 15601266 clocks.
	Have 6 results, spent 25436649 clocks.
num_cipher:	55
	Total vars:	102784
	Total clauses:	294224
	Test == masterkey, spend 14738242 clocks.
	Have 6 results, spent 24113802 clocks.
num_cipher:	56
	Total vars:	104640
	Total clauses:	299536
	Test == masterkey, spend 13706974 clocks.
	Have 6 results, spent 25059733 clocks.
num_cipher:	57
	Total vars:	106496
	Total clauses:	304848
	Test == masterkey, spend 15226192 clocks.
	Have 6 results, spent 27797224 clocks.
num_cipher:	58
	Total vars:	108352
	Total clauses:	310160
	Test == masterkey, spend 15007756 clocks.
	Have 6 results, spent 28227090 clocks.
num_cipher:	59
	Total vars:	110208
	Total clauses:	315472
	Test == masterkey, spend 16498429 clocks.
	Have 6 results, spent 29129886 clocks.
num_cipher:	60
	Total vars:	112064
	Total clauses:	320784
	Test == masterkey, spend 14564015 clocks.
	Have 6 results, spent 26890024 clocks.
num_cipher:	61
	Total vars:	113920
	Total clauses:	326096
	Test == masterkey, spend 15818519 clocks.
	Have 6 results, spent 26992423 clocks.
num_cipher:	62
	Total vars:	115776
	Total clauses:	331408
	Test == masterkey, spend 15355678 clocks.
	Have 6 results, spent 28805863 clocks.
num_cipher:	63
	Total vars:	117632
	Total clauses:	336720
	Test == masterkey, spend 16535066 clocks.
	Have 6 results, spent 27874138 clocks.
num_cipher:	64
	Total vars:	119488
	Total clauses:	342032
	Test == masterkey, spend 18259532 clocks.
	Have 6 results, spent 30469994 clocks.
num_cipher:	65
	Total vars:	121344
	Total clauses:	347344
	Test == masterkey, spend 17797991 clocks.
	Have 6 results, spent 32725154 clocks.
num_cipher:	66
	Total vars:	123200
	Total clauses:	352656
	Test == masterkey, spend 18618447 clocks.
	Have 6 results, spent 31670845 clocks.
num_cipher:	67
	Total vars:	125056
	Total clauses:	357968
	Test == masterkey, spend 19626904 clocks.
	Have 6 results, spent 37340140 clocks.
num_cipher:	68
	Total vars:	126912
	Total clauses:	363280
	Test == masterkey, spend 17712666 clocks.
	Have 6 results, spent 36313706 clocks.
num_cipher:	69
	Total vars:	128768
	Total clauses:	368592
	Test == masterkey, spend 17996531 clocks.
	Have 6 results, spent 30108078 clocks.
num_cipher:	70
	Total vars:	130624
	Total clauses:	373904
	Test == masterkey, spend 18411560 clocks.
	Have 6 results, spent 33789416 clocks.
num_cipher:	71
	Total vars:	132480
	Total clauses:	379216
	Test == masterkey, spend 20450932 clocks.
	Have 6 results, spent 35112688 clocks.
num_cipher:	72
	Total vars:	134336
	Total clauses:	384528
	Test == masterkey, spend 23755520 clocks.
	Have 6 results, spent 38435430 clocks.
num_cipher:	73
	Total vars:	136192
	Total clauses:	389840
	Test == masterkey, spend 27116193 clocks.
	Have 6 results, spent 39631985 clocks.
num_cipher:	74
	Total vars:	138048
	Total clauses:	395152
	Test == masterkey, spend 20466146 clocks.
	Have 6 results, spent 32048932 clocks.
num_cipher:	75
	Total vars:	139904
	Total clauses:	400464
	Test == masterkey, spend 25096879 clocks.
	Have 6 results, spent 35280829 clocks.
num_cipher:	76
	Total vars:	141760
	Total clauses:	405776
	Test == masterkey, spend 25958919 clocks.
	Have 6 results, spent 45089320 clocks.
num_cipher:	77
	Total vars:	143616
	Total clauses:	411088
	Test == masterkey, spend 28303579 clocks.
	Have 6 results, spent 32559373 clocks.
num_cipher:	78
	Total vars:	145472
	Total clauses:	416400
	Test == masterkey, spend 19373350 clocks.
	Have 6 results, spent 31207761 clocks.
num_cipher:	79
	Total vars:	147328
	Total clauses:	421712
	Test == masterkey, spend 25099548 clocks.
	Have 6 results, spent 29124455 clocks.
num_cipher:	80
	Total vars:	149184
	Total clauses:	427024
	Test == masterkey, spend 28015824 clocks.
	Have 6 results, spent 31841167 clocks.
num_cipher:	81
	Total vars:	151040
	Total clauses:	432336
	Test == masterkey, spend 28167840 clocks.
	Have 6 results, spent 35851689 clocks.
num_cipher:	82
	Total vars:	152896
	Total clauses:	437648
	Test == masterkey, spend 29912163 clocks.
	Have 6 results, spent 36112379 clocks.
num_cipher:	83
	Total vars:	154752
	Total clauses:	442960
	Test == masterkey, spend 38720639 clocks.
	Have 6 results, spent 37058757 clocks.
num_cipher:	84
	Total vars:	156608
	Total clauses:	448272
	Test == masterkey, spend 29035027 clocks.
	Have 6 results, spent 32663233 clocks.
num_cipher:	85
	Total vars:	158464
	Total clauses:	453584
	Test == masterkey, spend 41243954 clocks.
	Have 6 results, spent 37453298 clocks.
num_cipher:	86
	Total vars:	160320
	Total clauses:	458896
	Test == masterkey, spend 42419550 clocks.
	Have 6 results, spent 37892294 clocks.
num_cipher:	87
	Total vars:	162176
	Total clauses:	464208
	Test == masterkey, spend 44609167 clocks.
	Have 6 results, spent 38902477 clocks.
num_cipher:	88
	Total vars:	164032
	Total clauses:	469520
	Test == masterkey, spend 45166405 clocks.
	Have 6 results, spent 34969880 clocks.
num_cipher:	89
	Total vars:	165888
	Total clauses:	474832
	Test == masterkey, spend 38066736 clocks.
	Have 6 results, spent 37041257 clocks.
num_cipher:	90
	Total vars:	167744
	Total clauses:	480144
	Test == masterkey, spend 40233876 clocks.
	Have 6 results, spent 35999371 clocks.
num_cipher:	91
	Total vars:	169600
	Total clauses:	485456
	Test == masterkey, spend 25788878 clocks.
	Have 6 results, spent 39053583 clocks.
num_cipher:	92
	Total vars:	171456
	Total clauses:	490768
	Test == masterkey, spend 38841567 clocks.
	Have 6 results, spent 41023476 clocks.
num_cipher:	93
	Total vars:	173312
	Total clauses:	496080
	Test == masterkey, spend 40315711 clocks.
	Have 6 results, spent 40893646 clocks.
num_cipher:	94
	Total vars:	175168
	Total clauses:	501392
	Test == masterkey, spend 34399922 clocks.
	Have 6 results, spent 42322157 clocks.
num_cipher:	95
	Total vars:	177024
	Total clauses:	506704
	Test == masterkey, spend 39180820 clocks.
	Have 6 results, spent 36387419 clocks.
num_cipher:	96
	Total vars:	178880
	Total clauses:	512016
	Test == masterkey, spend 38193155 clocks.
	Have 6 results, spent 44642330 clocks.
num_cipher:	97
	Total vars:	180736
	Total clauses:	517328
	Test == masterkey, spend 39497857 clocks.
	Have 6 results, spent 41001997 clocks.
num_cipher:	98
	Total vars:	182592
	Total clauses:	522640
	Test == masterkey, spend 45759089 clocks.
	Have 6 results, spent 35902160 clocks.
num_cipher:	99
	Total vars:	184448
	Total clauses:	527952
	Test == masterkey, spend 43641651 clocks.
	Have 6 results, spent 38810130 clocks.
num_cipher:	100
	Total vars:	186304
	Total clauses:	533264
	Test == masterkey, spend 41559277 clocks.
	Have 6 results, spent 47582370 clocks.
num_cipher:	101
	Total vars:	188160
	Total clauses:	538576
	Test == masterkey, spend 42207496 clocks.
	Have 6 results, spent 39916309 clocks.
num_cipher:	102
	Total vars:	190016
	Total clauses:	543888
	Test == masterkey, spend 38492631 clocks.
	Have 6 results, spent 38475197 clocks.
num_cipher:	103
	Total vars:	191872
	Total clauses:	549200
	Test == masterkey, spend 45606288 clocks.
	Have 6 results, spent 43884848 clocks.
num_cipher:	104
	Total vars:	193728
	Total clauses:	554512
	Test == masterkey, spend 41238189 clocks.
	Have 6 results, spent 45416855 clocks.
num_cipher:	105
	Total vars:	195584
	Total clauses:	559824
	Test == masterkey, spend 44341371 clocks.
	Have 6 results, spent 42263575 clocks.
num_cipher:	106
	Total vars:	197440
	Total clauses:	565136
	Test == masterkey, spend 40642350 clocks.
	Have 6 results, spent 43863948 clocks.
num_cipher:	107
	Total vars:	199296
	Total clauses:	570448
	Test == masterkey, spend 45049035 clocks.
	Have 6 results, spent 40166437 clocks.
num_cipher:	108
	Total vars:	201152
	Total clauses:	575760
	Test == masterkey, spend 43209971 clocks.
	Have 6 results, spent 41163426 clocks.
num_cipher:	109
	Total vars:	203008
	Total clauses:	581072
	Test == masterkey, spend 45056705 clocks.
	Have 6 results, spent 43803586 clocks.
num_cipher:	110
	Total vars:	204864
	Total clauses:	586384
	Test == masterkey, spend 47313123 clocks.
	Have 6 results, spent 54661870 clocks.
num_cipher:	111
	Total vars:	206720
	Total clauses:	591696
	Test == masterkey, spend 42475704 clocks.
	Have 6 results, spent 48231139 clocks.
num_cipher:	112
	Total vars:	208576
	Total clauses:	597008
	Test == masterkey, spend 43951774 clocks.
	Have 6 results, spent 41790822 clocks.
num_cipher:	113
	Total vars:	210432
	Total clauses:	602320
	Test == masterkey, spend 38893168 clocks.
	Have 6 results, spent 46489604 clocks.
num_cipher:	114
	Total vars:	212288
	Total clauses:	607632
	Test == masterkey, spend 43585878 clocks.
	Have 6 results, spent 42834075 clocks.
num_cipher:	115
	Total vars:	214144
	Total clauses:	612944
	Test == masterkey, spend 47336806 clocks.
	Have 6 results, spent 42959051 clocks.
num_cipher:	116
	Total vars:	216000
	Total clauses:	618256
	Test == masterkey, spend 39008831 clocks.
	Have 6 results, spent 49227817 clocks.
num_cipher:	117
	Total vars:	217856
	Total clauses:	623568
	Test == masterkey, spend 45879476 clocks.
	Have 6 results, spent 57896345 clocks.
num_cipher:	118
	Total vars:	219712
	Total clauses:	628880
	Test == masterkey, spend 47388963 clocks.
	Have 6 results, spent 44484960 clocks.
num_cipher:	119
	Total vars:	221568
	Total clauses:	634192
	Test == masterkey, spend 40687600 clocks.
	Have 6 results, spent 48458288 clocks.
num_cipher:	120
	Total vars:	223424
	Total clauses:	639504
	Test == masterkey, spend 44266316 clocks.
	Have 6 results, spent 53229542 clocks.
num_cipher:	121
	Total vars:	225280
	Total clauses:	644816
	Test == masterkey, spend 43108834 clocks.
	Have 6 results, spent 48232438 clocks.
num_cipher:	122
	Total vars:	227136
	Total clauses:	650128
	Test == masterkey, spend 47843314 clocks.
	Have 6 results, spent 49032161 clocks.
num_cipher:	123
	Total vars:	228992
	Total clauses:	655440
	Test == masterkey, spend 38504483 clocks.
	Have 6 results, spent 48004909 clocks.
num_cipher:	124
	Total vars:	230848
	Total clauses:	660752
	Test == masterkey, spend 43969703 clocks.
	Have 6 results, spent 51046812 clocks.
num_cipher:	125
	Total vars:	232704
	Total clauses:	666064
	Test == masterkey, spend 46132646 clocks.
	Have 6 results, spent 51782595 clocks.
num_cipher:	126
	Total vars:	234560
	Total clauses:	671376
	Test == masterkey, spend 45424214 clocks.
	Have 6 results, spent 54232808 clocks.
num_cipher:	127
	Total vars:	236416
	Total clauses:	676688
	Test == masterkey, spend 44438098 clocks.
	Have 6 results, spent 50853400 clocks.
num_cipher:	128
	Total vars:	238272
	Total clauses:	682000
	Test == masterkey, spend 46254260 clocks.
	Have 6 results, spent 46237465 clocks.
---------------------------------------------------------------------------------------------------
	Command being timed: "./bin/present128NSNK 1 10 45 128"
	User time (seconds): 5980.71
	System time (seconds): 6.24
	Percent of CPU this job got: 99%
	Elapsed (wall clock) time (h:mm:ss or m:ss): 1:39:47
	Average shared text size (kbytes): 0
	Average unshared data size (kbytes): 0
	Average stack size (kbytes): 0
	Average total size (kbytes): 0
	Maximum resident set size (kbytes): 384656
	Average resident set size (kbytes): 0
	Major (requiring I/O) page faults: 0
	Minor (reclaiming a frame) page faults: 267506
	Voluntary context switches: 2
	Involuntary context switches: 6917
	Swaps: 0
	File system inputs: 0
	File system outputs: 1144
	Socket messages sent: 0
	Socket messages received: 0
	Signals delivered: 0
	Page size (bytes): 4096
	Exit status: 0
