sbox:	1100 0101 0110 1011 1001 0000 1010 1101 0011 1110 1111 1000 0100 0111 0001 0010 
8 = (3+1+5')(1'+0+7'+5)(3'+1+0+7')(1+0'+7'+5)(1'+7+5'+4')(0+6'+5+4')(3'+7'+6+5')(2+7+5+4)(2'+7'+5'+4')(2+1'+0'+7)(3'+2'+0'+5)(0+7+6+4)(3'+1'+6'+4)(3+1'+0'+4)(2'+6'+5'+4)(1+7+6+5+4')(3+1'+6+5)(3'+2+7+6')(3+2'+7+6')(2+0+7'+6)(2+0'+7'+6'+4')(2+6+5+4')(1+0'+6+5')(2'+0+5'+4')(3+7'+6'+5')(2'+7'+5+4)
e_sbox:	1101 0101 0110 1011 1001 0000 1010 1101 0011 1110 1111 1000 0100 0111 0001 0010 
8 = (3'+1+5+4')(3+1+0+4)(3+2+1'+5)(1'+0+7'+5)(3+1+0'+7')(3'+2'+0+5')(2'+7'+5'+4')(2'+6'+5'+4)(2+6+5'+4)(2'+1'+5+4)(3'+2+1'+7)(3'+1+0'+6)(3'+1'+0'+4')(3+2'+7+4')(0'+7+6'+4)(3+7+6+5')(3'+2+1+0+6')(2+0+7'+6)(0+7+6'+4')(1'+7'+6'+4)(2+0'+6'+5'+4')(2'+0'+7'+6)(3+6'+5'+4')(7'+6'+5+4)(0+6+5+4)(2+7+6+5)(2'+0+7'+6')
Max time :	3600
PRESENT_MODE:	128
SAT_MODE:	2
	SBOX_MODE:	102
	KSR_HAVEERROR:	1
	ENCYPT_HAVEERROR:	1
AnalysesRounds:	11
MinCiphers:	25
MaxCiphers:	60
Threads:	1
Master_key:	11110000011110000110010100011000011001010111010110011011001111101001110110000010100011010111010011101001001010011100000110100111
---------------------------------------------------------------------------------------------------
num_cipher:	25
	Total vars:	51904
	Total clauses:	149264
	Test == masterkey, spend 4209230 clocks.
	Not solved within3600 seconds, Have 0 results.
num_cipher:	26
	Total vars:	53952
	Total clauses:	155152
	Test == masterkey, spend 4423184 clocks.
	Not solved within3600 seconds, Have 0 results.
num_cipher:	27
	Total vars:	56000
	Total clauses:	161040
	Test == masterkey, spend 5496433 clocks.
	Not solved within3600 seconds, Have 0 results.
num_cipher:	28
	Total vars:	58048
	Total clauses:	166928
	Test == masterkey, spend 4199135 clocks.
	Not solved within3600 seconds, Have 0 results.
num_cipher:	29
	Total vars:	60096
	Total clauses:	172816
	Test == masterkey, spend 5243374 clocks.
	Not solved within3600 seconds, Have 0 results.
num_cipher:	30
	Total vars:	62144
	Total clauses:	178704
	Test == masterkey, spend 5621337 clocks.
	Not solved within3600 seconds, Have 0 results.
num_cipher:	31
	Total vars:	64192
	Total clauses:	184592
	Test == masterkey, spend 4901829 clocks.
	Not solved within3600 seconds, Have 0 results.
num_cipher:	32
	Total vars:	66240
	Total clauses:	190480
	Test == masterkey, spend 6570669 clocks.
	Not solved within3600 seconds, Have 0 results.
num_cipher:	33
	Total vars:	68288
	Total clauses:	196368
	Test == masterkey, spend 9254577 clocks.
	Not solved within3600 seconds, Have 0 results.
num_cipher:	34
	Total vars:	70336
	Total clauses:	202256
	Test == masterkey, spend 7361086 clocks.
解得主密钥:  4	11110000011110000110010100011000011001010111010110011011001111101001110110000010100011010111010011101001001010011100000110100111
	Have 48 results, spent 1802699512 clocks.
num_cipher:	35
	Total vars:	72384
	Total clauses:	208144
	Test == masterkey, spend 7660417 clocks.
解得主密钥:  11	11110000011110000110010100011000011001010111010110011011001111101001110110000010100011010111010011101001001010011100000110100111
	Have 48 results, spent 1326615999 clocks.
num_cipher:	36
	Total vars:	74432
	Total clauses:	214032
	Test == masterkey, spend 8902425 clocks.
解得主密钥:  29	11110000011110000110010100011000011001010111010110011011001111101001110110000010100011010111010011101001001010011100000110100111
	Have 48 results, spent 319177259 clocks.
num_cipher:	37
	Total vars:	76480
	Total clauses:	219920
	Test == masterkey, spend 8273438 clocks.
解得主密钥:  11	11110000011110000110010100011000011001010111010110011011001111101001110110000010100011010111010011101001001010011100000110100111
	Have 48 results, spent 181068910 clocks.
num_cipher:	38
	Total vars:	78528
	Total clauses:	225808
	Test == masterkey, spend 11299931 clocks.
解得主密钥:  36	11110000011110000110010100011000011001010111010110011011001111101001110110000010100011010111010011101001001010011100000110100111
	Have 48 results, spent 181093600 clocks.
num_cipher:	39
	Total vars:	80576
	Total clauses:	231696
	Test == masterkey, spend 12468581 clocks.
解得主密钥:  41	11110000011110000110010100011000011001010111010110011011001111101001110110000010100011010111010011101001001010011100000110100111
	Have 48 results, spent 110814702 clocks.
num_cipher:	40
	Total vars:	82624
	Total clauses:	237584
	Test == masterkey, spend 11626748 clocks.
解得主密钥:  20	11110000011110000110010100011000011001010111010110011011001111101001110110000010100011010111010011101001001010011100000110100111
	Have 48 results, spent 94445943 clocks.
num_cipher:	41
	Total vars:	84672
	Total clauses:	243472
	Test == masterkey, spend 11871130 clocks.
解得主密钥:  14	11110000011110000110010100011000011001010111010110011011001111101001110110000010100011010111010011101001001010011100000110100111
	Have 48 results, spent 50505825 clocks.
num_cipher:	42
	Total vars:	86720
	Total clauses:	249360
	Test == masterkey, spend 13419440 clocks.
解得主密钥:  38	11110000011110000110010100011000011001010111010110011011001111101001110110000010100011010111010011101001001010011100000110100111
	Have 48 results, spent 50733502 clocks.
num_cipher:	43
	Total vars:	88768
	Total clauses:	255248
	Test == masterkey, spend 12468823 clocks.
解得主密钥:  17	11110000011110000110010100011000011001010111010110011011001111101001110110000010100011010111010011101001001010011100000110100111
	Have 48 results, spent 46970326 clocks.
num_cipher:	44
	Total vars:	90816
	Total clauses:	261136
	Test == masterkey, spend 10648609 clocks.
解得主密钥:  15	11110000011110000110010100011000011001010111010110011011001111101001110110000010100011010111010011101001001010011100000110100111
	Have 48 results, spent 31381022 clocks.
num_cipher:	45
	Total vars:	92864
	Total clauses:	267024
	Test == masterkey, spend 12978682 clocks.
解得主密钥:  24	11110000011110000110010100011000011001010111010110011011001111101001110110000010100011010111010011101001001010011100000110100111
	Have 48 results, spent 30656979 clocks.
num_cipher:	46
	Total vars:	94912
	Total clauses:	272912
	Test == masterkey, spend 14899544 clocks.
解得主密钥:  25	11110000011110000110010100011000011001010111010110011011001111101001110110000010100011010111010011101001001010011100000110100111
	Have 48 results, spent 35178734 clocks.
num_cipher:	47
	Total vars:	96960
	Total clauses:	278800
	Test == masterkey, spend 13829574 clocks.
解得主密钥:  38	11110000011110000110010100011000011001010111010110011011001111101001110110000010100011010111010011101001001010011100000110100111
	Have 48 results, spent 35776063 clocks.
num_cipher:	48
	Total vars:	99008
	Total clauses:	284688
	Test == masterkey, spend 14757595 clocks.
解得主密钥:  18	11110000011110000110010100011000011001010111010110011011001111101001110110000010100011010111010011101001001010011100000110100111
	Have 48 results, spent 35715273 clocks.
num_cipher:	49
	Total vars:	101056
	Total clauses:	290576
	Test == masterkey, spend 15199567 clocks.
解得主密钥:  37	11110000011110000110010100011000011001010111010110011011001111101001110110000010100011010111010011101001001010011100000110100111
	Have 48 results, spent 36148889 clocks.
num_cipher:	50
	Total vars:	103104
	Total clauses:	296464
	Test == masterkey, spend 16001618 clocks.
解得主密钥:  44	11110000011110000110010100011000011001010111010110011011001111101001110110000010100011010111010011101001001010011100000110100111
	Have 48 results, spent 35946047 clocks.
num_cipher:	51
	Total vars:	105152
	Total clauses:	302352
	Test == masterkey, spend 14721327 clocks.
解得主密钥:  2	11110000011110000110010100011000011001010111010110011011001111101001110110000010100011010111010011101001001010011100000110100111
	Have 48 results, spent 34032331 clocks.
num_cipher:	52
	Total vars:	107200
	Total clauses:	308240
	Test == masterkey, spend 14067241 clocks.
解得主密钥:  14	11110000011110000110010100011000011001010111010110011011001111101001110110000010100011010111010011101001001010011100000110100111
	Have 48 results, spent 37194180 clocks.
num_cipher:	53
	Total vars:	109248
	Total clauses:	314128
	Test == masterkey, spend 15411261 clocks.
解得主密钥:  44	11110000011110000110010100011000011001010111010110011011001111101001110110000010100011010111010011101001001010011100000110100111
	Have 48 results, spent 42537171 clocks.
num_cipher:	54
	Total vars:	111296
	Total clauses:	320016
	Test == masterkey, spend 15725202 clocks.
解得主密钥:  38	11110000011110000110010100011000011001010111010110011011001111101001110110000010100011010111010011101001001010011100000110100111
	Have 48 results, spent 39692088 clocks.
num_cipher:	55
	Total vars:	113344
	Total clauses:	325904
	Test == masterkey, spend 17791200 clocks.
解得主密钥:  9	11110000011110000110010100011000011001010111010110011011001111101001110110000010100011010111010011101001001010011100000110100111
	Have 48 results, spent 39692364 clocks.
num_cipher:	56
	Total vars:	115392
	Total clauses:	331792
	Test == masterkey, spend 18855622 clocks.
解得主密钥:  7	11110000011110000110010100011000011001010111010110011011001111101001110110000010100011010111010011101001001010011100000110100111
	Have 48 results, spent 45213353 clocks.
num_cipher:	57
	Total vars:	117440
	Total clauses:	337680
	Test == masterkey, spend 19611997 clocks.
解得主密钥:  7	11110000011110000110010100011000011001010111010110011011001111101001110110000010100011010111010011101001001010011100000110100111
	Have 48 results, spent 42207275 clocks.
num_cipher:	58
	Total vars:	119488
	Total clauses:	343568
	Test == masterkey, spend 19704759 clocks.
解得主密钥:  39	11110000011110000110010100011000011001010111010110011011001111101001110110000010100011010111010011101001001010011100000110100111
	Have 48 results, spent 41361052 clocks.
num_cipher:	59
	Total vars:	121536
	Total clauses:	349456
	Test == masterkey, spend 26124269 clocks.
解得主密钥:  26	11110000011110000110010100011000011001010111010110011011001111101001110110000010100011010111010011101001001010011100000110100111
	Have 48 results, spent 41985537 clocks.
num_cipher:	60
	Total vars:	123584
	Total clauses:	355344
	Test == masterkey, spend 21742711 clocks.
解得主密钥:  47	11110000011110000110010100011000011001010111010110011011001111101001110110000010100011010111010011101001001010011100000110100111
	Have 48 results, spent 38944878 clocks.
---------------------------------------------------------------------------------------------------
	Command being timed: "./bin/present128NSNK 1 11 25 60"
	User time (seconds): 37666.10
	System time (seconds): 42.52
	Percent of CPU this job got: 99%
	Elapsed (wall clock) time (h:mm:ss or m:ss): 10:29:58
	Average shared text size (kbytes): 0
	Average unshared data size (kbytes): 0
	Average stack size (kbytes): 0
	Average total size (kbytes): 0
	Maximum resident set size (kbytes): 207888
	Average resident set size (kbytes): 0
	Major (requiring I/O) page faults: 0
	Minor (reclaiming a frame) page faults: 1910177
	Voluntary context switches: 0
	Involuntary context switches: 65921
	Swaps: 0
	File system inputs: 0
	File system outputs: 592
	Socket messages sent: 0
	Socket messages received: 0
	Signals delivered: 0
	Page size (bytes): 4096
	Exit status: 0
