sbox:	1100 0101 0110 1011 1001 0000 1010 1101 0011 1110 1111 1000 0100 0111 0001 0010 
8 = (3+1+5')(1'+0+7'+5)(3'+1+0+7')(1+0'+7'+5)(1'+7+5'+4')(0+6'+5+4')(3'+7'+6+5')(2+7+5+4)(2'+7'+5'+4')(2+1'+0'+7)(3'+2'+0'+5)(0+7+6+4)(3'+1'+6'+4)(3+1'+0'+4)(2'+6'+5'+4)(1+7+6+5+4')(3+1'+6+5)(3'+2+7+6')(3+2'+7+6')(2+0+7'+6)(2+0'+7'+6'+4')(2+6+5+4')(1+0'+6+5')(2'+0+5'+4')(3+7'+6'+5')(2'+7'+5+4)
e_sbox:	1101 0101 0110 1011 1001 0000 1010 1101 0011 1110 1111 1000 0100 0111 0001 0010 
8 = (3'+1+5+4')(3+1+0+4)(3+2+1'+5)(1'+0+7'+5)(3+1+0'+7')(3'+2'+0+5')(2'+7'+5'+4')(2'+6'+5'+4)(2+6+5'+4)(2'+1'+5+4)(3'+2+1'+7)(3'+1+0'+6)(3'+1'+0'+4')(3+2'+7+4')(0'+7+6'+4)(3+7+6+5')(3'+2+1+0+6')(2+0+7'+6)(0+7+6'+4')(1'+7'+6'+4)(2+0'+6'+5'+4')(2'+0'+7'+6)(3+6'+5'+4')(7'+6'+5+4)(0+6+5+4)(2+7+6+5)(2'+0+7'+6')
Max time :	3600
PRESENT_MODE:	128
SAT_MODE:	2
	SBOX_MODE:	102
	KSR_HAVEERROR:	1
	ENCYPT_HAVEERROR:	1
AnalysesRounds:	12
MinCiphers:	25
MaxCiphers:	60
Threads:	1
Master_key:	01111010011100000101010101010001001100010110010101011100101101110101010010010101111110100010101011111000110111000001011101111111
---------------------------------------------------------------------------------------------------
num_cipher:	25
	Total vars:	56704
	Total clauses:	163664
	Test == masterkey, spend 5808187 clocks.
	Not solved within3600 seconds, Have 0 results.
num_cipher:	26
	Total vars:	58944
	Total clauses:	170128
	Test == masterkey, spend 5802538 clocks.
	Not solved within3600 seconds, Have 0 results.
num_cipher:	27
	Total vars:	61184
	Total clauses:	176592
	Test == masterkey, spend 5669561 clocks.
	Not solved within3600 seconds, Have 0 results.
num_cipher:	28
	Total vars:	63424
	Total clauses:	183056
	Test == masterkey, spend 6019947 clocks.
	Not solved within3600 seconds, Have 0 results.
num_cipher:	29
	Total vars:	65664
	Total clauses:	189520
	Test == masterkey, spend 6744727 clocks.
	Not solved within3600 seconds, Have 0 results.
num_cipher:	30
	Total vars:	67904
	Total clauses:	195984
	Test == masterkey, spend 7498053 clocks.
	Not solved within3600 seconds, Have 0 results.
num_cipher:	31
	Total vars:	70144
	Total clauses:	202448
	Test == masterkey, spend 8323339 clocks.
	Not solved within3600 seconds, Have 0 results.
num_cipher:	32
	Total vars:	72384
	Total clauses:	208912
	Test == masterkey, spend 7541675 clocks.
	Not solved within3600 seconds, Have 0 results.
num_cipher:	33
	Total vars:	74624
	Total clauses:	215376
	Test == masterkey, spend 8652453 clocks.
解得主密钥:  5	01111010011100000101010101010001001100010110010101011100101101110101010010010101111110100010101011111000110111000001011101111111
	Have 24 results, spent 1186548996 clocks.
num_cipher:	34
	Total vars:	76864
	Total clauses:	221840
	Test == masterkey, spend 6815920 clocks.
解得主密钥:  9	01111010011100000101010101010001001100010110010101011100101101110101010010010101111110100010101011111000110111000001011101111111
	Have 24 results, spent 456645082 clocks.
num_cipher:	35
	Total vars:	79104
	Total clauses:	228304
	Test == masterkey, spend 9094988 clocks.
解得主密钥:  3	01111010011100000101010101010001001100010110010101011100101101110101010010010101111110100010101011111000110111000001011101111111
	Have 24 results, spent 173281638 clocks.
num_cipher:	36
	Total vars:	81344
	Total clauses:	234768
	Test == masterkey, spend 7196928 clocks.
解得主密钥:  14	01111010011100000101010101010001001100010110010101011100101101110101010010010101111110100010101011111000110111000001011101111111
	Have 24 results, spent 106708847 clocks.
num_cipher:	37
	Total vars:	83584
	Total clauses:	241232
	Test == masterkey, spend 7830492 clocks.
解得主密钥:  2	01111010011100000101010101010001001100010110010101011100101101110101010010010101111110100010101011111000110111000001011101111111
	Have 24 results, spent 86131123 clocks.
num_cipher:	38
	Total vars:	85824
	Total clauses:	247696
	Test == masterkey, spend 9135872 clocks.
解得主密钥:  18	01111010011100000101010101010001001100010110010101011100101101110101010010010101111110100010101011111000110111000001011101111111
	Have 24 results, spent 59126011 clocks.
num_cipher:	39
	Total vars:	88064
	Total clauses:	254160
	Test == masterkey, spend 9859888 clocks.
解得主密钥:  8	01111010011100000101010101010001001100010110010101011100101101110101010010010101111110100010101011111000110111000001011101111111
	Have 24 results, spent 73992391 clocks.
num_cipher:	40
	Total vars:	90304
	Total clauses:	260624
	Test == masterkey, spend 9283157 clocks.
解得主密钥:  24	01111010011100000101010101010001001100010110010101011100101101110101010010010101111110100010101011111000110111000001011101111111
	Have 24 results, spent 31525748 clocks.
num_cipher:	41
	Total vars:	92544
	Total clauses:	267088
	Test == masterkey, spend 9165857 clocks.
解得主密钥:  22	01111010011100000101010101010001001100010110010101011100101101110101010010010101111110100010101011111000110111000001011101111111
	Have 24 results, spent 29090883 clocks.
num_cipher:	42
	Total vars:	94784
	Total clauses:	273552
	Test == masterkey, spend 10068682 clocks.
解得主密钥:  23	01111010011100000101010101010001001100010110010101011100101101110101010010010101111110100010101011111000110111000001011101111111
	Have 24 results, spent 30657416 clocks.
num_cipher:	43
	Total vars:	97024
	Total clauses:	280016
	Test == masterkey, spend 11861105 clocks.
解得主密钥:  24	01111010011100000101010101010001001100010110010101011100101101110101010010010101111110100010101011111000110111000001011101111111
	Have 24 results, spent 30118481 clocks.
num_cipher:	44
	Total vars:	99264
	Total clauses:	286480
	Test == masterkey, spend 9442431 clocks.
解得主密钥:  16	01111010011100000101010101010001001100010110010101011100101101110101010010010101111110100010101011111000110111000001011101111111
	Have 24 results, spent 28227647 clocks.
num_cipher:	45
	Total vars:	101504
	Total clauses:	292944
	Test == masterkey, spend 11057704 clocks.
解得主密钥:  20	01111010011100000101010101010001001100010110010101011100101101110101010010010101111110100010101011111000110111000001011101111111
	Have 24 results, spent 30793812 clocks.
num_cipher:	46
	Total vars:	103744
	Total clauses:	299408
	Test == masterkey, spend 12426707 clocks.
解得主密钥:  24	01111010011100000101010101010001001100010110010101011100101101110101010010010101111110100010101011111000110111000001011101111111
	Have 24 results, spent 27972209 clocks.
num_cipher:	47
	Total vars:	105984
	Total clauses:	305872
	Test == masterkey, spend 11994556 clocks.
解得主密钥:  14	01111010011100000101010101010001001100010110010101011100101101110101010010010101111110100010101011111000110111000001011101111111
	Have 24 results, spent 26138213 clocks.
num_cipher:	48
	Total vars:	108224
	Total clauses:	312336
	Test == masterkey, spend 11195276 clocks.
解得主密钥:  16	01111010011100000101010101010001001100010110010101011100101101110101010010010101111110100010101011111000110111000001011101111111
	Have 24 results, spent 25136011 clocks.
num_cipher:	49
	Total vars:	110464
	Total clauses:	318800
	Test == masterkey, spend 11654121 clocks.
解得主密钥:  3	01111010011100000101010101010001001100010110010101011100101101110101010010010101111110100010101011111000110111000001011101111111
	Have 24 results, spent 28738499 clocks.
num_cipher:	50
	Total vars:	112704
	Total clauses:	325264
	Test == masterkey, spend 14978384 clocks.
解得主密钥:  23	01111010011100000101010101010001001100010110010101011100101101110101010010010101111110100010101011111000110111000001011101111111
	Have 24 results, spent 24879968 clocks.
num_cipher:	51
	Total vars:	114944
	Total clauses:	331728
	Test == masterkey, spend 21293770 clocks.
解得主密钥:  24	01111010011100000101010101010001001100010110010101011100101101110101010010010101111110100010101011111000110111000001011101111111
	Have 24 results, spent 26464417 clocks.
num_cipher:	52
	Total vars:	117184
	Total clauses:	338192
	Test == masterkey, spend 16277639 clocks.
解得主密钥:  17	01111010011100000101010101010001001100010110010101011100101101110101010010010101111110100010101011111000110111000001011101111111
	Have 24 results, spent 24747504 clocks.
num_cipher:	53
	Total vars:	119424
	Total clauses:	344656
	Test == masterkey, spend 19906631 clocks.
解得主密钥:  4	01111010011100000101010101010001001100010110010101011100101101110101010010010101111110100010101011111000110111000001011101111111
	Have 24 results, spent 24525359 clocks.
num_cipher:	54
	Total vars:	121664
	Total clauses:	351120
	Test == masterkey, spend 16895157 clocks.
解得主密钥:  13	01111010011100000101010101010001001100010110010101011100101101110101010010010101111110100010101011111000110111000001011101111111
	Have 24 results, spent 25292179 clocks.
num_cipher:	55
	Total vars:	123904
	Total clauses:	357584
	Test == masterkey, spend 25928532 clocks.
解得主密钥:  5	01111010011100000101010101010001001100010110010101011100101101110101010010010101111110100010101011111000110111000001011101111111
	Have 24 results, spent 26156704 clocks.
num_cipher:	56
	Total vars:	126144
	Total clauses:	364048
	Test == masterkey, spend 17951700 clocks.
解得主密钥:  10	01111010011100000101010101010001001100010110010101011100101101110101010010010101111110100010101011111000110111000001011101111111
	Have 24 results, spent 27308431 clocks.
num_cipher:	57
	Total vars:	128384
	Total clauses:	370512
	Test == masterkey, spend 16996079 clocks.
解得主密钥:  23	01111010011100000101010101010001001100010110010101011100101101110101010010010101111110100010101011111000110111000001011101111111
	Have 24 results, spent 28647799 clocks.
num_cipher:	58
	Total vars:	130624
	Total clauses:	376976
	Test == masterkey, spend 18997865 clocks.
解得主密钥:  17	01111010011100000101010101010001001100010110010101011100101101110101010010010101111110100010101011111000110111000001011101111111
	Have 24 results, spent 27965469 clocks.
num_cipher:	59
	Total vars:	132864
	Total clauses:	383440
	Test == masterkey, spend 25795109 clocks.
解得主密钥:  18	01111010011100000101010101010001001100010110010101011100101101110101010010010101111110100010101011111000110111000001011101111111
	Have 24 results, spent 29365886 clocks.
num_cipher:	60
	Total vars:	135104
	Total clauses:	389904
	Test == masterkey, spend 18084070 clocks.
解得主密钥:  22	01111010011100000101010101010001001100010110010101011100101101110101010010010101111110100010101011111000110111000001011101111111
	Have 24 results, spent 32244745 clocks.
---------------------------------------------------------------------------------------------------
	Command being timed: "./bin/present128NSNK 1 12 25 60"
	User time (seconds): 31975.21
	System time (seconds): 72.04
	Percent of CPU this job got: 99%
	Elapsed (wall clock) time (h:mm:ss or m:ss): 8:54:11
	Average shared text size (kbytes): 0
	Average unshared data size (kbytes): 0
	Average stack size (kbytes): 0
	Average total size (kbytes): 0
	Maximum resident set size (kbytes): 214292
	Average resident set size (kbytes): 0
	Major (requiring I/O) page faults: 0
	Minor (reclaiming a frame) page faults: 3120642
	Voluntary context switches: 1
	Involuntary context switches: 75488
	Swaps: 0
	File system inputs: 0
	File system outputs: 616
	Socket messages sent: 0
	Socket messages received: 0
	Signals delivered: 0
	Page size (bytes): 4096
	Exit status: 0
