sbox:	1100 0101 0110 1011 1001 0000 1010 1101 0011 1110 1111 1000 0100 0111 0001 0010 
8 = (0+2+6')(2'+3+4'+6)(0'+2+3+4')(2+3'+4'+6)(2'+4+6'+7')(3+5'+6+7')(0'+4'+5+6')(1+4+6+7)(1'+4'+6'+7')(1+2'+3'+4)(0'+1'+3'+6)(3+4+5+7)(0'+2'+5'+7)(0+2'+3'+7)(1'+5'+6'+7)(2+4+5+6+7')(0+2'+5+6)(0'+1+4+5')(0+1'+4+5')(1+3+4'+5)(1+3'+4'+5'+7')(1+5+6+7')(2+3'+5+6')(1'+3+6'+7')(0+4'+5'+6')(1'+4'+6+7)
e_sbox:	1101 0101 0110 1011 1001 0000 1010 1101 0011 1110 1111 1000 0100 0111 0001 0010 
8 = (0'+2+6+7')(0+2+3+7)(0+1+2'+6)(2'+3+4'+6)(0+2+3'+4')(0'+1'+3+6')(1'+4'+6'+7')(1'+5'+6'+7)(1+5+6'+7)(1'+2'+6+7)(0'+1+2'+4)(0'+2+3'+5)(0'+2'+3'+7')(0+1'+4+7')(3'+4+5'+7)(0+4+5+6')(0'+1+2+3+5')(1+3+4'+5)(3+4+5'+7')(2'+4'+5'+7)(1+3'+5'+6'+7')(1'+3'+4'+5)(0+5'+6'+7')(4'+5'+6+7)(3+5+6+7)(1+4+5+6)(1'+3+4'+5')
PRESENT_MODE:	128
SAT_MODE:	2
	SBOX_MODE:	102
	KSR_HAVEERROR:	1
	ENCYPT_HAVEERROR:	1
AnalysesRounds:	5
MinCiphers:	45
MaxCiphers:	128
Threads:	1
Master_key:	00011010101001110111010111100001100011111011100110000101111100111110100011100101010110101101101111011111011111010011100110000010
---------------------------------------------------------------------------------------------------
num_cipher:	45
	Total vars:	41024
	Total clauses:	111504
	Test == masterkey, spend 1958092 clocks.
	Have 77 results, spent 5846992 clocks.
num_cipher:	46
	Total vars:	41920
	Total clauses:	113936
	Test == masterkey, spend 1983830 clocks.
	Have 77 results, spent 6013277 clocks.
num_cipher:	47
	Total vars:	42816
	Total clauses:	116368
	Test == masterkey, spend 1972498 clocks.
	Have 77 results, spent 4765064 clocks.
num_cipher:	48
	Total vars:	43712
	Total clauses:	118800
	Test == masterkey, spend 1981103 clocks.
	Have 77 results, spent 3760515 clocks.
num_cipher:	49
	Total vars:	44608
	Total clauses:	121232
	Test == masterkey, spend 2128413 clocks.
	Have 77 results, spent 4243812 clocks.
num_cipher:	50
	Total vars:	45504
	Total clauses:	123664
	Test == masterkey, spend 2065179 clocks.
	Have 77 results, spent 3754547 clocks.
num_cipher:	51
	Total vars:	46400
	Total clauses:	126096
	Test == masterkey, spend 2057102 clocks.
	Have 77 results, spent 3853627 clocks.
num_cipher:	52
	Total vars:	47296
	Total clauses:	128528
	Test == masterkey, spend 2487322 clocks.
	Have 77 results, spent 6891771 clocks.
num_cipher:	53
	Total vars:	48192
	Total clauses:	130960
	Test == masterkey, spend 2229275 clocks.
	Have 77 results, spent 4289755 clocks.
num_cipher:	54
	Total vars:	49088
	Total clauses:	133392
	Test == masterkey, spend 2693260 clocks.
	Have 77 results, spent 3958520 clocks.
num_cipher:	55
	Total vars:	49984
	Total clauses:	135824
	Test == masterkey, spend 2891867 clocks.
	Have 77 results, spent 4470600 clocks.
num_cipher:	56
	Total vars:	50880
	Total clauses:	138256
	Test == masterkey, spend 3202258 clocks.
	Have 77 results, spent 5040511 clocks.
num_cipher:	57
	Total vars:	51776
	Total clauses:	140688
	Test == masterkey, spend 3245920 clocks.
	Have 77 results, spent 5785982 clocks.
num_cipher:	58
	Total vars:	52672
	Total clauses:	143120
	Test == masterkey, spend 3458775 clocks.
	Have 77 results, spent 4977307 clocks.
num_cipher:	59
	Total vars:	53568
	Total clauses:	145552
	Test == masterkey, spend 3259631 clocks.
	Have 77 results, spent 5204178 clocks.
num_cipher:	60
	Total vars:	54464
	Total clauses:	147984
	Test == masterkey, spend 3488586 clocks.
	Have 77 results, spent 5379913 clocks.
num_cipher:	61
	Total vars:	55360
	Total clauses:	150416
	Test == masterkey, spend 3612537 clocks.
	Have 77 results, spent 5460999 clocks.
num_cipher:	62
	Total vars:	56256
	Total clauses:	152848
	Test == masterkey, spend 3838608 clocks.
	Have 77 results, spent 6119387 clocks.
num_cipher:	63
	Total vars:	57152
	Total clauses:	155280
	Test == masterkey, spend 3578036 clocks.
	Have 77 results, spent 6124414 clocks.
num_cipher:	64
	Total vars:	58048
	Total clauses:	157712
	Test == masterkey, spend 3848940 clocks.
	Have 77 results, spent 6336564 clocks.
num_cipher:	65
	Total vars:	58944
	Total clauses:	160144
	Test == masterkey, spend 3376337 clocks.
	Have 77 results, spent 6268936 clocks.
num_cipher:	66
	Total vars:	59840
	Total clauses:	162576
	Test == masterkey, spend 4331010 clocks.
	Have 77 results, spent 5524228 clocks.
num_cipher:	67
	Total vars:	60736
	Total clauses:	165008
	Test == masterkey, spend 4146831 clocks.
	Have 77 results, spent 6487016 clocks.
num_cipher:	68
	Total vars:	61632
	Total clauses:	167440
	Test == masterkey, spend 4280995 clocks.
	Have 77 results, spent 6511113 clocks.
num_cipher:	69
	Total vars:	62528
	Total clauses:	169872
	Test == masterkey, spend 4401132 clocks.
	Have 77 results, spent 6730047 clocks.
num_cipher:	70
	Total vars:	63424
	Total clauses:	172304
	Test == masterkey, spend 4917971 clocks.
	Have 77 results, spent 5128993 clocks.
num_cipher:	71
	Total vars:	64320
	Total clauses:	174736
	Test == masterkey, spend 5212651 clocks.
	Have 77 results, spent 6891962 clocks.
num_cipher:	72
	Total vars:	65216
	Total clauses:	177168
	Test == masterkey, spend 4708368 clocks.
	Have 77 results, spent 6688407 clocks.
num_cipher:	73
	Total vars:	66112
	Total clauses:	179600
	Test == masterkey, spend 4454836 clocks.
	Have 77 results, spent 7416927 clocks.
num_cipher:	74
	Total vars:	67008
	Total clauses:	182032
	Test == masterkey, spend 4251284 clocks.
	Have 77 results, spent 7297816 clocks.
num_cipher:	75
	Total vars:	67904
	Total clauses:	184464
	Test == masterkey, spend 5202399 clocks.
	Have 77 results, spent 6851125 clocks.
num_cipher:	76
	Total vars:	68800
	Total clauses:	186896
	Test == masterkey, spend 5763608 clocks.
	Have 77 results, spent 7188307 clocks.
num_cipher:	77
	Total vars:	69696
	Total clauses:	189328
	Test == masterkey, spend 5136867 clocks.
	Have 77 results, spent 7550605 clocks.
num_cipher:	78
	Total vars:	70592
	Total clauses:	191760
	Test == masterkey, spend 5125602 clocks.
	Have 77 results, spent 7359993 clocks.
num_cipher:	79
	Total vars:	71488
	Total clauses:	194192
	Test == masterkey, spend 6006524 clocks.
	Have 77 results, spent 8475088 clocks.
num_cipher:	80
	Total vars:	72384
	Total clauses:	196624
	Test == masterkey, spend 6537628 clocks.
	Have 77 results, spent 7768396 clocks.
num_cipher:	81
	Total vars:	73280
	Total clauses:	199056
	Test == masterkey, spend 6136063 clocks.
	Have 77 results, spent 7993255 clocks.
num_cipher:	82
	Total vars:	74176
	Total clauses:	201488
	Test == masterkey, spend 6605606 clocks.
	Have 77 results, spent 8467168 clocks.
num_cipher:	83
	Total vars:	75072
	Total clauses:	203920
	Test == masterkey, spend 6668347 clocks.
	Have 77 results, spent 10356809 clocks.
num_cipher:	84
	Total vars:	75968
	Total clauses:	206352
	Test == masterkey, spend 6502795 clocks.
	Have 77 results, spent 8526768 clocks.
num_cipher:	85
	Total vars:	76864
	Total clauses:	208784
	Test == masterkey, spend 6679555 clocks.
	Have 77 results, spent 8751901 clocks.
num_cipher:	86
	Total vars:	77760
	Total clauses:	211216
	Test == masterkey, spend 6388364 clocks.
	Have 77 results, spent 9453508 clocks.
num_cipher:	87
	Total vars:	78656
	Total clauses:	213648
	Test == masterkey, spend 6573254 clocks.
	Have 77 results, spent 9613227 clocks.
num_cipher:	88
	Total vars:	79552
	Total clauses:	216080
	Test == masterkey, spend 7373457 clocks.
	Have 77 results, spent 10975831 clocks.
num_cipher:	89
	Total vars:	80448
	Total clauses:	218512
	Test == masterkey, spend 6911509 clocks.
	Have 77 results, spent 10343885 clocks.
num_cipher:	90
	Total vars:	81344
	Total clauses:	220944
	Test == masterkey, spend 7954495 clocks.
	Have 77 results, spent 10425127 clocks.
num_cipher:	91
	Total vars:	82240
	Total clauses:	223376
	Test == masterkey, spend 7304513 clocks.
	Have 77 results, spent 10796971 clocks.
num_cipher:	92
	Total vars:	83136
	Total clauses:	225808
	Test == masterkey, spend 7483720 clocks.
	Have 77 results, spent 11842164 clocks.
num_cipher:	93
	Total vars:	84032
	Total clauses:	228240
	Test == masterkey, spend 7810254 clocks.
	Have 77 results, spent 11168206 clocks.
num_cipher:	94
	Total vars:	84928
	Total clauses:	230672
	Test == masterkey, spend 7968047 clocks.
	Have 77 results, spent 12358641 clocks.
num_cipher:	95
	Total vars:	85824
	Total clauses:	233104
	Test == masterkey, spend 8507689 clocks.
	Have 77 results, spent 10599160 clocks.
num_cipher:	96
	Total vars:	86720
	Total clauses:	235536
	Test == masterkey, spend 8376518 clocks.
	Have 77 results, spent 11900103 clocks.
num_cipher:	97
	Total vars:	87616
	Total clauses:	237968
	Test == masterkey, spend 9071048 clocks.
	Have 77 results, spent 13087889 clocks.
num_cipher:	98
	Total vars:	88512
	Total clauses:	240400
	Test == masterkey, spend 8277448 clocks.
	Have 77 results, spent 12907682 clocks.
num_cipher:	99
	Total vars:	89408
	Total clauses:	242832
	Test == masterkey, spend 9928219 clocks.
	Have 77 results, spent 12935742 clocks.
num_cipher:	100
	Total vars:	90304
	Total clauses:	245264
	Test == masterkey, spend 9845022 clocks.
	Have 77 results, spent 13607125 clocks.
num_cipher:	101
	Total vars:	91200
	Total clauses:	247696
	Test == masterkey, spend 9086978 clocks.
	Have 77 results, spent 14204676 clocks.
num_cipher:	102
	Total vars:	92096
	Total clauses:	250128
	Test == masterkey, spend 8665222 clocks.
	Have 77 results, spent 14366032 clocks.
num_cipher:	103
	Total vars:	92992
	Total clauses:	252560
	Test == masterkey, spend 9906273 clocks.
	Have 77 results, spent 13375632 clocks.
num_cipher:	104
	Total vars:	93888
	Total clauses:	254992
	Test == masterkey, spend 10605698 clocks.
	Have 77 results, spent 14729960 clocks.
num_cipher:	105
	Total vars:	94784
	Total clauses:	257424
	Test == masterkey, spend 10827588 clocks.
	Have 77 results, spent 13718417 clocks.
num_cipher:	106
	Total vars:	95680
	Total clauses:	259856
	Test == masterkey, spend 10830713 clocks.
	Have 77 results, spent 16038871 clocks.
num_cipher:	107
	Total vars:	96576
	Total clauses:	262288
	Test == masterkey, spend 10714340 clocks.
	Have 77 results, spent 15625140 clocks.
num_cipher:	108
	Total vars:	97472
	Total clauses:	264720
	Test == masterkey, spend 11887934 clocks.
	Have 77 results, spent 14514056 clocks.
num_cipher:	109
	Total vars:	98368
	Total clauses:	267152
	Test == masterkey, spend 11018527 clocks.
	Have 77 results, spent 15785592 clocks.
num_cipher:	110
	Total vars:	99264
	Total clauses:	269584
	Test == masterkey, spend 12245466 clocks.
	Have 77 results, spent 16030081 clocks.
num_cipher:	111
	Total vars:	100160
	Total clauses:	272016
	Test == masterkey, spend 10383314 clocks.
	Have 77 results, spent 16301432 clocks.
num_cipher:	112
	Total vars:	101056
	Total clauses:	274448
	Test == masterkey, spend 12387789 clocks.
	Have 77 results, spent 15776576 clocks.
num_cipher:	113
	Total vars:	101952
	Total clauses:	276880
	Test == masterkey, spend 12427675 clocks.
	Have 77 results, spent 16457289 clocks.
num_cipher:	114
	Total vars:	102848
	Total clauses:	279312
	Test == masterkey, spend 12136574 clocks.
	Have 77 results, spent 16007662 clocks.
num_cipher:	115
	Total vars:	103744
	Total clauses:	281744
	Test == masterkey, spend 12159918 clocks.
	Have 77 results, spent 18765091 clocks.
num_cipher:	116
	Total vars:	104640
	Total clauses:	284176
	Test == masterkey, spend 12643943 clocks.
	Have 77 results, spent 16621377 clocks.
num_cipher:	117
	Total vars:	105536
	Total clauses:	286608
	Test == masterkey, spend 13255517 clocks.
	Have 77 results, spent 17913255 clocks.
num_cipher:	118
	Total vars:	106432
	Total clauses:	289040
	Test == masterkey, spend 13424975 clocks.
	Have 77 results, spent 18704592 clocks.
num_cipher:	119
	Total vars:	107328
	Total clauses:	291472
	Test == masterkey, spend 12991951 clocks.
	Have 77 results, spent 16970659 clocks.
num_cipher:	120
	Total vars:	108224
	Total clauses:	293904
	Test == masterkey, spend 14154418 clocks.
	Have 77 results, spent 18548792 clocks.
num_cipher:	121
	Total vars:	109120
	Total clauses:	296336
	Test == masterkey, spend 18031277 clocks.
	Have 77 results, spent 16545532 clocks.
num_cipher:	122
	Total vars:	110016
	Total clauses:	298768
	Test == masterkey, spend 17816368 clocks.
	Have 77 results, spent 17342935 clocks.
num_cipher:	123
	Total vars:	110912
	Total clauses:	301200
	Test == masterkey, spend 18021422 clocks.
	Have 77 results, spent 18802307 clocks.
num_cipher:	124
	Total vars:	111808
	Total clauses:	303632
	Test == masterkey, spend 18908998 clocks.
	Have 77 results, spent 19345557 clocks.
num_cipher:	125
	Total vars:	112704
	Total clauses:	306064
	Test == masterkey, spend 18335424 clocks.
	Have 77 results, spent 19067005 clocks.
num_cipher:	126
	Total vars:	113600
	Total clauses:	308496
	Test == masterkey, spend 19390829 clocks.
	Have 77 results, spent 19991037 clocks.
num_cipher:	127
	Total vars:	114496
	Total clauses:	310928
	Test == masterkey, spend 14144502 clocks.
	Have 77 results, spent 20576185 clocks.
num_cipher:	128
	Total vars:	115392
	Total clauses:	313360
	Test == masterkey, spend 18630186 clocks.
	Have 77 results, spent 22164469 clocks.
---------------------------------------------------------------------------------------------------
	Command being timed: "./bin/present128NSNK 1 5 45 128"
	User time (seconds): 1654.90
	System time (seconds): 1.31
	Percent of CPU this job got: 99%
	Elapsed (wall clock) time (h:mm:ss or m:ss): 27:36.38
	Average shared text size (kbytes): 0
	Average unshared data size (kbytes): 0
	Average stack size (kbytes): 0
	Average total size (kbytes): 0
	Maximum resident set size (kbytes): 133408
	Average resident set size (kbytes): 0
	Major (requiring I/O) page faults: 0
	Minor (reclaiming a frame) page faults: 176741
	Voluntary context switches: 4
	Involuntary context switches: 1685
	Swaps: 0
	File system inputs: 0
	File system outputs: 1168
	Socket messages sent: 0
	Socket messages received: 0
	Signals delivered: 0
	Page size (bytes): 4096
	Exit status: 0
