sbox:	1100 0101 0110 1011 1001 0000 1010 1101 0011 1110 1111 1000 0100 0111 0001 0010 
8 = (0+2+6')(2'+3+4'+6)(0'+2+3+4')(2+3'+4'+6)(2'+4+6'+7')(3+5'+6+7')(0'+4'+5+6')(1+4+6+7)(1'+4'+6'+7')(1+2'+3'+4)(0'+1'+3'+6)(3+4+5+7)(0'+2'+5'+7)(0+2'+3'+7)(1'+5'+6'+7)(2+4+5+6+7')(0+2'+5+6)(0'+1+4+5')(0+1'+4+5')(1+3+4'+5)(1+3'+4'+5'+7')(1+5+6+7')(2+3'+5+6')(1'+3+6'+7')(0+4'+5'+6')(1'+4'+6+7)
e_sbox:	1101 0101 0110 1011 1001 0000 1010 1101 0011 1110 1111 1000 0100 0111 0001 0010 
8 = (0'+2+6+7')(0+2+3+7)(0+1+2'+6)(2'+3+4'+6)(0+2+3'+4')(0'+1'+3+6')(1'+4'+6'+7')(1'+5'+6'+7)(1+5+6'+7)(1'+2'+6+7)(0'+1+2'+4)(0'+2+3'+5)(0'+2'+3'+7')(0+1'+4+7')(3'+4+5'+7)(0+4+5+6')(0'+1+2+3+5')(1+3+4'+5)(3+4+5'+7')(2'+4'+5'+7)(1+3'+5'+6'+7')(1'+3'+4'+5)(0+5'+6'+7')(4'+5'+6+7)(3+5+6+7)(1+4+5+6)(1'+3+4'+5')
PRESENT_MODE:	128
SAT_MODE:	2
	SBOX_MODE:	102
	KSR_HAVEERROR:	1
	ENCYPT_HAVEERROR:	1
AnalysesRounds:	5
MinCiphers:	45
MaxCiphers:	128
Threads:	1
Master_key:	10110011100010010100101100010001110111111101011010101111001001100010001111001001100011011010111001110011101010111111000110111111
---------------------------------------------------------------------------------------------------
num_cipher:	45
	Total vars:	41024
	Total clauses:	111504
	Test == masterkey, spend 1296032 clocks.
	Have 576 results, spent 6771933 clocks.
num_cipher:	46
	Total vars:	41920
	Total clauses:	113936
	Test == masterkey, spend 1646733 clocks.
	Have 576 results, spent 7358047 clocks.
num_cipher:	47
	Total vars:	42816
	Total clauses:	116368
	Test == masterkey, spend 1606412 clocks.
	Have 576 results, spent 7676950 clocks.
num_cipher:	48
	Total vars:	43712
	Total clauses:	118800
	Test == masterkey, spend 1930534 clocks.
	Have 576 results, spent 6540415 clocks.
num_cipher:	49
	Total vars:	44608
	Total clauses:	121232
	Test == masterkey, spend 1765639 clocks.
	Have 576 results, spent 6425524 clocks.
num_cipher:	50
	Total vars:	45504
	Total clauses:	123664
	Test == masterkey, spend 1908136 clocks.
	Have 576 results, spent 6934628 clocks.
num_cipher:	51
	Total vars:	46400
	Total clauses:	126096
	Test == masterkey, spend 2007467 clocks.
	Have 576 results, spent 6403336 clocks.
num_cipher:	52
	Total vars:	47296
	Total clauses:	128528
	Test == masterkey, spend 1790345 clocks.
	Have 576 results, spent 6150714 clocks.
num_cipher:	53
	Total vars:	48192
	Total clauses:	130960
	Test == masterkey, spend 2066466 clocks.
	Have 576 results, spent 6523739 clocks.
num_cipher:	54
	Total vars:	49088
	Total clauses:	133392
	Test == masterkey, spend 1939514 clocks.
	Have 576 results, spent 6265170 clocks.
num_cipher:	55
	Total vars:	49984
	Total clauses:	135824
	Test == masterkey, spend 1973081 clocks.
	Have 576 results, spent 6191621 clocks.
num_cipher:	56
	Total vars:	50880
	Total clauses:	138256
	Test == masterkey, spend 2180899 clocks.
	Have 576 results, spent 7156757 clocks.
num_cipher:	57
	Total vars:	51776
	Total clauses:	140688
	Test == masterkey, spend 2618562 clocks.
	Have 576 results, spent 6760826 clocks.
num_cipher:	58
	Total vars:	52672
	Total clauses:	143120
	Test == masterkey, spend 2511591 clocks.
	Have 576 results, spent 6905123 clocks.
num_cipher:	59
	Total vars:	53568
	Total clauses:	145552
	Test == masterkey, spend 2812895 clocks.
	Have 576 results, spent 7778053 clocks.
num_cipher:	60
	Total vars:	54464
	Total clauses:	147984
	Test == masterkey, spend 3033776 clocks.
	Have 576 results, spent 7049449 clocks.
num_cipher:	61
	Total vars:	55360
	Total clauses:	150416
	Test == masterkey, spend 3149654 clocks.
	Have 576 results, spent 7720950 clocks.
num_cipher:	62
	Total vars:	56256
	Total clauses:	152848
	Test == masterkey, spend 3344714 clocks.
	Have 576 results, spent 8123814 clocks.
num_cipher:	63
	Total vars:	57152
	Total clauses:	155280
	Test == masterkey, spend 3225234 clocks.
	Have 576 results, spent 8367615 clocks.
num_cipher:	64
	Total vars:	58048
	Total clauses:	157712
	Test == masterkey, spend 3585878 clocks.
	Have 576 results, spent 8427793 clocks.
num_cipher:	65
	Total vars:	58944
	Total clauses:	160144
	Test == masterkey, spend 3831995 clocks.
	Have 576 results, spent 8769571 clocks.
num_cipher:	66
	Total vars:	59840
	Total clauses:	162576
	Test == masterkey, spend 3938784 clocks.
	Have 576 results, spent 8669365 clocks.
num_cipher:	67
	Total vars:	60736
	Total clauses:	165008
	Test == masterkey, spend 3767160 clocks.
	Have 576 results, spent 8852964 clocks.
num_cipher:	68
	Total vars:	61632
	Total clauses:	167440
	Test == masterkey, spend 4005988 clocks.
	Have 576 results, spent 9404638 clocks.
num_cipher:	69
	Total vars:	62528
	Total clauses:	169872
	Test == masterkey, spend 4580261 clocks.
	Have 576 results, spent 9138062 clocks.
num_cipher:	70
	Total vars:	63424
	Total clauses:	172304
	Test == masterkey, spend 4152065 clocks.
	Have 576 results, spent 9497339 clocks.
num_cipher:	71
	Total vars:	64320
	Total clauses:	174736
	Test == masterkey, spend 4750070 clocks.
	Have 576 results, spent 10413093 clocks.
num_cipher:	72
	Total vars:	65216
	Total clauses:	177168
	Test == masterkey, spend 4552332 clocks.
	Have 576 results, spent 9941653 clocks.
num_cipher:	73
	Total vars:	66112
	Total clauses:	179600
	Test == masterkey, spend 4752537 clocks.
	Have 576 results, spent 10327342 clocks.
num_cipher:	74
	Total vars:	67008
	Total clauses:	182032
	Test == masterkey, spend 4923664 clocks.
	Have 576 results, spent 11063445 clocks.
num_cipher:	75
	Total vars:	67904
	Total clauses:	184464
	Test == masterkey, spend 5044141 clocks.
	Have 576 results, spent 11072767 clocks.
num_cipher:	76
	Total vars:	68800
	Total clauses:	186896
	Test == masterkey, spend 5512388 clocks.
	Have 576 results, spent 11311572 clocks.
num_cipher:	77
	Total vars:	69696
	Total clauses:	189328
	Test == masterkey, spend 5585200 clocks.
	Have 576 results, spent 10350419 clocks.
num_cipher:	78
	Total vars:	70592
	Total clauses:	191760
	Test == masterkey, spend 5541449 clocks.
	Have 576 results, spent 12729868 clocks.
num_cipher:	79
	Total vars:	71488
	Total clauses:	194192
	Test == masterkey, spend 5786172 clocks.
	Have 576 results, spent 12449775 clocks.
num_cipher:	80
	Total vars:	72384
	Total clauses:	196624
	Test == masterkey, spend 5990420 clocks.
	Have 576 results, spent 12125994 clocks.
num_cipher:	81
	Total vars:	73280
	Total clauses:	199056
	Test == masterkey, spend 6012258 clocks.
	Have 576 results, spent 12142657 clocks.
num_cipher:	82
	Total vars:	74176
	Total clauses:	201488
	Test == masterkey, spend 5868677 clocks.
	Have 576 results, spent 13584053 clocks.
num_cipher:	83
	Total vars:	75072
	Total clauses:	203920
	Test == masterkey, spend 6530930 clocks.
	Have 576 results, spent 11837286 clocks.
num_cipher:	84
	Total vars:	75968
	Total clauses:	206352
	Test == masterkey, spend 6435141 clocks.
	Have 576 results, spent 13024284 clocks.
num_cipher:	85
	Total vars:	76864
	Total clauses:	208784
	Test == masterkey, spend 6624179 clocks.
	Have 576 results, spent 14904573 clocks.
num_cipher:	86
	Total vars:	77760
	Total clauses:	211216
	Test == masterkey, spend 6357368 clocks.
	Have 576 results, spent 14624663 clocks.
num_cipher:	87
	Total vars:	78656
	Total clauses:	213648
	Test == masterkey, spend 6639879 clocks.
	Have 576 results, spent 15180914 clocks.
num_cipher:	88
	Total vars:	79552
	Total clauses:	216080
	Test == masterkey, spend 6791303 clocks.
	Have 576 results, spent 14797480 clocks.
num_cipher:	89
	Total vars:	80448
	Total clauses:	218512
	Test == masterkey, spend 7419412 clocks.
	Have 576 results, spent 15243111 clocks.
num_cipher:	90
	Total vars:	81344
	Total clauses:	220944
	Test == masterkey, spend 7233226 clocks.
	Have 576 results, spent 15184799 clocks.
num_cipher:	91
	Total vars:	82240
	Total clauses:	223376
	Test == masterkey, spend 7039895 clocks.
	Have 576 results, spent 16529579 clocks.
num_cipher:	92
	Total vars:	83136
	Total clauses:	225808
	Test == masterkey, spend 7778262 clocks.
	Have 576 results, spent 16081185 clocks.
num_cipher:	93
	Total vars:	84032
	Total clauses:	228240
	Test == masterkey, spend 7910380 clocks.
	Have 576 results, spent 17936050 clocks.
num_cipher:	94
	Total vars:	84928
	Total clauses:	230672
	Test == masterkey, spend 8169605 clocks.
	Have 576 results, spent 16819621 clocks.
num_cipher:	95
	Total vars:	85824
	Total clauses:	233104
	Test == masterkey, spend 7936507 clocks.
	Have 576 results, spent 16587309 clocks.
num_cipher:	96
	Total vars:	86720
	Total clauses:	235536
	Test == masterkey, spend 8657690 clocks.
	Have 576 results, spent 16671205 clocks.
num_cipher:	97
	Total vars:	87616
	Total clauses:	237968
	Test == masterkey, spend 7249992 clocks.
	Have 576 results, spent 16955294 clocks.
num_cipher:	98
	Total vars:	88512
	Total clauses:	240400
	Test == masterkey, spend 8639865 clocks.
	Have 576 results, spent 17590778 clocks.
num_cipher:	99
	Total vars:	89408
	Total clauses:	242832
	Test == masterkey, spend 8796868 clocks.
	Have 576 results, spent 19408307 clocks.
num_cipher:	100
	Total vars:	90304
	Total clauses:	245264
	Test == masterkey, spend 8214532 clocks.
	Have 576 results, spent 18312278 clocks.
num_cipher:	101
	Total vars:	91200
	Total clauses:	247696
	Test == masterkey, spend 8918136 clocks.
	Have 576 results, spent 19747356 clocks.
num_cipher:	102
	Total vars:	92096
	Total clauses:	250128
	Test == masterkey, spend 9110286 clocks.
	Have 576 results, spent 19460049 clocks.
num_cipher:	103
	Total vars:	92992
	Total clauses:	252560
	Test == masterkey, spend 8440914 clocks.
	Have 576 results, spent 19011486 clocks.
num_cipher:	104
	Total vars:	93888
	Total clauses:	254992
	Test == masterkey, spend 8979978 clocks.
	Have 576 results, spent 19816790 clocks.
num_cipher:	105
	Total vars:	94784
	Total clauses:	257424
	Test == masterkey, spend 9402470 clocks.
	Have 576 results, spent 20743325 clocks.
num_cipher:	106
	Total vars:	95680
	Total clauses:	259856
	Test == masterkey, spend 9330938 clocks.
	Have 576 results, spent 20263135 clocks.
num_cipher:	107
	Total vars:	96576
	Total clauses:	262288
	Test == masterkey, spend 10270450 clocks.
	Have 576 results, spent 20721278 clocks.
num_cipher:	108
	Total vars:	97472
	Total clauses:	264720
	Test == masterkey, spend 10343500 clocks.
	Have 576 results, spent 22350987 clocks.
num_cipher:	109
	Total vars:	98368
	Total clauses:	267152
	Test == masterkey, spend 9889339 clocks.
	Have 576 results, spent 21580041 clocks.
num_cipher:	110
	Total vars:	99264
	Total clauses:	269584
	Test == masterkey, spend 10132667 clocks.
	Have 576 results, spent 21832813 clocks.
num_cipher:	111
	Total vars:	100160
	Total clauses:	272016
	Test == masterkey, spend 10285575 clocks.
	Have 576 results, spent 21018023 clocks.
num_cipher:	112
	Total vars:	101056
	Total clauses:	274448
	Test == masterkey, spend 10425666 clocks.
	Have 576 results, spent 22126105 clocks.
num_cipher:	113
	Total vars:	101952
	Total clauses:	276880
	Test == masterkey, spend 11377108 clocks.
	Have 576 results, spent 21221833 clocks.
num_cipher:	114
	Total vars:	102848
	Total clauses:	279312
	Test == masterkey, spend 11153297 clocks.
	Have 576 results, spent 25277297 clocks.
num_cipher:	115
	Total vars:	103744
	Total clauses:	281744
	Test == masterkey, spend 11683599 clocks.
	Have 576 results, spent 24168445 clocks.
num_cipher:	116
	Total vars:	104640
	Total clauses:	284176
	Test == masterkey, spend 11576622 clocks.
	Have 576 results, spent 25368944 clocks.
num_cipher:	117
	Total vars:	105536
	Total clauses:	286608
	Test == masterkey, spend 12173430 clocks.
	Have 576 results, spent 23961957 clocks.
num_cipher:	118
	Total vars:	106432
	Total clauses:	289040
	Test == masterkey, spend 12856499 clocks.
	Have 576 results, spent 25862966 clocks.
num_cipher:	119
	Total vars:	107328
	Total clauses:	291472
	Test == masterkey, spend 12538207 clocks.
	Have 576 results, spent 25899663 clocks.
num_cipher:	120
	Total vars:	108224
	Total clauses:	293904
	Test == masterkey, spend 11809280 clocks.
	Have 576 results, spent 26359935 clocks.
num_cipher:	121
	Total vars:	109120
	Total clauses:	296336
	Test == masterkey, spend 12180092 clocks.
	Have 576 results, spent 25954317 clocks.
num_cipher:	122
	Total vars:	110016
	Total clauses:	298768
	Test == masterkey, spend 12309654 clocks.
	Have 576 results, spent 24807617 clocks.
num_cipher:	123
	Total vars:	110912
	Total clauses:	301200
	Test == masterkey, spend 12626168 clocks.
	Have 576 results, spent 28015126 clocks.
num_cipher:	124
	Total vars:	111808
	Total clauses:	303632
	Test == masterkey, spend 13321682 clocks.
	Have 576 results, spent 27763324 clocks.
num_cipher:	125
	Total vars:	112704
	Total clauses:	306064
	Test == masterkey, spend 13285723 clocks.
	Have 576 results, spent 25363892 clocks.
num_cipher:	126
	Total vars:	113600
	Total clauses:	308496
	Test == masterkey, spend 14017792 clocks.
	Have 576 results, spent 26989464 clocks.
num_cipher:	127
	Total vars:	114496
	Total clauses:	310928
	Test == masterkey, spend 13716957 clocks.
	Have 576 results, spent 26913409 clocks.
num_cipher:	128
	Total vars:	115392
	Total clauses:	313360
	Test == masterkey, spend 18577622 clocks.
	Have 576 results, spent 28608528 clocks.
---------------------------------------------------------------------------------------------------
	Command being timed: "./bin/present128NSNK 1 5 45 128"
	User time (seconds): 1958.02
	System time (seconds): 2.68
	Percent of CPU this job got: 99%
	Elapsed (wall clock) time (h:mm:ss or m:ss): 32:41.01
	Average shared text size (kbytes): 0
	Average unshared data size (kbytes): 0
	Average stack size (kbytes): 0
	Average total size (kbytes): 0
	Maximum resident set size (kbytes): 120136
	Average resident set size (kbytes): 0
	Major (requiring I/O) page faults: 0
	Minor (reclaiming a frame) page faults: 304041
	Voluntary context switches: 5
	Involuntary context switches: 4718
	Swaps: 0
	File system inputs: 0
	File system outputs: 440
	Socket messages sent: 0
	Socket messages received: 0
	Signals delivered: 0
	Page size (bytes): 4096
	Exit status: 0
