sbox:	1100 0101 0110 1011 1001 0000 1010 1101 0011 1110 1111 1000 0100 0111 0001 0010 
8 = (0+2+6')(2'+3+4'+6)(0'+2+3+4')(2+3'+4'+6)(2'+4+6'+7')(3+5'+6+7')(0'+4'+5+6')(1+4+6+7)(1'+4'+6'+7')(1+2'+3'+4)(0'+1'+3'+6)(3+4+5+7)(0'+2'+5'+7)(0+2'+3'+7)(1'+5'+6'+7)(2+4+5+6+7')(0+2'+5+6)(0'+1+4+5')(0+1'+4+5')(1+3+4'+5)(1+3'+4'+5'+7')(1+5+6+7')(2+3'+5+6')(1'+3+6'+7')(0+4'+5'+6')(1'+4'+6+7)
e_sbox:	1101 0101 0110 1011 1001 0000 1010 1101 0011 1110 1111 1000 0100 0111 0001 0010 
8 = (0'+2+6+7')(0+2+3+7)(0+1+2'+6)(2'+3+4'+6)(0+2+3'+4')(0'+1'+3+6')(1'+4'+6'+7')(1'+5'+6'+7)(1+5+6'+7)(1'+2'+6+7)(0'+1+2'+4)(0'+2+3'+5)(0'+2'+3'+7')(0+1'+4+7')(3'+4+5'+7)(0+4+5+6')(0'+1+2+3+5')(1+3+4'+5)(3+4+5'+7')(2'+4'+5'+7)(1+3'+5'+6'+7')(1'+3'+4'+5)(0+5'+6'+7')(4'+5'+6+7)(3+5+6+7)(1+4+5+6)(1'+3+4'+5')
PRESENT_MODE:	128
SAT_MODE:	2
	SBOX_MODE:	102
	KSR_HAVEERROR:	1
	ENCYPT_HAVEERROR:	1
AnalysesRounds:	5
MinCiphers:	45
MaxCiphers:	128
Threads:	1
Master_key:	10110110111111100011001101011100000100111001011101010110001010011001011011011001011011101000101010100000001011100001110111101011
---------------------------------------------------------------------------------------------------
num_cipher:	45
	Total vars:	41024
	Total clauses:	111504
	Test == masterkey, spend 1437778 clocks.
	Have 16 results, spent 3606683 clocks.
num_cipher:	46
	Total vars:	41920
	Total clauses:	113936
	Test == masterkey, spend 1536353 clocks.
	Have 16 results, spent 3435432 clocks.
num_cipher:	47
	Total vars:	42816
	Total clauses:	116368
	Test == masterkey, spend 1283822 clocks.
	Have 16 results, spent 3812773 clocks.
num_cipher:	48
	Total vars:	43712
	Total clauses:	118800
	Test == masterkey, spend 1834716 clocks.
	Have 16 results, spent 3160891 clocks.
num_cipher:	49
	Total vars:	44608
	Total clauses:	121232
	Test == masterkey, spend 2035059 clocks.
	Have 16 results, spent 3251358 clocks.
num_cipher:	50
	Total vars:	45504
	Total clauses:	123664
	Test == masterkey, spend 1809375 clocks.
	Have 16 results, spent 3363868 clocks.
num_cipher:	51
	Total vars:	46400
	Total clauses:	126096
	Test == masterkey, spend 1778069 clocks.
	Have 16 results, spent 3117970 clocks.
num_cipher:	52
	Total vars:	47296
	Total clauses:	128528
	Test == masterkey, spend 2268674 clocks.
	Have 16 results, spent 3384219 clocks.
num_cipher:	53
	Total vars:	48192
	Total clauses:	130960
	Test == masterkey, spend 2190572 clocks.
	Have 16 results, spent 3891491 clocks.
num_cipher:	54
	Total vars:	49088
	Total clauses:	133392
	Test == masterkey, spend 2405233 clocks.
	Have 16 results, spent 3474578 clocks.
num_cipher:	55
	Total vars:	49984
	Total clauses:	135824
	Test == masterkey, spend 2270948 clocks.
	Have 16 results, spent 3682400 clocks.
num_cipher:	56
	Total vars:	50880
	Total clauses:	138256
	Test == masterkey, spend 2869666 clocks.
	Have 16 results, spent 4177448 clocks.
num_cipher:	57
	Total vars:	51776
	Total clauses:	140688
	Test == masterkey, spend 2920629 clocks.
	Have 16 results, spent 4634020 clocks.
num_cipher:	58
	Total vars:	52672
	Total clauses:	143120
	Test == masterkey, spend 2795900 clocks.
	Have 16 results, spent 3649609 clocks.
num_cipher:	59
	Total vars:	53568
	Total clauses:	145552
	Test == masterkey, spend 3032105 clocks.
	Have 16 results, spent 3824015 clocks.
num_cipher:	60
	Total vars:	54464
	Total clauses:	147984
	Test == masterkey, spend 2942582 clocks.
	Have 16 results, spent 3656003 clocks.
num_cipher:	61
	Total vars:	55360
	Total clauses:	150416
	Test == masterkey, spend 2938501 clocks.
	Have 16 results, spent 4439883 clocks.
num_cipher:	62
	Total vars:	56256
	Total clauses:	152848
	Test == masterkey, spend 3102452 clocks.
	Have 16 results, spent 4344919 clocks.
num_cipher:	63
	Total vars:	57152
	Total clauses:	155280
	Test == masterkey, spend 3425564 clocks.
	Have 16 results, spent 4288836 clocks.
num_cipher:	64
	Total vars:	58048
	Total clauses:	157712
	Test == masterkey, spend 3806262 clocks.
	Have 16 results, spent 4495102 clocks.
num_cipher:	65
	Total vars:	58944
	Total clauses:	160144
	Test == masterkey, spend 3684798 clocks.
	Have 16 results, spent 4266147 clocks.
num_cipher:	66
	Total vars:	59840
	Total clauses:	162576
	Test == masterkey, spend 3876513 clocks.
	Have 16 results, spent 4625663 clocks.
num_cipher:	67
	Total vars:	60736
	Total clauses:	165008
	Test == masterkey, spend 4177076 clocks.
	Have 16 results, spent 4746542 clocks.
num_cipher:	68
	Total vars:	61632
	Total clauses:	167440
	Test == masterkey, spend 4023853 clocks.
	Have 16 results, spent 4650558 clocks.
num_cipher:	69
	Total vars:	62528
	Total clauses:	169872
	Test == masterkey, spend 3909192 clocks.
	Have 16 results, spent 4293766 clocks.
num_cipher:	70
	Total vars:	63424
	Total clauses:	172304
	Test == masterkey, spend 3794188 clocks.
	Have 16 results, spent 5203322 clocks.
num_cipher:	71
	Total vars:	64320
	Total clauses:	174736
	Test == masterkey, spend 3506747 clocks.
	Have 16 results, spent 5788509 clocks.
num_cipher:	72
	Total vars:	65216
	Total clauses:	177168
	Test == masterkey, spend 4153745 clocks.
	Have 16 results, spent 5191511 clocks.
num_cipher:	73
	Total vars:	66112
	Total clauses:	179600
	Test == masterkey, spend 4625812 clocks.
	Have 16 results, spent 5245544 clocks.
num_cipher:	74
	Total vars:	67008
	Total clauses:	182032
	Test == masterkey, spend 5409709 clocks.
	Have 16 results, spent 5510055 clocks.
num_cipher:	75
	Total vars:	67904
	Total clauses:	184464
	Test == masterkey, spend 5319170 clocks.
	Have 16 results, spent 5930257 clocks.
num_cipher:	76
	Total vars:	68800
	Total clauses:	186896
	Test == masterkey, spend 4274885 clocks.
	Have 16 results, spent 5681787 clocks.
num_cipher:	77
	Total vars:	69696
	Total clauses:	189328
	Test == masterkey, spend 5183940 clocks.
	Have 16 results, spent 6658853 clocks.
num_cipher:	78
	Total vars:	70592
	Total clauses:	191760
	Test == masterkey, spend 4912507 clocks.
	Have 16 results, spent 7022200 clocks.
num_cipher:	79
	Total vars:	71488
	Total clauses:	194192
	Test == masterkey, spend 4826447 clocks.
	Have 16 results, spent 6302301 clocks.
num_cipher:	80
	Total vars:	72384
	Total clauses:	196624
	Test == masterkey, spend 5128658 clocks.
	Have 16 results, spent 6544299 clocks.
num_cipher:	81
	Total vars:	73280
	Total clauses:	199056
	Test == masterkey, spend 5896432 clocks.
	Have 16 results, spent 6386367 clocks.
num_cipher:	82
	Total vars:	74176
	Total clauses:	201488
	Test == masterkey, spend 5098369 clocks.
	Have 16 results, spent 7133776 clocks.
num_cipher:	83
	Total vars:	75072
	Total clauses:	203920
	Test == masterkey, spend 5417877 clocks.
	Have 16 results, spent 7484299 clocks.
num_cipher:	84
	Total vars:	75968
	Total clauses:	206352
	Test == masterkey, spend 6245719 clocks.
	Have 16 results, spent 7383133 clocks.
num_cipher:	85
	Total vars:	76864
	Total clauses:	208784
	Test == masterkey, spend 5814351 clocks.
	Have 16 results, spent 6401382 clocks.
num_cipher:	86
	Total vars:	77760
	Total clauses:	211216
	Test == masterkey, spend 6608596 clocks.
	Have 16 results, spent 6516139 clocks.
num_cipher:	87
	Total vars:	78656
	Total clauses:	213648
	Test == masterkey, spend 6831336 clocks.
	Have 16 results, spent 6947039 clocks.
num_cipher:	88
	Total vars:	79552
	Total clauses:	216080
	Test == masterkey, spend 6667037 clocks.
	Have 16 results, spent 8574412 clocks.
num_cipher:	89
	Total vars:	80448
	Total clauses:	218512
	Test == masterkey, spend 6645714 clocks.
	Have 16 results, spent 8476890 clocks.
num_cipher:	90
	Total vars:	81344
	Total clauses:	220944
	Test == masterkey, spend 6599932 clocks.
	Have 16 results, spent 8106168 clocks.
num_cipher:	91
	Total vars:	82240
	Total clauses:	223376
	Test == masterkey, spend 7672956 clocks.
	Have 16 results, spent 8876116 clocks.
num_cipher:	92
	Total vars:	83136
	Total clauses:	225808
	Test == masterkey, spend 7156980 clocks.
	Have 16 results, spent 8458438 clocks.
num_cipher:	93
	Total vars:	84032
	Total clauses:	228240
	Test == masterkey, spend 6827686 clocks.
	Have 16 results, spent 7413210 clocks.
num_cipher:	94
	Total vars:	84928
	Total clauses:	230672
	Test == masterkey, spend 7925050 clocks.
	Have 16 results, spent 8831594 clocks.
num_cipher:	95
	Total vars:	85824
	Total clauses:	233104
	Test == masterkey, spend 6874628 clocks.
	Have 16 results, spent 11672424 clocks.
num_cipher:	96
	Total vars:	86720
	Total clauses:	235536
	Test == masterkey, spend 6279721 clocks.
	Have 16 results, spent 10342689 clocks.
num_cipher:	97
	Total vars:	87616
	Total clauses:	237968
	Test == masterkey, spend 7375248 clocks.
	Have 16 results, spent 10141421 clocks.
num_cipher:	98
	Total vars:	88512
	Total clauses:	240400
	Test == masterkey, spend 8116544 clocks.
	Have 16 results, spent 11664010 clocks.
num_cipher:	99
	Total vars:	89408
	Total clauses:	242832
	Test == masterkey, spend 8394892 clocks.
	Have 16 results, spent 10799313 clocks.
num_cipher:	100
	Total vars:	90304
	Total clauses:	245264
	Test == masterkey, spend 8752979 clocks.
	Have 16 results, spent 11628024 clocks.
num_cipher:	101
	Total vars:	91200
	Total clauses:	247696
	Test == masterkey, spend 9145632 clocks.
	Have 16 results, spent 10330159 clocks.
num_cipher:	102
	Total vars:	92096
	Total clauses:	250128
	Test == masterkey, spend 9351042 clocks.
	Have 16 results, spent 12087227 clocks.
num_cipher:	103
	Total vars:	92992
	Total clauses:	252560
	Test == masterkey, spend 7731232 clocks.
	Have 16 results, spent 11393376 clocks.
num_cipher:	104
	Total vars:	93888
	Total clauses:	254992
	Test == masterkey, spend 8972734 clocks.
	Have 16 results, spent 12903322 clocks.
num_cipher:	105
	Total vars:	94784
	Total clauses:	257424
	Test == masterkey, spend 9565213 clocks.
	Have 16 results, spent 13462572 clocks.
num_cipher:	106
	Total vars:	95680
	Total clauses:	259856
	Test == masterkey, spend 7997086 clocks.
	Have 16 results, spent 11787738 clocks.
num_cipher:	107
	Total vars:	96576
	Total clauses:	262288
	Test == masterkey, spend 8914275 clocks.
	Have 16 results, spent 13180223 clocks.
num_cipher:	108
	Total vars:	97472
	Total clauses:	264720
	Test == masterkey, spend 9649951 clocks.
	Have 16 results, spent 13841001 clocks.
num_cipher:	109
	Total vars:	98368
	Total clauses:	267152
	Test == masterkey, spend 10739627 clocks.
	Have 16 results, spent 12337298 clocks.
num_cipher:	110
	Total vars:	99264
	Total clauses:	269584
	Test == masterkey, spend 10058794 clocks.
	Have 16 results, spent 13125123 clocks.
num_cipher:	111
	Total vars:	100160
	Total clauses:	272016
	Test == masterkey, spend 9389277 clocks.
	Have 16 results, spent 14671881 clocks.
num_cipher:	112
	Total vars:	101056
	Total clauses:	274448
	Test == masterkey, spend 10921530 clocks.
	Have 16 results, spent 14382400 clocks.
num_cipher:	113
	Total vars:	101952
	Total clauses:	276880
	Test == masterkey, spend 10558052 clocks.
	Have 16 results, spent 15019345 clocks.
num_cipher:	114
	Total vars:	102848
	Total clauses:	279312
	Test == masterkey, spend 11411838 clocks.
	Have 16 results, spent 15547402 clocks.
num_cipher:	115
	Total vars:	103744
	Total clauses:	281744
	Test == masterkey, spend 11438982 clocks.
	Have 16 results, spent 15892386 clocks.
num_cipher:	116
	Total vars:	104640
	Total clauses:	284176
	Test == masterkey, spend 11539675 clocks.
	Have 16 results, spent 15494127 clocks.
num_cipher:	117
	Total vars:	105536
	Total clauses:	286608
	Test == masterkey, spend 10812292 clocks.
	Have 16 results, spent 16170014 clocks.
num_cipher:	118
	Total vars:	106432
	Total clauses:	289040
	Test == masterkey, spend 11776494 clocks.
	Have 16 results, spent 15489256 clocks.
num_cipher:	119
	Total vars:	107328
	Total clauses:	291472
	Test == masterkey, spend 11406798 clocks.
	Have 16 results, spent 15721379 clocks.
num_cipher:	120
	Total vars:	108224
	Total clauses:	293904
	Test == masterkey, spend 12753347 clocks.
	Have 16 results, spent 15620980 clocks.
num_cipher:	121
	Total vars:	109120
	Total clauses:	296336
	Test == masterkey, spend 15176430 clocks.
	Have 16 results, spent 15057876 clocks.
num_cipher:	122
	Total vars:	110016
	Total clauses:	298768
	Test == masterkey, spend 12019143 clocks.
	Have 16 results, spent 16084705 clocks.
num_cipher:	123
	Total vars:	110912
	Total clauses:	301200
	Test == masterkey, spend 13211342 clocks.
	Have 16 results, spent 15153208 clocks.
num_cipher:	124
	Total vars:	111808
	Total clauses:	303632
	Test == masterkey, spend 13341269 clocks.
	Have 16 results, spent 16282208 clocks.
num_cipher:	125
	Total vars:	112704
	Total clauses:	306064
	Test == masterkey, spend 11012719 clocks.
	Have 16 results, spent 15865450 clocks.
num_cipher:	126
	Total vars:	113600
	Total clauses:	308496
	Test == masterkey, spend 13402788 clocks.
	Have 16 results, spent 16650111 clocks.
num_cipher:	127
	Total vars:	114496
	Total clauses:	310928
	Test == masterkey, spend 17846611 clocks.
	Have 16 results, spent 17575667 clocks.
num_cipher:	128
	Total vars:	115392
	Total clauses:	313360
	Test == masterkey, spend 18080062 clocks.
	Have 16 results, spent 18548285 clocks.
---------------------------------------------------------------------------------------------------
	Command being timed: "./bin/present128NSNK 1 5 45 128"
	User time (seconds): 1406.41
	System time (seconds): 3.36
	Percent of CPU this job got: 99%
	Elapsed (wall clock) time (h:mm:ss or m:ss): 23:30.41
	Average shared text size (kbytes): 0
	Average unshared data size (kbytes): 0
	Average stack size (kbytes): 0
	Average total size (kbytes): 0
	Maximum resident set size (kbytes): 121636
	Average resident set size (kbytes): 0
	Major (requiring I/O) page faults: 0
	Minor (reclaiming a frame) page faults: 300436
	Voluntary context switches: 3
	Involuntary context switches: 4637
	Swaps: 0
	File system inputs: 0
	File system outputs: 1128
	Socket messages sent: 0
	Socket messages received: 0
	Signals delivered: 0
	Page size (bytes): 4096
	Exit status: 0
