sbox:	1100 0101 0110 1011 1001 0000 1010 1101 0011 1110 1111 1000 0100 0111 0001 0010 
8 = (0+2+6')(2'+3+4'+6)(0'+2+3+4')(2+3'+4'+6)(2'+4+6'+7')(3+5'+6+7')(0'+4'+5+6')(1+4+6+7)(1'+4'+6'+7')(1+2'+3'+4)(0'+1'+3'+6)(3+4+5+7)(0'+2'+5'+7)(0+2'+3'+7)(1'+5'+6'+7)(2+4+5+6+7')(0+2'+5+6)(0'+1+4+5')(0+1'+4+5')(1+3+4'+5)(1+3'+4'+5'+7')(1+5+6+7')(2+3'+5+6')(1'+3+6'+7')(0+4'+5'+6')(1'+4'+6+7)
e_sbox:	1101 0101 0110 1011 1001 0000 1010 1101 0011 1110 1111 1000 0100 0111 0001 0010 
8 = (0'+2+6+7')(0+2+3+7)(0+1+2'+6)(2'+3+4'+6)(0+2+3'+4')(0'+1'+3+6')(1'+4'+6'+7')(1'+5'+6'+7)(1+5+6'+7)(1'+2'+6+7)(0'+1+2'+4)(0'+2+3'+5)(0'+2'+3'+7')(0+1'+4+7')(3'+4+5'+7)(0+4+5+6')(0'+1+2+3+5')(1+3+4'+5)(3+4+5'+7')(2'+4'+5'+7)(1+3'+5'+6'+7')(1'+3'+4'+5)(0+5'+6'+7')(4'+5'+6+7)(3+5+6+7)(1+4+5+6)(1'+3+4'+5')
PRESENT_MODE:	128
SAT_MODE:	2
	SBOX_MODE:	102
	KSR_HAVEERROR:	1
	ENCYPT_HAVEERROR:	1
AnalysesRounds:	5
MinCiphers:	45
MaxCiphers:	128
Threads:	1
Master_key:	11100000000111011010111101000111110000100110000100001010110110110000101010010100101111110000011000010100000100101111111001110001
---------------------------------------------------------------------------------------------------
num_cipher:	45
	Total vars:	41024
	Total clauses:	111504
	Test == masterkey, spend 1823396 clocks.
	Have 144 results, spent 11007698 clocks.
num_cipher:	46
	Total vars:	41920
	Total clauses:	113936
	Test == masterkey, spend 1731544 clocks.
	Have 144 results, spent 9484137 clocks.
num_cipher:	47
	Total vars:	42816
	Total clauses:	116368
	Test == masterkey, spend 2069582 clocks.
	Have 144 results, spent 8267126 clocks.
num_cipher:	48
	Total vars:	43712
	Total clauses:	118800
	Test == masterkey, spend 2152009 clocks.
	Have 144 results, spent 7209390 clocks.
num_cipher:	49
	Total vars:	44608
	Total clauses:	121232
	Test == masterkey, spend 2133087 clocks.
	Have 144 results, spent 6693948 clocks.
num_cipher:	50
	Total vars:	45504
	Total clauses:	123664
	Test == masterkey, spend 2315925 clocks.
	Have 144 results, spent 6319927 clocks.
num_cipher:	51
	Total vars:	46400
	Total clauses:	126096
	Test == masterkey, spend 2346476 clocks.
	Have 144 results, spent 7238042 clocks.
num_cipher:	52
	Total vars:	47296
	Total clauses:	128528
	Test == masterkey, spend 2486937 clocks.
	Have 144 results, spent 7068649 clocks.
num_cipher:	53
	Total vars:	48192
	Total clauses:	130960
	Test == masterkey, spend 2163849 clocks.
	Have 144 results, spent 6065246 clocks.
num_cipher:	54
	Total vars:	49088
	Total clauses:	133392
	Test == masterkey, spend 2712747 clocks.
	Have 144 results, spent 5492088 clocks.
num_cipher:	55
	Total vars:	49984
	Total clauses:	135824
	Test == masterkey, spend 2840004 clocks.
	Have 144 results, spent 6813166 clocks.
num_cipher:	56
	Total vars:	50880
	Total clauses:	138256
	Test == masterkey, spend 2739705 clocks.
	Have 144 results, spent 6846752 clocks.
num_cipher:	57
	Total vars:	51776
	Total clauses:	140688
	Test == masterkey, spend 2910738 clocks.
	Have 144 results, spent 6238694 clocks.
num_cipher:	58
	Total vars:	52672
	Total clauses:	143120
	Test == masterkey, spend 3138158 clocks.
	Have 144 results, spent 7002177 clocks.
num_cipher:	59
	Total vars:	53568
	Total clauses:	145552
	Test == masterkey, spend 3271109 clocks.
	Have 144 results, spent 6181915 clocks.
num_cipher:	60
	Total vars:	54464
	Total clauses:	147984
	Test == masterkey, spend 3169391 clocks.
	Have 144 results, spent 6636723 clocks.
num_cipher:	61
	Total vars:	55360
	Total clauses:	150416
	Test == masterkey, spend 2919982 clocks.
	Have 144 results, spent 7729795 clocks.
num_cipher:	62
	Total vars:	56256
	Total clauses:	152848
	Test == masterkey, spend 3408326 clocks.
	Have 144 results, spent 6952919 clocks.
num_cipher:	63
	Total vars:	57152
	Total clauses:	155280
	Test == masterkey, spend 3878984 clocks.
	Have 144 results, spent 7330163 clocks.
num_cipher:	64
	Total vars:	58048
	Total clauses:	157712
	Test == masterkey, spend 3862344 clocks.
	Have 144 results, spent 7671763 clocks.
num_cipher:	65
	Total vars:	58944
	Total clauses:	160144
	Test == masterkey, spend 4149621 clocks.
	Have 144 results, spent 7003565 clocks.
num_cipher:	66
	Total vars:	59840
	Total clauses:	162576
	Test == masterkey, spend 4361855 clocks.
	Have 144 results, spent 7988997 clocks.
num_cipher:	67
	Total vars:	60736
	Total clauses:	165008
	Test == masterkey, spend 4195944 clocks.
	Have 144 results, spent 8330820 clocks.
num_cipher:	68
	Total vars:	61632
	Total clauses:	167440
	Test == masterkey, spend 3984186 clocks.
	Have 144 results, spent 7598455 clocks.
num_cipher:	69
	Total vars:	62528
	Total clauses:	169872
	Test == masterkey, spend 4499223 clocks.
	Have 144 results, spent 8173726 clocks.
num_cipher:	70
	Total vars:	63424
	Total clauses:	172304
	Test == masterkey, spend 4972967 clocks.
	Have 144 results, spent 7548302 clocks.
num_cipher:	71
	Total vars:	64320
	Total clauses:	174736
	Test == masterkey, spend 4802523 clocks.
	Have 144 results, spent 8402078 clocks.
num_cipher:	72
	Total vars:	65216
	Total clauses:	177168
	Test == masterkey, spend 4704545 clocks.
	Have 144 results, spent 7618701 clocks.
num_cipher:	73
	Total vars:	66112
	Total clauses:	179600
	Test == masterkey, spend 5138101 clocks.
	Have 144 results, spent 8794236 clocks.
num_cipher:	74
	Total vars:	67008
	Total clauses:	182032
	Test == masterkey, spend 5298526 clocks.
	Have 144 results, spent 8010580 clocks.
num_cipher:	75
	Total vars:	67904
	Total clauses:	184464
	Test == masterkey, spend 5696925 clocks.
	Have 144 results, spent 9195518 clocks.
num_cipher:	76
	Total vars:	68800
	Total clauses:	186896
	Test == masterkey, spend 5699825 clocks.
	Have 144 results, spent 8987614 clocks.
num_cipher:	77
	Total vars:	69696
	Total clauses:	189328
	Test == masterkey, spend 5452936 clocks.
	Have 144 results, spent 8750688 clocks.
num_cipher:	78
	Total vars:	70592
	Total clauses:	191760
	Test == masterkey, spend 6321742 clocks.
	Have 144 results, spent 9792383 clocks.
num_cipher:	79
	Total vars:	71488
	Total clauses:	194192
	Test == masterkey, spend 5811663 clocks.
	Have 144 results, spent 10164695 clocks.
num_cipher:	80
	Total vars:	72384
	Total clauses:	196624
	Test == masterkey, spend 6216671 clocks.
	Have 144 results, spent 10354346 clocks.
num_cipher:	81
	Total vars:	73280
	Total clauses:	199056
	Test == masterkey, spend 6672456 clocks.
	Have 144 results, spent 10665188 clocks.
num_cipher:	82
	Total vars:	74176
	Total clauses:	201488
	Test == masterkey, spend 6712405 clocks.
	Have 144 results, spent 10879651 clocks.
num_cipher:	83
	Total vars:	75072
	Total clauses:	203920
	Test == masterkey, spend 6162711 clocks.
	Have 144 results, spent 10803963 clocks.
num_cipher:	84
	Total vars:	75968
	Total clauses:	206352
	Test == masterkey, spend 7006336 clocks.
	Have 144 results, spent 11121462 clocks.
num_cipher:	85
	Total vars:	76864
	Total clauses:	208784
	Test == masterkey, spend 7077743 clocks.
	Have 144 results, spent 11016011 clocks.
num_cipher:	86
	Total vars:	77760
	Total clauses:	211216
	Test == masterkey, spend 7233435 clocks.
	Have 144 results, spent 11507964 clocks.
num_cipher:	87
	Total vars:	78656
	Total clauses:	213648
	Test == masterkey, spend 7586762 clocks.
	Have 144 results, spent 12323496 clocks.
num_cipher:	88
	Total vars:	79552
	Total clauses:	216080
	Test == masterkey, spend 6594397 clocks.
	Have 144 results, spent 10358031 clocks.
num_cipher:	89
	Total vars:	80448
	Total clauses:	218512
	Test == masterkey, spend 7347620 clocks.
	Have 144 results, spent 11604896 clocks.
num_cipher:	90
	Total vars:	81344
	Total clauses:	220944
	Test == masterkey, spend 7529865 clocks.
	Have 144 results, spent 11925468 clocks.
num_cipher:	91
	Total vars:	82240
	Total clauses:	223376
	Test == masterkey, spend 8042319 clocks.
	Have 144 results, spent 12871289 clocks.
num_cipher:	92
	Total vars:	83136
	Total clauses:	225808
	Test == masterkey, spend 8223377 clocks.
	Have 144 results, spent 12173309 clocks.
num_cipher:	93
	Total vars:	84032
	Total clauses:	228240
	Test == masterkey, spend 8619827 clocks.
	Have 144 results, spent 11825095 clocks.
num_cipher:	94
	Total vars:	84928
	Total clauses:	230672
	Test == masterkey, spend 8271792 clocks.
	Have 144 results, spent 13444991 clocks.
num_cipher:	95
	Total vars:	85824
	Total clauses:	233104
	Test == masterkey, spend 8461090 clocks.
	Have 144 results, spent 13423420 clocks.
num_cipher:	96
	Total vars:	86720
	Total clauses:	235536
	Test == masterkey, spend 9184341 clocks.
	Have 144 results, spent 13089970 clocks.
num_cipher:	97
	Total vars:	87616
	Total clauses:	237968
	Test == masterkey, spend 9554090 clocks.
	Have 144 results, spent 13600467 clocks.
num_cipher:	98
	Total vars:	88512
	Total clauses:	240400
	Test == masterkey, spend 8906726 clocks.
	Have 144 results, spent 14123466 clocks.
num_cipher:	99
	Total vars:	89408
	Total clauses:	242832
	Test == masterkey, spend 9513229 clocks.
	Have 144 results, spent 14920863 clocks.
num_cipher:	100
	Total vars:	90304
	Total clauses:	245264
	Test == masterkey, spend 9676471 clocks.
	Have 144 results, spent 14516313 clocks.
num_cipher:	101
	Total vars:	91200
	Total clauses:	247696
	Test == masterkey, spend 8817705 clocks.
	Have 144 results, spent 15374039 clocks.
num_cipher:	102
	Total vars:	92096
	Total clauses:	250128
	Test == masterkey, spend 9867309 clocks.
	Have 144 results, spent 15870943 clocks.
num_cipher:	103
	Total vars:	92992
	Total clauses:	252560
	Test == masterkey, spend 8241426 clocks.
	Have 144 results, spent 15509258 clocks.
num_cipher:	104
	Total vars:	93888
	Total clauses:	254992
	Test == masterkey, spend 10174291 clocks.
	Have 144 results, spent 15223434 clocks.
num_cipher:	105
	Total vars:	94784
	Total clauses:	257424
	Test == masterkey, spend 10384019 clocks.
	Have 144 results, spent 15197669 clocks.
num_cipher:	106
	Total vars:	95680
	Total clauses:	259856
	Test == masterkey, spend 10767637 clocks.
	Have 144 results, spent 14561855 clocks.
num_cipher:	107
	Total vars:	96576
	Total clauses:	262288
	Test == masterkey, spend 10433863 clocks.
	Have 144 results, spent 14963372 clocks.
num_cipher:	108
	Total vars:	97472
	Total clauses:	264720
	Test == masterkey, spend 11324953 clocks.
	Have 144 results, spent 16817717 clocks.
num_cipher:	109
	Total vars:	98368
	Total clauses:	267152
	Test == masterkey, spend 11282938 clocks.
	Have 144 results, spent 15083604 clocks.
num_cipher:	110
	Total vars:	99264
	Total clauses:	269584
	Test == masterkey, spend 11119146 clocks.
	Have 144 results, spent 16419761 clocks.
num_cipher:	111
	Total vars:	100160
	Total clauses:	272016
	Test == masterkey, spend 10710046 clocks.
	Have 144 results, spent 15982950 clocks.
num_cipher:	112
	Total vars:	101056
	Total clauses:	274448
	Test == masterkey, spend 10922454 clocks.
	Have 144 results, spent 17082184 clocks.
num_cipher:	113
	Total vars:	101952
	Total clauses:	276880
	Test == masterkey, spend 11643216 clocks.
	Have 144 results, spent 18404732 clocks.
num_cipher:	114
	Total vars:	102848
	Total clauses:	279312
	Test == masterkey, spend 11822628 clocks.
	Have 144 results, spent 19403646 clocks.
num_cipher:	115
	Total vars:	103744
	Total clauses:	281744
	Test == masterkey, spend 12082318 clocks.
	Have 144 results, spent 15590216 clocks.
num_cipher:	116
	Total vars:	104640
	Total clauses:	284176
	Test == masterkey, spend 12543810 clocks.
	Have 144 results, spent 17640586 clocks.
num_cipher:	117
	Total vars:	105536
	Total clauses:	286608
	Test == masterkey, spend 11735951 clocks.
	Have 144 results, spent 17231397 clocks.
num_cipher:	118
	Total vars:	106432
	Total clauses:	289040
	Test == masterkey, spend 12038641 clocks.
	Have 144 results, spent 17991566 clocks.
num_cipher:	119
	Total vars:	107328
	Total clauses:	291472
	Test == masterkey, spend 17168041 clocks.
	Have 144 results, spent 18990484 clocks.
num_cipher:	120
	Total vars:	108224
	Total clauses:	293904
	Test == masterkey, spend 16202628 clocks.
	Have 144 results, spent 18475223 clocks.
num_cipher:	121
	Total vars:	109120
	Total clauses:	296336
	Test == masterkey, spend 16255298 clocks.
	Have 144 results, spent 20312793 clocks.
num_cipher:	122
	Total vars:	110016
	Total clauses:	298768
	Test == masterkey, spend 16586566 clocks.
	Have 144 results, spent 21787621 clocks.
num_cipher:	123
	Total vars:	110912
	Total clauses:	301200
	Test == masterkey, spend 16951797 clocks.
	Have 144 results, spent 19953884 clocks.
num_cipher:	124
	Total vars:	111808
	Total clauses:	303632
	Test == masterkey, spend 16957664 clocks.
	Have 144 results, spent 19825398 clocks.
num_cipher:	125
	Total vars:	112704
	Total clauses:	306064
	Test == masterkey, spend 16399763 clocks.
	Have 144 results, spent 18444008 clocks.
num_cipher:	126
	Total vars:	113600
	Total clauses:	308496
	Test == masterkey, spend 17422330 clocks.
	Have 144 results, spent 22523260 clocks.
num_cipher:	127
	Total vars:	114496
	Total clauses:	310928
	Test == masterkey, spend 18218557 clocks.
	Have 144 results, spent 19952343 clocks.
num_cipher:	128
	Total vars:	115392
	Total clauses:	313360
	Test == masterkey, spend 16563331 clocks.
	Have 144 results, spent 21423898 clocks.
---------------------------------------------------------------------------------------------------
	Command being timed: "./bin/present128NSNK 1 5 45 128"
	User time (seconds): 1769.07
	System time (seconds): 1.97
	Percent of CPU this job got: 99%
	Elapsed (wall clock) time (h:mm:ss or m:ss): 29:31.29
	Average shared text size (kbytes): 0
	Average unshared data size (kbytes): 0
	Average stack size (kbytes): 0
	Average total size (kbytes): 0
	Maximum resident set size (kbytes): 120704
	Average resident set size (kbytes): 0
	Major (requiring I/O) page faults: 0
	Minor (reclaiming a frame) page faults: 241949
	Voluntary context switches: 3
	Involuntary context switches: 2719
	Swaps: 0
	File system inputs: 0
	File system outputs: 408
	Socket messages sent: 0
	Socket messages received: 0
	Signals delivered: 0
	Page size (bytes): 4096
	Exit status: 0
