sbox:	1100 0101 0110 1011 1001 0000 1010 1101 0011 1110 1111 1000 0100 0111 0001 0010 
8 = (0+2+6')(2'+3+4'+6)(0'+2+3+4')(2+3'+4'+6)(2'+4+6'+7')(3+5'+6+7')(0'+4'+5+6')(1+4+6+7)(1'+4'+6'+7')(1+2'+3'+4)(0'+1'+3'+6)(3+4+5+7)(0'+2'+5'+7)(0+2'+3'+7)(1'+5'+6'+7)(2+4+5+6+7')(0+2'+5+6)(0'+1+4+5')(0+1'+4+5')(1+3+4'+5)(1+3'+4'+5'+7')(1+5+6+7')(2+3'+5+6')(1'+3+6'+7')(0+4'+5'+6')(1'+4'+6+7)
e_sbox:	1101 0101 0110 1011 1001 0000 1010 1101 0011 1110 1111 1000 0100 0111 0001 0010 
8 = (0'+2+6+7')(0+2+3+7)(0+1+2'+6)(2'+3+4'+6)(0+2+3'+4')(0'+1'+3+6')(1'+4'+6'+7')(1'+5'+6'+7)(1+5+6'+7)(1'+2'+6+7)(0'+1+2'+4)(0'+2+3'+5)(0'+2'+3'+7')(0+1'+4+7')(3'+4+5'+7)(0+4+5+6')(0'+1+2+3+5')(1+3+4'+5)(3+4+5'+7')(2'+4'+5'+7)(1+3'+5'+6'+7')(1'+3'+4'+5)(0+5'+6'+7')(4'+5'+6+7)(3+5+6+7)(1+4+5+6)(1'+3+4'+5')
PRESENT_MODE:	128
SAT_MODE:	2
	SBOX_MODE:	102
	KSR_HAVEERROR:	1
	ENCYPT_HAVEERROR:	1
AnalysesRounds:	6
MinCiphers:	45
MaxCiphers:	128
Threads:	1
Master_key:	01101010110001101110000000001110001111101110011011010001111100111111001110010000101010001111100011010100001010001101110011111001
---------------------------------------------------------------------------------------------------
num_cipher:	45
	Total vars:	49664
	Total clauses:	137424
	Test == masterkey, spend 2734868 clocks.
	Have 256 results, spent 8862229 clocks.
num_cipher:	46
	Total vars:	50752
	Total clauses:	140432
	Test == masterkey, spend 3503452 clocks.
	Have 256 results, spent 10994995 clocks.
num_cipher:	47
	Total vars:	51840
	Total clauses:	143440
	Test == masterkey, spend 3607012 clocks.
	Have 256 results, spent 9261623 clocks.
num_cipher:	48
	Total vars:	52928
	Total clauses:	146448
	Test == masterkey, spend 3890566 clocks.
	Have 256 results, spent 9695358 clocks.
num_cipher:	49
	Total vars:	54016
	Total clauses:	149456
	Test == masterkey, spend 3656246 clocks.
	Have 256 results, spent 8462145 clocks.
num_cipher:	50
	Total vars:	55104
	Total clauses:	152464
	Test == masterkey, spend 4523707 clocks.
	Have 256 results, spent 8965554 clocks.
num_cipher:	51
	Total vars:	56192
	Total clauses:	155472
	Test == masterkey, spend 4613807 clocks.
	Have 256 results, spent 8298459 clocks.
num_cipher:	52
	Total vars:	57280
	Total clauses:	158480
	Test == masterkey, spend 4868955 clocks.
	Have 256 results, spent 9041395 clocks.
num_cipher:	53
	Total vars:	58368
	Total clauses:	161488
	Test == masterkey, spend 4804570 clocks.
	Have 256 results, spent 8029756 clocks.
num_cipher:	54
	Total vars:	59456
	Total clauses:	164496
	Test == masterkey, spend 5101689 clocks.
	Have 256 results, spent 9384627 clocks.
num_cipher:	55
	Total vars:	60544
	Total clauses:	167504
	Test == masterkey, spend 4919317 clocks.
	Have 256 results, spent 9597536 clocks.
num_cipher:	56
	Total vars:	61632
	Total clauses:	170512
	Test == masterkey, spend 5766588 clocks.
	Have 256 results, spent 10323887 clocks.
num_cipher:	57
	Total vars:	62720
	Total clauses:	173520
	Test == masterkey, spend 5874910 clocks.
	Have 256 results, spent 11265286 clocks.
num_cipher:	58
	Total vars:	63808
	Total clauses:	176528
	Test == masterkey, spend 5667267 clocks.
	Have 256 results, spent 9872664 clocks.
num_cipher:	59
	Total vars:	64896
	Total clauses:	179536
	Test == masterkey, spend 5589696 clocks.
	Have 256 results, spent 9460361 clocks.
num_cipher:	60
	Total vars:	65984
	Total clauses:	182544
	Test == masterkey, spend 6399323 clocks.
	Have 256 results, spent 11851039 clocks.
num_cipher:	61
	Total vars:	67072
	Total clauses:	185552
	Test == masterkey, spend 6501432 clocks.
	Have 256 results, spent 11548044 clocks.
num_cipher:	62
	Total vars:	68160
	Total clauses:	188560
	Test == masterkey, spend 6375973 clocks.
	Have 256 results, spent 12172355 clocks.
num_cipher:	63
	Total vars:	69248
	Total clauses:	191568
	Test == masterkey, spend 7059387 clocks.
	Have 256 results, spent 12280769 clocks.
num_cipher:	64
	Total vars:	70336
	Total clauses:	194576
	Test == masterkey, spend 6901142 clocks.
	Have 256 results, spent 11624435 clocks.
num_cipher:	65
	Total vars:	71424
	Total clauses:	197584
	Test == masterkey, spend 7266614 clocks.
	Have 256 results, spent 14519652 clocks.
num_cipher:	66
	Total vars:	72512
	Total clauses:	200592
	Test == masterkey, spend 7494659 clocks.
	Have 256 results, spent 13418076 clocks.
num_cipher:	67
	Total vars:	73600
	Total clauses:	203600
	Test == masterkey, spend 7798698 clocks.
	Have 256 results, spent 12822656 clocks.
num_cipher:	68
	Total vars:	74688
	Total clauses:	206608
	Test == masterkey, spend 8402174 clocks.
	Have 256 results, spent 14034899 clocks.
num_cipher:	69
	Total vars:	75776
	Total clauses:	209616
	Test == masterkey, spend 8013905 clocks.
	Have 256 results, spent 14598819 clocks.
num_cipher:	70
	Total vars:	76864
	Total clauses:	212624
	Test == masterkey, spend 7552539 clocks.
	Have 256 results, spent 14910211 clocks.
num_cipher:	71
	Total vars:	77952
	Total clauses:	215632
	Test == masterkey, spend 9147053 clocks.
	Have 256 results, spent 16089127 clocks.
num_cipher:	72
	Total vars:	79040
	Total clauses:	218640
	Test == masterkey, spend 9211280 clocks.
	Have 256 results, spent 15636797 clocks.
num_cipher:	73
	Total vars:	80128
	Total clauses:	221648
	Test == masterkey, spend 8493711 clocks.
	Have 256 results, spent 17522440 clocks.
num_cipher:	74
	Total vars:	81216
	Total clauses:	224656
	Test == masterkey, spend 10086833 clocks.
	Have 256 results, spent 16989646 clocks.
num_cipher:	75
	Total vars:	82304
	Total clauses:	227664
	Test == masterkey, spend 9169838 clocks.
	Have 256 results, spent 16136013 clocks.
num_cipher:	76
	Total vars:	83392
	Total clauses:	230672
	Test == masterkey, spend 9514297 clocks.
	Have 256 results, spent 16051000 clocks.
num_cipher:	77
	Total vars:	84480
	Total clauses:	233680
	Test == masterkey, spend 9015096 clocks.
	Have 256 results, spent 18530850 clocks.
num_cipher:	78
	Total vars:	85568
	Total clauses:	236688
	Test == masterkey, spend 11092662 clocks.
	Have 256 results, spent 16362352 clocks.
num_cipher:	79
	Total vars:	86656
	Total clauses:	239696
	Test == masterkey, spend 9946189 clocks.
	Have 256 results, spent 16005989 clocks.
num_cipher:	80
	Total vars:	87744
	Total clauses:	242704
	Test == masterkey, spend 11596408 clocks.
	Have 256 results, spent 18870397 clocks.
num_cipher:	81
	Total vars:	88832
	Total clauses:	245712
	Test == masterkey, spend 11843153 clocks.
	Have 256 results, spent 21787682 clocks.
num_cipher:	82
	Total vars:	89920
	Total clauses:	248720
	Test == masterkey, spend 10963845 clocks.
	Have 256 results, spent 20139299 clocks.
num_cipher:	83
	Total vars:	91008
	Total clauses:	251728
	Test == masterkey, spend 11206537 clocks.
	Have 256 results, spent 20033668 clocks.
num_cipher:	84
	Total vars:	92096
	Total clauses:	254736
	Test == masterkey, spend 11997821 clocks.
	Have 256 results, spent 16846734 clocks.
num_cipher:	85
	Total vars:	93184
	Total clauses:	257744
	Test == masterkey, spend 12748533 clocks.
	Have 256 results, spent 20617355 clocks.
num_cipher:	86
	Total vars:	94272
	Total clauses:	260752
	Test == masterkey, spend 10834770 clocks.
	Have 256 results, spent 22286021 clocks.
num_cipher:	87
	Total vars:	95360
	Total clauses:	263760
	Test == masterkey, spend 12292014 clocks.
	Have 256 results, spent 24437018 clocks.
num_cipher:	88
	Total vars:	96448
	Total clauses:	266768
	Test == masterkey, spend 12335442 clocks.
	Have 256 results, spent 21670047 clocks.
num_cipher:	89
	Total vars:	97536
	Total clauses:	269776
	Test == masterkey, spend 11524346 clocks.
	Have 256 results, spent 23004296 clocks.
num_cipher:	90
	Total vars:	98624
	Total clauses:	272784
	Test == masterkey, spend 13725843 clocks.
	Have 256 results, spent 25774448 clocks.
num_cipher:	91
	Total vars:	99712
	Total clauses:	275792
	Test == masterkey, spend 12870815 clocks.
	Have 256 results, spent 27433502 clocks.
num_cipher:	92
	Total vars:	100800
	Total clauses:	278800
	Test == masterkey, spend 13018755 clocks.
	Have 256 results, spent 23254738 clocks.
num_cipher:	93
	Total vars:	101888
	Total clauses:	281808
	Test == masterkey, spend 13198690 clocks.
	Have 256 results, spent 26153307 clocks.
num_cipher:	94
	Total vars:	102976
	Total clauses:	284816
	Test == masterkey, spend 14261933 clocks.
	Have 256 results, spent 26699280 clocks.
num_cipher:	95
	Total vars:	104064
	Total clauses:	287824
	Test == masterkey, spend 14455721 clocks.
	Have 256 results, spent 26896296 clocks.
num_cipher:	96
	Total vars:	105152
	Total clauses:	290832
	Test == masterkey, spend 14304759 clocks.
	Have 256 results, spent 29301584 clocks.
num_cipher:	97
	Total vars:	106240
	Total clauses:	293840
	Test == masterkey, spend 13419228 clocks.
	Have 256 results, spent 28243097 clocks.
num_cipher:	98
	Total vars:	107328
	Total clauses:	296848
	Test == masterkey, spend 13024842 clocks.
	Have 256 results, spent 27285370 clocks.
num_cipher:	99
	Total vars:	108416
	Total clauses:	299856
	Test == masterkey, spend 15095542 clocks.
	Have 256 results, spent 30809108 clocks.
num_cipher:	100
	Total vars:	109504
	Total clauses:	302864
	Test == masterkey, spend 14219477 clocks.
	Have 256 results, spent 28572712 clocks.
num_cipher:	101
	Total vars:	110592
	Total clauses:	305872
	Test == masterkey, spend 13352276 clocks.
	Have 256 results, spent 29504890 clocks.
num_cipher:	102
	Total vars:	111680
	Total clauses:	308880
	Test == masterkey, spend 14906506 clocks.
	Have 256 results, spent 33526990 clocks.
num_cipher:	103
	Total vars:	112768
	Total clauses:	311888
	Test == masterkey, spend 14380312 clocks.
	Have 256 results, spent 33251880 clocks.
num_cipher:	104
	Total vars:	113856
	Total clauses:	314896
	Test == masterkey, spend 14451106 clocks.
	Have 256 results, spent 35597986 clocks.
num_cipher:	105
	Total vars:	114944
	Total clauses:	317904
	Test == masterkey, spend 15876009 clocks.
	Have 256 results, spent 31542210 clocks.
num_cipher:	106
	Total vars:	116032
	Total clauses:	320912
	Test == masterkey, spend 15363788 clocks.
	Have 256 results, spent 33386429 clocks.
num_cipher:	107
	Total vars:	117120
	Total clauses:	323920
	Test == masterkey, spend 14938730 clocks.
	Have 256 results, spent 32542585 clocks.
num_cipher:	108
	Total vars:	118208
	Total clauses:	326928
	Test == masterkey, spend 15987843 clocks.
	Have 256 results, spent 32471942 clocks.
num_cipher:	109
	Total vars:	119296
	Total clauses:	329936
	Test == masterkey, spend 15577646 clocks.
	Have 256 results, spent 33873194 clocks.
num_cipher:	110
	Total vars:	120384
	Total clauses:	332944
	Test == masterkey, spend 15471285 clocks.
	Have 256 results, spent 34036126 clocks.
num_cipher:	111
	Total vars:	121472
	Total clauses:	335952
	Test == masterkey, spend 16112272 clocks.
	Have 256 results, spent 35921862 clocks.
num_cipher:	112
	Total vars:	122560
	Total clauses:	338960
	Test == masterkey, spend 15824967 clocks.
	Have 256 results, spent 36284483 clocks.
num_cipher:	113
	Total vars:	123648
	Total clauses:	341968
	Test == masterkey, spend 15975208 clocks.
	Have 256 results, spent 38156239 clocks.
num_cipher:	114
	Total vars:	124736
	Total clauses:	344976
	Test == masterkey, spend 15383725 clocks.
	Have 256 results, spent 37208195 clocks.
num_cipher:	115
	Total vars:	125824
	Total clauses:	347984
	Test == masterkey, spend 18007201 clocks.
	Have 256 results, spent 39008088 clocks.
num_cipher:	116
	Total vars:	126912
	Total clauses:	350992
	Test == masterkey, spend 18271523 clocks.
	Have 256 results, spent 41348649 clocks.
num_cipher:	117
	Total vars:	128000
	Total clauses:	354000
	Test == masterkey, spend 17015089 clocks.
	Have 256 results, spent 39636146 clocks.
num_cipher:	118
	Total vars:	129088
	Total clauses:	357008
	Test == masterkey, spend 18447302 clocks.
	Have 256 results, spent 37409382 clocks.
num_cipher:	119
	Total vars:	130176
	Total clauses:	360016
	Test == masterkey, spend 17509037 clocks.
	Have 256 results, spent 38985360 clocks.
num_cipher:	120
	Total vars:	131264
	Total clauses:	363024
	Test == masterkey, spend 18687947 clocks.
	Have 256 results, spent 38393023 clocks.
num_cipher:	121
	Total vars:	132352
	Total clauses:	366032
	Test == masterkey, spend 19752934 clocks.
	Have 256 results, spent 44231091 clocks.
num_cipher:	122
	Total vars:	133440
	Total clauses:	369040
	Test == masterkey, spend 17602126 clocks.
	Have 256 results, spent 42142286 clocks.
num_cipher:	123
	Total vars:	134528
	Total clauses:	372048
	Test == masterkey, spend 19252241 clocks.
	Have 256 results, spent 43521669 clocks.
num_cipher:	124
	Total vars:	135616
	Total clauses:	375056
	Test == masterkey, spend 21153822 clocks.
	Have 256 results, spent 43022916 clocks.
num_cipher:	125
	Total vars:	136704
	Total clauses:	378064
	Test == masterkey, spend 19017679 clocks.
	Have 256 results, spent 43921323 clocks.
num_cipher:	126
	Total vars:	137792
	Total clauses:	381072
	Test == masterkey, spend 19351915 clocks.
	Have 256 results, spent 39739527 clocks.
num_cipher:	127
	Total vars:	138880
	Total clauses:	384080
	Test == masterkey, spend 19161085 clocks.
	Have 256 results, spent 44877678 clocks.
num_cipher:	128
	Total vars:	139968
	Total clauses:	387088
	Test == masterkey, spend 20994625 clocks.
	Have 256 results, spent 45200461 clocks.
---------------------------------------------------------------------------------------------------
	Command being timed: "./bin/present128NSNK 1 6 45 128"
	User time (seconds): 3093.00
	System time (seconds): 2.74
	Percent of CPU this job got: 99%
	Elapsed (wall clock) time (h:mm:ss or m:ss): 51:36.53
	Average shared text size (kbytes): 0
	Average unshared data size (kbytes): 0
	Average stack size (kbytes): 0
	Average total size (kbytes): 0
	Maximum resident set size (kbytes): 171692
	Average resident set size (kbytes): 0
	Major (requiring I/O) page faults: 0
	Minor (reclaiming a frame) page faults: 356872
	Voluntary context switches: 2
	Involuntary context switches: 10314
	Swaps: 0
	File system inputs: 0
	File system outputs: 560
	Socket messages sent: 0
	Socket messages received: 0
	Signals delivered: 0
	Page size (bytes): 4096
	Exit status: 0
