sbox:	1100 0101 0110 1011 1001 0000 1010 1101 0011 1110 1111 1000 0100 0111 0001 0010 
8 = (0+2+6')(2'+3+4'+6)(0'+2+3+4')(2+3'+4'+6)(2'+4+6'+7')(3+5'+6+7')(0'+4'+5+6')(1+4+6+7)(1'+4'+6'+7')(1+2'+3'+4)(0'+1'+3'+6)(3+4+5+7)(0'+2'+5'+7)(0+2'+3'+7)(1'+5'+6'+7)(2+4+5+6+7')(0+2'+5+6)(0'+1+4+5')(0+1'+4+5')(1+3+4'+5)(1+3'+4'+5'+7')(1+5+6+7')(2+3'+5+6')(1'+3+6'+7')(0+4'+5'+6')(1'+4'+6+7)
e_sbox:	1101 0101 0110 1011 1001 0000 1010 1101 0011 1110 1111 1000 0100 0111 0001 0010 
8 = (0'+2+6+7')(0+2+3+7)(0+1+2'+6)(2'+3+4'+6)(0+2+3'+4')(0'+1'+3+6')(1'+4'+6'+7')(1'+5'+6'+7)(1+5+6'+7)(1'+2'+6+7)(0'+1+2'+4)(0'+2+3'+5)(0'+2'+3'+7')(0+1'+4+7')(3'+4+5'+7)(0+4+5+6')(0'+1+2+3+5')(1+3+4'+5)(3+4+5'+7')(2'+4'+5'+7)(1+3'+5'+6'+7')(1'+3'+4'+5)(0+5'+6'+7')(4'+5'+6+7)(3+5+6+7)(1+4+5+6)(1'+3+4'+5')
PRESENT_MODE:	128
SAT_MODE:	2
	SBOX_MODE:	102
	KSR_HAVEERROR:	1
	ENCYPT_HAVEERROR:	1
AnalysesRounds:	6
MinCiphers:	45
MaxCiphers:	128
Threads:	1
Master_key:	01010011110001111100010110111011110010101111000111111010010011100111101001011110011100001011111101011111010110011100100010001110
---------------------------------------------------------------------------------------------------
num_cipher:	45
	Total vars:	49664
	Total clauses:	137424
	Test == masterkey, spend 2639545 clocks.
	Have 96 results, spent 8128450 clocks.
num_cipher:	46
	Total vars:	50752
	Total clauses:	140432
	Test == masterkey, spend 3289005 clocks.
	Have 96 results, spent 8099415 clocks.
num_cipher:	47
	Total vars:	51840
	Total clauses:	143440
	Test == masterkey, spend 3137299 clocks.
	Have 96 results, spent 8242489 clocks.
num_cipher:	48
	Total vars:	52928
	Total clauses:	146448
	Test == masterkey, spend 3526327 clocks.
	Have 96 results, spent 8541953 clocks.
num_cipher:	49
	Total vars:	54016
	Total clauses:	149456
	Test == masterkey, spend 3806540 clocks.
	Have 96 results, spent 6292596 clocks.
num_cipher:	50
	Total vars:	55104
	Total clauses:	152464
	Test == masterkey, spend 4225402 clocks.
	Have 96 results, spent 8432966 clocks.
num_cipher:	51
	Total vars:	56192
	Total clauses:	155472
	Test == masterkey, spend 3330764 clocks.
	Have 96 results, spent 6840581 clocks.
num_cipher:	52
	Total vars:	57280
	Total clauses:	158480
	Test == masterkey, spend 3944135 clocks.
	Have 96 results, spent 8051357 clocks.
num_cipher:	53
	Total vars:	58368
	Total clauses:	161488
	Test == masterkey, spend 5117131 clocks.
	Have 96 results, spent 6903690 clocks.
num_cipher:	54
	Total vars:	59456
	Total clauses:	164496
	Test == masterkey, spend 4970271 clocks.
	Have 96 results, spent 7398548 clocks.
num_cipher:	55
	Total vars:	60544
	Total clauses:	167504
	Test == masterkey, spend 4340412 clocks.
	Have 96 results, spent 7397173 clocks.
num_cipher:	56
	Total vars:	61632
	Total clauses:	170512
	Test == masterkey, spend 5475563 clocks.
	Have 96 results, spent 8152346 clocks.
num_cipher:	57
	Total vars:	62720
	Total clauses:	173520
	Test == masterkey, spend 4895736 clocks.
	Have 96 results, spent 7566806 clocks.
num_cipher:	58
	Total vars:	63808
	Total clauses:	176528
	Test == masterkey, spend 5465502 clocks.
	Have 96 results, spent 7380636 clocks.
num_cipher:	59
	Total vars:	64896
	Total clauses:	179536
	Test == masterkey, spend 4752707 clocks.
	Have 96 results, spent 9799798 clocks.
num_cipher:	60
	Total vars:	65984
	Total clauses:	182544
	Test == masterkey, spend 5882687 clocks.
	Have 96 results, spent 9646690 clocks.
num_cipher:	61
	Total vars:	67072
	Total clauses:	185552
	Test == masterkey, spend 6313810 clocks.
	Have 96 results, spent 9211846 clocks.
num_cipher:	62
	Total vars:	68160
	Total clauses:	188560
	Test == masterkey, spend 6301113 clocks.
	Have 96 results, spent 9394748 clocks.
num_cipher:	63
	Total vars:	69248
	Total clauses:	191568
	Test == masterkey, spend 6331195 clocks.
	Have 96 results, spent 9791212 clocks.
num_cipher:	64
	Total vars:	70336
	Total clauses:	194576
	Test == masterkey, spend 7222959 clocks.
	Have 96 results, spent 10000862 clocks.
num_cipher:	65
	Total vars:	71424
	Total clauses:	197584
	Test == masterkey, spend 6749111 clocks.
	Have 96 results, spent 10260026 clocks.
num_cipher:	66
	Total vars:	72512
	Total clauses:	200592
	Test == masterkey, spend 6864230 clocks.
	Have 96 results, spent 9576327 clocks.
num_cipher:	67
	Total vars:	73600
	Total clauses:	203600
	Test == masterkey, spend 6681193 clocks.
	Have 96 results, spent 10562823 clocks.
num_cipher:	68
	Total vars:	74688
	Total clauses:	206608
	Test == masterkey, spend 7490697 clocks.
	Have 96 results, spent 11424033 clocks.
num_cipher:	69
	Total vars:	75776
	Total clauses:	209616
	Test == masterkey, spend 6858191 clocks.
	Have 96 results, spent 10945968 clocks.
num_cipher:	70
	Total vars:	76864
	Total clauses:	212624
	Test == masterkey, spend 8502978 clocks.
	Have 96 results, spent 9819284 clocks.
num_cipher:	71
	Total vars:	77952
	Total clauses:	215632
	Test == masterkey, spend 6829115 clocks.
	Have 96 results, spent 12652672 clocks.
num_cipher:	72
	Total vars:	79040
	Total clauses:	218640
	Test == masterkey, spend 9049303 clocks.
	Have 96 results, spent 11442526 clocks.
num_cipher:	73
	Total vars:	80128
	Total clauses:	221648
	Test == masterkey, spend 7878330 clocks.
	Have 96 results, spent 12972385 clocks.
num_cipher:	74
	Total vars:	81216
	Total clauses:	224656
	Test == masterkey, spend 8865334 clocks.
	Have 96 results, spent 13659982 clocks.
num_cipher:	75
	Total vars:	82304
	Total clauses:	227664
	Test == masterkey, spend 9982740 clocks.
	Have 96 results, spent 13767836 clocks.
num_cipher:	76
	Total vars:	83392
	Total clauses:	230672
	Test == masterkey, spend 10665806 clocks.
	Have 96 results, spent 14334403 clocks.
num_cipher:	77
	Total vars:	84480
	Total clauses:	233680
	Test == masterkey, spend 10421087 clocks.
	Have 96 results, spent 12081579 clocks.
num_cipher:	78
	Total vars:	85568
	Total clauses:	236688
	Test == masterkey, spend 8756405 clocks.
	Have 96 results, spent 14328836 clocks.
num_cipher:	79
	Total vars:	86656
	Total clauses:	239696
	Test == masterkey, spend 10424908 clocks.
	Have 96 results, spent 15476004 clocks.
num_cipher:	80
	Total vars:	87744
	Total clauses:	242704
	Test == masterkey, spend 10749676 clocks.
	Have 96 results, spent 14848190 clocks.
num_cipher:	81
	Total vars:	88832
	Total clauses:	245712
	Test == masterkey, spend 11819805 clocks.
	Have 96 results, spent 14417930 clocks.
num_cipher:	82
	Total vars:	89920
	Total clauses:	248720
	Test == masterkey, spend 12010678 clocks.
	Have 96 results, spent 17195572 clocks.
num_cipher:	83
	Total vars:	91008
	Total clauses:	251728
	Test == masterkey, spend 12286449 clocks.
	Have 96 results, spent 14848447 clocks.
num_cipher:	84
	Total vars:	92096
	Total clauses:	254736
	Test == masterkey, spend 11856586 clocks.
	Have 96 results, spent 16931914 clocks.
num_cipher:	85
	Total vars:	93184
	Total clauses:	257744
	Test == masterkey, spend 11989115 clocks.
	Have 96 results, spent 18133623 clocks.
num_cipher:	86
	Total vars:	94272
	Total clauses:	260752
	Test == masterkey, spend 12205451 clocks.
	Have 96 results, spent 16937453 clocks.
num_cipher:	87
	Total vars:	95360
	Total clauses:	263760
	Test == masterkey, spend 12723227 clocks.
	Have 96 results, spent 16797702 clocks.
num_cipher:	88
	Total vars:	96448
	Total clauses:	266768
	Test == masterkey, spend 11620713 clocks.
	Have 96 results, spent 16819525 clocks.
num_cipher:	89
	Total vars:	97536
	Total clauses:	269776
	Test == masterkey, spend 13330164 clocks.
	Have 96 results, spent 17024975 clocks.
num_cipher:	90
	Total vars:	98624
	Total clauses:	272784
	Test == masterkey, spend 12026418 clocks.
	Have 96 results, spent 16203957 clocks.
num_cipher:	91
	Total vars:	99712
	Total clauses:	275792
	Test == masterkey, spend 13649958 clocks.
	Have 96 results, spent 19179009 clocks.
num_cipher:	92
	Total vars:	100800
	Total clauses:	278800
	Test == masterkey, spend 13109988 clocks.
	Have 96 results, spent 18184390 clocks.
num_cipher:	93
	Total vars:	101888
	Total clauses:	281808
	Test == masterkey, spend 12897992 clocks.
	Have 96 results, spent 17957278 clocks.
num_cipher:	94
	Total vars:	102976
	Total clauses:	284816
	Test == masterkey, spend 13630575 clocks.
	Have 96 results, spent 19833608 clocks.
num_cipher:	95
	Total vars:	104064
	Total clauses:	287824
	Test == masterkey, spend 14669631 clocks.
	Have 96 results, spent 18933239 clocks.
num_cipher:	96
	Total vars:	105152
	Total clauses:	290832
	Test == masterkey, spend 13391212 clocks.
	Have 96 results, spent 18225054 clocks.
num_cipher:	97
	Total vars:	106240
	Total clauses:	293840
	Test == masterkey, spend 13218959 clocks.
	Have 96 results, spent 22979739 clocks.
num_cipher:	98
	Total vars:	107328
	Total clauses:	296848
	Test == masterkey, spend 13925690 clocks.
	Have 96 results, spent 22324911 clocks.
num_cipher:	99
	Total vars:	108416
	Total clauses:	299856
	Test == masterkey, spend 13050860 clocks.
	Have 96 results, spent 20707379 clocks.
num_cipher:	100
	Total vars:	109504
	Total clauses:	302864
	Test == masterkey, spend 14963071 clocks.
	Have 96 results, spent 20944465 clocks.
num_cipher:	101
	Total vars:	110592
	Total clauses:	305872
	Test == masterkey, spend 14269581 clocks.
	Have 96 results, spent 25293311 clocks.
num_cipher:	102
	Total vars:	111680
	Total clauses:	308880
	Test == masterkey, spend 13528094 clocks.
	Have 96 results, spent 25061952 clocks.
num_cipher:	103
	Total vars:	112768
	Total clauses:	311888
	Test == masterkey, spend 15638700 clocks.
	Have 96 results, spent 23514489 clocks.
num_cipher:	104
	Total vars:	113856
	Total clauses:	314896
	Test == masterkey, spend 13447872 clocks.
	Have 96 results, spent 26053996 clocks.
num_cipher:	105
	Total vars:	114944
	Total clauses:	317904
	Test == masterkey, spend 14168055 clocks.
	Have 96 results, spent 25044123 clocks.
num_cipher:	106
	Total vars:	116032
	Total clauses:	320912
	Test == masterkey, spend 14672086 clocks.
	Have 96 results, spent 24276116 clocks.
num_cipher:	107
	Total vars:	117120
	Total clauses:	323920
	Test == masterkey, spend 14979770 clocks.
	Have 96 results, spent 27059380 clocks.
num_cipher:	108
	Total vars:	118208
	Total clauses:	326928
	Test == masterkey, spend 15224101 clocks.
	Have 96 results, spent 26649143 clocks.
num_cipher:	109
	Total vars:	119296
	Total clauses:	329936
	Test == masterkey, spend 14807798 clocks.
	Have 96 results, spent 28384816 clocks.
num_cipher:	110
	Total vars:	120384
	Total clauses:	332944
	Test == masterkey, spend 13525798 clocks.
	Have 96 results, spent 28635257 clocks.
num_cipher:	111
	Total vars:	121472
	Total clauses:	335952
	Test == masterkey, spend 16001328 clocks.
	Have 96 results, spent 28462644 clocks.
num_cipher:	112
	Total vars:	122560
	Total clauses:	338960
	Test == masterkey, spend 15210598 clocks.
	Have 96 results, spent 27439387 clocks.
num_cipher:	113
	Total vars:	123648
	Total clauses:	341968
	Test == masterkey, spend 15203842 clocks.
	Have 96 results, spent 32256340 clocks.
num_cipher:	114
	Total vars:	124736
	Total clauses:	344976
	Test == masterkey, spend 16280613 clocks.
	Have 96 results, spent 27797295 clocks.
num_cipher:	115
	Total vars:	125824
	Total clauses:	347984
	Test == masterkey, spend 17334502 clocks.
	Have 96 results, spent 30560755 clocks.
num_cipher:	116
	Total vars:	126912
	Total clauses:	350992
	Test == masterkey, spend 17272168 clocks.
	Have 96 results, spent 34007151 clocks.
num_cipher:	117
	Total vars:	128000
	Total clauses:	354000
	Test == masterkey, spend 17452479 clocks.
	Have 96 results, spent 32451066 clocks.
num_cipher:	118
	Total vars:	129088
	Total clauses:	357008
	Test == masterkey, spend 18665483 clocks.
	Have 96 results, spent 32175238 clocks.
num_cipher:	119
	Total vars:	130176
	Total clauses:	360016
	Test == masterkey, spend 17952070 clocks.
	Have 96 results, spent 34487251 clocks.
num_cipher:	120
	Total vars:	131264
	Total clauses:	363024
	Test == masterkey, spend 18133189 clocks.
	Have 96 results, spent 35616914 clocks.
num_cipher:	121
	Total vars:	132352
	Total clauses:	366032
	Test == masterkey, spend 17791310 clocks.
	Have 96 results, spent 37539698 clocks.
num_cipher:	122
	Total vars:	133440
	Total clauses:	369040
	Test == masterkey, spend 17220033 clocks.
	Have 96 results, spent 37888938 clocks.
num_cipher:	123
	Total vars:	134528
	Total clauses:	372048
	Test == masterkey, spend 19671956 clocks.
	Have 96 results, spent 34906936 clocks.
num_cipher:	124
	Total vars:	135616
	Total clauses:	375056
	Test == masterkey, spend 19100149 clocks.
	Have 96 results, spent 34413711 clocks.
num_cipher:	125
	Total vars:	136704
	Total clauses:	378064
	Test == masterkey, spend 18982305 clocks.
	Have 96 results, spent 39420379 clocks.
num_cipher:	126
	Total vars:	137792
	Total clauses:	381072
	Test == masterkey, spend 20981019 clocks.
	Have 96 results, spent 40931660 clocks.
num_cipher:	127
	Total vars:	138880
	Total clauses:	384080
	Test == masterkey, spend 20323623 clocks.
	Have 96 results, spent 36214042 clocks.
num_cipher:	128
	Total vars:	139968
	Total clauses:	387088
	Test == masterkey, spend 21002627 clocks.
	Have 96 results, spent 39064374 clocks.
---------------------------------------------------------------------------------------------------
	Command being timed: "./bin/present128NSNK 1 6 45 128"
	User time (seconds): 2673.77
	System time (seconds): 2.38
	Percent of CPU this job got: 99%
	Elapsed (wall clock) time (h:mm:ss or m:ss): 44:36.37
	Average shared text size (kbytes): 0
	Average unshared data size (kbytes): 0
	Average stack size (kbytes): 0
	Average total size (kbytes): 0
	Maximum resident set size (kbytes): 172768
	Average resident set size (kbytes): 0
	Major (requiring I/O) page faults: 0
	Minor (reclaiming a frame) page faults: 349162
	Voluntary context switches: 7
	Involuntary context switches: 2775
	Swaps: 0
	File system inputs: 0
	File system outputs: 1320
	Socket messages sent: 0
	Socket messages received: 0
	Signals delivered: 0
	Page size (bytes): 4096
	Exit status: 0
