sbox:	1100 0101 0110 1011 1001 0000 1010 1101 0011 1110 1111 1000 0100 0111 0001 0010 
8 = (0+2+6')(2'+3+4'+6)(0'+2+3+4')(2+3'+4'+6)(2'+4+6'+7')(3+5'+6+7')(0'+4'+5+6')(1+4+6+7)(1'+4'+6'+7')(1+2'+3'+4)(0'+1'+3'+6)(3+4+5+7)(0'+2'+5'+7)(0+2'+3'+7)(1'+5'+6'+7)(2+4+5+6+7')(0+2'+5+6)(0'+1+4+5')(0+1'+4+5')(1+3+4'+5)(1+3'+4'+5'+7')(1+5+6+7')(2+3'+5+6')(1'+3+6'+7')(0+4'+5'+6')(1'+4'+6+7)
e_sbox:	1101 0101 0110 1011 1001 0000 1010 1101 0011 1110 1111 1000 0100 0111 0001 0010 
8 = (0'+2+6+7')(0+2+3+7)(0+1+2'+6)(2'+3+4'+6)(0+2+3'+4')(0'+1'+3+6')(1'+4'+6'+7')(1'+5'+6'+7)(1+5+6'+7)(1'+2'+6+7)(0'+1+2'+4)(0'+2+3'+5)(0'+2'+3'+7')(0+1'+4+7')(3'+4+5'+7)(0+4+5+6')(0'+1+2+3+5')(1+3+4'+5)(3+4+5'+7')(2'+4'+5'+7)(1+3'+5'+6'+7')(1'+3'+4'+5)(0+5'+6'+7')(4'+5'+6+7)(3+5+6+7)(1+4+5+6)(1'+3+4'+5')
PRESENT_MODE:	128
SAT_MODE:	2
	SBOX_MODE:	102
	KSR_HAVEERROR:	1
	ENCYPT_HAVEERROR:	1
AnalysesRounds:	6
MinCiphers:	45
MaxCiphers:	128
Threads:	1
Master_key:	11001000000101011100010100011011000100010011011010011010000001110000100100000000100111000011110100000010010011001101100110000010
---------------------------------------------------------------------------------------------------
num_cipher:	45
	Total vars:	49664
	Total clauses:	137424
	Test == masterkey, spend 3020245 clocks.
	Have 224 results, spent 9241345 clocks.
num_cipher:	46
	Total vars:	50752
	Total clauses:	140432
	Test == masterkey, spend 3375465 clocks.
	Have 224 results, spent 8924177 clocks.
num_cipher:	47
	Total vars:	51840
	Total clauses:	143440
	Test == masterkey, spend 3597564 clocks.
	Have 224 results, spent 9141016 clocks.
num_cipher:	48
	Total vars:	52928
	Total clauses:	146448
	Test == masterkey, spend 3844385 clocks.
	Have 224 results, spent 9668055 clocks.
num_cipher:	49
	Total vars:	54016
	Total clauses:	149456
	Test == masterkey, spend 4351573 clocks.
	Have 224 results, spent 7424467 clocks.
num_cipher:	50
	Total vars:	55104
	Total clauses:	152464
	Test == masterkey, spend 4081555 clocks.
	Have 224 results, spent 8192288 clocks.
num_cipher:	51
	Total vars:	56192
	Total clauses:	155472
	Test == masterkey, spend 4468220 clocks.
	Have 224 results, spent 8580001 clocks.
num_cipher:	52
	Total vars:	57280
	Total clauses:	158480
	Test == masterkey, spend 4382756 clocks.
	Have 224 results, spent 9342864 clocks.
num_cipher:	53
	Total vars:	58368
	Total clauses:	161488
	Test == masterkey, spend 4624278 clocks.
	Have 224 results, spent 10191286 clocks.
num_cipher:	54
	Total vars:	59456
	Total clauses:	164496
	Test == masterkey, spend 4542647 clocks.
	Have 224 results, spent 11085184 clocks.
num_cipher:	55
	Total vars:	60544
	Total clauses:	167504
	Test == masterkey, spend 4784746 clocks.
	Have 224 results, spent 10348790 clocks.
num_cipher:	56
	Total vars:	61632
	Total clauses:	170512
	Test == masterkey, spend 4864314 clocks.
	Have 224 results, spent 10312245 clocks.
num_cipher:	57
	Total vars:	62720
	Total clauses:	173520
	Test == masterkey, spend 5386762 clocks.
	Have 224 results, spent 10360327 clocks.
num_cipher:	58
	Total vars:	63808
	Total clauses:	176528
	Test == masterkey, spend 5990700 clocks.
	Have 224 results, spent 10990407 clocks.
num_cipher:	59
	Total vars:	64896
	Total clauses:	179536
	Test == masterkey, spend 4341630 clocks.
	Have 224 results, spent 10403193 clocks.
num_cipher:	60
	Total vars:	65984
	Total clauses:	182544
	Test == masterkey, spend 5554868 clocks.
	Have 224 results, spent 10310989 clocks.
num_cipher:	61
	Total vars:	67072
	Total clauses:	185552
	Test == masterkey, spend 6269448 clocks.
	Have 224 results, spent 12827856 clocks.
num_cipher:	62
	Total vars:	68160
	Total clauses:	188560
	Test == masterkey, spend 7273831 clocks.
	Have 224 results, spent 12151707 clocks.
num_cipher:	63
	Total vars:	69248
	Total clauses:	191568
	Test == masterkey, spend 6186902 clocks.
	Have 224 results, spent 12560101 clocks.
num_cipher:	64
	Total vars:	70336
	Total clauses:	194576
	Test == masterkey, spend 6806191 clocks.
	Have 224 results, spent 13048948 clocks.
num_cipher:	65
	Total vars:	71424
	Total clauses:	197584
	Test == masterkey, spend 7304901 clocks.
	Have 224 results, spent 12229882 clocks.
num_cipher:	66
	Total vars:	72512
	Total clauses:	200592
	Test == masterkey, spend 6430768 clocks.
	Have 224 results, spent 13105699 clocks.
num_cipher:	67
	Total vars:	73600
	Total clauses:	203600
	Test == masterkey, spend 7369506 clocks.
	Have 224 results, spent 14806064 clocks.
num_cipher:	68
	Total vars:	74688
	Total clauses:	206608
	Test == masterkey, spend 7414062 clocks.
	Have 224 results, spent 14361623 clocks.
num_cipher:	69
	Total vars:	75776
	Total clauses:	209616
	Test == masterkey, spend 7811988 clocks.
	Have 224 results, spent 15161132 clocks.
num_cipher:	70
	Total vars:	76864
	Total clauses:	212624
	Test == masterkey, spend 7489257 clocks.
	Have 224 results, spent 15526554 clocks.
num_cipher:	71
	Total vars:	77952
	Total clauses:	215632
	Test == masterkey, spend 9293039 clocks.
	Have 224 results, spent 15663836 clocks.
num_cipher:	72
	Total vars:	79040
	Total clauses:	218640
	Test == masterkey, spend 8755233 clocks.
	Have 224 results, spent 16884830 clocks.
num_cipher:	73
	Total vars:	80128
	Total clauses:	221648
	Test == masterkey, spend 9718909 clocks.
	Have 224 results, spent 16473080 clocks.
num_cipher:	74
	Total vars:	81216
	Total clauses:	224656
	Test == masterkey, spend 9688220 clocks.
	Have 224 results, spent 18738423 clocks.
num_cipher:	75
	Total vars:	82304
	Total clauses:	227664
	Test == masterkey, spend 9990425 clocks.
	Have 112 results, spent 14977654 clocks.
num_cipher:	76
	Total vars:	83392
	Total clauses:	230672
	Test == masterkey, spend 10667620 clocks.
	Have 112 results, spent 15812228 clocks.
num_cipher:	77
	Total vars:	84480
	Total clauses:	233680
	Test == masterkey, spend 9914671 clocks.
	Have 112 results, spent 14623265 clocks.
num_cipher:	78
	Total vars:	85568
	Total clauses:	236688
	Test == masterkey, spend 10792144 clocks.
	Have 112 results, spent 16982033 clocks.
num_cipher:	79
	Total vars:	86656
	Total clauses:	239696
	Test == masterkey, spend 10565542 clocks.
	Have 112 results, spent 14692203 clocks.
num_cipher:	80
	Total vars:	87744
	Total clauses:	242704
	Test == masterkey, spend 10921154 clocks.
	Have 112 results, spent 13206359 clocks.
num_cipher:	81
	Total vars:	88832
	Total clauses:	245712
	Test == masterkey, spend 11246780 clocks.
	Have 112 results, spent 18845855 clocks.
num_cipher:	82
	Total vars:	89920
	Total clauses:	248720
	Test == masterkey, spend 12221107 clocks.
	Have 112 results, spent 15551177 clocks.
num_cipher:	83
	Total vars:	91008
	Total clauses:	251728
	Test == masterkey, spend 11862864 clocks.
	Have 112 results, spent 16094409 clocks.
num_cipher:	84
	Total vars:	92096
	Total clauses:	254736
	Test == masterkey, spend 11765622 clocks.
	Have 112 results, spent 18305770 clocks.
num_cipher:	85
	Total vars:	93184
	Total clauses:	257744
	Test == masterkey, spend 11074239 clocks.
	Have 112 results, spent 18663404 clocks.
num_cipher:	86
	Total vars:	94272
	Total clauses:	260752
	Test == masterkey, spend 12119975 clocks.
	Have 112 results, spent 18018811 clocks.
num_cipher:	87
	Total vars:	95360
	Total clauses:	263760
	Test == masterkey, spend 13217888 clocks.
	Have 112 results, spent 16747000 clocks.
num_cipher:	88
	Total vars:	96448
	Total clauses:	266768
	Test == masterkey, spend 12923970 clocks.
	Have 112 results, spent 19917923 clocks.
num_cipher:	89
	Total vars:	97536
	Total clauses:	269776
	Test == masterkey, spend 11784115 clocks.
	Have 112 results, spent 20745927 clocks.
num_cipher:	90
	Total vars:	98624
	Total clauses:	272784
	Test == masterkey, spend 12207550 clocks.
	Have 112 results, spent 22705478 clocks.
num_cipher:	91
	Total vars:	99712
	Total clauses:	275792
	Test == masterkey, spend 12644190 clocks.
	Have 112 results, spent 24907080 clocks.
num_cipher:	92
	Total vars:	100800
	Total clauses:	278800
	Test == masterkey, spend 13295350 clocks.
	Have 112 results, spent 21446661 clocks.
num_cipher:	93
	Total vars:	101888
	Total clauses:	281808
	Test == masterkey, spend 12861243 clocks.
	Have 112 results, spent 22681277 clocks.
num_cipher:	94
	Total vars:	102976
	Total clauses:	284816
	Test == masterkey, spend 13639731 clocks.
	Have 112 results, spent 23490550 clocks.
num_cipher:	95
	Total vars:	104064
	Total clauses:	287824
	Test == masterkey, spend 12418544 clocks.
	Have 112 results, spent 21102815 clocks.
num_cipher:	96
	Total vars:	105152
	Total clauses:	290832
	Test == masterkey, spend 11936246 clocks.
	Have 112 results, spent 25315690 clocks.
num_cipher:	97
	Total vars:	106240
	Total clauses:	293840
	Test == masterkey, spend 11798972 clocks.
	Have 112 results, spent 22892263 clocks.
num_cipher:	98
	Total vars:	107328
	Total clauses:	296848
	Test == masterkey, spend 13505958 clocks.
	Have 112 results, spent 23645656 clocks.
num_cipher:	99
	Total vars:	108416
	Total clauses:	299856
	Test == masterkey, spend 12950904 clocks.
	Have 112 results, spent 23983537 clocks.
num_cipher:	100
	Total vars:	109504
	Total clauses:	302864
	Test == masterkey, spend 13387079 clocks.
	Have 112 results, spent 27150072 clocks.
num_cipher:	101
	Total vars:	110592
	Total clauses:	305872
	Test == masterkey, spend 14137991 clocks.
	Have 112 results, spent 27539497 clocks.
num_cipher:	102
	Total vars:	111680
	Total clauses:	308880
	Test == masterkey, spend 14555105 clocks.
	Have 112 results, spent 25905471 clocks.
num_cipher:	103
	Total vars:	112768
	Total clauses:	311888
	Test == masterkey, spend 13087332 clocks.
	Have 112 results, spent 31000703 clocks.
num_cipher:	104
	Total vars:	113856
	Total clauses:	314896
	Test == masterkey, spend 14282091 clocks.
	Have 112 results, spent 29745537 clocks.
num_cipher:	105
	Total vars:	114944
	Total clauses:	317904
	Test == masterkey, spend 14456892 clocks.
	Have 112 results, spent 27221301 clocks.
num_cipher:	106
	Total vars:	116032
	Total clauses:	320912
	Test == masterkey, spend 14274569 clocks.
	Have 112 results, spent 30497646 clocks.
num_cipher:	107
	Total vars:	117120
	Total clauses:	323920
	Test == masterkey, spend 14581992 clocks.
	Have 112 results, spent 27424730 clocks.
num_cipher:	108
	Total vars:	118208
	Total clauses:	326928
	Test == masterkey, spend 15337059 clocks.
	Have 112 results, spent 28889502 clocks.
num_cipher:	109
	Total vars:	119296
	Total clauses:	329936
	Test == masterkey, spend 14535613 clocks.
	Have 112 results, spent 29040525 clocks.
num_cipher:	110
	Total vars:	120384
	Total clauses:	332944
	Test == masterkey, spend 16664163 clocks.
	Have 112 results, spent 31411115 clocks.
num_cipher:	111
	Total vars:	121472
	Total clauses:	335952
	Test == masterkey, spend 15132172 clocks.
	Have 112 results, spent 31546066 clocks.
num_cipher:	112
	Total vars:	122560
	Total clauses:	338960
	Test == masterkey, spend 17407008 clocks.
	Have 112 results, spent 32779475 clocks.
num_cipher:	113
	Total vars:	123648
	Total clauses:	341968
	Test == masterkey, spend 15101881 clocks.
	Have 112 results, spent 29882449 clocks.
num_cipher:	114
	Total vars:	124736
	Total clauses:	344976
	Test == masterkey, spend 17096842 clocks.
	Have 112 results, spent 32635640 clocks.
num_cipher:	115
	Total vars:	125824
	Total clauses:	347984
	Test == masterkey, spend 17444042 clocks.
	Have 112 results, spent 35141863 clocks.
num_cipher:	116
	Total vars:	126912
	Total clauses:	350992
	Test == masterkey, spend 18234331 clocks.
	Have 112 results, spent 33289900 clocks.
num_cipher:	117
	Total vars:	128000
	Total clauses:	354000
	Test == masterkey, spend 18559181 clocks.
	Have 112 results, spent 32050145 clocks.
num_cipher:	118
	Total vars:	129088
	Total clauses:	357008
	Test == masterkey, spend 16958815 clocks.
	Have 112 results, spent 33423976 clocks.
num_cipher:	119
	Total vars:	130176
	Total clauses:	360016
	Test == masterkey, spend 18199755 clocks.
	Have 112 results, spent 34912792 clocks.
num_cipher:	120
	Total vars:	131264
	Total clauses:	363024
	Test == masterkey, spend 18886418 clocks.
	Have 112 results, spent 36543928 clocks.
num_cipher:	121
	Total vars:	132352
	Total clauses:	366032
	Test == masterkey, spend 18889498 clocks.
	Have 112 results, spent 34805261 clocks.
num_cipher:	122
	Total vars:	133440
	Total clauses:	369040
	Test == masterkey, spend 19594389 clocks.
	Have 112 results, spent 37040243 clocks.
num_cipher:	123
	Total vars:	134528
	Total clauses:	372048
	Test == masterkey, spend 18411362 clocks.
	Have 112 results, spent 38646349 clocks.
num_cipher:	124
	Total vars:	135616
	Total clauses:	375056
	Test == masterkey, spend 19029638 clocks.
	Have 112 results, spent 36982132 clocks.
num_cipher:	125
	Total vars:	136704
	Total clauses:	378064
	Test == masterkey, spend 19306086 clocks.
	Have 112 results, spent 33422584 clocks.
num_cipher:	126
	Total vars:	137792
	Total clauses:	381072
	Test == masterkey, spend 19463136 clocks.
	Have 112 results, spent 38381452 clocks.
num_cipher:	127
	Total vars:	138880
	Total clauses:	384080
	Test == masterkey, spend 19634418 clocks.
	Have 112 results, spent 39790566 clocks.
num_cipher:	128
	Total vars:	139968
	Total clauses:	387088
	Test == masterkey, spend 20287467 clocks.
	Have 112 results, spent 39952823 clocks.
---------------------------------------------------------------------------------------------------
	Command being timed: "./bin/present128NSNK 1 6 45 128"
	User time (seconds): 2864.96
	System time (seconds): 2.11
	Percent of CPU this job got: 99%
	Elapsed (wall clock) time (h:mm:ss or m:ss): 47:47.59
	Average shared text size (kbytes): 0
	Average unshared data size (kbytes): 0
	Average stack size (kbytes): 0
	Average total size (kbytes): 0
	Maximum resident set size (kbytes): 176056
	Average resident set size (kbytes): 0
	Major (requiring I/O) page faults: 0
	Minor (reclaiming a frame) page faults: 225850
	Voluntary context switches: 0
	Involuntary context switches: 5109
	Swaps: 0
	File system inputs: 0
	File system outputs: 552
	Socket messages sent: 0
	Socket messages received: 0
	Signals delivered: 0
	Page size (bytes): 4096
	Exit status: 0
