sbox:	1100 0101 0110 1011 1001 0000 1010 1101 0011 1110 1111 1000 0100 0111 0001 0010 
8 = (0+2+6')(2'+3+4'+6)(0'+2+3+4')(2+3'+4'+6)(2'+4+6'+7')(3+5'+6+7')(0'+4'+5+6')(1+4+6+7)(1'+4'+6'+7')(1+2'+3'+4)(0'+1'+3'+6)(3+4+5+7)(0'+2'+5'+7)(0+2'+3'+7)(1'+5'+6'+7)(2+4+5+6+7')(0+2'+5+6)(0'+1+4+5')(0+1'+4+5')(1+3+4'+5)(1+3'+4'+5'+7')(1+5+6+7')(2+3'+5+6')(1'+3+6'+7')(0+4'+5'+6')(1'+4'+6+7)
e_sbox:	1101 0101 0110 1011 1001 0000 1010 1101 0011 1110 1111 1000 0100 0111 0001 0010 
8 = (0'+2+6+7')(0+2+3+7)(0+1+2'+6)(2'+3+4'+6)(0+2+3'+4')(0'+1'+3+6')(1'+4'+6'+7')(1'+5'+6'+7)(1+5+6'+7)(1'+2'+6+7)(0'+1+2'+4)(0'+2+3'+5)(0'+2'+3'+7')(0+1'+4+7')(3'+4+5'+7)(0+4+5+6')(0'+1+2+3+5')(1+3+4'+5)(3+4+5'+7')(2'+4'+5'+7)(1+3'+5'+6'+7')(1'+3'+4'+5)(0+5'+6'+7')(4'+5'+6+7)(3+5+6+7)(1+4+5+6)(1'+3+4'+5')
PRESENT_MODE:	128
SAT_MODE:	2
	SBOX_MODE:	102
	KSR_HAVEERROR:	1
	ENCYPT_HAVEERROR:	1
AnalysesRounds:	6
MinCiphers:	45
MaxCiphers:	128
Threads:	1
Master_key:	00001100011010111001101001110010100011110110110000010011110000011010100000110011001110010001111111010101011101011100001100000011
---------------------------------------------------------------------------------------------------
num_cipher:	45
	Total vars:	49664
	Total clauses:	137424
	Test == masterkey, spend 4427104 clocks.
	Have 72 results, spent 19573757 clocks.
num_cipher:	46
	Total vars:	50752
	Total clauses:	140432
	Test == masterkey, spend 4105756 clocks.
	Have 72 results, spent 12574162 clocks.
num_cipher:	47
	Total vars:	51840
	Total clauses:	143440
	Test == masterkey, spend 4142486 clocks.
	Have 72 results, spent 14490976 clocks.
num_cipher:	48
	Total vars:	52928
	Total clauses:	146448
	Test == masterkey, spend 3485548 clocks.
	Have 72 results, spent 14088937 clocks.
num_cipher:	49
	Total vars:	54016
	Total clauses:	149456
	Test == masterkey, spend 4298902 clocks.
	Have 72 results, spent 16740845 clocks.
num_cipher:	50
	Total vars:	55104
	Total clauses:	152464
	Test == masterkey, spend 4484890 clocks.
	Have 72 results, spent 16996071 clocks.
num_cipher:	51
	Total vars:	56192
	Total clauses:	155472
	Test == masterkey, spend 5107338 clocks.
	Have 72 results, spent 16115856 clocks.
num_cipher:	52
	Total vars:	57280
	Total clauses:	158480
	Test == masterkey, spend 5203268 clocks.
	Have 72 results, spent 15257961 clocks.
num_cipher:	53
	Total vars:	58368
	Total clauses:	161488
	Test == masterkey, spend 5390337 clocks.
	Have 72 results, spent 12350422 clocks.
num_cipher:	54
	Total vars:	59456
	Total clauses:	164496
	Test == masterkey, spend 5500937 clocks.
	Have 72 results, spent 20054381 clocks.
num_cipher:	55
	Total vars:	60544
	Total clauses:	167504
	Test == masterkey, spend 5614507 clocks.
	Have 72 results, spent 17453539 clocks.
num_cipher:	56
	Total vars:	61632
	Total clauses:	170512
	Test == masterkey, spend 6234125 clocks.
	Have 72 results, spent 17583645 clocks.
num_cipher:	57
	Total vars:	62720
	Total clauses:	173520
	Test == masterkey, spend 7093921 clocks.
	Have 72 results, spent 14271440 clocks.
num_cipher:	58
	Total vars:	63808
	Total clauses:	176528
	Test == masterkey, spend 6960770 clocks.
	Have 72 results, spent 13014075 clocks.
num_cipher:	59
	Total vars:	64896
	Total clauses:	179536
	Test == masterkey, spend 6517019 clocks.
	Have 72 results, spent 14215247 clocks.
num_cipher:	60
	Total vars:	65984
	Total clauses:	182544
	Test == masterkey, spend 6587185 clocks.
	Have 72 results, spent 14760073 clocks.
num_cipher:	61
	Total vars:	67072
	Total clauses:	185552
	Test == masterkey, spend 7644204 clocks.
	Have 72 results, spent 15228952 clocks.
num_cipher:	62
	Total vars:	68160
	Total clauses:	188560
	Test == masterkey, spend 7339628 clocks.
	Have 72 results, spent 19713399 clocks.
num_cipher:	63
	Total vars:	69248
	Total clauses:	191568
	Test == masterkey, spend 7899572 clocks.
	Have 72 results, spent 14535471 clocks.
num_cipher:	64
	Total vars:	70336
	Total clauses:	194576
	Test == masterkey, spend 8486051 clocks.
	Have 72 results, spent 16938563 clocks.
num_cipher:	65
	Total vars:	71424
	Total clauses:	197584
	Test == masterkey, spend 8301756 clocks.
	Have 72 results, spent 17215235 clocks.
num_cipher:	66
	Total vars:	72512
	Total clauses:	200592
	Test == masterkey, spend 8695502 clocks.
	Have 72 results, spent 15546254 clocks.
num_cipher:	67
	Total vars:	73600
	Total clauses:	203600
	Test == masterkey, spend 8586667 clocks.
	Have 72 results, spent 18233186 clocks.
num_cipher:	68
	Total vars:	74688
	Total clauses:	206608
	Test == masterkey, spend 8447139 clocks.
	Have 72 results, spent 17471900 clocks.
num_cipher:	69
	Total vars:	75776
	Total clauses:	209616
	Test == masterkey, spend 10068477 clocks.
	Have 72 results, spent 19953315 clocks.
num_cipher:	70
	Total vars:	76864
	Total clauses:	212624
	Test == masterkey, spend 9166225 clocks.
	Have 72 results, spent 19890845 clocks.
num_cipher:	71
	Total vars:	77952
	Total clauses:	215632
	Test == masterkey, spend 9807267 clocks.
	Have 72 results, spent 18900972 clocks.
num_cipher:	72
	Total vars:	79040
	Total clauses:	218640
	Test == masterkey, spend 10692795 clocks.
	Have 72 results, spent 21376160 clocks.
num_cipher:	73
	Total vars:	80128
	Total clauses:	221648
	Test == masterkey, spend 10333822 clocks.
	Have 72 results, spent 23003490 clocks.
num_cipher:	74
	Total vars:	81216
	Total clauses:	224656
	Test == masterkey, spend 12555848 clocks.
	Have 72 results, spent 20772086 clocks.
num_cipher:	75
	Total vars:	82304
	Total clauses:	227664
	Test == masterkey, spend 11092089 clocks.
	Have 72 results, spent 18737700 clocks.
num_cipher:	76
	Total vars:	83392
	Total clauses:	230672
	Test == masterkey, spend 13185754 clocks.
	Have 72 results, spent 22602741 clocks.
num_cipher:	77
	Total vars:	84480
	Total clauses:	233680
	Test == masterkey, spend 13067252 clocks.
	Have 72 results, spent 24745788 clocks.
num_cipher:	78
	Total vars:	85568
	Total clauses:	236688
	Test == masterkey, spend 11507456 clocks.
	Have 72 results, spent 24840935 clocks.
num_cipher:	79
	Total vars:	86656
	Total clauses:	239696
	Test == masterkey, spend 13946333 clocks.
	Have 72 results, spent 27100882 clocks.
num_cipher:	80
	Total vars:	87744
	Total clauses:	242704
	Test == masterkey, spend 14392871 clocks.
	Have 72 results, spent 24514318 clocks.
num_cipher:	81
	Total vars:	88832
	Total clauses:	245712
	Test == masterkey, spend 13504286 clocks.
	Have 72 results, spent 26862752 clocks.
num_cipher:	82
	Total vars:	89920
	Total clauses:	248720
	Test == masterkey, spend 14495781 clocks.
	Have 72 results, spent 26294508 clocks.
num_cipher:	83
	Total vars:	91008
	Total clauses:	251728
	Test == masterkey, spend 13988062 clocks.
	Have 72 results, spent 28942777 clocks.
num_cipher:	84
	Total vars:	92096
	Total clauses:	254736
	Test == masterkey, spend 14828987 clocks.
	Have 72 results, spent 26197197 clocks.
num_cipher:	85
	Total vars:	93184
	Total clauses:	257744
	Test == masterkey, spend 14746929 clocks.
	Have 72 results, spent 30333233 clocks.
num_cipher:	86
	Total vars:	94272
	Total clauses:	260752
	Test == masterkey, spend 14448783 clocks.
	Have 72 results, spent 24693456 clocks.
num_cipher:	87
	Total vars:	95360
	Total clauses:	263760
	Test == masterkey, spend 15123361 clocks.
	Have 72 results, spent 31474465 clocks.
num_cipher:	88
	Total vars:	96448
	Total clauses:	266768
	Test == masterkey, spend 14106723 clocks.
	Have 72 results, spent 28996269 clocks.
num_cipher:	89
	Total vars:	97536
	Total clauses:	269776
	Test == masterkey, spend 15147809 clocks.
	Have 72 results, spent 29997518 clocks.
num_cipher:	90
	Total vars:	98624
	Total clauses:	272784
	Test == masterkey, spend 14988359 clocks.
	Have 72 results, spent 30068408 clocks.
num_cipher:	91
	Total vars:	99712
	Total clauses:	275792
	Test == masterkey, spend 15546200 clocks.
	Have 72 results, spent 26932885 clocks.
num_cipher:	92
	Total vars:	100800
	Total clauses:	278800
	Test == masterkey, spend 13796703 clocks.
	Have 72 results, spent 28396973 clocks.
num_cipher:	93
	Total vars:	101888
	Total clauses:	281808
	Test == masterkey, spend 15403203 clocks.
	Have 72 results, spent 36496842 clocks.
num_cipher:	94
	Total vars:	102976
	Total clauses:	284816
	Test == masterkey, spend 14997853 clocks.
	Have 72 results, spent 31171287 clocks.
num_cipher:	95
	Total vars:	104064
	Total clauses:	287824
	Test == masterkey, spend 16231795 clocks.
	Have 72 results, spent 35574778 clocks.
num_cipher:	96
	Total vars:	105152
	Total clauses:	290832
	Test == masterkey, spend 17296857 clocks.
	Have 72 results, spent 34325229 clocks.
num_cipher:	97
	Total vars:	106240
	Total clauses:	293840
	Test == masterkey, spend 15633755 clocks.
	Have 72 results, spent 33550816 clocks.
num_cipher:	98
	Total vars:	107328
	Total clauses:	296848
	Test == masterkey, spend 15261687 clocks.
	Have 72 results, spent 32768379 clocks.
num_cipher:	99
	Total vars:	108416
	Total clauses:	299856
	Test == masterkey, spend 15169779 clocks.
	Have 72 results, spent 33634749 clocks.
num_cipher:	100
	Total vars:	109504
	Total clauses:	302864
	Test == masterkey, spend 14970045 clocks.
	Have 72 results, spent 34322662 clocks.
num_cipher:	101
	Total vars:	110592
	Total clauses:	305872
	Test == masterkey, spend 15640169 clocks.
	Have 72 results, spent 38838052 clocks.
num_cipher:	102
	Total vars:	111680
	Total clauses:	308880
	Test == masterkey, spend 17072454 clocks.
	Have 72 results, spent 37084140 clocks.
num_cipher:	103
	Total vars:	112768
	Total clauses:	311888
	Test == masterkey, spend 15879985 clocks.
	Have 72 results, spent 39655180 clocks.
num_cipher:	104
	Total vars:	113856
	Total clauses:	314896
	Test == masterkey, spend 16721976 clocks.
	Have 72 results, spent 40152898 clocks.
num_cipher:	105
	Total vars:	114944
	Total clauses:	317904
	Test == masterkey, spend 16875010 clocks.
	Have 72 results, spent 36760893 clocks.
num_cipher:	106
	Total vars:	116032
	Total clauses:	320912
	Test == masterkey, spend 16414032 clocks.
	Have 72 results, spent 38374813 clocks.
num_cipher:	107
	Total vars:	117120
	Total clauses:	323920
	Test == masterkey, spend 17372173 clocks.
	Have 72 results, spent 41754216 clocks.
num_cipher:	108
	Total vars:	118208
	Total clauses:	326928
	Test == masterkey, spend 17221711 clocks.
	Have 72 results, spent 38479634 clocks.
num_cipher:	109
	Total vars:	119296
	Total clauses:	329936
	Test == masterkey, spend 17970688 clocks.
	Have 72 results, spent 43605562 clocks.
num_cipher:	110
	Total vars:	120384
	Total clauses:	332944
	Test == masterkey, spend 17772968 clocks.
	Have 72 results, spent 40184361 clocks.
num_cipher:	111
	Total vars:	121472
	Total clauses:	335952
	Test == masterkey, spend 18923139 clocks.
	Have 72 results, spent 43691001 clocks.
num_cipher:	112
	Total vars:	122560
	Total clauses:	338960
	Test == masterkey, spend 18051239 clocks.
	Have 72 results, spent 42821721 clocks.
num_cipher:	113
	Total vars:	123648
	Total clauses:	341968
	Test == masterkey, spend 18905700 clocks.
	Have 72 results, spent 41644067 clocks.
num_cipher:	114
	Total vars:	124736
	Total clauses:	344976
	Test == masterkey, spend 19761017 clocks.
	Have 72 results, spent 41646785 clocks.
num_cipher:	115
	Total vars:	125824
	Total clauses:	347984
	Test == masterkey, spend 21232472 clocks.
	Have 72 results, spent 45585580 clocks.
num_cipher:	116
	Total vars:	126912
	Total clauses:	350992
	Test == masterkey, spend 20604841 clocks.
	Have 72 results, spent 42714146 clocks.
num_cipher:	117
	Total vars:	128000
	Total clauses:	354000
	Test == masterkey, spend 18177052 clocks.
	Have 72 results, spent 42494407 clocks.
num_cipher:	118
	Total vars:	129088
	Total clauses:	357008
	Test == masterkey, spend 18663339 clocks.
	Have 72 results, spent 43974330 clocks.
num_cipher:	119
	Total vars:	130176
	Total clauses:	360016
	Test == masterkey, spend 19998047 clocks.
	Have 72 results, spent 43857107 clocks.
num_cipher:	120
	Total vars:	131264
	Total clauses:	363024
	Test == masterkey, spend 20940792 clocks.
	Have 72 results, spent 49531155 clocks.
num_cipher:	121
	Total vars:	132352
	Total clauses:	366032
	Test == masterkey, spend 21490427 clocks.
	Have 72 results, spent 47447998 clocks.
num_cipher:	122
	Total vars:	133440
	Total clauses:	369040
	Test == masterkey, spend 20798793 clocks.
	Have 72 results, spent 48183452 clocks.
num_cipher:	123
	Total vars:	134528
	Total clauses:	372048
	Test == masterkey, spend 21325172 clocks.
	Have 72 results, spent 47542025 clocks.
num_cipher:	124
	Total vars:	135616
	Total clauses:	375056
	Test == masterkey, spend 20917069 clocks.
	Have 72 results, spent 48992717 clocks.
num_cipher:	125
	Total vars:	136704
	Total clauses:	378064
	Test == masterkey, spend 20950202 clocks.
	Have 72 results, spent 52107885 clocks.
num_cipher:	126
	Total vars:	137792
	Total clauses:	381072
	Test == masterkey, spend 21009553 clocks.
	Have 72 results, spent 52445426 clocks.
num_cipher:	127
	Total vars:	138880
	Total clauses:	384080
	Test == masterkey, spend 21451057 clocks.
	Have 72 results, spent 50972754 clocks.
num_cipher:	128
	Total vars:	139968
	Total clauses:	387088
	Test == masterkey, spend 22990714 clocks.
	Have 72 results, spent 50736317 clocks.
---------------------------------------------------------------------------------------------------
	Command being timed: "./bin/present128NSNK 1 6 45 128"
	User time (seconds): 3745.39
	System time (seconds): 4.73
	Percent of CPU this job got: 99%
	Elapsed (wall clock) time (h:mm:ss or m:ss): 1:02:30
	Average shared text size (kbytes): 0
	Average unshared data size (kbytes): 0
	Average stack size (kbytes): 0
	Average total size (kbytes): 0
	Maximum resident set size (kbytes): 176200
	Average resident set size (kbytes): 0
	Major (requiring I/O) page faults: 0
	Minor (reclaiming a frame) page faults: 316037
	Voluntary context switches: 2
	Involuntary context switches: 2529
	Swaps: 0
	File system inputs: 0
	File system outputs: 1336
	Socket messages sent: 0
	Socket messages received: 0
	Signals delivered: 0
	Page size (bytes): 4096
	Exit status: 0
