sbox:	1100 0101 0110 1011 1001 0000 1010 1101 0011 1110 1111 1000 0100 0111 0001 0010 
8 = (0+2+6')(2'+3+4'+6)(0'+2+3+4')(2+3'+4'+6)(2'+4+6'+7')(3+5'+6+7')(0'+4'+5+6')(1+4+6+7)(1'+4'+6'+7')(1+2'+3'+4)(0'+1'+3'+6)(3+4+5+7)(0'+2'+5'+7)(0+2'+3'+7)(1'+5'+6'+7)(2+4+5+6+7')(0+2'+5+6)(0'+1+4+5')(0+1'+4+5')(1+3+4'+5)(1+3'+4'+5'+7')(1+5+6+7')(2+3'+5+6')(1'+3+6'+7')(0+4'+5'+6')(1'+4'+6+7)
e_sbox:	1101 0101 0110 1011 1001 0000 1010 1101 0011 1110 1111 1000 0100 0111 0001 0010 
8 = (0'+2+6+7')(0+2+3+7)(0+1+2'+6)(2'+3+4'+6)(0+2+3'+4')(0'+1'+3+6')(1'+4'+6'+7')(1'+5'+6'+7)(1+5+6'+7)(1'+2'+6+7)(0'+1+2'+4)(0'+2+3'+5)(0'+2'+3'+7')(0+1'+4+7')(3'+4+5'+7)(0+4+5+6')(0'+1+2+3+5')(1+3+4'+5)(3+4+5'+7')(2'+4'+5'+7)(1+3'+5'+6'+7')(1'+3'+4'+5)(0+5'+6'+7')(4'+5'+6+7)(3+5+6+7)(1+4+5+6)(1'+3+4'+5')
PRESENT_MODE:	128
SAT_MODE:	2
	SBOX_MODE:	102
	KSR_HAVEERROR:	1
	ENCYPT_HAVEERROR:	1
AnalysesRounds:	6
MinCiphers:	45
MaxCiphers:	128
Threads:	1
Master_key:	01110010011001101111010100110011100000011011001000111010110110110011100100010111110000000010011111010010000100100000101010010001
---------------------------------------------------------------------------------------------------
num_cipher:	45
	Total vars:	49664
	Total clauses:	137424
	Test == masterkey, spend 2786746 clocks.
	Have more than 1024 results, spent 12233569 clocks.
num_cipher:	46
	Total vars:	50752
	Total clauses:	140432
	Test == masterkey, spend 2984774 clocks.
	Have more than 1024 results, spent 14154891 clocks.
num_cipher:	47
	Total vars:	51840
	Total clauses:	143440
	Test == masterkey, spend 3472949 clocks.
	Have more than 1024 results, spent 16316977 clocks.
num_cipher:	48
	Total vars:	52928
	Total clauses:	146448
	Test == masterkey, spend 4101780 clocks.
	Have more than 1024 results, spent 14051086 clocks.
num_cipher:	49
	Total vars:	54016
	Total clauses:	149456
	Test == masterkey, spend 3733192 clocks.
	Have more than 1024 results, spent 15034702 clocks.
num_cipher:	50
	Total vars:	55104
	Total clauses:	152464
	Test == masterkey, spend 4187592 clocks.
	Have more than 1024 results, spent 14777038 clocks.
num_cipher:	51
	Total vars:	56192
	Total clauses:	155472
	Test == masterkey, spend 4337377 clocks.
	Have more than 1024 results, spent 16798271 clocks.
num_cipher:	52
	Total vars:	57280
	Total clauses:	158480
	Test == masterkey, spend 4730486 clocks.
	Have more than 1024 results, spent 16529844 clocks.
num_cipher:	53
	Total vars:	58368
	Total clauses:	161488
	Test == masterkey, spend 4659987 clocks.
	Have more than 1024 results, spent 17272869 clocks.
num_cipher:	54
	Total vars:	59456
	Total clauses:	164496
	Test == masterkey, spend 4980099 clocks.
	Have more than 1024 results, spent 17550084 clocks.
num_cipher:	55
	Total vars:	60544
	Total clauses:	167504
	Test == masterkey, spend 5202344 clocks.
	Have more than 1024 results, spent 17149857 clocks.
num_cipher:	56
	Total vars:	61632
	Total clauses:	170512
	Test == masterkey, spend 5786902 clocks.
	Have more than 1024 results, spent 19433954 clocks.
num_cipher:	57
	Total vars:	62720
	Total clauses:	173520
	Test == masterkey, spend 6191320 clocks.
	Have more than 1024 results, spent 20464145 clocks.
num_cipher:	58
	Total vars:	63808
	Total clauses:	176528
	Test == masterkey, spend 5128873 clocks.
	Have more than 1024 results, spent 20069296 clocks.
num_cipher:	59
	Total vars:	64896
	Total clauses:	179536
	Test == masterkey, spend 5860119 clocks.
	Have more than 1024 results, spent 20121036 clocks.
num_cipher:	60
	Total vars:	65984
	Total clauses:	182544
	Test == masterkey, spend 5893492 clocks.
	Have more than 1024 results, spent 21095378 clocks.
num_cipher:	61
	Total vars:	67072
	Total clauses:	185552
	Test == masterkey, spend 5762289 clocks.
	Have more than 1024 results, spent 20722620 clocks.
num_cipher:	62
	Total vars:	68160
	Total clauses:	188560
	Test == masterkey, spend 6487842 clocks.
	Have more than 1024 results, spent 24657483 clocks.
num_cipher:	63
	Total vars:	69248
	Total clauses:	191568
	Test == masterkey, spend 5925062 clocks.
	Have more than 1024 results, spent 21850521 clocks.
num_cipher:	64
	Total vars:	70336
	Total clauses:	194576
	Test == masterkey, spend 6633222 clocks.
	Have more than 1024 results, spent 22188287 clocks.
num_cipher:	65
	Total vars:	71424
	Total clauses:	197584
	Test == masterkey, spend 6356951 clocks.
	Have more than 1024 results, spent 25229104 clocks.
num_cipher:	66
	Total vars:	72512
	Total clauses:	200592
	Test == masterkey, spend 6322364 clocks.
	Have more than 1024 results, spent 23693934 clocks.
num_cipher:	67
	Total vars:	73600
	Total clauses:	203600
	Test == masterkey, spend 7303925 clocks.
	Have more than 1024 results, spent 19803602 clocks.
num_cipher:	68
	Total vars:	74688
	Total clauses:	206608
	Test == masterkey, spend 8039306 clocks.
	Have more than 1024 results, spent 24728221 clocks.
num_cipher:	69
	Total vars:	75776
	Total clauses:	209616
	Test == masterkey, spend 7550936 clocks.
	Have more than 1024 results, spent 23190108 clocks.
num_cipher:	70
	Total vars:	76864
	Total clauses:	212624
	Test == masterkey, spend 7567948 clocks.
	Have more than 1024 results, spent 23487626 clocks.
num_cipher:	71
	Total vars:	77952
	Total clauses:	215632
	Test == masterkey, spend 8218638 clocks.
	Have more than 1024 results, spent 25710148 clocks.
num_cipher:	72
	Total vars:	79040
	Total clauses:	218640
	Test == masterkey, spend 8362112 clocks.
	Have more than 1024 results, spent 26940028 clocks.
num_cipher:	73
	Total vars:	80128
	Total clauses:	221648
	Test == masterkey, spend 8563651 clocks.
	Have more than 1024 results, spent 28206271 clocks.
num_cipher:	74
	Total vars:	81216
	Total clauses:	224656
	Test == masterkey, spend 8780301 clocks.
	Have more than 1024 results, spent 24408936 clocks.
num_cipher:	75
	Total vars:	82304
	Total clauses:	227664
	Test == masterkey, spend 10331733 clocks.
	Have more than 1024 results, spent 24868675 clocks.
num_cipher:	76
	Total vars:	83392
	Total clauses:	230672
	Test == masterkey, spend 10525503 clocks.
	Have more than 1024 results, spent 24916397 clocks.
num_cipher:	77
	Total vars:	84480
	Total clauses:	233680
	Test == masterkey, spend 10107383 clocks.
	Have more than 1024 results, spent 25566168 clocks.
num_cipher:	78
	Total vars:	85568
	Total clauses:	236688
	Test == masterkey, spend 12177375 clocks.
	Have more than 1024 results, spent 30420678 clocks.
num_cipher:	79
	Total vars:	86656
	Total clauses:	239696
	Test == masterkey, spend 10768328 clocks.
	Have more than 1024 results, spent 31405365 clocks.
num_cipher:	80
	Total vars:	87744
	Total clauses:	242704
	Test == masterkey, spend 11789186 clocks.
	Have more than 1024 results, spent 30452828 clocks.
num_cipher:	81
	Total vars:	88832
	Total clauses:	245712
	Test == masterkey, spend 11695161 clocks.
	Have more than 1024 results, spent 33893904 clocks.
num_cipher:	82
	Total vars:	89920
	Total clauses:	248720
	Test == masterkey, spend 13064660 clocks.
	Have more than 1024 results, spent 29784576 clocks.
num_cipher:	83
	Total vars:	91008
	Total clauses:	251728
	Test == masterkey, spend 13444352 clocks.
	Have more than 1024 results, spent 31951956 clocks.
num_cipher:	84
	Total vars:	92096
	Total clauses:	254736
	Test == masterkey, spend 12758976 clocks.
	Have more than 1024 results, spent 31131546 clocks.
num_cipher:	85
	Total vars:	93184
	Total clauses:	257744
	Test == masterkey, spend 13806430 clocks.
	Have more than 1024 results, spent 31478360 clocks.
num_cipher:	86
	Total vars:	94272
	Total clauses:	260752
	Test == masterkey, spend 14236606 clocks.
	Have more than 1024 results, spent 32507134 clocks.
num_cipher:	87
	Total vars:	95360
	Total clauses:	263760
	Test == masterkey, spend 12318183 clocks.
	Have more than 1024 results, spent 32143858 clocks.
num_cipher:	88
	Total vars:	96448
	Total clauses:	266768
	Test == masterkey, spend 13675286 clocks.
	Have more than 1024 results, spent 37985836 clocks.
num_cipher:	89
	Total vars:	97536
	Total clauses:	269776
	Test == masterkey, spend 14541907 clocks.
	Have more than 1024 results, spent 36253048 clocks.
num_cipher:	90
	Total vars:	98624
	Total clauses:	272784
	Test == masterkey, spend 14867666 clocks.
	Have more than 1024 results, spent 40481555 clocks.
num_cipher:	91
	Total vars:	99712
	Total clauses:	275792
	Test == masterkey, spend 14829079 clocks.
	Have more than 1024 results, spent 35557716 clocks.
num_cipher:	92
	Total vars:	100800
	Total clauses:	278800
	Test == masterkey, spend 15557884 clocks.
	Have more than 1024 results, spent 37599282 clocks.
num_cipher:	93
	Total vars:	101888
	Total clauses:	281808
	Test == masterkey, spend 15002320 clocks.
	Have more than 1024 results, spent 37999283 clocks.
num_cipher:	94
	Total vars:	102976
	Total clauses:	284816
	Test == masterkey, spend 13455882 clocks.
	Have more than 1024 results, spent 42497164 clocks.
num_cipher:	95
	Total vars:	104064
	Total clauses:	287824
	Test == masterkey, spend 15696146 clocks.
	Have more than 1024 results, spent 40033054 clocks.
num_cipher:	96
	Total vars:	105152
	Total clauses:	290832
	Test == masterkey, spend 14501142 clocks.
	Have more than 1024 results, spent 39630060 clocks.
num_cipher:	97
	Total vars:	106240
	Total clauses:	293840
	Test == masterkey, spend 15143392 clocks.
	Have more than 1024 results, spent 40816254 clocks.
num_cipher:	98
	Total vars:	107328
	Total clauses:	296848
	Test == masterkey, spend 15610187 clocks.
	Have more than 1024 results, spent 42379424 clocks.
num_cipher:	99
	Total vars:	108416
	Total clauses:	299856
	Test == masterkey, spend 13424039 clocks.
	Have more than 1024 results, spent 41683226 clocks.
num_cipher:	100
	Total vars:	109504
	Total clauses:	302864
	Test == masterkey, spend 15647659 clocks.
	Have more than 1024 results, spent 41909792 clocks.
num_cipher:	101
	Total vars:	110592
	Total clauses:	305872
	Test == masterkey, spend 15305921 clocks.
	Have more than 1024 results, spent 42796780 clocks.
num_cipher:	102
	Total vars:	111680
	Total clauses:	308880
	Test == masterkey, spend 15553593 clocks.
	Have more than 1024 results, spent 44053922 clocks.
num_cipher:	103
	Total vars:	112768
	Total clauses:	311888
	Test == masterkey, spend 15153068 clocks.
	Have more than 1024 results, spent 45457678 clocks.
num_cipher:	104
	Total vars:	113856
	Total clauses:	314896
	Test == masterkey, spend 13382377 clocks.
	Have more than 1024 results, spent 47682880 clocks.
num_cipher:	105
	Total vars:	114944
	Total clauses:	317904
	Test == masterkey, spend 15915221 clocks.
	Have more than 1024 results, spent 50919501 clocks.
num_cipher:	106
	Total vars:	116032
	Total clauses:	320912
	Test == masterkey, spend 16921076 clocks.
	Have more than 1024 results, spent 48496549 clocks.
num_cipher:	107
	Total vars:	117120
	Total clauses:	323920
	Test == masterkey, spend 16850468 clocks.
	Have more than 1024 results, spent 48348417 clocks.
num_cipher:	108
	Total vars:	118208
	Total clauses:	326928
	Test == masterkey, spend 17433738 clocks.
	Have more than 1024 results, spent 48402079 clocks.
num_cipher:	109
	Total vars:	119296
	Total clauses:	329936
	Test == masterkey, spend 15327082 clocks.
	Have more than 1024 results, spent 53278573 clocks.
num_cipher:	110
	Total vars:	120384
	Total clauses:	332944
	Test == masterkey, spend 16599055 clocks.
	Have more than 1024 results, spent 49251908 clocks.
num_cipher:	111
	Total vars:	121472
	Total clauses:	335952
	Test == masterkey, spend 18661416 clocks.
	Have more than 1024 results, spent 50856959 clocks.
num_cipher:	112
	Total vars:	122560
	Total clauses:	338960
	Test == masterkey, spend 17075616 clocks.
	Have more than 1024 results, spent 50560001 clocks.
num_cipher:	113
	Total vars:	123648
	Total clauses:	341968
	Test == masterkey, spend 14925769 clocks.
	Have more than 1024 results, spent 52836658 clocks.
num_cipher:	114
	Total vars:	124736
	Total clauses:	344976
	Test == masterkey, spend 17321951 clocks.
	Have more than 1024 results, spent 53501798 clocks.
num_cipher:	115
	Total vars:	125824
	Total clauses:	347984
	Test == masterkey, spend 17792090 clocks.
	Have more than 1024 results, spent 53436481 clocks.
num_cipher:	116
	Total vars:	126912
	Total clauses:	350992
	Test == masterkey, spend 17919962 clocks.
	Have more than 1024 results, spent 54457506 clocks.
num_cipher:	117
	Total vars:	128000
	Total clauses:	354000
	Test == masterkey, spend 19231901 clocks.
	Have more than 1024 results, spent 54665490 clocks.
num_cipher:	118
	Total vars:	129088
	Total clauses:	357008
	Test == masterkey, spend 16803618 clocks.
	Have more than 1024 results, spent 57027937 clocks.
num_cipher:	119
	Total vars:	130176
	Total clauses:	360016
	Test == masterkey, spend 17331510 clocks.
	Have more than 1024 results, spent 55921787 clocks.
num_cipher:	120
	Total vars:	131264
	Total clauses:	363024
	Test == masterkey, spend 19657798 clocks.
	Have more than 1024 results, spent 58549094 clocks.
num_cipher:	121
	Total vars:	132352
	Total clauses:	366032
	Test == masterkey, spend 19028274 clocks.
	Have more than 1024 results, spent 62005169 clocks.
num_cipher:	122
	Total vars:	133440
	Total clauses:	369040
	Test == masterkey, spend 18896208 clocks.
	Have more than 1024 results, spent 62509038 clocks.
num_cipher:	123
	Total vars:	134528
	Total clauses:	372048
	Test == masterkey, spend 18251184 clocks.
	Have more than 1024 results, spent 62572513 clocks.
num_cipher:	124
	Total vars:	135616
	Total clauses:	375056
	Test == masterkey, spend 20552236 clocks.
	Have more than 1024 results, spent 64731146 clocks.
num_cipher:	125
	Total vars:	136704
	Total clauses:	378064
	Test == masterkey, spend 18906514 clocks.
	Have more than 1024 results, spent 67624655 clocks.
num_cipher:	126
	Total vars:	137792
	Total clauses:	381072
	Test == masterkey, spend 21127201 clocks.
	Have more than 1024 results, spent 61296663 clocks.
num_cipher:	127
	Total vars:	138880
	Total clauses:	384080
	Test == masterkey, spend 19665534 clocks.
	Have more than 1024 results, spent 64734718 clocks.
num_cipher:	128
	Total vars:	139968
	Total clauses:	387088
	Test == masterkey, spend 20326485 clocks.
	Have more than 1024 results, spent 64525698 clocks.
---------------------------------------------------------------------------------------------------
	Command being timed: "./bin/present128NSNK 1 6 45 128"
	User time (seconds): 4166.54
	System time (seconds): 8.33
	Percent of CPU this job got: 99%
	Elapsed (wall clock) time (h:mm:ss or m:ss): 1:09:35
	Average shared text size (kbytes): 0
	Average unshared data size (kbytes): 0
	Average stack size (kbytes): 0
	Average total size (kbytes): 0
	Maximum resident set size (kbytes): 174084
	Average resident set size (kbytes): 0
	Major (requiring I/O) page faults: 0
	Minor (reclaiming a frame) page faults: 320636
	Voluntary context switches: 2
	Involuntary context switches: 6579
	Swaps: 0
	File system inputs: 0
	File system outputs: 1352
	Socket messages sent: 0
	Socket messages received: 0
	Signals delivered: 0
	Page size (bytes): 4096
	Exit status: 0
