sbox:	1100 0101 0110 1011 1001 0000 1010 1101 0011 1110 1111 1000 0100 0111 0001 0010 
8 = (3+1+5')(1'+0+7'+5)(3'+1+0+7')(1+0'+7'+5)(1'+7+5'+4')(0+6'+5+4')(3'+7'+6+5')(2+7+5+4)(2'+7'+5'+4')(2+1'+0'+7)(3'+2'+0'+5)(0+7+6+4)(3'+1'+6'+4)(3+1'+0'+4)(2'+6'+5'+4)(1+7+6+5+4')(3+1'+6+5)(3'+2+7+6')(3+2'+7+6')(2+0+7'+6)(2+0'+7'+6'+4')(2+6+5+4')(1+0'+6+5')(2'+0+5'+4')(3+7'+6'+5')(2'+7'+5+4)
e_sbox:	1101 0101 0110 1011 1001 0000 1010 1101 0011 1110 1111 1000 0100 0111 0001 0010 
8 = (3'+1+5+4')(3+1+0+4)(3+2+1'+5)(1'+0+7'+5)(3+1+0'+7')(3'+2'+0+5')(2'+7'+5'+4')(2'+6'+5'+4)(2+6+5'+4)(2'+1'+5+4)(3'+2+1'+7)(3'+1+0'+6)(3'+1'+0'+4')(3+2'+7+4')(0'+7+6'+4)(3+7+6+5')(3'+2+1+0+6')(2+0+7'+6)(0+7+6'+4')(1'+7'+6'+4)(2+0'+6'+5'+4')(2'+0'+7'+6)(3+6'+5'+4')(7'+6'+5+4)(0+6+5+4)(2+7+6+5)(2'+0+7'+6')
Max time :	3600
PRESENT_MODE:	128
SAT_MODE:	2
	SBOX_MODE:	102
	KSR_HAVEERROR:	1
	ENCYPT_HAVEERROR:	1
AnalysesRounds:	7
MinCiphers:	25
MaxCiphers:	60
Threads:	1
Master_key:	11000001010000010011100100100000100101101000000011101010010111000100010000011111110100101111100011011000100001001001101001101100
---------------------------------------------------------------------------------------------------
num_cipher:	25
	Total vars:	32704
	Total clauses:	91664
	Test == masterkey, spend 1463458 clocks.
	Not solved within3600 seconds, Have 0 results.
num_cipher:	26
	Total vars:	33984
	Total clauses:	95248
	Test == masterkey, spend 1483869 clocks.
	Not solved within3600 seconds, Have 0 results.
num_cipher:	27
	Total vars:	35264
	Total clauses:	98832
	Test == masterkey, spend 1739770 clocks.
	Not solved within3600 seconds, Have 0 results.
num_cipher:	28
	Total vars:	36544
	Total clauses:	102416
	Test == masterkey, spend 1829945 clocks.
	Not solved within3600 seconds, Have 0 results.
num_cipher:	29
	Total vars:	37824
	Total clauses:	106000
	Test == masterkey, spend 2011741 clocks.
	Not solved within3600 seconds, Have 0 results.
num_cipher:	30
	Total vars:	39104
	Total clauses:	109584
	Test == masterkey, spend 2250416 clocks.
	Not solved within3600 seconds, Have 0 results.
num_cipher:	31
	Total vars:	40384
	Total clauses:	113168
	Test == masterkey, spend 2004130 clocks.
	Not solved within3600 seconds, Have 0 results.
num_cipher:	32
	Total vars:	41664
	Total clauses:	116752
	Test == masterkey, spend 2701873 clocks.
	Not solved within3600 seconds, Have 0 results.
num_cipher:	33
	Total vars:	42944
	Total clauses:	120336
	Test == masterkey, spend 2341865 clocks.
	Not solved within3600 seconds, Have 0 results.
num_cipher:	34
	Total vars:	44224
	Total clauses:	123920
	Test == masterkey, spend 2585773 clocks.
解得主密钥:  1	11000001010000010011100100100000100101101000000011101010010111000100010000011111110100101111100011011000100001001001101001101100
	Not solved within3600 seconds, Have 2 results.
num_cipher:	35
	Total vars:	45504
	Total clauses:	127504
	Test == masterkey, spend 2832912 clocks.
解得主密钥:  1	11000001010000010011100100100000100101101000000011101010010111000100010000011111110100101111100011011000100001001001101001101100
	Have 4 results, spent 1350158308 clocks.
num_cipher:	36
	Total vars:	46784
	Total clauses:	131088
	Test == masterkey, spend 3408403 clocks.
解得主密钥:  1	11000001010000010011100100100000100101101000000011101010010111000100010000011111110100101111100011011000100001001001101001101100
	Have 4 results, spent 491009828 clocks.
num_cipher:	37
	Total vars:	48064
	Total clauses:	134672
	Test == masterkey, spend 3165733 clocks.
解得主密钥:  1	11000001010000010011100100100000100101101000000011101010010111000100010000011111110100101111100011011000100001001001101001101100
	Have 4 results, spent 145441931 clocks.
num_cipher:	38
	Total vars:	49344
	Total clauses:	138256
	Test == masterkey, spend 3517216 clocks.
解得主密钥:  1	11000001010000010011100100100000100101101000000011101010010111000100010000011111110100101111100011011000100001001001101001101100
	Have 4 results, spent 54852845 clocks.
num_cipher:	39
	Total vars:	50624
	Total clauses:	141840
	Test == masterkey, spend 3721792 clocks.
解得主密钥:  1	11000001010000010011100100100000100101101000000011101010010111000100010000011111110100101111100011011000100001001001101001101100
	Have 4 results, spent 48480083 clocks.
num_cipher:	40
	Total vars:	51904
	Total clauses:	145424
	Test == masterkey, spend 3797731 clocks.
解得主密钥:  1	11000001010000010011100100100000100101101000000011101010010111000100010000011111110100101111100011011000100001001001101001101100
	Have 4 results, spent 33513763 clocks.
num_cipher:	41
	Total vars:	53184
	Total clauses:	149008
	Test == masterkey, spend 3454732 clocks.
解得主密钥:  1	11000001010000010011100100100000100101101000000011101010010111000100010000011111110100101111100011011000100001001001101001101100
	Have 4 results, spent 32106239 clocks.
num_cipher:	42
	Total vars:	54464
	Total clauses:	152592
	Test == masterkey, spend 4122751 clocks.
解得主密钥:  3	11000001010000010011100100100000100101101000000011101010010111000100010000011111110100101111100011011000100001001001101001101100
	Have 4 results, spent 25448104 clocks.
num_cipher:	43
	Total vars:	55744
	Total clauses:	156176
	Test == masterkey, spend 4281091 clocks.
解得主密钥:  4	11000001010000010011100100100000100101101000000011101010010111000100010000011111110100101111100011011000100001001001101001101100
	Have 4 results, spent 18730885 clocks.
num_cipher:	44
	Total vars:	57024
	Total clauses:	159760
	Test == masterkey, spend 4460971 clocks.
解得主密钥:  1	11000001010000010011100100100000100101101000000011101010010111000100010000011111110100101111100011011000100001001001101001101100
	Have 4 results, spent 17390399 clocks.
num_cipher:	45
	Total vars:	58304
	Total clauses:	163344
	Test == masterkey, spend 5345237 clocks.
解得主密钥:  4	11000001010000010011100100100000100101101000000011101010010111000100010000011111110100101111100011011000100001001001101001101100
	Have 4 results, spent 18197208 clocks.
num_cipher:	46
	Total vars:	59584
	Total clauses:	166928
	Test == masterkey, spend 5284079 clocks.
解得主密钥:  1	11000001010000010011100100100000100101101000000011101010010111000100010000011111110100101111100011011000100001001001101001101100
	Have 4 results, spent 19833280 clocks.
num_cipher:	47
	Total vars:	60864
	Total clauses:	170512
	Test == masterkey, spend 5358186 clocks.
解得主密钥:  1	11000001010000010011100100100000100101101000000011101010010111000100010000011111110100101111100011011000100001001001101001101100
	Have 4 results, spent 18470270 clocks.
num_cipher:	48
	Total vars:	62144
	Total clauses:	174096
	Test == masterkey, spend 5881121 clocks.
解得主密钥:  2	11000001010000010011100100100000100101101000000011101010010111000100010000011111110100101111100011011000100001001001101001101100
	Have 4 results, spent 15926101 clocks.
num_cipher:	49
	Total vars:	63424
	Total clauses:	177680
	Test == masterkey, spend 6024387 clocks.
解得主密钥:  1	11000001010000010011100100100000100101101000000011101010010111000100010000011111110100101111100011011000100001001001101001101100
	Have 4 results, spent 16669865 clocks.
num_cipher:	50
	Total vars:	64704
	Total clauses:	181264
	Test == masterkey, spend 6438534 clocks.
解得主密钥:  3	11000001010000010011100100100000100101101000000011101010010111000100010000011111110100101111100011011000100001001001101001101100
	Have 4 results, spent 16887361 clocks.
num_cipher:	51
	Total vars:	65984
	Total clauses:	184848
	Test == masterkey, spend 6079258 clocks.
解得主密钥:  1	11000001010000010011100100100000100101101000000011101010010111000100010000011111110100101111100011011000100001001001101001101100
	Have 4 results, spent 16550981 clocks.
num_cipher:	52
	Total vars:	67264
	Total clauses:	188432
	Test == masterkey, spend 6482945 clocks.
解得主密钥:  3	11000001010000010011100100100000100101101000000011101010010111000100010000011111110100101111100011011000100001001001101001101100
	Have 4 results, spent 14370905 clocks.
num_cipher:	53
	Total vars:	68544
	Total clauses:	192016
	Test == masterkey, spend 7098862 clocks.
解得主密钥:  3	11000001010000010011100100100000100101101000000011101010010111000100010000011111110100101111100011011000100001001001101001101100
	Have 4 results, spent 14634182 clocks.
num_cipher:	54
	Total vars:	69824
	Total clauses:	195600
	Test == masterkey, spend 7148941 clocks.
解得主密钥:  1	11000001010000010011100100100000100101101000000011101010010111000100010000011111110100101111100011011000100001001001101001101100
	Have 4 results, spent 12605997 clocks.
num_cipher:	55
	Total vars:	71104
	Total clauses:	199184
	Test == masterkey, spend 7278607 clocks.
解得主密钥:  2	11000001010000010011100100100000100101101000000011101010010111000100010000011111110100101111100011011000100001001001101001101100
	Have 4 results, spent 13601970 clocks.
num_cipher:	56
	Total vars:	72384
	Total clauses:	202768
	Test == masterkey, spend 7397685 clocks.
解得主密钥:  4	11000001010000010011100100100000100101101000000011101010010111000100010000011111110100101111100011011000100001001001101001101100
	Have 4 results, spent 13192790 clocks.
num_cipher:	57
	Total vars:	73664
	Total clauses:	206352
	Test == masterkey, spend 8054429 clocks.
解得主密钥:  4	11000001010000010011100100100000100101101000000011101010010111000100010000011111110100101111100011011000100001001001101001101100
	Have 4 results, spent 14429338 clocks.
num_cipher:	58
	Total vars:	74944
	Total clauses:	209936
	Test == masterkey, spend 8304382 clocks.
解得主密钥:  2	11000001010000010011100100100000100101101000000011101010010111000100010000011111110100101111100011011000100001001001101001101100
	Have 4 results, spent 11597899 clocks.
num_cipher:	59
	Total vars:	76224
	Total clauses:	213520
	Test == masterkey, spend 8368105 clocks.
解得主密钥:  3	11000001010000010011100100100000100101101000000011101010010111000100010000011111110100101111100011011000100001001001101001101100
	Have 4 results, spent 13248206 clocks.
num_cipher:	60
	Total vars:	77504
	Total clauses:	217104
	Test == masterkey, spend 8308911 clocks.
解得主密钥:  1	11000001010000010011100100100000100101101000000011101010010111000100010000011111110100101111100011011000100001001001101001101100
	Have 4 results, spent 13383583 clocks.
---------------------------------------------------------------------------------------------------
	Command being timed: "./bin/present128NSNK 1 7 25 60"
	User time (seconds): 38627.27
	System time (seconds): 75.41
	Percent of CPU this job got: 99%
	Elapsed (wall clock) time (h:mm:ss or m:ss): 10:45:08
	Average shared text size (kbytes): 0
	Average unshared data size (kbytes): 0
	Average stack size (kbytes): 0
	Average total size (kbytes): 0
	Maximum resident set size (kbytes): 196664
	Average resident set size (kbytes): 0
	Major (requiring I/O) page faults: 0
	Minor (reclaiming a frame) page faults: 1234603
	Voluntary context switches: 1
	Involuntary context switches: 78732
	Swaps: 0
	File system inputs: 0
	File system outputs: 504
	Socket messages sent: 0
	Socket messages received: 0
	Signals delivered: 0
	Page size (bytes): 4096
	Exit status: 0
