sbox:	1100 0101 0110 1011 1001 0000 1010 1101 0011 1110 1111 1000 0100 0111 0001 0010 
8 = (0+2+6')(2'+3+4'+6)(0'+2+3+4')(2+3'+4'+6)(2'+4+6'+7')(3+5'+6+7')(0'+4'+5+6')(1+4+6+7)(1'+4'+6'+7')(1+2'+3'+4)(0'+1'+3'+6)(3+4+5+7)(0'+2'+5'+7)(0+2'+3'+7)(1'+5'+6'+7)(2+4+5+6+7')(0+2'+5+6)(0'+1+4+5')(0+1'+4+5')(1+3+4'+5)(1+3'+4'+5'+7')(1+5+6+7')(2+3'+5+6')(1'+3+6'+7')(0+4'+5'+6')(1'+4'+6+7)
e_sbox:	1101 0101 0110 1011 1001 0000 1010 1101 0011 1110 1111 1000 0100 0111 0001 0010 
8 = (0'+2+6+7')(0+2+3+7)(0+1+2'+6)(2'+3+4'+6)(0+2+3'+4')(0'+1'+3+6')(1'+4'+6'+7')(1'+5'+6'+7)(1+5+6'+7)(1'+2'+6+7)(0'+1+2'+4)(0'+2+3'+5)(0'+2'+3'+7')(0+1'+4+7')(3'+4+5'+7)(0+4+5+6')(0'+1+2+3+5')(1+3+4'+5)(3+4+5'+7')(2'+4'+5'+7)(1+3'+5'+6'+7')(1'+3'+4'+5)(0+5'+6'+7')(4'+5'+6+7)(3+5+6+7)(1+4+5+6)(1'+3+4'+5')
PRESENT_MODE:	128
SAT_MODE:	2
	SBOX_MODE:	102
	KSR_HAVEERROR:	1
	ENCYPT_HAVEERROR:	1
AnalysesRounds:	7
MinCiphers:	45
MaxCiphers:	128
Threads:	1
Master_key:	01111011010011010010110100101101010000111100101110001011100011001010001100111111100111110011001001110000100010001100111101000010
---------------------------------------------------------------------------------------------------
num_cipher:	45
	Total vars:	58304
	Total clauses:	163344
	Test == masterkey, spend 5130213 clocks.
	Have 540 results, spent 18371821 clocks.
num_cipher:	46
	Total vars:	59584
	Total clauses:	166928
	Test == masterkey, spend 5424112 clocks.
	Have 540 results, spent 19638151 clocks.
num_cipher:	47
	Total vars:	60864
	Total clauses:	170512
	Test == masterkey, spend 5688960 clocks.
	Have 540 results, spent 22205456 clocks.
num_cipher:	48
	Total vars:	62144
	Total clauses:	174096
	Test == masterkey, spend 6796592 clocks.
	Have 540 results, spent 21151616 clocks.
num_cipher:	49
	Total vars:	63424
	Total clauses:	177680
	Test == masterkey, spend 6129613 clocks.
	Have 540 results, spent 23175854 clocks.
num_cipher:	50
	Total vars:	64704
	Total clauses:	181264
	Test == masterkey, spend 6351007 clocks.
	Have 540 results, spent 25026015 clocks.
num_cipher:	51
	Total vars:	65984
	Total clauses:	184848
	Test == masterkey, spend 6157313 clocks.
	Have 540 results, spent 20701681 clocks.
num_cipher:	52
	Total vars:	67264
	Total clauses:	188432
	Test == masterkey, spend 7337353 clocks.
	Have 540 results, spent 20512463 clocks.
num_cipher:	53
	Total vars:	68544
	Total clauses:	192016
	Test == masterkey, spend 7284213 clocks.
	Have 540 results, spent 25415704 clocks.
num_cipher:	54
	Total vars:	69824
	Total clauses:	195600
	Test == masterkey, spend 7403931 clocks.
	Have 540 results, spent 23974552 clocks.
num_cipher:	55
	Total vars:	71104
	Total clauses:	199184
	Test == masterkey, spend 8288742 clocks.
	Have 540 results, spent 22051075 clocks.
num_cipher:	56
	Total vars:	72384
	Total clauses:	202768
	Test == masterkey, spend 8292904 clocks.
	Have 540 results, spent 23256577 clocks.
num_cipher:	57
	Total vars:	73664
	Total clauses:	206352
	Test == masterkey, spend 8500355 clocks.
	Have 540 results, spent 23761972 clocks.
num_cipher:	58
	Total vars:	74944
	Total clauses:	209936
	Test == masterkey, spend 8840207 clocks.
	Have 540 results, spent 23876592 clocks.
num_cipher:	59
	Total vars:	76224
	Total clauses:	213520
	Test == masterkey, spend 9307802 clocks.
	Have 540 results, spent 23510791 clocks.
num_cipher:	60
	Total vars:	77504
	Total clauses:	217104
	Test == masterkey, spend 9523868 clocks.
	Have 540 results, spent 25567450 clocks.
num_cipher:	61
	Total vars:	78784
	Total clauses:	220688
	Test == masterkey, spend 9126298 clocks.
	Have 540 results, spent 26117408 clocks.
num_cipher:	62
	Total vars:	80064
	Total clauses:	224272
	Test == masterkey, spend 9043511 clocks.
	Have 540 results, spent 26795169 clocks.
num_cipher:	63
	Total vars:	81344
	Total clauses:	227856
	Test == masterkey, spend 8365409 clocks.
	Have 540 results, spent 30373085 clocks.
num_cipher:	64
	Total vars:	82624
	Total clauses:	231440
	Test == masterkey, spend 8527249 clocks.
	Have 540 results, spent 31545027 clocks.
num_cipher:	65
	Total vars:	83904
	Total clauses:	235024
	Test == masterkey, spend 9163714 clocks.
	Have 540 results, spent 32500201 clocks.
num_cipher:	66
	Total vars:	85184
	Total clauses:	238608
	Test == masterkey, spend 9275953 clocks.
	Have 540 results, spent 33041894 clocks.
num_cipher:	67
	Total vars:	86464
	Total clauses:	242192
	Test == masterkey, spend 9202008 clocks.
	Have 540 results, spent 30353540 clocks.
num_cipher:	68
	Total vars:	87744
	Total clauses:	245776
	Test == masterkey, spend 9064219 clocks.
	Have 540 results, spent 34944352 clocks.
num_cipher:	69
	Total vars:	89024
	Total clauses:	249360
	Test == masterkey, spend 9269858 clocks.
	Have 540 results, spent 35027828 clocks.
num_cipher:	70
	Total vars:	90304
	Total clauses:	252944
	Test == masterkey, spend 10556189 clocks.
	Have 540 results, spent 32586979 clocks.
num_cipher:	71
	Total vars:	91584
	Total clauses:	256528
	Test == masterkey, spend 11093409 clocks.
	Have 540 results, spent 35320449 clocks.
num_cipher:	72
	Total vars:	92864
	Total clauses:	260112
	Test == masterkey, spend 12029734 clocks.
	Have 540 results, spent 36982268 clocks.
num_cipher:	73
	Total vars:	94144
	Total clauses:	263696
	Test == masterkey, spend 9859348 clocks.
	Have 540 results, spent 37594627 clocks.
num_cipher:	74
	Total vars:	95424
	Total clauses:	267280
	Test == masterkey, spend 11968395 clocks.
	Have 540 results, spent 37450785 clocks.
num_cipher:	75
	Total vars:	96704
	Total clauses:	270864
	Test == masterkey, spend 11903186 clocks.
	Have 540 results, spent 40698415 clocks.
num_cipher:	76
	Total vars:	97984
	Total clauses:	274448
	Test == masterkey, spend 12172409 clocks.
	Have 540 results, spent 40401696 clocks.
num_cipher:	77
	Total vars:	99264
	Total clauses:	278032
	Test == masterkey, spend 13200156 clocks.
	Have 540 results, spent 42302354 clocks.
num_cipher:	78
	Total vars:	100544
	Total clauses:	281616
	Test == masterkey, spend 13373215 clocks.
	Have 540 results, spent 43163289 clocks.
num_cipher:	79
	Total vars:	101824
	Total clauses:	285200
	Test == masterkey, spend 14332870 clocks.
	Have 540 results, spent 40445991 clocks.
num_cipher:	80
	Total vars:	103104
	Total clauses:	288784
	Test == masterkey, spend 13868920 clocks.
	Have 540 results, spent 42256438 clocks.
num_cipher:	81
	Total vars:	104384
	Total clauses:	292368
	Test == masterkey, spend 13786007 clocks.
	Have 540 results, spent 43633447 clocks.
num_cipher:	82
	Total vars:	105664
	Total clauses:	295952
	Test == masterkey, spend 14902623 clocks.
	Have 540 results, spent 45019964 clocks.
num_cipher:	83
	Total vars:	106944
	Total clauses:	299536
	Test == masterkey, spend 13583096 clocks.
	Have 540 results, spent 45490398 clocks.
num_cipher:	84
	Total vars:	108224
	Total clauses:	303120
	Test == masterkey, spend 14711867 clocks.
	Have 540 results, spent 46384948 clocks.
num_cipher:	85
	Total vars:	109504
	Total clauses:	306704
	Test == masterkey, spend 13586914 clocks.
	Have 540 results, spent 44710166 clocks.
num_cipher:	86
	Total vars:	110784
	Total clauses:	310288
	Test == masterkey, spend 15350549 clocks.
	Have 540 results, spent 47777226 clocks.
num_cipher:	87
	Total vars:	112064
	Total clauses:	313872
	Test == masterkey, spend 14124196 clocks.
	Have 540 results, spent 47144242 clocks.
num_cipher:	88
	Total vars:	113344
	Total clauses:	317456
	Test == masterkey, spend 15929236 clocks.
	Have 180 results, spent 40459433 clocks.
num_cipher:	89
	Total vars:	114624
	Total clauses:	321040
	Test == masterkey, spend 15919533 clocks.
	Have 180 results, spent 41002331 clocks.
num_cipher:	90
	Total vars:	115904
	Total clauses:	324624
	Test == masterkey, spend 16595584 clocks.
	Have 180 results, spent 40998274 clocks.
num_cipher:	91
	Total vars:	117184
	Total clauses:	328208
	Test == masterkey, spend 15498375 clocks.
	Have 180 results, spent 40078684 clocks.
num_cipher:	92
	Total vars:	118464
	Total clauses:	331792
	Test == masterkey, spend 17827980 clocks.
	Have 180 results, spent 40762203 clocks.
num_cipher:	93
	Total vars:	119744
	Total clauses:	335376
	Test == masterkey, spend 16152357 clocks.
	Have 180 results, spent 41584582 clocks.
num_cipher:	94
	Total vars:	121024
	Total clauses:	338960
	Test == masterkey, spend 17645255 clocks.
	Have 180 results, spent 44984818 clocks.
num_cipher:	95
	Total vars:	122304
	Total clauses:	342544
	Test == masterkey, spend 17576692 clocks.
	Have 180 results, spent 44805147 clocks.
num_cipher:	96
	Total vars:	123584
	Total clauses:	346128
	Test == masterkey, spend 18223057 clocks.
	Have 180 results, spent 41854039 clocks.
num_cipher:	97
	Total vars:	124864
	Total clauses:	349712
	Test == masterkey, spend 14285307 clocks.
	Have 180 results, spent 45582676 clocks.
num_cipher:	98
	Total vars:	126144
	Total clauses:	353296
	Test == masterkey, spend 17863540 clocks.
	Have 180 results, spent 45183144 clocks.
num_cipher:	99
	Total vars:	127424
	Total clauses:	356880
	Test == masterkey, spend 17839126 clocks.
	Have 180 results, spent 46989291 clocks.
num_cipher:	100
	Total vars:	128704
	Total clauses:	360464
	Test == masterkey, spend 17642732 clocks.
	Have 180 results, spent 48899188 clocks.
num_cipher:	101
	Total vars:	129984
	Total clauses:	364048
	Test == masterkey, spend 18419413 clocks.
	Have 180 results, spent 48894751 clocks.
num_cipher:	102
	Total vars:	131264
	Total clauses:	367632
	Test == masterkey, spend 17557594 clocks.
	Have 180 results, spent 45491786 clocks.
num_cipher:	103
	Total vars:	132544
	Total clauses:	371216
	Test == masterkey, spend 17956273 clocks.
	Have 180 results, spent 47341276 clocks.
num_cipher:	104
	Total vars:	133824
	Total clauses:	374800
	Test == masterkey, spend 18984006 clocks.
	Have 180 results, spent 52736293 clocks.
num_cipher:	105
	Total vars:	135104
	Total clauses:	378384
	Test == masterkey, spend 17932058 clocks.
	Have 180 results, spent 54864642 clocks.
num_cipher:	106
	Total vars:	136384
	Total clauses:	381968
	Test == masterkey, spend 18149203 clocks.
	Have 180 results, spent 52528922 clocks.
num_cipher:	107
	Total vars:	137664
	Total clauses:	385552
	Test == masterkey, spend 20926290 clocks.
	Have 180 results, spent 52348662 clocks.
num_cipher:	108
	Total vars:	138944
	Total clauses:	389136
	Test == masterkey, spend 20857616 clocks.
	Have 180 results, spent 53519877 clocks.
num_cipher:	109
	Total vars:	140224
	Total clauses:	392720
	Test == masterkey, spend 21393841 clocks.
	Have 180 results, spent 66018901 clocks.
num_cipher:	110
	Total vars:	141504
	Total clauses:	396304
	Test == masterkey, spend 21258393 clocks.
	Have 180 results, spent 59997279 clocks.
num_cipher:	111
	Total vars:	142784
	Total clauses:	399888
	Test == masterkey, spend 21057268 clocks.
	Have 180 results, spent 62252307 clocks.
num_cipher:	112
	Total vars:	144064
	Total clauses:	403472
	Test == masterkey, spend 21681791 clocks.
	Have 180 results, spent 65572345 clocks.
num_cipher:	113
	Total vars:	145344
	Total clauses:	407056
	Test == masterkey, spend 20833276 clocks.
	Have 180 results, spent 64941317 clocks.
num_cipher:	114
	Total vars:	146624
	Total clauses:	410640
	Test == masterkey, spend 23202473 clocks.
	Have 180 results, spent 66088093 clocks.
num_cipher:	115
	Total vars:	147904
	Total clauses:	414224
	Test == masterkey, spend 23226318 clocks.
	Have 180 results, spent 67599962 clocks.
num_cipher:	116
	Total vars:	149184
	Total clauses:	417808
	Test == masterkey, spend 22304816 clocks.
	Have 180 results, spent 59045714 clocks.
num_cipher:	117
	Total vars:	150464
	Total clauses:	421392
	Test == masterkey, spend 22517988 clocks.
	Have 180 results, spent 65029532 clocks.
num_cipher:	118
	Total vars:	151744
	Total clauses:	424976
	Test == masterkey, spend 22640717 clocks.
	Have 180 results, spent 69434105 clocks.
num_cipher:	119
	Total vars:	153024
	Total clauses:	428560
	Test == masterkey, spend 22744216 clocks.
	Have 180 results, spent 69906393 clocks.
num_cipher:	120
	Total vars:	154304
	Total clauses:	432144
	Test == masterkey, spend 24869111 clocks.
	Have 180 results, spent 68120887 clocks.
num_cipher:	121
	Total vars:	155584
	Total clauses:	435728
	Test == masterkey, spend 22259874 clocks.
	Have 180 results, spent 69402488 clocks.
num_cipher:	122
	Total vars:	156864
	Total clauses:	439312
	Test == masterkey, spend 24659573 clocks.
	Have 180 results, spent 73902202 clocks.
num_cipher:	123
	Total vars:	158144
	Total clauses:	442896
	Test == masterkey, spend 23637195 clocks.
	Have 180 results, spent 77201755 clocks.
num_cipher:	124
	Total vars:	159424
	Total clauses:	446480
	Test == masterkey, spend 25053744 clocks.
	Have 180 results, spent 74721707 clocks.
num_cipher:	125
	Total vars:	160704
	Total clauses:	450064
	Test == masterkey, spend 24578654 clocks.
	Have 180 results, spent 74543585 clocks.
num_cipher:	126
	Total vars:	161984
	Total clauses:	453648
	Test == masterkey, spend 26464292 clocks.
	Have 180 results, spent 76171360 clocks.
num_cipher:	127
	Total vars:	163264
	Total clauses:	457232
	Test == masterkey, spend 32309832 clocks.
	Have 180 results, spent 76488054 clocks.
num_cipher:	128
	Total vars:	164544
	Total clauses:	460816
	Test == masterkey, spend 29893807 clocks.
	Have 180 results, spent 77568262 clocks.
---------------------------------------------------------------------------------------------------
	Command being timed: "./bin/present128NSNK 1 7 45 128"
	User time (seconds): 5153.78
	System time (seconds): 7.93
	Percent of CPU this job got: 99%
	Elapsed (wall clock) time (h:mm:ss or m:ss): 1:26:02
	Average shared text size (kbytes): 0
	Average unshared data size (kbytes): 0
	Average stack size (kbytes): 0
	Average total size (kbytes): 0
	Maximum resident set size (kbytes): 194972
	Average resident set size (kbytes): 0
	Major (requiring I/O) page faults: 0
	Minor (reclaiming a frame) page faults: 347463
	Voluntary context switches: 2
	Involuntary context switches: 8093
	Swaps: 0
	File system inputs: 0
	File system outputs: 688
	Socket messages sent: 0
	Socket messages received: 0
	Signals delivered: 0
	Page size (bytes): 4096
	Exit status: 0
