sbox:	1100 0101 0110 1011 1001 0000 1010 1101 0011 1110 1111 1000 0100 0111 0001 0010 
8 = (0+2+6')(2'+3+4'+6)(0'+2+3+4')(2+3'+4'+6)(2'+4+6'+7')(3+5'+6+7')(0'+4'+5+6')(1+4+6+7)(1'+4'+6'+7')(1+2'+3'+4)(0'+1'+3'+6)(3+4+5+7)(0'+2'+5'+7)(0+2'+3'+7)(1'+5'+6'+7)(2+4+5+6+7')(0+2'+5+6)(0'+1+4+5')(0+1'+4+5')(1+3+4'+5)(1+3'+4'+5'+7')(1+5+6+7')(2+3'+5+6')(1'+3+6'+7')(0+4'+5'+6')(1'+4'+6+7)
e_sbox:	1101 0101 0110 1011 1001 0000 1010 1101 0011 1110 1111 1000 0100 0111 0001 0010 
8 = (0'+2+6+7')(0+2+3+7)(0+1+2'+6)(2'+3+4'+6)(0+2+3'+4')(0'+1'+3+6')(1'+4'+6'+7')(1'+5'+6'+7)(1+5+6'+7)(1'+2'+6+7)(0'+1+2'+4)(0'+2+3'+5)(0'+2'+3'+7')(0+1'+4+7')(3'+4+5'+7)(0+4+5+6')(0'+1+2+3+5')(1+3+4'+5)(3+4+5'+7')(2'+4'+5'+7)(1+3'+5'+6'+7')(1'+3'+4'+5)(0+5'+6'+7')(4'+5'+6+7)(3+5+6+7)(1+4+5+6)(1'+3+4'+5')
PRESENT_MODE:	128
SAT_MODE:	2
	SBOX_MODE:	102
	KSR_HAVEERROR:	1
	ENCYPT_HAVEERROR:	1
AnalysesRounds:	7
MinCiphers:	45
MaxCiphers:	128
Threads:	1
Master_key:	11111111010010100100110100110011100000100000000101011100010001111110000100000010011010001111100110010010101000100101101001001010
---------------------------------------------------------------------------------------------------
num_cipher:	45
	Total vars:	58304
	Total clauses:	163344
	Test == masterkey, spend 4265430 clocks.
	Have 64 results, spent 12356610 clocks.
num_cipher:	46
	Total vars:	59584
	Total clauses:	166928
	Test == masterkey, spend 5555901 clocks.
	Have 64 results, spent 12262148 clocks.
num_cipher:	47
	Total vars:	60864
	Total clauses:	170512
	Test == masterkey, spend 4589149 clocks.
	Have 64 results, spent 12601172 clocks.
num_cipher:	48
	Total vars:	62144
	Total clauses:	174096
	Test == masterkey, spend 6035598 clocks.
	Have 64 results, spent 11771266 clocks.
num_cipher:	49
	Total vars:	63424
	Total clauses:	177680
	Test == masterkey, spend 5663813 clocks.
	Have 64 results, spent 12759587 clocks.
num_cipher:	50
	Total vars:	64704
	Total clauses:	181264
	Test == masterkey, spend 5845164 clocks.
	Have 64 results, spent 13743347 clocks.
num_cipher:	51
	Total vars:	65984
	Total clauses:	184848
	Test == masterkey, spend 7138288 clocks.
	Have 64 results, spent 16519725 clocks.
num_cipher:	52
	Total vars:	67264
	Total clauses:	188432
	Test == masterkey, spend 6787691 clocks.
	Have 64 results, spent 14485366 clocks.
num_cipher:	53
	Total vars:	68544
	Total clauses:	192016
	Test == masterkey, spend 6814077 clocks.
	Have 64 results, spent 14184134 clocks.
num_cipher:	54
	Total vars:	69824
	Total clauses:	195600
	Test == masterkey, spend 7750486 clocks.
	Have 64 results, spent 16871830 clocks.
num_cipher:	55
	Total vars:	71104
	Total clauses:	199184
	Test == masterkey, spend 6924901 clocks.
	Have 64 results, spent 15765701 clocks.
num_cipher:	56
	Total vars:	72384
	Total clauses:	202768
	Test == masterkey, spend 9108267 clocks.
	Have 64 results, spent 13429820 clocks.
num_cipher:	57
	Total vars:	73664
	Total clauses:	206352
	Test == masterkey, spend 6665409 clocks.
	Have 64 results, spent 14985014 clocks.
num_cipher:	58
	Total vars:	74944
	Total clauses:	209936
	Test == masterkey, spend 8183197 clocks.
	Have 64 results, spent 15429931 clocks.
num_cipher:	59
	Total vars:	76224
	Total clauses:	213520
	Test == masterkey, spend 9037046 clocks.
	Have 64 results, spent 14845990 clocks.
num_cipher:	60
	Total vars:	77504
	Total clauses:	217104
	Test == masterkey, spend 7664981 clocks.
	Have 64 results, spent 17615597 clocks.
num_cipher:	61
	Total vars:	78784
	Total clauses:	220688
	Test == masterkey, spend 8652534 clocks.
	Have 64 results, spent 15776947 clocks.
num_cipher:	62
	Total vars:	80064
	Total clauses:	224272
	Test == masterkey, spend 8843195 clocks.
	Have 64 results, spent 17289197 clocks.
num_cipher:	63
	Total vars:	81344
	Total clauses:	227856
	Test == masterkey, spend 9192097 clocks.
	Have 64 results, spent 19388224 clocks.
num_cipher:	64
	Total vars:	82624
	Total clauses:	231440
	Test == masterkey, spend 10118356 clocks.
	Have 64 results, spent 17219242 clocks.
num_cipher:	65
	Total vars:	83904
	Total clauses:	235024
	Test == masterkey, spend 10612911 clocks.
	Have 64 results, spent 18712377 clocks.
num_cipher:	66
	Total vars:	85184
	Total clauses:	238608
	Test == masterkey, spend 9568637 clocks.
	Have 64 results, spent 18450699 clocks.
num_cipher:	67
	Total vars:	86464
	Total clauses:	242192
	Test == masterkey, spend 9692967 clocks.
	Have 64 results, spent 19608926 clocks.
num_cipher:	68
	Total vars:	87744
	Total clauses:	245776
	Test == masterkey, spend 10359374 clocks.
	Have 64 results, spent 21642283 clocks.
num_cipher:	69
	Total vars:	89024
	Total clauses:	249360
	Test == masterkey, spend 9443914 clocks.
	Have 64 results, spent 18094710 clocks.
num_cipher:	70
	Total vars:	90304
	Total clauses:	252944
	Test == masterkey, spend 9755559 clocks.
	Have 64 results, spent 20420262 clocks.
num_cipher:	71
	Total vars:	91584
	Total clauses:	256528
	Test == masterkey, spend 9648151 clocks.
	Have 64 results, spent 23529135 clocks.
num_cipher:	72
	Total vars:	92864
	Total clauses:	260112
	Test == masterkey, spend 10813943 clocks.
	Have 64 results, spent 22245773 clocks.
num_cipher:	73
	Total vars:	94144
	Total clauses:	263696
	Test == masterkey, spend 12087527 clocks.
	Have 64 results, spent 25463650 clocks.
num_cipher:	74
	Total vars:	95424
	Total clauses:	267280
	Test == masterkey, spend 10476745 clocks.
	Have 64 results, spent 25333412 clocks.
num_cipher:	75
	Total vars:	96704
	Total clauses:	270864
	Test == masterkey, spend 11706695 clocks.
	Have 64 results, spent 23305896 clocks.
num_cipher:	76
	Total vars:	97984
	Total clauses:	274448
	Test == masterkey, spend 11153316 clocks.
	Have 64 results, spent 25510210 clocks.
num_cipher:	77
	Total vars:	99264
	Total clauses:	278032
	Test == masterkey, spend 11297158 clocks.
	Have 64 results, spent 25272814 clocks.
num_cipher:	78
	Total vars:	100544
	Total clauses:	281616
	Test == masterkey, spend 12677644 clocks.
	Have 64 results, spent 26345786 clocks.
num_cipher:	79
	Total vars:	101824
	Total clauses:	285200
	Test == masterkey, spend 12363329 clocks.
	Have 64 results, spent 25151409 clocks.
num_cipher:	80
	Total vars:	103104
	Total clauses:	288784
	Test == masterkey, spend 12796511 clocks.
	Have 64 results, spent 29403926 clocks.
num_cipher:	81
	Total vars:	104384
	Total clauses:	292368
	Test == masterkey, spend 13389557 clocks.
	Have 64 results, spent 28956903 clocks.
num_cipher:	82
	Total vars:	105664
	Total clauses:	295952
	Test == masterkey, spend 13892579 clocks.
	Have 64 results, spent 28658965 clocks.
num_cipher:	83
	Total vars:	106944
	Total clauses:	299536
	Test == masterkey, spend 13153637 clocks.
	Have 64 results, spent 28773453 clocks.
num_cipher:	84
	Total vars:	108224
	Total clauses:	303120
	Test == masterkey, spend 14063989 clocks.
	Have 64 results, spent 29382286 clocks.
num_cipher:	85
	Total vars:	109504
	Total clauses:	306704
	Test == masterkey, spend 15190618 clocks.
	Have 64 results, spent 29019815 clocks.
num_cipher:	86
	Total vars:	110784
	Total clauses:	310288
	Test == masterkey, spend 14654561 clocks.
	Have 64 results, spent 31810036 clocks.
num_cipher:	87
	Total vars:	112064
	Total clauses:	313872
	Test == masterkey, spend 12927918 clocks.
	Have 64 results, spent 33198301 clocks.
num_cipher:	88
	Total vars:	113344
	Total clauses:	317456
	Test == masterkey, spend 14792796 clocks.
	Have 64 results, spent 33105834 clocks.
num_cipher:	89
	Total vars:	114624
	Total clauses:	321040
	Test == masterkey, spend 15206807 clocks.
	Have 64 results, spent 36053450 clocks.
num_cipher:	90
	Total vars:	115904
	Total clauses:	324624
	Test == masterkey, spend 12591749 clocks.
	Have 64 results, spent 34464192 clocks.
num_cipher:	91
	Total vars:	117184
	Total clauses:	328208
	Test == masterkey, spend 15329835 clocks.
	Have 64 results, spent 35454986 clocks.
num_cipher:	92
	Total vars:	118464
	Total clauses:	331792
	Test == masterkey, spend 16006378 clocks.
	Have 64 results, spent 39089295 clocks.
num_cipher:	93
	Total vars:	119744
	Total clauses:	335376
	Test == masterkey, spend 16135287 clocks.
	Have 64 results, spent 38500046 clocks.
num_cipher:	94
	Total vars:	121024
	Total clauses:	338960
	Test == masterkey, spend 16156701 clocks.
	Have 64 results, spent 40911215 clocks.
num_cipher:	95
	Total vars:	122304
	Total clauses:	342544
	Test == masterkey, spend 16967602 clocks.
	Have 64 results, spent 41166012 clocks.
num_cipher:	96
	Total vars:	123584
	Total clauses:	346128
	Test == masterkey, spend 18025572 clocks.
	Have 64 results, spent 40824451 clocks.
num_cipher:	97
	Total vars:	124864
	Total clauses:	349712
	Test == masterkey, spend 18020499 clocks.
	Have 64 results, spent 42662017 clocks.
num_cipher:	98
	Total vars:	126144
	Total clauses:	353296
	Test == masterkey, spend 19050799 clocks.
	Have 64 results, spent 41095629 clocks.
num_cipher:	99
	Total vars:	127424
	Total clauses:	356880
	Test == masterkey, spend 18979823 clocks.
	Have 64 results, spent 44359036 clocks.
num_cipher:	100
	Total vars:	128704
	Total clauses:	360464
	Test == masterkey, spend 18600095 clocks.
	Have 64 results, spent 46219256 clocks.
num_cipher:	101
	Total vars:	129984
	Total clauses:	364048
	Test == masterkey, spend 19082686 clocks.
	Have 64 results, spent 45012924 clocks.
num_cipher:	102
	Total vars:	131264
	Total clauses:	367632
	Test == masterkey, spend 20445661 clocks.
	Have 64 results, spent 46683168 clocks.
num_cipher:	103
	Total vars:	132544
	Total clauses:	371216
	Test == masterkey, spend 20158046 clocks.
	Have 64 results, spent 46297636 clocks.
num_cipher:	104
	Total vars:	133824
	Total clauses:	374800
	Test == masterkey, spend 20920457 clocks.
	Have 64 results, spent 47611414 clocks.
num_cipher:	105
	Total vars:	135104
	Total clauses:	378384
	Test == masterkey, spend 21687774 clocks.
	Have 64 results, spent 47479920 clocks.
num_cipher:	106
	Total vars:	136384
	Total clauses:	381968
	Test == masterkey, spend 19164145 clocks.
	Have 64 results, spent 49452674 clocks.
num_cipher:	107
	Total vars:	137664
	Total clauses:	385552
	Test == masterkey, spend 20545565 clocks.
	Have 64 results, spent 49716422 clocks.
num_cipher:	108
	Total vars:	138944
	Total clauses:	389136
	Test == masterkey, spend 23845055 clocks.
	Have 64 results, spent 53018642 clocks.
num_cipher:	109
	Total vars:	140224
	Total clauses:	392720
	Test == masterkey, spend 20510013 clocks.
	Have 64 results, spent 49488408 clocks.
num_cipher:	110
	Total vars:	141504
	Total clauses:	396304
	Test == masterkey, spend 21363211 clocks.
	Have 64 results, spent 51871230 clocks.
num_cipher:	111
	Total vars:	142784
	Total clauses:	399888
	Test == masterkey, spend 22281589 clocks.
	Have 64 results, spent 52777680 clocks.
num_cipher:	112
	Total vars:	144064
	Total clauses:	403472
	Test == masterkey, spend 24373290 clocks.
	Have 64 results, spent 55524553 clocks.
num_cipher:	113
	Total vars:	145344
	Total clauses:	407056
	Test == masterkey, spend 24741507 clocks.
	Have 64 results, spent 52885062 clocks.
num_cipher:	114
	Total vars:	146624
	Total clauses:	410640
	Test == masterkey, spend 23059263 clocks.
	Have 64 results, spent 59261057 clocks.
num_cipher:	115
	Total vars:	147904
	Total clauses:	414224
	Test == masterkey, spend 22443891 clocks.
	Have 64 results, spent 56663820 clocks.
num_cipher:	116
	Total vars:	149184
	Total clauses:	417808
	Test == masterkey, spend 22204463 clocks.
	Have 64 results, spent 55472634 clocks.
num_cipher:	117
	Total vars:	150464
	Total clauses:	421392
	Test == masterkey, spend 23187957 clocks.
	Have 64 results, spent 54676731 clocks.
num_cipher:	118
	Total vars:	151744
	Total clauses:	424976
	Test == masterkey, spend 22391620 clocks.
	Have 64 results, spent 57613100 clocks.
num_cipher:	119
	Total vars:	153024
	Total clauses:	428560
	Test == masterkey, spend 23668574 clocks.
	Have 64 results, spent 60208359 clocks.
num_cipher:	120
	Total vars:	154304
	Total clauses:	432144
	Test == masterkey, spend 23423630 clocks.
	Have 64 results, spent 55521005 clocks.
num_cipher:	121
	Total vars:	155584
	Total clauses:	435728
	Test == masterkey, spend 25675642 clocks.
	Have 64 results, spent 61587695 clocks.
num_cipher:	122
	Total vars:	156864
	Total clauses:	439312
	Test == masterkey, spend 24871221 clocks.
	Have 64 results, spent 64159304 clocks.
num_cipher:	123
	Total vars:	158144
	Total clauses:	442896
	Test == masterkey, spend 26468173 clocks.
	Have 64 results, spent 58996883 clocks.
num_cipher:	124
	Total vars:	159424
	Total clauses:	446480
	Test == masterkey, spend 24961976 clocks.
	Have 64 results, spent 61863260 clocks.
num_cipher:	125
	Total vars:	160704
	Total clauses:	450064
	Test == masterkey, spend 32030462 clocks.
	Have 64 results, spent 62357021 clocks.
num_cipher:	126
	Total vars:	161984
	Total clauses:	453648
	Test == masterkey, spend 33092003 clocks.
	Have 64 results, spent 63288359 clocks.
num_cipher:	127
	Total vars:	163264
	Total clauses:	457232
	Test == masterkey, spend 30396525 clocks.
	Have 64 results, spent 65839360 clocks.
num_cipher:	128
	Total vars:	164544
	Total clauses:	460816
	Test == masterkey, spend 31633948 clocks.
	Have 64 results, spent 67676905 clocks.
---------------------------------------------------------------------------------------------------
	Command being timed: "./bin/present128NSNK 1 7 45 128"
	User time (seconds): 4379.95
	System time (seconds): 5.20
	Percent of CPU this job got: 99%
	Elapsed (wall clock) time (h:mm:ss or m:ss): 1:13:05
	Average shared text size (kbytes): 0
	Average unshared data size (kbytes): 0
	Average stack size (kbytes): 0
	Average total size (kbytes): 0
	Maximum resident set size (kbytes): 198376
	Average resident set size (kbytes): 0
	Major (requiring I/O) page faults: 0
	Minor (reclaiming a frame) page faults: 487590
	Voluntary context switches: 2
	Involuntary context switches: 7206
	Swaps: 0
	File system inputs: 0
	File system outputs: 744
	Socket messages sent: 0
	Socket messages received: 0
	Signals delivered: 0
	Page size (bytes): 4096
	Exit status: 0
