sbox:	1100 0101 0110 1011 1001 0000 1010 1101 0011 1110 1111 1000 0100 0111 0001 0010 
8 = (0+2+6')(2'+3+4'+6)(0'+2+3+4')(2+3'+4'+6)(2'+4+6'+7')(3+5'+6+7')(0'+4'+5+6')(1+4+6+7)(1'+4'+6'+7')(1+2'+3'+4)(0'+1'+3'+6)(3+4+5+7)(0'+2'+5'+7)(0+2'+3'+7)(1'+5'+6'+7)(2+4+5+6+7')(0+2'+5+6)(0'+1+4+5')(0+1'+4+5')(1+3+4'+5)(1+3'+4'+5'+7')(1+5+6+7')(2+3'+5+6')(1'+3+6'+7')(0+4'+5'+6')(1'+4'+6+7)
e_sbox:	1101 0101 0110 1011 1001 0000 1010 1101 0011 1110 1111 1000 0100 0111 0001 0010 
8 = (0'+2+6+7')(0+2+3+7)(0+1+2'+6)(2'+3+4'+6)(0+2+3'+4')(0'+1'+3+6')(1'+4'+6'+7')(1'+5'+6'+7)(1+5+6'+7)(1'+2'+6+7)(0'+1+2'+4)(0'+2+3'+5)(0'+2'+3'+7')(0+1'+4+7')(3'+4+5'+7)(0+4+5+6')(0'+1+2+3+5')(1+3+4'+5)(3+4+5'+7')(2'+4'+5'+7)(1+3'+5'+6'+7')(1'+3'+4'+5)(0+5'+6'+7')(4'+5'+6+7)(3+5+6+7)(1+4+5+6)(1'+3+4'+5')
PRESENT_MODE:	128
SAT_MODE:	2
	SBOX_MODE:	102
	KSR_HAVEERROR:	1
	ENCYPT_HAVEERROR:	1
AnalysesRounds:	8
MinCiphers:	45
MaxCiphers:	128
Threads:	1
Master_key:	01010010011100110101011001010111100100110111101101001000110111000001111101000100001011001101101111101011100110101001001000001011
---------------------------------------------------------------------------------------------------
num_cipher:	45
	Total vars:	66944
	Total clauses:	189264
	Test == masterkey, spend 6704165 clocks.
	Have 32 results, spent 18375463 clocks.
num_cipher:	46
	Total vars:	68416
	Total clauses:	193424
	Test == masterkey, spend 6423373 clocks.
	Have 32 results, spent 20312120 clocks.
num_cipher:	47
	Total vars:	69888
	Total clauses:	197584
	Test == masterkey, spend 6806535 clocks.
	Have 32 results, spent 17169225 clocks.
num_cipher:	48
	Total vars:	71360
	Total clauses:	201744
	Test == masterkey, spend 7349179 clocks.
	Have 32 results, spent 16097594 clocks.
num_cipher:	49
	Total vars:	72832
	Total clauses:	205904
	Test == masterkey, spend 6929692 clocks.
	Have 32 results, spent 17133541 clocks.
num_cipher:	50
	Total vars:	74304
	Total clauses:	210064
	Test == masterkey, spend 7362260 clocks.
	Have 32 results, spent 20470225 clocks.
num_cipher:	51
	Total vars:	75776
	Total clauses:	214224
	Test == masterkey, spend 7807458 clocks.
	Have 32 results, spent 24211590 clocks.
num_cipher:	52
	Total vars:	77248
	Total clauses:	218384
	Test == masterkey, spend 7996098 clocks.
	Have 32 results, spent 21376146 clocks.
num_cipher:	53
	Total vars:	78720
	Total clauses:	222544
	Test == masterkey, spend 8624153 clocks.
	Have 32 results, spent 20092378 clocks.
num_cipher:	54
	Total vars:	80192
	Total clauses:	226704
	Test == masterkey, spend 8765839 clocks.
	Have 32 results, spent 25082964 clocks.
num_cipher:	55
	Total vars:	81664
	Total clauses:	230864
	Test == masterkey, spend 9987265 clocks.
	Have 32 results, spent 25696194 clocks.
num_cipher:	56
	Total vars:	83136
	Total clauses:	235024
	Test == masterkey, spend 9357882 clocks.
	Have 32 results, spent 25137738 clocks.
num_cipher:	57
	Total vars:	84608
	Total clauses:	239184
	Test == masterkey, spend 9632825 clocks.
	Have 32 results, spent 25396133 clocks.
num_cipher:	58
	Total vars:	86080
	Total clauses:	243344
	Test == masterkey, spend 10222023 clocks.
	Have 32 results, spent 27095698 clocks.
num_cipher:	59
	Total vars:	87552
	Total clauses:	247504
	Test == masterkey, spend 9069967 clocks.
	Have 32 results, spent 28491345 clocks.
num_cipher:	60
	Total vars:	89024
	Total clauses:	251664
	Test == masterkey, spend 10119092 clocks.
	Have 32 results, spent 31733936 clocks.
num_cipher:	61
	Total vars:	90496
	Total clauses:	255824
	Test == masterkey, spend 10640809 clocks.
	Have 32 results, spent 29350301 clocks.
num_cipher:	62
	Total vars:	91968
	Total clauses:	259984
	Test == masterkey, spend 10726465 clocks.
	Have 32 results, spent 30039396 clocks.
num_cipher:	63
	Total vars:	93440
	Total clauses:	264144
	Test == masterkey, spend 12091665 clocks.
	Have 32 results, spent 29966613 clocks.
num_cipher:	64
	Total vars:	94912
	Total clauses:	268304
	Test == masterkey, spend 11135727 clocks.
	Have 32 results, spent 30588434 clocks.
num_cipher:	65
	Total vars:	96384
	Total clauses:	272464
	Test == masterkey, spend 11165832 clocks.
	Have 32 results, spent 32563268 clocks.
num_cipher:	66
	Total vars:	97856
	Total clauses:	276624
	Test == masterkey, spend 11747128 clocks.
	Have 32 results, spent 32200615 clocks.
num_cipher:	67
	Total vars:	99328
	Total clauses:	280784
	Test == masterkey, spend 11792026 clocks.
	Have 32 results, spent 32696865 clocks.
num_cipher:	68
	Total vars:	100800
	Total clauses:	284944
	Test == masterkey, spend 12846705 clocks.
	Have 32 results, spent 34148093 clocks.
num_cipher:	69
	Total vars:	102272
	Total clauses:	289104
	Test == masterkey, spend 12174630 clocks.
	Have 32 results, spent 35335928 clocks.
num_cipher:	70
	Total vars:	103744
	Total clauses:	293264
	Test == masterkey, spend 12162460 clocks.
	Have 32 results, spent 34961681 clocks.
num_cipher:	71
	Total vars:	105216
	Total clauses:	297424
	Test == masterkey, spend 14054049 clocks.
	Have 32 results, spent 33574663 clocks.
num_cipher:	72
	Total vars:	106688
	Total clauses:	301584
	Test == masterkey, spend 12424689 clocks.
	Have 32 results, spent 37274848 clocks.
num_cipher:	73
	Total vars:	108160
	Total clauses:	305744
	Test == masterkey, spend 14047943 clocks.
	Have 32 results, spent 36712129 clocks.
num_cipher:	74
	Total vars:	109632
	Total clauses:	309904
	Test == masterkey, spend 14190200 clocks.
	Have 32 results, spent 40583844 clocks.
num_cipher:	75
	Total vars:	111104
	Total clauses:	314064
	Test == masterkey, spend 16299054 clocks.
	Have 32 results, spent 39091391 clocks.
num_cipher:	76
	Total vars:	112576
	Total clauses:	318224
	Test == masterkey, spend 13250412 clocks.
	Have 32 results, spent 36819208 clocks.
num_cipher:	77
	Total vars:	114048
	Total clauses:	322384
	Test == masterkey, spend 14995352 clocks.
	Have 32 results, spent 40731245 clocks.
num_cipher:	78
	Total vars:	115520
	Total clauses:	326544
	Test == masterkey, spend 14841589 clocks.
	Have 32 results, spent 40142678 clocks.
num_cipher:	79
	Total vars:	116992
	Total clauses:	330704
	Test == masterkey, spend 16567829 clocks.
	Have 32 results, spent 41837811 clocks.
num_cipher:	80
	Total vars:	118464
	Total clauses:	334864
	Test == masterkey, spend 15020751 clocks.
	Have 32 results, spent 42677600 clocks.
num_cipher:	81
	Total vars:	119936
	Total clauses:	339024
	Test == masterkey, spend 16971762 clocks.
	Have 32 results, spent 44243113 clocks.
num_cipher:	82
	Total vars:	121408
	Total clauses:	343184
	Test == masterkey, spend 15404401 clocks.
	Have 32 results, spent 42396395 clocks.
num_cipher:	83
	Total vars:	122880
	Total clauses:	347344
	Test == masterkey, spend 18598506 clocks.
	Have 32 results, spent 43424987 clocks.
num_cipher:	84
	Total vars:	124352
	Total clauses:	351504
	Test == masterkey, spend 14210650 clocks.
	Have 32 results, spent 48875231 clocks.
num_cipher:	85
	Total vars:	125824
	Total clauses:	355664
	Test == masterkey, spend 16052818 clocks.
	Have 32 results, spent 44257479 clocks.
num_cipher:	86
	Total vars:	127296
	Total clauses:	359824
	Test == masterkey, spend 16620050 clocks.
	Have 32 results, spent 45590378 clocks.
num_cipher:	87
	Total vars:	128768
	Total clauses:	363984
	Test == masterkey, spend 19560950 clocks.
	Have 32 results, spent 50170053 clocks.
num_cipher:	88
	Total vars:	130240
	Total clauses:	368144
	Test == masterkey, spend 19604580 clocks.
	Have 32 results, spent 48595124 clocks.
num_cipher:	89
	Total vars:	131712
	Total clauses:	372304
	Test == masterkey, spend 17840244 clocks.
	Have 32 results, spent 50182627 clocks.
num_cipher:	90
	Total vars:	133184
	Total clauses:	376464
	Test == masterkey, spend 20259046 clocks.
	Have 32 results, spent 49350962 clocks.
num_cipher:	91
	Total vars:	134656
	Total clauses:	380624
	Test == masterkey, spend 18778344 clocks.
	Have 32 results, spent 51762812 clocks.
num_cipher:	92
	Total vars:	136128
	Total clauses:	384784
	Test == masterkey, spend 20997674 clocks.
	Have 32 results, spent 57628535 clocks.
num_cipher:	93
	Total vars:	137600
	Total clauses:	388944
	Test == masterkey, spend 21499203 clocks.
	Have 32 results, spent 54923972 clocks.
num_cipher:	94
	Total vars:	139072
	Total clauses:	393104
	Test == masterkey, spend 23790211 clocks.
	Have 32 results, spent 51374332 clocks.
num_cipher:	95
	Total vars:	140544
	Total clauses:	397264
	Test == masterkey, spend 22049163 clocks.
	Have 32 results, spent 55308194 clocks.
num_cipher:	96
	Total vars:	142016
	Total clauses:	401424
	Test == masterkey, spend 23770158 clocks.
	Have 32 results, spent 61688108 clocks.
num_cipher:	97
	Total vars:	143488
	Total clauses:	405584
	Test == masterkey, spend 19073358 clocks.
	Have 32 results, spent 55409741 clocks.
num_cipher:	98
	Total vars:	144960
	Total clauses:	409744
	Test == masterkey, spend 21318941 clocks.
	Have 32 results, spent 56029447 clocks.
num_cipher:	99
	Total vars:	146432
	Total clauses:	413904
	Test == masterkey, spend 20012524 clocks.
	Have 32 results, spent 60258784 clocks.
num_cipher:	100
	Total vars:	147904
	Total clauses:	418064
	Test == masterkey, spend 21295040 clocks.
	Have 32 results, spent 59858737 clocks.
num_cipher:	101
	Total vars:	149376
	Total clauses:	422224
	Test == masterkey, spend 20289226 clocks.
	Have 32 results, spent 59690640 clocks.
num_cipher:	102
	Total vars:	150848
	Total clauses:	426384
	Test == masterkey, spend 22738667 clocks.
	Have 32 results, spent 63119318 clocks.
num_cipher:	103
	Total vars:	152320
	Total clauses:	430544
	Test == masterkey, spend 22357678 clocks.
	Have 32 results, spent 63135681 clocks.
num_cipher:	104
	Total vars:	153792
	Total clauses:	434704
	Test == masterkey, spend 21357631 clocks.
	Have 32 results, spent 65615815 clocks.
num_cipher:	105
	Total vars:	155264
	Total clauses:	438864
	Test == masterkey, spend 23386891 clocks.
	Have 32 results, spent 61875667 clocks.
num_cipher:	106
	Total vars:	156736
	Total clauses:	443024
	Test == masterkey, spend 24227879 clocks.
	Have 32 results, spent 72921244 clocks.
num_cipher:	107
	Total vars:	158208
	Total clauses:	447184
	Test == masterkey, spend 21826143 clocks.
	Have 32 results, spent 71233373 clocks.
num_cipher:	108
	Total vars:	159680
	Total clauses:	451344
	Test == masterkey, spend 22374957 clocks.
	Have 32 results, spent 67215999 clocks.
num_cipher:	109
	Total vars:	161152
	Total clauses:	455504
	Test == masterkey, spend 23481876 clocks.
	Have 32 results, spent 71496653 clocks.
num_cipher:	110
	Total vars:	162624
	Total clauses:	459664
	Test == masterkey, spend 23806202 clocks.
	Have 32 results, spent 69140691 clocks.
num_cipher:	111
	Total vars:	164096
	Total clauses:	463824
	Test == masterkey, spend 26546656 clocks.
	Have 32 results, spent 68032743 clocks.
num_cipher:	112
	Total vars:	165568
	Total clauses:	467984
	Test == masterkey, spend 24195789 clocks.
	Have 32 results, spent 71482706 clocks.
num_cipher:	113
	Total vars:	167040
	Total clauses:	472144
	Test == masterkey, spend 23076637 clocks.
	Have 32 results, spent 70815671 clocks.
num_cipher:	114
	Total vars:	168512
	Total clauses:	476304
	Test == masterkey, spend 24773882 clocks.
	Have 32 results, spent 73864516 clocks.
num_cipher:	115
	Total vars:	169984
	Total clauses:	480464
	Test == masterkey, spend 24466131 clocks.
	Have 32 results, spent 72068068 clocks.
num_cipher:	116
	Total vars:	171456
	Total clauses:	484624
	Test == masterkey, spend 25131190 clocks.
	Have 32 results, spent 77202929 clocks.
num_cipher:	117
	Total vars:	172928
	Total clauses:	488784
	Test == masterkey, spend 29078614 clocks.
	Have 32 results, spent 78964476 clocks.
num_cipher:	118
	Total vars:	174400
	Total clauses:	492944
	Test == masterkey, spend 26802329 clocks.
	Have 32 results, spent 84427546 clocks.
num_cipher:	119
	Total vars:	175872
	Total clauses:	497104
	Test == masterkey, spend 28057451 clocks.
	Have 32 results, spent 81544147 clocks.
num_cipher:	120
	Total vars:	177344
	Total clauses:	501264
	Test == masterkey, spend 22974062 clocks.
	Have 32 results, spent 83921328 clocks.
num_cipher:	121
	Total vars:	178816
	Total clauses:	505424
	Test == masterkey, spend 25311046 clocks.
	Have 32 results, spent 83491955 clocks.
num_cipher:	122
	Total vars:	180288
	Total clauses:	509584
	Test == masterkey, spend 27934312 clocks.
	Have 32 results, spent 80946681 clocks.
num_cipher:	123
	Total vars:	181760
	Total clauses:	513744
	Test == masterkey, spend 25629431 clocks.
	Have 32 results, spent 83918502 clocks.
num_cipher:	124
	Total vars:	183232
	Total clauses:	517904
	Test == masterkey, spend 26017127 clocks.
	Have 32 results, spent 82810153 clocks.
num_cipher:	125
	Total vars:	184704
	Total clauses:	522064
	Test == masterkey, spend 26173029 clocks.
	Have 32 results, spent 87639763 clocks.
num_cipher:	126
	Total vars:	186176
	Total clauses:	526224
	Test == masterkey, spend 26919415 clocks.
	Have 32 results, spent 93211846 clocks.
num_cipher:	127
	Total vars:	187648
	Total clauses:	530384
	Test == masterkey, spend 29045711 clocks.
	Have 32 results, spent 90877166 clocks.
num_cipher:	128
	Total vars:	189120
	Total clauses:	534544
	Test == masterkey, spend 30265792 clocks.
	Have 32 results, spent 94200494 clocks.
---------------------------------------------------------------------------------------------------
	Command being timed: "./bin/present128NSNK 1 8 45 128"
	User time (seconds): 5862.53
	System time (seconds): 10.20
	Percent of CPU this job got: 99%
	Elapsed (wall clock) time (h:mm:ss or m:ss): 1:37:53
	Average shared text size (kbytes): 0
	Average unshared data size (kbytes): 0
	Average stack size (kbytes): 0
	Average total size (kbytes): 0
	Maximum resident set size (kbytes): 233556
	Average resident set size (kbytes): 0
	Major (requiring I/O) page faults: 0
	Minor (reclaiming a frame) page faults: 449472
	Voluntary context switches: 3
	Involuntary context switches: 8370
	Swaps: 0
	File system inputs: 0
	File system outputs: 728
	Socket messages sent: 0
	Socket messages received: 0
	Signals delivered: 0
	Page size (bytes): 4096
	Exit status: 0
