sbox:	1100 0101 0110 1011 1001 0000 1010 1101 0011 1110 1111 1000 0100 0111 0001 0010 
8 = (0+2+6')(2'+3+4'+6)(0'+2+3+4')(2+3'+4'+6)(2'+4+6'+7')(3+5'+6+7')(0'+4'+5+6')(1+4+6+7)(1'+4'+6'+7')(1+2'+3'+4)(0'+1'+3'+6)(3+4+5+7)(0'+2'+5'+7)(0+2'+3'+7)(1'+5'+6'+7)(2+4+5+6+7')(0+2'+5+6)(0'+1+4+5')(0+1'+4+5')(1+3+4'+5)(1+3'+4'+5'+7')(1+5+6+7')(2+3'+5+6')(1'+3+6'+7')(0+4'+5'+6')(1'+4'+6+7)
e_sbox:	1101 0101 0110 1011 1001 0000 1010 1101 0011 1110 1111 1000 0100 0111 0001 0010 
8 = (0'+2+6+7')(0+2+3+7)(0+1+2'+6)(2'+3+4'+6)(0+2+3'+4')(0'+1'+3+6')(1'+4'+6'+7')(1'+5'+6'+7)(1+5+6'+7)(1'+2'+6+7)(0'+1+2'+4)(0'+2+3'+5)(0'+2'+3'+7')(0+1'+4+7')(3'+4+5'+7)(0+4+5+6')(0'+1+2+3+5')(1+3+4'+5)(3+4+5'+7')(2'+4'+5'+7)(1+3'+5'+6'+7')(1'+3'+4'+5)(0+5'+6'+7')(4'+5'+6+7)(3+5+6+7)(1+4+5+6)(1'+3+4'+5')
PRESENT_MODE:	128
SAT_MODE:	2
	SBOX_MODE:	102
	KSR_HAVEERROR:	1
	ENCYPT_HAVEERROR:	1
AnalysesRounds:	8
MinCiphers:	45
MaxCiphers:	128
Threads:	1
Master_key:	11110000011011010001100110101000111001101000100110011001100111110110010110011011101010101000110010010011110111010111100010010010
---------------------------------------------------------------------------------------------------
num_cipher:	45
	Total vars:	66944
	Total clauses:	189264
	Test == masterkey, spend 6928623 clocks.
	Have 360 results, spent 29012706 clocks.
num_cipher:	46
	Total vars:	68416
	Total clauses:	193424
	Test == masterkey, spend 6522165 clocks.
	Have 360 results, spent 26132365 clocks.
num_cipher:	47
	Total vars:	69888
	Total clauses:	197584
	Test == masterkey, spend 6922101 clocks.
	Have 360 results, spent 28375491 clocks.
num_cipher:	48
	Total vars:	71360
	Total clauses:	201744
	Test == masterkey, spend 9719060 clocks.
	Have 360 results, spent 27909368 clocks.
num_cipher:	49
	Total vars:	72832
	Total clauses:	205904
	Test == masterkey, spend 8438805 clocks.
	Have 360 results, spent 27050339 clocks.
num_cipher:	50
	Total vars:	74304
	Total clauses:	210064
	Test == masterkey, spend 8246210 clocks.
	Have 360 results, spent 27751593 clocks.
num_cipher:	51
	Total vars:	75776
	Total clauses:	214224
	Test == masterkey, spend 8158506 clocks.
	Have 360 results, spent 28802886 clocks.
num_cipher:	52
	Total vars:	77248
	Total clauses:	218384
	Test == masterkey, spend 8877114 clocks.
	Have 360 results, spent 29770657 clocks.
num_cipher:	53
	Total vars:	78720
	Total clauses:	222544
	Test == masterkey, spend 8651450 clocks.
	Have 360 results, spent 30159221 clocks.
num_cipher:	54
	Total vars:	80192
	Total clauses:	226704
	Test == masterkey, spend 9448106 clocks.
	Have 360 results, spent 28918104 clocks.
num_cipher:	55
	Total vars:	81664
	Total clauses:	230864
	Test == masterkey, spend 9028726 clocks.
	Have 360 results, spent 29993587 clocks.
num_cipher:	56
	Total vars:	83136
	Total clauses:	235024
	Test == masterkey, spend 9791773 clocks.
	Have 360 results, spent 31418921 clocks.
num_cipher:	57
	Total vars:	84608
	Total clauses:	239184
	Test == masterkey, spend 10657938 clocks.
	Have 360 results, spent 33489896 clocks.
num_cipher:	58
	Total vars:	86080
	Total clauses:	243344
	Test == masterkey, spend 8716663 clocks.
	Have 360 results, spent 33001435 clocks.
num_cipher:	59
	Total vars:	87552
	Total clauses:	247504
	Test == masterkey, spend 10943828 clocks.
	Have 360 results, spent 32096385 clocks.
num_cipher:	60
	Total vars:	89024
	Total clauses:	251664
	Test == masterkey, spend 10000241 clocks.
	Have 360 results, spent 33200912 clocks.
num_cipher:	61
	Total vars:	90496
	Total clauses:	255824
	Test == masterkey, spend 11323279 clocks.
	Have 360 results, spent 35434698 clocks.
num_cipher:	62
	Total vars:	91968
	Total clauses:	259984
	Test == masterkey, spend 10238754 clocks.
	Have 360 results, spent 36814019 clocks.
num_cipher:	63
	Total vars:	93440
	Total clauses:	264144
	Test == masterkey, spend 12632314 clocks.
	Have 360 results, spent 38593905 clocks.
num_cipher:	64
	Total vars:	94912
	Total clauses:	268304
	Test == masterkey, spend 12531855 clocks.
	Have 360 results, spent 36525927 clocks.
num_cipher:	65
	Total vars:	96384
	Total clauses:	272464
	Test == masterkey, spend 13051963 clocks.
	Have 360 results, spent 42625487 clocks.
num_cipher:	66
	Total vars:	97856
	Total clauses:	276624
	Test == masterkey, spend 13385996 clocks.
	Have 360 results, spent 40787346 clocks.
num_cipher:	67
	Total vars:	99328
	Total clauses:	280784
	Test == masterkey, spend 12591893 clocks.
	Have 360 results, spent 42206542 clocks.
num_cipher:	68
	Total vars:	100800
	Total clauses:	284944
	Test == masterkey, spend 10640623 clocks.
	Have 360 results, spent 41023337 clocks.
num_cipher:	69
	Total vars:	102272
	Total clauses:	289104
	Test == masterkey, spend 15306456 clocks.
	Have 360 results, spent 44321187 clocks.
num_cipher:	70
	Total vars:	103744
	Total clauses:	293264
	Test == masterkey, spend 13801301 clocks.
	Have 360 results, spent 42403112 clocks.
num_cipher:	71
	Total vars:	105216
	Total clauses:	297424
	Test == masterkey, spend 12877111 clocks.
	Have 360 results, spent 46398808 clocks.
num_cipher:	72
	Total vars:	106688
	Total clauses:	301584
	Test == masterkey, spend 12362516 clocks.
	Have 360 results, spent 44362884 clocks.
num_cipher:	73
	Total vars:	108160
	Total clauses:	305744
	Test == masterkey, spend 15597359 clocks.
	Have 360 results, spent 48824531 clocks.
num_cipher:	74
	Total vars:	109632
	Total clauses:	309904
	Test == masterkey, spend 17012093 clocks.
	Have 360 results, spent 50501528 clocks.
num_cipher:	75
	Total vars:	111104
	Total clauses:	314064
	Test == masterkey, spend 14515099 clocks.
	Have 360 results, spent 48547736 clocks.
num_cipher:	76
	Total vars:	112576
	Total clauses:	318224
	Test == masterkey, spend 15289102 clocks.
	Have 360 results, spent 51176316 clocks.
num_cipher:	77
	Total vars:	114048
	Total clauses:	322384
	Test == masterkey, spend 13662650 clocks.
	Have 360 results, spent 49713971 clocks.
num_cipher:	78
	Total vars:	115520
	Total clauses:	326544
	Test == masterkey, spend 15834879 clocks.
	Have 360 results, spent 52743439 clocks.
num_cipher:	79
	Total vars:	116992
	Total clauses:	330704
	Test == masterkey, spend 16850184 clocks.
	Have 360 results, spent 52832517 clocks.
num_cipher:	80
	Total vars:	118464
	Total clauses:	334864
	Test == masterkey, spend 16160853 clocks.
	Have 360 results, spent 53796356 clocks.
num_cipher:	81
	Total vars:	119936
	Total clauses:	339024
	Test == masterkey, spend 16685233 clocks.
	Have 360 results, spent 52705853 clocks.
num_cipher:	82
	Total vars:	121408
	Total clauses:	343184
	Test == masterkey, spend 18893037 clocks.
	Have 360 results, spent 52706935 clocks.
num_cipher:	83
	Total vars:	122880
	Total clauses:	347344
	Test == masterkey, spend 17837291 clocks.
	Have 360 results, spent 59032597 clocks.
num_cipher:	84
	Total vars:	124352
	Total clauses:	351504
	Test == masterkey, spend 15864432 clocks.
	Have 360 results, spent 55774396 clocks.
num_cipher:	85
	Total vars:	125824
	Total clauses:	355664
	Test == masterkey, spend 21956717 clocks.
	Have 360 results, spent 52031985 clocks.
num_cipher:	86
	Total vars:	127296
	Total clauses:	359824
	Test == masterkey, spend 18634267 clocks.
	Have 360 results, spent 59352862 clocks.
num_cipher:	87
	Total vars:	128768
	Total clauses:	363984
	Test == masterkey, spend 20301679 clocks.
	Have 360 results, spent 57667646 clocks.
num_cipher:	88
	Total vars:	130240
	Total clauses:	368144
	Test == masterkey, spend 18083810 clocks.
	Have 360 results, spent 59395189 clocks.
num_cipher:	89
	Total vars:	131712
	Total clauses:	372304
	Test == masterkey, spend 20571512 clocks.
	Have 360 results, spent 60316579 clocks.
num_cipher:	90
	Total vars:	133184
	Total clauses:	376464
	Test == masterkey, spend 18929249 clocks.
	Have 360 results, spent 60375208 clocks.
num_cipher:	91
	Total vars:	134656
	Total clauses:	380624
	Test == masterkey, spend 23165233 clocks.
	Have 360 results, spent 68192451 clocks.
num_cipher:	92
	Total vars:	136128
	Total clauses:	384784
	Test == masterkey, spend 22871093 clocks.
	Have 360 results, spent 69567563 clocks.
num_cipher:	93
	Total vars:	137600
	Total clauses:	388944
	Test == masterkey, spend 24631145 clocks.
	Have 360 results, spent 68773658 clocks.
num_cipher:	94
	Total vars:	139072
	Total clauses:	393104
	Test == masterkey, spend 23377937 clocks.
	Have 360 results, spent 66820895 clocks.
num_cipher:	95
	Total vars:	140544
	Total clauses:	397264
	Test == masterkey, spend 24316853 clocks.
	Have 360 results, spent 67477479 clocks.
num_cipher:	96
	Total vars:	142016
	Total clauses:	401424
	Test == masterkey, spend 23766193 clocks.
	Have 360 results, spent 67408760 clocks.
num_cipher:	97
	Total vars:	143488
	Total clauses:	405584
	Test == masterkey, spend 22239338 clocks.
	Have 360 results, spent 75450333 clocks.
num_cipher:	98
	Total vars:	144960
	Total clauses:	409744
	Test == masterkey, spend 24180777 clocks.
	Have 360 results, spent 77336316 clocks.
num_cipher:	99
	Total vars:	146432
	Total clauses:	413904
	Test == masterkey, spend 24578824 clocks.
	Have 360 results, spent 77520223 clocks.
num_cipher:	100
	Total vars:	147904
	Total clauses:	418064
	Test == masterkey, spend 19833414 clocks.
	Have 360 results, spent 76052471 clocks.
num_cipher:	101
	Total vars:	149376
	Total clauses:	422224
	Test == masterkey, spend 21619590 clocks.
	Have 360 results, spent 79471099 clocks.
num_cipher:	102
	Total vars:	150848
	Total clauses:	426384
	Test == masterkey, spend 25968873 clocks.
	Have 360 results, spent 81116758 clocks.
num_cipher:	103
	Total vars:	152320
	Total clauses:	430544
	Test == masterkey, spend 22692614 clocks.
	Have 360 results, spent 79385281 clocks.
num_cipher:	104
	Total vars:	153792
	Total clauses:	434704
	Test == masterkey, spend 25438605 clocks.
	Have 360 results, spent 82851120 clocks.
num_cipher:	105
	Total vars:	155264
	Total clauses:	438864
	Test == masterkey, spend 27599208 clocks.
	Have 360 results, spent 82669323 clocks.
num_cipher:	106
	Total vars:	156736
	Total clauses:	443024
	Test == masterkey, spend 27730021 clocks.
	Have 360 results, spent 90223828 clocks.
num_cipher:	107
	Total vars:	158208
	Total clauses:	447184
	Test == masterkey, spend 25323758 clocks.
	Have 360 results, spent 89215676 clocks.
num_cipher:	108
	Total vars:	159680
	Total clauses:	451344
	Test == masterkey, spend 28706546 clocks.
	Have 360 results, spent 88136228 clocks.
num_cipher:	109
	Total vars:	161152
	Total clauses:	455504
	Test == masterkey, spend 26755274 clocks.
	Have 360 results, spent 97275169 clocks.
num_cipher:	110
	Total vars:	162624
	Total clauses:	459664
	Test == masterkey, spend 28285207 clocks.
	Have 360 results, spent 92239086 clocks.
num_cipher:	111
	Total vars:	164096
	Total clauses:	463824
	Test == masterkey, spend 28007537 clocks.
	Have 360 results, spent 98793543 clocks.
num_cipher:	112
	Total vars:	165568
	Total clauses:	467984
	Test == masterkey, spend 28539428 clocks.
	Have 360 results, spent 96064432 clocks.
num_cipher:	113
	Total vars:	167040
	Total clauses:	472144
	Test == masterkey, spend 23470353 clocks.
	Have 360 results, spent 100716797 clocks.
num_cipher:	114
	Total vars:	168512
	Total clauses:	476304
	Test == masterkey, spend 26871469 clocks.
	Have 360 results, spent 105208729 clocks.
num_cipher:	115
	Total vars:	169984
	Total clauses:	480464
	Test == masterkey, spend 26802794 clocks.
	Have 360 results, spent 101604449 clocks.
num_cipher:	116
	Total vars:	171456
	Total clauses:	484624
	Test == masterkey, spend 28236884 clocks.
	Have 360 results, spent 101464984 clocks.
num_cipher:	117
	Total vars:	172928
	Total clauses:	488784
	Test == masterkey, spend 28411502 clocks.
	Have 360 results, spent 115526049 clocks.
num_cipher:	118
	Total vars:	174400
	Total clauses:	492944
	Test == masterkey, spend 28010441 clocks.
	Have 360 results, spent 116715676 clocks.
num_cipher:	119
	Total vars:	175872
	Total clauses:	497104
	Test == masterkey, spend 29439063 clocks.
	Have 360 results, spent 115230129 clocks.
num_cipher:	120
	Total vars:	177344
	Total clauses:	501264
	Test == masterkey, spend 27173693 clocks.
	Have 360 results, spent 126348478 clocks.
num_cipher:	121
	Total vars:	178816
	Total clauses:	505424
	Test == masterkey, spend 29664190 clocks.
	Have 360 results, spent 121723863 clocks.
num_cipher:	122
	Total vars:	180288
	Total clauses:	509584
	Test == masterkey, spend 29615089 clocks.
	Have 360 results, spent 121784774 clocks.
num_cipher:	123
	Total vars:	181760
	Total clauses:	513744
	Test == masterkey, spend 32983801 clocks.
	Have 360 results, spent 124820434 clocks.
num_cipher:	124
	Total vars:	183232
	Total clauses:	517904
	Test == masterkey, spend 27570673 clocks.
	Have 360 results, spent 129548553 clocks.
num_cipher:	125
	Total vars:	184704
	Total clauses:	522064
	Test == masterkey, spend 31049234 clocks.
	Have 360 results, spent 126748881 clocks.
num_cipher:	126
	Total vars:	186176
	Total clauses:	526224
	Test == masterkey, spend 30352848 clocks.
	Have 360 results, spent 131141718 clocks.
num_cipher:	127
	Total vars:	187648
	Total clauses:	530384
	Test == masterkey, spend 27373933 clocks.
	Have 360 results, spent 124675960 clocks.
num_cipher:	128
	Total vars:	189120
	Total clauses:	534544
	Test == masterkey, spend 33209643 clocks.
	Have 360 results, spent 133570682 clocks.
---------------------------------------------------------------------------------------------------
	Command being timed: "./bin/present128NSNK 1 8 45 128"
	User time (seconds): 7378.63
	System time (seconds): 12.92
	Percent of CPU this job got: 99%
	Elapsed (wall clock) time (h:mm:ss or m:ss): 2:03:12
	Average shared text size (kbytes): 0
	Average unshared data size (kbytes): 0
	Average stack size (kbytes): 0
	Average total size (kbytes): 0
	Maximum resident set size (kbytes): 223392
	Average resident set size (kbytes): 0
	Major (requiring I/O) page faults: 0
	Minor (reclaiming a frame) page faults: 329615
	Voluntary context switches: 1
	Involuntary context switches: 6115
	Swaps: 0
	File system inputs: 0
	File system outputs: 736
	Socket messages sent: 0
	Socket messages received: 0
	Signals delivered: 0
	Page size (bytes): 4096
	Exit status: 0
