sbox:	1100 0101 0110 1011 1001 0000 1010 1101 0011 1110 1111 1000 0100 0111 0001 0010 
8 = (3+1+5')(1'+0+7'+5)(3'+1+0+7')(1+0'+7'+5)(1'+7+5'+4')(0+6'+5+4')(3'+7'+6+5')(2+7+5+4)(2'+7'+5'+4')(2+1'+0'+7)(3'+2'+0'+5)(0+7+6+4)(3'+1'+6'+4)(3+1'+0'+4)(2'+6'+5'+4)(1+7+6+5+4')(3+1'+6+5)(3'+2+7+6')(3+2'+7+6')(2+0+7'+6)(2+0'+7'+6'+4')(2+6+5+4')(1+0'+6+5')(2'+0+5'+4')(3+7'+6'+5')(2'+7'+5+4)
e_sbox:	1101 0101 0110 1011 1001 0000 1010 1101 0011 1110 1111 1000 0100 0111 0001 0010 
8 = (3'+1+5+4')(3+1+0+4)(3+2+1'+5)(1'+0+7'+5)(3+1+0'+7')(3'+2'+0+5')(2'+7'+5'+4')(2'+6'+5'+4)(2+6+5'+4)(2'+1'+5+4)(3'+2+1'+7)(3'+1+0'+6)(3'+1'+0'+4')(3+2'+7+4')(0'+7+6'+4)(3+7+6+5')(3'+2+1+0+6')(2+0+7'+6)(0+7+6'+4')(1'+7'+6'+4)(2+0'+6'+5'+4')(2'+0'+7'+6)(3+6'+5'+4')(7'+6'+5+4)(0+6+5+4)(2+7+6+5)(2'+0+7'+6')
Max time :	3600
PRESENT_MODE:	128
SAT_MODE:	2
	SBOX_MODE:	102
	KSR_HAVEERROR:	1
	ENCYPT_HAVEERROR:	1
AnalysesRounds:	8
MinCiphers:	25
MaxCiphers:	60
Threads:	1
Master_key:	11100001001001000100011110010111010111000101110011010100010111010101111101100000110011010001111001000010110011111100110011011100
---------------------------------------------------------------------------------------------------
num_cipher:	25
	Total vars:	37504
	Total clauses:	106064
	Test == masterkey, spend 1952518 clocks.
	Not solved within3600 seconds, Have 0 results.
num_cipher:	26
	Total vars:	38976
	Total clauses:	110224
	Test == masterkey, spend 2039060 clocks.
	Not solved within3600 seconds, Have 0 results.
num_cipher:	27
	Total vars:	40448
	Total clauses:	114384
	Test == masterkey, spend 2026696 clocks.
	Not solved within3600 seconds, Have 0 results.
num_cipher:	28
	Total vars:	41920
	Total clauses:	118544
	Test == masterkey, spend 1900691 clocks.
	Not solved within3600 seconds, Have 0 results.
num_cipher:	29
	Total vars:	43392
	Total clauses:	122704
	Test == masterkey, spend 2370269 clocks.
	Not solved within3600 seconds, Have 0 results.
num_cipher:	30
	Total vars:	44864
	Total clauses:	126864
	Test == masterkey, spend 2541312 clocks.
	Not solved within3600 seconds, Have 0 results.
num_cipher:	31
	Total vars:	46336
	Total clauses:	131024
	Test == masterkey, spend 3212428 clocks.
	Not solved within3600 seconds, Have 0 results.
num_cipher:	32
	Total vars:	47808
	Total clauses:	135184
	Test == masterkey, spend 3571832 clocks.
	Not solved within3600 seconds, Have 0 results.
num_cipher:	33
	Total vars:	49280
	Total clauses:	139344
	Test == masterkey, spend 3480597 clocks.
解得主密钥:  173	11100001001001000100011110010111010111000101110011010100010111010101111101100000110011010001111001000010110011111100110011011100
	Have 240 results, spent 2871817592 clocks.
num_cipher:	34
	Total vars:	50752
	Total clauses:	143504
	Test == masterkey, spend 3964115 clocks.
解得主密钥:  55	11100001001001000100011110010111010111000101110011010100010111010101111101100000110011010001111001000010110011111100110011011100
	Have 240 results, spent 606919726 clocks.
num_cipher:	35
	Total vars:	52224
	Total clauses:	147664
	Test == masterkey, spend 4043955 clocks.
解得主密钥:  40	11100001001001000100011110010111010111000101110011010100010111010101111101100000110011010001111001000010110011111100110011011100
	Have 240 results, spent 469415530 clocks.
num_cipher:	36
	Total vars:	53696
	Total clauses:	151824
	Test == masterkey, spend 4520139 clocks.
解得主密钥:  182	11100001001001000100011110010111010111000101110011010100010111010101111101100000110011010001111001000010110011111100110011011100
	Have 240 results, spent 208429669 clocks.
num_cipher:	37
	Total vars:	55168
	Total clauses:	155984
	Test == masterkey, spend 5421798 clocks.
解得主密钥:  198	11100001001001000100011110010111010111000101110011010100010111010101111101100000110011010001111001000010110011111100110011011100
	Have 240 results, spent 50984659 clocks.
num_cipher:	38
	Total vars:	56640
	Total clauses:	160144
	Test == masterkey, spend 5270625 clocks.
解得主密钥:  8	11100001001001000100011110010111010111000101110011010100010111010101111101100000110011010001111001000010110011111100110011011100
	Have 240 results, spent 42612592 clocks.
num_cipher:	39
	Total vars:	58112
	Total clauses:	164304
	Test == masterkey, spend 5054945 clocks.
解得主密钥:  97	11100001001001000100011110010111010111000101110011010100010111010101111101100000110011010001111001000010110011111100110011011100
	Have 240 results, spent 38337551 clocks.
num_cipher:	40
	Total vars:	59584
	Total clauses:	168464
	Test == masterkey, spend 6072686 clocks.
解得主密钥:  27	11100001001001000100011110010111010111000101110011010100010111010101111101100000110011010001111001000010110011111100110011011100
	Have 240 results, spent 28836082 clocks.
num_cipher:	41
	Total vars:	61056
	Total clauses:	172624
	Test == masterkey, spend 6103743 clocks.
解得主密钥:  56	11100001001001000100011110010111010111000101110011010100010111010101111101100000110011010001111001000010110011111100110011011100
	Have 240 results, spent 27096208 clocks.
num_cipher:	42
	Total vars:	62528
	Total clauses:	176784
	Test == masterkey, spend 5947765 clocks.
解得主密钥:  184	11100001001001000100011110010111010111000101110011010100010111010101111101100000110011010001111001000010110011111100110011011100
	Have 240 results, spent 29188636 clocks.
num_cipher:	43
	Total vars:	64000
	Total clauses:	180944
	Test == masterkey, spend 7465692 clocks.
解得主密钥:  210	11100001001001000100011110010111010111000101110011010100010111010101111101100000110011010001111001000010110011111100110011011100
	Have 240 results, spent 23476285 clocks.
num_cipher:	44
	Total vars:	65472
	Total clauses:	185104
	Test == masterkey, spend 6744126 clocks.
解得主密钥:  139	11100001001001000100011110010111010111000101110011010100010111010101111101100000110011010001111001000010110011111100110011011100
	Have 240 results, spent 23448082 clocks.
num_cipher:	45
	Total vars:	66944
	Total clauses:	189264
	Test == masterkey, spend 5849744 clocks.
解得主密钥:  227	11100001001001000100011110010111010111000101110011010100010111010101111101100000110011010001111001000010110011111100110011011100
	Have 240 results, spent 24764596 clocks.
num_cipher:	46
	Total vars:	68416
	Total clauses:	193424
	Test == masterkey, spend 7066310 clocks.
解得主密钥:  73	11100001001001000100011110010111010111000101110011010100010111010101111101100000110011010001111001000010110011111100110011011100
	Have 240 results, spent 27696268 clocks.
num_cipher:	47
	Total vars:	69888
	Total clauses:	197584
	Test == masterkey, spend 6032629 clocks.
解得主密钥:  206	11100001001001000100011110010111010111000101110011010100010111010101111101100000110011010001111001000010110011111100110011011100
	Have 240 results, spent 29386579 clocks.
num_cipher:	48
	Total vars:	71360
	Total clauses:	201744
	Test == masterkey, spend 5720733 clocks.
解得主密钥:  150	11100001001001000100011110010111010111000101110011010100010111010101111101100000110011010001111001000010110011111100110011011100
	Have 240 results, spent 23911060 clocks.
num_cipher:	49
	Total vars:	72832
	Total clauses:	205904
	Test == masterkey, spend 6192559 clocks.
解得主密钥:  46	11100001001001000100011110010111010111000101110011010100010111010101111101100000110011010001111001000010110011111100110011011100
	Have 240 results, spent 28978995 clocks.
num_cipher:	50
	Total vars:	74304
	Total clauses:	210064
	Test == masterkey, spend 5724791 clocks.
解得主密钥:  212	11100001001001000100011110010111010111000101110011010100010111010101111101100000110011010001111001000010110011111100110011011100
	Have 240 results, spent 27701567 clocks.
num_cipher:	51
	Total vars:	75776
	Total clauses:	214224
	Test == masterkey, spend 7437320 clocks.
解得主密钥:  194	11100001001001000100011110010111010111000101110011010100010111010101111101100000110011010001111001000010110011111100110011011100
	Have 240 results, spent 30291201 clocks.
num_cipher:	52
	Total vars:	77248
	Total clauses:	218384
	Test == masterkey, spend 7332447 clocks.
解得主密钥:  60	11100001001001000100011110010111010111000101110011010100010111010101111101100000110011010001111001000010110011111100110011011100
	Have 240 results, spent 27927719 clocks.
num_cipher:	53
	Total vars:	78720
	Total clauses:	222544
	Test == masterkey, spend 8655556 clocks.
解得主密钥:  142	11100001001001000100011110010111010111000101110011010100010111010101111101100000110011010001111001000010110011111100110011011100
	Have 240 results, spent 30996810 clocks.
num_cipher:	54
	Total vars:	80192
	Total clauses:	226704
	Test == masterkey, spend 6632728 clocks.
解得主密钥:  77	11100001001001000100011110010111010111000101110011010100010111010101111101100000110011010001111001000010110011111100110011011100
	Have 240 results, spent 32826428 clocks.
num_cipher:	55
	Total vars:	81664
	Total clauses:	230864
	Test == masterkey, spend 8843378 clocks.
解得主密钥:  223	11100001001001000100011110010111010111000101110011010100010111010101111101100000110011010001111001000010110011111100110011011100
	Have 240 results, spent 33708010 clocks.
num_cipher:	56
	Total vars:	83136
	Total clauses:	235024
	Test == masterkey, spend 7696480 clocks.
解得主密钥:  81	11100001001001000100011110010111010111000101110011010100010111010101111101100000110011010001111001000010110011111100110011011100
	Have 240 results, spent 35118141 clocks.
num_cipher:	57
	Total vars:	84608
	Total clauses:	239184
	Test == masterkey, spend 9309817 clocks.
解得主密钥:  70	11100001001001000100011110010111010111000101110011010100010111010101111101100000110011010001111001000010110011111100110011011100
	Have 240 results, spent 32115941 clocks.
num_cipher:	58
	Total vars:	86080
	Total clauses:	243344
	Test == masterkey, spend 10090149 clocks.
解得主密钥:  173	11100001001001000100011110010111010111000101110011010100010111010101111101100000110011010001111001000010110011111100110011011100
	Have 240 results, spent 33416914 clocks.
num_cipher:	59
	Total vars:	87552
	Total clauses:	247504
	Test == masterkey, spend 10209697 clocks.
解得主密钥:  185	11100001001001000100011110010111010111000101110011010100010111010101111101100000110011010001111001000010110011111100110011011100
	Have 240 results, spent 34150102 clocks.
num_cipher:	60
	Total vars:	89024
	Total clauses:	251664
	Test == masterkey, spend 10309508 clocks.
解得主密钥:  195	11100001001001000100011110010111010111000101110011010100010111010101111101100000110011010001111001000010110011111100110011011100
	Have 240 results, spent 37091490 clocks.
---------------------------------------------------------------------------------------------------
	Command being timed: "./bin/present128NSNK 1 8 25 60"
	User time (seconds): 33928.73
	System time (seconds): 30.92
	Percent of CPU this job got: 99%
	Elapsed (wall clock) time (h:mm:ss or m:ss): 9:26:03
	Average shared text size (kbytes): 0
	Average unshared data size (kbytes): 0
	Average stack size (kbytes): 0
	Average total size (kbytes): 0
	Maximum resident set size (kbytes): 193644
	Average resident set size (kbytes): 0
	Major (requiring I/O) page faults: 0
	Minor (reclaiming a frame) page faults: 496433
	Voluntary context switches: 1
	Involuntary context switches: 44749
	Swaps: 0
	File system inputs: 0
	File system outputs: 528
	Socket messages sent: 0
	Socket messages received: 0
	Signals delivered: 0
	Page size (bytes): 4096
	Exit status: 0
