sbox:	1100 0101 0110 1011 1001 0000 1010 1101 0011 1110 1111 1000 0100 0111 0001 0010 
8 = (0+2+6')(2'+3+4'+6)(0'+2+3+4')(2+3'+4'+6)(2'+4+6'+7')(3+5'+6+7')(0'+4'+5+6')(1+4+6+7)(1'+4'+6'+7')(1+2'+3'+4)(0'+1'+3'+6)(3+4+5+7)(0'+2'+5'+7)(0+2'+3'+7)(1'+5'+6'+7)(2+4+5+6+7')(0+2'+5+6)(0'+1+4+5')(0+1'+4+5')(1+3+4'+5)(1+3'+4'+5'+7')(1+5+6+7')(2+3'+5+6')(1'+3+6'+7')(0+4'+5'+6')(1'+4'+6+7)
e_sbox:	1101 0101 0110 1011 1001 0000 1010 1101 0011 1110 1111 1000 0100 0111 0001 0010 
8 = (0'+2+6+7')(0+2+3+7)(0+1+2'+6)(2'+3+4'+6)(0+2+3'+4')(0'+1'+3+6')(1'+4'+6'+7')(1'+5'+6'+7)(1+5+6'+7)(1'+2'+6+7)(0'+1+2'+4)(0'+2+3'+5)(0'+2'+3'+7')(0+1'+4+7')(3'+4+5'+7)(0+4+5+6')(0'+1+2+3+5')(1+3+4'+5)(3+4+5'+7')(2'+4'+5'+7)(1+3'+5'+6'+7')(1'+3'+4'+5)(0+5'+6'+7')(4'+5'+6+7)(3+5+6+7)(1+4+5+6)(1'+3+4'+5')
PRESENT_MODE:	128
SAT_MODE:	2
	SBOX_MODE:	102
	KSR_HAVEERROR:	1
	ENCYPT_HAVEERROR:	1
AnalysesRounds:	8
MinCiphers:	45
MaxCiphers:	128
Threads:	1
Master_key:	00110110111010001100000111100011001000101101110000011101111101101110100000001001100001001010101101100001100110110100000101100001
---------------------------------------------------------------------------------------------------
num_cipher:	45
	Total vars:	66944
	Total clauses:	189264
	Test == masterkey, spend 6165510 clocks.
	Have 240 results, spent 33978480 clocks.
num_cipher:	46
	Total vars:	68416
	Total clauses:	193424
	Test == masterkey, spend 7914831 clocks.
	Have 240 results, spent 37809305 clocks.
num_cipher:	47
	Total vars:	69888
	Total clauses:	197584
	Test == masterkey, spend 7814518 clocks.
	Have 240 results, spent 32544260 clocks.
num_cipher:	48
	Total vars:	71360
	Total clauses:	201744
	Test == masterkey, spend 8571936 clocks.
	Have 240 results, spent 34876878 clocks.
num_cipher:	49
	Total vars:	72832
	Total clauses:	205904
	Test == masterkey, spend 8210341 clocks.
	Have 240 results, spent 31921212 clocks.
num_cipher:	50
	Total vars:	74304
	Total clauses:	210064
	Test == masterkey, spend 7793211 clocks.
	Have 240 results, spent 33559839 clocks.
num_cipher:	51
	Total vars:	75776
	Total clauses:	214224
	Test == masterkey, spend 7154139 clocks.
	Have 240 results, spent 34853745 clocks.
num_cipher:	52
	Total vars:	77248
	Total clauses:	218384
	Test == masterkey, spend 7838370 clocks.
	Have 240 results, spent 36525855 clocks.
num_cipher:	53
	Total vars:	78720
	Total clauses:	222544
	Test == masterkey, spend 7903459 clocks.
	Have 240 results, spent 33550204 clocks.
num_cipher:	54
	Total vars:	80192
	Total clauses:	226704
	Test == masterkey, spend 9272773 clocks.
	Have 240 results, spent 35480901 clocks.
num_cipher:	55
	Total vars:	81664
	Total clauses:	230864
	Test == masterkey, spend 9099164 clocks.
	Have 240 results, spent 40794423 clocks.
num_cipher:	56
	Total vars:	83136
	Total clauses:	235024
	Test == masterkey, spend 8928452 clocks.
	Have 240 results, spent 41220750 clocks.
num_cipher:	57
	Total vars:	84608
	Total clauses:	239184
	Test == masterkey, spend 9901289 clocks.
	Have 240 results, spent 44482759 clocks.
num_cipher:	58
	Total vars:	86080
	Total clauses:	243344
	Test == masterkey, spend 10306652 clocks.
	Have 240 results, spent 41426836 clocks.
num_cipher:	59
	Total vars:	87552
	Total clauses:	247504
	Test == masterkey, spend 10138291 clocks.
	Have 240 results, spent 43215769 clocks.
num_cipher:	60
	Total vars:	89024
	Total clauses:	251664
	Test == masterkey, spend 10975447 clocks.
	Have 240 results, spent 44122946 clocks.
num_cipher:	61
	Total vars:	90496
	Total clauses:	255824
	Test == masterkey, spend 11505437 clocks.
	Have 240 results, spent 45418503 clocks.
num_cipher:	62
	Total vars:	91968
	Total clauses:	259984
	Test == masterkey, spend 11093665 clocks.
	Have 240 results, spent 43812800 clocks.
num_cipher:	63
	Total vars:	93440
	Total clauses:	264144
	Test == masterkey, spend 13062303 clocks.
	Have 240 results, spent 49015667 clocks.
num_cipher:	64
	Total vars:	94912
	Total clauses:	268304
	Test == masterkey, spend 11804546 clocks.
	Have 240 results, spent 48115387 clocks.
num_cipher:	65
	Total vars:	96384
	Total clauses:	272464
	Test == masterkey, spend 13348670 clocks.
	Have 240 results, spent 49574762 clocks.
num_cipher:	66
	Total vars:	97856
	Total clauses:	276624
	Test == masterkey, spend 12335973 clocks.
	Have 240 results, spent 51594378 clocks.
num_cipher:	67
	Total vars:	99328
	Total clauses:	280784
	Test == masterkey, spend 14343178 clocks.
	Have 240 results, spent 52339181 clocks.
num_cipher:	68
	Total vars:	100800
	Total clauses:	284944
	Test == masterkey, spend 13543532 clocks.
	Have 240 results, spent 51248261 clocks.
num_cipher:	69
	Total vars:	102272
	Total clauses:	289104
	Test == masterkey, spend 15704494 clocks.
	Have 168 results, spent 49486399 clocks.
num_cipher:	70
	Total vars:	103744
	Total clauses:	293264
	Test == masterkey, spend 14865215 clocks.
	Have 168 results, spent 51891866 clocks.
num_cipher:	71
	Total vars:	105216
	Total clauses:	297424
	Test == masterkey, spend 14680241 clocks.
	Have 168 results, spent 50588426 clocks.
num_cipher:	72
	Total vars:	106688
	Total clauses:	301584
	Test == masterkey, spend 14519587 clocks.
	Have 168 results, spent 51926672 clocks.
num_cipher:	73
	Total vars:	108160
	Total clauses:	305744
	Test == masterkey, spend 15550645 clocks.
	Have 96 results, spent 45833786 clocks.
num_cipher:	74
	Total vars:	109632
	Total clauses:	309904
	Test == masterkey, spend 14716320 clocks.
	Have 96 results, spent 41887588 clocks.
num_cipher:	75
	Total vars:	111104
	Total clauses:	314064
	Test == masterkey, spend 15547141 clocks.
	Have 96 results, spent 43021385 clocks.
num_cipher:	76
	Total vars:	112576
	Total clauses:	318224
	Test == masterkey, spend 14314746 clocks.
	Have 96 results, spent 47578136 clocks.
num_cipher:	77
	Total vars:	114048
	Total clauses:	322384
	Test == masterkey, spend 16546238 clocks.
	Have 96 results, spent 48311974 clocks.
num_cipher:	78
	Total vars:	115520
	Total clauses:	326544
	Test == masterkey, spend 16679783 clocks.
	Have 96 results, spent 48728492 clocks.
num_cipher:	79
	Total vars:	116992
	Total clauses:	330704
	Test == masterkey, spend 16664573 clocks.
	Have 96 results, spent 49048851 clocks.
num_cipher:	80
	Total vars:	118464
	Total clauses:	334864
	Test == masterkey, spend 17117534 clocks.
	Have 96 results, spent 48512050 clocks.
num_cipher:	81
	Total vars:	119936
	Total clauses:	339024
	Test == masterkey, spend 17840930 clocks.
	Have 96 results, spent 52052527 clocks.
num_cipher:	82
	Total vars:	121408
	Total clauses:	343184
	Test == masterkey, spend 19947897 clocks.
	Have 96 results, spent 55517618 clocks.
num_cipher:	83
	Total vars:	122880
	Total clauses:	347344
	Test == masterkey, spend 17099562 clocks.
	Have 96 results, spent 55962817 clocks.
num_cipher:	84
	Total vars:	124352
	Total clauses:	351504
	Test == masterkey, spend 20454040 clocks.
	Have 96 results, spent 49579722 clocks.
num_cipher:	85
	Total vars:	125824
	Total clauses:	355664
	Test == masterkey, spend 20161914 clocks.
	Have 96 results, spent 54106712 clocks.
num_cipher:	86
	Total vars:	127296
	Total clauses:	359824
	Test == masterkey, spend 18160895 clocks.
	Have 96 results, spent 58546228 clocks.
num_cipher:	87
	Total vars:	128768
	Total clauses:	363984
	Test == masterkey, spend 22309137 clocks.
	Have 96 results, spent 57106738 clocks.
num_cipher:	88
	Total vars:	130240
	Total clauses:	368144
	Test == masterkey, spend 20332347 clocks.
	Have 96 results, spent 61623389 clocks.
num_cipher:	89
	Total vars:	131712
	Total clauses:	372304
	Test == masterkey, spend 19360250 clocks.
	Have 96 results, spent 63527586 clocks.
num_cipher:	90
	Total vars:	133184
	Total clauses:	376464
	Test == masterkey, spend 19641180 clocks.
	Have 96 results, spent 61286032 clocks.
num_cipher:	91
	Total vars:	134656
	Total clauses:	380624
	Test == masterkey, spend 21774342 clocks.
	Have 96 results, spent 63167082 clocks.
num_cipher:	92
	Total vars:	136128
	Total clauses:	384784
	Test == masterkey, spend 22355366 clocks.
	Have 96 results, spent 65437293 clocks.
num_cipher:	93
	Total vars:	137600
	Total clauses:	388944
	Test == masterkey, spend 22656826 clocks.
	Have 96 results, spent 65706815 clocks.
num_cipher:	94
	Total vars:	139072
	Total clauses:	393104
	Test == masterkey, spend 22121850 clocks.
	Have 96 results, spent 66646577 clocks.
num_cipher:	95
	Total vars:	140544
	Total clauses:	397264
	Test == masterkey, spend 20576211 clocks.
	Have 96 results, spent 70043795 clocks.
num_cipher:	96
	Total vars:	142016
	Total clauses:	401424
	Test == masterkey, spend 20870803 clocks.
	Have 96 results, spent 72249875 clocks.
num_cipher:	97
	Total vars:	143488
	Total clauses:	405584
	Test == masterkey, spend 22698061 clocks.
	Have 96 results, spent 76892040 clocks.
num_cipher:	98
	Total vars:	144960
	Total clauses:	409744
	Test == masterkey, spend 25547301 clocks.
	Have 96 results, spent 73228880 clocks.
num_cipher:	99
	Total vars:	146432
	Total clauses:	413904
	Test == masterkey, spend 22420415 clocks.
	Have 96 results, spent 74826749 clocks.
num_cipher:	100
	Total vars:	147904
	Total clauses:	418064
	Test == masterkey, spend 24966842 clocks.
	Have 96 results, spent 77574923 clocks.
num_cipher:	101
	Total vars:	149376
	Total clauses:	422224
	Test == masterkey, spend 23506570 clocks.
	Have 96 results, spent 77197025 clocks.
num_cipher:	102
	Total vars:	150848
	Total clauses:	426384
	Test == masterkey, spend 23036163 clocks.
	Have 96 results, spent 81729974 clocks.
num_cipher:	103
	Total vars:	152320
	Total clauses:	430544
	Test == masterkey, spend 24251003 clocks.
	Have 96 results, spent 78526913 clocks.
num_cipher:	104
	Total vars:	153792
	Total clauses:	434704
	Test == masterkey, spend 22562473 clocks.
	Have 96 results, spent 83956702 clocks.
num_cipher:	105
	Total vars:	155264
	Total clauses:	438864
	Test == masterkey, spend 23472750 clocks.
	Have 96 results, spent 82637318 clocks.
num_cipher:	106
	Total vars:	156736
	Total clauses:	443024
	Test == masterkey, spend 22847148 clocks.
	Have 96 results, spent 82425531 clocks.
num_cipher:	107
	Total vars:	158208
	Total clauses:	447184
	Test == masterkey, spend 26268653 clocks.
	Have 96 results, spent 91008621 clocks.
num_cipher:	108
	Total vars:	159680
	Total clauses:	451344
	Test == masterkey, spend 26055218 clocks.
	Have 96 results, spent 86212198 clocks.
num_cipher:	109
	Total vars:	161152
	Total clauses:	455504
	Test == masterkey, spend 26369623 clocks.
	Have 96 results, spent 89597533 clocks.
num_cipher:	110
	Total vars:	162624
	Total clauses:	459664
	Test == masterkey, spend 23933500 clocks.
	Have 96 results, spent 85430565 clocks.
num_cipher:	111
	Total vars:	164096
	Total clauses:	463824
	Test == masterkey, spend 25347471 clocks.
	Have 96 results, spent 88360214 clocks.
num_cipher:	112
	Total vars:	165568
	Total clauses:	467984
	Test == masterkey, spend 24272379 clocks.
	Have 96 results, spent 93199033 clocks.
num_cipher:	113
	Total vars:	167040
	Total clauses:	472144
	Test == masterkey, spend 23846376 clocks.
	Have 96 results, spent 98102394 clocks.
num_cipher:	114
	Total vars:	168512
	Total clauses:	476304
	Test == masterkey, spend 26402901 clocks.
	Have 96 results, spent 96386194 clocks.
num_cipher:	115
	Total vars:	169984
	Total clauses:	480464
	Test == masterkey, spend 25967242 clocks.
	Have 96 results, spent 104877592 clocks.
num_cipher:	116
	Total vars:	171456
	Total clauses:	484624
	Test == masterkey, spend 26992929 clocks.
	Have 96 results, spent 114500070 clocks.
num_cipher:	117
	Total vars:	172928
	Total clauses:	488784
	Test == masterkey, spend 25186156 clocks.
	Have 96 results, spent 113125518 clocks.
num_cipher:	118
	Total vars:	174400
	Total clauses:	492944
	Test == masterkey, spend 25921801 clocks.
	Have 96 results, spent 107581934 clocks.
num_cipher:	119
	Total vars:	175872
	Total clauses:	497104
	Test == masterkey, spend 26571690 clocks.
	Have 96 results, spent 111059478 clocks.
num_cipher:	120
	Total vars:	177344
	Total clauses:	501264
	Test == masterkey, spend 26369066 clocks.
	Have 96 results, spent 108518330 clocks.
num_cipher:	121
	Total vars:	178816
	Total clauses:	505424
	Test == masterkey, spend 25683284 clocks.
	Have 96 results, spent 108201231 clocks.
num_cipher:	122
	Total vars:	180288
	Total clauses:	509584
	Test == masterkey, spend 25656723 clocks.
	Have 96 results, spent 117220690 clocks.
num_cipher:	123
	Total vars:	181760
	Total clauses:	513744
	Test == masterkey, spend 27763629 clocks.
	Have 96 results, spent 126277468 clocks.
num_cipher:	124
	Total vars:	183232
	Total clauses:	517904
	Test == masterkey, spend 27167409 clocks.
	Have 96 results, spent 119081118 clocks.
num_cipher:	125
	Total vars:	184704
	Total clauses:	522064
	Test == masterkey, spend 28689048 clocks.
	Have 96 results, spent 123133578 clocks.
num_cipher:	126
	Total vars:	186176
	Total clauses:	526224
	Test == masterkey, spend 26989552 clocks.
	Have 96 results, spent 119880393 clocks.
num_cipher:	127
	Total vars:	187648
	Total clauses:	530384
	Test == masterkey, spend 27552932 clocks.
	Have 96 results, spent 127295509 clocks.
num_cipher:	128
	Total vars:	189120
	Total clauses:	534544
	Test == masterkey, spend 25543420 clocks.
	Have 96 results, spent 128984835 clocks.
---------------------------------------------------------------------------------------------------
	Command being timed: "./bin/present128NSNK 1 8 45 128"
	User time (seconds): 7407.10
	System time (seconds): 5.43
	Percent of CPU this job got: 99%
	Elapsed (wall clock) time (h:mm:ss or m:ss): 2:03:33
	Average shared text size (kbytes): 0
	Average unshared data size (kbytes): 0
	Average stack size (kbytes): 0
	Average total size (kbytes): 0
	Maximum resident set size (kbytes): 221272
	Average resident set size (kbytes): 0
	Major (requiring I/O) page faults: 0
	Minor (reclaiming a frame) page faults: 468828
	Voluntary context switches: 1
	Involuntary context switches: 12276
	Swaps: 0
	File system inputs: 0
	File system outputs: 928
	Socket messages sent: 0
	Socket messages received: 0
	Signals delivered: 0
	Page size (bytes): 4096
	Exit status: 0
