sbox:	1100 0101 0110 1011 1001 0000 1010 1101 0011 1110 1111 1000 0100 0111 0001 0010 
8 = (0+2+6')(2'+3+4'+6)(0'+2+3+4')(2+3'+4'+6)(2'+4+6'+7')(3+5'+6+7')(0'+4'+5+6')(1+4+6+7)(1'+4'+6'+7')(1+2'+3'+4)(0'+1'+3'+6)(3+4+5+7)(0'+2'+5'+7)(0+2'+3'+7)(1'+5'+6'+7)(2+4+5+6+7')(0+2'+5+6)(0'+1+4+5')(0+1'+4+5')(1+3+4'+5)(1+3'+4'+5'+7')(1+5+6+7')(2+3'+5+6')(1'+3+6'+7')(0+4'+5'+6')(1'+4'+6+7)
e_sbox:	1101 0101 0110 1011 1001 0000 1010 1101 0011 1110 1111 1000 0100 0111 0001 0010 
8 = (0'+2+6+7')(0+2+3+7)(0+1+2'+6)(2'+3+4'+6)(0+2+3'+4')(0'+1'+3+6')(1'+4'+6'+7')(1'+5'+6'+7)(1+5+6'+7)(1'+2'+6+7)(0'+1+2'+4)(0'+2+3'+5)(0'+2'+3'+7')(0+1'+4+7')(3'+4+5'+7)(0+4+5+6')(0'+1+2+3+5')(1+3+4'+5)(3+4+5'+7')(2'+4'+5'+7)(1+3'+5'+6'+7')(1'+3'+4'+5)(0+5'+6'+7')(4'+5'+6+7)(3+5+6+7)(1+4+5+6)(1'+3+4'+5')
PRESENT_MODE:	128
SAT_MODE:	2
	SBOX_MODE:	102
	KSR_HAVEERROR:	1
	ENCYPT_HAVEERROR:	1
AnalysesRounds:	9
MinCiphers:	45
MaxCiphers:	128
Threads:	1
Master_key:	00001100100011101110111111001100111000001110001001110111011001111101001111111011100110101011110010011000110011011001110010010001
---------------------------------------------------------------------------------------------------
num_cipher:	45
	Total vars:	75584
	Total clauses:	215184
	Test == masterkey, spend 10469522 clocks.
	Have 20 results, spent 21114726 clocks.
num_cipher:	46
	Total vars:	77248
	Total clauses:	219920
	Test == masterkey, spend 8674579 clocks.
	Have 20 results, spent 22485251 clocks.
num_cipher:	47
	Total vars:	78912
	Total clauses:	224656
	Test == masterkey, spend 9842225 clocks.
	Have 20 results, spent 22888112 clocks.
num_cipher:	48
	Total vars:	80576
	Total clauses:	229392
	Test == masterkey, spend 10666781 clocks.
	Have 20 results, spent 26575583 clocks.
num_cipher:	49
	Total vars:	82240
	Total clauses:	234128
	Test == masterkey, spend 9979306 clocks.
	Have 20 results, spent 25416495 clocks.
num_cipher:	50
	Total vars:	83904
	Total clauses:	238864
	Test == masterkey, spend 11300572 clocks.
	Have 20 results, spent 25859829 clocks.
num_cipher:	51
	Total vars:	85568
	Total clauses:	243600
	Test == masterkey, spend 11079926 clocks.
	Have 20 results, spent 28499287 clocks.
num_cipher:	52
	Total vars:	87232
	Total clauses:	248336
	Test == masterkey, spend 9386337 clocks.
	Have 20 results, spent 28391158 clocks.
num_cipher:	53
	Total vars:	88896
	Total clauses:	253072
	Test == masterkey, spend 11129735 clocks.
	Have 20 results, spent 30447675 clocks.
num_cipher:	54
	Total vars:	90560
	Total clauses:	257808
	Test == masterkey, spend 11676411 clocks.
	Have 20 results, spent 31166904 clocks.
num_cipher:	55
	Total vars:	92224
	Total clauses:	262544
	Test == masterkey, spend 11501036 clocks.
	Have 20 results, spent 32543500 clocks.
num_cipher:	56
	Total vars:	93888
	Total clauses:	267280
	Test == masterkey, spend 11327115 clocks.
	Have 20 results, spent 27786754 clocks.
num_cipher:	57
	Total vars:	95552
	Total clauses:	272016
	Test == masterkey, spend 13124253 clocks.
	Have 20 results, spent 29240264 clocks.
num_cipher:	58
	Total vars:	97216
	Total clauses:	276752
	Test == masterkey, spend 13410250 clocks.
	Have 20 results, spent 29757505 clocks.
num_cipher:	59
	Total vars:	98880
	Total clauses:	281488
	Test == masterkey, spend 15111517 clocks.
	Have 20 results, spent 33465814 clocks.
num_cipher:	60
	Total vars:	100544
	Total clauses:	286224
	Test == masterkey, spend 12863020 clocks.
	Have 20 results, spent 28135944 clocks.
num_cipher:	61
	Total vars:	102208
	Total clauses:	290960
	Test == masterkey, spend 20485177 clocks.
	Have 20 results, spent 36086042 clocks.
num_cipher:	62
	Total vars:	103872
	Total clauses:	295696
	Test == masterkey, spend 15856770 clocks.
	Have 20 results, spent 39659745 clocks.
num_cipher:	63
	Total vars:	105536
	Total clauses:	300432
	Test == masterkey, spend 14934023 clocks.
	Have 20 results, spent 41199742 clocks.
num_cipher:	64
	Total vars:	107200
	Total clauses:	305168
	Test == masterkey, spend 15859303 clocks.
	Have 20 results, spent 42089460 clocks.
num_cipher:	65
	Total vars:	108864
	Total clauses:	309904
	Test == masterkey, spend 18217005 clocks.
	Have 20 results, spent 42506453 clocks.
num_cipher:	66
	Total vars:	110528
	Total clauses:	314640
	Test == masterkey, spend 16285377 clocks.
	Have 20 results, spent 46461090 clocks.
num_cipher:	67
	Total vars:	112192
	Total clauses:	319376
	Test == masterkey, spend 19952827 clocks.
	Have 20 results, spent 45797412 clocks.
num_cipher:	68
	Total vars:	113856
	Total clauses:	324112
	Test == masterkey, spend 17419227 clocks.
	Have 20 results, spent 43908646 clocks.
num_cipher:	69
	Total vars:	115520
	Total clauses:	328848
	Test == masterkey, spend 19097232 clocks.
	Have 20 results, spent 39759182 clocks.
num_cipher:	70
	Total vars:	117184
	Total clauses:	333584
	Test == masterkey, spend 16418182 clocks.
	Have 20 results, spent 48546727 clocks.
num_cipher:	71
	Total vars:	118848
	Total clauses:	338320
	Test == masterkey, spend 19290489 clocks.
	Have 20 results, spent 48981305 clocks.
num_cipher:	72
	Total vars:	120512
	Total clauses:	343056
	Test == masterkey, spend 19204470 clocks.
	Have 20 results, spent 46976113 clocks.
num_cipher:	73
	Total vars:	122176
	Total clauses:	347792
	Test == masterkey, spend 17983794 clocks.
	Have 20 results, spent 48568286 clocks.
num_cipher:	74
	Total vars:	123840
	Total clauses:	352528
	Test == masterkey, spend 15740273 clocks.
	Have 20 results, spent 51900415 clocks.
num_cipher:	75
	Total vars:	125504
	Total clauses:	357264
	Test == masterkey, spend 20769683 clocks.
	Have 20 results, spent 50085763 clocks.
num_cipher:	76
	Total vars:	127168
	Total clauses:	362000
	Test == masterkey, spend 20202843 clocks.
	Have 20 results, spent 56038103 clocks.
num_cipher:	77
	Total vars:	128832
	Total clauses:	366736
	Test == masterkey, spend 22214729 clocks.
	Have 20 results, spent 52922767 clocks.
num_cipher:	78
	Total vars:	130496
	Total clauses:	371472
	Test == masterkey, spend 21020004 clocks.
	Have 20 results, spent 52950432 clocks.
num_cipher:	79
	Total vars:	132160
	Total clauses:	376208
	Test == masterkey, spend 22024020 clocks.
	Have 20 results, spent 54788603 clocks.
num_cipher:	80
	Total vars:	133824
	Total clauses:	380944
	Test == masterkey, spend 23566257 clocks.
	Have 20 results, spent 60255676 clocks.
num_cipher:	81
	Total vars:	135488
	Total clauses:	385680
	Test == masterkey, spend 21160799 clocks.
	Have 20 results, spent 57610251 clocks.
num_cipher:	82
	Total vars:	137152
	Total clauses:	390416
	Test == masterkey, spend 20281061 clocks.
	Have 20 results, spent 63161864 clocks.
num_cipher:	83
	Total vars:	138816
	Total clauses:	395152
	Test == masterkey, spend 21684529 clocks.
	Have 20 results, spent 60211715 clocks.
num_cipher:	84
	Total vars:	140480
	Total clauses:	399888
	Test == masterkey, spend 23517869 clocks.
	Have 20 results, spent 61912988 clocks.
num_cipher:	85
	Total vars:	142144
	Total clauses:	404624
	Test == masterkey, spend 23870729 clocks.
	Have 20 results, spent 63045347 clocks.
num_cipher:	86
	Total vars:	143808
	Total clauses:	409360
	Test == masterkey, spend 23512407 clocks.
	Have 20 results, spent 68930499 clocks.
num_cipher:	87
	Total vars:	145472
	Total clauses:	414096
	Test == masterkey, spend 20943967 clocks.
	Have 20 results, spent 57991081 clocks.
num_cipher:	88
	Total vars:	147136
	Total clauses:	418832
	Test == masterkey, spend 25314815 clocks.
	Have 20 results, spent 62267591 clocks.
num_cipher:	89
	Total vars:	148800
	Total clauses:	423568
	Test == masterkey, spend 24200969 clocks.
	Have 20 results, spent 63583465 clocks.
num_cipher:	90
	Total vars:	150464
	Total clauses:	428304
	Test == masterkey, spend 24710069 clocks.
	Have 20 results, spent 64187219 clocks.
num_cipher:	91
	Total vars:	152128
	Total clauses:	433040
	Test == masterkey, spend 22554489 clocks.
	Have 20 results, spent 66238872 clocks.
num_cipher:	92
	Total vars:	153792
	Total clauses:	437776
	Test == masterkey, spend 22613267 clocks.
	Have 20 results, spent 63352970 clocks.
num_cipher:	93
	Total vars:	155456
	Total clauses:	442512
	Test == masterkey, spend 23366166 clocks.
	Have 20 results, spent 65763507 clocks.
num_cipher:	94
	Total vars:	157120
	Total clauses:	447248
	Test == masterkey, spend 23893479 clocks.
	Have 20 results, spent 59437280 clocks.
num_cipher:	95
	Total vars:	158784
	Total clauses:	451984
	Test == masterkey, spend 21158009 clocks.
	Have 20 results, spent 75594527 clocks.
num_cipher:	96
	Total vars:	160448
	Total clauses:	456720
	Test == masterkey, spend 21731658 clocks.
	Have 20 results, spent 75391520 clocks.
num_cipher:	97
	Total vars:	162112
	Total clauses:	461456
	Test == masterkey, spend 27352325 clocks.
	Have 20 results, spent 66380745 clocks.
num_cipher:	98
	Total vars:	163776
	Total clauses:	466192
	Test == masterkey, spend 21689407 clocks.
	Have 20 results, spent 78613157 clocks.
num_cipher:	99
	Total vars:	165440
	Total clauses:	470928
	Test == masterkey, spend 24425236 clocks.
	Have 20 results, spent 73141083 clocks.
num_cipher:	100
	Total vars:	167104
	Total clauses:	475664
	Test == masterkey, spend 25633288 clocks.
	Have 20 results, spent 86171286 clocks.
num_cipher:	101
	Total vars:	168768
	Total clauses:	480400
	Test == masterkey, spend 23328841 clocks.
	Have 20 results, spent 75509203 clocks.
num_cipher:	102
	Total vars:	170432
	Total clauses:	485136
	Test == masterkey, spend 25261048 clocks.
	Have 20 results, spent 73526346 clocks.
num_cipher:	103
	Total vars:	172096
	Total clauses:	489872
	Test == masterkey, spend 22422238 clocks.
	Have 20 results, spent 86783349 clocks.
num_cipher:	104
	Total vars:	173760
	Total clauses:	494608
	Test == masterkey, spend 22869935 clocks.
	Have 20 results, spent 80803378 clocks.
num_cipher:	105
	Total vars:	175424
	Total clauses:	499344
	Test == masterkey, spend 25300571 clocks.
	Have 20 results, spent 90953031 clocks.
num_cipher:	106
	Total vars:	177088
	Total clauses:	504080
	Test == masterkey, spend 36037701 clocks.
	Have 20 results, spent 83623718 clocks.
num_cipher:	107
	Total vars:	178752
	Total clauses:	508816
	Test == masterkey, spend 30418468 clocks.
	Have 20 results, spent 86230256 clocks.
num_cipher:	108
	Total vars:	180416
	Total clauses:	513552
	Test == masterkey, spend 37347340 clocks.
	Have 20 results, spent 91963376 clocks.
num_cipher:	109
	Total vars:	182080
	Total clauses:	518288
	Test == masterkey, spend 28743671 clocks.
	Have 20 results, spent 96145354 clocks.
num_cipher:	110
	Total vars:	183744
	Total clauses:	523024
	Test == masterkey, spend 35115600 clocks.
	Have 20 results, spent 53107457 clocks.
num_cipher:	111
	Total vars:	185408
	Total clauses:	527760
	Test == masterkey, spend 38014539 clocks.
	Have 20 results, spent 90538776 clocks.
num_cipher:	112
	Total vars:	187072
	Total clauses:	532496
	Test == masterkey, spend 35835273 clocks.
	Have 20 results, spent 51588860 clocks.
num_cipher:	113
	Total vars:	188736
	Total clauses:	537232
	Test == masterkey, spend 31840107 clocks.
	Have 20 results, spent 50785981 clocks.
num_cipher:	114
	Total vars:	190400
	Total clauses:	541968
	Test == masterkey, spend 38834601 clocks.
	Have 20 results, spent 114727844 clocks.
num_cipher:	115
	Total vars:	192064
	Total clauses:	546704
	Test == masterkey, spend 38548319 clocks.
	Have 20 results, spent 51907044 clocks.
num_cipher:	116
	Total vars:	193728
	Total clauses:	551440
	Test == masterkey, spend 42054420 clocks.
	Have 20 results, spent 103687306 clocks.
num_cipher:	117
	Total vars:	195392
	Total clauses:	556176
	Test == masterkey, spend 35079826 clocks.
	Have 20 results, spent 50460414 clocks.
num_cipher:	118
	Total vars:	197056
	Total clauses:	560912
	Test == masterkey, spend 35951590 clocks.
	Have 20 results, spent 52529087 clocks.
num_cipher:	119
	Total vars:	198720
	Total clauses:	565648
	Test == masterkey, spend 38250898 clocks.
	Have 20 results, spent 47291630 clocks.
num_cipher:	120
	Total vars:	200384
	Total clauses:	570384
	Test == masterkey, spend 39600856 clocks.
	Have 20 results, spent 55020748 clocks.
num_cipher:	121
	Total vars:	202048
	Total clauses:	575120
	Test == masterkey, spend 39612002 clocks.
	Have 20 results, spent 54953986 clocks.
num_cipher:	122
	Total vars:	203712
	Total clauses:	579856
	Test == masterkey, spend 36217281 clocks.
	Have 20 results, spent 51541950 clocks.
num_cipher:	123
	Total vars:	205376
	Total clauses:	584592
	Test == masterkey, spend 35546438 clocks.
	Have 20 results, spent 65038723 clocks.
num_cipher:	124
	Total vars:	207040
	Total clauses:	589328
	Test == masterkey, spend 41674734 clocks.
	Have 20 results, spent 59109646 clocks.
num_cipher:	125
	Total vars:	208704
	Total clauses:	594064
	Test == masterkey, spend 56013257 clocks.
	Have 20 results, spent 61476371 clocks.
num_cipher:	126
	Total vars:	210368
	Total clauses:	598800
	Test == masterkey, spend 52181283 clocks.
	Have 20 results, spent 50832513 clocks.
num_cipher:	127
	Total vars:	212032
	Total clauses:	603536
	Test == masterkey, spend 42933361 clocks.
	Have 20 results, spent 54928537 clocks.
num_cipher:	128
	Total vars:	213696
	Total clauses:	608272
	Test == masterkey, spend 61993607 clocks.
	Have 20 results, spent 55414887 clocks.
---------------------------------------------------------------------------------------------------
	Command being timed: "./bin/present128NSNK 1 9 45 128"
	User time (seconds): 6901.75
	System time (seconds): 4.94
	Percent of CPU this job got: 99%
	Elapsed (wall clock) time (h:mm:ss or m:ss): 1:55:07
	Average shared text size (kbytes): 0
	Average unshared data size (kbytes): 0
	Average stack size (kbytes): 0
	Average total size (kbytes): 0
	Maximum resident set size (kbytes): 317972
	Average resident set size (kbytes): 0
	Major (requiring I/O) page faults: 0
	Minor (reclaiming a frame) page faults: 611494
	Voluntary context switches: 7
	Involuntary context switches: 6694
	Swaps: 0
	File system inputs: 0
	File system outputs: 872
	Socket messages sent: 0
	Socket messages received: 0
	Signals delivered: 0
	Page size (bytes): 4096
	Exit status: 0
