sbox:	1100 0101 0110 1011 1001 0000 1010 1101 0011 1110 1111 1000 0100 0111 0001 0010 
8 = (0+2+6')(2'+3+4'+6)(0'+2+3+4')(2+3'+4'+6)(2'+4+6'+7')(3+5'+6+7')(0'+4'+5+6')(1+4+6+7)(1'+4'+6'+7')(1+2'+3'+4)(0'+1'+3'+6)(3+4+5+7)(0'+2'+5'+7)(0+2'+3'+7)(1'+5'+6'+7)(2+4+5+6+7')(0+2'+5+6)(0'+1+4+5')(0+1'+4+5')(1+3+4'+5)(1+3'+4'+5'+7')(1+5+6+7')(2+3'+5+6')(1'+3+6'+7')(0+4'+5'+6')(1'+4'+6+7)
e_sbox:	1101 0101 0110 1011 1001 0000 1010 1101 0011 1110 1111 1000 0100 0111 0001 0010 
8 = (0'+2+6+7')(0+2+3+7)(0+1+2'+6)(2'+3+4'+6)(0+2+3'+4')(0'+1'+3+6')(1'+4'+6'+7')(1'+5'+6'+7)(1+5+6'+7)(1'+2'+6+7)(0'+1+2'+4)(0'+2+3'+5)(0'+2'+3'+7')(0+1'+4+7')(3'+4+5'+7)(0+4+5+6')(0'+1+2+3+5')(1+3+4'+5)(3+4+5'+7')(2'+4'+5'+7)(1+3'+5'+6'+7')(1'+3'+4'+5)(0+5'+6'+7')(4'+5'+6+7)(3+5+6+7)(1+4+5+6)(1'+3+4'+5')
PRESENT_MODE:	128
SAT_MODE:	2
	SBOX_MODE:	102
	KSR_HAVEERROR:	1
	ENCYPT_HAVEERROR:	1
AnalysesRounds:	9
MinCiphers:	45
MaxCiphers:	128
Threads:	1
Master_key:	11000100100010111010001010010010010011111010001101110000010001000110011001110011111001101100111100101010110110000010100111100100
---------------------------------------------------------------------------------------------------
num_cipher:	45
	Total vars:	75584
	Total clauses:	215184
	Test == masterkey, spend 9454326 clocks.
	Have 288 results, spent 35322234 clocks.
num_cipher:	46
	Total vars:	77248
	Total clauses:	219920
	Test == masterkey, spend 9747086 clocks.
	Have 288 results, spent 31376063 clocks.
num_cipher:	47
	Total vars:	78912
	Total clauses:	224656
	Test == masterkey, spend 10443340 clocks.
	Have 288 results, spent 32079433 clocks.
num_cipher:	48
	Total vars:	80576
	Total clauses:	229392
	Test == masterkey, spend 10768730 clocks.
	Have 288 results, spent 37712087 clocks.
num_cipher:	49
	Total vars:	82240
	Total clauses:	234128
	Test == masterkey, spend 11248225 clocks.
	Have 288 results, spent 33225628 clocks.
num_cipher:	50
	Total vars:	83904
	Total clauses:	238864
	Test == masterkey, spend 11465941 clocks.
	Have 288 results, spent 34521240 clocks.
num_cipher:	51
	Total vars:	85568
	Total clauses:	243600
	Test == masterkey, spend 13772998 clocks.
	Have 288 results, spent 35883400 clocks.
num_cipher:	52
	Total vars:	87232
	Total clauses:	248336
	Test == masterkey, spend 13472571 clocks.
	Have 288 results, spent 35980004 clocks.
num_cipher:	53
	Total vars:	88896
	Total clauses:	253072
	Test == masterkey, spend 11995306 clocks.
	Have 288 results, spent 38470945 clocks.
num_cipher:	54
	Total vars:	90560
	Total clauses:	257808
	Test == masterkey, spend 14748525 clocks.
	Have 288 results, spent 38145387 clocks.
num_cipher:	55
	Total vars:	92224
	Total clauses:	262544
	Test == masterkey, spend 13781545 clocks.
	Have 288 results, spent 38808152 clocks.
num_cipher:	56
	Total vars:	93888
	Total clauses:	267280
	Test == masterkey, spend 15741531 clocks.
	Have 288 results, spent 41733568 clocks.
num_cipher:	57
	Total vars:	95552
	Total clauses:	272016
	Test == masterkey, spend 15662169 clocks.
	Have 288 results, spent 41163222 clocks.
num_cipher:	58
	Total vars:	97216
	Total clauses:	276752
	Test == masterkey, spend 16228382 clocks.
	Have 288 results, spent 39750344 clocks.
num_cipher:	59
	Total vars:	98880
	Total clauses:	281488
	Test == masterkey, spend 17373140 clocks.
	Have 288 results, spent 44393138 clocks.
num_cipher:	60
	Total vars:	100544
	Total clauses:	286224
	Test == masterkey, spend 16111767 clocks.
	Have 288 results, spent 47501917 clocks.
num_cipher:	61
	Total vars:	102208
	Total clauses:	290960
	Test == masterkey, spend 16720638 clocks.
	Have 288 results, spent 42431330 clocks.
num_cipher:	62
	Total vars:	103872
	Total clauses:	295696
	Test == masterkey, spend 18933534 clocks.
	Have 288 results, spent 48201047 clocks.
num_cipher:	63
	Total vars:	105536
	Total clauses:	300432
	Test == masterkey, spend 17538292 clocks.
	Have 288 results, spent 48400662 clocks.
num_cipher:	64
	Total vars:	107200
	Total clauses:	305168
	Test == masterkey, spend 20016765 clocks.
	Have 288 results, spent 54140547 clocks.
num_cipher:	65
	Total vars:	108864
	Total clauses:	309904
	Test == masterkey, spend 16641802 clocks.
	Have 288 results, spent 54918590 clocks.
num_cipher:	66
	Total vars:	110528
	Total clauses:	314640
	Test == masterkey, spend 17568747 clocks.
	Have 288 results, spent 58249443 clocks.
num_cipher:	67
	Total vars:	112192
	Total clauses:	319376
	Test == masterkey, spend 18460032 clocks.
	Have 288 results, spent 55504888 clocks.
num_cipher:	68
	Total vars:	113856
	Total clauses:	324112
	Test == masterkey, spend 17103441 clocks.
	Have 288 results, spent 58936588 clocks.
num_cipher:	69
	Total vars:	115520
	Total clauses:	328848
	Test == masterkey, spend 21902951 clocks.
	Have 288 results, spent 66666140 clocks.
num_cipher:	70
	Total vars:	117184
	Total clauses:	333584
	Test == masterkey, spend 18233988 clocks.
	Have 288 results, spent 65686802 clocks.
num_cipher:	71
	Total vars:	118848
	Total clauses:	338320
	Test == masterkey, spend 21876113 clocks.
	Have 288 results, spent 67174464 clocks.
num_cipher:	72
	Total vars:	120512
	Total clauses:	343056
	Test == masterkey, spend 22479549 clocks.
	Have 288 results, spent 67678426 clocks.
num_cipher:	73
	Total vars:	122176
	Total clauses:	347792
	Test == masterkey, spend 19722661 clocks.
	Have 288 results, spent 73517930 clocks.
num_cipher:	74
	Total vars:	123840
	Total clauses:	352528
	Test == masterkey, spend 22123132 clocks.
	Have 288 results, spent 71956981 clocks.
num_cipher:	75
	Total vars:	125504
	Total clauses:	357264
	Test == masterkey, spend 20696630 clocks.
	Have 288 results, spent 73234960 clocks.
num_cipher:	76
	Total vars:	127168
	Total clauses:	362000
	Test == masterkey, spend 20939539 clocks.
	Have 288 results, spent 72404781 clocks.
num_cipher:	77
	Total vars:	128832
	Total clauses:	366736
	Test == masterkey, spend 22502745 clocks.
	Have 288 results, spent 73637602 clocks.
num_cipher:	78
	Total vars:	130496
	Total clauses:	371472
	Test == masterkey, spend 20641617 clocks.
	Have 288 results, spent 81930144 clocks.
num_cipher:	79
	Total vars:	132160
	Total clauses:	376208
	Test == masterkey, spend 22566366 clocks.
	Have 288 results, spent 80471048 clocks.
num_cipher:	80
	Total vars:	133824
	Total clauses:	380944
	Test == masterkey, spend 24918729 clocks.
	Have 288 results, spent 81020363 clocks.
num_cipher:	81
	Total vars:	135488
	Total clauses:	385680
	Test == masterkey, spend 20126092 clocks.
	Have 288 results, spent 76592485 clocks.
num_cipher:	82
	Total vars:	137152
	Total clauses:	390416
	Test == masterkey, spend 26728040 clocks.
	Have 288 results, spent 84434150 clocks.
num_cipher:	83
	Total vars:	138816
	Total clauses:	395152
	Test == masterkey, spend 26652567 clocks.
	Have 288 results, spent 81157157 clocks.
num_cipher:	84
	Total vars:	140480
	Total clauses:	399888
	Test == masterkey, spend 27671713 clocks.
	Have 288 results, spent 92786372 clocks.
num_cipher:	85
	Total vars:	142144
	Total clauses:	404624
	Test == masterkey, spend 27566178 clocks.
	Have 288 results, spent 95519305 clocks.
num_cipher:	86
	Total vars:	143808
	Total clauses:	409360
	Test == masterkey, spend 29936072 clocks.
	Have 288 results, spent 97009234 clocks.
num_cipher:	87
	Total vars:	145472
	Total clauses:	414096
	Test == masterkey, spend 32372945 clocks.
	Have 288 results, spent 101544624 clocks.
num_cipher:	88
	Total vars:	147136
	Total clauses:	418832
	Test == masterkey, spend 26732360 clocks.
	Have 288 results, spent 100963691 clocks.
num_cipher:	89
	Total vars:	148800
	Total clauses:	423568
	Test == masterkey, spend 28329122 clocks.
	Have 288 results, spent 98591768 clocks.
num_cipher:	90
	Total vars:	150464
	Total clauses:	428304
	Test == masterkey, spend 23539759 clocks.
	Have 288 results, spent 111915306 clocks.
num_cipher:	91
	Total vars:	152128
	Total clauses:	433040
	Test == masterkey, spend 30657899 clocks.
	Have 288 results, spent 113353507 clocks.
num_cipher:	92
	Total vars:	153792
	Total clauses:	437776
	Test == masterkey, spend 31474033 clocks.
	Have 288 results, spent 118510421 clocks.
num_cipher:	93
	Total vars:	155456
	Total clauses:	442512
	Test == masterkey, spend 32231487 clocks.
	Have 288 results, spent 109077085 clocks.
num_cipher:	94
	Total vars:	157120
	Total clauses:	447248
	Test == masterkey, spend 26220013 clocks.
	Have 288 results, spent 115840381 clocks.
num_cipher:	95
	Total vars:	158784
	Total clauses:	451984
	Test == masterkey, spend 30983426 clocks.
	Have 288 results, spent 122814202 clocks.
num_cipher:	96
	Total vars:	160448
	Total clauses:	456720
	Test == masterkey, spend 25474343 clocks.
	Have 288 results, spent 128566783 clocks.
num_cipher:	97
	Total vars:	162112
	Total clauses:	461456
	Test == masterkey, spend 36705891 clocks.
	Have 288 results, spent 132588330 clocks.
num_cipher:	98
	Total vars:	163776
	Total clauses:	466192
	Test == masterkey, spend 45108814 clocks.
	Have 288 results, spent 125327416 clocks.
num_cipher:	99
	Total vars:	165440
	Total clauses:	470928
	Test == masterkey, spend 46722156 clocks.
	Have 288 results, spent 132997477 clocks.
num_cipher:	100
	Total vars:	167104
	Total clauses:	475664
	Test == masterkey, spend 42518841 clocks.
	Have 288 results, spent 134924354 clocks.
num_cipher:	101
	Total vars:	168768
	Total clauses:	480400
	Test == masterkey, spend 45097061 clocks.
	Have 288 results, spent 140446662 clocks.
num_cipher:	102
	Total vars:	170432
	Total clauses:	485136
	Test == masterkey, spend 47243297 clocks.
	Have 288 results, spent 137555915 clocks.
num_cipher:	103
	Total vars:	172096
	Total clauses:	489872
	Test == masterkey, spend 44173859 clocks.
	Have 288 results, spent 130827540 clocks.
num_cipher:	104
	Total vars:	173760
	Total clauses:	494608
	Test == masterkey, spend 45049169 clocks.
	Have 288 results, spent 137351777 clocks.
num_cipher:	105
	Total vars:	175424
	Total clauses:	499344
	Test == masterkey, spend 41467167 clocks.
	Have 288 results, spent 136314604 clocks.
num_cipher:	106
	Total vars:	177088
	Total clauses:	504080
	Test == masterkey, spend 44462844 clocks.
	Have 288 results, spent 138202189 clocks.
num_cipher:	107
	Total vars:	178752
	Total clauses:	508816
	Test == masterkey, spend 39746280 clocks.
	Have 288 results, spent 151010503 clocks.
num_cipher:	108
	Total vars:	180416
	Total clauses:	513552
	Test == masterkey, spend 44841765 clocks.
	Have 288 results, spent 144780626 clocks.
num_cipher:	109
	Total vars:	182080
	Total clauses:	518288
	Test == masterkey, spend 41782441 clocks.
	Have 288 results, spent 153883373 clocks.
num_cipher:	110
	Total vars:	183744
	Total clauses:	523024
	Test == masterkey, spend 37105617 clocks.
	Have 288 results, spent 74225489 clocks.
num_cipher:	111
	Total vars:	185408
	Total clauses:	527760
	Test == masterkey, spend 38960564 clocks.
	Have 288 results, spent 72821364 clocks.
num_cipher:	112
	Total vars:	187072
	Total clauses:	532496
	Test == masterkey, spend 38018331 clocks.
	Have 288 results, spent 78155249 clocks.
num_cipher:	113
	Total vars:	188736
	Total clauses:	537232
	Test == masterkey, spend 45474085 clocks.
	Have 288 results, spent 74668638 clocks.
num_cipher:	114
	Total vars:	190400
	Total clauses:	541968
	Test == masterkey, spend 41770424 clocks.
	Have 288 results, spent 75794987 clocks.
num_cipher:	115
	Total vars:	192064
	Total clauses:	546704
	Test == masterkey, spend 40357424 clocks.
	Have 288 results, spent 76570975 clocks.
num_cipher:	116
	Total vars:	193728
	Total clauses:	551440
	Test == masterkey, spend 45737684 clocks.
	Have 288 results, spent 67633049 clocks.
num_cipher:	117
	Total vars:	195392
	Total clauses:	556176
	Test == masterkey, spend 38593592 clocks.
	Have 288 results, spent 78365028 clocks.
num_cipher:	118
	Total vars:	197056
	Total clauses:	560912
	Test == masterkey, spend 42993515 clocks.
	Have 288 results, spent 78139794 clocks.
num_cipher:	119
	Total vars:	198720
	Total clauses:	565648
	Test == masterkey, spend 48355415 clocks.
	Have 288 results, spent 84680756 clocks.
num_cipher:	120
	Total vars:	200384
	Total clauses:	570384
	Test == masterkey, spend 61577557 clocks.
	Have 288 results, spent 87500860 clocks.
num_cipher:	121
	Total vars:	202048
	Total clauses:	575120
	Test == masterkey, spend 42343046 clocks.
	Have 288 results, spent 79960860 clocks.
num_cipher:	122
	Total vars:	203712
	Total clauses:	579856
	Test == masterkey, spend 66827333 clocks.
	Have 288 results, spent 84210528 clocks.
num_cipher:	123
	Total vars:	205376
	Total clauses:	584592
	Test == masterkey, spend 62676031 clocks.
	Have 288 results, spent 78495191 clocks.
num_cipher:	124
	Total vars:	207040
	Total clauses:	589328
	Test == masterkey, spend 57874667 clocks.
	Have 288 results, spent 81782685 clocks.
num_cipher:	125
	Total vars:	208704
	Total clauses:	594064
	Test == masterkey, spend 44590180 clocks.
	Have 288 results, spent 73241015 clocks.
num_cipher:	126
	Total vars:	210368
	Total clauses:	598800
	Test == masterkey, spend 60999672 clocks.
	Have 288 results, spent 66063069 clocks.
num_cipher:	127
	Total vars:	212032
	Total clauses:	603536
	Test == masterkey, spend 62571917 clocks.
	Have 288 results, spent 86791797 clocks.
num_cipher:	128
	Total vars:	213696
	Total clauses:	608272
	Test == masterkey, spend 64644644 clocks.
	Have 288 results, spent 84694314 clocks.
---------------------------------------------------------------------------------------------------
	Command being timed: "./bin/present128NSNK 1 9 45 128"
	User time (seconds): 9609.97
	System time (seconds): 6.69
	Percent of CPU this job got: 99%
	Elapsed (wall clock) time (h:mm:ss or m:ss): 2:40:18
	Average shared text size (kbytes): 0
	Average unshared data size (kbytes): 0
	Average stack size (kbytes): 0
	Average total size (kbytes): 0
	Maximum resident set size (kbytes): 320240
	Average resident set size (kbytes): 0
	Major (requiring I/O) page faults: 0
	Minor (reclaiming a frame) page faults: 651489
	Voluntary context switches: 2
	Involuntary context switches: 15165
	Swaps: 0
	File system inputs: 0
	File system outputs: 1392
	Socket messages sent: 0
	Socket messages received: 0
	Signals delivered: 0
	Page size (bytes): 4096
	Exit status: 0
