sbox:	1100 0101 0110 1011 1001 0000 1010 1101 0011 1110 1111 1000 0100 0111 0001 0010 
8 = (0+2+6')(2'+3+4'+6)(0'+2+3+4')(2+3'+4'+6)(2'+4+6'+7')(3+5'+6+7')(0'+4'+5+6')(1+4+6+7)(1'+4'+6'+7')(1+2'+3'+4)(0'+1'+3'+6)(3+4+5+7)(0'+2'+5'+7)(0+2'+3'+7)(1'+5'+6'+7)(2+4+5+6+7')(0+2'+5+6)(0'+1+4+5')(0+1'+4+5')(1+3+4'+5)(1+3'+4'+5'+7')(1+5+6+7')(2+3'+5+6')(1'+3+6'+7')(0+4'+5'+6')(1'+4'+6+7)
e_sbox:	1101 0101 0110 1011 1001 0000 1010 1101 0011 1110 1111 1000 0100 0111 0001 0010 
8 = (0'+2+6+7')(0+2+3+7)(0+1+2'+6)(2'+3+4'+6)(0+2+3'+4')(0'+1'+3+6')(1'+4'+6'+7')(1'+5'+6'+7)(1+5+6'+7)(1'+2'+6+7)(0'+1+2'+4)(0'+2+3'+5)(0'+2'+3'+7')(0+1'+4+7')(3'+4+5'+7)(0+4+5+6')(0'+1+2+3+5')(1+3+4'+5)(3+4+5'+7')(2'+4'+5'+7)(1+3'+5'+6'+7')(1'+3'+4'+5)(0+5'+6'+7')(4'+5'+6+7)(3+5+6+7)(1+4+5+6)(1'+3+4'+5')
PRESENT_MODE:	128
SAT_MODE:	2
	SBOX_MODE:	102
	KSR_HAVEERROR:	1
	ENCYPT_HAVEERROR:	1
AnalysesRounds:	9
MinCiphers:	45
MaxCiphers:	128
Threads:	1
Master_key:	11111011001001010110110111011011000000100000100100000000000000100000010001000011000000001110011101001000111101101100101110111010
---------------------------------------------------------------------------------------------------
num_cipher:	45
	Total vars:	75584
	Total clauses:	215184
	Test == masterkey, spend 8141844 clocks.
	Have 720 results, spent 40848801 clocks.
num_cipher:	46
	Total vars:	77248
	Total clauses:	219920
	Test == masterkey, spend 7176401 clocks.
	Have 720 results, spent 42351937 clocks.
num_cipher:	47
	Total vars:	78912
	Total clauses:	224656
	Test == masterkey, spend 8648196 clocks.
	Have 720 results, spent 41598401 clocks.
num_cipher:	48
	Total vars:	80576
	Total clauses:	229392
	Test == masterkey, spend 9674034 clocks.
	Have 720 results, spent 45129817 clocks.
num_cipher:	49
	Total vars:	82240
	Total clauses:	234128
	Test == masterkey, spend 9120234 clocks.
	Have 720 results, spent 46187637 clocks.
num_cipher:	50
	Total vars:	83904
	Total clauses:	238864
	Test == masterkey, spend 10045824 clocks.
	Have 720 results, spent 45696285 clocks.
num_cipher:	51
	Total vars:	85568
	Total clauses:	243600
	Test == masterkey, spend 10263740 clocks.
	Have 720 results, spent 48578217 clocks.
num_cipher:	52
	Total vars:	87232
	Total clauses:	248336
	Test == masterkey, spend 11942641 clocks.
	Have 720 results, spent 47914560 clocks.
num_cipher:	53
	Total vars:	88896
	Total clauses:	253072
	Test == masterkey, spend 11985153 clocks.
	Have 720 results, spent 48543415 clocks.
num_cipher:	54
	Total vars:	90560
	Total clauses:	257808
	Test == masterkey, spend 11789290 clocks.
	Have 720 results, spent 47971834 clocks.
num_cipher:	55
	Total vars:	92224
	Total clauses:	262544
	Test == masterkey, spend 13017578 clocks.
	Have 720 results, spent 49673658 clocks.
num_cipher:	56
	Total vars:	93888
	Total clauses:	267280
	Test == masterkey, spend 12712027 clocks.
	Have 720 results, spent 50498888 clocks.
num_cipher:	57
	Total vars:	95552
	Total clauses:	272016
	Test == masterkey, spend 11773814 clocks.
	Have 720 results, spent 51732712 clocks.
num_cipher:	58
	Total vars:	97216
	Total clauses:	276752
	Test == masterkey, spend 11733220 clocks.
	Have 720 results, spent 50027462 clocks.
num_cipher:	59
	Total vars:	98880
	Total clauses:	281488
	Test == masterkey, spend 14244003 clocks.
	Have 720 results, spent 53121256 clocks.
num_cipher:	60
	Total vars:	100544
	Total clauses:	286224
	Test == masterkey, spend 13320153 clocks.
	Have 720 results, spent 54338120 clocks.
num_cipher:	61
	Total vars:	102208
	Total clauses:	290960
	Test == masterkey, spend 16803026 clocks.
	Have 720 results, spent 56904221 clocks.
num_cipher:	62
	Total vars:	103872
	Total clauses:	295696
	Test == masterkey, spend 14931857 clocks.
	Have 720 results, spent 59277110 clocks.
num_cipher:	63
	Total vars:	105536
	Total clauses:	300432
	Test == masterkey, spend 16404867 clocks.
	Have 720 results, spent 62929489 clocks.
num_cipher:	64
	Total vars:	107200
	Total clauses:	305168
	Test == masterkey, spend 20196575 clocks.
	Have 720 results, spent 69418670 clocks.
num_cipher:	65
	Total vars:	108864
	Total clauses:	309904
	Test == masterkey, spend 17445155 clocks.
	Have 720 results, spent 71317216 clocks.
num_cipher:	66
	Total vars:	110528
	Total clauses:	314640
	Test == masterkey, spend 16908844 clocks.
	Have 720 results, spent 69205814 clocks.
num_cipher:	67
	Total vars:	112192
	Total clauses:	319376
	Test == masterkey, spend 18981379 clocks.
	Have 720 results, spent 73553639 clocks.
num_cipher:	68
	Total vars:	113856
	Total clauses:	324112
	Test == masterkey, spend 19455659 clocks.
	Have 720 results, spent 75081833 clocks.
num_cipher:	69
	Total vars:	115520
	Total clauses:	328848
	Test == masterkey, spend 17781513 clocks.
	Have 720 results, spent 75763635 clocks.
num_cipher:	70
	Total vars:	117184
	Total clauses:	333584
	Test == masterkey, spend 18729028 clocks.
	Have 720 results, spent 72316258 clocks.
num_cipher:	71
	Total vars:	118848
	Total clauses:	338320
	Test == masterkey, spend 17072557 clocks.
	Have 720 results, spent 76840157 clocks.
num_cipher:	72
	Total vars:	120512
	Total clauses:	343056
	Test == masterkey, spend 18970012 clocks.
	Have 720 results, spent 81201114 clocks.
num_cipher:	73
	Total vars:	122176
	Total clauses:	347792
	Test == masterkey, spend 19093918 clocks.
	Have 720 results, spent 81734588 clocks.
num_cipher:	74
	Total vars:	123840
	Total clauses:	352528
	Test == masterkey, spend 20525627 clocks.
	Have 720 results, spent 82072748 clocks.
num_cipher:	75
	Total vars:	125504
	Total clauses:	357264
	Test == masterkey, spend 17608034 clocks.
	Have 720 results, spent 79599328 clocks.
num_cipher:	76
	Total vars:	127168
	Total clauses:	362000
	Test == masterkey, spend 21123137 clocks.
	Have 720 results, spent 89618947 clocks.
num_cipher:	77
	Total vars:	128832
	Total clauses:	366736
	Test == masterkey, spend 17867644 clocks.
	Have 720 results, spent 83804673 clocks.
num_cipher:	78
	Total vars:	130496
	Total clauses:	371472
	Test == masterkey, spend 18645423 clocks.
	Have 720 results, spent 88311573 clocks.
num_cipher:	79
	Total vars:	132160
	Total clauses:	376208
	Test == masterkey, spend 21447976 clocks.
	Have 720 results, spent 83818202 clocks.
num_cipher:	80
	Total vars:	133824
	Total clauses:	380944
	Test == masterkey, spend 22363364 clocks.
	Have 720 results, spent 90237339 clocks.
num_cipher:	81
	Total vars:	135488
	Total clauses:	385680
	Test == masterkey, spend 21473118 clocks.
	Have 720 results, spent 96079768 clocks.
num_cipher:	82
	Total vars:	137152
	Total clauses:	390416
	Test == masterkey, spend 21049451 clocks.
	Have 720 results, spent 96876016 clocks.
num_cipher:	83
	Total vars:	138816
	Total clauses:	395152
	Test == masterkey, spend 17967692 clocks.
	Have 720 results, spent 91625573 clocks.
num_cipher:	84
	Total vars:	140480
	Total clauses:	399888
	Test == masterkey, spend 23425058 clocks.
	Have 720 results, spent 96390640 clocks.
num_cipher:	85
	Total vars:	142144
	Total clauses:	404624
	Test == masterkey, spend 20980026 clocks.
	Have 720 results, spent 100932895 clocks.
num_cipher:	86
	Total vars:	143808
	Total clauses:	409360
	Test == masterkey, spend 21670400 clocks.
	Have 720 results, spent 95559901 clocks.
num_cipher:	87
	Total vars:	145472
	Total clauses:	414096
	Test == masterkey, spend 20138290 clocks.
	Have 720 results, spent 103319250 clocks.
num_cipher:	88
	Total vars:	147136
	Total clauses:	418832
	Test == masterkey, spend 21689285 clocks.
	Have 720 results, spent 102598543 clocks.
num_cipher:	89
	Total vars:	148800
	Total clauses:	423568
	Test == masterkey, spend 21084588 clocks.
	Have 720 results, spent 105487517 clocks.
num_cipher:	90
	Total vars:	150464
	Total clauses:	428304
	Test == masterkey, spend 21370273 clocks.
	Have 720 results, spent 105393884 clocks.
num_cipher:	91
	Total vars:	152128
	Total clauses:	433040
	Test == masterkey, spend 22586172 clocks.
	Have 720 results, spent 110166109 clocks.
num_cipher:	92
	Total vars:	153792
	Total clauses:	437776
	Test == masterkey, spend 22418615 clocks.
	Have 720 results, spent 120487403 clocks.
num_cipher:	93
	Total vars:	155456
	Total clauses:	442512
	Test == masterkey, spend 23725224 clocks.
	Have 720 results, spent 122886522 clocks.
num_cipher:	94
	Total vars:	157120
	Total clauses:	447248
	Test == masterkey, spend 25728234 clocks.
	Have 720 results, spent 114187161 clocks.
num_cipher:	95
	Total vars:	158784
	Total clauses:	451984
	Test == masterkey, spend 24565107 clocks.
	Have 720 results, spent 126872771 clocks.
num_cipher:	96
	Total vars:	160448
	Total clauses:	456720
	Test == masterkey, spend 28822271 clocks.
	Have 720 results, spent 123359473 clocks.
num_cipher:	97
	Total vars:	162112
	Total clauses:	461456
	Test == masterkey, spend 27010614 clocks.
	Have 720 results, spent 129921943 clocks.
num_cipher:	98
	Total vars:	163776
	Total clauses:	466192
	Test == masterkey, spend 35115314 clocks.
	Have 720 results, spent 128911277 clocks.
num_cipher:	99
	Total vars:	165440
	Total clauses:	470928
	Test == masterkey, spend 26445441 clocks.
	Have 720 results, spent 131838467 clocks.
num_cipher:	100
	Total vars:	167104
	Total clauses:	475664
	Test == masterkey, spend 28982677 clocks.
	Have 720 results, spent 133545691 clocks.
num_cipher:	101
	Total vars:	168768
	Total clauses:	480400
	Test == masterkey, spend 22330687 clocks.
	Have 720 results, spent 135804934 clocks.
num_cipher:	102
	Total vars:	170432
	Total clauses:	485136
	Test == masterkey, spend 24028797 clocks.
	Have 720 results, spent 148884923 clocks.
num_cipher:	103
	Total vars:	172096
	Total clauses:	489872
	Test == masterkey, spend 28041452 clocks.
	Have 720 results, spent 143356599 clocks.
num_cipher:	104
	Total vars:	173760
	Total clauses:	494608
	Test == masterkey, spend 24443062 clocks.
	Have 720 results, spent 149840471 clocks.
num_cipher:	105
	Total vars:	175424
	Total clauses:	499344
	Test == masterkey, spend 27790113 clocks.
	Have 720 results, spent 157305383 clocks.
num_cipher:	106
	Total vars:	177088
	Total clauses:	504080
	Test == masterkey, spend 25069382 clocks.
	Have 720 results, spent 65494843 clocks.
num_cipher:	107
	Total vars:	178752
	Total clauses:	508816
	Test == masterkey, spend 30167282 clocks.
	Have 720 results, spent 68785088 clocks.
num_cipher:	108
	Total vars:	180416
	Total clauses:	513552
	Test == masterkey, spend 40537129 clocks.
	Have 720 results, spent 65874106 clocks.
num_cipher:	109
	Total vars:	182080
	Total clauses:	518288
	Test == masterkey, spend 39971508 clocks.
	Have 720 results, spent 151256175 clocks.
num_cipher:	110
	Total vars:	183744
	Total clauses:	523024
	Test == masterkey, spend 39257076 clocks.
	Have 720 results, spent 73141000 clocks.
num_cipher:	111
	Total vars:	185408
	Total clauses:	527760
	Test == masterkey, spend 38719641 clocks.
	Have 720 results, spent 68103063 clocks.
num_cipher:	112
	Total vars:	187072
	Total clauses:	532496
	Test == masterkey, spend 33707221 clocks.
	Have 720 results, spent 74731393 clocks.
num_cipher:	113
	Total vars:	188736
	Total clauses:	537232
	Test == masterkey, spend 39250007 clocks.
	Have 720 results, spent 65160882 clocks.
num_cipher:	114
	Total vars:	190400
	Total clauses:	541968
	Test == masterkey, spend 53380724 clocks.
	Have 720 results, spent 72920831 clocks.
num_cipher:	115
	Total vars:	192064
	Total clauses:	546704
	Test == masterkey, spend 36546164 clocks.
	Have 720 results, spent 176822243 clocks.
num_cipher:	116
	Total vars:	193728
	Total clauses:	551440
	Test == masterkey, spend 51019354 clocks.
	Have 720 results, spent 74990524 clocks.
num_cipher:	117
	Total vars:	195392
	Total clauses:	556176
	Test == masterkey, spend 54111397 clocks.
	Have 720 results, spent 77405529 clocks.
num_cipher:	118
	Total vars:	197056
	Total clauses:	560912
	Test == masterkey, spend 38320278 clocks.
	Have 720 results, spent 76690318 clocks.
num_cipher:	119
	Total vars:	198720
	Total clauses:	565648
	Test == masterkey, spend 50778641 clocks.
	Have 720 results, spent 72002067 clocks.
num_cipher:	120
	Total vars:	200384
	Total clauses:	570384
	Test == masterkey, spend 40089298 clocks.
	Have 720 results, spent 80946609 clocks.
num_cipher:	121
	Total vars:	202048
	Total clauses:	575120
	Test == masterkey, spend 40240199 clocks.
	Have 720 results, spent 78936196 clocks.
num_cipher:	122
	Total vars:	203712
	Total clauses:	579856
	Test == masterkey, spend 38189037 clocks.
	Have 720 results, spent 75585681 clocks.
num_cipher:	123
	Total vars:	205376
	Total clauses:	584592
	Test == masterkey, spend 54020960 clocks.
	Have 720 results, spent 81987722 clocks.
num_cipher:	124
	Total vars:	207040
	Total clauses:	589328
	Test == masterkey, spend 44240403 clocks.
	Have 720 results, spent 79585847 clocks.
num_cipher:	125
	Total vars:	208704
	Total clauses:	594064
	Test == masterkey, spend 53122711 clocks.
	Have 720 results, spent 83446926 clocks.
num_cipher:	126
	Total vars:	210368
	Total clauses:	598800
	Test == masterkey, spend 60532613 clocks.
	Have 720 results, spent 82017391 clocks.
num_cipher:	127
	Total vars:	212032
	Total clauses:	603536
	Test == masterkey, spend 41755050 clocks.
	Have 720 results, spent 73670550 clocks.
num_cipher:	128
	Total vars:	213696
	Total clauses:	608272
	Test == masterkey, spend 57873956 clocks.
	Have 720 results, spent 85029822 clocks.
---------------------------------------------------------------------------------------------------
	Command being timed: "./bin/present128NSNK 1 9 45 128"
	User time (seconds): 9488.40
	System time (seconds): 9.81
	Percent of CPU this job got: 99%
	Elapsed (wall clock) time (h:mm:ss or m:ss): 2:38:19
	Average shared text size (kbytes): 0
	Average unshared data size (kbytes): 0
	Average stack size (kbytes): 0
	Average total size (kbytes): 0
	Maximum resident set size (kbytes): 303928
	Average resident set size (kbytes): 0
	Major (requiring I/O) page faults: 0
	Minor (reclaiming a frame) page faults: 519568
	Voluntary context switches: 2
	Involuntary context switches: 14144
	Swaps: 0
	File system inputs: 0
	File system outputs: 888
	Socket messages sent: 0
	Socket messages received: 0
	Signals delivered: 0
	Page size (bytes): 4096
	Exit status: 0
