sbox:	1100 0101 0110 1011 1001 0000 1010 1101 0011 1110 1111 1000 0100 0111 0001 0010 
8 = (0+2+6')(2'+3+4'+6)(0'+2+3+4')(2+3'+4'+6)(2'+4+6'+7')(3+5'+6+7')(0'+4'+5+6')(1+4+6+7)(1'+4'+6'+7')(1+2'+3'+4)(0'+1'+3'+6)(3+4+5+7)(0'+2'+5'+7)(0+2'+3'+7)(1'+5'+6'+7)(2+4+5+6+7')(0+2'+5+6)(0'+1+4+5')(0+1'+4+5')(1+3+4'+5)(1+3'+4'+5'+7')(1+5+6+7')(2+3'+5+6')(1'+3+6'+7')(0+4'+5'+6')(1'+4'+6+7)
e_sbox:	1101 0101 0110 1011 1001 0000 1010 1101 0011 1110 1111 1000 0100 0111 0001 0010 
8 = (0'+2+6+7')(0+2+3+7)(0+1+2'+6)(2'+3+4'+6)(0+2+3'+4')(0'+1'+3+6')(1'+4'+6'+7')(1'+5'+6'+7)(1+5+6'+7)(1'+2'+6+7)(0'+1+2'+4)(0'+2+3'+5)(0'+2'+3'+7')(0+1'+4+7')(3'+4+5'+7)(0+4+5+6')(0'+1+2+3+5')(1+3+4'+5)(3+4+5'+7')(2'+4'+5'+7)(1+3'+5'+6'+7')(1'+3'+4'+5)(0+5'+6'+7')(4'+5'+6+7)(3+5+6+7)(1+4+5+6)(1'+3+4'+5')
PRESENT_MODE:	128
SAT_MODE:	2
	SBOX_MODE:	102
	KSR_HAVEERROR:	1
	ENCYPT_HAVEERROR:	1
AnalysesRounds:	9
MinCiphers:	45
MaxCiphers:	128
Threads:	1
Master_key:	01011011100010111101001011011011010111101110100110001000100001000101001101101011100001010001110110110010011010100001101111101010
---------------------------------------------------------------------------------------------------
num_cipher:	45
	Total vars:	75584
	Total clauses:	215184
	Test == masterkey, spend 6995540 clocks.
	Have 16 results, spent 23540576 clocks.
num_cipher:	46
	Total vars:	77248
	Total clauses:	219920
	Test == masterkey, spend 7232056 clocks.
	Have 16 results, spent 25925161 clocks.
num_cipher:	47
	Total vars:	78912
	Total clauses:	224656
	Test == masterkey, spend 8500817 clocks.
	Have 16 results, spent 23014385 clocks.
num_cipher:	48
	Total vars:	80576
	Total clauses:	229392
	Test == masterkey, spend 9190710 clocks.
	Have 16 results, spent 23226574 clocks.
num_cipher:	49
	Total vars:	82240
	Total clauses:	234128
	Test == masterkey, spend 9680979 clocks.
	Have 16 results, spent 22487788 clocks.
num_cipher:	50
	Total vars:	83904
	Total clauses:	238864
	Test == masterkey, spend 9459563 clocks.
	Have 16 results, spent 21492119 clocks.
num_cipher:	51
	Total vars:	85568
	Total clauses:	243600
	Test == masterkey, spend 10391165 clocks.
	Have 16 results, spent 27089091 clocks.
num_cipher:	52
	Total vars:	87232
	Total clauses:	248336
	Test == masterkey, spend 10271700 clocks.
	Have 16 results, spent 21141228 clocks.
num_cipher:	53
	Total vars:	88896
	Total clauses:	253072
	Test == masterkey, spend 9876581 clocks.
	Have 16 results, spent 25202610 clocks.
num_cipher:	54
	Total vars:	90560
	Total clauses:	257808
	Test == masterkey, spend 11045516 clocks.
	Have 16 results, spent 24889329 clocks.
num_cipher:	55
	Total vars:	92224
	Total clauses:	262544
	Test == masterkey, spend 12321942 clocks.
	Have 16 results, spent 27563075 clocks.
num_cipher:	56
	Total vars:	93888
	Total clauses:	267280
	Test == masterkey, spend 10292684 clocks.
	Have 16 results, spent 23352708 clocks.
num_cipher:	57
	Total vars:	95552
	Total clauses:	272016
	Test == masterkey, spend 11580557 clocks.
	Have 16 results, spent 26611122 clocks.
num_cipher:	58
	Total vars:	97216
	Total clauses:	276752
	Test == masterkey, spend 11821374 clocks.
	Have 16 results, spent 25381244 clocks.
num_cipher:	59
	Total vars:	98880
	Total clauses:	281488
	Test == masterkey, spend 12003858 clocks.
	Have 16 results, spent 24105160 clocks.
num_cipher:	60
	Total vars:	100544
	Total clauses:	286224
	Test == masterkey, spend 10852075 clocks.
	Have 16 results, spent 24231115 clocks.
num_cipher:	61
	Total vars:	102208
	Total clauses:	290960
	Test == masterkey, spend 11865937 clocks.
	Have 16 results, spent 23773924 clocks.
num_cipher:	62
	Total vars:	103872
	Total clauses:	295696
	Test == masterkey, spend 13454047 clocks.
	Have 16 results, spent 25317830 clocks.
num_cipher:	63
	Total vars:	105536
	Total clauses:	300432
	Test == masterkey, spend 14414321 clocks.
	Have 16 results, spent 35200043 clocks.
num_cipher:	64
	Total vars:	107200
	Total clauses:	305168
	Test == masterkey, spend 15724817 clocks.
	Have 16 results, spent 26015910 clocks.
num_cipher:	65
	Total vars:	108864
	Total clauses:	309904
	Test == masterkey, spend 14137218 clocks.
	Have 16 results, spent 36452375 clocks.
num_cipher:	66
	Total vars:	110528
	Total clauses:	314640
	Test == masterkey, spend 12440333 clocks.
	Have 16 results, spent 28816256 clocks.
num_cipher:	67
	Total vars:	112192
	Total clauses:	319376
	Test == masterkey, spend 14582101 clocks.
	Have 16 results, spent 29873965 clocks.
num_cipher:	68
	Total vars:	113856
	Total clauses:	324112
	Test == masterkey, spend 15541364 clocks.
	Have 16 results, spent 31043747 clocks.
num_cipher:	69
	Total vars:	115520
	Total clauses:	328848
	Test == masterkey, spend 12654180 clocks.
	Have 16 results, spent 30005206 clocks.
num_cipher:	70
	Total vars:	117184
	Total clauses:	333584
	Test == masterkey, spend 16325077 clocks.
	Have 16 results, spent 33388703 clocks.
num_cipher:	71
	Total vars:	118848
	Total clauses:	338320
	Test == masterkey, spend 18067456 clocks.
	Have 16 results, spent 37213672 clocks.
num_cipher:	72
	Total vars:	120512
	Total clauses:	343056
	Test == masterkey, spend 18139945 clocks.
	Have 16 results, spent 39495474 clocks.
num_cipher:	73
	Total vars:	122176
	Total clauses:	347792
	Test == masterkey, spend 16305152 clocks.
	Have 16 results, spent 39064663 clocks.
num_cipher:	74
	Total vars:	123840
	Total clauses:	352528
	Test == masterkey, spend 16990525 clocks.
	Have 16 results, spent 33661204 clocks.
num_cipher:	75
	Total vars:	125504
	Total clauses:	357264
	Test == masterkey, spend 17787259 clocks.
	Have 16 results, spent 35258652 clocks.
num_cipher:	76
	Total vars:	127168
	Total clauses:	362000
	Test == masterkey, spend 15168259 clocks.
	Have 16 results, spent 40082858 clocks.
num_cipher:	77
	Total vars:	128832
	Total clauses:	366736
	Test == masterkey, spend 18520453 clocks.
	Have 16 results, spent 41670986 clocks.
num_cipher:	78
	Total vars:	130496
	Total clauses:	371472
	Test == masterkey, spend 20095097 clocks.
	Have 16 results, spent 48299031 clocks.
num_cipher:	79
	Total vars:	132160
	Total clauses:	376208
	Test == masterkey, spend 17558065 clocks.
	Have 16 results, spent 43542583 clocks.
num_cipher:	80
	Total vars:	133824
	Total clauses:	380944
	Test == masterkey, spend 16635352 clocks.
	Have 16 results, spent 45129577 clocks.
num_cipher:	81
	Total vars:	135488
	Total clauses:	385680
	Test == masterkey, spend 18227033 clocks.
	Have 16 results, spent 48458395 clocks.
num_cipher:	82
	Total vars:	137152
	Total clauses:	390416
	Test == masterkey, spend 18394475 clocks.
	Have 16 results, spent 42226476 clocks.
num_cipher:	83
	Total vars:	138816
	Total clauses:	395152
	Test == masterkey, spend 20962207 clocks.
	Have 16 results, spent 46655732 clocks.
num_cipher:	84
	Total vars:	140480
	Total clauses:	399888
	Test == masterkey, spend 18862827 clocks.
	Have 16 results, spent 45611390 clocks.
num_cipher:	85
	Total vars:	142144
	Total clauses:	404624
	Test == masterkey, spend 19320863 clocks.
	Have 16 results, spent 49254080 clocks.
num_cipher:	86
	Total vars:	143808
	Total clauses:	409360
	Test == masterkey, spend 20730234 clocks.
	Have 16 results, spent 41817170 clocks.
num_cipher:	87
	Total vars:	145472
	Total clauses:	414096
	Test == masterkey, spend 19250250 clocks.
	Have 16 results, spent 46656895 clocks.
num_cipher:	88
	Total vars:	147136
	Total clauses:	418832
	Test == masterkey, spend 19739826 clocks.
	Have 16 results, spent 49933275 clocks.
num_cipher:	89
	Total vars:	148800
	Total clauses:	423568
	Test == masterkey, spend 21547518 clocks.
	Have 16 results, spent 49735920 clocks.
num_cipher:	90
	Total vars:	150464
	Total clauses:	428304
	Test == masterkey, spend 17671150 clocks.
	Have 16 results, spent 49606896 clocks.
num_cipher:	91
	Total vars:	152128
	Total clauses:	433040
	Test == masterkey, spend 19357877 clocks.
	Have 16 results, spent 50616762 clocks.
num_cipher:	92
	Total vars:	153792
	Total clauses:	437776
	Test == masterkey, spend 20411457 clocks.
	Have 16 results, spent 54131181 clocks.
num_cipher:	93
	Total vars:	155456
	Total clauses:	442512
	Test == masterkey, spend 19325903 clocks.
	Have 16 results, spent 53210494 clocks.
num_cipher:	94
	Total vars:	157120
	Total clauses:	447248
	Test == masterkey, spend 22570485 clocks.
	Have 16 results, spent 54038840 clocks.
num_cipher:	95
	Total vars:	158784
	Total clauses:	451984
	Test == masterkey, spend 23569306 clocks.
	Have 16 results, spent 57380257 clocks.
num_cipher:	96
	Total vars:	160448
	Total clauses:	456720
	Test == masterkey, spend 23497577 clocks.
	Have 16 results, spent 56180218 clocks.
num_cipher:	97
	Total vars:	162112
	Total clauses:	461456
	Test == masterkey, spend 23593215 clocks.
	Have 16 results, spent 51827440 clocks.
num_cipher:	98
	Total vars:	163776
	Total clauses:	466192
	Test == masterkey, spend 25470153 clocks.
	Have 16 results, spent 64817939 clocks.
num_cipher:	99
	Total vars:	165440
	Total clauses:	470928
	Test == masterkey, spend 36027291 clocks.
	Have 16 results, spent 62252376 clocks.
num_cipher:	100
	Total vars:	167104
	Total clauses:	475664
	Test == masterkey, spend 33037089 clocks.
	Have 16 results, spent 71617284 clocks.
num_cipher:	101
	Total vars:	168768
	Total clauses:	480400
	Test == masterkey, spend 29996412 clocks.
	Have 16 results, spent 62128694 clocks.
num_cipher:	102
	Total vars:	170432
	Total clauses:	485136
	Test == masterkey, spend 24623014 clocks.
	Have 16 results, spent 71628531 clocks.
num_cipher:	103
	Total vars:	172096
	Total clauses:	489872
	Test == masterkey, spend 31983042 clocks.
	Have 16 results, spent 74855810 clocks.
num_cipher:	104
	Total vars:	173760
	Total clauses:	494608
	Test == masterkey, spend 35345552 clocks.
	Have 16 results, spent 45224346 clocks.
num_cipher:	105
	Total vars:	175424
	Total clauses:	499344
	Test == masterkey, spend 39798830 clocks.
	Have 16 results, spent 71804757 clocks.
num_cipher:	106
	Total vars:	177088
	Total clauses:	504080
	Test == masterkey, spend 35668928 clocks.
	Have 16 results, spent 43345585 clocks.
num_cipher:	107
	Total vars:	178752
	Total clauses:	508816
	Test == masterkey, spend 34701968 clocks.
	Have 16 results, spent 40585150 clocks.
num_cipher:	108
	Total vars:	180416
	Total clauses:	513552
	Test == masterkey, spend 32733713 clocks.
	Have 16 results, spent 44189419 clocks.
num_cipher:	109
	Total vars:	182080
	Total clauses:	518288
	Test == masterkey, spend 36238703 clocks.
	Have 16 results, spent 42497684 clocks.
num_cipher:	110
	Total vars:	183744
	Total clauses:	523024
	Test == masterkey, spend 34167229 clocks.
	Have 16 results, spent 70226470 clocks.
num_cipher:	111
	Total vars:	185408
	Total clauses:	527760
	Test == masterkey, spend 37537710 clocks.
	Have 16 results, spent 42627168 clocks.
num_cipher:	112
	Total vars:	187072
	Total clauses:	532496
	Test == masterkey, spend 34118735 clocks.
	Have 16 results, spent 47322664 clocks.
num_cipher:	113
	Total vars:	188736
	Total clauses:	537232
	Test == masterkey, spend 34895397 clocks.
	Have 16 results, spent 46084637 clocks.
num_cipher:	114
	Total vars:	190400
	Total clauses:	541968
	Test == masterkey, spend 34185028 clocks.
	Have 16 results, spent 45983895 clocks.
num_cipher:	115
	Total vars:	192064
	Total clauses:	546704
	Test == masterkey, spend 34239071 clocks.
	Have 16 results, spent 44369985 clocks.
num_cipher:	116
	Total vars:	193728
	Total clauses:	551440
	Test == masterkey, spend 33558650 clocks.
	Have 16 results, spent 51029681 clocks.
num_cipher:	117
	Total vars:	195392
	Total clauses:	556176
	Test == masterkey, spend 32776904 clocks.
	Have 16 results, spent 57205749 clocks.
num_cipher:	118
	Total vars:	197056
	Total clauses:	560912
	Test == masterkey, spend 34519717 clocks.
	Have 16 results, spent 52286678 clocks.
num_cipher:	119
	Total vars:	198720
	Total clauses:	565648
	Test == masterkey, spend 34848158 clocks.
	Have 16 results, spent 47293277 clocks.
num_cipher:	120
	Total vars:	200384
	Total clauses:	570384
	Test == masterkey, spend 37279195 clocks.
	Have 16 results, spent 47467282 clocks.
num_cipher:	121
	Total vars:	202048
	Total clauses:	575120
	Test == masterkey, spend 37493345 clocks.
	Have 16 results, spent 51080488 clocks.
num_cipher:	122
	Total vars:	203712
	Total clauses:	579856
	Test == masterkey, spend 34921008 clocks.
	Have 16 results, spent 52988340 clocks.
num_cipher:	123
	Total vars:	205376
	Total clauses:	584592
	Test == masterkey, spend 37456016 clocks.
	Have 16 results, spent 50224346 clocks.
num_cipher:	124
	Total vars:	207040
	Total clauses:	589328
	Test == masterkey, spend 54838686 clocks.
	Have 16 results, spent 51913665 clocks.
num_cipher:	125
	Total vars:	208704
	Total clauses:	594064
	Test == masterkey, spend 43769187 clocks.
	Have 16 results, spent 50419602 clocks.
num_cipher:	126
	Total vars:	210368
	Total clauses:	598800
	Test == masterkey, spend 35824186 clocks.
	Have 16 results, spent 49597589 clocks.
num_cipher:	127
	Total vars:	212032
	Total clauses:	603536
	Test == masterkey, spend 54953170 clocks.
	Have 16 results, spent 57504104 clocks.
num_cipher:	128
	Total vars:	213696
	Total clauses:	608272
	Test == masterkey, spend 46603857 clocks.
	Have 16 results, spent 53402219 clocks.
---------------------------------------------------------------------------------------------------
	Command being timed: "./bin/present128NSNK 1 9 45 128"
	User time (seconds): 5728.27
	System time (seconds): 6.14
	Percent of CPU this job got: 99%
	Elapsed (wall clock) time (h:mm:ss or m:ss): 1:35:35
	Average shared text size (kbytes): 0
	Average unshared data size (kbytes): 0
	Average stack size (kbytes): 0
	Average total size (kbytes): 0
	Maximum resident set size (kbytes): 312432
	Average resident set size (kbytes): 0
	Major (requiring I/O) page faults: 0
	Minor (reclaiming a frame) page faults: 621782
	Voluntary context switches: 0
	Involuntary context switches: 10810
	Swaps: 0
	File system inputs: 0
	File system outputs: 928
	Socket messages sent: 0
	Socket messages received: 0
	Signals delivered: 0
	Page size (bytes): 4096
	Exit status: 0
