sbox:	1100 0101 0110 1011 1001 0000 1010 1101 0011 1110 1111 1000 0100 0111 0001 0010 
8 = (3+1+5')(1'+0+7'+5)(3'+1+0+7')(1+0'+7'+5)(1'+7+5'+4')(0+6'+5+4')(3'+7'+6+5')(2+7+5+4)(2'+7'+5'+4')(2+1'+0'+7)(3'+2'+0'+5)(0+7+6+4)(3'+1'+6'+4)(3+1'+0'+4)(2'+6'+5'+4)(1+7+6+5+4')(3+1'+6+5)(3'+2+7+6')(3+2'+7+6')(2+0+7'+6)(2+0'+7'+6'+4')(2+6+5+4')(1+0'+6+5')(2'+0+5'+4')(3+7'+6'+5')(2'+7'+5+4)
e_sbox:	1101 0101 0110 1011 1001 0000 1010 1101 0011 1110 1111 1000 0100 0111 0001 0010 
8 = (3'+1+5+4')(3+1+0+4)(3+2+1'+5)(1'+0+7'+5)(3+1+0'+7')(3'+2'+0+5')(2'+7'+5'+4')(2'+6'+5'+4)(2+6+5'+4)(2'+1'+5+4)(3'+2+1'+7)(3'+1+0'+6)(3'+1'+0'+4')(3+2'+7+4')(0'+7+6'+4)(3+7+6+5')(3'+2+1+0+6')(2+0+7'+6)(0+7+6'+4')(1'+7'+6'+4)(2+0'+6'+5'+4')(2'+0'+7'+6)(3+6'+5'+4')(7'+6'+5+4)(0+6+5+4)(2+7+6+5)(2'+0+7'+6')
Max time :	3600
PRESENT_MODE:	128
SAT_MODE:	2
	SBOX_MODE:	102
	KSR_HAVEERROR:	1
	ENCYPT_HAVEERROR:	1
AnalysesRounds:	9
MinCiphers:	25
MaxCiphers:	60
Threads:	1
Master_key:	10001010011000111110010101011000111100110111001110001011011111111001000101010111111000010010011000011111001100011101001000100011
---------------------------------------------------------------------------------------------------
num_cipher:	25
	Total vars:	42304
	Total clauses:	120464
	Test == masterkey, spend 3387461 clocks.
	Not solved within3600 seconds, Have 0 results.
num_cipher:	26
	Total vars:	43968
	Total clauses:	125200
	Test == masterkey, spend 3374129 clocks.
	Not solved within3600 seconds, Have 0 results.
num_cipher:	27
	Total vars:	45632
	Total clauses:	129936
	Test == masterkey, spend 3878675 clocks.
	Not solved within3600 seconds, Have 0 results.
num_cipher:	28
	Total vars:	47296
	Total clauses:	134672
	Test == masterkey, spend 3126856 clocks.
	Not solved within3600 seconds, Have 0 results.
num_cipher:	29
	Total vars:	48960
	Total clauses:	139408
	Test == masterkey, spend 4896154 clocks.
	Not solved within3600 seconds, Have 0 results.
num_cipher:	30
	Total vars:	50624
	Total clauses:	144144
	Test == masterkey, spend 4369582 clocks.
	Not solved within3600 seconds, Have 0 results.
num_cipher:	31
	Total vars:	52288
	Total clauses:	148880
	Test == masterkey, spend 4646077 clocks.
	Not solved within3600 seconds, Have 0 results.
num_cipher:	32
	Total vars:	53952
	Total clauses:	153616
	Test == masterkey, spend 5134225 clocks.
	Not solved within3600 seconds, Have 0 results.
num_cipher:	33
	Total vars:	55616
	Total clauses:	158352
	Test == masterkey, spend 4941786 clocks.
	Not solved within3600 seconds, Have 0 results.
num_cipher:	34
	Total vars:	57280
	Total clauses:	163088
	Test == masterkey, spend 4074487 clocks.
	Not solved within3600 seconds, Have 0 results.
num_cipher:	35
	Total vars:	58944
	Total clauses:	167824
	Test == masterkey, spend 5533152 clocks.
解得主密钥:  39	10001010011000111110010101011000111100110111001110001011011111111001000101010111111000010010011000011111001100011101001000100011
	Have 144 results, spent 1741834985 clocks.
num_cipher:	36
	Total vars:	60608
	Total clauses:	172560
	Test == masterkey, spend 6063568 clocks.
解得主密钥:  43	10001010011000111110010101011000111100110111001110001011011111111001000101010111111000010010011000011111001100011101001000100011
	Have 144 results, spent 525807975 clocks.
num_cipher:	37
	Total vars:	62272
	Total clauses:	177296
	Test == masterkey, spend 6367021 clocks.
解得主密钥:  84	10001010011000111110010101011000111100110111001110001011011111111001000101010111111000010010011000011111001100011101001000100011
	Have 144 results, spent 184038358 clocks.
num_cipher:	38
	Total vars:	63936
	Total clauses:	182032
	Test == masterkey, spend 7410663 clocks.
解得主密钥:  126	10001010011000111110010101011000111100110111001110001011011111111001000101010111111000010010011000011111001100011101001000100011
	Have 144 results, spent 48870997 clocks.
num_cipher:	39
	Total vars:	65600
	Total clauses:	186768
	Test == masterkey, spend 6718704 clocks.
解得主密钥:  103	10001010011000111110010101011000111100110111001110001011011111111001000101010111111000010010011000011111001100011101001000100011
	Have 144 results, spent 45535247 clocks.
num_cipher:	40
	Total vars:	67264
	Total clauses:	191504
	Test == masterkey, spend 7073131 clocks.
解得主密钥:  24	10001010011000111110010101011000111100110111001110001011011111111001000101010111111000010010011000011111001100011101001000100011
	Have 144 results, spent 31117181 clocks.
num_cipher:	41
	Total vars:	68928
	Total clauses:	196240
	Test == masterkey, spend 5952734 clocks.
解得主密钥:  70	10001010011000111110010101011000111100110111001110001011011111111001000101010111111000010010011000011111001100011101001000100011
	Have 144 results, spent 32058956 clocks.
num_cipher:	42
	Total vars:	70592
	Total clauses:	200976
	Test == masterkey, spend 6247237 clocks.
解得主密钥:  133	10001010011000111110010101011000111100110111001110001011011111111001000101010111111000010010011000011111001100011101001000100011
	Have 144 results, spent 33436258 clocks.
num_cipher:	43
	Total vars:	72256
	Total clauses:	205712
	Test == masterkey, spend 7778349 clocks.
解得主密钥:  69	10001010011000111110010101011000111100110111001110001011011111111001000101010111111000010010011000011111001100011101001000100011
	Have 144 results, spent 35795946 clocks.
num_cipher:	44
	Total vars:	73920
	Total clauses:	210448
	Test == masterkey, spend 8019528 clocks.
解得主密钥:  62	10001010011000111110010101011000111100110111001110001011011111111001000101010111111000010010011000011111001100011101001000100011
	Have 144 results, spent 38844549 clocks.
num_cipher:	45
	Total vars:	75584
	Total clauses:	215184
	Test == masterkey, spend 8153382 clocks.
解得主密钥:  60	10001010011000111110010101011000111100110111001110001011011111111001000101010111111000010010011000011111001100011101001000100011
	Have 144 results, spent 39712470 clocks.
num_cipher:	46
	Total vars:	77248
	Total clauses:	219920
	Test == masterkey, spend 9005585 clocks.
解得主密钥:  100	10001010011000111110010101011000111100110111001110001011011111111001000101010111111000010010011000011111001100011101001000100011
	Have 144 results, spent 38215707 clocks.
num_cipher:	47
	Total vars:	78912
	Total clauses:	224656
	Test == masterkey, spend 8985503 clocks.
解得主密钥:  23	10001010011000111110010101011000111100110111001110001011011111111001000101010111111000010010011000011111001100011101001000100011
	Have 144 results, spent 42559385 clocks.
num_cipher:	48
	Total vars:	80576
	Total clauses:	229392
	Test == masterkey, spend 8745824 clocks.
解得主密钥:  93	10001010011000111110010101011000111100110111001110001011011111111001000101010111111000010010011000011111001100011101001000100011
	Have 144 results, spent 39934332 clocks.
num_cipher:	49
	Total vars:	82240
	Total clauses:	234128
	Test == masterkey, spend 9090914 clocks.
解得主密钥:  136	10001010011000111110010101011000111100110111001110001011011111111001000101010111111000010010011000011111001100011101001000100011
	Have 144 results, spent 37258048 clocks.
num_cipher:	50
	Total vars:	83904
	Total clauses:	238864
	Test == masterkey, spend 10200740 clocks.
解得主密钥:  80	10001010011000111110010101011000111100110111001110001011011111111001000101010111111000010010011000011111001100011101001000100011
	Have 144 results, spent 42237859 clocks.
num_cipher:	51
	Total vars:	85568
	Total clauses:	243600
	Test == masterkey, spend 11623828 clocks.
解得主密钥:  103	10001010011000111110010101011000111100110111001110001011011111111001000101010111111000010010011000011111001100011101001000100011
	Have 144 results, spent 40821821 clocks.
num_cipher:	52
	Total vars:	87232
	Total clauses:	248336
	Test == masterkey, spend 11141189 clocks.
解得主密钥:  36	10001010011000111110010101011000111100110111001110001011011111111001000101010111111000010010011000011111001100011101001000100011
	Have 144 results, spent 44847042 clocks.
num_cipher:	53
	Total vars:	88896
	Total clauses:	253072
	Test == masterkey, spend 11402187 clocks.
解得主密钥:  66	10001010011000111110010101011000111100110111001110001011011111111001000101010111111000010010011000011111001100011101001000100011
	Have 144 results, spent 41924251 clocks.
num_cipher:	54
	Total vars:	90560
	Total clauses:	257808
	Test == masterkey, spend 11290997 clocks.
解得主密钥:  129	10001010011000111110010101011000111100110111001110001011011111111001000101010111111000010010011000011111001100011101001000100011
	Have 144 results, spent 45258037 clocks.
num_cipher:	55
	Total vars:	92224
	Total clauses:	262544
	Test == masterkey, spend 11232854 clocks.
解得主密钥:  49	10001010011000111110010101011000111100110111001110001011011111111001000101010111111000010010011000011111001100011101001000100011
	Have 144 results, spent 46151202 clocks.
num_cipher:	56
	Total vars:	93888
	Total clauses:	267280
	Test == masterkey, spend 13261845 clocks.
解得主密钥:  135	10001010011000111110010101011000111100110111001110001011011111111001000101010111111000010010011000011111001100011101001000100011
	Have 144 results, spent 45484243 clocks.
num_cipher:	57
	Total vars:	95552
	Total clauses:	272016
	Test == masterkey, spend 13590631 clocks.
解得主密钥:  61	10001010011000111110010101011000111100110111001110001011011111111001000101010111111000010010011000011111001100011101001000100011
	Have 144 results, spent 53407940 clocks.
num_cipher:	58
	Total vars:	97216
	Total clauses:	276752
	Test == masterkey, spend 13274302 clocks.
解得主密钥:  78	10001010011000111110010101011000111100110111001110001011011111111001000101010111111000010010011000011111001100011101001000100011
	Have 144 results, spent 44944917 clocks.
num_cipher:	59
	Total vars:	98880
	Total clauses:	281488
	Test == masterkey, spend 13985740 clocks.
解得主密钥:  56	10001010011000111110010101011000111100110111001110001011011111111001000101010111111000010010011000011111001100011101001000100011
	Have 144 results, spent 47391869 clocks.
num_cipher:	60
	Total vars:	100544
	Total clauses:	286224
	Test == masterkey, spend 16814962 clocks.
解得主密钥:  2	10001010011000111110010101011000111100110111001110001011011111111001000101010111111000010010011000011111001100011101001000100011
	Have 144 results, spent 48995190 clocks.
---------------------------------------------------------------------------------------------------
	Command being timed: "./bin/present128NSNK 1 9 25 60"
	User time (seconds): 39721.02
	System time (seconds): 32.93
	Percent of CPU this job got: 99%
	Elapsed (wall clock) time (h:mm:ss or m:ss): 11:02:39
	Average shared text size (kbytes): 0
	Average unshared data size (kbytes): 0
	Average stack size (kbytes): 0
	Average total size (kbytes): 0
	Maximum resident set size (kbytes): 196132
	Average resident set size (kbytes): 0
	Major (requiring I/O) page faults: 0
	Minor (reclaiming a frame) page faults: 1363781
	Voluntary context switches: 1
	Involuntary context switches: 77719
	Swaps: 0
	File system inputs: 0
	File system outputs: 560
	Socket messages sent: 0
	Socket messages received: 0
	Signals delivered: 0
	Page size (bytes): 4096
	Exit status: 0
