sbox:	1100 1010 1101 0011 1110 1011 1111 0111 1000 1001 0001 0101 0000 0010 0100 0110 
8 = (3'+2'+4')(3+0+6)(3+7+4)(3'+0+5')(3+0'+5)(1'+6+4)(1+6'+4')(2+6'+5')(3'+2+0'+4)(1'+0'+7')(2'+0'+7'+4)(2+1+7)(2'+7'+5)(3'+2+0+6')(0'+5+4)(3+0+7)(1+7+6')(1'+7'+4)(3'+1'+0'+6)(0+7'+6+4')(2'+7+6+4')(2+7'+5'+4')
e_sbox:	0100 1010 1101 0011 1110 1011 1111 0111 1000 1001 0001 0101 0000 0010 0100 0110 
8 = (1+0'+6')(1+0+4')(3'+1'+7')(2'+5+4')(2+6'+5')(3+0'+5)(3+1'+4)(2'+1'+6)(3+0+6)(0+7+5')(0'+5+4)(3+1+7+5')(3'+2+7+4)(3'+5'+4')(3'+7'+5')(2'+7'+6+4)(0+7+6'+4')(7'+6'+5+4)(3'+0'+7+6+4')(2+7'+5'+4')(2'+1+6'+5)(0'+7'+6')
Max time :	3600
SAT_MODE:	2
	SBOX_MODE:	102
	ENCYPT_HAVEERROR:	301
AnalysesRounds:	10
MinCiphers:	52
MaxCiphers:	60
Threads:	1
---------------------------------------------------------------------------------------------------
num_cipher:	52
	Total vars:	115680
	Total clauses:	257760
	Test == masterkey, spend 6592541 clocks.
	Not solved within 3600 seconds, Have 1 results.
num_cipher:	53
	Total vars:	117896
	Total clauses:	262712
	Test == masterkey, spend 7087422 clocks.
解得 mater_key 与 tweakey:	4
mater_key:	01000011111001111011100111010110000010111010101000101101001010011010010011000111001011010101110011010111111010110000011011000100
tweakey:	1011000001011101010100010110100101001101001001100011100101101010
	Have 16 results, spent 1911408109 clocks.
num_cipher:	54
	Total vars:	120112
	Total clauses:	267664
	Test == masterkey, spend 6201238 clocks.
解得 mater_key 与 tweakey:	5
mater_key:	01000011111001111011100111010110000010111010101000101101001010011010010011000111001011010101110011010111111010110000011011000100
tweakey:	1011000001011101010100010110100101001101001001100011100101101010
	Have 16 results, spent 1668585648 clocks.
num_cipher:	55
	Total vars:	122328
	Total clauses:	272616
	Test == masterkey, spend 6100103 clocks.
解得 mater_key 与 tweakey:	1
mater_key:	01000011111001111011100111010110000010111010101000101101001010011010010011000111001011010101110011010111111010110000011011000100
tweakey:	1011000001011101010100010110100101001101001001100011100101101010
	Have 16 results, spent 906271895 clocks.
num_cipher:	56
	Total vars:	124544
	Total clauses:	277568
	Test == masterkey, spend 6410299 clocks.
解得 mater_key 与 tweakey:	10
mater_key:	01000011111001111011100111010110000010111010101000101101001010011010010011000111001011010101110011010111111010110000011011000100
tweakey:	1011000001011101010100010110100101001101001001100011100101101010
	Have 16 results, spent 851149973 clocks.
num_cipher:	57
	Total vars:	126760
	Total clauses:	282520
	Test == masterkey, spend 7380534 clocks.
解得 mater_key 与 tweakey:	4
mater_key:	01000011111001111011100111010110000010111010101000101101001010011010010011000111001011010101110011010111111010110000011011000100
tweakey:	1011000001011101010100010110100101001101001001100011100101101010
	Have 16 results, spent 839510863 clocks.
num_cipher:	58
	Total vars:	128976
	Total clauses:	287472
	Test == masterkey, spend 7129793 clocks.
解得 mater_key 与 tweakey:	15
mater_key:	01000011111001111011100111010110000010111010101000101101001010011010010011000111001011010101110011010111111010110000011011000100
tweakey:	1011000001011101010100010110100101001101001001100011100101101010
	Have 16 results, spent 447271867 clocks.
num_cipher:	59
	Total vars:	131192
	Total clauses:	292424
	Test == masterkey, spend 8387115 clocks.
解得 mater_key 与 tweakey:	1
mater_key:	01000011111001111011100111010110000010111010101000101101001010011010010011000111001011010101110011010111111010110000011011000100
tweakey:	1011000001011101010100010110100101001101001001100011100101101010
	Have 16 results, spent 631000979 clocks.
num_cipher:	60
	Total vars:	133408
	Total clauses:	297376
	Test == masterkey, spend 8106005 clocks.
解得 mater_key 与 tweakey:	6
mater_key:	01000011111001111011100111010110000010111010101000101101001010011010010011000111001011010101110011010111111010110000011011000100
tweakey:	1011000001011101010100010110100101001101001001100011100101101010
	Have 16 results, spent 565782155 clocks.
---------------------------------------------------------------------------------------------------
	Command being timed: "./bin/craft_NS 1 10 52 60"
	User time (seconds): 11449.66
	System time (seconds): 40.17
	Percent of CPU this job got: 99%
	Elapsed (wall clock) time (h:mm:ss or m:ss): 3:11:31
	Average shared text size (kbytes): 0
	Average unshared data size (kbytes): 0
	Average stack size (kbytes): 0
	Average total size (kbytes): 0
	Maximum resident set size (kbytes): 302392
	Average resident set size (kbytes): 0
	Major (requiring I/O) page faults: 0
	Minor (reclaiming a frame) page faults: 2164279
	Voluntary context switches: 1
	Involuntary context switches: 24161
	Swaps: 0
	File system inputs: 0
	File system outputs: 176
	Socket messages sent: 0
	Socket messages received: 0
	Signals delivered: 0
	Page size (bytes): 4096
	Exit status: 0
