sbox:	1100 1010 1101 0011 1110 1011 1111 0111 1000 1001 0001 0101 0000 0010 0100 0110 
8 = (3'+2'+4')(3+0+6)(3+7+4)(3'+0+5')(3+0'+5)(1'+6+4)(1+6'+4')(2+6'+5')(3'+2+0'+4)(1'+0'+7')(2'+0'+7'+4)(2+1+7)(2'+7'+5)(3'+2+0+6')(0'+5+4)(3+0+7)(1+7+6')(1'+7'+4)(3'+1'+0'+6)(0+7'+6+4')(2'+7+6+4')(2+7'+5'+4')
e_sbox:	0100 1010 1101 0011 1110 1011 1111 0111 1000 1001 0001 0101 0000 0010 0100 0110 
8 = (1+0'+6')(1+0+4')(3'+1'+7')(2'+5+4')(2+6'+5')(3+0'+5)(3+1'+4)(2'+1'+6)(3+0+6)(0+7+5')(0'+5+4)(3+1+7+5')(3'+2+7+4)(3'+5'+4')(3'+7'+5')(2'+7'+6+4)(0+7+6'+4')(7'+6'+5+4)(3'+0'+7+6+4')(2+7'+5'+4')(2'+1+6'+5)(0'+7'+6')
Max time :	3600
SAT_MODE:	2
	SBOX_MODE:	102
	ENCYPT_HAVEERROR:	301
AnalysesRounds:	11
MinCiphers:	52
MaxCiphers:	60
Threads:	1
---------------------------------------------------------------------------------------------------
num_cipher:	52
	Total vars:	127484
	Total clauses:	285372
	Test == masterkey, spend 9375701 clocks.
	Not solved within 3600 seconds, Have 0 results.
num_cipher:	53
	Total vars:	129927
	Total clauses:	290855
	Test == masterkey, spend 9903380 clocks.
	Not solved within 3600 seconds, Have 0 results.
num_cipher:	54
	Total vars:	132370
	Total clauses:	296338
	Test == masterkey, spend 9941392 clocks.
	Not solved within 3600 seconds, Have 1 results.
num_cipher:	55
	Total vars:	134813
	Total clauses:	301821
	Test == masterkey, spend 10324314 clocks.
	Not solved within 3600 seconds, Have 0 results.
num_cipher:	56
	Total vars:	137256
	Total clauses:	307304
	Test == masterkey, spend 9273886 clocks.
	Not solved within 3600 seconds, Have 0 results.
num_cipher:	57
	Total vars:	139699
	Total clauses:	312787
	Test == masterkey, spend 10207146 clocks.
解得 mater_key 与 tweakey:	7
mater_key:	01000011111001111011100111010110000010111010101000101101001010011010010011000111001011010101110011010111111010110000011011000100
tweakey:	1011000001011101010100010110100101001101001001100011100101101010
	Have 16 results, spent 599873209 clocks.
num_cipher:	58
	Total vars:	142142
	Total clauses:	318270
	Test == masterkey, spend 11866260 clocks.
解得 mater_key 与 tweakey:	5
mater_key:	01000011111001111011100111010110000010111010101000101101001010011010010011000111001011010101110011010111111010110000011011000100
tweakey:	1011000001011101010100010110100101001101001001100011100101101010
	Have 16 results, spent 1298863062 clocks.
num_cipher:	59
	Total vars:	144585
	Total clauses:	323753
	Test == masterkey, spend 9993912 clocks.
解得 mater_key 与 tweakey:	16
mater_key:	01000011111001111011100111010110000010111010101000101101001010011010010011000111001011010101110011010111111010110000011011000100
tweakey:	1011000001011101010100010110100101001101001001100011100101101010
	Have 16 results, spent 1898588466 clocks.
num_cipher:	60
	Total vars:	147028
	Total clauses:	329236
	Test == masterkey, spend 10634712 clocks.
解得 mater_key 与 tweakey:	8
mater_key:	01000011111001111011100111010110000010111010101000101101001010011010010011000111001011010101110011010111111010110000011011000100
tweakey:	1011000001011101010100010110100101001101001001100011100101101010
	Have 16 results, spent 1447812727 clocks.
---------------------------------------------------------------------------------------------------
	Command being timed: "./bin/craft_NS 1 11 52 60"
	User time (seconds): 23325.55
	System time (seconds): 50.02
	Percent of CPU this job got: 99%
	Elapsed (wall clock) time (h:mm:ss or m:ss): 6:29:41
	Average shared text size (kbytes): 0
	Average unshared data size (kbytes): 0
	Average stack size (kbytes): 0
	Average total size (kbytes): 0
	Maximum resident set size (kbytes): 321628
	Average resident set size (kbytes): 0
	Major (requiring I/O) page faults: 0
	Minor (reclaiming a frame) page faults: 4754126
	Voluntary context switches: 1
	Involuntary context switches: 59054
	Swaps: 0
	File system inputs: 0
	File system outputs: 176
	Socket messages sent: 0
	Socket messages received: 0
	Signals delivered: 0
	Page size (bytes): 4096
	Exit status: 0
