sbox:	1100 1010 1101 0011 1110 1011 1111 0111 1000 1001 0001 0101 0000 0010 0100 0110 
8 = (3'+2'+4')(3+0+6)(3+7+4)(3'+0+5')(3+0'+5)(1'+6+4)(1+6'+4')(2+6'+5')(3'+2+0'+4)(1'+0'+7')(2'+0'+7'+4)(2+1+7)(2'+7'+5)(3'+2+0+6')(0'+5+4)(3+0+7)(1+7+6')(1'+7'+4)(3'+1'+0'+6)(0+7'+6+4')(2'+7+6+4')(2+7'+5'+4')
e_sbox:	0100 1010 1101 0011 1110 1011 1111 0111 1000 1001 0001 0101 0000 0010 0100 0110 
8 = (1+0'+6')(1+0+4')(3'+1'+7')(2'+5+4')(2+6'+5')(3+0'+5)(3+1'+4)(2'+1'+6)(3+0+6)(0+7+5')(0'+5+4)(3+1+7+5')(3'+2+7+4)(3'+5'+4')(3'+7'+5')(2'+7'+6+4)(0+7+6'+4')(7'+6'+5+4)(3'+0'+7+6+4')(2+7'+5'+4')(2'+1+6'+5)(0'+7'+6')
Max time :	3600
SAT_MODE:	2
	SBOX_MODE:	102
	ENCYPT_HAVEERROR:	301
AnalysesRounds:	12
MinCiphers:	52
MaxCiphers:	60
Threads:	1
---------------------------------------------------------------------------------------------------
num_cipher:	52
	Total vars:	139340
	Total clauses:	313036
	Test == masterkey, spend 8952875 clocks.
解得 mater_key 与 tweakey:	2
mater_key:	01000011111001111011100111010110000010111010101000101101001010011010010011000111001011010101110011010111111010110000011011000100
tweakey:	1011000001011101010100010110100101001101001001100011100101101010
	Have 16 results, spent 3145724011 clocks.
num_cipher:	53
	Total vars:	142011
	Total clauses:	319051
	Test == masterkey, spend 10245878 clocks.
	Not solved within 3600 seconds, Have 0 results.
num_cipher:	54
	Total vars:	144682
	Total clauses:	325066
	Test == masterkey, spend 9820863 clocks.
	Not solved within 3600 seconds, Have 0 results.
num_cipher:	55
	Total vars:	147353
	Total clauses:	331081
	Test == masterkey, spend 11299967 clocks.
解得 mater_key 与 tweakey:	6
mater_key:	01000011111001111011100111010110000010111010101000101101001010011010010011000111001011010101110011010111111010110000011011000100
tweakey:	1011000001011101010100010110100101001101001001100011100101101010
	Have 16 results, spent 2358478420 clocks.
num_cipher:	56
	Total vars:	150024
	Total clauses:	337096
	Test == masterkey, spend 12730577 clocks.
解得 mater_key 与 tweakey:	16
mater_key:	01000011111001111011100111010110000010111010101000101101001010011010010011000111001011010101110011010111111010110000011011000100
tweakey:	1011000001011101010100010110100101001101001001100011100101101010
	Have 16 results, spent 2459839141 clocks.
num_cipher:	57
	Total vars:	152695
	Total clauses:	343111
	Test == masterkey, spend 14715721 clocks.
解得 mater_key 与 tweakey:	9
mater_key:	01000011111001111011100111010110000010111010101000101101001010011010010011000111001011010101110011010111111010110000011011000100
tweakey:	1011000001011101010100010110100101001101001001100011100101101010
	Have 16 results, spent 1368635995 clocks.
num_cipher:	58
	Total vars:	155366
	Total clauses:	349126
	Test == masterkey, spend 13349392 clocks.
	Not solved within 3600 seconds, Have 0 results.
num_cipher:	59
	Total vars:	158037
	Total clauses:	355141
	Test == masterkey, spend 14538571 clocks.
	Not solved within 3600 seconds, Have 0 results.
num_cipher:	60
	Total vars:	160708
	Total clauses:	361156
	Test == masterkey, spend 17929049 clocks.
	Not solved within 3600 seconds, Have 0 results.
---------------------------------------------------------------------------------------------------
	Command being timed: "./bin/craft_NS 1 12 52 60"
	User time (seconds): 27435.88
	System time (seconds): 60.79
	Percent of CPU this job got: 99%
	Elapsed (wall clock) time (h:mm:ss or m:ss): 7:38:23
	Average shared text size (kbytes): 0
	Average unshared data size (kbytes): 0
	Average stack size (kbytes): 0
	Average total size (kbytes): 0
	Maximum resident set size (kbytes): 347380
	Average resident set size (kbytes): 0
	Major (requiring I/O) page faults: 0
	Minor (reclaiming a frame) page faults: 6207032
	Voluntary context switches: 1
	Involuntary context switches: 82551
	Swaps: 0
	File system inputs: 0
	File system outputs: 176
	Socket messages sent: 0
	Socket messages received: 0
	Signals delivered: 0
	Page size (bytes): 4096
	Exit status: 0
