sbox:	1100 1010 1101 0011 1110 1011 1111 0111 1000 1001 0001 0101 0000 0010 0100 0110 
8 = (3'+2'+4')(3+0+6)(3+7+4)(3'+0+5')(3+0'+5)(1'+6+4)(1+6'+4')(2+6'+5')(3'+2+0'+4)(1'+0'+7')(2'+0'+7'+4)(2+1+7)(2'+7'+5)(3'+2+0+6')(0'+5+4)(3+0+7)(1+7+6')(1'+7'+4)(3'+1'+0'+6)(0+7'+6+4')(2'+7+6+4')(2+7'+5'+4')
e_sbox:	0100 1010 1101 0011 1110 1011 1111 0111 1000 1001 0001 0101 0000 0010 0100 0110 
8 = (1+0'+6')(1+0+4')(3'+1'+7')(2'+5+4')(2+6'+5')(3+0'+5)(3+1'+4)(2'+1'+6)(3+0+6)(0+7+5')(0'+5+4)(3+1+7+5')(3'+2+7+4)(3'+5'+4')(3'+7'+5')(2'+7'+6+4)(0+7+6'+4')(7'+6'+5+4)(3'+0'+7+6+4')(2+7'+5'+4')(2'+1+6'+5)(0'+7'+6')
Max time :	3600
SAT_MODE:	2
	SBOX_MODE:	102
	ENCYPT_HAVEERROR:	301
AnalysesRounds:	7
MinCiphers:	52
MaxCiphers:	60
Threads:	1
---------------------------------------------------------------------------------------------------
num_cipher:	52
	Total vars:	80164
	Total clauses:	174820
	Test == masterkey, spend 2625181 clocks.
	Not solved within 3600 seconds, Have 0 results.
num_cipher:	53
	Total vars:	81697
	Total clauses:	178177
	Test == masterkey, spend 2546893 clocks.
	Not solved within 3600 seconds, Have 0 results.
num_cipher:	54
	Total vars:	83230
	Total clauses:	181534
	Test == masterkey, spend 2606690 clocks.
	Not solved within 3600 seconds, Have 0 results.
num_cipher:	55
	Total vars:	84763
	Total clauses:	184891
	Test == masterkey, spend 2609147 clocks.
	Not solved within 3600 seconds, Have 0 results.
num_cipher:	56
	Total vars:	86296
	Total clauses:	188248
	Test == masterkey, spend 3131130 clocks.
	Not solved within 3600 seconds, Have 0 results.
num_cipher:	57
	Total vars:	87829
	Total clauses:	191605
	Test == masterkey, spend 2650183 clocks.
	Not solved within 3600 seconds, Have 0 results.
num_cipher:	58
	Total vars:	89362
	Total clauses:	194962
	Test == masterkey, spend 2989745 clocks.
解得 mater_key 与 tweakey:	3
mater_key:	01000011111001111011100111010110000010111010101000101101001010011010010011000111001011010101110011010111111010110000011011000100
tweakey:	1011000001011101010100010110100101001101001001100011100101101010
	Have 16 results, spent 1152844031 clocks.
num_cipher:	59
	Total vars:	90895
	Total clauses:	198319
	Test == masterkey, spend 3333680 clocks.
解得 mater_key 与 tweakey:	9
mater_key:	01000011111001111011100111010110000010111010101000101101001010011010010011000111001011010101110011010111111010110000011011000100
tweakey:	1011000001011101010100010110100101001101001001100011100101101010
	Have 16 results, spent 2213830552 clocks.
num_cipher:	60
	Total vars:	92428
	Total clauses:	201676
	Test == masterkey, spend 3479929 clocks.
解得 mater_key 与 tweakey:	5
mater_key:	01000011111001111011100111010110000010111010101000101101001010011010010011000111001011010101110011010111111010110000011011000100
tweakey:	1011000001011101010100010110100101001101001001100011100101101010
	Have 16 results, spent 326205003 clocks.
---------------------------------------------------------------------------------------------------
	Command being timed: "./bin/craft_NS 1 7 52 60"
	User time (seconds): 25319.13
	System time (seconds): 60.14
	Percent of CPU this job got: 99%
	Elapsed (wall clock) time (h:mm:ss or m:ss): 7:03:02
	Average shared text size (kbytes): 0
	Average unshared data size (kbytes): 0
	Average stack size (kbytes): 0
	Average total size (kbytes): 0
	Maximum resident set size (kbytes): 272324
	Average resident set size (kbytes): 0
	Major (requiring I/O) page faults: 0
	Minor (reclaiming a frame) page faults: 6823796
	Voluntary context switches: 1
	Involuntary context switches: 51902
	Swaps: 0
	File system inputs: 0
	File system outputs: 88
	Socket messages sent: 0
	Socket messages received: 0
	Signals delivered: 0
	Page size (bytes): 4096
	Exit status: 0
