sbox:	1100 1010 1101 0011 1110 1011 1111 0111 1000 1001 0001 0101 0000 0010 0100 0110 
8 = (3'+2'+4')(3+0+6)(3+7+4)(3'+0+5')(3+0'+5)(1'+6+4)(1+6'+4')(2+6'+5')(3'+2+0'+4)(1'+0'+7')(2'+0'+7'+4)(2+1+7)(2'+7'+5)(3'+2+0+6')(0'+5+4)(3+0+7)(1+7+6')(1'+7'+4)(3'+1'+0'+6)(0+7'+6+4')(2'+7+6+4')(2+7'+5'+4')
e_sbox:	0100 1010 1101 0011 1110 1011 1111 0111 1000 1001 0001 0101 0000 0010 0100 0110 
8 = (1+0'+6')(1+0+4')(3'+1'+7')(2'+5+4')(2+6'+5')(3+0'+5)(3+1'+4)(2'+1'+6)(3+0+6)(0+7+5')(0'+5+4)(3+1+7+5')(3'+2+7+4)(3'+5'+4')(3'+7'+5')(2'+7'+6+4)(0+7+6'+4')(7'+6'+5+4)(3'+0'+7+6+4')(2+7'+5'+4')(2'+1+6'+5)(0'+7'+6')
Max time :	3600
SAT_MODE:	2
	SBOX_MODE:	102
	ENCYPT_HAVEERROR:	301
AnalysesRounds:	8
MinCiphers:	52
MaxCiphers:	60
Threads:	1
---------------------------------------------------------------------------------------------------
num_cipher:	52
	Total vars:	92020
	Total clauses:	202484
	Test == masterkey, spend 4812799 clocks.
	Not solved within 3600 seconds, Have 0 results.
num_cipher:	53
	Total vars:	93781
	Total clauses:	206373
	Test == masterkey, spend 5060691 clocks.
	Not solved within 3600 seconds, Have 0 results.
num_cipher:	54
	Total vars:	95542
	Total clauses:	210262
	Test == masterkey, spend 5257849 clocks.
解得 mater_key 与 tweakey:	14
mater_key:	01000011111001111011100111010110000010111010101000101101001010011010010011000111001011010101110011010111111010110000011011000100
tweakey:	1011000001011101010100010110100101001101001001100011100101101010
	Have 16 results, spent 2801287185 clocks.
num_cipher:	55
	Total vars:	97303
	Total clauses:	214151
	Test == masterkey, spend 4602146 clocks.
解得 mater_key 与 tweakey:	8
mater_key:	01000011111001111011100111010110000010111010101000101101001010011010010011000111001011010101110011010111111010110000011011000100
tweakey:	1011000001011101010100010110100101001101001001100011100101101010
	Have 16 results, spent 2937256261 clocks.
num_cipher:	56
	Total vars:	99064
	Total clauses:	218040
	Test == masterkey, spend 5289919 clocks.
解得 mater_key 与 tweakey:	8
mater_key:	01000011111001111011100111010110000010111010101000101101001010011010010011000111001011010101110011010111111010110000011011000100
tweakey:	1011000001011101010100010110100101001101001001100011100101101010
	Have 16 results, spent 2831385927 clocks.
num_cipher:	57
	Total vars:	100825
	Total clauses:	221929
	Test == masterkey, spend 5307319 clocks.
解得 mater_key 与 tweakey:	14
mater_key:	01000011111001111011100111010110000010111010101000101101001010011010010011000111001011010101110011010111111010110000011011000100
tweakey:	1011000001011101010100010110100101001101001001100011100101101010
	Have 16 results, spent 2722690968 clocks.
num_cipher:	58
	Total vars:	102586
	Total clauses:	225818
	Test == masterkey, spend 5469525 clocks.
解得 mater_key 与 tweakey:	9
mater_key:	01000011111001111011100111010110000010111010101000101101001010011010010011000111001011010101110011010111111010110000011011000100
tweakey:	1011000001011101010100010110100101001101001001100011100101101010
	Have 16 results, spent 985165689 clocks.
num_cipher:	59
	Total vars:	104347
	Total clauses:	229707
	Test == masterkey, spend 6121025 clocks.
解得 mater_key 与 tweakey:	2
mater_key:	01000011111001111011100111010110000010111010101000101101001010011010010011000111001011010101110011010111111010110000011011000100
tweakey:	1011000001011101010100010110100101001101001001100011100101101010
	Have 16 results, spent 1648168882 clocks.
num_cipher:	60
	Total vars:	106108
	Total clauses:	233596
	Test == masterkey, spend 5663563 clocks.
解得 mater_key 与 tweakey:	8
mater_key:	01000011111001111011100111010110000010111010101000101101001010011010010011000111001011010101110011010111111010110000011011000100
tweakey:	1011000001011101010100010110100101001101001001100011100101101010
	Have 16 results, spent 985533764 clocks.
---------------------------------------------------------------------------------------------------
	Command being timed: "./bin/craft_NS 1 8 52 60"
	User time (seconds): 22135.65
	System time (seconds): 42.51
	Percent of CPU this job got: 99%
	Elapsed (wall clock) time (h:mm:ss or m:ss): 6:09:41
	Average shared text size (kbytes): 0
	Average unshared data size (kbytes): 0
	Average stack size (kbytes): 0
	Average total size (kbytes): 0
	Maximum resident set size (kbytes): 289972
	Average resident set size (kbytes): 0
	Major (requiring I/O) page faults: 0
	Minor (reclaiming a frame) page faults: 4265867
	Voluntary context switches: 1
	Involuntary context switches: 50953
	Swaps: 0
	File system inputs: 0
	File system outputs: 136
	Socket messages sent: 0
	Socket messages received: 0
	Signals delivered: 0
	Page size (bytes): 4096
	Exit status: 0
