sbox:	1100 1010 1101 0011 1110 1011 1111 0111 1000 1001 0001 0101 0000 0010 0100 0110 
8 = (3'+2'+4')(3+0+6)(3+7+4)(3'+0+5')(3+0'+5)(1'+6+4)(1+6'+4')(2+6'+5')(3'+2+0'+4)(1'+0'+7')(2'+0'+7'+4)(2+1+7)(2'+7'+5)(3'+2+0+6')(0'+5+4)(3+0+7)(1+7+6')(1'+7'+4)(3'+1'+0'+6)(0+7'+6+4')(2'+7+6+4')(2+7'+5'+4')
e_sbox:	0100 1010 1101 0011 1110 1011 1111 0111 1000 1001 0001 0101 0000 0010 0100 0110 
8 = (1+0'+6')(1+0+4')(3'+1'+7')(2'+5+4')(2+6'+5')(3+0'+5)(3+1'+4)(2'+1'+6)(3+0+6)(0+7+5')(0'+5+4)(3+1+7+5')(3'+2+7+4)(3'+5'+4')(3'+7'+5')(2'+7'+6+4)(0+7+6'+4')(7'+6'+5+4)(3'+0'+7+6+4')(2+7'+5'+4')(2'+1+6'+5)(0'+7'+6')
Max time :	3600
SAT_MODE:	2
	SBOX_MODE:	102
	ENCYPT_HAVEERROR:	301
AnalysesRounds:	9
MinCiphers:	52
MaxCiphers:	60
Threads:	1
---------------------------------------------------------------------------------------------------
num_cipher:	52
	Total vars:	103824
	Total clauses:	230096
	Test == masterkey, spend 6848616 clocks.
	Not solved within 3600 seconds, Have 1 results.
num_cipher:	53
	Total vars:	105812
	Total clauses:	234516
	Test == masterkey, spend 5862626 clocks.
解得 mater_key 与 tweakey:	5
mater_key:	01000011111001111011100111010110000010111010101000101101001010011010010011000111001011010101110011010111111010110000011011000100
tweakey:	1011000001011101010100010110100101001101001001100011100101101010
	Have 16 results, spent 1332845869 clocks.
num_cipher:	54
	Total vars:	107800
	Total clauses:	238936
	Test == masterkey, spend 6805678 clocks.
解得 mater_key 与 tweakey:	9
mater_key:	01000011111001111011100111010110000010111010101000101101001010011010010011000111001011010101110011010111111010110000011011000100
tweakey:	1011000001011101010100010110100101001101001001100011100101101010
	Have 16 results, spent 1252323331 clocks.
num_cipher:	55
	Total vars:	109788
	Total clauses:	243356
	Test == masterkey, spend 6878506 clocks.
解得 mater_key 与 tweakey:	8
mater_key:	01000011111001111011100111010110000010111010101000101101001010011010010011000111001011010101110011010111111010110000011011000100
tweakey:	1011000001011101010100010110100101001101001001100011100101101010
	Have 16 results, spent 1356554676 clocks.
num_cipher:	56
	Total vars:	111776
	Total clauses:	247776
	Test == masterkey, spend 6891961 clocks.
解得 mater_key 与 tweakey:	15
mater_key:	01000011111001111011100111010110000010111010101000101101001010011010010011000111001011010101110011010111111010110000011011000100
tweakey:	1011000001011101010100010110100101001101001001100011100101101010
	Have 16 results, spent 1273075484 clocks.
num_cipher:	57
	Total vars:	113764
	Total clauses:	252196
	Test == masterkey, spend 7171917 clocks.
解得 mater_key 与 tweakey:	13
mater_key:	01000011111001111011100111010110000010111010101000101101001010011010010011000111001011010101110011010111111010110000011011000100
tweakey:	1011000001011101010100010110100101001101001001100011100101101010
	Have 16 results, spent 1829560861 clocks.
num_cipher:	58
	Total vars:	115752
	Total clauses:	256616
	Test == masterkey, spend 6582529 clocks.
解得 mater_key 与 tweakey:	5
mater_key:	01000011111001111011100111010110000010111010101000101101001010011010010011000111001011010101110011010111111010110000011011000100
tweakey:	1011000001011101010100010110100101001101001001100011100101101010
	Have 16 results, spent 365626257 clocks.
num_cipher:	59
	Total vars:	117740
	Total clauses:	261036
	Test == masterkey, spend 7318460 clocks.
解得 mater_key 与 tweakey:	4
mater_key:	01000011111001111011100111010110000010111010101000101101001010011010010011000111001011010101110011010111111010110000011011000100
tweakey:	1011000001011101010100010110100101001101001001100011100101101010
	Have 16 results, spent 399863535 clocks.
num_cipher:	60
	Total vars:	119728
	Total clauses:	265456
	Test == masterkey, spend 6985911 clocks.
解得 mater_key 与 tweakey:	14
mater_key:	01000011111001111011100111010110000010111010101000101101001010011010010011000111001011010101110011010111111010110000011011000100
tweakey:	1011000001011101010100010110100101001101001001100011100101101010
	Have 16 results, spent 642245376 clocks.
---------------------------------------------------------------------------------------------------
	Command being timed: "./bin/craft_NS 1 9 52 60"
	User time (seconds): 12092.77
	System time (seconds): 28.14
	Percent of CPU this job got: 99%
	Elapsed (wall clock) time (h:mm:ss or m:ss): 3:22:03
	Average shared text size (kbytes): 0
	Average unshared data size (kbytes): 0
	Average stack size (kbytes): 0
	Average total size (kbytes): 0
	Maximum resident set size (kbytes): 280216
	Average resident set size (kbytes): 0
	Major (requiring I/O) page faults: 0
	Minor (reclaiming a frame) page faults: 2609637
	Voluntary context switches: 1
	Involuntary context switches: 30777
	Swaps: 0
	File system inputs: 0
	File system outputs: 160
	Socket messages sent: 0
	Socket messages received: 0
	Signals delivered: 0
	Page size (bytes): 4096
	Exit status: 0
