sbox:	1100 1010 1101 0011 1110 1011 1111 0111 1000 1001 0001 0101 0000 0010 0100 0110 
8 = (3'+2'+4')(3+0+6)(3+7+4)(3'+0+5')(3+0'+5)(1'+6+4)(1+6'+4')(2+6'+5')(3'+2+0'+4)(1'+0'+7')(2'+0'+7'+4)(2+1+7)(2'+7'+5)(3'+2+0+6')(0'+5+4)(3+0+7)(1+7+6')(1'+7'+4)(3'+1'+0'+6)(0+7'+6+4')(2'+7+6+4')(2+7'+5'+4')
e_sbox:	0100 1010 1101 0011 1110 1011 1111 0111 1000 1001 0001 0101 0000 0010 0100 0110 
8 = (1+0'+6')(1+0+4')(3'+1'+7')(2'+5+4')(2+6'+5')(3+0'+5)(3+1'+4)(2'+1'+6)(3+0+6)(0+7+5')(0'+5+4)(3+1+7+5')(3'+2+7+4)(3'+5'+4')(3'+7'+5')(2'+7'+6+4)(0+7+6'+4')(7'+6'+5+4)(3'+0'+7+6+4')(2+7'+5'+4')(2'+1+6'+5)(0'+7'+6')
Max time :	3600
SAT_MODE:	2
	SBOX_MODE:	102
	ENCYPT_HAVEERROR:	301
AnalysesRounds:	9
MinCiphers:	52
MaxCiphers:	60
Threads:	1
---------------------------------------------------------------------------------------------------
num_cipher:	52
	Total vars:	103824
	Total clauses:	230096
	Test == masterkey, spend 6613059 clocks.
解得 mater_key 与 tweakey:	5
mater_key:	01000011111001111011100111010110000010111010101000101101001010011010010011000111001011010101110011010111111010110000011011000100
tweakey:	1011000001011101010100010110100101001101001001100011100101101010
	Have 16 results, spent 1596470302 clocks.
num_cipher:	53
	Total vars:	105812
	Total clauses:	234516
	Test == masterkey, spend 6587484 clocks.
解得 mater_key 与 tweakey:	5
mater_key:	01000011111001111011100111010110000010111010101000101101001010011010010011000111001011010101110011010111111010110000011011000100
tweakey:	1011000001011101010100010110100101001101001001100011100101101010
	Have 16 results, spent 1345415880 clocks.
num_cipher:	54
	Total vars:	107800
	Total clauses:	238936
	Test == masterkey, spend 6693886 clocks.
解得 mater_key 与 tweakey:	6
mater_key:	01000011111001111011100111010110000010111010101000101101001010011010010011000111001011010101110011010111111010110000011011000100
tweakey:	1011000001011101010100010110100101001101001001100011100101101010
	Have 16 results, spent 1521937622 clocks.
num_cipher:	55
	Total vars:	109788
	Total clauses:	243356
	Test == masterkey, spend 6914338 clocks.
解得 mater_key 与 tweakey:	13
mater_key:	01000011111001111011100111010110000010111010101000101101001010011010010011000111001011010101110011010111111010110000011011000100
tweakey:	1011000001011101010100010110100101001101001001100011100101101010
	Have 16 results, spent 651127829 clocks.
num_cipher:	56
	Total vars:	111776
	Total clauses:	247776
	Test == masterkey, spend 7202580 clocks.
解得 mater_key 与 tweakey:	1
mater_key:	01000011111001111011100111010110000010111010101000101101001010011010010011000111001011010101110011010111111010110000011011000100
tweakey:	1011000001011101010100010110100101001101001001100011100101101010
	Have 16 results, spent 789377023 clocks.
num_cipher:	57
	Total vars:	113764
	Total clauses:	252196
	Test == masterkey, spend 8338997 clocks.
解得 mater_key 与 tweakey:	16
mater_key:	01000011111001111011100111010110000010111010101000101101001010011010010011000111001011010101110011010111111010110000011011000100
tweakey:	1011000001011101010100010110100101001101001001100011100101101010
	Have 16 results, spent 787165299 clocks.
num_cipher:	58
	Total vars:	115752
	Total clauses:	256616
	Test == masterkey, spend 8076418 clocks.
解得 mater_key 与 tweakey:	15
mater_key:	01000011111001111011100111010110000010111010101000101101001010011010010011000111001011010101110011010111111010110000011011000100
tweakey:	1011000001011101010100010110100101001101001001100011100101101010
	Have 16 results, spent 1686841188 clocks.
num_cipher:	59
	Total vars:	117740
	Total clauses:	261036
	Test == masterkey, spend 7594167 clocks.
解得 mater_key 与 tweakey:	13
mater_key:	01000011111001111011100111010110000010111010101000101101001010011010010011000111001011010101110011010111111010110000011011000100
tweakey:	1011000001011101010100010110100101001101001001100011100101101010
	Have 16 results, spent 403218073 clocks.
num_cipher:	60
	Total vars:	119728
	Total clauses:	265456
	Test == masterkey, spend 7370455 clocks.
解得 mater_key 与 tweakey:	3
mater_key:	01000011111001111011100111010110000010111010101000101101001010011010010011000111001011010101110011010111111010110000011011000100
tweakey:	1011000001011101010100010110100101001101001001100011100101101010
	Have 16 results, spent 1601633058 clocks.
---------------------------------------------------------------------------------------------------
	Command being timed: "./bin/craft_NS 1 9 52 60"
	User time (seconds): 10435.21
	System time (seconds): 18.19
	Percent of CPU this job got: 99%
	Elapsed (wall clock) time (h:mm:ss or m:ss): 2:54:16
	Average shared text size (kbytes): 0
	Average unshared data size (kbytes): 0
	Average stack size (kbytes): 0
	Average total size (kbytes): 0
	Maximum resident set size (kbytes): 271928
	Average resident set size (kbytes): 0
	Major (requiring I/O) page faults: 0
	Minor (reclaiming a frame) page faults: 1665888
	Voluntary context switches: 1
	Involuntary context switches: 31186
	Swaps: 0
	File system inputs: 0
	File system outputs: 192
	Socket messages sent: 0
	Socket messages received: 0
	Signals delivered: 0
	Page size (bytes): 4096
	Exit status: 0
