sbox:	1100 1010 1101 0011 1110 1011 1111 0111 1000 1001 0001 0101 0000 0010 0100 0110 
y3 = 01  13  23  013  123  4  
y2 = 0  3  03  012  013  123  4  
y1 = 0  2  02  03  23  
y0 = 1  02  03  012  013  123  
e_sbox:	0100 1010 1101 0011 1110 1011 1111 0111 1000 1001 0001 0101 0000 0010 0100 0110 
y3' = 0  1  2  3  02  03  12  012  023  0123  
y2' = 0  3  03  012  013  123  4  
y1' = 0  2  02  03  23  
y0' = 1  02  03  012  013  123  
Max time :	3600
SAT_MODE:	1
	SBOX_MODE:	101
	ENCYPT_HAVEERROR:	301
AnalysesRounds:	10
MinCiphers:	61
MaxCiphers:	70
Threads:	1
---------------------------------------------------------------------------------------------------
num_cipher:	61
	Total vars:	214680
	Total clauses:	434088
	Test == masterkey, spend 76763016 clocks.
	Not solved within 3600 seconds, Have 0 results.
num_cipher:	62
	Total vars:	218192
	Total clauses:	441200
	Test == masterkey, spend 75789200 clocks.
	Not solved within 3600 seconds, Have 0 results.
num_cipher:	63
	Total vars:	221704
	Total clauses:	448312
	Test == masterkey, spend 78329593 clocks.
	Not solved within 3600 seconds, Have 0 results.
num_cipher:	64
	Total vars:	225216
	Total clauses:	455424
	Test == masterkey, spend 85217056 clocks.
	Not solved within 3600 seconds, Have 0 results.
num_cipher:	65
	Total vars:	228728
	Total clauses:	462536
	Test == masterkey, spend 88916452 clocks.
	Not solved within 3600 seconds, Have 0 results.
num_cipher:	66
	Total vars:	232240
	Total clauses:	469648
	Test == masterkey, spend 83040588 clocks.
	Not solved within 3600 seconds, Have 0 results.
num_cipher:	67
	Total vars:	235752
	Total clauses:	476760
	Test == masterkey, spend 91850259 clocks.
	Not solved within 3600 seconds, Have 0 results.
num_cipher:	68
	Total vars:	239264
	Total clauses:	483872
	Test == masterkey, spend 86070253 clocks.
	Not solved within 3600 seconds, Have 0 results.
num_cipher:	69
	Total vars:	242776
	Total clauses:	490984
	Test == masterkey, spend 100074293 clocks.
	Not solved within 3600 seconds, Have 0 results.
num_cipher:	70
	Total vars:	246288
	Total clauses:	498096
	Test == masterkey, spend 95498150 clocks.
	Not solved within 3600 seconds, Have 0 results.
---------------------------------------------------------------------------------------------------
	Command being timed: "./bin/craft 1 10 61 70"
	User time (seconds): 36871.05
	System time (seconds): 110.86
	Percent of CPU this job got: 99%
	Elapsed (wall clock) time (h:mm:ss or m:ss): 10:16:28
	Average shared text size (kbytes): 0
	Average unshared data size (kbytes): 0
	Average stack size (kbytes): 0
	Average total size (kbytes): 0
	Maximum resident set size (kbytes): 400400
	Average resident set size (kbytes): 0
	Major (requiring I/O) page faults: 0
	Minor (reclaiming a frame) page faults: 13185747
	Voluntary context switches: 1
	Involuntary context switches: 98952
	Swaps: 0
	File system inputs: 0
	File system outputs: 176
	Socket messages sent: 0
	Socket messages received: 0
	Signals delivered: 0
	Page size (bytes): 4096
	Exit status: 0
