sbox:	1100 1010 1101 0011 1110 1011 1111 0111 1000 1001 0001 0101 0000 0010 0100 0110 
y3 = 01  13  23  013  123  4  
y2 = 0  3  03  012  013  123  4  
y1 = 0  2  02  03  23  
y0 = 1  02  03  012  013  123  
e_sbox:	0100 1010 1101 0011 1110 1011 1111 0111 1000 1001 0001 0101 0000 0010 0100 0110 
y3' = 0  1  2  3  02  03  12  012  023  0123  
y2' = 0  3  03  012  013  123  4  
y1' = 0  2  02  03  23  
y0' = 1  02  03  012  013  123  
Max time :	3600
SAT_MODE:	1
	SBOX_MODE:	101
	ENCYPT_HAVEERROR:	301
AnalysesRounds:	10
MinCiphers:	52
MaxCiphers:	60
Threads:	1
---------------------------------------------------------------------------------------------------
num_cipher:	52
	Total vars:	183072
	Total clauses:	370080
	Test == masterkey, spend 51473344 clocks.
	Not solved within 3600 seconds, Have 0 results.
num_cipher:	53
	Total vars:	186584
	Total clauses:	377192
	Test == masterkey, spend 54952949 clocks.
	Not solved within 3600 seconds, Have 0 results.
num_cipher:	54
	Total vars:	190096
	Total clauses:	384304
	Test == masterkey, spend 60909429 clocks.
	Not solved within 3600 seconds, Have 0 results.
num_cipher:	55
	Total vars:	193608
	Total clauses:	391416
	Test == masterkey, spend 58427837 clocks.
	Not solved within 3600 seconds, Have 0 results.
num_cipher:	56
	Total vars:	197120
	Total clauses:	398528
	Test == masterkey, spend 71373247 clocks.
	Not solved within 3600 seconds, Have 0 results.
num_cipher:	57
	Total vars:	200632
	Total clauses:	405640
	Test == masterkey, spend 71822976 clocks.
	Not solved within 3600 seconds, Have 0 results.
num_cipher:	58
	Total vars:	204144
	Total clauses:	412752
	Test == masterkey, spend 72069810 clocks.
	Not solved within 3600 seconds, Have 0 results.
num_cipher:	59
	Total vars:	207656
	Total clauses:	419864
	Test == masterkey, spend 74204336 clocks.
	Not solved within 3600 seconds, Have 0 results.
num_cipher:	60
	Total vars:	211168
	Total clauses:	426976
	Test == masterkey, spend 77858510 clocks.
	Not solved within 3600 seconds, Have 0 results.
---------------------------------------------------------------------------------------------------
	Command being timed: "./bin/craft 1 10 52 60"
	User time (seconds): 33002.19
	System time (seconds): 99.97
	Percent of CPU this job got: 99%
	Elapsed (wall clock) time (h:mm:ss or m:ss): 9:11:47
	Average shared text size (kbytes): 0
	Average unshared data size (kbytes): 0
	Average stack size (kbytes): 0
	Average total size (kbytes): 0
	Maximum resident set size (kbytes): 426628
	Average resident set size (kbytes): 0
	Major (requiring I/O) page faults: 0
	Minor (reclaiming a frame) page faults: 15658205
	Voluntary context switches: 1
	Involuntary context switches: 74633
	Swaps: 0
	File system inputs: 0
	File system outputs: 152
	Socket messages sent: 0
	Socket messages received: 0
	Signals delivered: 0
	Page size (bytes): 4096
	Exit status: 0
