sbox:	1100 1010 1101 0011 1110 1011 1111 0111 1000 1001 0001 0101 0000 0010 0100 0110 
y3 = 01  13  23  013  123  4  
y2 = 0  3  03  012  013  123  4  
y1 = 0  2  02  03  23  
y0 = 1  02  03  012  013  123  
e_sbox:	0100 1010 1101 0011 1110 1011 1111 0111 1000 1001 0001 0101 0000 0010 0100 0110 
y3' = 0  1  2  3  02  03  12  012  023  0123  
y2' = 0  3  03  012  013  123  4  
y1' = 0  2  02  03  23  
y0' = 1  02  03  012  013  123  
Max time :	3600
SAT_MODE:	1
	SBOX_MODE:	101
	ENCYPT_HAVEERROR:	301
AnalysesRounds:	11
MinCiphers:	61
MaxCiphers:	70
Threads:	1
---------------------------------------------------------------------------------------------------
num_cipher:	61
	Total vars:	237311
	Total clauses:	481119
	Test == masterkey, spend 108705808 clocks.
	Not solved within 3600 seconds, Have 0 results.
num_cipher:	62
	Total vars:	241194
	Total clauses:	489002
	Test == masterkey, spend 119509168 clocks.
	Not solved within 3600 seconds, Have 0 results.
num_cipher:	63
	Total vars:	245077
	Total clauses:	496885
	Test == masterkey, spend 109626382 clocks.
	Not solved within 3600 seconds, Have 0 results.
num_cipher:	64
	Total vars:	248960
	Total clauses:	504768
	Test == masterkey, spend 113754717 clocks.
	Not solved within 3600 seconds, Have 0 results.
num_cipher:	65
	Total vars:	252843
	Total clauses:	512651
	Test == masterkey, spend 129851773 clocks.
	Not solved within 3600 seconds, Have 0 results.
num_cipher:	66
	Total vars:	256726
	Total clauses:	520534
	Test == masterkey, spend 135920506 clocks.
	Not solved within 3600 seconds, Have 0 results.
num_cipher:	67
	Total vars:	260609
	Total clauses:	528417
	Test == masterkey, spend 140225105 clocks.
	Not solved within 3600 seconds, Have 0 results.
num_cipher:	68
	Total vars:	264492
	Total clauses:	536300
	Test == masterkey, spend 143452482 clocks.
	Not solved within 3600 seconds, Have 0 results.
num_cipher:	69
	Total vars:	268375
	Total clauses:	544183
	Test == masterkey, spend 148862577 clocks.
	Not solved within 3600 seconds, Have 0 results.
num_cipher:	70
	Total vars:	272258
	Total clauses:	552066
	Test == masterkey, spend 147638238 clocks.
	Not solved within 3600 seconds, Have 0 results.
---------------------------------------------------------------------------------------------------
	Command being timed: "./bin/craft 1 11 61 70"
	User time (seconds): 37308.46
	System time (seconds): 124.28
	Percent of CPU this job got: 99%
	Elapsed (wall clock) time (h:mm:ss or m:ss): 10:23:59
	Average shared text size (kbytes): 0
	Average unshared data size (kbytes): 0
	Average stack size (kbytes): 0
	Average total size (kbytes): 0
	Maximum resident set size (kbytes): 490484
	Average resident set size (kbytes): 0
	Major (requiring I/O) page faults: 0
	Minor (reclaiming a frame) page faults: 17243609
	Voluntary context switches: 1
	Involuntary context switches: 97486
	Swaps: 0
	File system inputs: 0
	File system outputs: 168
	Socket messages sent: 0
	Socket messages received: 0
	Signals delivered: 0
	Page size (bytes): 4096
	Exit status: 0
