sbox:	1100 1010 1101 0011 1110 1011 1111 0111 1000 1001 0001 0101 0000 0010 0100 0110 
y3 = 01  13  23  013  123  4  
y2 = 0  3  03  012  013  123  4  
y1 = 0  2  02  03  23  
y0 = 1  02  03  012  013  123  
e_sbox:	0100 1010 1101 0011 1110 1011 1111 0111 1000 1001 0001 0101 0000 0010 0100 0110 
y3' = 0  1  2  3  02  03  12  012  023  0123  
y2' = 0  3  03  012  013  123  4  
y1' = 0  2  02  03  23  
y0' = 1  02  03  012  013  123  
Max time :	3600
SAT_MODE:	1
	SBOX_MODE:	101
	ENCYPT_HAVEERROR:	301
AnalysesRounds:	11
MinCiphers:	52
MaxCiphers:	60
Threads:	1
---------------------------------------------------------------------------------------------------
num_cipher:	52
	Total vars:	202364
	Total clauses:	410172
	Test == masterkey, spend 93737928 clocks.
	Not solved within 3600 seconds, Have 0 results.
num_cipher:	53
	Total vars:	206247
	Total clauses:	418055
	Test == masterkey, spend 94309289 clocks.
	Not solved within 3600 seconds, Have 0 results.
num_cipher:	54
	Total vars:	210130
	Total clauses:	425938
	Test == masterkey, spend 95327194 clocks.
	Not solved within 3600 seconds, Have 0 results.
num_cipher:	55
	Total vars:	214013
	Total clauses:	433821
	Test == masterkey, spend 131700067 clocks.
	Not solved within 3600 seconds, Have 0 results.
num_cipher:	56
	Total vars:	217896
	Total clauses:	441704
	Test == masterkey, spend 101195466 clocks.
	Not solved within 3600 seconds, Have 0 results.
num_cipher:	57
	Total vars:	221779
	Total clauses:	449587
	Test == masterkey, spend 120304812 clocks.
	Not solved within 3600 seconds, Have 0 results.
num_cipher:	58
	Total vars:	225662
	Total clauses:	457470
	Test == masterkey, spend 125986234 clocks.
	Not solved within 3600 seconds, Have 0 results.
num_cipher:	59
	Total vars:	229545
	Total clauses:	465353
	Test == masterkey, spend 118033145 clocks.
	Not solved within 3600 seconds, Have 0 results.
num_cipher:	60
	Total vars:	233428
	Total clauses:	473236
	Test == masterkey, spend 105246247 clocks.
	Not solved within 3600 seconds, Have 0 results.
---------------------------------------------------------------------------------------------------
	Command being timed: "./bin/craft 1 11 52 60"
	User time (seconds): 33394.23
	System time (seconds): 133.33
	Percent of CPU this job got: 99%
	Elapsed (wall clock) time (h:mm:ss or m:ss): 9:18:54
	Average shared text size (kbytes): 0
	Average unshared data size (kbytes): 0
	Average stack size (kbytes): 0
	Average total size (kbytes): 0
	Maximum resident set size (kbytes): 402860
	Average resident set size (kbytes): 0
	Major (requiring I/O) page faults: 0
	Minor (reclaiming a frame) page faults: 12484962
	Voluntary context switches: 1
	Involuntary context switches: 96681
	Swaps: 0
	File system inputs: 0
	File system outputs: 152
	Socket messages sent: 0
	Socket messages received: 0
	Signals delivered: 0
	Page size (bytes): 4096
	Exit status: 0
