sbox:	1100 1010 1101 0011 1110 1011 1111 0111 1000 1001 0001 0101 0000 0010 0100 0110 
y3 = 01  13  23  013  123  4  
y2 = 0  3  03  012  013  123  4  
y1 = 0  2  02  03  23  
y0 = 1  02  03  012  013  123  
e_sbox:	0100 1010 1101 0011 1110 1011 1111 0111 1000 1001 0001 0101 0000 0010 0100 0110 
y3' = 0  1  2  3  02  03  12  012  023  0123  
y2' = 0  3  03  012  013  123  4  
y1' = 0  2  02  03  23  
y0' = 1  02  03  012  013  123  
Max time :	3600
SAT_MODE:	1
	SBOX_MODE:	101
	ENCYPT_HAVEERROR:	301
AnalysesRounds:	12
MinCiphers:	61
MaxCiphers:	70
Threads:	1
---------------------------------------------------------------------------------------------------
num_cipher:	61
	Total vars:	260003
	Total clauses:	528211
	Test == masterkey, spend 138656057 clocks.
	Not solved within 3600 seconds, Have 0 results.
num_cipher:	62
	Total vars:	264258
	Total clauses:	536866
	Test == masterkey, spend 157283384 clocks.
	Not solved within 3600 seconds, Have 0 results.
num_cipher:	63
	Total vars:	268513
	Total clauses:	545521
	Test == masterkey, spend 155732732 clocks.
	Not solved within 3600 seconds, Have 0 results.
num_cipher:	64
	Total vars:	272768
	Total clauses:	554176
	Test == masterkey, spend 156988559 clocks.
	Not solved within 3600 seconds, Have 0 results.
num_cipher:	65
	Total vars:	277023
	Total clauses:	562831
	Test == masterkey, spend 177467669 clocks.
	Not solved within 3600 seconds, Have 0 results.
num_cipher:	66
	Total vars:	281278
	Total clauses:	571486
	Test == masterkey, spend 178129492 clocks.
	Not solved within 3600 seconds, Have 0 results.
num_cipher:	67
	Total vars:	285533
	Total clauses:	580141
	Test == masterkey, spend 172170773 clocks.
	Not solved within 3600 seconds, Have 0 results.
num_cipher:	68
	Total vars:	289788
	Total clauses:	588796
	Test == masterkey, spend 173144567 clocks.
	Not solved within 3600 seconds, Have 0 results.
num_cipher:	69
	Total vars:	294043
	Total clauses:	597451
	Test == masterkey, spend 177481997 clocks.
	Not solved within 3600 seconds, Have 0 results.
num_cipher:	70
	Total vars:	298298
	Total clauses:	606106
	Test == masterkey, spend 184471909 clocks.
	Not solved within 3600 seconds, Have 0 results.
---------------------------------------------------------------------------------------------------
	Command being timed: "./bin/craft 1 12 61 70"
	User time (seconds): 37680.83
	System time (seconds): 164.05
	Percent of CPU this job got: 99%
	Elapsed (wall clock) time (h:mm:ss or m:ss): 10:30:52
	Average shared text size (kbytes): 0
	Average unshared data size (kbytes): 0
	Average stack size (kbytes): 0
	Average total size (kbytes): 0
	Maximum resident set size (kbytes): 549316
	Average resident set size (kbytes): 0
	Major (requiring I/O) page faults: 0
	Minor (reclaiming a frame) page faults: 14595841
	Voluntary context switches: 1
	Involuntary context switches: 150965
	Swaps: 0
	File system inputs: 0
	File system outputs: 168
	Socket messages sent: 0
	Socket messages received: 0
	Signals delivered: 0
	Page size (bytes): 4096
	Exit status: 0
