sbox:	1100 1010 1101 0011 1110 1011 1111 0111 1000 1001 0001 0101 0000 0010 0100 0110 
y3 = 01  13  23  013  123  4  
y2 = 0  3  03  012  013  123  4  
y1 = 0  2  02  03  23  
y0 = 1  02  03  012  013  123  
e_sbox:	0100 1010 1101 0011 1110 1011 1111 0111 1000 1001 0001 0101 0000 0010 0100 0110 
y3' = 0  1  2  3  02  03  12  012  023  0123  
y2' = 0  3  03  012  013  123  4  
y1' = 0  2  02  03  23  
y0' = 1  02  03  012  013  123  
Max time :	3600
SAT_MODE:	1
	SBOX_MODE:	101
	ENCYPT_HAVEERROR:	301
AnalysesRounds:	6
MinCiphers:	52
MaxCiphers:	60
Threads:	1
---------------------------------------------------------------------------------------------------
num_cipher:	52
	Total vars:	105696
	Total clauses:	209504
	Test == masterkey, spend 7520878 clocks.
解得 mater_key 与 tweakey:	1
mater_key:	01000011111001111011100111010110000010111010101000101101001010011010010011000111001011010101110011010111111010110000011011000100
tweakey:	1011000001011101010100010110100101001101001001100011100101101010
	Have 16 results, spent 2319724560 clocks.
num_cipher:	53
	Total vars:	107720
	Total clauses:	213528
	Test == masterkey, spend 7990563 clocks.
解得 mater_key 与 tweakey:	4
mater_key:	01000011111001111011100111010110000010111010101000101101001010011010010011000111001011010101110011010111111010110000011011000100
tweakey:	1011000001011101010100010110100101001101001001100011100101101010
	Have 16 results, spent 1954479659 clocks.
num_cipher:	54
	Total vars:	109744
	Total clauses:	217552
	Test == masterkey, spend 9494032 clocks.
解得 mater_key 与 tweakey:	8
mater_key:	01000011111001111011100111010110000010111010101000101101001010011010010011000111001011010101110011010111111010110000011011000100
tweakey:	1011000001011101010100010110100101001101001001100011100101101010
	Have 16 results, spent 2035320804 clocks.
num_cipher:	55
	Total vars:	111768
	Total clauses:	221576
	Test == masterkey, spend 9804180 clocks.
解得 mater_key 与 tweakey:	4
mater_key:	01000011111001111011100111010110000010111010101000101101001010011010010011000111001011010101110011010111111010110000011011000100
tweakey:	1011000001011101010100010110100101001101001001100011100101101010
	Have 16 results, spent 1518316986 clocks.
num_cipher:	56
	Total vars:	113792
	Total clauses:	225600
	Test == masterkey, spend 11902377 clocks.
解得 mater_key 与 tweakey:	12
mater_key:	01000011111001111011100111010110000010111010101000101101001010011010010011000111001011010101110011010111111010110000011011000100
tweakey:	1011000001011101010100010110100101001101001001100011100101101010
	Have 16 results, spent 2974832561 clocks.
num_cipher:	57
	Total vars:	115816
	Total clauses:	229624
	Test == masterkey, spend 10219267 clocks.
解得 mater_key 与 tweakey:	3
mater_key:	01000011111001111011100111010110000010111010101000101101001010011010010011000111001011010101110011010111111010110000011011000100
tweakey:	1011000001011101010100010110100101001101001001100011100101101010
	Have 16 results, spent 1181752337 clocks.
num_cipher:	58
	Total vars:	117840
	Total clauses:	233648
	Test == masterkey, spend 11835478 clocks.
解得 mater_key 与 tweakey:	2
mater_key:	01000011111001111011100111010110000010111010101000101101001010011010010011000111001011010101110011010111111010110000011011000100
tweakey:	1011000001011101010100010110100101001101001001100011100101101010
	Have 16 results, spent 1180402530 clocks.
num_cipher:	59
	Total vars:	119864
	Total clauses:	237672
	Test == masterkey, spend 11597137 clocks.
