sbox:	1100 1010 1101 0011 1110 1011 1111 0111 1000 1001 0001 0101 0000 0010 0100 0110 
y3 = 01  13  23  013  123  4  
y2 = 0  3  03  012  013  123  4  
y1 = 0  2  02  03  23  
y0 = 1  02  03  012  013  123  
e_sbox:	0100 1010 1101 0011 1110 1011 1111 0111 1000 1001 0001 0101 0000 0010 0100 0110 
y3' = 0  1  2  3  02  03  12  012  023  0123  
y2' = 0  3  03  012  013  123  4  
y1' = 0  2  02  03  23  
y0' = 1  02  03  012  013  123  
Max time :	3600
SAT_MODE:	1
	SBOX_MODE:	101
	ENCYPT_HAVEERROR:	301
AnalysesRounds:	6
MinCiphers:	61
MaxCiphers:	70
Threads:	1
---------------------------------------------------------------------------------------------------
num_cipher:	61
	Total vars:	123912
	Total clauses:	245720
	Test == masterkey, spend 11982729 clocks.
解得 mater_key 与 tweakey:	11
mater_key:	01000011111001111011100111010110000010111010101000101101001010011010010011000111001011010101110011010111111010110000011011000100
tweakey:	1011000001011101010100010110100101001101001001100011100101101010
	Have 16 results, spent 764699861 clocks.
num_cipher:	62
	Total vars:	125936
	Total clauses:	249744
	Test == masterkey, spend 13622667 clocks.
解得 mater_key 与 tweakey:	8
mater_key:	01000011111001111011100111010110000010111010101000101101001010011010010011000111001011010101110011010111111010110000011011000100
tweakey:	1011000001011101010100010110100101001101001001100011100101101010
	Have 16 results, spent 1046693940 clocks.
num_cipher:	63
	Total vars:	127960
	Total clauses:	253768
	Test == masterkey, spend 13357440 clocks.
解得 mater_key 与 tweakey:	2
mater_key:	01000011111001111011100111010110000010111010101000101101001010011010010011000111001011010101110011010111111010110000011011000100
tweakey:	1011000001011101010100010110100101001101001001100011100101101010
	Have 16 results, spent 598498164 clocks.
num_cipher:	64
	Total vars:	129984
	Total clauses:	257792
	Test == masterkey, spend 13708486 clocks.
解得 mater_key 与 tweakey:	10
mater_key:	01000011111001111011100111010110000010111010101000101101001010011010010011000111001011010101110011010111111010110000011011000100
tweakey:	1011000001011101010100010110100101001101001001100011100101101010
	Have 16 results, spent 360203071 clocks.
num_cipher:	65
	Total vars:	132008
	Total clauses:	261816
	Test == masterkey, spend 13223742 clocks.
解得 mater_key 与 tweakey:	2
mater_key:	01000011111001111011100111010110000010111010101000101101001010011010010011000111001011010101110011010111111010110000011011000100
tweakey:	1011000001011101010100010110100101001101001001100011100101101010
	Have 16 results, spent 534248175 clocks.
num_cipher:	66
	Total vars:	134032
	Total clauses:	265840
	Test == masterkey, spend 15738287 clocks.
解得 mater_key 与 tweakey:	6
mater_key:	01000011111001111011100111010110000010111010101000101101001010011010010011000111001011010101110011010111111010110000011011000100
tweakey:	1011000001011101010100010110100101001101001001100011100101101010
	Have 16 results, spent 794973282 clocks.
num_cipher:	67
	Total vars:	136056
	Total clauses:	269864
	Test == masterkey, spend 14980710 clocks.
解得 mater_key 与 tweakey:	12
mater_key:	01000011111001111011100111010110000010111010101000101101001010011010010011000111001011010101110011010111111010110000011011000100
tweakey:	1011000001011101010100010110100101001101001001100011100101101010
	Have 16 results, spent 945275373 clocks.
num_cipher:	68
	Total vars:	138080
	Total clauses:	273888
	Test == masterkey, spend 19626128 clocks.
解得 mater_key 与 tweakey:	13
mater_key:	01000011111001111011100111010110000010111010101000101101001010011010010011000111001011010101110011010111111010110000011011000100
tweakey:	1011000001011101010100010110100101001101001001100011100101101010
	Have 16 results, spent 495505668 clocks.
num_cipher:	69
	Total vars:	140104
	Total clauses:	277912
	Test == masterkey, spend 20726617 clocks.
解得 mater_key 与 tweakey:	3
mater_key:	01000011111001111011100111010110000010111010101000101101001010011010010011000111001011010101110011010111111010110000011011000100
tweakey:	1011000001011101010100010110100101001101001001100011100101101010
	Have 16 results, spent 521529387 clocks.
num_cipher:	70
	Total vars:	142128
	Total clauses:	281936
	Test == masterkey, spend 20362478 clocks.
解得 mater_key 与 tweakey:	12
mater_key:	01000011111001111011100111010110000010111010101000101101001010011010010011000111001011010101110011010111111010110000011011000100
tweakey:	1011000001011101010100010110100101001101001001100011100101101010
	Have 16 results, spent 610305948 clocks.
---------------------------------------------------------------------------------------------------
	Command being timed: "./bin/craft 1 6 61 70"
	User time (seconds): 6828.62
	System time (seconds): 6.01
	Percent of CPU this job got: 99%
	Elapsed (wall clock) time (h:mm:ss or m:ss): 1:53:55
	Average shared text size (kbytes): 0
	Average unshared data size (kbytes): 0
	Average stack size (kbytes): 0
	Average total size (kbytes): 0
	Maximum resident set size (kbytes): 209148
	Average resident set size (kbytes): 0
	Major (requiring I/O) page faults: 0
	Minor (reclaiming a frame) page faults: 311010
	Voluntary context switches: 2
	Involuntary context switches: 18104
	Swaps: 0
	File system inputs: 0
	File system outputs: 184
	Socket messages sent: 0
	Socket messages received: 0
	Signals delivered: 0
	Page size (bytes): 4096
	Exit status: 0
