sbox:	1100 1010 1101 0011 1110 1011 1111 0111 1000 1001 0001 0101 0000 0010 0100 0110 
y3 = 01  13  23  013  123  4  
y2 = 0  3  03  012  013  123  4  
y1 = 0  2  02  03  23  
y0 = 1  02  03  012  013  123  
e_sbox:	0100 1010 1101 0011 1110 1011 1111 0111 1000 1001 0001 0101 0000 0010 0100 0110 
y3' = 0  1  2  3  02  03  12  012  023  0123  
y2' = 0  3  03  012  013  123  4  
y1' = 0  2  02  03  23  
y0' = 1  02  03  012  013  123  
Max time :	3600
SAT_MODE:	1
	SBOX_MODE:	101
	ENCYPT_HAVEERROR:	301
AnalysesRounds:	6
MinCiphers:	61
MaxCiphers:	70
Threads:	1
---------------------------------------------------------------------------------------------------
num_cipher:	61
	Total vars:	123912
	Total clauses:	245720
	Test == masterkey, spend 12151723 clocks.
解得 mater_key 与 tweakey:	3
mater_key:	01000011111001111011100111010110000010111010101000101101001010011010010011000111001011010101110011010111111010110000011011000100
tweakey:	1011000001011101010100010110100101001101001001100011100101101010
	Have 16 results, spent 1221136451 clocks.
num_cipher:	62
	Total vars:	125936
	Total clauses:	249744
	Test == masterkey, spend 13002568 clocks.
解得 mater_key 与 tweakey:	5
mater_key:	01000011111001111011100111010110000010111010101000101101001010011010010011000111001011010101110011010111111010110000011011000100
tweakey:	1011000001011101010100010110100101001101001001100011100101101010
	Have 16 results, spent 630743818 clocks.
num_cipher:	63
	Total vars:	127960
	Total clauses:	253768
	Test == masterkey, spend 13594584 clocks.
解得 mater_key 与 tweakey:	7
mater_key:	01000011111001111011100111010110000010111010101000101101001010011010010011000111001011010101110011010111111010110000011011000100
tweakey:	1011000001011101010100010110100101001101001001100011100101101010
	Have 16 results, spent 651193540 clocks.
num_cipher:	64
	Total vars:	129984
	Total clauses:	257792
	Test == masterkey, spend 13484703 clocks.
解得 mater_key 与 tweakey:	6
mater_key:	01000011111001111011100111010110000010111010101000101101001010011010010011000111001011010101110011010111111010110000011011000100
tweakey:	1011000001011101010100010110100101001101001001100011100101101010
	Have 16 results, spent 746389976 clocks.
num_cipher:	65
	Total vars:	132008
	Total clauses:	261816
	Test == masterkey, spend 12803473 clocks.
解得 mater_key 与 tweakey:	1
mater_key:	01000011111001111011100111010110000010111010101000101101001010011010010011000111001011010101110011010111111010110000011011000100
tweakey:	1011000001011101010100010110100101001101001001100011100101101010
	Have 16 results, spent 442257351 clocks.
num_cipher:	66
	Total vars:	134032
	Total clauses:	265840
	Test == masterkey, spend 14765300 clocks.
解得 mater_key 与 tweakey:	13
mater_key:	01000011111001111011100111010110000010111010101000101101001010011010010011000111001011010101110011010111111010110000011011000100
tweakey:	1011000001011101010100010110100101001101001001100011100101101010
	Have 16 results, spent 368353820 clocks.
num_cipher:	67
	Total vars:	136056
	Total clauses:	269864
	Test == masterkey, spend 14776694 clocks.
解得 mater_key 与 tweakey:	14
mater_key:	01000011111001111011100111010110000010111010101000101101001010011010010011000111001011010101110011010111111010110000011011000100
tweakey:	1011000001011101010100010110100101001101001001100011100101101010
	Have 16 results, spent 607407594 clocks.
num_cipher:	68
	Total vars:	138080
	Total clauses:	273888
	Test == masterkey, spend 20402110 clocks.
解得 mater_key 与 tweakey:	9
mater_key:	01000011111001111011100111010110000010111010101000101101001010011010010011000111001011010101110011010111111010110000011011000100
tweakey:	1011000001011101010100010110100101001101001001100011100101101010
	Have 16 results, spent 406731971 clocks.
num_cipher:	69
	Total vars:	140104
	Total clauses:	277912
	Test == masterkey, spend 19438589 clocks.
解得 mater_key 与 tweakey:	10
mater_key:	01000011111001111011100111010110000010111010101000101101001010011010010011000111001011010101110011010111111010110000011011000100
tweakey:	1011000001011101010100010110100101001101001001100011100101101010
	Have 16 results, spent 748025944 clocks.
num_cipher:	70
	Total vars:	142128
	Total clauses:	281936
	Test == masterkey, spend 23361418 clocks.
解得 mater_key 与 tweakey:	9
mater_key:	01000011111001111011100111010110000010111010101000101101001010011010010011000111001011010101110011010111111010110000011011000100
tweakey:	1011000001011101010100010110100101001101001001100011100101101010
	Have 16 results, spent 542469185 clocks.
---------------------------------------------------------------------------------------------------
	Command being timed: "./bin/craft 1 6 61 70"
	User time (seconds): 6521.16
	System time (seconds): 6.80
	Percent of CPU this job got: 99%
	Elapsed (wall clock) time (h:mm:ss or m:ss): 1:48:49
	Average shared text size (kbytes): 0
	Average unshared data size (kbytes): 0
	Average stack size (kbytes): 0
	Average total size (kbytes): 0
	Maximum resident set size (kbytes): 216600
	Average resident set size (kbytes): 0
	Major (requiring I/O) page faults: 0
	Minor (reclaiming a frame) page faults: 309807
	Voluntary context switches: 1
	Involuntary context switches: 12548
	Swaps: 0
	File system inputs: 0
	File system outputs: 192
	Socket messages sent: 0
	Socket messages received: 0
	Signals delivered: 0
	Page size (bytes): 4096
	Exit status: 0
