sbox:	1100 1010 1101 0011 1110 1011 1111 0111 1000 1001 0001 0101 0000 0010 0100 0110 
y3 = 01  13  23  013  123  4  
y2 = 0  3  03  012  013  123  4  
y1 = 0  2  02  03  23  
y0 = 1  02  03  012  013  123  
e_sbox:	0100 1010 1101 0011 1110 1011 1111 0111 1000 1001 0001 0101 0000 0010 0100 0110 
y3' = 0  1  2  3  02  03  12  012  023  0123  
y2' = 0  3  03  012  013  123  4  
y1' = 0  2  02  03  23  
y0' = 1  02  03  012  013  123  
Max time :	3600
SAT_MODE:	1
	SBOX_MODE:	101
	ENCYPT_HAVEERROR:	301
AnalysesRounds:	6
MinCiphers:	52
MaxCiphers:	60
Threads:	1
---------------------------------------------------------------------------------------------------
num_cipher:	52
	Total vars:	105696
	Total clauses:	209504
	Test == masterkey, spend 11902370 clocks.
	Not solved within 3600 seconds, Have 0 results.
num_cipher:	53
	Total vars:	107720
	Total clauses:	213528
	Test == masterkey, spend 12237193 clocks.
	Not solved within 3600 seconds, Have 0 results.
num_cipher:	54
	Total vars:	109744
	Total clauses:	217552
	Test == masterkey, spend 12477408 clocks.
	Not solved within 3600 seconds, Have 0 results.
num_cipher:	55
	Total vars:	111768
	Total clauses:	221576
	Test == masterkey, spend 12096831 clocks.
	Not solved within 3600 seconds, Have 0 results.
num_cipher:	56
	Total vars:	113792
	Total clauses:	225600
	Test == masterkey, spend 12805667 clocks.
	Not solved within 3600 seconds, Have 0 results.
num_cipher:	57
	Total vars:	115816
	Total clauses:	229624
	Test == masterkey, spend 15779220 clocks.
	Not solved within 3600 seconds, Have 0 results.
num_cipher:	58
	Total vars:	117840
	Total clauses:	233648
	Test == masterkey, spend 14543806 clocks.
	Not solved within 3600 seconds, Have 0 results.
num_cipher:	59
	Total vars:	119864
	Total clauses:	237672
	Test == masterkey, spend 14948210 clocks.
	Not solved within 3600 seconds, Have 0 results.
num_cipher:	60
	Total vars:	121888
	Total clauses:	241696
	Test == masterkey, spend 13840594 clocks.
解得 mater_key 与 tweakey:	14
mater_key:	01000011111001111011100111010110000010111010101000101101001010011010010011000111001011010101110011010111111010110000011011000100
tweakey:	1011000001011101010100010110100101001101001001100011100101101010
	Have 16 results, spent 3090275060 clocks.
---------------------------------------------------------------------------------------------------
	Command being timed: "./bin/craft 1 6 52 60"
	User time (seconds): 32012.07
	System time (seconds): 52.08
	Percent of CPU this job got: 99%
	Elapsed (wall clock) time (h:mm:ss or m:ss): 8:54:32
	Average shared text size (kbytes): 0
	Average unshared data size (kbytes): 0
	Average stack size (kbytes): 0
	Average total size (kbytes): 0
	Maximum resident set size (kbytes): 299240
	Average resident set size (kbytes): 0
	Major (requiring I/O) page faults: 0
	Minor (reclaiming a frame) page faults: 4891248
	Voluntary context switches: 1
	Involuntary context switches: 90751
	Swaps: 0
	File system inputs: 0
	File system outputs: 144
	Socket messages sent: 0
	Socket messages received: 0
	Signals delivered: 0
	Page size (bytes): 4096
	Exit status: 0
