sbox:	1100 1010 1101 0011 1110 1011 1111 0111 1000 1001 0001 0101 0000 0010 0100 0110 
y3 = 01  13  23  013  123  4  
y2 = 0  3  03  012  013  123  4  
y1 = 0  2  02  03  23  
y0 = 1  02  03  012  013  123  
e_sbox:	0100 1010 1101 0011 1110 1011 1111 0111 1000 1001 0001 0101 0000 0010 0100 0110 
y3' = 0  1  2  3  02  03  12  012  023  0123  
y2' = 0  3  03  012  013  123  4  
y1' = 0  2  02  03  23  
y0' = 1  02  03  012  013  123  
Max time :	3600
SAT_MODE:	1
	SBOX_MODE:	101
	ENCYPT_HAVEERROR:	301
AnalysesRounds:	6
MinCiphers:	52
MaxCiphers:	60
Threads:	1
---------------------------------------------------------------------------------------------------
num_cipher:	52
	Total vars:	105696
	Total clauses:	209504
	Test == masterkey, spend 11243785 clocks.
	Not solved within 3600 seconds, Have 0 results.
num_cipher:	53
	Total vars:	107720
	Total clauses:	213528
	Test == masterkey, spend 12111587 clocks.
解得 mater_key 与 tweakey:	12
mater_key:	01000011111001111011100111010110000010111010101000101101001010011010010011000111001011010101110011010111111010110000011011000100
tweakey:	1011000001011101010100010110100101001101001001100011100101101010
	Have 16 results, spent 3259049915 clocks.
num_cipher:	54
	Total vars:	109744
	Total clauses:	217552
	Test == masterkey, spend 12578870 clocks.
解得 mater_key 与 tweakey:	3
mater_key:	01000011111001111011100111010110000010111010101000101101001010011010010011000111001011010101110011010111111010110000011011000100
tweakey:	1011000001011101010100010110100101001101001001100011100101101010
	Have 16 results, spent 2374323601 clocks.
num_cipher:	55
	Total vars:	111768
	Total clauses:	221576
	Test == masterkey, spend 12624087 clocks.
解得 mater_key 与 tweakey:	5
mater_key:	01000011111001111011100111010110000010111010101000101101001010011010010011000111001011010101110011010111111010110000011011000100
tweakey:	1011000001011101010100010110100101001101001001100011100101101010
	Have 16 results, spent 3201306863 clocks.
num_cipher:	56
	Total vars:	113792
	Total clauses:	225600
	Test == masterkey, spend 11117982 clocks.
解得 mater_key 与 tweakey:	1
mater_key:	01000011111001111011100111010110000010111010101000101101001010011010010011000111001011010101110011010111111010110000011011000100
tweakey:	1011000001011101010100010110100101001101001001100011100101101010
	Have 16 results, spent 2576154165 clocks.
num_cipher:	57
	Total vars:	115816
	Total clauses:	229624
	Test == masterkey, spend 12060871 clocks.
解得 mater_key 与 tweakey:	4
mater_key:	01000011111001111011100111010110000010111010101000101101001010011010010011000111001011010101110011010111111010110000011011000100
tweakey:	1011000001011101010100010110100101001101001001100011100101101010
	Have 16 results, spent 786749711 clocks.
num_cipher:	58
	Total vars:	117840
	Total clauses:	233648
	Test == masterkey, spend 17215051 clocks.
解得 mater_key 与 tweakey:	10
mater_key:	01000011111001111011100111010110000010111010101000101101001010011010010011000111001011010101110011010111111010110000011011000100
tweakey:	1011000001011101010100010110100101001101001001100011100101101010
	Have 16 results, spent 1220624285 clocks.
num_cipher:	59
	Total vars:	119864
	Total clauses:	237672
	Test == masterkey, spend 15445604 clocks.
解得 mater_key 与 tweakey:	4
mater_key:	01000011111001111011100111010110000010111010101000101101001010011010010011000111001011010101110011010111111010110000011011000100
tweakey:	1011000001011101010100010110100101001101001001100011100101101010
	Have 16 results, spent 764717989 clocks.
num_cipher:	60
	Total vars:	121888
	Total clauses:	241696
	Test == masterkey, spend 16369150 clocks.
解得 mater_key 与 tweakey:	3
mater_key:	01000011111001111011100111010110000010111010101000101101001010011010010011000111001011010101110011010111111010110000011011000100
tweakey:	1011000001011101010100010110100101001101001001100011100101101010
	Have 16 results, spent 813913064 clocks.
---------------------------------------------------------------------------------------------------
	Command being timed: "./bin/craft 1 6 52 60"
	User time (seconds): 18668.96
	System time (seconds): 68.14
	Percent of CPU this job got: 99%
	Elapsed (wall clock) time (h:mm:ss or m:ss): 5:12:20
	Average shared text size (kbytes): 0
	Average unshared data size (kbytes): 0
	Average stack size (kbytes): 0
	Average total size (kbytes): 0
	Maximum resident set size (kbytes): 272352
	Average resident set size (kbytes): 0
	Major (requiring I/O) page faults: 0
	Minor (reclaiming a frame) page faults: 1868172
	Voluntary context switches: 1
	Involuntary context switches: 60152
	Swaps: 0
	File system inputs: 0
	File system outputs: 160
	Socket messages sent: 0
	Socket messages received: 0
	Signals delivered: 0
	Page size (bytes): 4096
	Exit status: 0
