sbox:	1100 1010 1101 0011 1110 1011 1111 0111 1000 1001 0001 0101 0000 0010 0100 0110 
y3 = 01  13  23  013  123  4  
y2 = 0  3  03  012  013  123  4  
y1 = 0  2  02  03  23  
y0 = 1  02  03  012  013  123  
e_sbox:	0100 1010 1101 0011 1110 1011 1111 0111 1000 1001 0001 0101 0000 0010 0100 0110 
y3' = 0  1  2  3  02  03  12  012  023  0123  
y2' = 0  3  03  012  013  123  4  
y1' = 0  2  02  03  23  
y0' = 1  02  03  012  013  123  
Max time :	3600
SAT_MODE:	1
	SBOX_MODE:	101
	ENCYPT_HAVEERROR:	301
AnalysesRounds:	7
MinCiphers:	52
MaxCiphers:	60
Threads:	1
---------------------------------------------------------------------------------------------------
num_cipher:	52
	Total vars:	125092
	Total clauses:	249700
	Test == masterkey, spend 23361745 clocks.
	Not solved within 3600 seconds, Have 0 results.
num_cipher:	53
	Total vars:	127489
	Total clauses:	254497
	Test == masterkey, spend 22066599 clocks.
	Not solved within 3600 seconds, Have 0 results.
num_cipher:	54
	Total vars:	129886
	Total clauses:	259294
	Test == masterkey, spend 24109128 clocks.
	Not solved within 3600 seconds, Have 0 results.
num_cipher:	55
	Total vars:	132283
	Total clauses:	264091
	Test == masterkey, spend 22747205 clocks.
	Not solved within 3600 seconds, Have 0 results.
num_cipher:	56
	Total vars:	134680
	Total clauses:	268888
	Test == masterkey, spend 25253182 clocks.
	Not solved within 3600 seconds, Have 0 results.
num_cipher:	57
	Total vars:	137077
	Total clauses:	273685
	Test == masterkey, spend 28067747 clocks.
	Not solved within 3600 seconds, Have 0 results.
num_cipher:	58
	Total vars:	139474
	Total clauses:	278482
	Test == masterkey, spend 25004663 clocks.
	Not solved within 3600 seconds, Have 0 results.
num_cipher:	59
	Total vars:	141871
	Total clauses:	283279
	Test == masterkey, spend 27139993 clocks.
	Not solved within 3600 seconds, Have 0 results.
num_cipher:	60
	Total vars:	144268
	Total clauses:	288076
	Test == masterkey, spend 26098524 clocks.
	Not solved within 3600 seconds, Have 0 results.
---------------------------------------------------------------------------------------------------
	Command being timed: "./bin/craft 1 7 52 60"
	User time (seconds): 32630.95
	System time (seconds): 95.35
	Percent of CPU this job got: 99%
	Elapsed (wall clock) time (h:mm:ss or m:ss): 9:05:30
	Average shared text size (kbytes): 0
	Average unshared data size (kbytes): 0
	Average stack size (kbytes): 0
	Average total size (kbytes): 0
	Maximum resident set size (kbytes): 334804
	Average resident set size (kbytes): 0
	Major (requiring I/O) page faults: 0
	Minor (reclaiming a frame) page faults: 10293351
	Voluntary context switches: 1
	Involuntary context switches: 82657
	Swaps: 0
	File system inputs: 0
	File system outputs: 152
	Socket messages sent: 0
	Socket messages received: 0
	Signals delivered: 0
	Page size (bytes): 4096
	Exit status: 0
