sbox:	1100 1010 1101 0011 1110 1011 1111 0111 1000 1001 0001 0101 0000 0010 0100 0110 
y3 = 01  13  23  013  123  4  
y2 = 0  3  03  012  013  123  4  
y1 = 0  2  02  03  23  
y0 = 1  02  03  012  013  123  
e_sbox:	0100 1010 1101 0011 1110 1011 1111 0111 1000 1001 0001 0101 0000 0010 0100 0110 
y3' = 0  1  2  3  02  03  12  012  023  0123  
y2' = 0  3  03  012  013  123  4  
y1' = 0  2  02  03  23  
y0' = 1  02  03  012  013  123  
Max time :	3600
SAT_MODE:	1
	SBOX_MODE:	101
	ENCYPT_HAVEERROR:	301
AnalysesRounds:	7
MinCiphers:	61
MaxCiphers:	70
Threads:	1
---------------------------------------------------------------------------------------------------
num_cipher:	61
	Total vars:	146665
	Total clauses:	292873
	Test == masterkey, spend 20972268 clocks.
	Not solved within 3600 seconds, Have 0 results.
num_cipher:	62
	Total vars:	149062
	Total clauses:	297670
	Test == masterkey, spend 19853406 clocks.
	Not solved within 3600 seconds, Have 0 results.
num_cipher:	63
	Total vars:	151459
	Total clauses:	302467
	Test == masterkey, spend 17517210 clocks.
	Not solved within 3600 seconds, Have 0 results.
num_cipher:	64
	Total vars:	153856
	Total clauses:	307264
	Test == masterkey, spend 23542246 clocks.
	Not solved within 3600 seconds, Have 0 results.
num_cipher:	65
	Total vars:	156253
	Total clauses:	312061
	Test == masterkey, spend 22150265 clocks.
	Not solved within 3600 seconds, Have 0 results.
num_cipher:	66
	Total vars:	158650
	Total clauses:	316858
	Test == masterkey, spend 23742670 clocks.
	Not solved within 3600 seconds, Have 0 results.
num_cipher:	67
	Total vars:	161047
	Total clauses:	321655
	Test == masterkey, spend 22549990 clocks.
	Not solved within 3600 seconds, Have 0 results.
num_cipher:	68
	Total vars:	163444
	Total clauses:	326452
	Test == masterkey, spend 21634388 clocks.
解得 mater_key 与 tweakey:	9
mater_key:	01000011111001111011100111010110000010111010101000101101001010011010010011000111001011010101110011010111111010110000011011000100
tweakey:	1011000001011101010100010110100101001101001001100011100101101010
	Have 16 results, spent 3319324119 clocks.
num_cipher:	69
	Total vars:	165841
	Total clauses:	331249
	Test == masterkey, spend 23110530 clocks.
解得 mater_key 与 tweakey:	4
mater_key:	01000011111001111011100111010110000010111010101000101101001010011010010011000111001011010101110011010111111010110000011011000100
tweakey:	1011000001011101010100010110100101001101001001100011100101101010
	Have 16 results, spent 1220784247 clocks.
num_cipher:	70
	Total vars:	168238
	Total clauses:	336046
	Test == masterkey, spend 28393357 clocks.
解得 mater_key 与 tweakey:	15
mater_key:	01000011111001111011100111010110000010111010101000101101001010011010010011000111001011010101110011010111111010110000011011000100
tweakey:	1011000001011101010100010110100101001101001001100011100101101010
	Have 16 results, spent 1815706684 clocks.
---------------------------------------------------------------------------------------------------
	Command being timed: "./bin/craft 1 7 61 70"
	User time (seconds): 31770.59
	System time (seconds): 89.76
	Percent of CPU this job got: 99%
	Elapsed (wall clock) time (h:mm:ss or m:ss): 8:51:03
	Average shared text size (kbytes): 0
	Average unshared data size (kbytes): 0
	Average stack size (kbytes): 0
	Average total size (kbytes): 0
	Maximum resident set size (kbytes): 338320
	Average resident set size (kbytes): 0
	Major (requiring I/O) page faults: 0
	Minor (reclaiming a frame) page faults: 8356818
	Voluntary context switches: 1
	Involuntary context switches: 69172
	Swaps: 0
	File system inputs: 0
	File system outputs: 176
	Socket messages sent: 0
	Socket messages received: 0
	Signals delivered: 0
	Page size (bytes): 4096
	Exit status: 0
