sbox:	1100 1010 1101 0011 1110 1011 1111 0111 1000 1001 0001 0101 0000 0010 0100 0110 
y3 = 01  13  23  013  123  4  
y2 = 0  3  03  012  013  123  4  
y1 = 0  2  02  03  23  
y0 = 1  02  03  012  013  123  
e_sbox:	0100 1010 1101 0011 1110 1011 1111 0111 1000 1001 0001 0101 0000 0010 0100 0110 
y3' = 0  1  2  3  02  03  12  012  023  0123  
y2' = 0  3  03  012  013  123  4  
y1' = 0  2  02  03  23  
y0' = 1  02  03  012  013  123  
Max time :	3600
SAT_MODE:	1
	SBOX_MODE:	101
	ENCYPT_HAVEERROR:	301
AnalysesRounds:	9
MinCiphers:	52
MaxCiphers:	60
Threads:	1
---------------------------------------------------------------------------------------------------
num_cipher:	52
	Total vars:	163728
	Total clauses:	329936
	Test == masterkey, spend 44867006 clocks.
	Not solved within 3600 seconds, Have 0 results.
num_cipher:	53
	Total vars:	166868
	Total clauses:	336276
	Test == masterkey, spend 39751442 clocks.
	Not solved within 3600 seconds, Have 0 results.
num_cipher:	54
	Total vars:	170008
	Total clauses:	342616
	Test == masterkey, spend 43884880 clocks.
	Not solved within 3600 seconds, Have 0 results.
num_cipher:	55
	Total vars:	173148
	Total clauses:	348956
	Test == masterkey, spend 45591562 clocks.
	Not solved within 3600 seconds, Have 0 results.
num_cipher:	56
	Total vars:	176288
	Total clauses:	355296
	Test == masterkey, spend 46929800 clocks.
	Not solved within 3600 seconds, Have 0 results.
num_cipher:	57
	Total vars:	179428
	Total clauses:	361636
	Test == masterkey, spend 49069913 clocks.
	Not solved within 3600 seconds, Have 0 results.
num_cipher:	58
	Total vars:	182568
	Total clauses:	367976
	Test == masterkey, spend 54566846 clocks.
	Not solved within 3600 seconds, Have 0 results.
num_cipher:	59
	Total vars:	185708
	Total clauses:	374316
	Test == masterkey, spend 53210340 clocks.
	Not solved within 3600 seconds, Have 0 results.
num_cipher:	60
	Total vars:	188848
	Total clauses:	380656
	Test == masterkey, spend 59240454 clocks.
	Not solved within 3600 seconds, Have 0 results.
---------------------------------------------------------------------------------------------------
	Command being timed: "./bin/craft 1 9 52 60"
	User time (seconds): 32848.04
	System time (seconds): 103.94
	Percent of CPU this job got: 99%
	Elapsed (wall clock) time (h:mm:ss or m:ss): 9:09:17
	Average shared text size (kbytes): 0
	Average unshared data size (kbytes): 0
	Average stack size (kbytes): 0
	Average total size (kbytes): 0
	Maximum resident set size (kbytes): 431704
	Average resident set size (kbytes): 0
	Major (requiring I/O) page faults: 0
	Minor (reclaiming a frame) page faults: 15417777
	Voluntary context switches: 1
	Involuntary context switches: 76371
	Swaps: 0
	File system inputs: 0
	File system outputs: 152
	Socket messages sent: 0
	Socket messages received: 0
	Signals delivered: 0
	Page size (bytes): 4096
	Exit status: 0
