sbox:	1100 0110 1001 0000 0001 1010 0010 1011 0011 1000 0101 1101 0100 1110 0111 1111 
y3 = 0  2  3  23  4  
y2 = 1  2  3  12  4  
y1 = 0  3  01  12  13  23  123  
y0 = 1  2  3  01  02  03  13  012  123  
e_sbox:	1101 0110 1001 0000 0001 1010 0010 1011 0011 1000 0101 1101 0100 1110 0111 1111 
y3' = 0  2  3  23  4  
y2' = 1  2  3  12  4  
y1' = 0  3  01  12  13  23  123  
y0' = 0  12  23  013  023  0123  4  
Max time :	3600
SKINNY_MODE:	64
TWEAKEY_MODE:	1
SAT_MODE:	1
	SBOX_MODE:	101
	ENCYPT_HAVEERROR:	301
AnalysesRounds:	12
MinCiphers:	12
MaxCiphers:	40
Threads:	1
---------------------------------------------------------------------------------------------------
num_cipher:	12
	Total vars:	50768
	Total clauses:	101392
	Test == masterkey, spend 13247509 clocks.
	Not solved within 3600 seconds, Have 0 results.
num_cipher:	13
	Total vars:	54908
	Total clauses:	109756
	Test == masterkey, spend 12493639 clocks.
	Not solved within 3600 seconds, Have 0 results.
num_cipher:	14
	Total vars:	59048
	Total clauses:	118120
	Test == masterkey, spend 18162471 clocks.
	Not solved within 3600 seconds, Have 0 results.
num_cipher:	15
	Total vars:	63188
	Total clauses:	126484
	Test == masterkey, spend 18832961 clocks.
	Not solved within 3600 seconds, Have 0 results.
num_cipher:	16
	Total vars:	67328
	Total clauses:	134848
	Test == masterkey, spend 23543723 clocks.
解得主密钥:  1	1101011000011111001100010001110001001111100110011011001111111010
	Have 1 results, spent 2167443908 clocks.
---------------------------------------------------------------------------------------------------
求得唯一解！
numAnalysesRounds:	12
startRound:	20
---------------------------------------------------------------------------------------------------
	Command being timed: "./bin/skinny_64_1 1 12 12 40"
	User time (seconds): 16651.22
	System time (seconds): 39.13
	Percent of CPU this job got: 99%
	Elapsed (wall clock) time (h:mm:ss or m:ss): 4:38:15
	Average shared text size (kbytes): 0
	Average unshared data size (kbytes): 0
	Average stack size (kbytes): 0
	Average total size (kbytes): 0
	Maximum resident set size (kbytes): 239400
	Average resident set size (kbytes): 0
	Major (requiring I/O) page faults: 0
	Minor (reclaiming a frame) page faults: 2253815
	Voluntary context switches: 1
	Involuntary context switches: 47340
	Swaps: 0
	File system inputs: 0
	File system outputs: 88
	Socket messages sent: 0
	Socket messages received: 0
	Signals delivered: 0
	Page size (bytes): 4096
	Exit status: 0
