sbox:	1100 0110 1001 0000 0001 1010 0010 1011 0011 1000 0101 1101 0100 1110 0111 1111 
y3 = 0  2  3  23  4  
y2 = 1  2  3  12  4  
y1 = 0  3  01  12  13  23  123  
y0 = 1  2  3  01  02  03  13  012  123  
e_sbox:	1101 0110 1001 0000 0001 1010 0010 1011 0011 1000 0101 1101 0100 1110 0111 1111 
y3' = 0  2  3  23  4  
y2' = 1  2  3  12  4  
y1' = 0  3  01  12  13  23  123  
y0' = 0  12  23  013  023  0123  4  
Max time :	3600
SKINNY_MODE:	64
TWEAKEY_MODE:	1
SAT_MODE:	1
	SBOX_MODE:	101
	ENCYPT_HAVEERROR:	301
AnalysesRounds:	5
MinCiphers:	12
MaxCiphers:	40
Threads:	1
---------------------------------------------------------------------------------------------------
num_cipher:	12
	Total vars:	22280
	Total clauses:	43336
	Test == masterkey, spend 708744 clocks.
	Have more than 1024 results, spent 529082803 clocks.
num_cipher:	13
	Total vars:	24046
	Total clauses:	46862
	Test == masterkey, spend 657411 clocks.
	Have more than 1024 results, spent 501629373 clocks.
num_cipher:	14
	Total vars:	25812
	Total clauses:	50388
	Test == masterkey, spend 724773 clocks.
	Have more than 1024 results, spent 334044027 clocks.
num_cipher:	15
	Total vars:	27578
	Total clauses:	53914
	Test == masterkey, spend 919229 clocks.
解得主密钥:  288	1101011000011111001100010001110001001111100110011011001111111010
	Have 317 results, spent 153807619 clocks.
num_cipher:	16
	Total vars:	29344
	Total clauses:	57440
	Test == masterkey, spend 908407 clocks.
解得主密钥:  92	1101011000011111001100010001110001001111100110011011001111111010
	Have 111 results, spent 107713222 clocks.
num_cipher:	17
	Total vars:	31110
	Total clauses:	60966
	Test == masterkey, spend 964187 clocks.
解得主密钥:  15	1101011000011111001100010001110001001111100110011011001111111010
	Have 39 results, spent 75567368 clocks.
num_cipher:	18
	Total vars:	32876
	Total clauses:	64492
	Test == masterkey, spend 1174776 clocks.
解得主密钥:  11	1101011000011111001100010001110001001111100110011011001111111010
	Have 14 results, spent 51367111 clocks.
num_cipher:	19
	Total vars:	34642
	Total clauses:	68018
	Test == masterkey, spend 1202388 clocks.
解得主密钥:  3	1101011000011111001100010001110001001111100110011011001111111010
	Have 8 results, spent 41195789 clocks.
num_cipher:	20
	Total vars:	36408
	Total clauses:	71544
	Test == masterkey, spend 1306374 clocks.
解得主密钥:  7	1101011000011111001100010001110001001111100110011011001111111010
	Have 8 results, spent 35066622 clocks.
num_cipher:	21
	Total vars:	38174
	Total clauses:	75070
	Test == masterkey, spend 1643222 clocks.
解得主密钥:  1	1101011000011111001100010001110001001111100110011011001111111010
	Have 2 results, spent 25212945 clocks.
num_cipher:	22
	Total vars:	39940
	Total clauses:	78596
	Test == masterkey, spend 1663967 clocks.
解得主密钥:  1	1101011000011111001100010001110001001111100110011011001111111010
	Have 2 results, spent 22694886 clocks.
num_cipher:	23
	Total vars:	41706
	Total clauses:	82122
	Test == masterkey, spend 1350021 clocks.
解得主密钥:  2	1101011000011111001100010001110001001111100110011011001111111010
	Have 2 results, spent 17676664 clocks.
num_cipher:	24
	Total vars:	43472
	Total clauses:	85648
	Test == masterkey, spend 1851313 clocks.
解得主密钥:  1	1101011000011111001100010001110001001111100110011011001111111010
	Have 2 results, spent 19607214 clocks.
num_cipher:	25
	Total vars:	45238
	Total clauses:	89174
	Test == masterkey, spend 1724713 clocks.
解得主密钥:  1	1101011000011111001100010001110001001111100110011011001111111010
	Have 1 results, spent 19583614 clocks.
---------------------------------------------------------------------------------------------------
求得唯一解！
numAnalysesRounds:	5
startRound:	27
---------------------------------------------------------------------------------------------------
	Command being timed: "./bin/skinny_64_1 1 5 12 40"
	User time (seconds): 1950.34
	System time (seconds): 2.60
	Percent of CPU this job got: 99%
	Elapsed (wall clock) time (h:mm:ss or m:ss): 32:33.84
	Average shared text size (kbytes): 0
	Average unshared data size (kbytes): 0
	Average stack size (kbytes): 0
	Average total size (kbytes): 0
	Maximum resident set size (kbytes): 82872
	Average resident set size (kbytes): 0
	Major (requiring I/O) page faults: 0
	Minor (reclaiming a frame) page faults: 138869
	Voluntary context switches: 0
	Involuntary context switches: 6653
	Swaps: 0
	File system inputs: 0
	File system outputs: 144
	Socket messages sent: 0
	Socket messages received: 0
	Signals delivered: 0
	Page size (bytes): 4096
	Exit status: 0
