sbox:	1100 0110 1001 0000 0001 1010 0010 1011 0011 1000 0101 1101 0100 1110 0111 1111 
y3 = 0  2  3  23  4  
y2 = 1  2  3  12  4  
y1 = 0  3  01  12  13  23  123  
y0 = 1  2  3  01  02  03  13  012  123  
e_sbox:	1101 0110 1001 0000 0001 1010 0010 1011 0011 1000 0101 1101 0100 1110 0111 1111 
y3' = 0  2  3  23  4  
y2' = 1  2  3  12  4  
y1' = 0  3  01  12  13  23  123  
y0' = 0  12  23  013  023  0123  4  
Max time :	3600
SKINNY_MODE:	64
TWEAKEY_MODE:	1
SAT_MODE:	1
	SBOX_MODE:	101
	ENCYPT_HAVEERROR:	301
AnalysesRounds:	6
MinCiphers:	12
MaxCiphers:	40
Threads:	1
---------------------------------------------------------------------------------------------------
num_cipher:	12
	Total vars:	26348
	Total clauses:	51628
	Test == masterkey, spend 1006862 clocks.
	Have more than 1024 results, spent 3465693349 clocks.
num_cipher:	13
	Total vars:	28453
	Total clauses:	55845
	Test == masterkey, spend 1099296 clocks.
	Not solved within 3600 seconds, Have 736 results.
num_cipher:	14
	Total vars:	30558
	Total clauses:	60062
	Test == masterkey, spend 1247872 clocks.
解得主密钥:  67	1101011000011111001100010001110001001111100110011011001111111010
	Have 190 results, spent 1731185776 clocks.
num_cipher:	15
	Total vars:	32663
	Total clauses:	64279
	Test == masterkey, spend 1224723 clocks.
解得主密钥:  9	1101011000011111001100010001110001001111100110011011001111111010
	Have 9 results, spent 302517508 clocks.
num_cipher:	16
	Total vars:	34768
	Total clauses:	68496
	Test == masterkey, spend 1249546 clocks.
解得主密钥:  2	1101011000011111001100010001110001001111100110011011001111111010
	Have 2 results, spent 178567566 clocks.
num_cipher:	17
	Total vars:	36873
	Total clauses:	72713
	Test == masterkey, spend 1562035 clocks.
解得主密钥:  1	1101011000011111001100010001110001001111100110011011001111111010
	Have 1 results, spent 116957241 clocks.
---------------------------------------------------------------------------------------------------
求得唯一解！
numAnalysesRounds:	6
startRound:	26
---------------------------------------------------------------------------------------------------
	Command being timed: "./bin/skinny_64_1 1 6 12 40"
	User time (seconds): 9390.09
	System time (seconds): 13.07
	Percent of CPU this job got: 99%
	Elapsed (wall clock) time (h:mm:ss or m:ss): 2:36:45
	Average shared text size (kbytes): 0
	Average unshared data size (kbytes): 0
	Average stack size (kbytes): 0
	Average total size (kbytes): 0
	Maximum resident set size (kbytes): 152696
	Average resident set size (kbytes): 0
	Major (requiring I/O) page faults: 0
	Minor (reclaiming a frame) page faults: 606594
	Voluntary context switches: 1
	Involuntary context switches: 20020
	Swaps: 0
	File system inputs: 0
	File system outputs: 72
	Socket messages sent: 0
	Socket messages received: 0
	Signals delivered: 0
	Page size (bytes): 4096
	Exit status: 0
