sbox:	1100 0110 1001 0000 0001 1010 0010 1011 0011 1000 0101 1101 0100 1110 0111 1111 
y3 = 0  2  3  23  4  
y2 = 1  2  3  12  4  
y1 = 0  3  01  12  13  23  123  
y0 = 1  2  3  01  02  03  13  012  123  
e_sbox:	1101 0110 1001 0000 0001 1010 0010 1011 0011 1000 0101 1101 0100 1110 0111 1111 
y3' = 0  2  3  23  4  
y2' = 1  2  3  12  4  
y1' = 0  3  01  12  13  23  123  
y0' = 0  12  23  013  023  0123  4  
Max time :	3600
SKINNY_MODE:	64
TWEAKEY_MODE:	1
SAT_MODE:	1
	SBOX_MODE:	101
	ENCYPT_HAVEERROR:	301
AnalysesRounds:	7
MinCiphers:	12
MaxCiphers:	40
Threads:	1
---------------------------------------------------------------------------------------------------
num_cipher:	12
	Total vars:	30404
	Total clauses:	59908
	Test == masterkey, spend 1941562 clocks.
	Not solved within 3600 seconds, Have 101 results.
num_cipher:	13
	Total vars:	32847
	Total clauses:	64815
	Test == masterkey, spend 2535915 clocks.
	Not solved within 3600 seconds, Have 46 results.
num_cipher:	14
	Total vars:	35290
	Total clauses:	69722
	Test == masterkey, spend 2879037 clocks.
解得主密钥:  3	1101011000011111001100010001110001001111100110011011001111111010
	Not solved within 3600 seconds, Have 27 results.
num_cipher:	15
	Total vars:	37733
	Total clauses:	74629
	Test == masterkey, spend 2612514 clocks.
解得主密钥:  3	1101011000011111001100010001110001001111100110011011001111111010
	Have 4 results, spent 756834585 clocks.
num_cipher:	16
	Total vars:	40176
	Total clauses:	79536
	Test == masterkey, spend 3255389 clocks.
解得主密钥:  1	1101011000011111001100010001110001001111100110011011001111111010
	Have 1 results, spent 154433436 clocks.
---------------------------------------------------------------------------------------------------
求得唯一解！
numAnalysesRounds:	7
startRound:	25
---------------------------------------------------------------------------------------------------
	Command being timed: "./bin/skinny_64_1 1 7 12 40"
	User time (seconds): 11717.44
	System time (seconds): 8.44
	Percent of CPU this job got: 99%
	Elapsed (wall clock) time (h:mm:ss or m:ss): 3:15:27
	Average shared text size (kbytes): 0
	Average unshared data size (kbytes): 0
	Average stack size (kbytes): 0
	Average total size (kbytes): 0
	Maximum resident set size (kbytes): 193524
	Average resident set size (kbytes): 0
	Major (requiring I/O) page faults: 0
	Minor (reclaiming a frame) page faults: 877151
	Voluntary context switches: 1
	Involuntary context switches: 19074
	Swaps: 0
	File system inputs: 0
	File system outputs: 56
	Socket messages sent: 0
	Socket messages received: 0
	Signals delivered: 0
	Page size (bytes): 4096
	Exit status: 0
