sbox:	1100 0110 1001 0000 0001 1010 0010 1011 0011 1000 0101 1101 0100 1110 0111 1111 
y3 = 0  2  3  23  4  
y2 = 1  2  3  12  4  
y1 = 0  3  01  12  13  23  123  
y0 = 1  2  3  01  02  03  13  012  123  
e_sbox:	1101 0110 1001 0000 0001 1010 0010 1011 0011 1000 0101 1101 0100 1110 0111 1111 
y3' = 0  2  3  23  4  
y2' = 1  2  3  12  4  
y1' = 0  3  01  12  13  23  123  
y0' = 0  12  23  013  023  0123  4  
Max time :	3600
SKINNY_MODE:	64
TWEAKEY_MODE:	1
SAT_MODE:	1
	SBOX_MODE:	101
	ENCYPT_HAVEERROR:	301
AnalysesRounds:	9
MinCiphers:	12
MaxCiphers:	40
Threads:	1
---------------------------------------------------------------------------------------------------
num_cipher:	12
	Total vars:	38540
	Total clauses:	76492
	Test == masterkey, spend 3629450 clocks.
	Not solved within 3600 seconds, Have 0 results.
num_cipher:	13
	Total vars:	41661
	Total clauses:	82781
	Test == masterkey, spend 4174449 clocks.
	Not solved within 3600 seconds, Have 0 results.
num_cipher:	14
	Total vars:	44782
	Total clauses:	89070
	Test == masterkey, spend 4722373 clocks.
解得主密钥:  1	1101011000011111001100010001110001001111100110011011001111111010
	Have 1 results, spent 3041760740 clocks.
---------------------------------------------------------------------------------------------------
求得唯一解！
numAnalysesRounds:	9
startRound:	23
---------------------------------------------------------------------------------------------------
	Command being timed: "./bin/skinny_64_1 1 9 12 40"
	User time (seconds): 10253.25
	System time (seconds): 12.04
	Percent of CPU this job got: 98%
	Elapsed (wall clock) time (h:mm:ss or m:ss): 2:52:56
	Average shared text size (kbytes): 0
	Average unshared data size (kbytes): 0
	Average stack size (kbytes): 0
	Average total size (kbytes): 0
	Maximum resident set size (kbytes): 197684
	Average resident set size (kbytes): 0
	Major (requiring I/O) page faults: 0
	Minor (reclaiming a frame) page faults: 755477
	Voluntary context switches: 1
	Involuntary context switches: 15855
	Swaps: 0
	File system inputs: 0
	File system outputs: 32
	Socket messages sent: 0
	Socket messages received: 0
	Signals delivered: 0
	Page size (bytes): 4096
	Exit status: 0
