sbox:	1100 0101 0110 1011 1001 0000 1010 1101 0011 1110 1111 1000 0100 0111 0001 0010 
y3 = 0  1  3  12  012  013  023  4  
y2 = 2  3  01  03  13  013  023  4  
y1 = 1  3  13  23  012  013  023  
y0 = 0  2  3  12  
e_sbox:	1101 0101 0110 1011 1001 0000 1010 1101 0011 1110 1111 1000 0100 0111 0001 0010 
y3' = 0  1  3  12  012  013  023  4  
y2' = 2  3  01  03  13  013  023  4  
y1' = 1  3  13  23  012  013  023  
y0' = 1  01  02  03  13  23  012  013  023  123  0123  4  
Max time :	3600
PRESENT_MODE:	80
SAT_MODE:	0
	SBOX_MODE:	101
	KSR_HAVEERROR:	0
	ENCYPT_HAVEERROR:	1
AnalysesRounds:	10
MinCiphers:	18
MaxCiphers:	50
Threads:	1
Master_key:	01000110100101011100110000100011111000010011010100111110110011110011110111010001
---------------------------------------------------------------------------------------------------
num_cipher:	18
	Total vars:	62452
	Total clauses:	138129
	Test == masterkey, spend 5956919 clocks.
	Not solved within 3600 seconds, Have 0 results.
num_cipher:	19
	Total vars:	65892
	Total clauses:	145745
	Test == masterkey, spend 7308144 clocks.
	Not solved within 3600 seconds, Have 0 results.
num_cipher:	20
	Total vars:	69332
	Total clauses:	153361
	Test == masterkey, spend 10989055 clocks.
	Not solved within 3600 seconds, Have 0 results.
num_cipher:	21
	Total vars:	72772
	Total clauses:	160977
	Test == masterkey, spend 11248746 clocks.
	Not solved within 3600 seconds, Have 0 results.
num_cipher:	22
	Total vars:	76212
	Total clauses:	168593
	Test == masterkey, spend 10740215 clocks.
	Not solved within 3600 seconds, Have 0 results.
num_cipher:	23
	Total vars:	79652
	Total clauses:	176209
	Test == masterkey, spend 11893358 clocks.
	Not solved within 3600 seconds, Have 0 results.
num_cipher:	24
	Total vars:	83092
	Total clauses:	183825
	Test == masterkey, spend 12035112 clocks.
	Not solved within 3600 seconds, Have 0 results.
num_cipher:	25
	Total vars:	86532
	Total clauses:	191441
	Test == masterkey, spend 13300553 clocks.
解得主密钥:  1	01000110100101011100110000100011111000010011010100111110110011110011110111010001
	Have 1 results, spent 2341498739 clocks.
---------------------------------------------------------------------------------------------------
求得唯一解！
numAnalysesRounds:	10
startRound:	22
---------------------------------------------------------------------------------------------------
	Command being timed: "./bin/present80 1 10 18 50"
	User time (seconds): 27626.49
	System time (seconds): 23.99
	Percent of CPU this job got: 99%
	Elapsed (wall clock) time (h:mm:ss or m:ss): 7:40:56
	Average shared text size (kbytes): 0
	Average unshared data size (kbytes): 0
	Average stack size (kbytes): 0
	Average total size (kbytes): 0
	Maximum resident set size (kbytes): 179152
	Average resident set size (kbytes): 0
	Major (requiring I/O) page faults: 0
	Minor (reclaiming a frame) page faults: 276053
	Voluntary context switches: 1
	Involuntary context switches: 55819
	Swaps: 0
	File system inputs: 0
	File system outputs: 144
	Socket messages sent: 0
	Socket messages received: 0
	Signals delivered: 0
	Page size (bytes): 4096
	Exit status: 0
