sbox:	1100 0101 0110 1011 1001 0000 1010 1101 0011 1110 1111 1000 0100 0111 0001 0010 
y3 = 0  1  3  12  012  013  023  4  
y2 = 2  3  01  03  13  013  023  4  
y1 = 1  3  13  23  012  013  023  
y0 = 0  2  3  12  
e_sbox:	1101 0101 0110 1011 1001 0000 1010 1101 0011 1110 1111 1000 0100 0111 0001 0010 
y3' = 0  1  3  12  012  013  023  4  
y2' = 2  3  01  03  13  013  023  4  
y1' = 1  3  13  23  012  013  023  
y0' = 1  01  02  03  13  23  012  013  023  123  0123  4  
Max time :	3600
PRESENT_MODE:	80
SAT_MODE:	0
	SBOX_MODE:	101
	KSR_HAVEERROR:	0
	ENCYPT_HAVEERROR:	1
AnalysesRounds:	10
MinCiphers:	18
MaxCiphers:	50
Threads:	1
Master_key:	01000110100101011100110000100011111000010011010100111110110011110011110111010001
---------------------------------------------------------------------------------------------------
num_cipher:	18
	Total vars:	62452
	Total clauses:	138129
	Test == masterkey, spend 7096767 clocks.
	Not solved within 3600 seconds, Have 0 results.
num_cipher:	19
	Total vars:	65892
	Total clauses:	145745
	Test == masterkey, spend 7651035 clocks.
	Not solved within 3600 seconds, Have 0 results.
num_cipher:	20
	Total vars:	69332
	Total clauses:	153361
	Test == masterkey, spend 8253738 clocks.
	Not solved within 3600 seconds, Have 0 results.
num_cipher:	21
	Total vars:	72772
	Total clauses:	160977
	Test == masterkey, spend 7737138 clocks.
	Not solved within 3600 seconds, Have 0 results.
num_cipher:	22
	Total vars:	76212
	Total clauses:	168593
	Test == masterkey, spend 12490840 clocks.
	Not solved within 3600 seconds, Have 0 results.
num_cipher:	23
	Total vars:	79652
	Total clauses:	176209
	Test == masterkey, spend 14045510 clocks.
	Not solved within 3600 seconds, Have 0 results.
num_cipher:	24
	Total vars:	83092
	Total clauses:	183825
	Test == masterkey, spend 16061348 clocks.
解得主密钥:  1	01000110100101011100110000100011111000010011010100111110110011110011110111010001
	Have 1 results, spent 2100357510 clocks.
---------------------------------------------------------------------------------------------------
求得唯一解！
numAnalysesRounds:	10
startRound:	22
---------------------------------------------------------------------------------------------------
	Command being timed: "./bin/present80 1 10 18 50"
	User time (seconds): 23778.54
	System time (seconds): 13.92
	Percent of CPU this job got: 99%
	Elapsed (wall clock) time (h:mm:ss or m:ss): 6:36:36
	Average shared text size (kbytes): 0
	Average unshared data size (kbytes): 0
	Average stack size (kbytes): 0
	Average total size (kbytes): 0
	Maximum resident set size (kbytes): 151436
	Average resident set size (kbytes): 0
	Major (requiring I/O) page faults: 0
	Minor (reclaiming a frame) page faults: 218794
	Voluntary context switches: 1
	Involuntary context switches: 44388
	Swaps: 0
	File system inputs: 0
	File system outputs: 120
	Socket messages sent: 0
	Socket messages received: 0
	Signals delivered: 0
	Page size (bytes): 4096
	Exit status: 0
