sbox:	1100 0101 0110 1011 1001 0000 1010 1101 0011 1110 1111 1000 0100 0111 0001 0010 
y3 = 0  1  3  12  012  013  023  4  
y2 = 2  3  01  03  13  013  023  4  
y1 = 1  3  13  23  012  013  023  
y0 = 0  2  3  12  
e_sbox:	1101 0101 0110 1011 1001 0000 1010 1101 0011 1110 1111 1000 0100 0111 0001 0010 
y3' = 0  1  3  12  012  013  023  4  
y2' = 2  3  01  03  13  013  023  4  
y1' = 1  3  13  23  012  013  023  
y0' = 1  01  02  03  13  23  012  013  023  123  0123  4  
Max time :	3600
PRESENT_MODE:	80
SAT_MODE:	0
	SBOX_MODE:	101
	KSR_HAVEERROR:	0
	ENCYPT_HAVEERROR:	1
AnalysesRounds:	4
MinCiphers:	25
MaxCiphers:	50
Threads:	1
Master_key:	01000110100101011100110000100011111000010011010100111110110011110011110111010001
---------------------------------------------------------------------------------------------------
num_cipher:	25
	Total vars:	31332
	Total clauses:	66641
	Test == masterkey, spend 664195 clocks.
解得主密钥:  2	01000110100101011100110000100011111000010011010100111110110011110011110111010001
	Have 6 results, spent 89600368 clocks.
num_cipher:	26
	Total vars:	32564
	Total clauses:	69265
	Test == masterkey, spend 752521 clocks.
解得主密钥:  3	01000110100101011100110000100011111000010011010100111110110011110011110111010001
	Have 3 results, spent 76086381 clocks.
num_cipher:	27
	Total vars:	33796
	Total clauses:	71889
	Test == masterkey, spend 854289 clocks.
解得主密钥:  2	01000110100101011100110000100011111000010011010100111110110011110011110111010001
	Have 2 results, spent 47236876 clocks.
num_cipher:	28
	Total vars:	35028
	Total clauses:	74513
	Test == masterkey, spend 855105 clocks.
解得主密钥:  2	01000110100101011100110000100011111000010011010100111110110011110011110111010001
	Have 2 results, spent 45998484 clocks.
num_cipher:	29
	Total vars:	36260
	Total clauses:	77137
	Test == masterkey, spend 934409 clocks.
解得主密钥:  1	01000110100101011100110000100011111000010011010100111110110011110011110111010001
	Have 1 results, spent 42523266 clocks.
---------------------------------------------------------------------------------------------------
求得唯一解！
numAnalysesRounds:	4
startRound:	28
---------------------------------------------------------------------------------------------------
	Command being timed: "./bin/present80 1 4 25 50"
	User time (seconds): 305.73
	System time (seconds): 0.49
	Percent of CPU this job got: 99%
	Elapsed (wall clock) time (h:mm:ss or m:ss): 5:06.27
	Average shared text size (kbytes): 0
	Average unshared data size (kbytes): 0
	Average stack size (kbytes): 0
	Average total size (kbytes): 0
	Maximum resident set size (kbytes): 60988
	Average resident set size (kbytes): 0
	Major (requiring I/O) page faults: 0
	Minor (reclaiming a frame) page faults: 33295
	Voluntary context switches: 1
	Involuntary context switches: 611
	Swaps: 0
	File system inputs: 0
	File system outputs: 48
	Socket messages sent: 0
	Socket messages received: 0
	Signals delivered: 0
	Page size (bytes): 4096
	Exit status: 0
