sbox:	1100 0101 0110 1011 1001 0000 1010 1101 0011 1110 1111 1000 0100 0111 0001 0010 
y3 = 0  1  3  12  012  013  023  4  
y2 = 2  3  01  03  13  013  023  4  
y1 = 1  3  13  23  012  013  023  
y0 = 0  2  3  12  
e_sbox:	1101 0101 0110 1011 1001 0000 1010 1101 0011 1110 1111 1000 0100 0111 0001 0010 
y3' = 0  1  3  12  012  013  023  4  
y2' = 2  3  01  03  13  013  023  4  
y1' = 1  3  13  23  012  013  023  
y0' = 1  01  02  03  13  23  012  013  023  123  0123  4  
Max time :	3600
PRESENT_MODE:	80
SAT_MODE:	0
	SBOX_MODE:	101
	KSR_HAVEERROR:	0
	ENCYPT_HAVEERROR:	1
AnalysesRounds:	5
MinCiphers:	18
MaxCiphers:	50
Threads:	1
Master_key:	01000110100101011100110000100011111000010011010100111110110011110011110111010001
---------------------------------------------------------------------------------------------------
num_cipher:	18
	Total vars:	29332
	Total clauses:	63249
	Test == masterkey, spend 745527 clocks.
	Not solved within 3600 seconds, Have 60 results.
num_cipher:	19
	Total vars:	30932
	Total clauses:	66705
	Test == masterkey, spend 1068552 clocks.
	Not solved within 3600 seconds, Have 10 results.
num_cipher:	20
	Total vars:	32532
	Total clauses:	70161
	Test == masterkey, spend 1158712 clocks.
	Not solved within 3600 seconds, Have 4 results.
num_cipher:	21
	Total vars:	34132
	Total clauses:	73617
	Test == masterkey, spend 1489278 clocks.
	Not solved within 3600 seconds, Have 1 results.
num_cipher:	22
	Total vars:	35732
	Total clauses:	77073
	Test == masterkey, spend 1749085 clocks.
	Not solved within 3600 seconds, Have 3 results.
num_cipher:	23
	Total vars:	37332
	Total clauses:	80529
	Test == masterkey, spend 2116738 clocks.
解得主密钥:  1	01000110100101011100110000100011111000010011010100111110110011110011110111010001
	Not solved within 3600 seconds, Have 1 results.
num_cipher:	24
	Total vars:	38932
	Total clauses:	83985
	Test == masterkey, spend 1874744 clocks.
解得主密钥:  1	01000110100101011100110000100011111000010011010100111110110011110011110111010001
	Have 1 results, spent 1639316467 clocks.
---------------------------------------------------------------------------------------------------
求得唯一解！
numAnalysesRounds:	5
startRound:	27
---------------------------------------------------------------------------------------------------
	Command being timed: "./bin/present80 1 5 18 50"
	User time (seconds): 23220.40
	System time (seconds): 34.87
	Percent of CPU this job got: 99%
	Elapsed (wall clock) time (h:mm:ss or m:ss): 6:27:45
	Average shared text size (kbytes): 0
	Average unshared data size (kbytes): 0
	Average stack size (kbytes): 0
	Average total size (kbytes): 0
	Maximum resident set size (kbytes): 124256
	Average resident set size (kbytes): 0
	Major (requiring I/O) page faults: 0
	Minor (reclaiming a frame) page faults: 120682
	Voluntary context switches: 1
	Involuntary context switches: 57208
	Swaps: 0
	File system inputs: 0
	File system outputs: 80
	Socket messages sent: 0
	Socket messages received: 0
	Signals delivered: 0
	Page size (bytes): 4096
	Exit status: 0
