sbox:	1100 0101 0110 1011 1001 0000 1010 1101 0011 1110 1111 1000 0100 0111 0001 0010 
y3 = 0  1  3  12  012  013  023  4  
y2 = 2  3  01  03  13  013  023  4  
y1 = 1  3  13  23  012  013  023  
y0 = 0  2  3  12  
e_sbox:	1101 0101 0110 1011 1001 0000 1010 1101 0011 1110 1111 1000 0100 0111 0001 0010 
y3' = 0  1  3  12  012  013  023  4  
y2' = 2  3  01  03  13  013  023  4  
y1' = 1  3  13  23  012  013  023  
y0' = 1  01  02  03  13  23  012  013  023  123  0123  4  
Max time :	3600
PRESENT_MODE:	80
SAT_MODE:	0
	SBOX_MODE:	101
	KSR_HAVEERROR:	0
	ENCYPT_HAVEERROR:	1
AnalysesRounds:	8
MinCiphers:	18
MaxCiphers:	50
Threads:	1
Master_key:	01000110100101011100110000100011111000010011010100111110110011110011110111010001
---------------------------------------------------------------------------------------------------
num_cipher:	18
	Total vars:	49204
	Total clauses:	108177
	Test == masterkey, spend 3983530 clocks.
	Not solved within 3600 seconds, Have 0 results.
num_cipher:	19
	Total vars:	51908
	Total clauses:	114129
	Test == masterkey, spend 3655678 clocks.
	Not solved within 3600 seconds, Have 0 results.
num_cipher:	20
	Total vars:	54612
	Total clauses:	120081
	Test == masterkey, spend 4948713 clocks.
	Not solved within 3600 seconds, Have 0 results.
num_cipher:	21
	Total vars:	57316
	Total clauses:	126033
	Test == masterkey, spend 5341710 clocks.
	Not solved within 3600 seconds, Have 0 results.
num_cipher:	22
	Total vars:	60020
	Total clauses:	131985
	Test == masterkey, spend 5564827 clocks.
	Not solved within 3600 seconds, Have 0 results.
num_cipher:	23
	Total vars:	62724
	Total clauses:	137937
	Test == masterkey, spend 7251430 clocks.
解得主密钥:  1	01000110100101011100110000100011111000010011010100111110110011110011110111010001
	Have 1 results, spent 1689662412 clocks.
---------------------------------------------------------------------------------------------------
求得唯一解！
numAnalysesRounds:	8
startRound:	24
---------------------------------------------------------------------------------------------------
	Command being timed: "./bin/present80 1 8 18 50"
	User time (seconds): 19719.63
	System time (seconds): 15.55
	Percent of CPU this job got: 99%
	Elapsed (wall clock) time (h:mm:ss or m:ss): 5:28:57
	Average shared text size (kbytes): 0
	Average unshared data size (kbytes): 0
	Average stack size (kbytes): 0
	Average total size (kbytes): 0
	Maximum resident set size (kbytes): 156320
	Average resident set size (kbytes): 0
	Major (requiring I/O) page faults: 0
	Minor (reclaiming a frame) page faults: 163792
	Voluntary context switches: 2
	Involuntary context switches: 36039
	Swaps: 0
	File system inputs: 0
	File system outputs: 88
	Socket messages sent: 0
	Socket messages received: 0
	Signals delivered: 0
	Page size (bytes): 4096
	Exit status: 0
